[2025-09-10T08:23:54.303+0000] {local_task_job_runner.py:120} INFO - ::group::Pre task execution logs
[2025-09-10T08:23:54.379+0000] {taskinstance.py:2073} INFO - Dependencies all met for dep_context=non-requeueable deps ti=<TaskInstance: ml_pipeline_dag.run_ml_pipeline manual__2025-09-10T08:23:50.296572+00:00 [queued]>
[2025-09-10T08:23:54.389+0000] {taskinstance.py:2073} INFO - Dependencies all met for dep_context=requeueable deps ti=<TaskInstance: ml_pipeline_dag.run_ml_pipeline manual__2025-09-10T08:23:50.296572+00:00 [queued]>
[2025-09-10T08:23:54.390+0000] {taskinstance.py:2303} INFO - Starting attempt 1 of 1
[2025-09-10T08:23:54.403+0000] {taskinstance.py:2327} INFO - Executing <Task(PythonOperator): run_ml_pipeline> on 2025-09-10 08:23:50.296572+00:00
[2025-09-10T08:23:54.417+0000] {logging_mixin.py:188} WARNING - /home/airflow/.local/lib/python3.12/site-packages/airflow/task/task_runner/standard_task_runner.py:61 DeprecationWarning: This process (pid=90) is multi-threaded, use of fork() may lead to deadlocks in the child.
[2025-09-10T08:23:54.419+0000] {standard_task_runner.py:63} INFO - Started process 107 to run task
[2025-09-10T08:23:54.416+0000] {standard_task_runner.py:90} INFO - Running: ['airflow', 'tasks', 'run', 'ml_pipeline_dag', 'run_ml_pipeline', 'manual__2025-09-10T08:23:50.296572+00:00', '--job-id', '56', '--raw', '--subdir', 'DAGS_FOLDER/pipline.py', '--cfg-path', '/tmp/tmpocw5rspc']
[2025-09-10T08:23:54.419+0000] {standard_task_runner.py:91} INFO - Job 56: Subtask run_ml_pipeline
[2025-09-10T08:23:54.472+0000] {logging_mixin.py:188} WARNING - /home/airflow/.local/lib/python3.12/site-packages/airflow/settings.py:195 DeprecationWarning: The sql_alchemy_conn option in [core] has been moved to the sql_alchemy_conn option in [database] - the old setting has been used, but please update your config.
[2025-09-10T08:23:54.625+0000] {task_command.py:426} INFO - Running <TaskInstance: ml_pipeline_dag.run_ml_pipeline manual__2025-09-10T08:23:50.296572+00:00 [running]> on host 626ef77a872d
[2025-09-10T08:23:54.925+0000] {taskinstance.py:2644} INFO - Exporting env vars: AIRFLOW_CTX_DAG_OWNER='airflow' AIRFLOW_CTX_DAG_ID='ml_pipeline_dag' AIRFLOW_CTX_TASK_ID='run_ml_pipeline' AIRFLOW_CTX_EXECUTION_DATE='2025-09-10T08:23:50.296572+00:00' AIRFLOW_CTX_TRY_NUMBER='1' AIRFLOW_CTX_DAG_RUN_ID='manual__2025-09-10T08:23:50.296572+00:00'
[2025-09-10T08:23:54.926+0000] {taskinstance.py:430} INFO - ::endgroup::
[2025-09-10T08:23:54.940+0000] {pipline.py:12} INFO - Starting ML pipeline...
[2025-09-10T08:23:54.940+0000] {pipline.py:15} INFO - Connecting to database...
[2025-09-10T08:23:54.941+0000] {pipline.py:21} INFO - Loading data from database...
[2025-09-10T08:23:55.542+0000] {pipline.py:23} INFO - Loaded 20594 rows from database
[2025-09-10T08:23:55.543+0000] {pipline.py:26} INFO - Loading model and encoder...
[2025-09-10T08:23:56.589+0000] {pipline.py:29} INFO - Model loaded successfully
[2025-09-10T08:23:56.592+0000] {pipline.py:33} INFO - Encoder loaded successfully
[2025-09-10T08:23:56.592+0000] {pipline.py:36} INFO - Transforming data...
[2025-09-10T08:23:56.642+0000] {pipline.py:43} INFO - Making predictions...
[2025-09-10T08:23:56.767+0000] {pipline.py:48} INFO - Inverse transforming categorical columns...
[2025-09-10T08:23:56.780+0000] {pipline.py:55} INFO - Writing results back to database...
[2025-09-10T08:23:58.806+0000] {pipline.py:58} INFO - ✅ ML pipeline finished successfully
[2025-09-10T08:23:58.807+0000] {python.py:237} INFO - Done. Returned value was: True
[2025-09-10T08:23:58.808+0000] {taskinstance.py:441} INFO - ::group::Post task execution logs
[2025-09-10T08:23:58.926+0000] {taskinstance.py:1205} INFO - Marking task as SUCCESS. dag_id=ml_pipeline_dag, task_id=run_ml_pipeline, execution_date=20250910T082350, start_date=20250910T082354, end_date=20250910T082358
[2025-09-10T08:23:59.009+0000] {local_task_job_runner.py:240} INFO - Task exited with return code 0
[2025-09-10T08:23:59.066+0000] {taskinstance.py:3482} INFO - 0 downstream tasks scheduled from follow-on schedule check
[2025-09-10T08:23:59.068+0000] {local_task_job_runner.py:222} INFO - ::endgroup::
