[2025-08-22T11:19:07.194+0000] {processor.py:161} INFO - Started process (PID=56) to work on /opt/airflow/dags/pipline.py
[2025-08-22T11:19:07.196+0000] {processor.py:830} INFO - Processing file /opt/airflow/dags/pipline.py for tasks to queue
[2025-08-22T11:19:07.199+0000] {logging_mixin.py:188} INFO - [2025-08-22T11:19:07.198+0000] {dagbag.py:540} INFO - Filling up the DagBag from /opt/airflow/dags/pipline.py
[2025-08-22T11:19:08.349+0000] {processor.py:842} WARNING - No viable dags retrieved from /opt/airflow/dags/pipline.py
[2025-08-22T11:19:08.363+0000] {processor.py:183} INFO - Processing /opt/airflow/dags/pipline.py took 1.177 seconds
[2025-08-22T11:19:38.547+0000] {processor.py:161} INFO - Started process (PID=76) to work on /opt/airflow/dags/pipline.py
[2025-08-22T11:19:38.548+0000] {processor.py:830} INFO - Processing file /opt/airflow/dags/pipline.py for tasks to queue
[2025-08-22T11:19:38.550+0000] {logging_mixin.py:188} INFO - [2025-08-22T11:19:38.550+0000] {dagbag.py:540} INFO - Filling up the DagBag from /opt/airflow/dags/pipline.py
[2025-08-22T11:19:39.060+0000] {processor.py:842} WARNING - No viable dags retrieved from /opt/airflow/dags/pipline.py
[2025-08-22T11:19:39.075+0000] {processor.py:183} INFO - Processing /opt/airflow/dags/pipline.py took 0.535 seconds
[2025-08-22T11:20:09.267+0000] {processor.py:161} INFO - Started process (PID=84) to work on /opt/airflow/dags/pipline.py
[2025-08-22T11:20:09.269+0000] {processor.py:830} INFO - Processing file /opt/airflow/dags/pipline.py for tasks to queue
[2025-08-22T11:20:09.272+0000] {logging_mixin.py:188} INFO - [2025-08-22T11:20:09.271+0000] {dagbag.py:540} INFO - Filling up the DagBag from /opt/airflow/dags/pipline.py
[2025-08-22T11:20:09.812+0000] {processor.py:842} WARNING - No viable dags retrieved from /opt/airflow/dags/pipline.py
[2025-08-22T11:20:09.826+0000] {processor.py:183} INFO - Processing /opt/airflow/dags/pipline.py took 0.566 seconds
[2025-08-22T11:20:40.011+0000] {processor.py:161} INFO - Started process (PID=92) to work on /opt/airflow/dags/pipline.py
[2025-08-22T11:20:40.012+0000] {processor.py:830} INFO - Processing file /opt/airflow/dags/pipline.py for tasks to queue
[2025-08-22T11:20:40.015+0000] {logging_mixin.py:188} INFO - [2025-08-22T11:20:40.015+0000] {dagbag.py:540} INFO - Filling up the DagBag from /opt/airflow/dags/pipline.py
[2025-08-22T11:20:40.577+0000] {processor.py:842} WARNING - No viable dags retrieved from /opt/airflow/dags/pipline.py
[2025-08-22T11:20:40.590+0000] {processor.py:183} INFO - Processing /opt/airflow/dags/pipline.py took 0.587 seconds
[2025-08-22T11:21:10.789+0000] {processor.py:161} INFO - Started process (PID=100) to work on /opt/airflow/dags/pipline.py
[2025-08-22T11:21:10.790+0000] {processor.py:830} INFO - Processing file /opt/airflow/dags/pipline.py for tasks to queue
[2025-08-22T11:21:10.793+0000] {logging_mixin.py:188} INFO - [2025-08-22T11:21:10.793+0000] {dagbag.py:540} INFO - Filling up the DagBag from /opt/airflow/dags/pipline.py
[2025-08-22T11:21:11.334+0000] {processor.py:842} WARNING - No viable dags retrieved from /opt/airflow/dags/pipline.py
[2025-08-22T11:21:11.349+0000] {processor.py:183} INFO - Processing /opt/airflow/dags/pipline.py took 0.567 seconds
[2025-08-22T11:21:41.531+0000] {processor.py:161} INFO - Started process (PID=108) to work on /opt/airflow/dags/pipline.py
[2025-08-22T11:21:41.532+0000] {processor.py:830} INFO - Processing file /opt/airflow/dags/pipline.py for tasks to queue
[2025-08-22T11:21:41.534+0000] {logging_mixin.py:188} INFO - [2025-08-22T11:21:41.534+0000] {dagbag.py:540} INFO - Filling up the DagBag from /opt/airflow/dags/pipline.py
[2025-08-22T11:21:42.045+0000] {processor.py:842} WARNING - No viable dags retrieved from /opt/airflow/dags/pipline.py
[2025-08-22T11:21:42.060+0000] {processor.py:183} INFO - Processing /opt/airflow/dags/pipline.py took 0.537 seconds
[2025-08-22T11:22:12.262+0000] {processor.py:161} INFO - Started process (PID=116) to work on /opt/airflow/dags/pipline.py
[2025-08-22T11:22:12.263+0000] {processor.py:830} INFO - Processing file /opt/airflow/dags/pipline.py for tasks to queue
[2025-08-22T11:22:12.266+0000] {logging_mixin.py:188} INFO - [2025-08-22T11:22:12.266+0000] {dagbag.py:540} INFO - Filling up the DagBag from /opt/airflow/dags/pipline.py
[2025-08-22T11:22:12.840+0000] {processor.py:842} WARNING - No viable dags retrieved from /opt/airflow/dags/pipline.py
[2025-08-22T11:22:12.855+0000] {processor.py:183} INFO - Processing /opt/airflow/dags/pipline.py took 0.601 seconds
[2025-08-22T11:22:43.037+0000] {processor.py:161} INFO - Started process (PID=124) to work on /opt/airflow/dags/pipline.py
[2025-08-22T11:22:43.039+0000] {processor.py:830} INFO - Processing file /opt/airflow/dags/pipline.py for tasks to queue
[2025-08-22T11:22:43.041+0000] {logging_mixin.py:188} INFO - [2025-08-22T11:22:43.041+0000] {dagbag.py:540} INFO - Filling up the DagBag from /opt/airflow/dags/pipline.py
[2025-08-22T11:22:43.545+0000] {processor.py:842} WARNING - No viable dags retrieved from /opt/airflow/dags/pipline.py
[2025-08-22T11:22:43.559+0000] {processor.py:183} INFO - Processing /opt/airflow/dags/pipline.py took 0.530 seconds
[2025-08-22T11:23:13.746+0000] {processor.py:161} INFO - Started process (PID=132) to work on /opt/airflow/dags/pipline.py
[2025-08-22T11:23:13.747+0000] {processor.py:830} INFO - Processing file /opt/airflow/dags/pipline.py for tasks to queue
[2025-08-22T11:23:13.750+0000] {logging_mixin.py:188} INFO - [2025-08-22T11:23:13.749+0000] {dagbag.py:540} INFO - Filling up the DagBag from /opt/airflow/dags/pipline.py
[2025-08-22T11:23:14.246+0000] {processor.py:842} WARNING - No viable dags retrieved from /opt/airflow/dags/pipline.py
[2025-08-22T11:23:14.259+0000] {processor.py:183} INFO - Processing /opt/airflow/dags/pipline.py took 0.520 seconds
[2025-08-22T11:23:44.441+0000] {processor.py:161} INFO - Started process (PID=140) to work on /opt/airflow/dags/pipline.py
[2025-08-22T11:23:44.442+0000] {processor.py:830} INFO - Processing file /opt/airflow/dags/pipline.py for tasks to queue
[2025-08-22T11:23:44.444+0000] {logging_mixin.py:188} INFO - [2025-08-22T11:23:44.444+0000] {dagbag.py:540} INFO - Filling up the DagBag from /opt/airflow/dags/pipline.py
[2025-08-22T11:23:44.996+0000] {processor.py:842} WARNING - No viable dags retrieved from /opt/airflow/dags/pipline.py
[2025-08-22T11:23:45.014+0000] {processor.py:183} INFO - Processing /opt/airflow/dags/pipline.py took 0.581 seconds
[2025-08-22T11:24:15.245+0000] {processor.py:161} INFO - Started process (PID=148) to work on /opt/airflow/dags/pipline.py
[2025-08-22T11:24:15.247+0000] {processor.py:830} INFO - Processing file /opt/airflow/dags/pipline.py for tasks to queue
[2025-08-22T11:24:15.249+0000] {logging_mixin.py:188} INFO - [2025-08-22T11:24:15.249+0000] {dagbag.py:540} INFO - Filling up the DagBag from /opt/airflow/dags/pipline.py
[2025-08-22T11:24:15.762+0000] {processor.py:842} WARNING - No viable dags retrieved from /opt/airflow/dags/pipline.py
[2025-08-22T11:24:15.775+0000] {processor.py:183} INFO - Processing /opt/airflow/dags/pipline.py took 0.538 seconds
[2025-08-22T11:24:45.957+0000] {processor.py:161} INFO - Started process (PID=156) to work on /opt/airflow/dags/pipline.py
[2025-08-22T11:24:45.959+0000] {processor.py:830} INFO - Processing file /opt/airflow/dags/pipline.py for tasks to queue
[2025-08-22T11:24:45.963+0000] {logging_mixin.py:188} INFO - [2025-08-22T11:24:45.962+0000] {dagbag.py:540} INFO - Filling up the DagBag from /opt/airflow/dags/pipline.py
[2025-08-22T11:24:46.484+0000] {processor.py:842} WARNING - No viable dags retrieved from /opt/airflow/dags/pipline.py
[2025-08-22T11:24:46.498+0000] {processor.py:183} INFO - Processing /opt/airflow/dags/pipline.py took 0.548 seconds
[2025-08-22T11:25:16.697+0000] {processor.py:161} INFO - Started process (PID=164) to work on /opt/airflow/dags/pipline.py
[2025-08-22T11:25:16.700+0000] {processor.py:830} INFO - Processing file /opt/airflow/dags/pipline.py for tasks to queue
[2025-08-22T11:25:16.703+0000] {logging_mixin.py:188} INFO - [2025-08-22T11:25:16.703+0000] {dagbag.py:540} INFO - Filling up the DagBag from /opt/airflow/dags/pipline.py
[2025-08-22T11:25:17.263+0000] {processor.py:842} WARNING - No viable dags retrieved from /opt/airflow/dags/pipline.py
[2025-08-22T11:25:17.277+0000] {processor.py:183} INFO - Processing /opt/airflow/dags/pipline.py took 0.591 seconds
[2025-08-22T11:25:47.470+0000] {processor.py:161} INFO - Started process (PID=172) to work on /opt/airflow/dags/pipline.py
[2025-08-22T11:25:47.471+0000] {processor.py:830} INFO - Processing file /opt/airflow/dags/pipline.py for tasks to queue
[2025-08-22T11:25:47.474+0000] {logging_mixin.py:188} INFO - [2025-08-22T11:25:47.474+0000] {dagbag.py:540} INFO - Filling up the DagBag from /opt/airflow/dags/pipline.py
[2025-08-22T11:25:48.059+0000] {processor.py:842} WARNING - No viable dags retrieved from /opt/airflow/dags/pipline.py
[2025-08-22T11:25:48.073+0000] {processor.py:183} INFO - Processing /opt/airflow/dags/pipline.py took 0.611 seconds
[2025-08-22T11:26:18.278+0000] {processor.py:161} INFO - Started process (PID=180) to work on /opt/airflow/dags/pipline.py
[2025-08-22T11:26:18.280+0000] {processor.py:830} INFO - Processing file /opt/airflow/dags/pipline.py for tasks to queue
[2025-08-22T11:26:18.282+0000] {logging_mixin.py:188} INFO - [2025-08-22T11:26:18.282+0000] {dagbag.py:540} INFO - Filling up the DagBag from /opt/airflow/dags/pipline.py
[2025-08-22T11:26:18.775+0000] {processor.py:842} WARNING - No viable dags retrieved from /opt/airflow/dags/pipline.py
[2025-08-22T11:26:18.787+0000] {processor.py:183} INFO - Processing /opt/airflow/dags/pipline.py took 0.516 seconds
[2025-08-22T11:26:48.967+0000] {processor.py:161} INFO - Started process (PID=188) to work on /opt/airflow/dags/pipline.py
[2025-08-22T11:26:48.968+0000] {processor.py:830} INFO - Processing file /opt/airflow/dags/pipline.py for tasks to queue
[2025-08-22T11:26:48.971+0000] {logging_mixin.py:188} INFO - [2025-08-22T11:26:48.970+0000] {dagbag.py:540} INFO - Filling up the DagBag from /opt/airflow/dags/pipline.py
[2025-08-22T11:26:49.443+0000] {processor.py:842} WARNING - No viable dags retrieved from /opt/airflow/dags/pipline.py
[2025-08-22T11:26:49.459+0000] {processor.py:183} INFO - Processing /opt/airflow/dags/pipline.py took 0.499 seconds
[2025-08-22T11:27:19.650+0000] {processor.py:161} INFO - Started process (PID=202) to work on /opt/airflow/dags/pipline.py
[2025-08-22T11:27:19.651+0000] {processor.py:830} INFO - Processing file /opt/airflow/dags/pipline.py for tasks to queue
[2025-08-22T11:27:19.653+0000] {logging_mixin.py:188} INFO - [2025-08-22T11:27:19.653+0000] {dagbag.py:540} INFO - Filling up the DagBag from /opt/airflow/dags/pipline.py
[2025-08-22T11:27:20.133+0000] {processor.py:842} WARNING - No viable dags retrieved from /opt/airflow/dags/pipline.py
[2025-08-22T11:27:20.146+0000] {processor.py:183} INFO - Processing /opt/airflow/dags/pipline.py took 0.504 seconds
[2025-08-22T11:27:50.237+0000] {processor.py:161} INFO - Started process (PID=211) to work on /opt/airflow/dags/pipline.py
[2025-08-22T11:27:50.238+0000] {processor.py:830} INFO - Processing file /opt/airflow/dags/pipline.py for tasks to queue
[2025-08-22T11:27:50.241+0000] {logging_mixin.py:188} INFO - [2025-08-22T11:27:50.240+0000] {dagbag.py:540} INFO - Filling up the DagBag from /opt/airflow/dags/pipline.py
[2025-08-22T11:27:50.776+0000] {processor.py:842} WARNING - No viable dags retrieved from /opt/airflow/dags/pipline.py
[2025-08-22T11:27:50.791+0000] {processor.py:183} INFO - Processing /opt/airflow/dags/pipline.py took 0.562 seconds
[2025-08-22T11:28:20.998+0000] {processor.py:161} INFO - Started process (PID=219) to work on /opt/airflow/dags/pipline.py
[2025-08-22T11:28:20.999+0000] {processor.py:830} INFO - Processing file /opt/airflow/dags/pipline.py for tasks to queue
[2025-08-22T11:28:21.001+0000] {logging_mixin.py:188} INFO - [2025-08-22T11:28:21.001+0000] {dagbag.py:540} INFO - Filling up the DagBag from /opt/airflow/dags/pipline.py
[2025-08-22T11:28:21.555+0000] {processor.py:842} WARNING - No viable dags retrieved from /opt/airflow/dags/pipline.py
[2025-08-22T11:28:21.567+0000] {processor.py:183} INFO - Processing /opt/airflow/dags/pipline.py took 0.577 seconds
[2025-08-22T11:28:51.762+0000] {processor.py:161} INFO - Started process (PID=227) to work on /opt/airflow/dags/pipline.py
[2025-08-22T11:28:51.763+0000] {processor.py:830} INFO - Processing file /opt/airflow/dags/pipline.py for tasks to queue
[2025-08-22T11:28:51.766+0000] {logging_mixin.py:188} INFO - [2025-08-22T11:28:51.766+0000] {dagbag.py:540} INFO - Filling up the DagBag from /opt/airflow/dags/pipline.py
[2025-08-22T11:28:52.292+0000] {processor.py:842} WARNING - No viable dags retrieved from /opt/airflow/dags/pipline.py
[2025-08-22T11:28:52.306+0000] {processor.py:183} INFO - Processing /opt/airflow/dags/pipline.py took 0.552 seconds
[2025-08-22T11:29:22.562+0000] {processor.py:161} INFO - Started process (PID=236) to work on /opt/airflow/dags/pipline.py
[2025-08-22T11:29:22.565+0000] {processor.py:830} INFO - Processing file /opt/airflow/dags/pipline.py for tasks to queue
[2025-08-22T11:29:22.569+0000] {logging_mixin.py:188} INFO - [2025-08-22T11:29:22.568+0000] {dagbag.py:540} INFO - Filling up the DagBag from /opt/airflow/dags/pipline.py
[2025-08-22T11:29:23.160+0000] {processor.py:842} WARNING - No viable dags retrieved from /opt/airflow/dags/pipline.py
[2025-08-22T11:29:23.177+0000] {processor.py:183} INFO - Processing /opt/airflow/dags/pipline.py took 0.626 seconds
[2025-08-22T11:29:53.372+0000] {processor.py:161} INFO - Started process (PID=244) to work on /opt/airflow/dags/pipline.py
[2025-08-22T11:29:53.373+0000] {processor.py:830} INFO - Processing file /opt/airflow/dags/pipline.py for tasks to queue
[2025-08-22T11:29:53.375+0000] {logging_mixin.py:188} INFO - [2025-08-22T11:29:53.375+0000] {dagbag.py:540} INFO - Filling up the DagBag from /opt/airflow/dags/pipline.py
[2025-08-22T11:29:53.886+0000] {processor.py:842} WARNING - No viable dags retrieved from /opt/airflow/dags/pipline.py
[2025-08-22T11:29:53.902+0000] {processor.py:183} INFO - Processing /opt/airflow/dags/pipline.py took 0.538 seconds
[2025-08-22T11:30:24.099+0000] {processor.py:161} INFO - Started process (PID=252) to work on /opt/airflow/dags/pipline.py
[2025-08-22T11:30:24.101+0000] {processor.py:830} INFO - Processing file /opt/airflow/dags/pipline.py for tasks to queue
[2025-08-22T11:30:24.103+0000] {logging_mixin.py:188} INFO - [2025-08-22T11:30:24.103+0000] {dagbag.py:540} INFO - Filling up the DagBag from /opt/airflow/dags/pipline.py
[2025-08-22T11:30:24.603+0000] {processor.py:842} WARNING - No viable dags retrieved from /opt/airflow/dags/pipline.py
[2025-08-22T11:30:24.617+0000] {processor.py:183} INFO - Processing /opt/airflow/dags/pipline.py took 0.525 seconds
[2025-08-22T11:30:54.807+0000] {processor.py:161} INFO - Started process (PID=261) to work on /opt/airflow/dags/pipline.py
[2025-08-22T11:30:54.808+0000] {processor.py:830} INFO - Processing file /opt/airflow/dags/pipline.py for tasks to queue
[2025-08-22T11:30:54.811+0000] {logging_mixin.py:188} INFO - [2025-08-22T11:30:54.810+0000] {dagbag.py:540} INFO - Filling up the DagBag from /opt/airflow/dags/pipline.py
[2025-08-22T11:30:55.329+0000] {processor.py:842} WARNING - No viable dags retrieved from /opt/airflow/dags/pipline.py
[2025-08-22T11:30:55.346+0000] {processor.py:183} INFO - Processing /opt/airflow/dags/pipline.py took 0.547 seconds
[2025-08-22T11:31:25.548+0000] {processor.py:161} INFO - Started process (PID=269) to work on /opt/airflow/dags/pipline.py
[2025-08-22T11:31:25.549+0000] {processor.py:830} INFO - Processing file /opt/airflow/dags/pipline.py for tasks to queue
[2025-08-22T11:31:25.552+0000] {logging_mixin.py:188} INFO - [2025-08-22T11:31:25.552+0000] {dagbag.py:540} INFO - Filling up the DagBag from /opt/airflow/dags/pipline.py
[2025-08-22T11:31:26.100+0000] {processor.py:842} WARNING - No viable dags retrieved from /opt/airflow/dags/pipline.py
[2025-08-22T11:31:26.117+0000] {processor.py:183} INFO - Processing /opt/airflow/dags/pipline.py took 0.580 seconds
[2025-08-22T11:31:56.305+0000] {processor.py:161} INFO - Started process (PID=277) to work on /opt/airflow/dags/pipline.py
[2025-08-22T11:31:56.306+0000] {processor.py:830} INFO - Processing file /opt/airflow/dags/pipline.py for tasks to queue
[2025-08-22T11:31:56.309+0000] {logging_mixin.py:188} INFO - [2025-08-22T11:31:56.309+0000] {dagbag.py:540} INFO - Filling up the DagBag from /opt/airflow/dags/pipline.py
[2025-08-22T11:31:56.872+0000] {processor.py:842} WARNING - No viable dags retrieved from /opt/airflow/dags/pipline.py
[2025-08-22T11:31:56.888+0000] {processor.py:183} INFO - Processing /opt/airflow/dags/pipline.py took 0.592 seconds
[2025-08-22T11:32:27.100+0000] {processor.py:161} INFO - Started process (PID=285) to work on /opt/airflow/dags/pipline.py
[2025-08-22T11:32:27.101+0000] {processor.py:830} INFO - Processing file /opt/airflow/dags/pipline.py for tasks to queue
[2025-08-22T11:32:27.104+0000] {logging_mixin.py:188} INFO - [2025-08-22T11:32:27.104+0000] {dagbag.py:540} INFO - Filling up the DagBag from /opt/airflow/dags/pipline.py
[2025-08-22T11:32:27.709+0000] {processor.py:842} WARNING - No viable dags retrieved from /opt/airflow/dags/pipline.py
[2025-08-22T11:32:27.725+0000] {processor.py:183} INFO - Processing /opt/airflow/dags/pipline.py took 0.633 seconds
[2025-08-22T11:32:57.927+0000] {processor.py:161} INFO - Started process (PID=293) to work on /opt/airflow/dags/pipline.py
[2025-08-22T11:32:57.929+0000] {processor.py:830} INFO - Processing file /opt/airflow/dags/pipline.py for tasks to queue
[2025-08-22T11:32:57.931+0000] {logging_mixin.py:188} INFO - [2025-08-22T11:32:57.931+0000] {dagbag.py:540} INFO - Filling up the DagBag from /opt/airflow/dags/pipline.py
[2025-08-22T11:32:58.466+0000] {processor.py:842} WARNING - No viable dags retrieved from /opt/airflow/dags/pipline.py
[2025-08-22T11:32:58.481+0000] {processor.py:183} INFO - Processing /opt/airflow/dags/pipline.py took 0.563 seconds
[2025-08-22T11:33:28.710+0000] {processor.py:161} INFO - Started process (PID=301) to work on /opt/airflow/dags/pipline.py
[2025-08-22T11:33:28.712+0000] {processor.py:830} INFO - Processing file /opt/airflow/dags/pipline.py for tasks to queue
[2025-08-22T11:33:28.715+0000] {logging_mixin.py:188} INFO - [2025-08-22T11:33:28.715+0000] {dagbag.py:540} INFO - Filling up the DagBag from /opt/airflow/dags/pipline.py
[2025-08-22T11:33:29.320+0000] {processor.py:842} WARNING - No viable dags retrieved from /opt/airflow/dags/pipline.py
[2025-08-22T11:33:29.336+0000] {processor.py:183} INFO - Processing /opt/airflow/dags/pipline.py took 0.638 seconds
[2025-08-22T11:33:59.535+0000] {processor.py:161} INFO - Started process (PID=309) to work on /opt/airflow/dags/pipline.py
[2025-08-22T11:33:59.536+0000] {processor.py:830} INFO - Processing file /opt/airflow/dags/pipline.py for tasks to queue
[2025-08-22T11:33:59.539+0000] {logging_mixin.py:188} INFO - [2025-08-22T11:33:59.539+0000] {dagbag.py:540} INFO - Filling up the DagBag from /opt/airflow/dags/pipline.py
[2025-08-22T11:34:00.030+0000] {processor.py:842} WARNING - No viable dags retrieved from /opt/airflow/dags/pipline.py
[2025-08-22T11:34:00.042+0000] {processor.py:183} INFO - Processing /opt/airflow/dags/pipline.py took 0.515 seconds
[2025-08-22T11:34:30.238+0000] {processor.py:161} INFO - Started process (PID=317) to work on /opt/airflow/dags/pipline.py
[2025-08-22T11:34:30.239+0000] {processor.py:830} INFO - Processing file /opt/airflow/dags/pipline.py for tasks to queue
[2025-08-22T11:34:30.241+0000] {logging_mixin.py:188} INFO - [2025-08-22T11:34:30.241+0000] {dagbag.py:540} INFO - Filling up the DagBag from /opt/airflow/dags/pipline.py
[2025-08-22T11:34:30.761+0000] {processor.py:842} WARNING - No viable dags retrieved from /opt/airflow/dags/pipline.py
[2025-08-22T11:34:30.778+0000] {processor.py:183} INFO - Processing /opt/airflow/dags/pipline.py took 0.548 seconds
[2025-08-22T11:35:00.869+0000] {processor.py:161} INFO - Started process (PID=325) to work on /opt/airflow/dags/pipline.py
[2025-08-22T11:35:00.870+0000] {processor.py:830} INFO - Processing file /opt/airflow/dags/pipline.py for tasks to queue
[2025-08-22T11:35:00.874+0000] {logging_mixin.py:188} INFO - [2025-08-22T11:35:00.874+0000] {dagbag.py:540} INFO - Filling up the DagBag from /opt/airflow/dags/pipline.py
[2025-08-22T11:35:01.363+0000] {processor.py:842} WARNING - No viable dags retrieved from /opt/airflow/dags/pipline.py
[2025-08-22T11:35:01.378+0000] {processor.py:183} INFO - Processing /opt/airflow/dags/pipline.py took 0.517 seconds
[2025-08-22T11:35:31.587+0000] {processor.py:161} INFO - Started process (PID=333) to work on /opt/airflow/dags/pipline.py
[2025-08-22T11:35:31.589+0000] {processor.py:830} INFO - Processing file /opt/airflow/dags/pipline.py for tasks to queue
[2025-08-22T11:35:31.592+0000] {logging_mixin.py:188} INFO - [2025-08-22T11:35:31.592+0000] {dagbag.py:540} INFO - Filling up the DagBag from /opt/airflow/dags/pipline.py
[2025-08-22T11:35:32.132+0000] {processor.py:842} WARNING - No viable dags retrieved from /opt/airflow/dags/pipline.py
[2025-08-22T11:35:32.147+0000] {processor.py:183} INFO - Processing /opt/airflow/dags/pipline.py took 0.568 seconds
[2025-08-22T11:36:02.240+0000] {processor.py:161} INFO - Started process (PID=341) to work on /opt/airflow/dags/pipline.py
[2025-08-22T11:36:02.241+0000] {processor.py:830} INFO - Processing file /opt/airflow/dags/pipline.py for tasks to queue
[2025-08-22T11:36:02.244+0000] {logging_mixin.py:188} INFO - [2025-08-22T11:36:02.244+0000] {dagbag.py:540} INFO - Filling up the DagBag from /opt/airflow/dags/pipline.py
[2025-08-22T11:36:02.765+0000] {processor.py:842} WARNING - No viable dags retrieved from /opt/airflow/dags/pipline.py
[2025-08-22T11:36:02.779+0000] {processor.py:183} INFO - Processing /opt/airflow/dags/pipline.py took 0.547 seconds
[2025-08-22T11:36:32.970+0000] {processor.py:161} INFO - Started process (PID=349) to work on /opt/airflow/dags/pipline.py
[2025-08-22T11:36:32.971+0000] {processor.py:830} INFO - Processing file /opt/airflow/dags/pipline.py for tasks to queue
[2025-08-22T11:36:32.974+0000] {logging_mixin.py:188} INFO - [2025-08-22T11:36:32.973+0000] {dagbag.py:540} INFO - Filling up the DagBag from /opt/airflow/dags/pipline.py
[2025-08-22T11:36:33.517+0000] {processor.py:842} WARNING - No viable dags retrieved from /opt/airflow/dags/pipline.py
[2025-08-22T11:36:33.532+0000] {processor.py:183} INFO - Processing /opt/airflow/dags/pipline.py took 0.569 seconds
[2025-08-22T11:37:03.599+0000] {processor.py:161} INFO - Started process (PID=357) to work on /opt/airflow/dags/pipline.py
[2025-08-22T11:37:03.600+0000] {processor.py:830} INFO - Processing file /opt/airflow/dags/pipline.py for tasks to queue
[2025-08-22T11:37:03.603+0000] {logging_mixin.py:188} INFO - [2025-08-22T11:37:03.602+0000] {dagbag.py:540} INFO - Filling up the DagBag from /opt/airflow/dags/pipline.py
[2025-08-22T11:37:04.120+0000] {processor.py:842} WARNING - No viable dags retrieved from /opt/airflow/dags/pipline.py
[2025-08-22T11:37:04.134+0000] {processor.py:183} INFO - Processing /opt/airflow/dags/pipline.py took 0.544 seconds
[2025-08-22T11:37:34.325+0000] {processor.py:161} INFO - Started process (PID=365) to work on /opt/airflow/dags/pipline.py
[2025-08-22T11:37:34.326+0000] {processor.py:830} INFO - Processing file /opt/airflow/dags/pipline.py for tasks to queue
[2025-08-22T11:37:34.329+0000] {logging_mixin.py:188} INFO - [2025-08-22T11:37:34.329+0000] {dagbag.py:540} INFO - Filling up the DagBag from /opt/airflow/dags/pipline.py
[2025-08-22T11:37:34.881+0000] {processor.py:842} WARNING - No viable dags retrieved from /opt/airflow/dags/pipline.py
[2025-08-22T11:37:34.897+0000] {processor.py:183} INFO - Processing /opt/airflow/dags/pipline.py took 0.582 seconds
[2025-08-22T11:38:05.001+0000] {processor.py:161} INFO - Started process (PID=373) to work on /opt/airflow/dags/pipline.py
[2025-08-22T11:38:05.004+0000] {processor.py:830} INFO - Processing file /opt/airflow/dags/pipline.py for tasks to queue
[2025-08-22T11:38:05.008+0000] {logging_mixin.py:188} INFO - [2025-08-22T11:38:05.007+0000] {dagbag.py:540} INFO - Filling up the DagBag from /opt/airflow/dags/pipline.py
[2025-08-22T11:38:05.568+0000] {processor.py:842} WARNING - No viable dags retrieved from /opt/airflow/dags/pipline.py
[2025-08-22T11:38:05.581+0000] {processor.py:183} INFO - Processing /opt/airflow/dags/pipline.py took 0.592 seconds
[2025-08-22T11:38:35.783+0000] {processor.py:161} INFO - Started process (PID=381) to work on /opt/airflow/dags/pipline.py
[2025-08-22T11:38:35.785+0000] {processor.py:830} INFO - Processing file /opt/airflow/dags/pipline.py for tasks to queue
[2025-08-22T11:38:35.787+0000] {logging_mixin.py:188} INFO - [2025-08-22T11:38:35.787+0000] {dagbag.py:540} INFO - Filling up the DagBag from /opt/airflow/dags/pipline.py
[2025-08-22T11:38:36.314+0000] {processor.py:842} WARNING - No viable dags retrieved from /opt/airflow/dags/pipline.py
[2025-08-22T11:38:36.329+0000] {processor.py:183} INFO - Processing /opt/airflow/dags/pipline.py took 0.554 seconds
[2025-08-22T11:39:06.517+0000] {processor.py:161} INFO - Started process (PID=389) to work on /opt/airflow/dags/pipline.py
[2025-08-22T11:39:06.519+0000] {processor.py:830} INFO - Processing file /opt/airflow/dags/pipline.py for tasks to queue
[2025-08-22T11:39:06.523+0000] {logging_mixin.py:188} INFO - [2025-08-22T11:39:06.522+0000] {dagbag.py:540} INFO - Filling up the DagBag from /opt/airflow/dags/pipline.py
[2025-08-22T11:39:07.040+0000] {processor.py:842} WARNING - No viable dags retrieved from /opt/airflow/dags/pipline.py
[2025-08-22T11:39:07.054+0000] {processor.py:183} INFO - Processing /opt/airflow/dags/pipline.py took 0.545 seconds
[2025-08-22T11:39:37.310+0000] {processor.py:161} INFO - Started process (PID=397) to work on /opt/airflow/dags/pipline.py
[2025-08-22T11:39:37.311+0000] {processor.py:830} INFO - Processing file /opt/airflow/dags/pipline.py for tasks to queue
[2025-08-22T11:39:37.313+0000] {logging_mixin.py:188} INFO - [2025-08-22T11:39:37.313+0000] {dagbag.py:540} INFO - Filling up the DagBag from /opt/airflow/dags/pipline.py
[2025-08-22T11:39:37.811+0000] {processor.py:842} WARNING - No viable dags retrieved from /opt/airflow/dags/pipline.py
[2025-08-22T11:39:37.829+0000] {processor.py:183} INFO - Processing /opt/airflow/dags/pipline.py took 0.527 seconds
[2025-08-22T11:40:08.024+0000] {processor.py:161} INFO - Started process (PID=405) to work on /opt/airflow/dags/pipline.py
[2025-08-22T11:40:08.025+0000] {processor.py:830} INFO - Processing file /opt/airflow/dags/pipline.py for tasks to queue
[2025-08-22T11:40:08.028+0000] {logging_mixin.py:188} INFO - [2025-08-22T11:40:08.027+0000] {dagbag.py:540} INFO - Filling up the DagBag from /opt/airflow/dags/pipline.py
[2025-08-22T11:40:08.536+0000] {processor.py:842} WARNING - No viable dags retrieved from /opt/airflow/dags/pipline.py
[2025-08-22T11:40:08.551+0000] {processor.py:183} INFO - Processing /opt/airflow/dags/pipline.py took 0.535 seconds
[2025-08-22T11:40:38.768+0000] {processor.py:161} INFO - Started process (PID=413) to work on /opt/airflow/dags/pipline.py
[2025-08-22T11:40:38.769+0000] {processor.py:830} INFO - Processing file /opt/airflow/dags/pipline.py for tasks to queue
[2025-08-22T11:40:38.772+0000] {logging_mixin.py:188} INFO - [2025-08-22T11:40:38.772+0000] {dagbag.py:540} INFO - Filling up the DagBag from /opt/airflow/dags/pipline.py
[2025-08-22T11:40:39.422+0000] {processor.py:842} WARNING - No viable dags retrieved from /opt/airflow/dags/pipline.py
[2025-08-22T11:40:39.439+0000] {processor.py:183} INFO - Processing /opt/airflow/dags/pipline.py took 0.680 seconds
[2025-08-22T11:41:09.643+0000] {processor.py:161} INFO - Started process (PID=421) to work on /opt/airflow/dags/pipline.py
[2025-08-22T11:41:09.644+0000] {processor.py:830} INFO - Processing file /opt/airflow/dags/pipline.py for tasks to queue
[2025-08-22T11:41:09.646+0000] {logging_mixin.py:188} INFO - [2025-08-22T11:41:09.646+0000] {dagbag.py:540} INFO - Filling up the DagBag from /opt/airflow/dags/pipline.py
[2025-08-22T11:41:10.302+0000] {processor.py:842} WARNING - No viable dags retrieved from /opt/airflow/dags/pipline.py
[2025-08-22T11:41:10.320+0000] {processor.py:183} INFO - Processing /opt/airflow/dags/pipline.py took 0.686 seconds
[2025-08-22T11:41:40.443+0000] {processor.py:161} INFO - Started process (PID=429) to work on /opt/airflow/dags/pipline.py
[2025-08-22T11:41:40.444+0000] {processor.py:830} INFO - Processing file /opt/airflow/dags/pipline.py for tasks to queue
[2025-08-22T11:41:40.447+0000] {logging_mixin.py:188} INFO - [2025-08-22T11:41:40.446+0000] {dagbag.py:540} INFO - Filling up the DagBag from /opt/airflow/dags/pipline.py
[2025-08-22T11:41:40.945+0000] {processor.py:842} WARNING - No viable dags retrieved from /opt/airflow/dags/pipline.py
[2025-08-22T11:41:40.958+0000] {processor.py:183} INFO - Processing /opt/airflow/dags/pipline.py took 0.523 seconds
[2025-08-22T11:42:11.162+0000] {processor.py:161} INFO - Started process (PID=438) to work on /opt/airflow/dags/pipline.py
[2025-08-22T11:42:11.163+0000] {processor.py:830} INFO - Processing file /opt/airflow/dags/pipline.py for tasks to queue
[2025-08-22T11:42:11.166+0000] {logging_mixin.py:188} INFO - [2025-08-22T11:42:11.166+0000] {dagbag.py:540} INFO - Filling up the DagBag from /opt/airflow/dags/pipline.py
[2025-08-22T11:42:11.714+0000] {processor.py:842} WARNING - No viable dags retrieved from /opt/airflow/dags/pipline.py
[2025-08-22T11:42:11.728+0000] {processor.py:183} INFO - Processing /opt/airflow/dags/pipline.py took 0.575 seconds
