[2025-09-09T15:33:18.477+0000] {processor.py:161} INFO - Started process (PID=33) to work on /opt/airflow/dags/pipline.py
[2025-09-09T15:33:18.478+0000] {processor.py:830} INFO - Processing file /opt/airflow/dags/pipline.py for tasks to queue
[2025-09-09T15:33:18.481+0000] {logging_mixin.py:188} INFO - [2025-09-09T15:33:18.481+0000] {dagbag.py:540} INFO - Filling up the DagBag from /opt/airflow/dags/pipline.py
[2025-09-09T15:33:19.233+0000] {processor.py:840} INFO - DAG(s) 'ml_pipeline_dag' retrieved from /opt/airflow/dags/pipline.py
[2025-09-09T15:33:23.143+0000] {logging_mixin.py:188} INFO - [2025-09-09T15:33:23.142+0000] {dag.py:3096} INFO - Sync 1 DAGs
[2025-09-09T15:33:23.175+0000] {logging_mixin.py:188} INFO - [2025-09-09T15:33:23.174+0000] {dag.py:3954} INFO - Setting next_dagrun for ml_pipeline_dag to 2025-09-09 00:00:00+00:00, run_after=2025-09-10 00:00:00+00:00
[2025-09-09T15:33:23.243+0000] {processor.py:183} INFO - Processing /opt/airflow/dags/pipline.py took 4.774 seconds
[2025-09-09T15:33:53.520+0000] {processor.py:161} INFO - Started process (PID=35) to work on /opt/airflow/dags/pipline.py
[2025-09-09T15:33:53.522+0000] {processor.py:830} INFO - Processing file /opt/airflow/dags/pipline.py for tasks to queue
[2025-09-09T15:33:53.525+0000] {logging_mixin.py:188} INFO - [2025-09-09T15:33:53.524+0000] {dagbag.py:540} INFO - Filling up the DagBag from /opt/airflow/dags/pipline.py
[2025-09-09T15:33:53.890+0000] {processor.py:840} INFO - DAG(s) 'ml_pipeline_dag' retrieved from /opt/airflow/dags/pipline.py
[2025-09-09T15:33:53.964+0000] {logging_mixin.py:188} INFO - [2025-09-09T15:33:53.963+0000] {dag.py:3096} INFO - Sync 1 DAGs
[2025-09-09T15:33:54.004+0000] {logging_mixin.py:188} INFO - [2025-09-09T15:33:54.004+0000] {dag.py:3954} INFO - Setting next_dagrun for ml_pipeline_dag to 2025-09-09 00:00:00+00:00, run_after=2025-09-10 00:00:00+00:00
[2025-09-09T15:33:54.249+0000] {processor.py:183} INFO - Processing /opt/airflow/dags/pipline.py took 0.739 seconds
[2025-09-09T15:34:24.513+0000] {processor.py:161} INFO - Started process (PID=37) to work on /opt/airflow/dags/pipline.py
[2025-09-09T15:34:24.514+0000] {processor.py:830} INFO - Processing file /opt/airflow/dags/pipline.py for tasks to queue
[2025-09-09T15:34:24.517+0000] {logging_mixin.py:188} INFO - [2025-09-09T15:34:24.517+0000] {dagbag.py:540} INFO - Filling up the DagBag from /opt/airflow/dags/pipline.py
[2025-09-09T15:34:24.883+0000] {processor.py:840} INFO - DAG(s) 'ml_pipeline_dag' retrieved from /opt/airflow/dags/pipline.py
[2025-09-09T15:34:24.953+0000] {logging_mixin.py:188} INFO - [2025-09-09T15:34:24.953+0000] {dag.py:3096} INFO - Sync 1 DAGs
[2025-09-09T15:34:25.149+0000] {logging_mixin.py:188} INFO - [2025-09-09T15:34:25.149+0000] {dag.py:3954} INFO - Setting next_dagrun for ml_pipeline_dag to 2025-09-09 00:00:00+00:00, run_after=2025-09-10 00:00:00+00:00
[2025-09-09T15:34:25.177+0000] {processor.py:183} INFO - Processing /opt/airflow/dags/pipline.py took 0.674 seconds
[2025-09-09T15:34:55.443+0000] {processor.py:161} INFO - Started process (PID=72) to work on /opt/airflow/dags/pipline.py
[2025-09-09T15:34:55.444+0000] {processor.py:830} INFO - Processing file /opt/airflow/dags/pipline.py for tasks to queue
[2025-09-09T15:34:55.446+0000] {logging_mixin.py:188} INFO - [2025-09-09T15:34:55.446+0000] {dagbag.py:540} INFO - Filling up the DagBag from /opt/airflow/dags/pipline.py
[2025-09-09T15:34:55.775+0000] {processor.py:840} INFO - DAG(s) 'ml_pipeline_dag' retrieved from /opt/airflow/dags/pipline.py
[2025-09-09T15:34:56.051+0000] {logging_mixin.py:188} INFO - [2025-09-09T15:34:55.845+0000] {dag.py:3096} INFO - Sync 1 DAGs
[2025-09-09T15:34:56.079+0000] {logging_mixin.py:188} INFO - [2025-09-09T15:34:56.079+0000] {dag.py:3954} INFO - Setting next_dagrun for ml_pipeline_dag to 2025-09-09 00:00:00+00:00, run_after=2025-09-10 00:00:00+00:00
[2025-09-09T15:34:56.109+0000] {processor.py:183} INFO - Processing /opt/airflow/dags/pipline.py took 0.674 seconds
[2025-09-09T15:35:26.359+0000] {processor.py:161} INFO - Started process (PID=74) to work on /opt/airflow/dags/pipline.py
[2025-09-09T15:35:26.360+0000] {processor.py:830} INFO - Processing file /opt/airflow/dags/pipline.py for tasks to queue
[2025-09-09T15:35:26.362+0000] {logging_mixin.py:188} INFO - [2025-09-09T15:35:26.362+0000] {dagbag.py:540} INFO - Filling up the DagBag from /opt/airflow/dags/pipline.py
[2025-09-09T15:35:26.734+0000] {processor.py:840} INFO - DAG(s) 'ml_pipeline_dag' retrieved from /opt/airflow/dags/pipline.py
[2025-09-09T15:35:27.004+0000] {logging_mixin.py:188} INFO - [2025-09-09T15:35:27.004+0000] {dag.py:3096} INFO - Sync 1 DAGs
[2025-09-09T15:35:27.033+0000] {logging_mixin.py:188} INFO - [2025-09-09T15:35:27.032+0000] {dag.py:3954} INFO - Setting next_dagrun for ml_pipeline_dag to 2025-09-09 00:00:00+00:00, run_after=2025-09-10 00:00:00+00:00
[2025-09-09T15:35:27.064+0000] {processor.py:183} INFO - Processing /opt/airflow/dags/pipline.py took 0.713 seconds
