[2025-08-19T08:49:39.234+0000] {processor.py:161} INFO - Started process (PID=64) to work on /home/airflow/.local/lib/python3.12/site-packages/airflow/example_dags/example_branch_operator_decorator.py
[2025-08-19T08:49:39.236+0000] {processor.py:830} INFO - Processing file /home/airflow/.local/lib/python3.12/site-packages/airflow/example_dags/example_branch_operator_decorator.py for tasks to queue
[2025-08-19T08:49:39.238+0000] {logging_mixin.py:188} INFO - [2025-08-19T08:49:39.238+0000] {dagbag.py:540} INFO - Filling up the DagBag from /home/airflow/.local/lib/python3.12/site-packages/airflow/example_dags/example_branch_operator_decorator.py
[2025-08-19T08:49:39.275+0000] {processor.py:840} INFO - DAG(s) 'example_branch_python_operator_decorator' retrieved from /home/airflow/.local/lib/python3.12/site-packages/airflow/example_dags/example_branch_operator_decorator.py
[2025-08-19T08:49:39.293+0000] {logging_mixin.py:188} INFO - [2025-08-19T08:49:39.293+0000] {dag.py:3096} INFO - Sync 1 DAGs
[2025-08-19T08:49:39.327+0000] {logging_mixin.py:188} INFO - [2025-08-19T08:49:39.326+0000] {dag.py:3954} INFO - Setting next_dagrun for example_branch_python_operator_decorator to 2025-08-18 00:00:00+00:00, run_after=2025-08-19 00:00:00+00:00
[2025-08-19T08:49:39.352+0000] {processor.py:183} INFO - Processing /home/airflow/.local/lib/python3.12/site-packages/airflow/example_dags/example_branch_operator_decorator.py took 0.125 seconds
[2025-08-19T08:50:09.593+0000] {processor.py:161} INFO - Started process (PID=122) to work on /home/airflow/.local/lib/python3.12/site-packages/airflow/example_dags/example_branch_operator_decorator.py
[2025-08-19T08:50:09.594+0000] {processor.py:830} INFO - Processing file /home/airflow/.local/lib/python3.12/site-packages/airflow/example_dags/example_branch_operator_decorator.py for tasks to queue
[2025-08-19T08:50:09.597+0000] {logging_mixin.py:188} INFO - [2025-08-19T08:50:09.596+0000] {dagbag.py:540} INFO - Filling up the DagBag from /home/airflow/.local/lib/python3.12/site-packages/airflow/example_dags/example_branch_operator_decorator.py
[2025-08-19T08:50:09.621+0000] {processor.py:840} INFO - DAG(s) 'example_branch_python_operator_decorator' retrieved from /home/airflow/.local/lib/python3.12/site-packages/airflow/example_dags/example_branch_operator_decorator.py
[2025-08-19T08:50:09.752+0000] {logging_mixin.py:188} INFO - [2025-08-19T08:50:09.752+0000] {dag.py:3096} INFO - Sync 1 DAGs
[2025-08-19T08:50:09.773+0000] {logging_mixin.py:188} INFO - [2025-08-19T08:50:09.773+0000] {dag.py:3954} INFO - Setting next_dagrun for example_branch_python_operator_decorator to 2025-08-18 00:00:00+00:00, run_after=2025-08-19 00:00:00+00:00
[2025-08-19T08:50:09.794+0000] {processor.py:183} INFO - Processing /home/airflow/.local/lib/python3.12/site-packages/airflow/example_dags/example_branch_operator_decorator.py took 0.209 seconds
[2025-08-19T08:50:39.910+0000] {processor.py:161} INFO - Started process (PID=180) to work on /home/airflow/.local/lib/python3.12/site-packages/airflow/example_dags/example_branch_operator_decorator.py
[2025-08-19T08:50:39.911+0000] {processor.py:830} INFO - Processing file /home/airflow/.local/lib/python3.12/site-packages/airflow/example_dags/example_branch_operator_decorator.py for tasks to queue
[2025-08-19T08:50:39.914+0000] {logging_mixin.py:188} INFO - [2025-08-19T08:50:39.913+0000] {dagbag.py:540} INFO - Filling up the DagBag from /home/airflow/.local/lib/python3.12/site-packages/airflow/example_dags/example_branch_operator_decorator.py
[2025-08-19T08:50:39.938+0000] {processor.py:840} INFO - DAG(s) 'example_branch_python_operator_decorator' retrieved from /home/airflow/.local/lib/python3.12/site-packages/airflow/example_dags/example_branch_operator_decorator.py
[2025-08-19T08:50:39.973+0000] {logging_mixin.py:188} INFO - [2025-08-19T08:50:39.973+0000] {dag.py:3096} INFO - Sync 1 DAGs
[2025-08-19T08:50:39.998+0000] {logging_mixin.py:188} INFO - [2025-08-19T08:50:39.998+0000] {dag.py:3954} INFO - Setting next_dagrun for example_branch_python_operator_decorator to 2025-08-18 00:00:00+00:00, run_after=2025-08-19 00:00:00+00:00
[2025-08-19T08:50:40.020+0000] {processor.py:183} INFO - Processing /home/airflow/.local/lib/python3.12/site-packages/airflow/example_dags/example_branch_operator_decorator.py took 0.117 seconds
[2025-08-19T08:51:10.121+0000] {processor.py:161} INFO - Started process (PID=238) to work on /home/airflow/.local/lib/python3.12/site-packages/airflow/example_dags/example_branch_operator_decorator.py
[2025-08-19T08:51:10.122+0000] {processor.py:830} INFO - Processing file /home/airflow/.local/lib/python3.12/site-packages/airflow/example_dags/example_branch_operator_decorator.py for tasks to queue
[2025-08-19T08:51:10.124+0000] {logging_mixin.py:188} INFO - [2025-08-19T08:51:10.124+0000] {dagbag.py:540} INFO - Filling up the DagBag from /home/airflow/.local/lib/python3.12/site-packages/airflow/example_dags/example_branch_operator_decorator.py
[2025-08-19T08:51:10.148+0000] {processor.py:840} INFO - DAG(s) 'example_branch_python_operator_decorator' retrieved from /home/airflow/.local/lib/python3.12/site-packages/airflow/example_dags/example_branch_operator_decorator.py
[2025-08-19T08:51:10.181+0000] {logging_mixin.py:188} INFO - [2025-08-19T08:51:10.181+0000] {dag.py:3096} INFO - Sync 1 DAGs
[2025-08-19T08:51:10.206+0000] {logging_mixin.py:188} INFO - [2025-08-19T08:51:10.206+0000] {dag.py:3954} INFO - Setting next_dagrun for example_branch_python_operator_decorator to 2025-08-18 00:00:00+00:00, run_after=2025-08-19 00:00:00+00:00
[2025-08-19T08:51:10.229+0000] {processor.py:183} INFO - Processing /home/airflow/.local/lib/python3.12/site-packages/airflow/example_dags/example_branch_operator_decorator.py took 0.115 seconds
[2025-08-19T08:51:40.761+0000] {processor.py:161} INFO - Started process (PID=297) to work on /home/airflow/.local/lib/python3.12/site-packages/airflow/example_dags/example_branch_operator_decorator.py
[2025-08-19T08:51:40.762+0000] {processor.py:830} INFO - Processing file /home/airflow/.local/lib/python3.12/site-packages/airflow/example_dags/example_branch_operator_decorator.py for tasks to queue
[2025-08-19T08:51:40.764+0000] {logging_mixin.py:188} INFO - [2025-08-19T08:51:40.764+0000] {dagbag.py:540} INFO - Filling up the DagBag from /home/airflow/.local/lib/python3.12/site-packages/airflow/example_dags/example_branch_operator_decorator.py
[2025-08-19T08:51:40.788+0000] {processor.py:840} INFO - DAG(s) 'example_branch_python_operator_decorator' retrieved from /home/airflow/.local/lib/python3.12/site-packages/airflow/example_dags/example_branch_operator_decorator.py
[2025-08-19T08:51:40.821+0000] {logging_mixin.py:188} INFO - [2025-08-19T08:51:40.821+0000] {dag.py:3096} INFO - Sync 1 DAGs
[2025-08-19T08:51:40.845+0000] {logging_mixin.py:188} INFO - [2025-08-19T08:51:40.845+0000] {dag.py:3954} INFO - Setting next_dagrun for example_branch_python_operator_decorator to 2025-08-18 00:00:00+00:00, run_after=2025-08-19 00:00:00+00:00
[2025-08-19T08:51:40.862+0000] {processor.py:183} INFO - Processing /home/airflow/.local/lib/python3.12/site-packages/airflow/example_dags/example_branch_operator_decorator.py took 0.109 seconds
[2025-08-19T08:52:11.064+0000] {processor.py:161} INFO - Started process (PID=355) to work on /home/airflow/.local/lib/python3.12/site-packages/airflow/example_dags/example_branch_operator_decorator.py
[2025-08-19T08:52:11.065+0000] {processor.py:830} INFO - Processing file /home/airflow/.local/lib/python3.12/site-packages/airflow/example_dags/example_branch_operator_decorator.py for tasks to queue
[2025-08-19T08:52:11.067+0000] {logging_mixin.py:188} INFO - [2025-08-19T08:52:11.067+0000] {dagbag.py:540} INFO - Filling up the DagBag from /home/airflow/.local/lib/python3.12/site-packages/airflow/example_dags/example_branch_operator_decorator.py
[2025-08-19T08:52:11.092+0000] {processor.py:840} INFO - DAG(s) 'example_branch_python_operator_decorator' retrieved from /home/airflow/.local/lib/python3.12/site-packages/airflow/example_dags/example_branch_operator_decorator.py
[2025-08-19T08:52:11.127+0000] {logging_mixin.py:188} INFO - [2025-08-19T08:52:11.127+0000] {dag.py:3096} INFO - Sync 1 DAGs
[2025-08-19T08:52:11.151+0000] {logging_mixin.py:188} INFO - [2025-08-19T08:52:11.150+0000] {dag.py:3954} INFO - Setting next_dagrun for example_branch_python_operator_decorator to 2025-08-18 00:00:00+00:00, run_after=2025-08-19 00:00:00+00:00
[2025-08-19T08:52:11.170+0000] {processor.py:183} INFO - Processing /home/airflow/.local/lib/python3.12/site-packages/airflow/example_dags/example_branch_operator_decorator.py took 0.114 seconds
[2025-08-19T08:52:41.390+0000] {processor.py:161} INFO - Started process (PID=413) to work on /home/airflow/.local/lib/python3.12/site-packages/airflow/example_dags/example_branch_operator_decorator.py
[2025-08-19T08:52:41.392+0000] {processor.py:830} INFO - Processing file /home/airflow/.local/lib/python3.12/site-packages/airflow/example_dags/example_branch_operator_decorator.py for tasks to queue
[2025-08-19T08:52:41.394+0000] {logging_mixin.py:188} INFO - [2025-08-19T08:52:41.394+0000] {dagbag.py:540} INFO - Filling up the DagBag from /home/airflow/.local/lib/python3.12/site-packages/airflow/example_dags/example_branch_operator_decorator.py
[2025-08-19T08:52:41.418+0000] {processor.py:840} INFO - DAG(s) 'example_branch_python_operator_decorator' retrieved from /home/airflow/.local/lib/python3.12/site-packages/airflow/example_dags/example_branch_operator_decorator.py
[2025-08-19T08:52:41.454+0000] {logging_mixin.py:188} INFO - [2025-08-19T08:52:41.453+0000] {dag.py:3096} INFO - Sync 1 DAGs
[2025-08-19T08:52:41.480+0000] {logging_mixin.py:188} INFO - [2025-08-19T08:52:41.480+0000] {dag.py:3954} INFO - Setting next_dagrun for example_branch_python_operator_decorator to 2025-08-18 00:00:00+00:00, run_after=2025-08-19 00:00:00+00:00
[2025-08-19T08:52:41.503+0000] {processor.py:183} INFO - Processing /home/airflow/.local/lib/python3.12/site-packages/airflow/example_dags/example_branch_operator_decorator.py took 0.120 seconds
[2025-08-19T08:53:11.607+0000] {processor.py:161} INFO - Started process (PID=472) to work on /home/airflow/.local/lib/python3.12/site-packages/airflow/example_dags/example_branch_operator_decorator.py
[2025-08-19T08:53:11.608+0000] {processor.py:830} INFO - Processing file /home/airflow/.local/lib/python3.12/site-packages/airflow/example_dags/example_branch_operator_decorator.py for tasks to queue
[2025-08-19T08:53:11.611+0000] {logging_mixin.py:188} INFO - [2025-08-19T08:53:11.611+0000] {dagbag.py:540} INFO - Filling up the DagBag from /home/airflow/.local/lib/python3.12/site-packages/airflow/example_dags/example_branch_operator_decorator.py
[2025-08-19T08:53:11.637+0000] {processor.py:840} INFO - DAG(s) 'example_branch_python_operator_decorator' retrieved from /home/airflow/.local/lib/python3.12/site-packages/airflow/example_dags/example_branch_operator_decorator.py
[2025-08-19T08:53:11.671+0000] {logging_mixin.py:188} INFO - [2025-08-19T08:53:11.671+0000] {dag.py:3096} INFO - Sync 1 DAGs
[2025-08-19T08:53:11.695+0000] {logging_mixin.py:188} INFO - [2025-08-19T08:53:11.695+0000] {dag.py:3954} INFO - Setting next_dagrun for example_branch_python_operator_decorator to 2025-08-18 00:00:00+00:00, run_after=2025-08-19 00:00:00+00:00
[2025-08-19T08:53:11.713+0000] {processor.py:183} INFO - Processing /home/airflow/.local/lib/python3.12/site-packages/airflow/example_dags/example_branch_operator_decorator.py took 0.114 seconds
[2025-08-19T08:53:41.826+0000] {processor.py:161} INFO - Started process (PID=531) to work on /home/airflow/.local/lib/python3.12/site-packages/airflow/example_dags/example_branch_operator_decorator.py
[2025-08-19T08:53:41.827+0000] {processor.py:830} INFO - Processing file /home/airflow/.local/lib/python3.12/site-packages/airflow/example_dags/example_branch_operator_decorator.py for tasks to queue
[2025-08-19T08:53:41.829+0000] {logging_mixin.py:188} INFO - [2025-08-19T08:53:41.829+0000] {dagbag.py:540} INFO - Filling up the DagBag from /home/airflow/.local/lib/python3.12/site-packages/airflow/example_dags/example_branch_operator_decorator.py
[2025-08-19T08:53:41.853+0000] {processor.py:840} INFO - DAG(s) 'example_branch_python_operator_decorator' retrieved from /home/airflow/.local/lib/python3.12/site-packages/airflow/example_dags/example_branch_operator_decorator.py
[2025-08-19T08:53:41.887+0000] {logging_mixin.py:188} INFO - [2025-08-19T08:53:41.886+0000] {dag.py:3096} INFO - Sync 1 DAGs
[2025-08-19T08:53:41.911+0000] {logging_mixin.py:188} INFO - [2025-08-19T08:53:41.910+0000] {dag.py:3954} INFO - Setting next_dagrun for example_branch_python_operator_decorator to 2025-08-18 00:00:00+00:00, run_after=2025-08-19 00:00:00+00:00
[2025-08-19T08:53:41.929+0000] {processor.py:183} INFO - Processing /home/airflow/.local/lib/python3.12/site-packages/airflow/example_dags/example_branch_operator_decorator.py took 0.111 seconds
[2025-08-19T08:54:12.140+0000] {processor.py:161} INFO - Started process (PID=589) to work on /home/airflow/.local/lib/python3.12/site-packages/airflow/example_dags/example_branch_operator_decorator.py
[2025-08-19T08:54:12.141+0000] {processor.py:830} INFO - Processing file /home/airflow/.local/lib/python3.12/site-packages/airflow/example_dags/example_branch_operator_decorator.py for tasks to queue
[2025-08-19T08:54:12.144+0000] {logging_mixin.py:188} INFO - [2025-08-19T08:54:12.143+0000] {dagbag.py:540} INFO - Filling up the DagBag from /home/airflow/.local/lib/python3.12/site-packages/airflow/example_dags/example_branch_operator_decorator.py
[2025-08-19T08:54:12.167+0000] {processor.py:840} INFO - DAG(s) 'example_branch_python_operator_decorator' retrieved from /home/airflow/.local/lib/python3.12/site-packages/airflow/example_dags/example_branch_operator_decorator.py
[2025-08-19T08:54:12.201+0000] {logging_mixin.py:188} INFO - [2025-08-19T08:54:12.201+0000] {dag.py:3096} INFO - Sync 1 DAGs
[2025-08-19T08:54:12.226+0000] {logging_mixin.py:188} INFO - [2025-08-19T08:54:12.225+0000] {dag.py:3954} INFO - Setting next_dagrun for example_branch_python_operator_decorator to 2025-08-18 00:00:00+00:00, run_after=2025-08-19 00:00:00+00:00
[2025-08-19T08:54:12.243+0000] {processor.py:183} INFO - Processing /home/airflow/.local/lib/python3.12/site-packages/airflow/example_dags/example_branch_operator_decorator.py took 0.111 seconds
[2025-08-19T08:54:42.636+0000] {processor.py:161} INFO - Started process (PID=647) to work on /home/airflow/.local/lib/python3.12/site-packages/airflow/example_dags/example_branch_operator_decorator.py
[2025-08-19T08:54:42.637+0000] {processor.py:830} INFO - Processing file /home/airflow/.local/lib/python3.12/site-packages/airflow/example_dags/example_branch_operator_decorator.py for tasks to queue
[2025-08-19T08:54:42.640+0000] {logging_mixin.py:188} INFO - [2025-08-19T08:54:42.639+0000] {dagbag.py:540} INFO - Filling up the DagBag from /home/airflow/.local/lib/python3.12/site-packages/airflow/example_dags/example_branch_operator_decorator.py
[2025-08-19T08:54:42.663+0000] {processor.py:840} INFO - DAG(s) 'example_branch_python_operator_decorator' retrieved from /home/airflow/.local/lib/python3.12/site-packages/airflow/example_dags/example_branch_operator_decorator.py
[2025-08-19T08:54:42.697+0000] {logging_mixin.py:188} INFO - [2025-08-19T08:54:42.697+0000] {dag.py:3096} INFO - Sync 1 DAGs
[2025-08-19T08:54:42.721+0000] {logging_mixin.py:188} INFO - [2025-08-19T08:54:42.721+0000] {dag.py:3954} INFO - Setting next_dagrun for example_branch_python_operator_decorator to 2025-08-18 00:00:00+00:00, run_after=2025-08-19 00:00:00+00:00
[2025-08-19T08:54:42.878+0000] {processor.py:183} INFO - Processing /home/airflow/.local/lib/python3.12/site-packages/airflow/example_dags/example_branch_operator_decorator.py took 0.250 seconds
[2025-08-19T08:55:12.984+0000] {processor.py:161} INFO - Started process (PID=705) to work on /home/airflow/.local/lib/python3.12/site-packages/airflow/example_dags/example_branch_operator_decorator.py
[2025-08-19T08:55:12.985+0000] {processor.py:830} INFO - Processing file /home/airflow/.local/lib/python3.12/site-packages/airflow/example_dags/example_branch_operator_decorator.py for tasks to queue
[2025-08-19T08:55:12.987+0000] {logging_mixin.py:188} INFO - [2025-08-19T08:55:12.987+0000] {dagbag.py:540} INFO - Filling up the DagBag from /home/airflow/.local/lib/python3.12/site-packages/airflow/example_dags/example_branch_operator_decorator.py
[2025-08-19T08:55:13.012+0000] {processor.py:840} INFO - DAG(s) 'example_branch_python_operator_decorator' retrieved from /home/airflow/.local/lib/python3.12/site-packages/airflow/example_dags/example_branch_operator_decorator.py
[2025-08-19T08:55:13.046+0000] {logging_mixin.py:188} INFO - [2025-08-19T08:55:13.046+0000] {dag.py:3096} INFO - Sync 1 DAGs
[2025-08-19T08:55:13.072+0000] {logging_mixin.py:188} INFO - [2025-08-19T08:55:13.072+0000] {dag.py:3954} INFO - Setting next_dagrun for example_branch_python_operator_decorator to 2025-08-18 00:00:00+00:00, run_after=2025-08-19 00:00:00+00:00
[2025-08-19T08:55:13.229+0000] {processor.py:183} INFO - Processing /home/airflow/.local/lib/python3.12/site-packages/airflow/example_dags/example_branch_operator_decorator.py took 0.253 seconds
[2025-08-19T08:55:44.229+0000] {processor.py:161} INFO - Started process (PID=763) to work on /home/airflow/.local/lib/python3.12/site-packages/airflow/example_dags/example_branch_operator_decorator.py
[2025-08-19T08:55:44.231+0000] {processor.py:830} INFO - Processing file /home/airflow/.local/lib/python3.12/site-packages/airflow/example_dags/example_branch_operator_decorator.py for tasks to queue
[2025-08-19T08:55:44.233+0000] {logging_mixin.py:188} INFO - [2025-08-19T08:55:44.233+0000] {dagbag.py:540} INFO - Filling up the DagBag from /home/airflow/.local/lib/python3.12/site-packages/airflow/example_dags/example_branch_operator_decorator.py
[2025-08-19T08:55:44.257+0000] {processor.py:840} INFO - DAG(s) 'example_branch_python_operator_decorator' retrieved from /home/airflow/.local/lib/python3.12/site-packages/airflow/example_dags/example_branch_operator_decorator.py
[2025-08-19T08:55:44.291+0000] {logging_mixin.py:188} INFO - [2025-08-19T08:55:44.291+0000] {dag.py:3096} INFO - Sync 1 DAGs
[2025-08-19T08:55:44.316+0000] {logging_mixin.py:188} INFO - [2025-08-19T08:55:44.316+0000] {dag.py:3954} INFO - Setting next_dagrun for example_branch_python_operator_decorator to 2025-08-18 00:00:00+00:00, run_after=2025-08-19 00:00:00+00:00
[2025-08-19T08:55:44.510+0000] {processor.py:183} INFO - Processing /home/airflow/.local/lib/python3.12/site-packages/airflow/example_dags/example_branch_operator_decorator.py took 0.288 seconds
[2025-08-19T08:56:14.677+0000] {processor.py:161} INFO - Started process (PID=823) to work on /home/airflow/.local/lib/python3.12/site-packages/airflow/example_dags/example_branch_operator_decorator.py
[2025-08-19T08:56:14.678+0000] {processor.py:830} INFO - Processing file /home/airflow/.local/lib/python3.12/site-packages/airflow/example_dags/example_branch_operator_decorator.py for tasks to queue
[2025-08-19T08:56:14.681+0000] {logging_mixin.py:188} INFO - [2025-08-19T08:56:14.680+0000] {dagbag.py:540} INFO - Filling up the DagBag from /home/airflow/.local/lib/python3.12/site-packages/airflow/example_dags/example_branch_operator_decorator.py
[2025-08-19T08:56:14.704+0000] {processor.py:840} INFO - DAG(s) 'example_branch_python_operator_decorator' retrieved from /home/airflow/.local/lib/python3.12/site-packages/airflow/example_dags/example_branch_operator_decorator.py
[2025-08-19T08:56:14.738+0000] {logging_mixin.py:188} INFO - [2025-08-19T08:56:14.738+0000] {dag.py:3096} INFO - Sync 1 DAGs
[2025-08-19T08:56:14.770+0000] {logging_mixin.py:188} INFO - [2025-08-19T08:56:14.770+0000] {dag.py:3954} INFO - Setting next_dagrun for example_branch_python_operator_decorator to 2025-08-18 00:00:00+00:00, run_after=2025-08-19 00:00:00+00:00
[2025-08-19T08:56:14.939+0000] {processor.py:183} INFO - Processing /home/airflow/.local/lib/python3.12/site-packages/airflow/example_dags/example_branch_operator_decorator.py took 0.270 seconds
[2025-08-19T08:56:45.057+0000] {processor.py:161} INFO - Started process (PID=888) to work on /home/airflow/.local/lib/python3.12/site-packages/airflow/example_dags/example_branch_operator_decorator.py
[2025-08-19T08:56:45.059+0000] {processor.py:830} INFO - Processing file /home/airflow/.local/lib/python3.12/site-packages/airflow/example_dags/example_branch_operator_decorator.py for tasks to queue
[2025-08-19T08:56:45.061+0000] {logging_mixin.py:188} INFO - [2025-08-19T08:56:45.061+0000] {dagbag.py:540} INFO - Filling up the DagBag from /home/airflow/.local/lib/python3.12/site-packages/airflow/example_dags/example_branch_operator_decorator.py
[2025-08-19T08:56:45.086+0000] {processor.py:840} INFO - DAG(s) 'example_branch_python_operator_decorator' retrieved from /home/airflow/.local/lib/python3.12/site-packages/airflow/example_dags/example_branch_operator_decorator.py
[2025-08-19T08:56:45.121+0000] {logging_mixin.py:188} INFO - [2025-08-19T08:56:45.121+0000] {dag.py:3096} INFO - Sync 1 DAGs
[2025-08-19T08:56:45.147+0000] {logging_mixin.py:188} INFO - [2025-08-19T08:56:45.147+0000] {dag.py:3954} INFO - Setting next_dagrun for example_branch_python_operator_decorator to 2025-08-18 00:00:00+00:00, run_after=2025-08-19 00:00:00+00:00
[2025-08-19T08:56:45.308+0000] {processor.py:183} INFO - Processing /home/airflow/.local/lib/python3.12/site-packages/airflow/example_dags/example_branch_operator_decorator.py took 0.259 seconds
[2025-08-19T08:57:15.378+0000] {processor.py:161} INFO - Started process (PID=947) to work on /home/airflow/.local/lib/python3.12/site-packages/airflow/example_dags/example_branch_operator_decorator.py
[2025-08-19T08:57:15.380+0000] {processor.py:830} INFO - Processing file /home/airflow/.local/lib/python3.12/site-packages/airflow/example_dags/example_branch_operator_decorator.py for tasks to queue
[2025-08-19T08:57:15.382+0000] {logging_mixin.py:188} INFO - [2025-08-19T08:57:15.382+0000] {dagbag.py:540} INFO - Filling up the DagBag from /home/airflow/.local/lib/python3.12/site-packages/airflow/example_dags/example_branch_operator_decorator.py
[2025-08-19T08:57:15.407+0000] {processor.py:840} INFO - DAG(s) 'example_branch_python_operator_decorator' retrieved from /home/airflow/.local/lib/python3.12/site-packages/airflow/example_dags/example_branch_operator_decorator.py
[2025-08-19T08:57:15.443+0000] {logging_mixin.py:188} INFO - [2025-08-19T08:57:15.442+0000] {dag.py:3096} INFO - Sync 1 DAGs
[2025-08-19T08:57:15.470+0000] {logging_mixin.py:188} INFO - [2025-08-19T08:57:15.470+0000] {dag.py:3954} INFO - Setting next_dagrun for example_branch_python_operator_decorator to 2025-08-18 00:00:00+00:00, run_after=2025-08-19 00:00:00+00:00
[2025-08-19T08:57:15.640+0000] {processor.py:183} INFO - Processing /home/airflow/.local/lib/python3.12/site-packages/airflow/example_dags/example_branch_operator_decorator.py took 0.270 seconds
[2025-08-19T08:57:46.577+0000] {processor.py:161} INFO - Started process (PID=1005) to work on /home/airflow/.local/lib/python3.12/site-packages/airflow/example_dags/example_branch_operator_decorator.py
[2025-08-19T08:57:46.578+0000] {processor.py:830} INFO - Processing file /home/airflow/.local/lib/python3.12/site-packages/airflow/example_dags/example_branch_operator_decorator.py for tasks to queue
[2025-08-19T08:57:46.580+0000] {logging_mixin.py:188} INFO - [2025-08-19T08:57:46.580+0000] {dagbag.py:540} INFO - Filling up the DagBag from /home/airflow/.local/lib/python3.12/site-packages/airflow/example_dags/example_branch_operator_decorator.py
[2025-08-19T08:57:46.604+0000] {processor.py:840} INFO - DAG(s) 'example_branch_python_operator_decorator' retrieved from /home/airflow/.local/lib/python3.12/site-packages/airflow/example_dags/example_branch_operator_decorator.py
[2025-08-19T08:57:46.638+0000] {logging_mixin.py:188} INFO - [2025-08-19T08:57:46.637+0000] {dag.py:3096} INFO - Sync 1 DAGs
[2025-08-19T08:57:46.665+0000] {logging_mixin.py:188} INFO - [2025-08-19T08:57:46.665+0000] {dag.py:3954} INFO - Setting next_dagrun for example_branch_python_operator_decorator to 2025-08-18 00:00:00+00:00, run_after=2025-08-19 00:00:00+00:00
[2025-08-19T08:57:46.687+0000] {processor.py:183} INFO - Processing /home/airflow/.local/lib/python3.12/site-packages/airflow/example_dags/example_branch_operator_decorator.py took 0.118 seconds
[2025-08-19T08:58:16.867+0000] {processor.py:161} INFO - Started process (PID=1063) to work on /home/airflow/.local/lib/python3.12/site-packages/airflow/example_dags/example_branch_operator_decorator.py
[2025-08-19T08:58:16.868+0000] {processor.py:830} INFO - Processing file /home/airflow/.local/lib/python3.12/site-packages/airflow/example_dags/example_branch_operator_decorator.py for tasks to queue
[2025-08-19T08:58:16.870+0000] {logging_mixin.py:188} INFO - [2025-08-19T08:58:16.870+0000] {dagbag.py:540} INFO - Filling up the DagBag from /home/airflow/.local/lib/python3.12/site-packages/airflow/example_dags/example_branch_operator_decorator.py
[2025-08-19T08:58:16.894+0000] {processor.py:840} INFO - DAG(s) 'example_branch_python_operator_decorator' retrieved from /home/airflow/.local/lib/python3.12/site-packages/airflow/example_dags/example_branch_operator_decorator.py
[2025-08-19T08:58:16.929+0000] {logging_mixin.py:188} INFO - [2025-08-19T08:58:16.929+0000] {dag.py:3096} INFO - Sync 1 DAGs
[2025-08-19T08:58:16.955+0000] {logging_mixin.py:188} INFO - [2025-08-19T08:58:16.955+0000] {dag.py:3954} INFO - Setting next_dagrun for example_branch_python_operator_decorator to 2025-08-18 00:00:00+00:00, run_after=2025-08-19 00:00:00+00:00
[2025-08-19T08:58:16.978+0000] {processor.py:183} INFO - Processing /home/airflow/.local/lib/python3.12/site-packages/airflow/example_dags/example_branch_operator_decorator.py took 0.119 seconds
[2025-08-19T08:58:47.382+0000] {processor.py:161} INFO - Started process (PID=1121) to work on /home/airflow/.local/lib/python3.12/site-packages/airflow/example_dags/example_branch_operator_decorator.py
[2025-08-19T08:58:47.383+0000] {processor.py:830} INFO - Processing file /home/airflow/.local/lib/python3.12/site-packages/airflow/example_dags/example_branch_operator_decorator.py for tasks to queue
[2025-08-19T08:58:47.386+0000] {logging_mixin.py:188} INFO - [2025-08-19T08:58:47.386+0000] {dagbag.py:540} INFO - Filling up the DagBag from /home/airflow/.local/lib/python3.12/site-packages/airflow/example_dags/example_branch_operator_decorator.py
[2025-08-19T08:58:47.409+0000] {processor.py:840} INFO - DAG(s) 'example_branch_python_operator_decorator' retrieved from /home/airflow/.local/lib/python3.12/site-packages/airflow/example_dags/example_branch_operator_decorator.py
[2025-08-19T08:58:47.442+0000] {logging_mixin.py:188} INFO - [2025-08-19T08:58:47.442+0000] {dag.py:3096} INFO - Sync 1 DAGs
[2025-08-19T08:58:47.466+0000] {logging_mixin.py:188} INFO - [2025-08-19T08:58:47.466+0000] {dag.py:3954} INFO - Setting next_dagrun for example_branch_python_operator_decorator to 2025-08-18 00:00:00+00:00, run_after=2025-08-19 00:00:00+00:00
[2025-08-19T08:58:47.487+0000] {processor.py:183} INFO - Processing /home/airflow/.local/lib/python3.12/site-packages/airflow/example_dags/example_branch_operator_decorator.py took 0.112 seconds
[2025-08-19T08:59:17.736+0000] {processor.py:161} INFO - Started process (PID=1179) to work on /home/airflow/.local/lib/python3.12/site-packages/airflow/example_dags/example_branch_operator_decorator.py
[2025-08-19T08:59:17.738+0000] {processor.py:830} INFO - Processing file /home/airflow/.local/lib/python3.12/site-packages/airflow/example_dags/example_branch_operator_decorator.py for tasks to queue
[2025-08-19T08:59:17.740+0000] {logging_mixin.py:188} INFO - [2025-08-19T08:59:17.740+0000] {dagbag.py:540} INFO - Filling up the DagBag from /home/airflow/.local/lib/python3.12/site-packages/airflow/example_dags/example_branch_operator_decorator.py
[2025-08-19T08:59:17.766+0000] {processor.py:840} INFO - DAG(s) 'example_branch_python_operator_decorator' retrieved from /home/airflow/.local/lib/python3.12/site-packages/airflow/example_dags/example_branch_operator_decorator.py
[2025-08-19T08:59:17.801+0000] {logging_mixin.py:188} INFO - [2025-08-19T08:59:17.801+0000] {dag.py:3096} INFO - Sync 1 DAGs
[2025-08-19T08:59:17.827+0000] {logging_mixin.py:188} INFO - [2025-08-19T08:59:17.827+0000] {dag.py:3954} INFO - Setting next_dagrun for example_branch_python_operator_decorator to 2025-08-18 00:00:00+00:00, run_after=2025-08-19 00:00:00+00:00
[2025-08-19T08:59:17.847+0000] {processor.py:183} INFO - Processing /home/airflow/.local/lib/python3.12/site-packages/airflow/example_dags/example_branch_operator_decorator.py took 0.119 seconds
[2025-08-19T08:59:48.276+0000] {processor.py:161} INFO - Started process (PID=1237) to work on /home/airflow/.local/lib/python3.12/site-packages/airflow/example_dags/example_branch_operator_decorator.py
[2025-08-19T08:59:48.278+0000] {processor.py:830} INFO - Processing file /home/airflow/.local/lib/python3.12/site-packages/airflow/example_dags/example_branch_operator_decorator.py for tasks to queue
[2025-08-19T08:59:48.280+0000] {logging_mixin.py:188} INFO - [2025-08-19T08:59:48.280+0000] {dagbag.py:540} INFO - Filling up the DagBag from /home/airflow/.local/lib/python3.12/site-packages/airflow/example_dags/example_branch_operator_decorator.py
[2025-08-19T08:59:48.309+0000] {processor.py:840} INFO - DAG(s) 'example_branch_python_operator_decorator' retrieved from /home/airflow/.local/lib/python3.12/site-packages/airflow/example_dags/example_branch_operator_decorator.py
[2025-08-19T08:59:48.344+0000] {logging_mixin.py:188} INFO - [2025-08-19T08:59:48.343+0000] {dag.py:3096} INFO - Sync 1 DAGs
[2025-08-19T08:59:48.372+0000] {logging_mixin.py:188} INFO - [2025-08-19T08:59:48.372+0000] {dag.py:3954} INFO - Setting next_dagrun for example_branch_python_operator_decorator to 2025-08-18 00:00:00+00:00, run_after=2025-08-19 00:00:00+00:00
[2025-08-19T08:59:48.393+0000] {processor.py:183} INFO - Processing /home/airflow/.local/lib/python3.12/site-packages/airflow/example_dags/example_branch_operator_decorator.py took 0.125 seconds
[2025-08-19T09:00:18.548+0000] {processor.py:161} INFO - Started process (PID=1295) to work on /home/airflow/.local/lib/python3.12/site-packages/airflow/example_dags/example_branch_operator_decorator.py
[2025-08-19T09:00:18.550+0000] {processor.py:830} INFO - Processing file /home/airflow/.local/lib/python3.12/site-packages/airflow/example_dags/example_branch_operator_decorator.py for tasks to queue
[2025-08-19T09:00:18.552+0000] {logging_mixin.py:188} INFO - [2025-08-19T09:00:18.552+0000] {dagbag.py:540} INFO - Filling up the DagBag from /home/airflow/.local/lib/python3.12/site-packages/airflow/example_dags/example_branch_operator_decorator.py
[2025-08-19T09:00:18.580+0000] {processor.py:840} INFO - DAG(s) 'example_branch_python_operator_decorator' retrieved from /home/airflow/.local/lib/python3.12/site-packages/airflow/example_dags/example_branch_operator_decorator.py
[2025-08-19T09:00:18.616+0000] {logging_mixin.py:188} INFO - [2025-08-19T09:00:18.616+0000] {dag.py:3096} INFO - Sync 1 DAGs
[2025-08-19T09:00:18.641+0000] {logging_mixin.py:188} INFO - [2025-08-19T09:00:18.640+0000] {dag.py:3954} INFO - Setting next_dagrun for example_branch_python_operator_decorator to 2025-08-18 00:00:00+00:00, run_after=2025-08-19 00:00:00+00:00
[2025-08-19T09:00:18.661+0000] {processor.py:183} INFO - Processing /home/airflow/.local/lib/python3.12/site-packages/airflow/example_dags/example_branch_operator_decorator.py took 0.121 seconds
[2025-08-19T09:00:48.951+0000] {processor.py:161} INFO - Started process (PID=1353) to work on /home/airflow/.local/lib/python3.12/site-packages/airflow/example_dags/example_branch_operator_decorator.py
[2025-08-19T09:00:48.952+0000] {processor.py:830} INFO - Processing file /home/airflow/.local/lib/python3.12/site-packages/airflow/example_dags/example_branch_operator_decorator.py for tasks to queue
[2025-08-19T09:00:48.957+0000] {logging_mixin.py:188} INFO - [2025-08-19T09:00:48.956+0000] {dagbag.py:540} INFO - Filling up the DagBag from /home/airflow/.local/lib/python3.12/site-packages/airflow/example_dags/example_branch_operator_decorator.py
[2025-08-19T09:00:48.981+0000] {processor.py:840} INFO - DAG(s) 'example_branch_python_operator_decorator' retrieved from /home/airflow/.local/lib/python3.12/site-packages/airflow/example_dags/example_branch_operator_decorator.py
[2025-08-19T09:00:49.014+0000] {logging_mixin.py:188} INFO - [2025-08-19T09:00:49.014+0000] {dag.py:3096} INFO - Sync 1 DAGs
[2025-08-19T09:00:49.039+0000] {logging_mixin.py:188} INFO - [2025-08-19T09:00:49.039+0000] {dag.py:3954} INFO - Setting next_dagrun for example_branch_python_operator_decorator to 2025-08-18 00:00:00+00:00, run_after=2025-08-19 00:00:00+00:00
[2025-08-19T09:00:49.059+0000] {processor.py:183} INFO - Processing /home/airflow/.local/lib/python3.12/site-packages/airflow/example_dags/example_branch_operator_decorator.py took 0.116 seconds
[2025-08-19T09:01:19.124+0000] {processor.py:161} INFO - Started process (PID=1411) to work on /home/airflow/.local/lib/python3.12/site-packages/airflow/example_dags/example_branch_operator_decorator.py
[2025-08-19T09:01:19.125+0000] {processor.py:830} INFO - Processing file /home/airflow/.local/lib/python3.12/site-packages/airflow/example_dags/example_branch_operator_decorator.py for tasks to queue
[2025-08-19T09:01:19.128+0000] {logging_mixin.py:188} INFO - [2025-08-19T09:01:19.127+0000] {dagbag.py:540} INFO - Filling up the DagBag from /home/airflow/.local/lib/python3.12/site-packages/airflow/example_dags/example_branch_operator_decorator.py
[2025-08-19T09:01:19.153+0000] {processor.py:840} INFO - DAG(s) 'example_branch_python_operator_decorator' retrieved from /home/airflow/.local/lib/python3.12/site-packages/airflow/example_dags/example_branch_operator_decorator.py
[2025-08-19T09:01:19.188+0000] {logging_mixin.py:188} INFO - [2025-08-19T09:01:19.188+0000] {dag.py:3096} INFO - Sync 1 DAGs
[2025-08-19T09:01:19.213+0000] {logging_mixin.py:188} INFO - [2025-08-19T09:01:19.213+0000] {dag.py:3954} INFO - Setting next_dagrun for example_branch_python_operator_decorator to 2025-08-18 00:00:00+00:00, run_after=2025-08-19 00:00:00+00:00
[2025-08-19T09:01:19.233+0000] {processor.py:183} INFO - Processing /home/airflow/.local/lib/python3.12/site-packages/airflow/example_dags/example_branch_operator_decorator.py took 0.116 seconds
[2025-08-19T09:01:49.379+0000] {processor.py:161} INFO - Started process (PID=1469) to work on /home/airflow/.local/lib/python3.12/site-packages/airflow/example_dags/example_branch_operator_decorator.py
[2025-08-19T09:01:49.380+0000] {processor.py:830} INFO - Processing file /home/airflow/.local/lib/python3.12/site-packages/airflow/example_dags/example_branch_operator_decorator.py for tasks to queue
[2025-08-19T09:01:49.383+0000] {logging_mixin.py:188} INFO - [2025-08-19T09:01:49.382+0000] {dagbag.py:540} INFO - Filling up the DagBag from /home/airflow/.local/lib/python3.12/site-packages/airflow/example_dags/example_branch_operator_decorator.py
[2025-08-19T09:01:49.407+0000] {processor.py:840} INFO - DAG(s) 'example_branch_python_operator_decorator' retrieved from /home/airflow/.local/lib/python3.12/site-packages/airflow/example_dags/example_branch_operator_decorator.py
[2025-08-19T09:01:49.441+0000] {logging_mixin.py:188} INFO - [2025-08-19T09:01:49.441+0000] {dag.py:3096} INFO - Sync 1 DAGs
[2025-08-19T09:01:49.466+0000] {logging_mixin.py:188} INFO - [2025-08-19T09:01:49.466+0000] {dag.py:3954} INFO - Setting next_dagrun for example_branch_python_operator_decorator to 2025-08-18 00:00:00+00:00, run_after=2025-08-19 00:00:00+00:00
[2025-08-19T09:01:49.486+0000] {processor.py:183} INFO - Processing /home/airflow/.local/lib/python3.12/site-packages/airflow/example_dags/example_branch_operator_decorator.py took 0.116 seconds
[2025-08-19T09:02:19.909+0000] {processor.py:161} INFO - Started process (PID=1527) to work on /home/airflow/.local/lib/python3.12/site-packages/airflow/example_dags/example_branch_operator_decorator.py
[2025-08-19T09:02:19.910+0000] {processor.py:830} INFO - Processing file /home/airflow/.local/lib/python3.12/site-packages/airflow/example_dags/example_branch_operator_decorator.py for tasks to queue
[2025-08-19T09:02:19.913+0000] {logging_mixin.py:188} INFO - [2025-08-19T09:02:19.912+0000] {dagbag.py:540} INFO - Filling up the DagBag from /home/airflow/.local/lib/python3.12/site-packages/airflow/example_dags/example_branch_operator_decorator.py
[2025-08-19T09:02:19.936+0000] {processor.py:840} INFO - DAG(s) 'example_branch_python_operator_decorator' retrieved from /home/airflow/.local/lib/python3.12/site-packages/airflow/example_dags/example_branch_operator_decorator.py
[2025-08-19T09:02:19.969+0000] {logging_mixin.py:188} INFO - [2025-08-19T09:02:19.969+0000] {dag.py:3096} INFO - Sync 1 DAGs
[2025-08-19T09:02:19.995+0000] {logging_mixin.py:188} INFO - [2025-08-19T09:02:19.994+0000] {dag.py:3954} INFO - Setting next_dagrun for example_branch_python_operator_decorator to 2025-08-18 00:00:00+00:00, run_after=2025-08-19 00:00:00+00:00
[2025-08-19T09:02:20.014+0000] {processor.py:183} INFO - Processing /home/airflow/.local/lib/python3.12/site-packages/airflow/example_dags/example_branch_operator_decorator.py took 0.112 seconds
[2025-08-19T09:02:50.144+0000] {processor.py:161} INFO - Started process (PID=1585) to work on /home/airflow/.local/lib/python3.12/site-packages/airflow/example_dags/example_branch_operator_decorator.py
[2025-08-19T09:02:50.145+0000] {processor.py:830} INFO - Processing file /home/airflow/.local/lib/python3.12/site-packages/airflow/example_dags/example_branch_operator_decorator.py for tasks to queue
[2025-08-19T09:02:50.148+0000] {logging_mixin.py:188} INFO - [2025-08-19T09:02:50.147+0000] {dagbag.py:540} INFO - Filling up the DagBag from /home/airflow/.local/lib/python3.12/site-packages/airflow/example_dags/example_branch_operator_decorator.py
[2025-08-19T09:02:50.171+0000] {processor.py:840} INFO - DAG(s) 'example_branch_python_operator_decorator' retrieved from /home/airflow/.local/lib/python3.12/site-packages/airflow/example_dags/example_branch_operator_decorator.py
[2025-08-19T09:02:50.209+0000] {logging_mixin.py:188} INFO - [2025-08-19T09:02:50.208+0000] {dag.py:3096} INFO - Sync 1 DAGs
[2025-08-19T09:02:50.233+0000] {logging_mixin.py:188} INFO - [2025-08-19T09:02:50.233+0000] {dag.py:3954} INFO - Setting next_dagrun for example_branch_python_operator_decorator to 2025-08-18 00:00:00+00:00, run_after=2025-08-19 00:00:00+00:00
[2025-08-19T09:02:50.255+0000] {processor.py:183} INFO - Processing /home/airflow/.local/lib/python3.12/site-packages/airflow/example_dags/example_branch_operator_decorator.py took 0.119 seconds
[2025-08-19T09:03:20.444+0000] {processor.py:161} INFO - Started process (PID=1643) to work on /home/airflow/.local/lib/python3.12/site-packages/airflow/example_dags/example_branch_operator_decorator.py
[2025-08-19T09:03:20.446+0000] {processor.py:830} INFO - Processing file /home/airflow/.local/lib/python3.12/site-packages/airflow/example_dags/example_branch_operator_decorator.py for tasks to queue
[2025-08-19T09:03:20.448+0000] {logging_mixin.py:188} INFO - [2025-08-19T09:03:20.448+0000] {dagbag.py:540} INFO - Filling up the DagBag from /home/airflow/.local/lib/python3.12/site-packages/airflow/example_dags/example_branch_operator_decorator.py
[2025-08-19T09:03:20.473+0000] {processor.py:840} INFO - DAG(s) 'example_branch_python_operator_decorator' retrieved from /home/airflow/.local/lib/python3.12/site-packages/airflow/example_dags/example_branch_operator_decorator.py
[2025-08-19T09:03:20.509+0000] {logging_mixin.py:188} INFO - [2025-08-19T09:03:20.508+0000] {dag.py:3096} INFO - Sync 1 DAGs
[2025-08-19T09:03:20.535+0000] {logging_mixin.py:188} INFO - [2025-08-19T09:03:20.534+0000] {dag.py:3954} INFO - Setting next_dagrun for example_branch_python_operator_decorator to 2025-08-18 00:00:00+00:00, run_after=2025-08-19 00:00:00+00:00
[2025-08-19T09:03:20.555+0000] {processor.py:183} INFO - Processing /home/airflow/.local/lib/python3.12/site-packages/airflow/example_dags/example_branch_operator_decorator.py took 0.118 seconds
[2025-08-19T09:03:50.647+0000] {processor.py:161} INFO - Started process (PID=1701) to work on /home/airflow/.local/lib/python3.12/site-packages/airflow/example_dags/example_branch_operator_decorator.py
[2025-08-19T09:03:50.648+0000] {processor.py:830} INFO - Processing file /home/airflow/.local/lib/python3.12/site-packages/airflow/example_dags/example_branch_operator_decorator.py for tasks to queue
[2025-08-19T09:03:50.651+0000] {logging_mixin.py:188} INFO - [2025-08-19T09:03:50.650+0000] {dagbag.py:540} INFO - Filling up the DagBag from /home/airflow/.local/lib/python3.12/site-packages/airflow/example_dags/example_branch_operator_decorator.py
[2025-08-19T09:03:50.677+0000] {processor.py:840} INFO - DAG(s) 'example_branch_python_operator_decorator' retrieved from /home/airflow/.local/lib/python3.12/site-packages/airflow/example_dags/example_branch_operator_decorator.py
[2025-08-19T09:03:50.713+0000] {logging_mixin.py:188} INFO - [2025-08-19T09:03:50.712+0000] {dag.py:3096} INFO - Sync 1 DAGs
[2025-08-19T09:03:50.739+0000] {logging_mixin.py:188} INFO - [2025-08-19T09:03:50.739+0000] {dag.py:3954} INFO - Setting next_dagrun for example_branch_python_operator_decorator to 2025-08-18 00:00:00+00:00, run_after=2025-08-19 00:00:00+00:00
[2025-08-19T09:03:50.758+0000] {processor.py:183} INFO - Processing /home/airflow/.local/lib/python3.12/site-packages/airflow/example_dags/example_branch_operator_decorator.py took 0.118 seconds
[2025-08-19T09:04:20.941+0000] {processor.py:161} INFO - Started process (PID=1759) to work on /home/airflow/.local/lib/python3.12/site-packages/airflow/example_dags/example_branch_operator_decorator.py
[2025-08-19T09:04:20.942+0000] {processor.py:830} INFO - Processing file /home/airflow/.local/lib/python3.12/site-packages/airflow/example_dags/example_branch_operator_decorator.py for tasks to queue
[2025-08-19T09:04:20.945+0000] {logging_mixin.py:188} INFO - [2025-08-19T09:04:20.944+0000] {dagbag.py:540} INFO - Filling up the DagBag from /home/airflow/.local/lib/python3.12/site-packages/airflow/example_dags/example_branch_operator_decorator.py
[2025-08-19T09:04:20.969+0000] {processor.py:840} INFO - DAG(s) 'example_branch_python_operator_decorator' retrieved from /home/airflow/.local/lib/python3.12/site-packages/airflow/example_dags/example_branch_operator_decorator.py
[2025-08-19T09:04:21.004+0000] {logging_mixin.py:188} INFO - [2025-08-19T09:04:21.004+0000] {dag.py:3096} INFO - Sync 1 DAGs
[2025-08-19T09:04:21.031+0000] {logging_mixin.py:188} INFO - [2025-08-19T09:04:21.031+0000] {dag.py:3954} INFO - Setting next_dagrun for example_branch_python_operator_decorator to 2025-08-18 00:00:00+00:00, run_after=2025-08-19 00:00:00+00:00
[2025-08-19T09:04:21.053+0000] {processor.py:183} INFO - Processing /home/airflow/.local/lib/python3.12/site-packages/airflow/example_dags/example_branch_operator_decorator.py took 0.119 seconds
[2025-08-19T09:04:51.177+0000] {processor.py:161} INFO - Started process (PID=1818) to work on /home/airflow/.local/lib/python3.12/site-packages/airflow/example_dags/example_branch_operator_decorator.py
[2025-08-19T09:04:51.178+0000] {processor.py:830} INFO - Processing file /home/airflow/.local/lib/python3.12/site-packages/airflow/example_dags/example_branch_operator_decorator.py for tasks to queue
[2025-08-19T09:04:51.180+0000] {logging_mixin.py:188} INFO - [2025-08-19T09:04:51.180+0000] {dagbag.py:540} INFO - Filling up the DagBag from /home/airflow/.local/lib/python3.12/site-packages/airflow/example_dags/example_branch_operator_decorator.py
[2025-08-19T09:04:51.205+0000] {processor.py:840} INFO - DAG(s) 'example_branch_python_operator_decorator' retrieved from /home/airflow/.local/lib/python3.12/site-packages/airflow/example_dags/example_branch_operator_decorator.py
[2025-08-19T09:04:51.239+0000] {logging_mixin.py:188} INFO - [2025-08-19T09:04:51.239+0000] {dag.py:3096} INFO - Sync 1 DAGs
[2025-08-19T09:04:51.264+0000] {logging_mixin.py:188} INFO - [2025-08-19T09:04:51.264+0000] {dag.py:3954} INFO - Setting next_dagrun for example_branch_python_operator_decorator to 2025-08-18 00:00:00+00:00, run_after=2025-08-19 00:00:00+00:00
[2025-08-19T09:04:51.285+0000] {processor.py:183} INFO - Processing /home/airflow/.local/lib/python3.12/site-packages/airflow/example_dags/example_branch_operator_decorator.py took 0.117 seconds
[2025-08-19T09:05:21.417+0000] {processor.py:161} INFO - Started process (PID=1877) to work on /home/airflow/.local/lib/python3.12/site-packages/airflow/example_dags/example_branch_operator_decorator.py
[2025-08-19T09:05:21.418+0000] {processor.py:830} INFO - Processing file /home/airflow/.local/lib/python3.12/site-packages/airflow/example_dags/example_branch_operator_decorator.py for tasks to queue
[2025-08-19T09:05:21.421+0000] {logging_mixin.py:188} INFO - [2025-08-19T09:05:21.421+0000] {dagbag.py:540} INFO - Filling up the DagBag from /home/airflow/.local/lib/python3.12/site-packages/airflow/example_dags/example_branch_operator_decorator.py
[2025-08-19T09:05:21.447+0000] {processor.py:840} INFO - DAG(s) 'example_branch_python_operator_decorator' retrieved from /home/airflow/.local/lib/python3.12/site-packages/airflow/example_dags/example_branch_operator_decorator.py
[2025-08-19T09:05:21.483+0000] {logging_mixin.py:188} INFO - [2025-08-19T09:05:21.482+0000] {dag.py:3096} INFO - Sync 1 DAGs
[2025-08-19T09:05:21.511+0000] {logging_mixin.py:188} INFO - [2025-08-19T09:05:21.511+0000] {dag.py:3954} INFO - Setting next_dagrun for example_branch_python_operator_decorator to 2025-08-18 00:00:00+00:00, run_after=2025-08-19 00:00:00+00:00
[2025-08-19T09:05:21.534+0000] {processor.py:183} INFO - Processing /home/airflow/.local/lib/python3.12/site-packages/airflow/example_dags/example_branch_operator_decorator.py took 0.125 seconds
[2025-08-19T09:05:51.846+0000] {processor.py:161} INFO - Started process (PID=1935) to work on /home/airflow/.local/lib/python3.12/site-packages/airflow/example_dags/example_branch_operator_decorator.py
[2025-08-19T09:05:51.847+0000] {processor.py:830} INFO - Processing file /home/airflow/.local/lib/python3.12/site-packages/airflow/example_dags/example_branch_operator_decorator.py for tasks to queue
[2025-08-19T09:05:51.850+0000] {logging_mixin.py:188} INFO - [2025-08-19T09:05:51.849+0000] {dagbag.py:540} INFO - Filling up the DagBag from /home/airflow/.local/lib/python3.12/site-packages/airflow/example_dags/example_branch_operator_decorator.py
[2025-08-19T09:05:51.874+0000] {processor.py:840} INFO - DAG(s) 'example_branch_python_operator_decorator' retrieved from /home/airflow/.local/lib/python3.12/site-packages/airflow/example_dags/example_branch_operator_decorator.py
[2025-08-19T09:05:51.908+0000] {logging_mixin.py:188} INFO - [2025-08-19T09:05:51.908+0000] {dag.py:3096} INFO - Sync 1 DAGs
[2025-08-19T09:05:51.933+0000] {logging_mixin.py:188} INFO - [2025-08-19T09:05:51.932+0000] {dag.py:3954} INFO - Setting next_dagrun for example_branch_python_operator_decorator to 2025-08-18 00:00:00+00:00, run_after=2025-08-19 00:00:00+00:00
[2025-08-19T09:05:51.954+0000] {processor.py:183} INFO - Processing /home/airflow/.local/lib/python3.12/site-packages/airflow/example_dags/example_branch_operator_decorator.py took 0.116 seconds
[2025-08-19T09:06:22.170+0000] {processor.py:161} INFO - Started process (PID=1993) to work on /home/airflow/.local/lib/python3.12/site-packages/airflow/example_dags/example_branch_operator_decorator.py
[2025-08-19T09:06:22.172+0000] {processor.py:830} INFO - Processing file /home/airflow/.local/lib/python3.12/site-packages/airflow/example_dags/example_branch_operator_decorator.py for tasks to queue
[2025-08-19T09:06:22.174+0000] {logging_mixin.py:188} INFO - [2025-08-19T09:06:22.174+0000] {dagbag.py:540} INFO - Filling up the DagBag from /home/airflow/.local/lib/python3.12/site-packages/airflow/example_dags/example_branch_operator_decorator.py
[2025-08-19T09:06:22.198+0000] {processor.py:840} INFO - DAG(s) 'example_branch_python_operator_decorator' retrieved from /home/airflow/.local/lib/python3.12/site-packages/airflow/example_dags/example_branch_operator_decorator.py
[2025-08-19T09:06:22.233+0000] {logging_mixin.py:188} INFO - [2025-08-19T09:06:22.233+0000] {dag.py:3096} INFO - Sync 1 DAGs
[2025-08-19T09:06:22.260+0000] {logging_mixin.py:188} INFO - [2025-08-19T09:06:22.260+0000] {dag.py:3954} INFO - Setting next_dagrun for example_branch_python_operator_decorator to 2025-08-18 00:00:00+00:00, run_after=2025-08-19 00:00:00+00:00
[2025-08-19T09:06:22.280+0000] {processor.py:183} INFO - Processing /home/airflow/.local/lib/python3.12/site-packages/airflow/example_dags/example_branch_operator_decorator.py took 0.117 seconds
[2025-08-19T09:06:52.544+0000] {processor.py:161} INFO - Started process (PID=2052) to work on /home/airflow/.local/lib/python3.12/site-packages/airflow/example_dags/example_branch_operator_decorator.py
[2025-08-19T09:06:52.545+0000] {processor.py:830} INFO - Processing file /home/airflow/.local/lib/python3.12/site-packages/airflow/example_dags/example_branch_operator_decorator.py for tasks to queue
[2025-08-19T09:06:52.548+0000] {logging_mixin.py:188} INFO - [2025-08-19T09:06:52.547+0000] {dagbag.py:540} INFO - Filling up the DagBag from /home/airflow/.local/lib/python3.12/site-packages/airflow/example_dags/example_branch_operator_decorator.py
[2025-08-19T09:06:52.573+0000] {processor.py:840} INFO - DAG(s) 'example_branch_python_operator_decorator' retrieved from /home/airflow/.local/lib/python3.12/site-packages/airflow/example_dags/example_branch_operator_decorator.py
[2025-08-19T09:06:52.611+0000] {logging_mixin.py:188} INFO - [2025-08-19T09:06:52.611+0000] {dag.py:3096} INFO - Sync 1 DAGs
[2025-08-19T09:06:52.638+0000] {logging_mixin.py:188} INFO - [2025-08-19T09:06:52.638+0000] {dag.py:3954} INFO - Setting next_dagrun for example_branch_python_operator_decorator to 2025-08-18 00:00:00+00:00, run_after=2025-08-19 00:00:00+00:00
[2025-08-19T09:06:52.662+0000] {processor.py:183} INFO - Processing /home/airflow/.local/lib/python3.12/site-packages/airflow/example_dags/example_branch_operator_decorator.py took 0.126 seconds
[2025-08-19T09:07:22.869+0000] {processor.py:161} INFO - Started process (PID=2110) to work on /home/airflow/.local/lib/python3.12/site-packages/airflow/example_dags/example_branch_operator_decorator.py
[2025-08-19T09:07:22.870+0000] {processor.py:830} INFO - Processing file /home/airflow/.local/lib/python3.12/site-packages/airflow/example_dags/example_branch_operator_decorator.py for tasks to queue
[2025-08-19T09:07:22.873+0000] {logging_mixin.py:188} INFO - [2025-08-19T09:07:22.873+0000] {dagbag.py:540} INFO - Filling up the DagBag from /home/airflow/.local/lib/python3.12/site-packages/airflow/example_dags/example_branch_operator_decorator.py
[2025-08-19T09:07:22.898+0000] {processor.py:840} INFO - DAG(s) 'example_branch_python_operator_decorator' retrieved from /home/airflow/.local/lib/python3.12/site-packages/airflow/example_dags/example_branch_operator_decorator.py
[2025-08-19T09:07:22.934+0000] {logging_mixin.py:188} INFO - [2025-08-19T09:07:22.934+0000] {dag.py:3096} INFO - Sync 1 DAGs
[2025-08-19T09:07:22.963+0000] {logging_mixin.py:188} INFO - [2025-08-19T09:07:22.962+0000] {dag.py:3954} INFO - Setting next_dagrun for example_branch_python_operator_decorator to 2025-08-18 00:00:00+00:00, run_after=2025-08-19 00:00:00+00:00
[2025-08-19T09:07:22.984+0000] {processor.py:183} INFO - Processing /home/airflow/.local/lib/python3.12/site-packages/airflow/example_dags/example_branch_operator_decorator.py took 0.123 seconds
[2025-08-19T09:07:53.140+0000] {processor.py:161} INFO - Started process (PID=2166) to work on /home/airflow/.local/lib/python3.12/site-packages/airflow/example_dags/example_branch_operator_decorator.py
[2025-08-19T09:07:53.142+0000] {processor.py:830} INFO - Processing file /home/airflow/.local/lib/python3.12/site-packages/airflow/example_dags/example_branch_operator_decorator.py for tasks to queue
[2025-08-19T09:07:53.144+0000] {logging_mixin.py:188} INFO - [2025-08-19T09:07:53.144+0000] {dagbag.py:540} INFO - Filling up the DagBag from /home/airflow/.local/lib/python3.12/site-packages/airflow/example_dags/example_branch_operator_decorator.py
[2025-08-19T09:07:53.168+0000] {processor.py:840} INFO - DAG(s) 'example_branch_python_operator_decorator' retrieved from /home/airflow/.local/lib/python3.12/site-packages/airflow/example_dags/example_branch_operator_decorator.py
[2025-08-19T09:07:53.202+0000] {logging_mixin.py:188} INFO - [2025-08-19T09:07:53.202+0000] {dag.py:3096} INFO - Sync 1 DAGs
[2025-08-19T09:07:53.227+0000] {logging_mixin.py:188} INFO - [2025-08-19T09:07:53.227+0000] {dag.py:3954} INFO - Setting next_dagrun for example_branch_python_operator_decorator to 2025-08-18 00:00:00+00:00, run_after=2025-08-19 00:00:00+00:00
[2025-08-19T09:07:53.247+0000] {processor.py:183} INFO - Processing /home/airflow/.local/lib/python3.12/site-packages/airflow/example_dags/example_branch_operator_decorator.py took 0.114 seconds
[2025-08-19T09:08:23.380+0000] {processor.py:161} INFO - Started process (PID=2224) to work on /home/airflow/.local/lib/python3.12/site-packages/airflow/example_dags/example_branch_operator_decorator.py
[2025-08-19T09:08:23.381+0000] {processor.py:830} INFO - Processing file /home/airflow/.local/lib/python3.12/site-packages/airflow/example_dags/example_branch_operator_decorator.py for tasks to queue
[2025-08-19T09:08:23.384+0000] {logging_mixin.py:188} INFO - [2025-08-19T09:08:23.384+0000] {dagbag.py:540} INFO - Filling up the DagBag from /home/airflow/.local/lib/python3.12/site-packages/airflow/example_dags/example_branch_operator_decorator.py
[2025-08-19T09:08:23.410+0000] {processor.py:840} INFO - DAG(s) 'example_branch_python_operator_decorator' retrieved from /home/airflow/.local/lib/python3.12/site-packages/airflow/example_dags/example_branch_operator_decorator.py
[2025-08-19T09:08:23.445+0000] {logging_mixin.py:188} INFO - [2025-08-19T09:08:23.444+0000] {dag.py:3096} INFO - Sync 1 DAGs
[2025-08-19T09:08:23.470+0000] {logging_mixin.py:188} INFO - [2025-08-19T09:08:23.469+0000] {dag.py:3954} INFO - Setting next_dagrun for example_branch_python_operator_decorator to 2025-08-18 00:00:00+00:00, run_after=2025-08-19 00:00:00+00:00
[2025-08-19T09:08:23.491+0000] {processor.py:183} INFO - Processing /home/airflow/.local/lib/python3.12/site-packages/airflow/example_dags/example_branch_operator_decorator.py took 0.118 seconds
[2025-08-19T09:08:54.157+0000] {processor.py:161} INFO - Started process (PID=2282) to work on /home/airflow/.local/lib/python3.12/site-packages/airflow/example_dags/example_branch_operator_decorator.py
[2025-08-19T09:08:54.158+0000] {processor.py:830} INFO - Processing file /home/airflow/.local/lib/python3.12/site-packages/airflow/example_dags/example_branch_operator_decorator.py for tasks to queue
[2025-08-19T09:08:54.161+0000] {logging_mixin.py:188} INFO - [2025-08-19T09:08:54.160+0000] {dagbag.py:540} INFO - Filling up the DagBag from /home/airflow/.local/lib/python3.12/site-packages/airflow/example_dags/example_branch_operator_decorator.py
[2025-08-19T09:08:54.185+0000] {processor.py:840} INFO - DAG(s) 'example_branch_python_operator_decorator' retrieved from /home/airflow/.local/lib/python3.12/site-packages/airflow/example_dags/example_branch_operator_decorator.py
[2025-08-19T09:08:54.219+0000] {logging_mixin.py:188} INFO - [2025-08-19T09:08:54.218+0000] {dag.py:3096} INFO - Sync 1 DAGs
[2025-08-19T09:08:54.249+0000] {logging_mixin.py:188} INFO - [2025-08-19T09:08:54.249+0000] {dag.py:3954} INFO - Setting next_dagrun for example_branch_python_operator_decorator to 2025-08-18 00:00:00+00:00, run_after=2025-08-19 00:00:00+00:00
[2025-08-19T09:08:54.275+0000] {processor.py:183} INFO - Processing /home/airflow/.local/lib/python3.12/site-packages/airflow/example_dags/example_branch_operator_decorator.py took 0.125 seconds
[2025-08-19T09:09:24.703+0000] {processor.py:161} INFO - Started process (PID=2340) to work on /home/airflow/.local/lib/python3.12/site-packages/airflow/example_dags/example_branch_operator_decorator.py
[2025-08-19T09:09:24.704+0000] {processor.py:830} INFO - Processing file /home/airflow/.local/lib/python3.12/site-packages/airflow/example_dags/example_branch_operator_decorator.py for tasks to queue
[2025-08-19T09:09:24.707+0000] {logging_mixin.py:188} INFO - [2025-08-19T09:09:24.706+0000] {dagbag.py:540} INFO - Filling up the DagBag from /home/airflow/.local/lib/python3.12/site-packages/airflow/example_dags/example_branch_operator_decorator.py
[2025-08-19T09:09:24.731+0000] {processor.py:840} INFO - DAG(s) 'example_branch_python_operator_decorator' retrieved from /home/airflow/.local/lib/python3.12/site-packages/airflow/example_dags/example_branch_operator_decorator.py
[2025-08-19T09:09:24.769+0000] {logging_mixin.py:188} INFO - [2025-08-19T09:09:24.769+0000] {dag.py:3096} INFO - Sync 1 DAGs
[2025-08-19T09:09:24.798+0000] {logging_mixin.py:188} INFO - [2025-08-19T09:09:24.798+0000] {dag.py:3954} INFO - Setting next_dagrun for example_branch_python_operator_decorator to 2025-08-18 00:00:00+00:00, run_after=2025-08-19 00:00:00+00:00
[2025-08-19T09:09:24.821+0000] {processor.py:183} INFO - Processing /home/airflow/.local/lib/python3.12/site-packages/airflow/example_dags/example_branch_operator_decorator.py took 0.125 seconds
[2025-08-19T09:09:55.285+0000] {processor.py:161} INFO - Started process (PID=2398) to work on /home/airflow/.local/lib/python3.12/site-packages/airflow/example_dags/example_branch_operator_decorator.py
[2025-08-19T09:09:55.286+0000] {processor.py:830} INFO - Processing file /home/airflow/.local/lib/python3.12/site-packages/airflow/example_dags/example_branch_operator_decorator.py for tasks to queue
[2025-08-19T09:09:55.289+0000] {logging_mixin.py:188} INFO - [2025-08-19T09:09:55.289+0000] {dagbag.py:540} INFO - Filling up the DagBag from /home/airflow/.local/lib/python3.12/site-packages/airflow/example_dags/example_branch_operator_decorator.py
[2025-08-19T09:09:55.319+0000] {processor.py:840} INFO - DAG(s) 'example_branch_python_operator_decorator' retrieved from /home/airflow/.local/lib/python3.12/site-packages/airflow/example_dags/example_branch_operator_decorator.py
[2025-08-19T09:09:55.363+0000] {logging_mixin.py:188} INFO - [2025-08-19T09:09:55.363+0000] {dag.py:3096} INFO - Sync 1 DAGs
[2025-08-19T09:09:55.396+0000] {logging_mixin.py:188} INFO - [2025-08-19T09:09:55.396+0000] {dag.py:3954} INFO - Setting next_dagrun for example_branch_python_operator_decorator to 2025-08-18 00:00:00+00:00, run_after=2025-08-19 00:00:00+00:00
[2025-08-19T09:09:55.423+0000] {processor.py:183} INFO - Processing /home/airflow/.local/lib/python3.12/site-packages/airflow/example_dags/example_branch_operator_decorator.py took 0.146 seconds
[2025-08-19T09:10:25.687+0000] {processor.py:161} INFO - Started process (PID=2456) to work on /home/airflow/.local/lib/python3.12/site-packages/airflow/example_dags/example_branch_operator_decorator.py
[2025-08-19T09:10:25.689+0000] {processor.py:830} INFO - Processing file /home/airflow/.local/lib/python3.12/site-packages/airflow/example_dags/example_branch_operator_decorator.py for tasks to queue
[2025-08-19T09:10:25.692+0000] {logging_mixin.py:188} INFO - [2025-08-19T09:10:25.691+0000] {dagbag.py:540} INFO - Filling up the DagBag from /home/airflow/.local/lib/python3.12/site-packages/airflow/example_dags/example_branch_operator_decorator.py
[2025-08-19T09:10:25.716+0000] {processor.py:840} INFO - DAG(s) 'example_branch_python_operator_decorator' retrieved from /home/airflow/.local/lib/python3.12/site-packages/airflow/example_dags/example_branch_operator_decorator.py
[2025-08-19T09:10:25.752+0000] {logging_mixin.py:188} INFO - [2025-08-19T09:10:25.751+0000] {dag.py:3096} INFO - Sync 1 DAGs
[2025-08-19T09:10:25.778+0000] {logging_mixin.py:188} INFO - [2025-08-19T09:10:25.778+0000] {dag.py:3954} INFO - Setting next_dagrun for example_branch_python_operator_decorator to 2025-08-18 00:00:00+00:00, run_after=2025-08-19 00:00:00+00:00
[2025-08-19T09:10:25.802+0000] {processor.py:183} INFO - Processing /home/airflow/.local/lib/python3.12/site-packages/airflow/example_dags/example_branch_operator_decorator.py took 0.122 seconds
[2025-08-19T09:10:56.416+0000] {processor.py:161} INFO - Started process (PID=2514) to work on /home/airflow/.local/lib/python3.12/site-packages/airflow/example_dags/example_branch_operator_decorator.py
[2025-08-19T09:10:56.417+0000] {processor.py:830} INFO - Processing file /home/airflow/.local/lib/python3.12/site-packages/airflow/example_dags/example_branch_operator_decorator.py for tasks to queue
[2025-08-19T09:10:56.420+0000] {logging_mixin.py:188} INFO - [2025-08-19T09:10:56.420+0000] {dagbag.py:540} INFO - Filling up the DagBag from /home/airflow/.local/lib/python3.12/site-packages/airflow/example_dags/example_branch_operator_decorator.py
[2025-08-19T09:10:56.449+0000] {processor.py:840} INFO - DAG(s) 'example_branch_python_operator_decorator' retrieved from /home/airflow/.local/lib/python3.12/site-packages/airflow/example_dags/example_branch_operator_decorator.py
[2025-08-19T09:10:56.486+0000] {logging_mixin.py:188} INFO - [2025-08-19T09:10:56.486+0000] {dag.py:3096} INFO - Sync 1 DAGs
[2025-08-19T09:10:56.517+0000] {logging_mixin.py:188} INFO - [2025-08-19T09:10:56.516+0000] {dag.py:3954} INFO - Setting next_dagrun for example_branch_python_operator_decorator to 2025-08-18 00:00:00+00:00, run_after=2025-08-19 00:00:00+00:00
[2025-08-19T09:10:56.541+0000] {processor.py:183} INFO - Processing /home/airflow/.local/lib/python3.12/site-packages/airflow/example_dags/example_branch_operator_decorator.py took 0.133 seconds
