[2025-08-19T08:49:44.160+0000] {processor.py:161} INFO - Started process (PID=102) to work on /home/airflow/.local/lib/python3.12/site-packages/airflow/example_dags/example_latest_only_with_trigger.py
[2025-08-19T08:49:44.162+0000] {processor.py:830} INFO - Processing file /home/airflow/.local/lib/python3.12/site-packages/airflow/example_dags/example_latest_only_with_trigger.py for tasks to queue
[2025-08-19T08:49:44.165+0000] {logging_mixin.py:188} INFO - [2025-08-19T08:49:44.165+0000] {dagbag.py:540} INFO - Filling up the DagBag from /home/airflow/.local/lib/python3.12/site-packages/airflow/example_dags/example_latest_only_with_trigger.py
[2025-08-19T08:49:44.174+0000] {processor.py:840} INFO - DAG(s) 'latest_only_with_trigger' retrieved from /home/airflow/.local/lib/python3.12/site-packages/airflow/example_dags/example_latest_only_with_trigger.py
[2025-08-19T08:49:44.324+0000] {logging_mixin.py:188} INFO - [2025-08-19T08:49:44.324+0000] {dag.py:3096} INFO - Sync 1 DAGs
[2025-08-19T08:49:44.349+0000] {logging_mixin.py:188} INFO - [2025-08-19T08:49:44.348+0000] {dag.py:3954} INFO - Setting next_dagrun for latest_only_with_trigger to 2025-08-19 04:00:00+00:00, run_after=2025-08-19 08:00:00+00:00
[2025-08-19T08:49:44.376+0000] {processor.py:183} INFO - Processing /home/airflow/.local/lib/python3.12/site-packages/airflow/example_dags/example_latest_only_with_trigger.py took 0.224 seconds
[2025-08-19T08:50:15.220+0000] {processor.py:161} INFO - Started process (PID=160) to work on /home/airflow/.local/lib/python3.12/site-packages/airflow/example_dags/example_latest_only_with_trigger.py
[2025-08-19T08:50:15.221+0000] {processor.py:830} INFO - Processing file /home/airflow/.local/lib/python3.12/site-packages/airflow/example_dags/example_latest_only_with_trigger.py for tasks to queue
[2025-08-19T08:50:15.224+0000] {logging_mixin.py:188} INFO - [2025-08-19T08:50:15.224+0000] {dagbag.py:540} INFO - Filling up the DagBag from /home/airflow/.local/lib/python3.12/site-packages/airflow/example_dags/example_latest_only_with_trigger.py
[2025-08-19T08:50:15.232+0000] {processor.py:840} INFO - DAG(s) 'latest_only_with_trigger' retrieved from /home/airflow/.local/lib/python3.12/site-packages/airflow/example_dags/example_latest_only_with_trigger.py
[2025-08-19T08:50:15.260+0000] {logging_mixin.py:188} INFO - [2025-08-19T08:50:15.260+0000] {dag.py:3096} INFO - Sync 1 DAGs
[2025-08-19T08:50:15.437+0000] {logging_mixin.py:188} INFO - [2025-08-19T08:50:15.436+0000] {dag.py:3954} INFO - Setting next_dagrun for latest_only_with_trigger to 2025-08-19 04:00:00+00:00, run_after=2025-08-19 08:00:00+00:00
[2025-08-19T08:50:15.461+0000] {processor.py:183} INFO - Processing /home/airflow/.local/lib/python3.12/site-packages/airflow/example_dags/example_latest_only_with_trigger.py took 0.249 seconds
[2025-08-19T08:50:46.430+0000] {processor.py:161} INFO - Started process (PID=218) to work on /home/airflow/.local/lib/python3.12/site-packages/airflow/example_dags/example_latest_only_with_trigger.py
[2025-08-19T08:50:46.432+0000] {processor.py:830} INFO - Processing file /home/airflow/.local/lib/python3.12/site-packages/airflow/example_dags/example_latest_only_with_trigger.py for tasks to queue
[2025-08-19T08:50:46.434+0000] {logging_mixin.py:188} INFO - [2025-08-19T08:50:46.434+0000] {dagbag.py:540} INFO - Filling up the DagBag from /home/airflow/.local/lib/python3.12/site-packages/airflow/example_dags/example_latest_only_with_trigger.py
[2025-08-19T08:50:46.442+0000] {processor.py:840} INFO - DAG(s) 'latest_only_with_trigger' retrieved from /home/airflow/.local/lib/python3.12/site-packages/airflow/example_dags/example_latest_only_with_trigger.py
[2025-08-19T08:50:46.568+0000] {logging_mixin.py:188} INFO - [2025-08-19T08:50:46.567+0000] {dag.py:3096} INFO - Sync 1 DAGs
[2025-08-19T08:50:46.589+0000] {logging_mixin.py:188} INFO - [2025-08-19T08:50:46.589+0000] {dag.py:3954} INFO - Setting next_dagrun for latest_only_with_trigger to 2025-08-19 04:00:00+00:00, run_after=2025-08-19 08:00:00+00:00
[2025-08-19T08:50:46.610+0000] {processor.py:183} INFO - Processing /home/airflow/.local/lib/python3.12/site-packages/airflow/example_dags/example_latest_only_with_trigger.py took 0.188 seconds
[2025-08-19T08:51:16.879+0000] {processor.py:161} INFO - Started process (PID=277) to work on /home/airflow/.local/lib/python3.12/site-packages/airflow/example_dags/example_latest_only_with_trigger.py
[2025-08-19T08:51:16.881+0000] {processor.py:830} INFO - Processing file /home/airflow/.local/lib/python3.12/site-packages/airflow/example_dags/example_latest_only_with_trigger.py for tasks to queue
[2025-08-19T08:51:16.883+0000] {logging_mixin.py:188} INFO - [2025-08-19T08:51:16.883+0000] {dagbag.py:540} INFO - Filling up the DagBag from /home/airflow/.local/lib/python3.12/site-packages/airflow/example_dags/example_latest_only_with_trigger.py
[2025-08-19T08:51:16.890+0000] {processor.py:840} INFO - DAG(s) 'latest_only_with_trigger' retrieved from /home/airflow/.local/lib/python3.12/site-packages/airflow/example_dags/example_latest_only_with_trigger.py
[2025-08-19T08:51:16.917+0000] {logging_mixin.py:188} INFO - [2025-08-19T08:51:16.916+0000] {dag.py:3096} INFO - Sync 1 DAGs
[2025-08-19T08:51:16.942+0000] {logging_mixin.py:188} INFO - [2025-08-19T08:51:16.942+0000] {dag.py:3954} INFO - Setting next_dagrun for latest_only_with_trigger to 2025-08-19 04:00:00+00:00, run_after=2025-08-19 08:00:00+00:00
[2025-08-19T08:51:16.965+0000] {processor.py:183} INFO - Processing /home/airflow/.local/lib/python3.12/site-packages/airflow/example_dags/example_latest_only_with_trigger.py took 0.094 seconds
[2025-08-19T08:51:47.295+0000] {processor.py:161} INFO - Started process (PID=335) to work on /home/airflow/.local/lib/python3.12/site-packages/airflow/example_dags/example_latest_only_with_trigger.py
[2025-08-19T08:51:47.297+0000] {processor.py:830} INFO - Processing file /home/airflow/.local/lib/python3.12/site-packages/airflow/example_dags/example_latest_only_with_trigger.py for tasks to queue
[2025-08-19T08:51:47.299+0000] {logging_mixin.py:188} INFO - [2025-08-19T08:51:47.299+0000] {dagbag.py:540} INFO - Filling up the DagBag from /home/airflow/.local/lib/python3.12/site-packages/airflow/example_dags/example_latest_only_with_trigger.py
[2025-08-19T08:51:47.306+0000] {processor.py:840} INFO - DAG(s) 'latest_only_with_trigger' retrieved from /home/airflow/.local/lib/python3.12/site-packages/airflow/example_dags/example_latest_only_with_trigger.py
[2025-08-19T08:51:47.332+0000] {logging_mixin.py:188} INFO - [2025-08-19T08:51:47.332+0000] {dag.py:3096} INFO - Sync 1 DAGs
[2025-08-19T08:51:47.356+0000] {logging_mixin.py:188} INFO - [2025-08-19T08:51:47.356+0000] {dag.py:3954} INFO - Setting next_dagrun for latest_only_with_trigger to 2025-08-19 04:00:00+00:00, run_after=2025-08-19 08:00:00+00:00
[2025-08-19T08:51:47.375+0000] {processor.py:183} INFO - Processing /home/airflow/.local/lib/python3.12/site-packages/airflow/example_dags/example_latest_only_with_trigger.py took 0.087 seconds
[2025-08-19T08:52:18.341+0000] {processor.py:161} INFO - Started process (PID=393) to work on /home/airflow/.local/lib/python3.12/site-packages/airflow/example_dags/example_latest_only_with_trigger.py
[2025-08-19T08:52:18.342+0000] {processor.py:830} INFO - Processing file /home/airflow/.local/lib/python3.12/site-packages/airflow/example_dags/example_latest_only_with_trigger.py for tasks to queue
[2025-08-19T08:52:18.345+0000] {logging_mixin.py:188} INFO - [2025-08-19T08:52:18.345+0000] {dagbag.py:540} INFO - Filling up the DagBag from /home/airflow/.local/lib/python3.12/site-packages/airflow/example_dags/example_latest_only_with_trigger.py
[2025-08-19T08:52:18.352+0000] {processor.py:840} INFO - DAG(s) 'latest_only_with_trigger' retrieved from /home/airflow/.local/lib/python3.12/site-packages/airflow/example_dags/example_latest_only_with_trigger.py
[2025-08-19T08:52:18.379+0000] {logging_mixin.py:188} INFO - [2025-08-19T08:52:18.379+0000] {dag.py:3096} INFO - Sync 1 DAGs
[2025-08-19T08:52:18.404+0000] {logging_mixin.py:188} INFO - [2025-08-19T08:52:18.403+0000] {dag.py:3954} INFO - Setting next_dagrun for latest_only_with_trigger to 2025-08-19 04:00:00+00:00, run_after=2025-08-19 08:00:00+00:00
[2025-08-19T08:52:18.426+0000] {processor.py:183} INFO - Processing /home/airflow/.local/lib/python3.12/site-packages/airflow/example_dags/example_latest_only_with_trigger.py took 0.093 seconds
[2025-08-19T08:52:48.721+0000] {processor.py:161} INFO - Started process (PID=452) to work on /home/airflow/.local/lib/python3.12/site-packages/airflow/example_dags/example_latest_only_with_trigger.py
[2025-08-19T08:52:48.723+0000] {processor.py:830} INFO - Processing file /home/airflow/.local/lib/python3.12/site-packages/airflow/example_dags/example_latest_only_with_trigger.py for tasks to queue
[2025-08-19T08:52:48.725+0000] {logging_mixin.py:188} INFO - [2025-08-19T08:52:48.725+0000] {dagbag.py:540} INFO - Filling up the DagBag from /home/airflow/.local/lib/python3.12/site-packages/airflow/example_dags/example_latest_only_with_trigger.py
[2025-08-19T08:52:48.733+0000] {processor.py:840} INFO - DAG(s) 'latest_only_with_trigger' retrieved from /home/airflow/.local/lib/python3.12/site-packages/airflow/example_dags/example_latest_only_with_trigger.py
[2025-08-19T08:52:48.759+0000] {logging_mixin.py:188} INFO - [2025-08-19T08:52:48.759+0000] {dag.py:3096} INFO - Sync 1 DAGs
[2025-08-19T08:52:48.785+0000] {logging_mixin.py:188} INFO - [2025-08-19T08:52:48.785+0000] {dag.py:3954} INFO - Setting next_dagrun for latest_only_with_trigger to 2025-08-19 04:00:00+00:00, run_after=2025-08-19 08:00:00+00:00
[2025-08-19T08:52:48.807+0000] {processor.py:183} INFO - Processing /home/airflow/.local/lib/python3.12/site-packages/airflow/example_dags/example_latest_only_with_trigger.py took 0.094 seconds
[2025-08-19T08:53:18.976+0000] {processor.py:161} INFO - Started process (PID=511) to work on /home/airflow/.local/lib/python3.12/site-packages/airflow/example_dags/example_latest_only_with_trigger.py
[2025-08-19T08:53:18.978+0000] {processor.py:830} INFO - Processing file /home/airflow/.local/lib/python3.12/site-packages/airflow/example_dags/example_latest_only_with_trigger.py for tasks to queue
[2025-08-19T08:53:18.981+0000] {logging_mixin.py:188} INFO - [2025-08-19T08:53:18.981+0000] {dagbag.py:540} INFO - Filling up the DagBag from /home/airflow/.local/lib/python3.12/site-packages/airflow/example_dags/example_latest_only_with_trigger.py
[2025-08-19T08:53:18.989+0000] {processor.py:840} INFO - DAG(s) 'latest_only_with_trigger' retrieved from /home/airflow/.local/lib/python3.12/site-packages/airflow/example_dags/example_latest_only_with_trigger.py
[2025-08-19T08:53:19.017+0000] {logging_mixin.py:188} INFO - [2025-08-19T08:53:19.017+0000] {dag.py:3096} INFO - Sync 1 DAGs
[2025-08-19T08:53:19.042+0000] {logging_mixin.py:188} INFO - [2025-08-19T08:53:19.042+0000] {dag.py:3954} INFO - Setting next_dagrun for latest_only_with_trigger to 2025-08-19 04:00:00+00:00, run_after=2025-08-19 08:00:00+00:00
[2025-08-19T08:53:19.062+0000] {processor.py:183} INFO - Processing /home/airflow/.local/lib/python3.12/site-packages/airflow/example_dags/example_latest_only_with_trigger.py took 0.095 seconds
[2025-08-19T08:53:49.941+0000] {processor.py:161} INFO - Started process (PID=569) to work on /home/airflow/.local/lib/python3.12/site-packages/airflow/example_dags/example_latest_only_with_trigger.py
[2025-08-19T08:53:49.942+0000] {processor.py:830} INFO - Processing file /home/airflow/.local/lib/python3.12/site-packages/airflow/example_dags/example_latest_only_with_trigger.py for tasks to queue
[2025-08-19T08:53:49.944+0000] {logging_mixin.py:188} INFO - [2025-08-19T08:53:49.944+0000] {dagbag.py:540} INFO - Filling up the DagBag from /home/airflow/.local/lib/python3.12/site-packages/airflow/example_dags/example_latest_only_with_trigger.py
[2025-08-19T08:53:49.952+0000] {processor.py:840} INFO - DAG(s) 'latest_only_with_trigger' retrieved from /home/airflow/.local/lib/python3.12/site-packages/airflow/example_dags/example_latest_only_with_trigger.py
[2025-08-19T08:53:49.980+0000] {logging_mixin.py:188} INFO - [2025-08-19T08:53:49.980+0000] {dag.py:3096} INFO - Sync 1 DAGs
[2025-08-19T08:53:50.010+0000] {logging_mixin.py:188} INFO - [2025-08-19T08:53:50.009+0000] {dag.py:3954} INFO - Setting next_dagrun for latest_only_with_trigger to 2025-08-19 04:00:00+00:00, run_after=2025-08-19 08:00:00+00:00
[2025-08-19T08:53:50.034+0000] {processor.py:183} INFO - Processing /home/airflow/.local/lib/python3.12/site-packages/airflow/example_dags/example_latest_only_with_trigger.py took 0.102 seconds
[2025-08-19T08:54:20.394+0000] {processor.py:161} INFO - Started process (PID=627) to work on /home/airflow/.local/lib/python3.12/site-packages/airflow/example_dags/example_latest_only_with_trigger.py
[2025-08-19T08:54:20.395+0000] {processor.py:830} INFO - Processing file /home/airflow/.local/lib/python3.12/site-packages/airflow/example_dags/example_latest_only_with_trigger.py for tasks to queue
[2025-08-19T08:54:20.398+0000] {logging_mixin.py:188} INFO - [2025-08-19T08:54:20.397+0000] {dagbag.py:540} INFO - Filling up the DagBag from /home/airflow/.local/lib/python3.12/site-packages/airflow/example_dags/example_latest_only_with_trigger.py
[2025-08-19T08:54:20.405+0000] {processor.py:840} INFO - DAG(s) 'latest_only_with_trigger' retrieved from /home/airflow/.local/lib/python3.12/site-packages/airflow/example_dags/example_latest_only_with_trigger.py
[2025-08-19T08:54:20.431+0000] {logging_mixin.py:188} INFO - [2025-08-19T08:54:20.430+0000] {dag.py:3096} INFO - Sync 1 DAGs
[2025-08-19T08:54:20.454+0000] {logging_mixin.py:188} INFO - [2025-08-19T08:54:20.454+0000] {dag.py:3954} INFO - Setting next_dagrun for latest_only_with_trigger to 2025-08-19 04:00:00+00:00, run_after=2025-08-19 08:00:00+00:00
[2025-08-19T08:54:20.473+0000] {processor.py:183} INFO - Processing /home/airflow/.local/lib/python3.12/site-packages/airflow/example_dags/example_latest_only_with_trigger.py took 0.087 seconds
[2025-08-19T08:54:50.690+0000] {processor.py:161} INFO - Started process (PID=685) to work on /home/airflow/.local/lib/python3.12/site-packages/airflow/example_dags/example_latest_only_with_trigger.py
[2025-08-19T08:54:50.691+0000] {processor.py:830} INFO - Processing file /home/airflow/.local/lib/python3.12/site-packages/airflow/example_dags/example_latest_only_with_trigger.py for tasks to queue
[2025-08-19T08:54:50.693+0000] {logging_mixin.py:188} INFO - [2025-08-19T08:54:50.693+0000] {dagbag.py:540} INFO - Filling up the DagBag from /home/airflow/.local/lib/python3.12/site-packages/airflow/example_dags/example_latest_only_with_trigger.py
[2025-08-19T08:54:50.701+0000] {processor.py:840} INFO - DAG(s) 'latest_only_with_trigger' retrieved from /home/airflow/.local/lib/python3.12/site-packages/airflow/example_dags/example_latest_only_with_trigger.py
[2025-08-19T08:54:50.729+0000] {logging_mixin.py:188} INFO - [2025-08-19T08:54:50.729+0000] {dag.py:3096} INFO - Sync 1 DAGs
[2025-08-19T08:54:50.758+0000] {logging_mixin.py:188} INFO - [2025-08-19T08:54:50.757+0000] {dag.py:3954} INFO - Setting next_dagrun for latest_only_with_trigger to 2025-08-19 04:00:00+00:00, run_after=2025-08-19 08:00:00+00:00
[2025-08-19T08:54:50.781+0000] {processor.py:183} INFO - Processing /home/airflow/.local/lib/python3.12/site-packages/airflow/example_dags/example_latest_only_with_trigger.py took 0.099 seconds
[2025-08-19T08:55:21.521+0000] {processor.py:161} INFO - Started process (PID=743) to work on /home/airflow/.local/lib/python3.12/site-packages/airflow/example_dags/example_latest_only_with_trigger.py
[2025-08-19T08:55:21.522+0000] {processor.py:830} INFO - Processing file /home/airflow/.local/lib/python3.12/site-packages/airflow/example_dags/example_latest_only_with_trigger.py for tasks to queue
[2025-08-19T08:55:21.525+0000] {logging_mixin.py:188} INFO - [2025-08-19T08:55:21.524+0000] {dagbag.py:540} INFO - Filling up the DagBag from /home/airflow/.local/lib/python3.12/site-packages/airflow/example_dags/example_latest_only_with_trigger.py
[2025-08-19T08:55:21.532+0000] {processor.py:840} INFO - DAG(s) 'latest_only_with_trigger' retrieved from /home/airflow/.local/lib/python3.12/site-packages/airflow/example_dags/example_latest_only_with_trigger.py
[2025-08-19T08:55:21.558+0000] {logging_mixin.py:188} INFO - [2025-08-19T08:55:21.558+0000] {dag.py:3096} INFO - Sync 1 DAGs
[2025-08-19T08:55:21.583+0000] {logging_mixin.py:188} INFO - [2025-08-19T08:55:21.583+0000] {dag.py:3954} INFO - Setting next_dagrun for latest_only_with_trigger to 2025-08-19 04:00:00+00:00, run_after=2025-08-19 08:00:00+00:00
[2025-08-19T08:55:21.605+0000] {processor.py:183} INFO - Processing /home/airflow/.local/lib/python3.12/site-packages/airflow/example_dags/example_latest_only_with_trigger.py took 0.092 seconds
[2025-08-19T08:55:52.256+0000] {processor.py:161} INFO - Started process (PID=801) to work on /home/airflow/.local/lib/python3.12/site-packages/airflow/example_dags/example_latest_only_with_trigger.py
[2025-08-19T08:55:52.257+0000] {processor.py:830} INFO - Processing file /home/airflow/.local/lib/python3.12/site-packages/airflow/example_dags/example_latest_only_with_trigger.py for tasks to queue
[2025-08-19T08:55:52.259+0000] {logging_mixin.py:188} INFO - [2025-08-19T08:55:52.259+0000] {dagbag.py:540} INFO - Filling up the DagBag from /home/airflow/.local/lib/python3.12/site-packages/airflow/example_dags/example_latest_only_with_trigger.py
[2025-08-19T08:55:52.266+0000] {processor.py:840} INFO - DAG(s) 'latest_only_with_trigger' retrieved from /home/airflow/.local/lib/python3.12/site-packages/airflow/example_dags/example_latest_only_with_trigger.py
[2025-08-19T08:55:52.292+0000] {logging_mixin.py:188} INFO - [2025-08-19T08:55:52.292+0000] {dag.py:3096} INFO - Sync 1 DAGs
[2025-08-19T08:55:52.317+0000] {logging_mixin.py:188} INFO - [2025-08-19T08:55:52.317+0000] {dag.py:3954} INFO - Setting next_dagrun for latest_only_with_trigger to 2025-08-19 04:00:00+00:00, run_after=2025-08-19 08:00:00+00:00
[2025-08-19T08:55:52.336+0000] {processor.py:183} INFO - Processing /home/airflow/.local/lib/python3.12/site-packages/airflow/example_dags/example_latest_only_with_trigger.py took 0.088 seconds
[2025-08-19T08:56:22.836+0000] {processor.py:161} INFO - Started process (PID=859) to work on /home/airflow/.local/lib/python3.12/site-packages/airflow/example_dags/example_latest_only_with_trigger.py
[2025-08-19T08:56:22.838+0000] {processor.py:830} INFO - Processing file /home/airflow/.local/lib/python3.12/site-packages/airflow/example_dags/example_latest_only_with_trigger.py for tasks to queue
[2025-08-19T08:56:22.840+0000] {logging_mixin.py:188} INFO - [2025-08-19T08:56:22.840+0000] {dagbag.py:540} INFO - Filling up the DagBag from /home/airflow/.local/lib/python3.12/site-packages/airflow/example_dags/example_latest_only_with_trigger.py
[2025-08-19T08:56:22.847+0000] {processor.py:840} INFO - DAG(s) 'latest_only_with_trigger' retrieved from /home/airflow/.local/lib/python3.12/site-packages/airflow/example_dags/example_latest_only_with_trigger.py
[2025-08-19T08:56:22.873+0000] {logging_mixin.py:188} INFO - [2025-08-19T08:56:22.873+0000] {dag.py:3096} INFO - Sync 1 DAGs
[2025-08-19T08:56:22.897+0000] {logging_mixin.py:188} INFO - [2025-08-19T08:56:22.897+0000] {dag.py:3954} INFO - Setting next_dagrun for latest_only_with_trigger to 2025-08-19 04:00:00+00:00, run_after=2025-08-19 08:00:00+00:00
[2025-08-19T08:56:22.919+0000] {processor.py:183} INFO - Processing /home/airflow/.local/lib/python3.12/site-packages/airflow/example_dags/example_latest_only_with_trigger.py took 0.090 seconds
[2025-08-19T08:56:53.505+0000] {processor.py:161} INFO - Started process (PID=917) to work on /home/airflow/.local/lib/python3.12/site-packages/airflow/example_dags/example_latest_only_with_trigger.py
[2025-08-19T08:56:53.506+0000] {processor.py:830} INFO - Processing file /home/airflow/.local/lib/python3.12/site-packages/airflow/example_dags/example_latest_only_with_trigger.py for tasks to queue
[2025-08-19T08:56:53.509+0000] {logging_mixin.py:188} INFO - [2025-08-19T08:56:53.508+0000] {dagbag.py:540} INFO - Filling up the DagBag from /home/airflow/.local/lib/python3.12/site-packages/airflow/example_dags/example_latest_only_with_trigger.py
[2025-08-19T08:56:53.516+0000] {processor.py:840} INFO - DAG(s) 'latest_only_with_trigger' retrieved from /home/airflow/.local/lib/python3.12/site-packages/airflow/example_dags/example_latest_only_with_trigger.py
[2025-08-19T08:56:53.542+0000] {logging_mixin.py:188} INFO - [2025-08-19T08:56:53.541+0000] {dag.py:3096} INFO - Sync 1 DAGs
[2025-08-19T08:56:53.567+0000] {logging_mixin.py:188} INFO - [2025-08-19T08:56:53.567+0000] {dag.py:3954} INFO - Setting next_dagrun for latest_only_with_trigger to 2025-08-19 04:00:00+00:00, run_after=2025-08-19 08:00:00+00:00
[2025-08-19T08:56:53.586+0000] {processor.py:183} INFO - Processing /home/airflow/.local/lib/python3.12/site-packages/airflow/example_dags/example_latest_only_with_trigger.py took 0.089 seconds
[2025-08-19T08:57:24.394+0000] {processor.py:161} INFO - Started process (PID=976) to work on /home/airflow/.local/lib/python3.12/site-packages/airflow/example_dags/example_latest_only_with_trigger.py
[2025-08-19T08:57:24.395+0000] {processor.py:830} INFO - Processing file /home/airflow/.local/lib/python3.12/site-packages/airflow/example_dags/example_latest_only_with_trigger.py for tasks to queue
[2025-08-19T08:57:24.398+0000] {logging_mixin.py:188} INFO - [2025-08-19T08:57:24.397+0000] {dagbag.py:540} INFO - Filling up the DagBag from /home/airflow/.local/lib/python3.12/site-packages/airflow/example_dags/example_latest_only_with_trigger.py
[2025-08-19T08:57:24.405+0000] {processor.py:840} INFO - DAG(s) 'latest_only_with_trigger' retrieved from /home/airflow/.local/lib/python3.12/site-packages/airflow/example_dags/example_latest_only_with_trigger.py
[2025-08-19T08:57:24.431+0000] {logging_mixin.py:188} INFO - [2025-08-19T08:57:24.431+0000] {dag.py:3096} INFO - Sync 1 DAGs
[2025-08-19T08:57:24.457+0000] {logging_mixin.py:188} INFO - [2025-08-19T08:57:24.457+0000] {dag.py:3954} INFO - Setting next_dagrun for latest_only_with_trigger to 2025-08-19 04:00:00+00:00, run_after=2025-08-19 08:00:00+00:00
[2025-08-19T08:57:24.478+0000] {processor.py:183} INFO - Processing /home/airflow/.local/lib/python3.12/site-packages/airflow/example_dags/example_latest_only_with_trigger.py took 0.092 seconds
[2025-08-19T08:57:55.414+0000] {processor.py:161} INFO - Started process (PID=1034) to work on /home/airflow/.local/lib/python3.12/site-packages/airflow/example_dags/example_latest_only_with_trigger.py
[2025-08-19T08:57:55.415+0000] {processor.py:830} INFO - Processing file /home/airflow/.local/lib/python3.12/site-packages/airflow/example_dags/example_latest_only_with_trigger.py for tasks to queue
[2025-08-19T08:57:55.418+0000] {logging_mixin.py:188} INFO - [2025-08-19T08:57:55.417+0000] {dagbag.py:540} INFO - Filling up the DagBag from /home/airflow/.local/lib/python3.12/site-packages/airflow/example_dags/example_latest_only_with_trigger.py
[2025-08-19T08:57:55.426+0000] {processor.py:840} INFO - DAG(s) 'latest_only_with_trigger' retrieved from /home/airflow/.local/lib/python3.12/site-packages/airflow/example_dags/example_latest_only_with_trigger.py
[2025-08-19T08:57:55.457+0000] {logging_mixin.py:188} INFO - [2025-08-19T08:57:55.456+0000] {dag.py:3096} INFO - Sync 1 DAGs
[2025-08-19T08:57:55.670+0000] {logging_mixin.py:188} INFO - [2025-08-19T08:57:55.670+0000] {dag.py:3954} INFO - Setting next_dagrun for latest_only_with_trigger to 2025-08-19 04:00:00+00:00, run_after=2025-08-19 08:00:00+00:00
[2025-08-19T08:57:55.689+0000] {processor.py:183} INFO - Processing /home/airflow/.local/lib/python3.12/site-packages/airflow/example_dags/example_latest_only_with_trigger.py took 0.283 seconds
[2025-08-19T08:58:25.998+0000] {processor.py:161} INFO - Started process (PID=1092) to work on /home/airflow/.local/lib/python3.12/site-packages/airflow/example_dags/example_latest_only_with_trigger.py
[2025-08-19T08:58:25.999+0000] {processor.py:830} INFO - Processing file /home/airflow/.local/lib/python3.12/site-packages/airflow/example_dags/example_latest_only_with_trigger.py for tasks to queue
[2025-08-19T08:58:26.002+0000] {logging_mixin.py:188} INFO - [2025-08-19T08:58:26.002+0000] {dagbag.py:540} INFO - Filling up the DagBag from /home/airflow/.local/lib/python3.12/site-packages/airflow/example_dags/example_latest_only_with_trigger.py
[2025-08-19T08:58:26.010+0000] {processor.py:840} INFO - DAG(s) 'latest_only_with_trigger' retrieved from /home/airflow/.local/lib/python3.12/site-packages/airflow/example_dags/example_latest_only_with_trigger.py
[2025-08-19T08:58:26.036+0000] {logging_mixin.py:188} INFO - [2025-08-19T08:58:26.036+0000] {dag.py:3096} INFO - Sync 1 DAGs
[2025-08-19T08:58:26.064+0000] {logging_mixin.py:188} INFO - [2025-08-19T08:58:26.064+0000] {dag.py:3954} INFO - Setting next_dagrun for latest_only_with_trigger to 2025-08-19 04:00:00+00:00, run_after=2025-08-19 08:00:00+00:00
[2025-08-19T08:58:26.085+0000] {processor.py:183} INFO - Processing /home/airflow/.local/lib/python3.12/site-packages/airflow/example_dags/example_latest_only_with_trigger.py took 0.094 seconds
[2025-08-19T08:58:56.386+0000] {processor.py:161} INFO - Started process (PID=1150) to work on /home/airflow/.local/lib/python3.12/site-packages/airflow/example_dags/example_latest_only_with_trigger.py
[2025-08-19T08:58:56.387+0000] {processor.py:830} INFO - Processing file /home/airflow/.local/lib/python3.12/site-packages/airflow/example_dags/example_latest_only_with_trigger.py for tasks to queue
[2025-08-19T08:58:56.390+0000] {logging_mixin.py:188} INFO - [2025-08-19T08:58:56.390+0000] {dagbag.py:540} INFO - Filling up the DagBag from /home/airflow/.local/lib/python3.12/site-packages/airflow/example_dags/example_latest_only_with_trigger.py
[2025-08-19T08:58:56.399+0000] {processor.py:840} INFO - DAG(s) 'latest_only_with_trigger' retrieved from /home/airflow/.local/lib/python3.12/site-packages/airflow/example_dags/example_latest_only_with_trigger.py
[2025-08-19T08:58:56.427+0000] {logging_mixin.py:188} INFO - [2025-08-19T08:58:56.427+0000] {dag.py:3096} INFO - Sync 1 DAGs
[2025-08-19T08:58:56.452+0000] {logging_mixin.py:188} INFO - [2025-08-19T08:58:56.452+0000] {dag.py:3954} INFO - Setting next_dagrun for latest_only_with_trigger to 2025-08-19 04:00:00+00:00, run_after=2025-08-19 08:00:00+00:00
[2025-08-19T08:58:56.472+0000] {processor.py:183} INFO - Processing /home/airflow/.local/lib/python3.12/site-packages/airflow/example_dags/example_latest_only_with_trigger.py took 0.094 seconds
[2025-08-19T08:59:26.826+0000] {processor.py:161} INFO - Started process (PID=1208) to work on /home/airflow/.local/lib/python3.12/site-packages/airflow/example_dags/example_latest_only_with_trigger.py
[2025-08-19T08:59:26.828+0000] {processor.py:830} INFO - Processing file /home/airflow/.local/lib/python3.12/site-packages/airflow/example_dags/example_latest_only_with_trigger.py for tasks to queue
[2025-08-19T08:59:26.830+0000] {logging_mixin.py:188} INFO - [2025-08-19T08:59:26.830+0000] {dagbag.py:540} INFO - Filling up the DagBag from /home/airflow/.local/lib/python3.12/site-packages/airflow/example_dags/example_latest_only_with_trigger.py
[2025-08-19T08:59:26.838+0000] {processor.py:840} INFO - DAG(s) 'latest_only_with_trigger' retrieved from /home/airflow/.local/lib/python3.12/site-packages/airflow/example_dags/example_latest_only_with_trigger.py
[2025-08-19T08:59:26.865+0000] {logging_mixin.py:188} INFO - [2025-08-19T08:59:26.865+0000] {dag.py:3096} INFO - Sync 1 DAGs
[2025-08-19T08:59:26.893+0000] {logging_mixin.py:188} INFO - [2025-08-19T08:59:26.893+0000] {dag.py:3954} INFO - Setting next_dagrun for latest_only_with_trigger to 2025-08-19 04:00:00+00:00, run_after=2025-08-19 08:00:00+00:00
[2025-08-19T08:59:26.914+0000] {processor.py:183} INFO - Processing /home/airflow/.local/lib/python3.12/site-packages/airflow/example_dags/example_latest_only_with_trigger.py took 0.096 seconds
[2025-08-19T08:59:57.165+0000] {processor.py:161} INFO - Started process (PID=1266) to work on /home/airflow/.local/lib/python3.12/site-packages/airflow/example_dags/example_latest_only_with_trigger.py
[2025-08-19T08:59:57.166+0000] {processor.py:830} INFO - Processing file /home/airflow/.local/lib/python3.12/site-packages/airflow/example_dags/example_latest_only_with_trigger.py for tasks to queue
[2025-08-19T08:59:57.168+0000] {logging_mixin.py:188} INFO - [2025-08-19T08:59:57.168+0000] {dagbag.py:540} INFO - Filling up the DagBag from /home/airflow/.local/lib/python3.12/site-packages/airflow/example_dags/example_latest_only_with_trigger.py
[2025-08-19T08:59:57.176+0000] {processor.py:840} INFO - DAG(s) 'latest_only_with_trigger' retrieved from /home/airflow/.local/lib/python3.12/site-packages/airflow/example_dags/example_latest_only_with_trigger.py
[2025-08-19T08:59:57.202+0000] {logging_mixin.py:188} INFO - [2025-08-19T08:59:57.202+0000] {dag.py:3096} INFO - Sync 1 DAGs
[2025-08-19T08:59:57.226+0000] {logging_mixin.py:188} INFO - [2025-08-19T08:59:57.226+0000] {dag.py:3954} INFO - Setting next_dagrun for latest_only_with_trigger to 2025-08-19 04:00:00+00:00, run_after=2025-08-19 08:00:00+00:00
[2025-08-19T08:59:57.247+0000] {processor.py:183} INFO - Processing /home/airflow/.local/lib/python3.12/site-packages/airflow/example_dags/example_latest_only_with_trigger.py took 0.090 seconds
[2025-08-19T09:00:27.348+0000] {processor.py:161} INFO - Started process (PID=1324) to work on /home/airflow/.local/lib/python3.12/site-packages/airflow/example_dags/example_latest_only_with_trigger.py
[2025-08-19T09:00:27.349+0000] {processor.py:830} INFO - Processing file /home/airflow/.local/lib/python3.12/site-packages/airflow/example_dags/example_latest_only_with_trigger.py for tasks to queue
[2025-08-19T09:00:27.352+0000] {logging_mixin.py:188} INFO - [2025-08-19T09:00:27.351+0000] {dagbag.py:540} INFO - Filling up the DagBag from /home/airflow/.local/lib/python3.12/site-packages/airflow/example_dags/example_latest_only_with_trigger.py
[2025-08-19T09:00:27.359+0000] {processor.py:840} INFO - DAG(s) 'latest_only_with_trigger' retrieved from /home/airflow/.local/lib/python3.12/site-packages/airflow/example_dags/example_latest_only_with_trigger.py
[2025-08-19T09:00:27.388+0000] {logging_mixin.py:188} INFO - [2025-08-19T09:00:27.388+0000] {dag.py:3096} INFO - Sync 1 DAGs
[2025-08-19T09:00:27.420+0000] {logging_mixin.py:188} INFO - [2025-08-19T09:00:27.420+0000] {dag.py:3954} INFO - Setting next_dagrun for latest_only_with_trigger to 2025-08-19 04:00:00+00:00, run_after=2025-08-19 08:00:00+00:00
[2025-08-19T09:00:27.448+0000] {processor.py:183} INFO - Processing /home/airflow/.local/lib/python3.12/site-packages/airflow/example_dags/example_latest_only_with_trigger.py took 0.107 seconds
[2025-08-19T09:00:57.694+0000] {processor.py:161} INFO - Started process (PID=1382) to work on /home/airflow/.local/lib/python3.12/site-packages/airflow/example_dags/example_latest_only_with_trigger.py
[2025-08-19T09:00:57.695+0000] {processor.py:830} INFO - Processing file /home/airflow/.local/lib/python3.12/site-packages/airflow/example_dags/example_latest_only_with_trigger.py for tasks to queue
[2025-08-19T09:00:57.698+0000] {logging_mixin.py:188} INFO - [2025-08-19T09:00:57.697+0000] {dagbag.py:540} INFO - Filling up the DagBag from /home/airflow/.local/lib/python3.12/site-packages/airflow/example_dags/example_latest_only_with_trigger.py
[2025-08-19T09:00:57.705+0000] {processor.py:840} INFO - DAG(s) 'latest_only_with_trigger' retrieved from /home/airflow/.local/lib/python3.12/site-packages/airflow/example_dags/example_latest_only_with_trigger.py
[2025-08-19T09:00:57.730+0000] {logging_mixin.py:188} INFO - [2025-08-19T09:00:57.729+0000] {dag.py:3096} INFO - Sync 1 DAGs
[2025-08-19T09:00:57.753+0000] {logging_mixin.py:188} INFO - [2025-08-19T09:00:57.753+0000] {dag.py:3954} INFO - Setting next_dagrun for latest_only_with_trigger to 2025-08-19 04:00:00+00:00, run_after=2025-08-19 08:00:00+00:00
[2025-08-19T09:00:57.774+0000] {processor.py:183} INFO - Processing /home/airflow/.local/lib/python3.12/site-packages/airflow/example_dags/example_latest_only_with_trigger.py took 0.087 seconds
[2025-08-19T09:01:27.913+0000] {processor.py:161} INFO - Started process (PID=1440) to work on /home/airflow/.local/lib/python3.12/site-packages/airflow/example_dags/example_latest_only_with_trigger.py
[2025-08-19T09:01:27.914+0000] {processor.py:830} INFO - Processing file /home/airflow/.local/lib/python3.12/site-packages/airflow/example_dags/example_latest_only_with_trigger.py for tasks to queue
[2025-08-19T09:01:27.917+0000] {logging_mixin.py:188} INFO - [2025-08-19T09:01:27.916+0000] {dagbag.py:540} INFO - Filling up the DagBag from /home/airflow/.local/lib/python3.12/site-packages/airflow/example_dags/example_latest_only_with_trigger.py
[2025-08-19T09:01:27.924+0000] {processor.py:840} INFO - DAG(s) 'latest_only_with_trigger' retrieved from /home/airflow/.local/lib/python3.12/site-packages/airflow/example_dags/example_latest_only_with_trigger.py
[2025-08-19T09:01:27.949+0000] {logging_mixin.py:188} INFO - [2025-08-19T09:01:27.949+0000] {dag.py:3096} INFO - Sync 1 DAGs
[2025-08-19T09:01:27.973+0000] {logging_mixin.py:188} INFO - [2025-08-19T09:01:27.973+0000] {dag.py:3954} INFO - Setting next_dagrun for latest_only_with_trigger to 2025-08-19 04:00:00+00:00, run_after=2025-08-19 08:00:00+00:00
[2025-08-19T09:01:27.993+0000] {processor.py:183} INFO - Processing /home/airflow/.local/lib/python3.12/site-packages/airflow/example_dags/example_latest_only_with_trigger.py took 0.087 seconds
[2025-08-19T09:01:58.306+0000] {processor.py:161} INFO - Started process (PID=1497) to work on /home/airflow/.local/lib/python3.12/site-packages/airflow/example_dags/example_latest_only_with_trigger.py
[2025-08-19T09:01:58.307+0000] {processor.py:830} INFO - Processing file /home/airflow/.local/lib/python3.12/site-packages/airflow/example_dags/example_latest_only_with_trigger.py for tasks to queue
[2025-08-19T09:01:58.310+0000] {logging_mixin.py:188} INFO - [2025-08-19T09:01:58.309+0000] {dagbag.py:540} INFO - Filling up the DagBag from /home/airflow/.local/lib/python3.12/site-packages/airflow/example_dags/example_latest_only_with_trigger.py
[2025-08-19T09:01:58.318+0000] {processor.py:840} INFO - DAG(s) 'latest_only_with_trigger' retrieved from /home/airflow/.local/lib/python3.12/site-packages/airflow/example_dags/example_latest_only_with_trigger.py
[2025-08-19T09:01:58.347+0000] {logging_mixin.py:188} INFO - [2025-08-19T09:01:58.346+0000] {dag.py:3096} INFO - Sync 1 DAGs
[2025-08-19T09:01:58.375+0000] {logging_mixin.py:188} INFO - [2025-08-19T09:01:58.375+0000] {dag.py:3954} INFO - Setting next_dagrun for latest_only_with_trigger to 2025-08-19 04:00:00+00:00, run_after=2025-08-19 08:00:00+00:00
[2025-08-19T09:01:58.397+0000] {processor.py:183} INFO - Processing /home/airflow/.local/lib/python3.12/site-packages/airflow/example_dags/example_latest_only_with_trigger.py took 0.100 seconds
[2025-08-19T09:02:28.609+0000] {processor.py:161} INFO - Started process (PID=1555) to work on /home/airflow/.local/lib/python3.12/site-packages/airflow/example_dags/example_latest_only_with_trigger.py
[2025-08-19T09:02:28.610+0000] {processor.py:830} INFO - Processing file /home/airflow/.local/lib/python3.12/site-packages/airflow/example_dags/example_latest_only_with_trigger.py for tasks to queue
[2025-08-19T09:02:28.613+0000] {logging_mixin.py:188} INFO - [2025-08-19T09:02:28.612+0000] {dagbag.py:540} INFO - Filling up the DagBag from /home/airflow/.local/lib/python3.12/site-packages/airflow/example_dags/example_latest_only_with_trigger.py
[2025-08-19T09:02:28.620+0000] {processor.py:840} INFO - DAG(s) 'latest_only_with_trigger' retrieved from /home/airflow/.local/lib/python3.12/site-packages/airflow/example_dags/example_latest_only_with_trigger.py
[2025-08-19T09:02:28.646+0000] {logging_mixin.py:188} INFO - [2025-08-19T09:02:28.646+0000] {dag.py:3096} INFO - Sync 1 DAGs
[2025-08-19T09:02:28.670+0000] {logging_mixin.py:188} INFO - [2025-08-19T09:02:28.670+0000] {dag.py:3954} INFO - Setting next_dagrun for latest_only_with_trigger to 2025-08-19 04:00:00+00:00, run_after=2025-08-19 08:00:00+00:00
[2025-08-19T09:02:28.690+0000] {processor.py:183} INFO - Processing /home/airflow/.local/lib/python3.12/site-packages/airflow/example_dags/example_latest_only_with_trigger.py took 0.089 seconds
[2025-08-19T09:02:58.854+0000] {processor.py:161} INFO - Started process (PID=1613) to work on /home/airflow/.local/lib/python3.12/site-packages/airflow/example_dags/example_latest_only_with_trigger.py
[2025-08-19T09:02:58.856+0000] {processor.py:830} INFO - Processing file /home/airflow/.local/lib/python3.12/site-packages/airflow/example_dags/example_latest_only_with_trigger.py for tasks to queue
[2025-08-19T09:02:58.858+0000] {logging_mixin.py:188} INFO - [2025-08-19T09:02:58.858+0000] {dagbag.py:540} INFO - Filling up the DagBag from /home/airflow/.local/lib/python3.12/site-packages/airflow/example_dags/example_latest_only_with_trigger.py
[2025-08-19T09:02:58.865+0000] {processor.py:840} INFO - DAG(s) 'latest_only_with_trigger' retrieved from /home/airflow/.local/lib/python3.12/site-packages/airflow/example_dags/example_latest_only_with_trigger.py
[2025-08-19T09:02:58.892+0000] {logging_mixin.py:188} INFO - [2025-08-19T09:02:58.891+0000] {dag.py:3096} INFO - Sync 1 DAGs
[2025-08-19T09:02:58.917+0000] {logging_mixin.py:188} INFO - [2025-08-19T09:02:58.917+0000] {dag.py:3954} INFO - Setting next_dagrun for latest_only_with_trigger to 2025-08-19 04:00:00+00:00, run_after=2025-08-19 08:00:00+00:00
[2025-08-19T09:02:58.937+0000] {processor.py:183} INFO - Processing /home/airflow/.local/lib/python3.12/site-packages/airflow/example_dags/example_latest_only_with_trigger.py took 0.090 seconds
[2025-08-19T09:03:29.175+0000] {processor.py:161} INFO - Started process (PID=1671) to work on /home/airflow/.local/lib/python3.12/site-packages/airflow/example_dags/example_latest_only_with_trigger.py
[2025-08-19T09:03:29.176+0000] {processor.py:830} INFO - Processing file /home/airflow/.local/lib/python3.12/site-packages/airflow/example_dags/example_latest_only_with_trigger.py for tasks to queue
[2025-08-19T09:03:29.179+0000] {logging_mixin.py:188} INFO - [2025-08-19T09:03:29.179+0000] {dagbag.py:540} INFO - Filling up the DagBag from /home/airflow/.local/lib/python3.12/site-packages/airflow/example_dags/example_latest_only_with_trigger.py
[2025-08-19T09:03:29.187+0000] {processor.py:840} INFO - DAG(s) 'latest_only_with_trigger' retrieved from /home/airflow/.local/lib/python3.12/site-packages/airflow/example_dags/example_latest_only_with_trigger.py
[2025-08-19T09:03:29.214+0000] {logging_mixin.py:188} INFO - [2025-08-19T09:03:29.214+0000] {dag.py:3096} INFO - Sync 1 DAGs
[2025-08-19T09:03:29.241+0000] {logging_mixin.py:188} INFO - [2025-08-19T09:03:29.241+0000] {dag.py:3954} INFO - Setting next_dagrun for latest_only_with_trigger to 2025-08-19 04:00:00+00:00, run_after=2025-08-19 08:00:00+00:00
[2025-08-19T09:03:29.265+0000] {processor.py:183} INFO - Processing /home/airflow/.local/lib/python3.12/site-packages/airflow/example_dags/example_latest_only_with_trigger.py took 0.099 seconds
[2025-08-19T09:03:59.411+0000] {processor.py:161} INFO - Started process (PID=1729) to work on /home/airflow/.local/lib/python3.12/site-packages/airflow/example_dags/example_latest_only_with_trigger.py
[2025-08-19T09:03:59.413+0000] {processor.py:830} INFO - Processing file /home/airflow/.local/lib/python3.12/site-packages/airflow/example_dags/example_latest_only_with_trigger.py for tasks to queue
[2025-08-19T09:03:59.415+0000] {logging_mixin.py:188} INFO - [2025-08-19T09:03:59.415+0000] {dagbag.py:540} INFO - Filling up the DagBag from /home/airflow/.local/lib/python3.12/site-packages/airflow/example_dags/example_latest_only_with_trigger.py
[2025-08-19T09:03:59.422+0000] {processor.py:840} INFO - DAG(s) 'latest_only_with_trigger' retrieved from /home/airflow/.local/lib/python3.12/site-packages/airflow/example_dags/example_latest_only_with_trigger.py
[2025-08-19T09:03:59.448+0000] {logging_mixin.py:188} INFO - [2025-08-19T09:03:59.447+0000] {dag.py:3096} INFO - Sync 1 DAGs
[2025-08-19T09:03:59.477+0000] {logging_mixin.py:188} INFO - [2025-08-19T09:03:59.477+0000] {dag.py:3954} INFO - Setting next_dagrun for latest_only_with_trigger to 2025-08-19 04:00:00+00:00, run_after=2025-08-19 08:00:00+00:00
[2025-08-19T09:03:59.501+0000] {processor.py:183} INFO - Processing /home/airflow/.local/lib/python3.12/site-packages/airflow/example_dags/example_latest_only_with_trigger.py took 0.098 seconds
[2025-08-19T09:04:29.804+0000] {processor.py:161} INFO - Started process (PID=1787) to work on /home/airflow/.local/lib/python3.12/site-packages/airflow/example_dags/example_latest_only_with_trigger.py
[2025-08-19T09:04:29.805+0000] {processor.py:830} INFO - Processing file /home/airflow/.local/lib/python3.12/site-packages/airflow/example_dags/example_latest_only_with_trigger.py for tasks to queue
[2025-08-19T09:04:29.807+0000] {logging_mixin.py:188} INFO - [2025-08-19T09:04:29.807+0000] {dagbag.py:540} INFO - Filling up the DagBag from /home/airflow/.local/lib/python3.12/site-packages/airflow/example_dags/example_latest_only_with_trigger.py
[2025-08-19T09:04:29.815+0000] {processor.py:840} INFO - DAG(s) 'latest_only_with_trigger' retrieved from /home/airflow/.local/lib/python3.12/site-packages/airflow/example_dags/example_latest_only_with_trigger.py
[2025-08-19T09:04:29.843+0000] {logging_mixin.py:188} INFO - [2025-08-19T09:04:29.843+0000] {dag.py:3096} INFO - Sync 1 DAGs
[2025-08-19T09:04:29.869+0000] {logging_mixin.py:188} INFO - [2025-08-19T09:04:29.869+0000] {dag.py:3954} INFO - Setting next_dagrun for latest_only_with_trigger to 2025-08-19 04:00:00+00:00, run_after=2025-08-19 08:00:00+00:00
[2025-08-19T09:04:29.890+0000] {processor.py:183} INFO - Processing /home/airflow/.local/lib/python3.12/site-packages/airflow/example_dags/example_latest_only_with_trigger.py took 0.095 seconds
[2025-08-19T09:05:00.050+0000] {processor.py:161} INFO - Started process (PID=1846) to work on /home/airflow/.local/lib/python3.12/site-packages/airflow/example_dags/example_latest_only_with_trigger.py
[2025-08-19T09:05:00.051+0000] {processor.py:830} INFO - Processing file /home/airflow/.local/lib/python3.12/site-packages/airflow/example_dags/example_latest_only_with_trigger.py for tasks to queue
[2025-08-19T09:05:00.053+0000] {logging_mixin.py:188} INFO - [2025-08-19T09:05:00.053+0000] {dagbag.py:540} INFO - Filling up the DagBag from /home/airflow/.local/lib/python3.12/site-packages/airflow/example_dags/example_latest_only_with_trigger.py
[2025-08-19T09:05:00.061+0000] {processor.py:840} INFO - DAG(s) 'latest_only_with_trigger' retrieved from /home/airflow/.local/lib/python3.12/site-packages/airflow/example_dags/example_latest_only_with_trigger.py
[2025-08-19T09:05:00.088+0000] {logging_mixin.py:188} INFO - [2025-08-19T09:05:00.088+0000] {dag.py:3096} INFO - Sync 1 DAGs
[2025-08-19T09:05:00.112+0000] {logging_mixin.py:188} INFO - [2025-08-19T09:05:00.112+0000] {dag.py:3954} INFO - Setting next_dagrun for latest_only_with_trigger to 2025-08-19 04:00:00+00:00, run_after=2025-08-19 08:00:00+00:00
[2025-08-19T09:05:00.132+0000] {processor.py:183} INFO - Processing /home/airflow/.local/lib/python3.12/site-packages/airflow/example_dags/example_latest_only_with_trigger.py took 0.090 seconds
[2025-08-19T09:05:30.299+0000] {processor.py:161} INFO - Started process (PID=1905) to work on /home/airflow/.local/lib/python3.12/site-packages/airflow/example_dags/example_latest_only_with_trigger.py
[2025-08-19T09:05:30.300+0000] {processor.py:830} INFO - Processing file /home/airflow/.local/lib/python3.12/site-packages/airflow/example_dags/example_latest_only_with_trigger.py for tasks to queue
[2025-08-19T09:05:30.303+0000] {logging_mixin.py:188} INFO - [2025-08-19T09:05:30.302+0000] {dagbag.py:540} INFO - Filling up the DagBag from /home/airflow/.local/lib/python3.12/site-packages/airflow/example_dags/example_latest_only_with_trigger.py
[2025-08-19T09:05:30.310+0000] {processor.py:840} INFO - DAG(s) 'latest_only_with_trigger' retrieved from /home/airflow/.local/lib/python3.12/site-packages/airflow/example_dags/example_latest_only_with_trigger.py
[2025-08-19T09:05:30.336+0000] {logging_mixin.py:188} INFO - [2025-08-19T09:05:30.336+0000] {dag.py:3096} INFO - Sync 1 DAGs
[2025-08-19T09:05:30.360+0000] {logging_mixin.py:188} INFO - [2025-08-19T09:05:30.360+0000] {dag.py:3954} INFO - Setting next_dagrun for latest_only_with_trigger to 2025-08-19 04:00:00+00:00, run_after=2025-08-19 08:00:00+00:00
[2025-08-19T09:05:30.380+0000] {processor.py:183} INFO - Processing /home/airflow/.local/lib/python3.12/site-packages/airflow/example_dags/example_latest_only_with_trigger.py took 0.088 seconds
[2025-08-19T09:06:00.600+0000] {processor.py:161} INFO - Started process (PID=1963) to work on /home/airflow/.local/lib/python3.12/site-packages/airflow/example_dags/example_latest_only_with_trigger.py
[2025-08-19T09:06:00.602+0000] {processor.py:830} INFO - Processing file /home/airflow/.local/lib/python3.12/site-packages/airflow/example_dags/example_latest_only_with_trigger.py for tasks to queue
[2025-08-19T09:06:00.604+0000] {logging_mixin.py:188} INFO - [2025-08-19T09:06:00.604+0000] {dagbag.py:540} INFO - Filling up the DagBag from /home/airflow/.local/lib/python3.12/site-packages/airflow/example_dags/example_latest_only_with_trigger.py
[2025-08-19T09:06:00.611+0000] {processor.py:840} INFO - DAG(s) 'latest_only_with_trigger' retrieved from /home/airflow/.local/lib/python3.12/site-packages/airflow/example_dags/example_latest_only_with_trigger.py
[2025-08-19T09:06:00.638+0000] {logging_mixin.py:188} INFO - [2025-08-19T09:06:00.638+0000] {dag.py:3096} INFO - Sync 1 DAGs
[2025-08-19T09:06:00.664+0000] {logging_mixin.py:188} INFO - [2025-08-19T09:06:00.664+0000] {dag.py:3954} INFO - Setting next_dagrun for latest_only_with_trigger to 2025-08-19 04:00:00+00:00, run_after=2025-08-19 08:00:00+00:00
[2025-08-19T09:06:00.686+0000] {processor.py:183} INFO - Processing /home/airflow/.local/lib/python3.12/site-packages/airflow/example_dags/example_latest_only_with_trigger.py took 0.093 seconds
[2025-08-19T09:06:30.976+0000] {processor.py:161} INFO - Started process (PID=2021) to work on /home/airflow/.local/lib/python3.12/site-packages/airflow/example_dags/example_latest_only_with_trigger.py
[2025-08-19T09:06:30.977+0000] {processor.py:830} INFO - Processing file /home/airflow/.local/lib/python3.12/site-packages/airflow/example_dags/example_latest_only_with_trigger.py for tasks to queue
[2025-08-19T09:06:30.980+0000] {logging_mixin.py:188} INFO - [2025-08-19T09:06:30.979+0000] {dagbag.py:540} INFO - Filling up the DagBag from /home/airflow/.local/lib/python3.12/site-packages/airflow/example_dags/example_latest_only_with_trigger.py
[2025-08-19T09:06:30.987+0000] {processor.py:840} INFO - DAG(s) 'latest_only_with_trigger' retrieved from /home/airflow/.local/lib/python3.12/site-packages/airflow/example_dags/example_latest_only_with_trigger.py
[2025-08-19T09:06:31.013+0000] {logging_mixin.py:188} INFO - [2025-08-19T09:06:31.013+0000] {dag.py:3096} INFO - Sync 1 DAGs
[2025-08-19T09:06:31.037+0000] {logging_mixin.py:188} INFO - [2025-08-19T09:06:31.037+0000] {dag.py:3954} INFO - Setting next_dagrun for latest_only_with_trigger to 2025-08-19 04:00:00+00:00, run_after=2025-08-19 08:00:00+00:00
[2025-08-19T09:06:31.057+0000] {processor.py:183} INFO - Processing /home/airflow/.local/lib/python3.12/site-packages/airflow/example_dags/example_latest_only_with_trigger.py took 0.089 seconds
[2025-08-19T09:07:01.179+0000] {processor.py:161} INFO - Started process (PID=2080) to work on /home/airflow/.local/lib/python3.12/site-packages/airflow/example_dags/example_latest_only_with_trigger.py
[2025-08-19T09:07:01.181+0000] {processor.py:830} INFO - Processing file /home/airflow/.local/lib/python3.12/site-packages/airflow/example_dags/example_latest_only_with_trigger.py for tasks to queue
[2025-08-19T09:07:01.183+0000] {logging_mixin.py:188} INFO - [2025-08-19T09:07:01.183+0000] {dagbag.py:540} INFO - Filling up the DagBag from /home/airflow/.local/lib/python3.12/site-packages/airflow/example_dags/example_latest_only_with_trigger.py
[2025-08-19T09:07:01.190+0000] {processor.py:840} INFO - DAG(s) 'latest_only_with_trigger' retrieved from /home/airflow/.local/lib/python3.12/site-packages/airflow/example_dags/example_latest_only_with_trigger.py
[2025-08-19T09:07:01.217+0000] {logging_mixin.py:188} INFO - [2025-08-19T09:07:01.216+0000] {dag.py:3096} INFO - Sync 1 DAGs
[2025-08-19T09:07:01.241+0000] {logging_mixin.py:188} INFO - [2025-08-19T09:07:01.241+0000] {dag.py:3954} INFO - Setting next_dagrun for latest_only_with_trigger to 2025-08-19 04:00:00+00:00, run_after=2025-08-19 08:00:00+00:00
[2025-08-19T09:07:01.260+0000] {processor.py:183} INFO - Processing /home/airflow/.local/lib/python3.12/site-packages/airflow/example_dags/example_latest_only_with_trigger.py took 0.089 seconds
[2025-08-19T09:07:31.545+0000] {processor.py:161} INFO - Started process (PID=2138) to work on /home/airflow/.local/lib/python3.12/site-packages/airflow/example_dags/example_latest_only_with_trigger.py
[2025-08-19T09:07:31.547+0000] {processor.py:830} INFO - Processing file /home/airflow/.local/lib/python3.12/site-packages/airflow/example_dags/example_latest_only_with_trigger.py for tasks to queue
[2025-08-19T09:07:31.549+0000] {logging_mixin.py:188} INFO - [2025-08-19T09:07:31.549+0000] {dagbag.py:540} INFO - Filling up the DagBag from /home/airflow/.local/lib/python3.12/site-packages/airflow/example_dags/example_latest_only_with_trigger.py
[2025-08-19T09:07:31.557+0000] {processor.py:840} INFO - DAG(s) 'latest_only_with_trigger' retrieved from /home/airflow/.local/lib/python3.12/site-packages/airflow/example_dags/example_latest_only_with_trigger.py
[2025-08-19T09:07:31.584+0000] {logging_mixin.py:188} INFO - [2025-08-19T09:07:31.584+0000] {dag.py:3096} INFO - Sync 1 DAGs
[2025-08-19T09:07:31.609+0000] {logging_mixin.py:188} INFO - [2025-08-19T09:07:31.609+0000] {dag.py:3954} INFO - Setting next_dagrun for latest_only_with_trigger to 2025-08-19 04:00:00+00:00, run_after=2025-08-19 08:00:00+00:00
[2025-08-19T09:07:31.629+0000] {processor.py:183} INFO - Processing /home/airflow/.local/lib/python3.12/site-packages/airflow/example_dags/example_latest_only_with_trigger.py took 0.091 seconds
[2025-08-19T09:08:01.883+0000] {processor.py:161} INFO - Started process (PID=2196) to work on /home/airflow/.local/lib/python3.12/site-packages/airflow/example_dags/example_latest_only_with_trigger.py
[2025-08-19T09:08:01.884+0000] {processor.py:830} INFO - Processing file /home/airflow/.local/lib/python3.12/site-packages/airflow/example_dags/example_latest_only_with_trigger.py for tasks to queue
[2025-08-19T09:08:01.886+0000] {logging_mixin.py:188} INFO - [2025-08-19T09:08:01.886+0000] {dagbag.py:540} INFO - Filling up the DagBag from /home/airflow/.local/lib/python3.12/site-packages/airflow/example_dags/example_latest_only_with_trigger.py
[2025-08-19T09:08:01.893+0000] {processor.py:840} INFO - DAG(s) 'latest_only_with_trigger' retrieved from /home/airflow/.local/lib/python3.12/site-packages/airflow/example_dags/example_latest_only_with_trigger.py
[2025-08-19T09:08:01.920+0000] {logging_mixin.py:188} INFO - [2025-08-19T09:08:01.920+0000] {dag.py:3096} INFO - Sync 1 DAGs
[2025-08-19T09:08:01.946+0000] {logging_mixin.py:188} INFO - [2025-08-19T09:08:01.946+0000] {dag.py:3954} INFO - Setting next_dagrun for latest_only_with_trigger to 2025-08-19 04:00:00+00:00, run_after=2025-08-19 08:00:00+00:00
[2025-08-19T09:08:01.967+0000] {processor.py:183} INFO - Processing /home/airflow/.local/lib/python3.12/site-packages/airflow/example_dags/example_latest_only_with_trigger.py took 0.092 seconds
[2025-08-19T09:08:32.698+0000] {processor.py:161} INFO - Started process (PID=2254) to work on /home/airflow/.local/lib/python3.12/site-packages/airflow/example_dags/example_latest_only_with_trigger.py
[2025-08-19T09:08:32.700+0000] {processor.py:830} INFO - Processing file /home/airflow/.local/lib/python3.12/site-packages/airflow/example_dags/example_latest_only_with_trigger.py for tasks to queue
[2025-08-19T09:08:32.703+0000] {logging_mixin.py:188} INFO - [2025-08-19T09:08:32.703+0000] {dagbag.py:540} INFO - Filling up the DagBag from /home/airflow/.local/lib/python3.12/site-packages/airflow/example_dags/example_latest_only_with_trigger.py
[2025-08-19T09:08:32.712+0000] {processor.py:840} INFO - DAG(s) 'latest_only_with_trigger' retrieved from /home/airflow/.local/lib/python3.12/site-packages/airflow/example_dags/example_latest_only_with_trigger.py
[2025-08-19T09:08:32.743+0000] {logging_mixin.py:188} INFO - [2025-08-19T09:08:32.742+0000] {dag.py:3096} INFO - Sync 1 DAGs
[2025-08-19T09:08:32.770+0000] {logging_mixin.py:188} INFO - [2025-08-19T09:08:32.770+0000] {dag.py:3954} INFO - Setting next_dagrun for latest_only_with_trigger to 2025-08-19 04:00:00+00:00, run_after=2025-08-19 08:00:00+00:00
[2025-08-19T09:08:32.791+0000] {processor.py:183} INFO - Processing /home/airflow/.local/lib/python3.12/site-packages/airflow/example_dags/example_latest_only_with_trigger.py took 0.102 seconds
[2025-08-19T09:09:03.057+0000] {processor.py:161} INFO - Started process (PID=2312) to work on /home/airflow/.local/lib/python3.12/site-packages/airflow/example_dags/example_latest_only_with_trigger.py
[2025-08-19T09:09:03.059+0000] {processor.py:830} INFO - Processing file /home/airflow/.local/lib/python3.12/site-packages/airflow/example_dags/example_latest_only_with_trigger.py for tasks to queue
[2025-08-19T09:09:03.062+0000] {logging_mixin.py:188} INFO - [2025-08-19T09:09:03.061+0000] {dagbag.py:540} INFO - Filling up the DagBag from /home/airflow/.local/lib/python3.12/site-packages/airflow/example_dags/example_latest_only_with_trigger.py
[2025-08-19T09:09:03.072+0000] {processor.py:840} INFO - DAG(s) 'latest_only_with_trigger' retrieved from /home/airflow/.local/lib/python3.12/site-packages/airflow/example_dags/example_latest_only_with_trigger.py
[2025-08-19T09:09:03.101+0000] {logging_mixin.py:188} INFO - [2025-08-19T09:09:03.101+0000] {dag.py:3096} INFO - Sync 1 DAGs
[2025-08-19T09:09:03.129+0000] {logging_mixin.py:188} INFO - [2025-08-19T09:09:03.128+0000] {dag.py:3954} INFO - Setting next_dagrun for latest_only_with_trigger to 2025-08-19 04:00:00+00:00, run_after=2025-08-19 08:00:00+00:00
[2025-08-19T09:09:03.147+0000] {processor.py:183} INFO - Processing /home/airflow/.local/lib/python3.12/site-packages/airflow/example_dags/example_latest_only_with_trigger.py took 0.101 seconds
[2025-08-19T09:09:33.620+0000] {processor.py:161} INFO - Started process (PID=2370) to work on /home/airflow/.local/lib/python3.12/site-packages/airflow/example_dags/example_latest_only_with_trigger.py
[2025-08-19T09:09:33.622+0000] {processor.py:830} INFO - Processing file /home/airflow/.local/lib/python3.12/site-packages/airflow/example_dags/example_latest_only_with_trigger.py for tasks to queue
[2025-08-19T09:09:33.624+0000] {logging_mixin.py:188} INFO - [2025-08-19T09:09:33.624+0000] {dagbag.py:540} INFO - Filling up the DagBag from /home/airflow/.local/lib/python3.12/site-packages/airflow/example_dags/example_latest_only_with_trigger.py
[2025-08-19T09:09:33.631+0000] {processor.py:840} INFO - DAG(s) 'latest_only_with_trigger' retrieved from /home/airflow/.local/lib/python3.12/site-packages/airflow/example_dags/example_latest_only_with_trigger.py
[2025-08-19T09:09:33.658+0000] {logging_mixin.py:188} INFO - [2025-08-19T09:09:33.658+0000] {dag.py:3096} INFO - Sync 1 DAGs
[2025-08-19T09:09:33.682+0000] {logging_mixin.py:188} INFO - [2025-08-19T09:09:33.682+0000] {dag.py:3954} INFO - Setting next_dagrun for latest_only_with_trigger to 2025-08-19 04:00:00+00:00, run_after=2025-08-19 08:00:00+00:00
[2025-08-19T09:09:33.702+0000] {processor.py:183} INFO - Processing /home/airflow/.local/lib/python3.12/site-packages/airflow/example_dags/example_latest_only_with_trigger.py took 0.090 seconds
[2025-08-19T09:10:04.200+0000] {processor.py:161} INFO - Started process (PID=2428) to work on /home/airflow/.local/lib/python3.12/site-packages/airflow/example_dags/example_latest_only_with_trigger.py
[2025-08-19T09:10:04.202+0000] {processor.py:830} INFO - Processing file /home/airflow/.local/lib/python3.12/site-packages/airflow/example_dags/example_latest_only_with_trigger.py for tasks to queue
[2025-08-19T09:10:04.204+0000] {logging_mixin.py:188} INFO - [2025-08-19T09:10:04.204+0000] {dagbag.py:540} INFO - Filling up the DagBag from /home/airflow/.local/lib/python3.12/site-packages/airflow/example_dags/example_latest_only_with_trigger.py
[2025-08-19T09:10:04.211+0000] {processor.py:840} INFO - DAG(s) 'latest_only_with_trigger' retrieved from /home/airflow/.local/lib/python3.12/site-packages/airflow/example_dags/example_latest_only_with_trigger.py
[2025-08-19T09:10:04.240+0000] {logging_mixin.py:188} INFO - [2025-08-19T09:10:04.240+0000] {dag.py:3096} INFO - Sync 1 DAGs
[2025-08-19T09:10:04.266+0000] {logging_mixin.py:188} INFO - [2025-08-19T09:10:04.265+0000] {dag.py:3954} INFO - Setting next_dagrun for latest_only_with_trigger to 2025-08-19 04:00:00+00:00, run_after=2025-08-19 08:00:00+00:00
[2025-08-19T09:10:04.287+0000] {processor.py:183} INFO - Processing /home/airflow/.local/lib/python3.12/site-packages/airflow/example_dags/example_latest_only_with_trigger.py took 0.094 seconds
[2025-08-19T09:10:34.694+0000] {processor.py:161} INFO - Started process (PID=2486) to work on /home/airflow/.local/lib/python3.12/site-packages/airflow/example_dags/example_latest_only_with_trigger.py
[2025-08-19T09:10:34.696+0000] {processor.py:830} INFO - Processing file /home/airflow/.local/lib/python3.12/site-packages/airflow/example_dags/example_latest_only_with_trigger.py for tasks to queue
[2025-08-19T09:10:34.698+0000] {logging_mixin.py:188} INFO - [2025-08-19T09:10:34.698+0000] {dagbag.py:540} INFO - Filling up the DagBag from /home/airflow/.local/lib/python3.12/site-packages/airflow/example_dags/example_latest_only_with_trigger.py
[2025-08-19T09:10:34.705+0000] {processor.py:840} INFO - DAG(s) 'latest_only_with_trigger' retrieved from /home/airflow/.local/lib/python3.12/site-packages/airflow/example_dags/example_latest_only_with_trigger.py
[2025-08-19T09:10:34.732+0000] {logging_mixin.py:188} INFO - [2025-08-19T09:10:34.732+0000] {dag.py:3096} INFO - Sync 1 DAGs
[2025-08-19T09:10:34.757+0000] {logging_mixin.py:188} INFO - [2025-08-19T09:10:34.756+0000] {dag.py:3954} INFO - Setting next_dagrun for latest_only_with_trigger to 2025-08-19 04:00:00+00:00, run_after=2025-08-19 08:00:00+00:00
[2025-08-19T09:10:34.776+0000] {processor.py:183} INFO - Processing /home/airflow/.local/lib/python3.12/site-packages/airflow/example_dags/example_latest_only_with_trigger.py took 0.089 seconds
[2025-08-19T09:11:05.546+0000] {processor.py:161} INFO - Started process (PID=2544) to work on /home/airflow/.local/lib/python3.12/site-packages/airflow/example_dags/example_latest_only_with_trigger.py
[2025-08-19T09:11:05.548+0000] {processor.py:830} INFO - Processing file /home/airflow/.local/lib/python3.12/site-packages/airflow/example_dags/example_latest_only_with_trigger.py for tasks to queue
[2025-08-19T09:11:05.551+0000] {logging_mixin.py:188} INFO - [2025-08-19T09:11:05.550+0000] {dagbag.py:540} INFO - Filling up the DagBag from /home/airflow/.local/lib/python3.12/site-packages/airflow/example_dags/example_latest_only_with_trigger.py
[2025-08-19T09:11:05.558+0000] {processor.py:840} INFO - DAG(s) 'latest_only_with_trigger' retrieved from /home/airflow/.local/lib/python3.12/site-packages/airflow/example_dags/example_latest_only_with_trigger.py
[2025-08-19T09:11:05.589+0000] {logging_mixin.py:188} INFO - [2025-08-19T09:11:05.588+0000] {dag.py:3096} INFO - Sync 1 DAGs
[2025-08-19T09:11:05.615+0000] {logging_mixin.py:188} INFO - [2025-08-19T09:11:05.615+0000] {dag.py:3954} INFO - Setting next_dagrun for latest_only_with_trigger to 2025-08-19 04:00:00+00:00, run_after=2025-08-19 08:00:00+00:00
[2025-08-19T09:11:05.636+0000] {processor.py:183} INFO - Processing /home/airflow/.local/lib/python3.12/site-packages/airflow/example_dags/example_latest_only_with_trigger.py took 0.098 seconds
