[2025-08-19T08:49:42.201+0000] {processor.py:161} INFO - Started process (PID=81) to work on /home/airflow/.local/lib/python3.12/site-packages/airflow/example_dags/example_external_task_marker_dag.py
[2025-08-19T08:49:42.202+0000] {processor.py:830} INFO - Processing file /home/airflow/.local/lib/python3.12/site-packages/airflow/example_dags/example_external_task_marker_dag.py for tasks to queue
[2025-08-19T08:49:42.205+0000] {logging_mixin.py:188} INFO - [2025-08-19T08:49:42.204+0000] {dagbag.py:540} INFO - Filling up the DagBag from /home/airflow/.local/lib/python3.12/site-packages/airflow/example_dags/example_external_task_marker_dag.py
[2025-08-19T08:49:42.216+0000] {processor.py:840} INFO - DAG(s) 'example_external_task_marker_parent', 'example_external_task_marker_child' retrieved from /home/airflow/.local/lib/python3.12/site-packages/airflow/example_dags/example_external_task_marker_dag.py
[2025-08-19T08:49:42.362+0000] {logging_mixin.py:188} INFO - [2025-08-19T08:49:42.362+0000] {dag.py:3096} INFO - Sync 2 DAGs
[2025-08-19T08:49:42.376+0000] {logging_mixin.py:188} INFO - [2025-08-19T08:49:42.376+0000] {dag.py:3954} INFO - Setting next_dagrun for example_external_task_marker_child to None, run_after=None
[2025-08-19T08:49:42.380+0000] {logging_mixin.py:188} INFO - [2025-08-19T08:49:42.379+0000] {dag.py:3954} INFO - Setting next_dagrun for example_external_task_marker_parent to None, run_after=None
[2025-08-19T08:49:42.401+0000] {processor.py:183} INFO - Processing /home/airflow/.local/lib/python3.12/site-packages/airflow/example_dags/example_external_task_marker_dag.py took 0.208 seconds
[2025-08-19T08:50:12.750+0000] {processor.py:161} INFO - Started process (PID=139) to work on /home/airflow/.local/lib/python3.12/site-packages/airflow/example_dags/example_external_task_marker_dag.py
[2025-08-19T08:50:12.751+0000] {processor.py:830} INFO - Processing file /home/airflow/.local/lib/python3.12/site-packages/airflow/example_dags/example_external_task_marker_dag.py for tasks to queue
[2025-08-19T08:50:12.754+0000] {logging_mixin.py:188} INFO - [2025-08-19T08:50:12.753+0000] {dagbag.py:540} INFO - Filling up the DagBag from /home/airflow/.local/lib/python3.12/site-packages/airflow/example_dags/example_external_task_marker_dag.py
[2025-08-19T08:50:12.762+0000] {processor.py:840} INFO - DAG(s) 'example_external_task_marker_parent', 'example_external_task_marker_child' retrieved from /home/airflow/.local/lib/python3.12/site-packages/airflow/example_dags/example_external_task_marker_dag.py
[2025-08-19T08:50:12.789+0000] {logging_mixin.py:188} INFO - [2025-08-19T08:50:12.789+0000] {dag.py:3096} INFO - Sync 2 DAGs
[2025-08-19T08:50:12.805+0000] {logging_mixin.py:188} INFO - [2025-08-19T08:50:12.804+0000] {dag.py:3954} INFO - Setting next_dagrun for example_external_task_marker_child to None, run_after=None
[2025-08-19T08:50:12.809+0000] {logging_mixin.py:188} INFO - [2025-08-19T08:50:12.809+0000] {dag.py:3954} INFO - Setting next_dagrun for example_external_task_marker_parent to None, run_after=None
[2025-08-19T08:50:12.829+0000] {processor.py:183} INFO - Processing /home/airflow/.local/lib/python3.12/site-packages/airflow/example_dags/example_external_task_marker_dag.py took 0.086 seconds
[2025-08-19T08:50:43.814+0000] {processor.py:161} INFO - Started process (PID=202) to work on /home/airflow/.local/lib/python3.12/site-packages/airflow/example_dags/example_external_task_marker_dag.py
[2025-08-19T08:50:43.815+0000] {processor.py:830} INFO - Processing file /home/airflow/.local/lib/python3.12/site-packages/airflow/example_dags/example_external_task_marker_dag.py for tasks to queue
[2025-08-19T08:50:43.817+0000] {logging_mixin.py:188} INFO - [2025-08-19T08:50:43.817+0000] {dagbag.py:540} INFO - Filling up the DagBag from /home/airflow/.local/lib/python3.12/site-packages/airflow/example_dags/example_external_task_marker_dag.py
[2025-08-19T08:50:43.824+0000] {processor.py:840} INFO - DAG(s) 'example_external_task_marker_parent', 'example_external_task_marker_child' retrieved from /home/airflow/.local/lib/python3.12/site-packages/airflow/example_dags/example_external_task_marker_dag.py
[2025-08-19T08:50:43.842+0000] {logging_mixin.py:188} INFO - [2025-08-19T08:50:43.841+0000] {dag.py:3096} INFO - Sync 2 DAGs
[2025-08-19T08:50:43.858+0000] {logging_mixin.py:188} INFO - [2025-08-19T08:50:43.858+0000] {dag.py:3954} INFO - Setting next_dagrun for example_external_task_marker_child to None, run_after=None
[2025-08-19T08:50:43.863+0000] {logging_mixin.py:188} INFO - [2025-08-19T08:50:43.862+0000] {dag.py:3954} INFO - Setting next_dagrun for example_external_task_marker_parent to None, run_after=None
[2025-08-19T08:50:43.881+0000] {processor.py:183} INFO - Processing /home/airflow/.local/lib/python3.12/site-packages/airflow/example_dags/example_external_task_marker_dag.py took 0.075 seconds
[2025-08-19T08:51:14.383+0000] {processor.py:161} INFO - Started process (PID=261) to work on /home/airflow/.local/lib/python3.12/site-packages/airflow/example_dags/example_external_task_marker_dag.py
[2025-08-19T08:51:14.385+0000] {processor.py:830} INFO - Processing file /home/airflow/.local/lib/python3.12/site-packages/airflow/example_dags/example_external_task_marker_dag.py for tasks to queue
[2025-08-19T08:51:14.387+0000] {logging_mixin.py:188} INFO - [2025-08-19T08:51:14.386+0000] {dagbag.py:540} INFO - Filling up the DagBag from /home/airflow/.local/lib/python3.12/site-packages/airflow/example_dags/example_external_task_marker_dag.py
[2025-08-19T08:51:14.397+0000] {processor.py:840} INFO - DAG(s) 'example_external_task_marker_child', 'example_external_task_marker_parent' retrieved from /home/airflow/.local/lib/python3.12/site-packages/airflow/example_dags/example_external_task_marker_dag.py
[2025-08-19T08:51:14.537+0000] {logging_mixin.py:188} INFO - [2025-08-19T08:51:14.536+0000] {dag.py:3096} INFO - Sync 2 DAGs
[2025-08-19T08:51:14.549+0000] {logging_mixin.py:188} INFO - [2025-08-19T08:51:14.549+0000] {dag.py:3954} INFO - Setting next_dagrun for example_external_task_marker_child to None, run_after=None
[2025-08-19T08:51:14.552+0000] {logging_mixin.py:188} INFO - [2025-08-19T08:51:14.552+0000] {dag.py:3954} INFO - Setting next_dagrun for example_external_task_marker_parent to None, run_after=None
[2025-08-19T08:51:14.571+0000] {processor.py:183} INFO - Processing /home/airflow/.local/lib/python3.12/site-packages/airflow/example_dags/example_external_task_marker_dag.py took 0.195 seconds
[2025-08-19T08:51:44.708+0000] {processor.py:161} INFO - Started process (PID=319) to work on /home/airflow/.local/lib/python3.12/site-packages/airflow/example_dags/example_external_task_marker_dag.py
[2025-08-19T08:51:44.709+0000] {processor.py:830} INFO - Processing file /home/airflow/.local/lib/python3.12/site-packages/airflow/example_dags/example_external_task_marker_dag.py for tasks to queue
[2025-08-19T08:51:44.711+0000] {logging_mixin.py:188} INFO - [2025-08-19T08:51:44.711+0000] {dagbag.py:540} INFO - Filling up the DagBag from /home/airflow/.local/lib/python3.12/site-packages/airflow/example_dags/example_external_task_marker_dag.py
[2025-08-19T08:51:44.719+0000] {processor.py:840} INFO - DAG(s) 'example_external_task_marker_parent', 'example_external_task_marker_child' retrieved from /home/airflow/.local/lib/python3.12/site-packages/airflow/example_dags/example_external_task_marker_dag.py
[2025-08-19T08:51:44.751+0000] {logging_mixin.py:188} INFO - [2025-08-19T08:51:44.750+0000] {dag.py:3096} INFO - Sync 2 DAGs
[2025-08-19T08:51:44.767+0000] {logging_mixin.py:188} INFO - [2025-08-19T08:51:44.767+0000] {dag.py:3954} INFO - Setting next_dagrun for example_external_task_marker_child to None, run_after=None
[2025-08-19T08:51:44.771+0000] {logging_mixin.py:188} INFO - [2025-08-19T08:51:44.771+0000] {dag.py:3954} INFO - Setting next_dagrun for example_external_task_marker_parent to None, run_after=None
[2025-08-19T08:51:44.789+0000] {processor.py:183} INFO - Processing /home/airflow/.local/lib/python3.12/site-packages/airflow/example_dags/example_external_task_marker_dag.py took 0.089 seconds
[2025-08-19T08:52:15.043+0000] {processor.py:161} INFO - Started process (PID=377) to work on /home/airflow/.local/lib/python3.12/site-packages/airflow/example_dags/example_external_task_marker_dag.py
[2025-08-19T08:52:15.045+0000] {processor.py:830} INFO - Processing file /home/airflow/.local/lib/python3.12/site-packages/airflow/example_dags/example_external_task_marker_dag.py for tasks to queue
[2025-08-19T08:52:15.047+0000] {logging_mixin.py:188} INFO - [2025-08-19T08:52:15.047+0000] {dagbag.py:540} INFO - Filling up the DagBag from /home/airflow/.local/lib/python3.12/site-packages/airflow/example_dags/example_external_task_marker_dag.py
[2025-08-19T08:52:15.055+0000] {processor.py:840} INFO - DAG(s) 'example_external_task_marker_child', 'example_external_task_marker_parent' retrieved from /home/airflow/.local/lib/python3.12/site-packages/airflow/example_dags/example_external_task_marker_dag.py
[2025-08-19T08:52:15.086+0000] {logging_mixin.py:188} INFO - [2025-08-19T08:52:15.085+0000] {dag.py:3096} INFO - Sync 2 DAGs
[2025-08-19T08:52:15.101+0000] {logging_mixin.py:188} INFO - [2025-08-19T08:52:15.101+0000] {dag.py:3954} INFO - Setting next_dagrun for example_external_task_marker_child to None, run_after=None
[2025-08-19T08:52:15.106+0000] {logging_mixin.py:188} INFO - [2025-08-19T08:52:15.105+0000] {dag.py:3954} INFO - Setting next_dagrun for example_external_task_marker_parent to None, run_after=None
[2025-08-19T08:52:15.124+0000] {processor.py:183} INFO - Processing /home/airflow/.local/lib/python3.12/site-packages/airflow/example_dags/example_external_task_marker_dag.py took 0.089 seconds
[2025-08-19T08:52:45.351+0000] {processor.py:161} INFO - Started process (PID=436) to work on /home/airflow/.local/lib/python3.12/site-packages/airflow/example_dags/example_external_task_marker_dag.py
[2025-08-19T08:52:45.352+0000] {processor.py:830} INFO - Processing file /home/airflow/.local/lib/python3.12/site-packages/airflow/example_dags/example_external_task_marker_dag.py for tasks to queue
[2025-08-19T08:52:45.355+0000] {logging_mixin.py:188} INFO - [2025-08-19T08:52:45.355+0000] {dagbag.py:540} INFO - Filling up the DagBag from /home/airflow/.local/lib/python3.12/site-packages/airflow/example_dags/example_external_task_marker_dag.py
[2025-08-19T08:52:45.363+0000] {processor.py:840} INFO - DAG(s) 'example_external_task_marker_child', 'example_external_task_marker_parent' retrieved from /home/airflow/.local/lib/python3.12/site-packages/airflow/example_dags/example_external_task_marker_dag.py
[2025-08-19T08:52:45.393+0000] {logging_mixin.py:188} INFO - [2025-08-19T08:52:45.393+0000] {dag.py:3096} INFO - Sync 2 DAGs
[2025-08-19T08:52:45.408+0000] {logging_mixin.py:188} INFO - [2025-08-19T08:52:45.408+0000] {dag.py:3954} INFO - Setting next_dagrun for example_external_task_marker_child to None, run_after=None
[2025-08-19T08:52:45.412+0000] {logging_mixin.py:188} INFO - [2025-08-19T08:52:45.412+0000] {dag.py:3954} INFO - Setting next_dagrun for example_external_task_marker_parent to None, run_after=None
[2025-08-19T08:52:45.433+0000] {processor.py:183} INFO - Processing /home/airflow/.local/lib/python3.12/site-packages/airflow/example_dags/example_external_task_marker_dag.py took 0.090 seconds
[2025-08-19T08:53:15.554+0000] {processor.py:161} INFO - Started process (PID=495) to work on /home/airflow/.local/lib/python3.12/site-packages/airflow/example_dags/example_external_task_marker_dag.py
[2025-08-19T08:53:15.555+0000] {processor.py:830} INFO - Processing file /home/airflow/.local/lib/python3.12/site-packages/airflow/example_dags/example_external_task_marker_dag.py for tasks to queue
[2025-08-19T08:53:15.558+0000] {logging_mixin.py:188} INFO - [2025-08-19T08:53:15.557+0000] {dagbag.py:540} INFO - Filling up the DagBag from /home/airflow/.local/lib/python3.12/site-packages/airflow/example_dags/example_external_task_marker_dag.py
[2025-08-19T08:53:15.566+0000] {processor.py:840} INFO - DAG(s) 'example_external_task_marker_child', 'example_external_task_marker_parent' retrieved from /home/airflow/.local/lib/python3.12/site-packages/airflow/example_dags/example_external_task_marker_dag.py
[2025-08-19T08:53:15.596+0000] {logging_mixin.py:188} INFO - [2025-08-19T08:53:15.596+0000] {dag.py:3096} INFO - Sync 2 DAGs
[2025-08-19T08:53:15.612+0000] {logging_mixin.py:188} INFO - [2025-08-19T08:53:15.612+0000] {dag.py:3954} INFO - Setting next_dagrun for example_external_task_marker_child to None, run_after=None
[2025-08-19T08:53:15.617+0000] {logging_mixin.py:188} INFO - [2025-08-19T08:53:15.616+0000] {dag.py:3954} INFO - Setting next_dagrun for example_external_task_marker_parent to None, run_after=None
[2025-08-19T08:53:15.639+0000] {processor.py:183} INFO - Processing /home/airflow/.local/lib/python3.12/site-packages/airflow/example_dags/example_external_task_marker_dag.py took 0.093 seconds
[2025-08-19T08:53:45.754+0000] {processor.py:161} INFO - Started process (PID=553) to work on /home/airflow/.local/lib/python3.12/site-packages/airflow/example_dags/example_external_task_marker_dag.py
[2025-08-19T08:53:45.755+0000] {processor.py:830} INFO - Processing file /home/airflow/.local/lib/python3.12/site-packages/airflow/example_dags/example_external_task_marker_dag.py for tasks to queue
[2025-08-19T08:53:45.758+0000] {logging_mixin.py:188} INFO - [2025-08-19T08:53:45.757+0000] {dagbag.py:540} INFO - Filling up the DagBag from /home/airflow/.local/lib/python3.12/site-packages/airflow/example_dags/example_external_task_marker_dag.py
[2025-08-19T08:53:45.765+0000] {processor.py:840} INFO - DAG(s) 'example_external_task_marker_child', 'example_external_task_marker_parent' retrieved from /home/airflow/.local/lib/python3.12/site-packages/airflow/example_dags/example_external_task_marker_dag.py
[2025-08-19T08:53:45.793+0000] {logging_mixin.py:188} INFO - [2025-08-19T08:53:45.793+0000] {dag.py:3096} INFO - Sync 2 DAGs
[2025-08-19T08:53:45.809+0000] {logging_mixin.py:188} INFO - [2025-08-19T08:53:45.808+0000] {dag.py:3954} INFO - Setting next_dagrun for example_external_task_marker_child to None, run_after=None
[2025-08-19T08:53:45.813+0000] {logging_mixin.py:188} INFO - [2025-08-19T08:53:45.812+0000] {dag.py:3954} INFO - Setting next_dagrun for example_external_task_marker_parent to None, run_after=None
[2025-08-19T08:53:45.869+0000] {processor.py:183} INFO - Processing /home/airflow/.local/lib/python3.12/site-packages/airflow/example_dags/example_external_task_marker_dag.py took 0.122 seconds
[2025-08-19T08:54:16.084+0000] {processor.py:161} INFO - Started process (PID=611) to work on /home/airflow/.local/lib/python3.12/site-packages/airflow/example_dags/example_external_task_marker_dag.py
[2025-08-19T08:54:16.085+0000] {processor.py:830} INFO - Processing file /home/airflow/.local/lib/python3.12/site-packages/airflow/example_dags/example_external_task_marker_dag.py for tasks to queue
[2025-08-19T08:54:16.088+0000] {logging_mixin.py:188} INFO - [2025-08-19T08:54:16.087+0000] {dagbag.py:540} INFO - Filling up the DagBag from /home/airflow/.local/lib/python3.12/site-packages/airflow/example_dags/example_external_task_marker_dag.py
[2025-08-19T08:54:16.096+0000] {processor.py:840} INFO - DAG(s) 'example_external_task_marker_child', 'example_external_task_marker_parent' retrieved from /home/airflow/.local/lib/python3.12/site-packages/airflow/example_dags/example_external_task_marker_dag.py
[2025-08-19T08:54:16.124+0000] {logging_mixin.py:188} INFO - [2025-08-19T08:54:16.124+0000] {dag.py:3096} INFO - Sync 2 DAGs
[2025-08-19T08:54:16.139+0000] {logging_mixin.py:188} INFO - [2025-08-19T08:54:16.139+0000] {dag.py:3954} INFO - Setting next_dagrun for example_external_task_marker_child to None, run_after=None
[2025-08-19T08:54:16.143+0000] {logging_mixin.py:188} INFO - [2025-08-19T08:54:16.143+0000] {dag.py:3954} INFO - Setting next_dagrun for example_external_task_marker_parent to None, run_after=None
[2025-08-19T08:54:16.160+0000] {processor.py:183} INFO - Processing /home/airflow/.local/lib/python3.12/site-packages/airflow/example_dags/example_external_task_marker_dag.py took 0.084 seconds
[2025-08-19T08:54:46.633+0000] {processor.py:161} INFO - Started process (PID=669) to work on /home/airflow/.local/lib/python3.12/site-packages/airflow/example_dags/example_external_task_marker_dag.py
[2025-08-19T08:54:46.634+0000] {processor.py:830} INFO - Processing file /home/airflow/.local/lib/python3.12/site-packages/airflow/example_dags/example_external_task_marker_dag.py for tasks to queue
[2025-08-19T08:54:46.637+0000] {logging_mixin.py:188} INFO - [2025-08-19T08:54:46.636+0000] {dagbag.py:540} INFO - Filling up the DagBag from /home/airflow/.local/lib/python3.12/site-packages/airflow/example_dags/example_external_task_marker_dag.py
[2025-08-19T08:54:46.644+0000] {processor.py:840} INFO - DAG(s) 'example_external_task_marker_parent', 'example_external_task_marker_child' retrieved from /home/airflow/.local/lib/python3.12/site-packages/airflow/example_dags/example_external_task_marker_dag.py
[2025-08-19T08:54:46.674+0000] {logging_mixin.py:188} INFO - [2025-08-19T08:54:46.674+0000] {dag.py:3096} INFO - Sync 2 DAGs
[2025-08-19T08:54:46.689+0000] {logging_mixin.py:188} INFO - [2025-08-19T08:54:46.689+0000] {dag.py:3954} INFO - Setting next_dagrun for example_external_task_marker_child to None, run_after=None
[2025-08-19T08:54:46.693+0000] {logging_mixin.py:188} INFO - [2025-08-19T08:54:46.693+0000] {dag.py:3954} INFO - Setting next_dagrun for example_external_task_marker_parent to None, run_after=None
[2025-08-19T08:54:46.711+0000] {processor.py:183} INFO - Processing /home/airflow/.local/lib/python3.12/site-packages/airflow/example_dags/example_external_task_marker_dag.py took 0.086 seconds
[2025-08-19T08:55:17.308+0000] {processor.py:161} INFO - Started process (PID=727) to work on /home/airflow/.local/lib/python3.12/site-packages/airflow/example_dags/example_external_task_marker_dag.py
[2025-08-19T08:55:17.309+0000] {processor.py:830} INFO - Processing file /home/airflow/.local/lib/python3.12/site-packages/airflow/example_dags/example_external_task_marker_dag.py for tasks to queue
[2025-08-19T08:55:17.312+0000] {logging_mixin.py:188} INFO - [2025-08-19T08:55:17.311+0000] {dagbag.py:540} INFO - Filling up the DagBag from /home/airflow/.local/lib/python3.12/site-packages/airflow/example_dags/example_external_task_marker_dag.py
[2025-08-19T08:55:17.319+0000] {processor.py:840} INFO - DAG(s) 'example_external_task_marker_child', 'example_external_task_marker_parent' retrieved from /home/airflow/.local/lib/python3.12/site-packages/airflow/example_dags/example_external_task_marker_dag.py
[2025-08-19T08:55:17.348+0000] {logging_mixin.py:188} INFO - [2025-08-19T08:55:17.347+0000] {dag.py:3096} INFO - Sync 2 DAGs
[2025-08-19T08:55:17.363+0000] {logging_mixin.py:188} INFO - [2025-08-19T08:55:17.363+0000] {dag.py:3954} INFO - Setting next_dagrun for example_external_task_marker_child to None, run_after=None
[2025-08-19T08:55:17.367+0000] {logging_mixin.py:188} INFO - [2025-08-19T08:55:17.367+0000] {dag.py:3954} INFO - Setting next_dagrun for example_external_task_marker_parent to None, run_after=None
[2025-08-19T08:55:17.385+0000] {processor.py:183} INFO - Processing /home/airflow/.local/lib/python3.12/site-packages/airflow/example_dags/example_external_task_marker_dag.py took 0.085 seconds
[2025-08-19T08:55:48.000+0000] {processor.py:161} INFO - Started process (PID=785) to work on /home/airflow/.local/lib/python3.12/site-packages/airflow/example_dags/example_external_task_marker_dag.py
[2025-08-19T08:55:48.001+0000] {processor.py:830} INFO - Processing file /home/airflow/.local/lib/python3.12/site-packages/airflow/example_dags/example_external_task_marker_dag.py for tasks to queue
[2025-08-19T08:55:48.004+0000] {logging_mixin.py:188} INFO - [2025-08-19T08:55:48.004+0000] {dagbag.py:540} INFO - Filling up the DagBag from /home/airflow/.local/lib/python3.12/site-packages/airflow/example_dags/example_external_task_marker_dag.py
[2025-08-19T08:55:48.012+0000] {processor.py:840} INFO - DAG(s) 'example_external_task_marker_child', 'example_external_task_marker_parent' retrieved from /home/airflow/.local/lib/python3.12/site-packages/airflow/example_dags/example_external_task_marker_dag.py
[2025-08-19T08:55:48.042+0000] {logging_mixin.py:188} INFO - [2025-08-19T08:55:48.041+0000] {dag.py:3096} INFO - Sync 2 DAGs
[2025-08-19T08:55:48.058+0000] {logging_mixin.py:188} INFO - [2025-08-19T08:55:48.057+0000] {dag.py:3954} INFO - Setting next_dagrun for example_external_task_marker_child to None, run_after=None
[2025-08-19T08:55:48.062+0000] {logging_mixin.py:188} INFO - [2025-08-19T08:55:48.062+0000] {dag.py:3954} INFO - Setting next_dagrun for example_external_task_marker_parent to None, run_after=None
[2025-08-19T08:55:48.230+0000] {processor.py:183} INFO - Processing /home/airflow/.local/lib/python3.12/site-packages/airflow/example_dags/example_external_task_marker_dag.py took 0.238 seconds
[2025-08-19T08:56:18.548+0000] {processor.py:161} INFO - Started process (PID=844) to work on /home/airflow/.local/lib/python3.12/site-packages/airflow/example_dags/example_external_task_marker_dag.py
[2025-08-19T08:56:18.549+0000] {processor.py:830} INFO - Processing file /home/airflow/.local/lib/python3.12/site-packages/airflow/example_dags/example_external_task_marker_dag.py for tasks to queue
[2025-08-19T08:56:18.552+0000] {logging_mixin.py:188} INFO - [2025-08-19T08:56:18.552+0000] {dagbag.py:540} INFO - Filling up the DagBag from /home/airflow/.local/lib/python3.12/site-packages/airflow/example_dags/example_external_task_marker_dag.py
[2025-08-19T08:56:18.562+0000] {processor.py:840} INFO - DAG(s) 'example_external_task_marker_child', 'example_external_task_marker_parent' retrieved from /home/airflow/.local/lib/python3.12/site-packages/airflow/example_dags/example_external_task_marker_dag.py
[2025-08-19T08:56:18.592+0000] {logging_mixin.py:188} INFO - [2025-08-19T08:56:18.592+0000] {dag.py:3096} INFO - Sync 2 DAGs
[2025-08-19T08:56:18.760+0000] {logging_mixin.py:188} INFO - [2025-08-19T08:56:18.760+0000] {dag.py:3954} INFO - Setting next_dagrun for example_external_task_marker_child to None, run_after=None
[2025-08-19T08:56:18.765+0000] {logging_mixin.py:188} INFO - [2025-08-19T08:56:18.764+0000] {dag.py:3954} INFO - Setting next_dagrun for example_external_task_marker_parent to None, run_after=None
[2025-08-19T08:56:18.782+0000] {processor.py:183} INFO - Processing /home/airflow/.local/lib/python3.12/site-packages/airflow/example_dags/example_external_task_marker_dag.py took 0.242 seconds
[2025-08-19T08:56:48.919+0000] {processor.py:161} INFO - Started process (PID=902) to work on /home/airflow/.local/lib/python3.12/site-packages/airflow/example_dags/example_external_task_marker_dag.py
[2025-08-19T08:56:48.921+0000] {processor.py:830} INFO - Processing file /home/airflow/.local/lib/python3.12/site-packages/airflow/example_dags/example_external_task_marker_dag.py for tasks to queue
[2025-08-19T08:56:48.923+0000] {logging_mixin.py:188} INFO - [2025-08-19T08:56:48.923+0000] {dagbag.py:540} INFO - Filling up the DagBag from /home/airflow/.local/lib/python3.12/site-packages/airflow/example_dags/example_external_task_marker_dag.py
[2025-08-19T08:56:48.931+0000] {processor.py:840} INFO - DAG(s) 'example_external_task_marker_child', 'example_external_task_marker_parent' retrieved from /home/airflow/.local/lib/python3.12/site-packages/airflow/example_dags/example_external_task_marker_dag.py
[2025-08-19T08:56:48.961+0000] {logging_mixin.py:188} INFO - [2025-08-19T08:56:48.961+0000] {dag.py:3096} INFO - Sync 2 DAGs
[2025-08-19T08:56:49.134+0000] {logging_mixin.py:188} INFO - [2025-08-19T08:56:49.134+0000] {dag.py:3954} INFO - Setting next_dagrun for example_external_task_marker_child to None, run_after=None
[2025-08-19T08:56:49.138+0000] {logging_mixin.py:188} INFO - [2025-08-19T08:56:49.138+0000] {dag.py:3954} INFO - Setting next_dagrun for example_external_task_marker_parent to None, run_after=None
[2025-08-19T08:56:49.157+0000] {processor.py:183} INFO - Processing /home/airflow/.local/lib/python3.12/site-packages/airflow/example_dags/example_external_task_marker_dag.py took 0.246 seconds
[2025-08-19T08:57:19.297+0000] {processor.py:161} INFO - Started process (PID=960) to work on /home/airflow/.local/lib/python3.12/site-packages/airflow/example_dags/example_external_task_marker_dag.py
[2025-08-19T08:57:19.298+0000] {processor.py:830} INFO - Processing file /home/airflow/.local/lib/python3.12/site-packages/airflow/example_dags/example_external_task_marker_dag.py for tasks to queue
[2025-08-19T08:57:19.301+0000] {logging_mixin.py:188} INFO - [2025-08-19T08:57:19.301+0000] {dagbag.py:540} INFO - Filling up the DagBag from /home/airflow/.local/lib/python3.12/site-packages/airflow/example_dags/example_external_task_marker_dag.py
[2025-08-19T08:57:19.311+0000] {processor.py:840} INFO - DAG(s) 'example_external_task_marker_parent', 'example_external_task_marker_child' retrieved from /home/airflow/.local/lib/python3.12/site-packages/airflow/example_dags/example_external_task_marker_dag.py
[2025-08-19T08:57:19.343+0000] {logging_mixin.py:188} INFO - [2025-08-19T08:57:19.342+0000] {dag.py:3096} INFO - Sync 2 DAGs
[2025-08-19T08:57:19.360+0000] {logging_mixin.py:188} INFO - [2025-08-19T08:57:19.359+0000] {dag.py:3954} INFO - Setting next_dagrun for example_external_task_marker_child to None, run_after=None
[2025-08-19T08:57:19.364+0000] {logging_mixin.py:188} INFO - [2025-08-19T08:57:19.364+0000] {dag.py:3954} INFO - Setting next_dagrun for example_external_task_marker_parent to None, run_after=None
[2025-08-19T08:57:19.577+0000] {processor.py:183} INFO - Processing /home/airflow/.local/lib/python3.12/site-packages/airflow/example_dags/example_external_task_marker_dag.py took 0.288 seconds
[2025-08-19T08:57:50.438+0000] {processor.py:161} INFO - Started process (PID=1018) to work on /home/airflow/.local/lib/python3.12/site-packages/airflow/example_dags/example_external_task_marker_dag.py
[2025-08-19T08:57:50.439+0000] {processor.py:830} INFO - Processing file /home/airflow/.local/lib/python3.12/site-packages/airflow/example_dags/example_external_task_marker_dag.py for tasks to queue
[2025-08-19T08:57:50.443+0000] {logging_mixin.py:188} INFO - [2025-08-19T08:57:50.443+0000] {dagbag.py:540} INFO - Filling up the DagBag from /home/airflow/.local/lib/python3.12/site-packages/airflow/example_dags/example_external_task_marker_dag.py
[2025-08-19T08:57:50.451+0000] {processor.py:840} INFO - DAG(s) 'example_external_task_marker_child', 'example_external_task_marker_parent' retrieved from /home/airflow/.local/lib/python3.12/site-packages/airflow/example_dags/example_external_task_marker_dag.py
[2025-08-19T08:57:50.478+0000] {logging_mixin.py:188} INFO - [2025-08-19T08:57:50.478+0000] {dag.py:3096} INFO - Sync 2 DAGs
[2025-08-19T08:57:50.492+0000] {logging_mixin.py:188} INFO - [2025-08-19T08:57:50.492+0000] {dag.py:3954} INFO - Setting next_dagrun for example_external_task_marker_child to None, run_after=None
[2025-08-19T08:57:50.496+0000] {logging_mixin.py:188} INFO - [2025-08-19T08:57:50.496+0000] {dag.py:3954} INFO - Setting next_dagrun for example_external_task_marker_parent to None, run_after=None
[2025-08-19T08:57:50.513+0000] {processor.py:183} INFO - Processing /home/airflow/.local/lib/python3.12/site-packages/airflow/example_dags/example_external_task_marker_dag.py took 0.082 seconds
[2025-08-19T08:58:20.635+0000] {processor.py:161} INFO - Started process (PID=1076) to work on /home/airflow/.local/lib/python3.12/site-packages/airflow/example_dags/example_external_task_marker_dag.py
[2025-08-19T08:58:20.637+0000] {processor.py:830} INFO - Processing file /home/airflow/.local/lib/python3.12/site-packages/airflow/example_dags/example_external_task_marker_dag.py for tasks to queue
[2025-08-19T08:58:20.639+0000] {logging_mixin.py:188} INFO - [2025-08-19T08:58:20.639+0000] {dagbag.py:540} INFO - Filling up the DagBag from /home/airflow/.local/lib/python3.12/site-packages/airflow/example_dags/example_external_task_marker_dag.py
[2025-08-19T08:58:20.647+0000] {processor.py:840} INFO - DAG(s) 'example_external_task_marker_parent', 'example_external_task_marker_child' retrieved from /home/airflow/.local/lib/python3.12/site-packages/airflow/example_dags/example_external_task_marker_dag.py
[2025-08-19T08:58:20.677+0000] {logging_mixin.py:188} INFO - [2025-08-19T08:58:20.677+0000] {dag.py:3096} INFO - Sync 2 DAGs
[2025-08-19T08:58:20.692+0000] {logging_mixin.py:188} INFO - [2025-08-19T08:58:20.692+0000] {dag.py:3954} INFO - Setting next_dagrun for example_external_task_marker_child to None, run_after=None
[2025-08-19T08:58:20.696+0000] {logging_mixin.py:188} INFO - [2025-08-19T08:58:20.696+0000] {dag.py:3954} INFO - Setting next_dagrun for example_external_task_marker_parent to None, run_after=None
[2025-08-19T08:58:20.716+0000] {processor.py:183} INFO - Processing /home/airflow/.local/lib/python3.12/site-packages/airflow/example_dags/example_external_task_marker_dag.py took 0.088 seconds
[2025-08-19T08:58:51.098+0000] {processor.py:161} INFO - Started process (PID=1134) to work on /home/airflow/.local/lib/python3.12/site-packages/airflow/example_dags/example_external_task_marker_dag.py
[2025-08-19T08:58:51.099+0000] {processor.py:830} INFO - Processing file /home/airflow/.local/lib/python3.12/site-packages/airflow/example_dags/example_external_task_marker_dag.py for tasks to queue
[2025-08-19T08:58:51.101+0000] {logging_mixin.py:188} INFO - [2025-08-19T08:58:51.101+0000] {dagbag.py:540} INFO - Filling up the DagBag from /home/airflow/.local/lib/python3.12/site-packages/airflow/example_dags/example_external_task_marker_dag.py
[2025-08-19T08:58:51.109+0000] {processor.py:840} INFO - DAG(s) 'example_external_task_marker_child', 'example_external_task_marker_parent' retrieved from /home/airflow/.local/lib/python3.12/site-packages/airflow/example_dags/example_external_task_marker_dag.py
[2025-08-19T08:58:51.137+0000] {logging_mixin.py:188} INFO - [2025-08-19T08:58:51.136+0000] {dag.py:3096} INFO - Sync 2 DAGs
[2025-08-19T08:58:51.151+0000] {logging_mixin.py:188} INFO - [2025-08-19T08:58:51.151+0000] {dag.py:3954} INFO - Setting next_dagrun for example_external_task_marker_child to None, run_after=None
[2025-08-19T08:58:51.156+0000] {logging_mixin.py:188} INFO - [2025-08-19T08:58:51.155+0000] {dag.py:3954} INFO - Setting next_dagrun for example_external_task_marker_parent to None, run_after=None
[2025-08-19T08:58:51.174+0000] {processor.py:183} INFO - Processing /home/airflow/.local/lib/python3.12/site-packages/airflow/example_dags/example_external_task_marker_dag.py took 0.083 seconds
[2025-08-19T08:59:21.515+0000] {processor.py:161} INFO - Started process (PID=1192) to work on /home/airflow/.local/lib/python3.12/site-packages/airflow/example_dags/example_external_task_marker_dag.py
[2025-08-19T08:59:21.516+0000] {processor.py:830} INFO - Processing file /home/airflow/.local/lib/python3.12/site-packages/airflow/example_dags/example_external_task_marker_dag.py for tasks to queue
[2025-08-19T08:59:21.518+0000] {logging_mixin.py:188} INFO - [2025-08-19T08:59:21.518+0000] {dagbag.py:540} INFO - Filling up the DagBag from /home/airflow/.local/lib/python3.12/site-packages/airflow/example_dags/example_external_task_marker_dag.py
[2025-08-19T08:59:21.525+0000] {processor.py:840} INFO - DAG(s) 'example_external_task_marker_parent', 'example_external_task_marker_child' retrieved from /home/airflow/.local/lib/python3.12/site-packages/airflow/example_dags/example_external_task_marker_dag.py
[2025-08-19T08:59:21.553+0000] {logging_mixin.py:188} INFO - [2025-08-19T08:59:21.552+0000] {dag.py:3096} INFO - Sync 2 DAGs
[2025-08-19T08:59:21.567+0000] {logging_mixin.py:188} INFO - [2025-08-19T08:59:21.567+0000] {dag.py:3954} INFO - Setting next_dagrun for example_external_task_marker_child to None, run_after=None
[2025-08-19T08:59:21.571+0000] {logging_mixin.py:188} INFO - [2025-08-19T08:59:21.571+0000] {dag.py:3954} INFO - Setting next_dagrun for example_external_task_marker_parent to None, run_after=None
[2025-08-19T08:59:21.589+0000] {processor.py:183} INFO - Processing /home/airflow/.local/lib/python3.12/site-packages/airflow/example_dags/example_external_task_marker_dag.py took 0.081 seconds
[2025-08-19T08:59:52.032+0000] {processor.py:161} INFO - Started process (PID=1250) to work on /home/airflow/.local/lib/python3.12/site-packages/airflow/example_dags/example_external_task_marker_dag.py
[2025-08-19T08:59:52.033+0000] {processor.py:830} INFO - Processing file /home/airflow/.local/lib/python3.12/site-packages/airflow/example_dags/example_external_task_marker_dag.py for tasks to queue
[2025-08-19T08:59:52.036+0000] {logging_mixin.py:188} INFO - [2025-08-19T08:59:52.035+0000] {dagbag.py:540} INFO - Filling up the DagBag from /home/airflow/.local/lib/python3.12/site-packages/airflow/example_dags/example_external_task_marker_dag.py
[2025-08-19T08:59:52.043+0000] {processor.py:840} INFO - DAG(s) 'example_external_task_marker_child', 'example_external_task_marker_parent' retrieved from /home/airflow/.local/lib/python3.12/site-packages/airflow/example_dags/example_external_task_marker_dag.py
[2025-08-19T08:59:52.070+0000] {logging_mixin.py:188} INFO - [2025-08-19T08:59:52.069+0000] {dag.py:3096} INFO - Sync 2 DAGs
[2025-08-19T08:59:52.084+0000] {logging_mixin.py:188} INFO - [2025-08-19T08:59:52.084+0000] {dag.py:3954} INFO - Setting next_dagrun for example_external_task_marker_child to None, run_after=None
[2025-08-19T08:59:52.088+0000] {logging_mixin.py:188} INFO - [2025-08-19T08:59:52.088+0000] {dag.py:3954} INFO - Setting next_dagrun for example_external_task_marker_parent to None, run_after=None
[2025-08-19T08:59:52.105+0000] {processor.py:183} INFO - Processing /home/airflow/.local/lib/python3.12/site-packages/airflow/example_dags/example_external_task_marker_dag.py took 0.080 seconds
[2025-08-19T09:00:22.283+0000] {processor.py:161} INFO - Started process (PID=1308) to work on /home/airflow/.local/lib/python3.12/site-packages/airflow/example_dags/example_external_task_marker_dag.py
[2025-08-19T09:00:22.284+0000] {processor.py:830} INFO - Processing file /home/airflow/.local/lib/python3.12/site-packages/airflow/example_dags/example_external_task_marker_dag.py for tasks to queue
[2025-08-19T09:00:22.287+0000] {logging_mixin.py:188} INFO - [2025-08-19T09:00:22.286+0000] {dagbag.py:540} INFO - Filling up the DagBag from /home/airflow/.local/lib/python3.12/site-packages/airflow/example_dags/example_external_task_marker_dag.py
[2025-08-19T09:00:22.295+0000] {processor.py:840} INFO - DAG(s) 'example_external_task_marker_parent', 'example_external_task_marker_child' retrieved from /home/airflow/.local/lib/python3.12/site-packages/airflow/example_dags/example_external_task_marker_dag.py
[2025-08-19T09:00:22.323+0000] {logging_mixin.py:188} INFO - [2025-08-19T09:00:22.323+0000] {dag.py:3096} INFO - Sync 2 DAGs
[2025-08-19T09:00:22.339+0000] {logging_mixin.py:188} INFO - [2025-08-19T09:00:22.339+0000] {dag.py:3954} INFO - Setting next_dagrun for example_external_task_marker_child to None, run_after=None
[2025-08-19T09:00:22.343+0000] {logging_mixin.py:188} INFO - [2025-08-19T09:00:22.343+0000] {dag.py:3954} INFO - Setting next_dagrun for example_external_task_marker_parent to None, run_after=None
[2025-08-19T09:00:22.360+0000] {processor.py:183} INFO - Processing /home/airflow/.local/lib/python3.12/site-packages/airflow/example_dags/example_external_task_marker_dag.py took 0.085 seconds
[2025-08-19T09:00:52.672+0000] {processor.py:161} INFO - Started process (PID=1366) to work on /home/airflow/.local/lib/python3.12/site-packages/airflow/example_dags/example_external_task_marker_dag.py
[2025-08-19T09:00:52.673+0000] {processor.py:830} INFO - Processing file /home/airflow/.local/lib/python3.12/site-packages/airflow/example_dags/example_external_task_marker_dag.py for tasks to queue
[2025-08-19T09:00:52.676+0000] {logging_mixin.py:188} INFO - [2025-08-19T09:00:52.675+0000] {dagbag.py:540} INFO - Filling up the DagBag from /home/airflow/.local/lib/python3.12/site-packages/airflow/example_dags/example_external_task_marker_dag.py
[2025-08-19T09:00:52.684+0000] {processor.py:840} INFO - DAG(s) 'example_external_task_marker_child', 'example_external_task_marker_parent' retrieved from /home/airflow/.local/lib/python3.12/site-packages/airflow/example_dags/example_external_task_marker_dag.py
[2025-08-19T09:00:52.716+0000] {logging_mixin.py:188} INFO - [2025-08-19T09:00:52.716+0000] {dag.py:3096} INFO - Sync 2 DAGs
[2025-08-19T09:00:52.732+0000] {logging_mixin.py:188} INFO - [2025-08-19T09:00:52.732+0000] {dag.py:3954} INFO - Setting next_dagrun for example_external_task_marker_child to None, run_after=None
[2025-08-19T09:00:52.736+0000] {logging_mixin.py:188} INFO - [2025-08-19T09:00:52.736+0000] {dag.py:3954} INFO - Setting next_dagrun for example_external_task_marker_parent to None, run_after=None
[2025-08-19T09:00:52.755+0000] {processor.py:183} INFO - Processing /home/airflow/.local/lib/python3.12/site-packages/airflow/example_dags/example_external_task_marker_dag.py took 0.091 seconds
[2025-08-19T09:01:22.905+0000] {processor.py:161} INFO - Started process (PID=1424) to work on /home/airflow/.local/lib/python3.12/site-packages/airflow/example_dags/example_external_task_marker_dag.py
[2025-08-19T09:01:22.906+0000] {processor.py:830} INFO - Processing file /home/airflow/.local/lib/python3.12/site-packages/airflow/example_dags/example_external_task_marker_dag.py for tasks to queue
[2025-08-19T09:01:22.908+0000] {logging_mixin.py:188} INFO - [2025-08-19T09:01:22.908+0000] {dagbag.py:540} INFO - Filling up the DagBag from /home/airflow/.local/lib/python3.12/site-packages/airflow/example_dags/example_external_task_marker_dag.py
[2025-08-19T09:01:22.916+0000] {processor.py:840} INFO - DAG(s) 'example_external_task_marker_child', 'example_external_task_marker_parent' retrieved from /home/airflow/.local/lib/python3.12/site-packages/airflow/example_dags/example_external_task_marker_dag.py
[2025-08-19T09:01:22.943+0000] {logging_mixin.py:188} INFO - [2025-08-19T09:01:22.943+0000] {dag.py:3096} INFO - Sync 2 DAGs
[2025-08-19T09:01:22.958+0000] {logging_mixin.py:188} INFO - [2025-08-19T09:01:22.957+0000] {dag.py:3954} INFO - Setting next_dagrun for example_external_task_marker_child to None, run_after=None
[2025-08-19T09:01:22.961+0000] {logging_mixin.py:188} INFO - [2025-08-19T09:01:22.961+0000] {dag.py:3954} INFO - Setting next_dagrun for example_external_task_marker_parent to None, run_after=None
[2025-08-19T09:01:22.979+0000] {processor.py:183} INFO - Processing /home/airflow/.local/lib/python3.12/site-packages/airflow/example_dags/example_external_task_marker_dag.py took 0.081 seconds
[2025-08-19T09:01:53.190+0000] {processor.py:161} INFO - Started process (PID=1482) to work on /home/airflow/.local/lib/python3.12/site-packages/airflow/example_dags/example_external_task_marker_dag.py
[2025-08-19T09:01:53.191+0000] {processor.py:830} INFO - Processing file /home/airflow/.local/lib/python3.12/site-packages/airflow/example_dags/example_external_task_marker_dag.py for tasks to queue
[2025-08-19T09:01:53.194+0000] {logging_mixin.py:188} INFO - [2025-08-19T09:01:53.193+0000] {dagbag.py:540} INFO - Filling up the DagBag from /home/airflow/.local/lib/python3.12/site-packages/airflow/example_dags/example_external_task_marker_dag.py
[2025-08-19T09:01:53.202+0000] {processor.py:840} INFO - DAG(s) 'example_external_task_marker_child', 'example_external_task_marker_parent' retrieved from /home/airflow/.local/lib/python3.12/site-packages/airflow/example_dags/example_external_task_marker_dag.py
[2025-08-19T09:01:53.229+0000] {logging_mixin.py:188} INFO - [2025-08-19T09:01:53.228+0000] {dag.py:3096} INFO - Sync 2 DAGs
[2025-08-19T09:01:53.244+0000] {logging_mixin.py:188} INFO - [2025-08-19T09:01:53.243+0000] {dag.py:3954} INFO - Setting next_dagrun for example_external_task_marker_child to None, run_after=None
[2025-08-19T09:01:53.248+0000] {logging_mixin.py:188} INFO - [2025-08-19T09:01:53.248+0000] {dag.py:3954} INFO - Setting next_dagrun for example_external_task_marker_parent to None, run_after=None
[2025-08-19T09:01:53.265+0000] {processor.py:183} INFO - Processing /home/airflow/.local/lib/python3.12/site-packages/airflow/example_dags/example_external_task_marker_dag.py took 0.084 seconds
[2025-08-19T09:02:23.646+0000] {processor.py:161} INFO - Started process (PID=1540) to work on /home/airflow/.local/lib/python3.12/site-packages/airflow/example_dags/example_external_task_marker_dag.py
[2025-08-19T09:02:23.647+0000] {processor.py:830} INFO - Processing file /home/airflow/.local/lib/python3.12/site-packages/airflow/example_dags/example_external_task_marker_dag.py for tasks to queue
[2025-08-19T09:02:23.650+0000] {logging_mixin.py:188} INFO - [2025-08-19T09:02:23.649+0000] {dagbag.py:540} INFO - Filling up the DagBag from /home/airflow/.local/lib/python3.12/site-packages/airflow/example_dags/example_external_task_marker_dag.py
[2025-08-19T09:02:23.659+0000] {processor.py:840} INFO - DAG(s) 'example_external_task_marker_parent', 'example_external_task_marker_child' retrieved from /home/airflow/.local/lib/python3.12/site-packages/airflow/example_dags/example_external_task_marker_dag.py
[2025-08-19T09:02:23.689+0000] {logging_mixin.py:188} INFO - [2025-08-19T09:02:23.689+0000] {dag.py:3096} INFO - Sync 2 DAGs
[2025-08-19T09:02:23.704+0000] {logging_mixin.py:188} INFO - [2025-08-19T09:02:23.703+0000] {dag.py:3954} INFO - Setting next_dagrun for example_external_task_marker_child to None, run_after=None
[2025-08-19T09:02:23.708+0000] {logging_mixin.py:188} INFO - [2025-08-19T09:02:23.707+0000] {dag.py:3954} INFO - Setting next_dagrun for example_external_task_marker_parent to None, run_after=None
[2025-08-19T09:02:23.726+0000] {processor.py:183} INFO - Processing /home/airflow/.local/lib/python3.12/site-packages/airflow/example_dags/example_external_task_marker_dag.py took 0.087 seconds
[2025-08-19T09:02:53.878+0000] {processor.py:161} INFO - Started process (PID=1598) to work on /home/airflow/.local/lib/python3.12/site-packages/airflow/example_dags/example_external_task_marker_dag.py
[2025-08-19T09:02:53.880+0000] {processor.py:830} INFO - Processing file /home/airflow/.local/lib/python3.12/site-packages/airflow/example_dags/example_external_task_marker_dag.py for tasks to queue
[2025-08-19T09:02:53.882+0000] {logging_mixin.py:188} INFO - [2025-08-19T09:02:53.881+0000] {dagbag.py:540} INFO - Filling up the DagBag from /home/airflow/.local/lib/python3.12/site-packages/airflow/example_dags/example_external_task_marker_dag.py
[2025-08-19T09:02:53.889+0000] {processor.py:840} INFO - DAG(s) 'example_external_task_marker_child', 'example_external_task_marker_parent' retrieved from /home/airflow/.local/lib/python3.12/site-packages/airflow/example_dags/example_external_task_marker_dag.py
[2025-08-19T09:02:53.917+0000] {logging_mixin.py:188} INFO - [2025-08-19T09:02:53.916+0000] {dag.py:3096} INFO - Sync 2 DAGs
[2025-08-19T09:02:53.931+0000] {logging_mixin.py:188} INFO - [2025-08-19T09:02:53.931+0000] {dag.py:3954} INFO - Setting next_dagrun for example_external_task_marker_child to None, run_after=None
[2025-08-19T09:02:53.935+0000] {logging_mixin.py:188} INFO - [2025-08-19T09:02:53.935+0000] {dag.py:3954} INFO - Setting next_dagrun for example_external_task_marker_parent to None, run_after=None
[2025-08-19T09:02:53.955+0000] {processor.py:183} INFO - Processing /home/airflow/.local/lib/python3.12/site-packages/airflow/example_dags/example_external_task_marker_dag.py took 0.085 seconds
[2025-08-19T09:03:24.184+0000] {processor.py:161} INFO - Started process (PID=1656) to work on /home/airflow/.local/lib/python3.12/site-packages/airflow/example_dags/example_external_task_marker_dag.py
[2025-08-19T09:03:24.186+0000] {processor.py:830} INFO - Processing file /home/airflow/.local/lib/python3.12/site-packages/airflow/example_dags/example_external_task_marker_dag.py for tasks to queue
[2025-08-19T09:03:24.189+0000] {logging_mixin.py:188} INFO - [2025-08-19T09:03:24.188+0000] {dagbag.py:540} INFO - Filling up the DagBag from /home/airflow/.local/lib/python3.12/site-packages/airflow/example_dags/example_external_task_marker_dag.py
[2025-08-19T09:03:24.199+0000] {processor.py:840} INFO - DAG(s) 'example_external_task_marker_parent', 'example_external_task_marker_child' retrieved from /home/airflow/.local/lib/python3.12/site-packages/airflow/example_dags/example_external_task_marker_dag.py
[2025-08-19T09:03:24.230+0000] {logging_mixin.py:188} INFO - [2025-08-19T09:03:24.230+0000] {dag.py:3096} INFO - Sync 2 DAGs
[2025-08-19T09:03:24.247+0000] {logging_mixin.py:188} INFO - [2025-08-19T09:03:24.247+0000] {dag.py:3954} INFO - Setting next_dagrun for example_external_task_marker_child to None, run_after=None
[2025-08-19T09:03:24.252+0000] {logging_mixin.py:188} INFO - [2025-08-19T09:03:24.252+0000] {dag.py:3954} INFO - Setting next_dagrun for example_external_task_marker_parent to None, run_after=None
[2025-08-19T09:03:24.272+0000] {processor.py:183} INFO - Processing /home/airflow/.local/lib/python3.12/site-packages/airflow/example_dags/example_external_task_marker_dag.py took 0.098 seconds
[2025-08-19T09:03:54.445+0000] {processor.py:161} INFO - Started process (PID=1714) to work on /home/airflow/.local/lib/python3.12/site-packages/airflow/example_dags/example_external_task_marker_dag.py
[2025-08-19T09:03:54.447+0000] {processor.py:830} INFO - Processing file /home/airflow/.local/lib/python3.12/site-packages/airflow/example_dags/example_external_task_marker_dag.py for tasks to queue
[2025-08-19T09:03:54.449+0000] {logging_mixin.py:188} INFO - [2025-08-19T09:03:54.449+0000] {dagbag.py:540} INFO - Filling up the DagBag from /home/airflow/.local/lib/python3.12/site-packages/airflow/example_dags/example_external_task_marker_dag.py
[2025-08-19T09:03:54.456+0000] {processor.py:840} INFO - DAG(s) 'example_external_task_marker_child', 'example_external_task_marker_parent' retrieved from /home/airflow/.local/lib/python3.12/site-packages/airflow/example_dags/example_external_task_marker_dag.py
[2025-08-19T09:03:54.483+0000] {logging_mixin.py:188} INFO - [2025-08-19T09:03:54.483+0000] {dag.py:3096} INFO - Sync 2 DAGs
[2025-08-19T09:03:54.498+0000] {logging_mixin.py:188} INFO - [2025-08-19T09:03:54.498+0000] {dag.py:3954} INFO - Setting next_dagrun for example_external_task_marker_child to None, run_after=None
[2025-08-19T09:03:54.503+0000] {logging_mixin.py:188} INFO - [2025-08-19T09:03:54.502+0000] {dag.py:3954} INFO - Setting next_dagrun for example_external_task_marker_parent to None, run_after=None
[2025-08-19T09:03:54.527+0000] {processor.py:183} INFO - Processing /home/airflow/.local/lib/python3.12/site-packages/airflow/example_dags/example_external_task_marker_dag.py took 0.088 seconds
[2025-08-19T09:04:24.719+0000] {processor.py:161} INFO - Started process (PID=1772) to work on /home/airflow/.local/lib/python3.12/site-packages/airflow/example_dags/example_external_task_marker_dag.py
[2025-08-19T09:04:24.720+0000] {processor.py:830} INFO - Processing file /home/airflow/.local/lib/python3.12/site-packages/airflow/example_dags/example_external_task_marker_dag.py for tasks to queue
[2025-08-19T09:04:24.723+0000] {logging_mixin.py:188} INFO - [2025-08-19T09:04:24.722+0000] {dagbag.py:540} INFO - Filling up the DagBag from /home/airflow/.local/lib/python3.12/site-packages/airflow/example_dags/example_external_task_marker_dag.py
[2025-08-19T09:04:24.730+0000] {processor.py:840} INFO - DAG(s) 'example_external_task_marker_child', 'example_external_task_marker_parent' retrieved from /home/airflow/.local/lib/python3.12/site-packages/airflow/example_dags/example_external_task_marker_dag.py
[2025-08-19T09:04:24.757+0000] {logging_mixin.py:188} INFO - [2025-08-19T09:04:24.757+0000] {dag.py:3096} INFO - Sync 2 DAGs
[2025-08-19T09:04:24.772+0000] {logging_mixin.py:188} INFO - [2025-08-19T09:04:24.772+0000] {dag.py:3954} INFO - Setting next_dagrun for example_external_task_marker_child to None, run_after=None
[2025-08-19T09:04:24.776+0000] {logging_mixin.py:188} INFO - [2025-08-19T09:04:24.776+0000] {dag.py:3954} INFO - Setting next_dagrun for example_external_task_marker_parent to None, run_after=None
[2025-08-19T09:04:24.794+0000] {processor.py:183} INFO - Processing /home/airflow/.local/lib/python3.12/site-packages/airflow/example_dags/example_external_task_marker_dag.py took 0.083 seconds
[2025-08-19T09:04:54.958+0000] {processor.py:161} INFO - Started process (PID=1831) to work on /home/airflow/.local/lib/python3.12/site-packages/airflow/example_dags/example_external_task_marker_dag.py
[2025-08-19T09:04:54.960+0000] {processor.py:830} INFO - Processing file /home/airflow/.local/lib/python3.12/site-packages/airflow/example_dags/example_external_task_marker_dag.py for tasks to queue
[2025-08-19T09:04:54.963+0000] {logging_mixin.py:188} INFO - [2025-08-19T09:04:54.963+0000] {dagbag.py:540} INFO - Filling up the DagBag from /home/airflow/.local/lib/python3.12/site-packages/airflow/example_dags/example_external_task_marker_dag.py
[2025-08-19T09:04:54.973+0000] {processor.py:840} INFO - DAG(s) 'example_external_task_marker_child', 'example_external_task_marker_parent' retrieved from /home/airflow/.local/lib/python3.12/site-packages/airflow/example_dags/example_external_task_marker_dag.py
[2025-08-19T09:04:55.005+0000] {logging_mixin.py:188} INFO - [2025-08-19T09:04:55.005+0000] {dag.py:3096} INFO - Sync 2 DAGs
[2025-08-19T09:04:55.023+0000] {logging_mixin.py:188} INFO - [2025-08-19T09:04:55.023+0000] {dag.py:3954} INFO - Setting next_dagrun for example_external_task_marker_child to None, run_after=None
[2025-08-19T09:04:55.027+0000] {logging_mixin.py:188} INFO - [2025-08-19T09:04:55.027+0000] {dag.py:3954} INFO - Setting next_dagrun for example_external_task_marker_parent to None, run_after=None
[2025-08-19T09:04:55.048+0000] {processor.py:183} INFO - Processing /home/airflow/.local/lib/python3.12/site-packages/airflow/example_dags/example_external_task_marker_dag.py took 0.100 seconds
[2025-08-19T09:05:25.172+0000] {processor.py:161} INFO - Started process (PID=1890) to work on /home/airflow/.local/lib/python3.12/site-packages/airflow/example_dags/example_external_task_marker_dag.py
[2025-08-19T09:05:25.173+0000] {processor.py:830} INFO - Processing file /home/airflow/.local/lib/python3.12/site-packages/airflow/example_dags/example_external_task_marker_dag.py for tasks to queue
[2025-08-19T09:05:25.176+0000] {logging_mixin.py:188} INFO - [2025-08-19T09:05:25.175+0000] {dagbag.py:540} INFO - Filling up the DagBag from /home/airflow/.local/lib/python3.12/site-packages/airflow/example_dags/example_external_task_marker_dag.py
[2025-08-19T09:05:25.183+0000] {processor.py:840} INFO - DAG(s) 'example_external_task_marker_child', 'example_external_task_marker_parent' retrieved from /home/airflow/.local/lib/python3.12/site-packages/airflow/example_dags/example_external_task_marker_dag.py
[2025-08-19T09:05:25.216+0000] {logging_mixin.py:188} INFO - [2025-08-19T09:05:25.215+0000] {dag.py:3096} INFO - Sync 2 DAGs
[2025-08-19T09:05:25.231+0000] {logging_mixin.py:188} INFO - [2025-08-19T09:05:25.231+0000] {dag.py:3954} INFO - Setting next_dagrun for example_external_task_marker_child to None, run_after=None
[2025-08-19T09:05:25.235+0000] {logging_mixin.py:188} INFO - [2025-08-19T09:05:25.235+0000] {dag.py:3954} INFO - Setting next_dagrun for example_external_task_marker_parent to None, run_after=None
[2025-08-19T09:05:25.253+0000] {processor.py:183} INFO - Processing /home/airflow/.local/lib/python3.12/site-packages/airflow/example_dags/example_external_task_marker_dag.py took 0.088 seconds
[2025-08-19T09:05:55.621+0000] {processor.py:161} INFO - Started process (PID=1948) to work on /home/airflow/.local/lib/python3.12/site-packages/airflow/example_dags/example_external_task_marker_dag.py
[2025-08-19T09:05:55.622+0000] {processor.py:830} INFO - Processing file /home/airflow/.local/lib/python3.12/site-packages/airflow/example_dags/example_external_task_marker_dag.py for tasks to queue
[2025-08-19T09:05:55.624+0000] {logging_mixin.py:188} INFO - [2025-08-19T09:05:55.624+0000] {dagbag.py:540} INFO - Filling up the DagBag from /home/airflow/.local/lib/python3.12/site-packages/airflow/example_dags/example_external_task_marker_dag.py
[2025-08-19T09:05:55.632+0000] {processor.py:840} INFO - DAG(s) 'example_external_task_marker_child', 'example_external_task_marker_parent' retrieved from /home/airflow/.local/lib/python3.12/site-packages/airflow/example_dags/example_external_task_marker_dag.py
[2025-08-19T09:05:55.659+0000] {logging_mixin.py:188} INFO - [2025-08-19T09:05:55.659+0000] {dag.py:3096} INFO - Sync 2 DAGs
[2025-08-19T09:05:55.675+0000] {logging_mixin.py:188} INFO - [2025-08-19T09:05:55.675+0000] {dag.py:3954} INFO - Setting next_dagrun for example_external_task_marker_child to None, run_after=None
[2025-08-19T09:05:55.679+0000] {logging_mixin.py:188} INFO - [2025-08-19T09:05:55.678+0000] {dag.py:3954} INFO - Setting next_dagrun for example_external_task_marker_parent to None, run_after=None
[2025-08-19T09:05:55.697+0000] {processor.py:183} INFO - Processing /home/airflow/.local/lib/python3.12/site-packages/airflow/example_dags/example_external_task_marker_dag.py took 0.084 seconds
[2025-08-19T09:06:25.891+0000] {processor.py:161} INFO - Started process (PID=2006) to work on /home/airflow/.local/lib/python3.12/site-packages/airflow/example_dags/example_external_task_marker_dag.py
[2025-08-19T09:06:25.892+0000] {processor.py:830} INFO - Processing file /home/airflow/.local/lib/python3.12/site-packages/airflow/example_dags/example_external_task_marker_dag.py for tasks to queue
[2025-08-19T09:06:25.895+0000] {logging_mixin.py:188} INFO - [2025-08-19T09:06:25.894+0000] {dagbag.py:540} INFO - Filling up the DagBag from /home/airflow/.local/lib/python3.12/site-packages/airflow/example_dags/example_external_task_marker_dag.py
[2025-08-19T09:06:25.904+0000] {processor.py:840} INFO - DAG(s) 'example_external_task_marker_child', 'example_external_task_marker_parent' retrieved from /home/airflow/.local/lib/python3.12/site-packages/airflow/example_dags/example_external_task_marker_dag.py
[2025-08-19T09:06:25.929+0000] {logging_mixin.py:188} INFO - [2025-08-19T09:06:25.929+0000] {dag.py:3096} INFO - Sync 2 DAGs
[2025-08-19T09:06:25.944+0000] {logging_mixin.py:188} INFO - [2025-08-19T09:06:25.944+0000] {dag.py:3954} INFO - Setting next_dagrun for example_external_task_marker_child to None, run_after=None
[2025-08-19T09:06:25.948+0000] {logging_mixin.py:188} INFO - [2025-08-19T09:06:25.948+0000] {dag.py:3954} INFO - Setting next_dagrun for example_external_task_marker_parent to None, run_after=None
[2025-08-19T09:06:25.965+0000] {processor.py:183} INFO - Processing /home/airflow/.local/lib/python3.12/site-packages/airflow/example_dags/example_external_task_marker_dag.py took 0.084 seconds
[2025-08-19T09:06:56.218+0000] {processor.py:161} INFO - Started process (PID=2065) to work on /home/airflow/.local/lib/python3.12/site-packages/airflow/example_dags/example_external_task_marker_dag.py
[2025-08-19T09:06:56.219+0000] {processor.py:830} INFO - Processing file /home/airflow/.local/lib/python3.12/site-packages/airflow/example_dags/example_external_task_marker_dag.py for tasks to queue
[2025-08-19T09:06:56.221+0000] {logging_mixin.py:188} INFO - [2025-08-19T09:06:56.221+0000] {dagbag.py:540} INFO - Filling up the DagBag from /home/airflow/.local/lib/python3.12/site-packages/airflow/example_dags/example_external_task_marker_dag.py
[2025-08-19T09:06:56.229+0000] {processor.py:840} INFO - DAG(s) 'example_external_task_marker_child', 'example_external_task_marker_parent' retrieved from /home/airflow/.local/lib/python3.12/site-packages/airflow/example_dags/example_external_task_marker_dag.py
[2025-08-19T09:06:56.254+0000] {logging_mixin.py:188} INFO - [2025-08-19T09:06:56.254+0000] {dag.py:3096} INFO - Sync 2 DAGs
[2025-08-19T09:06:56.269+0000] {logging_mixin.py:188} INFO - [2025-08-19T09:06:56.268+0000] {dag.py:3954} INFO - Setting next_dagrun for example_external_task_marker_child to None, run_after=None
[2025-08-19T09:06:56.272+0000] {logging_mixin.py:188} INFO - [2025-08-19T09:06:56.272+0000] {dag.py:3954} INFO - Setting next_dagrun for example_external_task_marker_parent to None, run_after=None
[2025-08-19T09:06:56.293+0000] {processor.py:183} INFO - Processing /home/airflow/.local/lib/python3.12/site-packages/airflow/example_dags/example_external_task_marker_dag.py took 0.083 seconds
[2025-08-19T09:07:26.536+0000] {processor.py:161} INFO - Started process (PID=2123) to work on /home/airflow/.local/lib/python3.12/site-packages/airflow/example_dags/example_external_task_marker_dag.py
[2025-08-19T09:07:26.538+0000] {processor.py:830} INFO - Processing file /home/airflow/.local/lib/python3.12/site-packages/airflow/example_dags/example_external_task_marker_dag.py for tasks to queue
[2025-08-19T09:07:26.540+0000] {logging_mixin.py:188} INFO - [2025-08-19T09:07:26.540+0000] {dagbag.py:540} INFO - Filling up the DagBag from /home/airflow/.local/lib/python3.12/site-packages/airflow/example_dags/example_external_task_marker_dag.py
[2025-08-19T09:07:26.548+0000] {processor.py:840} INFO - DAG(s) 'example_external_task_marker_parent', 'example_external_task_marker_child' retrieved from /home/airflow/.local/lib/python3.12/site-packages/airflow/example_dags/example_external_task_marker_dag.py
[2025-08-19T09:07:26.576+0000] {logging_mixin.py:188} INFO - [2025-08-19T09:07:26.576+0000] {dag.py:3096} INFO - Sync 2 DAGs
[2025-08-19T09:07:26.592+0000] {logging_mixin.py:188} INFO - [2025-08-19T09:07:26.592+0000] {dag.py:3954} INFO - Setting next_dagrun for example_external_task_marker_child to None, run_after=None
[2025-08-19T09:07:26.596+0000] {logging_mixin.py:188} INFO - [2025-08-19T09:07:26.596+0000] {dag.py:3954} INFO - Setting next_dagrun for example_external_task_marker_parent to None, run_after=None
[2025-08-19T09:07:26.616+0000] {processor.py:183} INFO - Processing /home/airflow/.local/lib/python3.12/site-packages/airflow/example_dags/example_external_task_marker_dag.py took 0.088 seconds
[2025-08-19T09:07:56.952+0000] {processor.py:161} INFO - Started process (PID=2181) to work on /home/airflow/.local/lib/python3.12/site-packages/airflow/example_dags/example_external_task_marker_dag.py
[2025-08-19T09:07:56.953+0000] {processor.py:830} INFO - Processing file /home/airflow/.local/lib/python3.12/site-packages/airflow/example_dags/example_external_task_marker_dag.py for tasks to queue
[2025-08-19T09:07:56.955+0000] {logging_mixin.py:188} INFO - [2025-08-19T09:07:56.955+0000] {dagbag.py:540} INFO - Filling up the DagBag from /home/airflow/.local/lib/python3.12/site-packages/airflow/example_dags/example_external_task_marker_dag.py
[2025-08-19T09:07:56.963+0000] {processor.py:840} INFO - DAG(s) 'example_external_task_marker_child', 'example_external_task_marker_parent' retrieved from /home/airflow/.local/lib/python3.12/site-packages/airflow/example_dags/example_external_task_marker_dag.py
[2025-08-19T09:07:56.988+0000] {logging_mixin.py:188} INFO - [2025-08-19T09:07:56.988+0000] {dag.py:3096} INFO - Sync 2 DAGs
[2025-08-19T09:07:57.002+0000] {logging_mixin.py:188} INFO - [2025-08-19T09:07:57.002+0000] {dag.py:3954} INFO - Setting next_dagrun for example_external_task_marker_child to None, run_after=None
[2025-08-19T09:07:57.007+0000] {logging_mixin.py:188} INFO - [2025-08-19T09:07:57.007+0000] {dag.py:3954} INFO - Setting next_dagrun for example_external_task_marker_parent to None, run_after=None
[2025-08-19T09:07:57.024+0000] {processor.py:183} INFO - Processing /home/airflow/.local/lib/python3.12/site-packages/airflow/example_dags/example_external_task_marker_dag.py took 0.080 seconds
[2025-08-19T09:08:27.587+0000] {processor.py:161} INFO - Started process (PID=2239) to work on /home/airflow/.local/lib/python3.12/site-packages/airflow/example_dags/example_external_task_marker_dag.py
[2025-08-19T09:08:27.588+0000] {processor.py:830} INFO - Processing file /home/airflow/.local/lib/python3.12/site-packages/airflow/example_dags/example_external_task_marker_dag.py for tasks to queue
[2025-08-19T09:08:27.590+0000] {logging_mixin.py:188} INFO - [2025-08-19T09:08:27.590+0000] {dagbag.py:540} INFO - Filling up the DagBag from /home/airflow/.local/lib/python3.12/site-packages/airflow/example_dags/example_external_task_marker_dag.py
[2025-08-19T09:08:27.598+0000] {processor.py:840} INFO - DAG(s) 'example_external_task_marker_parent', 'example_external_task_marker_child' retrieved from /home/airflow/.local/lib/python3.12/site-packages/airflow/example_dags/example_external_task_marker_dag.py
[2025-08-19T09:08:27.627+0000] {logging_mixin.py:188} INFO - [2025-08-19T09:08:27.626+0000] {dag.py:3096} INFO - Sync 2 DAGs
[2025-08-19T09:08:27.642+0000] {logging_mixin.py:188} INFO - [2025-08-19T09:08:27.642+0000] {dag.py:3954} INFO - Setting next_dagrun for example_external_task_marker_child to None, run_after=None
[2025-08-19T09:08:27.646+0000] {logging_mixin.py:188} INFO - [2025-08-19T09:08:27.646+0000] {dag.py:3954} INFO - Setting next_dagrun for example_external_task_marker_parent to None, run_after=None
[2025-08-19T09:08:27.664+0000] {processor.py:183} INFO - Processing /home/airflow/.local/lib/python3.12/site-packages/airflow/example_dags/example_external_task_marker_dag.py took 0.084 seconds
[2025-08-19T09:08:58.053+0000] {processor.py:161} INFO - Started process (PID=2297) to work on /home/airflow/.local/lib/python3.12/site-packages/airflow/example_dags/example_external_task_marker_dag.py
[2025-08-19T09:08:58.054+0000] {processor.py:830} INFO - Processing file /home/airflow/.local/lib/python3.12/site-packages/airflow/example_dags/example_external_task_marker_dag.py for tasks to queue
[2025-08-19T09:08:58.057+0000] {logging_mixin.py:188} INFO - [2025-08-19T09:08:58.056+0000] {dagbag.py:540} INFO - Filling up the DagBag from /home/airflow/.local/lib/python3.12/site-packages/airflow/example_dags/example_external_task_marker_dag.py
[2025-08-19T09:08:58.065+0000] {processor.py:840} INFO - DAG(s) 'example_external_task_marker_child', 'example_external_task_marker_parent' retrieved from /home/airflow/.local/lib/python3.12/site-packages/airflow/example_dags/example_external_task_marker_dag.py
[2025-08-19T09:08:58.091+0000] {logging_mixin.py:188} INFO - [2025-08-19T09:08:58.090+0000] {dag.py:3096} INFO - Sync 2 DAGs
[2025-08-19T09:08:58.105+0000] {logging_mixin.py:188} INFO - [2025-08-19T09:08:58.105+0000] {dag.py:3954} INFO - Setting next_dagrun for example_external_task_marker_child to None, run_after=None
[2025-08-19T09:08:58.109+0000] {logging_mixin.py:188} INFO - [2025-08-19T09:08:58.109+0000] {dag.py:3954} INFO - Setting next_dagrun for example_external_task_marker_parent to None, run_after=None
[2025-08-19T09:08:58.127+0000] {processor.py:183} INFO - Processing /home/airflow/.local/lib/python3.12/site-packages/airflow/example_dags/example_external_task_marker_dag.py took 0.081 seconds
[2025-08-19T09:09:28.569+0000] {processor.py:161} INFO - Started process (PID=2355) to work on /home/airflow/.local/lib/python3.12/site-packages/airflow/example_dags/example_external_task_marker_dag.py
[2025-08-19T09:09:28.570+0000] {processor.py:830} INFO - Processing file /home/airflow/.local/lib/python3.12/site-packages/airflow/example_dags/example_external_task_marker_dag.py for tasks to queue
[2025-08-19T09:09:28.573+0000] {logging_mixin.py:188} INFO - [2025-08-19T09:09:28.572+0000] {dagbag.py:540} INFO - Filling up the DagBag from /home/airflow/.local/lib/python3.12/site-packages/airflow/example_dags/example_external_task_marker_dag.py
[2025-08-19T09:09:28.580+0000] {processor.py:840} INFO - DAG(s) 'example_external_task_marker_parent', 'example_external_task_marker_child' retrieved from /home/airflow/.local/lib/python3.12/site-packages/airflow/example_dags/example_external_task_marker_dag.py
[2025-08-19T09:09:28.608+0000] {logging_mixin.py:188} INFO - [2025-08-19T09:09:28.608+0000] {dag.py:3096} INFO - Sync 2 DAGs
[2025-08-19T09:09:28.622+0000] {logging_mixin.py:188} INFO - [2025-08-19T09:09:28.622+0000] {dag.py:3954} INFO - Setting next_dagrun for example_external_task_marker_child to None, run_after=None
[2025-08-19T09:09:28.626+0000] {logging_mixin.py:188} INFO - [2025-08-19T09:09:28.626+0000] {dag.py:3954} INFO - Setting next_dagrun for example_external_task_marker_parent to None, run_after=None
[2025-08-19T09:09:28.644+0000] {processor.py:183} INFO - Processing /home/airflow/.local/lib/python3.12/site-packages/airflow/example_dags/example_external_task_marker_dag.py took 0.082 seconds
[2025-08-19T09:09:59.244+0000] {processor.py:161} INFO - Started process (PID=2413) to work on /home/airflow/.local/lib/python3.12/site-packages/airflow/example_dags/example_external_task_marker_dag.py
[2025-08-19T09:09:59.245+0000] {processor.py:830} INFO - Processing file /home/airflow/.local/lib/python3.12/site-packages/airflow/example_dags/example_external_task_marker_dag.py for tasks to queue
[2025-08-19T09:09:59.247+0000] {logging_mixin.py:188} INFO - [2025-08-19T09:09:59.247+0000] {dagbag.py:540} INFO - Filling up the DagBag from /home/airflow/.local/lib/python3.12/site-packages/airflow/example_dags/example_external_task_marker_dag.py
[2025-08-19T09:09:59.255+0000] {processor.py:840} INFO - DAG(s) 'example_external_task_marker_parent', 'example_external_task_marker_child' retrieved from /home/airflow/.local/lib/python3.12/site-packages/airflow/example_dags/example_external_task_marker_dag.py
[2025-08-19T09:09:59.283+0000] {logging_mixin.py:188} INFO - [2025-08-19T09:09:59.282+0000] {dag.py:3096} INFO - Sync 2 DAGs
[2025-08-19T09:09:59.298+0000] {logging_mixin.py:188} INFO - [2025-08-19T09:09:59.298+0000] {dag.py:3954} INFO - Setting next_dagrun for example_external_task_marker_child to None, run_after=None
[2025-08-19T09:09:59.302+0000] {logging_mixin.py:188} INFO - [2025-08-19T09:09:59.302+0000] {dag.py:3954} INFO - Setting next_dagrun for example_external_task_marker_parent to None, run_after=None
[2025-08-19T09:09:59.322+0000] {processor.py:183} INFO - Processing /home/airflow/.local/lib/python3.12/site-packages/airflow/example_dags/example_external_task_marker_dag.py took 0.086 seconds
[2025-08-19T09:10:29.700+0000] {processor.py:161} INFO - Started process (PID=2471) to work on /home/airflow/.local/lib/python3.12/site-packages/airflow/example_dags/example_external_task_marker_dag.py
[2025-08-19T09:10:29.701+0000] {processor.py:830} INFO - Processing file /home/airflow/.local/lib/python3.12/site-packages/airflow/example_dags/example_external_task_marker_dag.py for tasks to queue
[2025-08-19T09:10:29.704+0000] {logging_mixin.py:188} INFO - [2025-08-19T09:10:29.703+0000] {dagbag.py:540} INFO - Filling up the DagBag from /home/airflow/.local/lib/python3.12/site-packages/airflow/example_dags/example_external_task_marker_dag.py
[2025-08-19T09:10:29.713+0000] {processor.py:840} INFO - DAG(s) 'example_external_task_marker_child', 'example_external_task_marker_parent' retrieved from /home/airflow/.local/lib/python3.12/site-packages/airflow/example_dags/example_external_task_marker_dag.py
[2025-08-19T09:10:29.742+0000] {logging_mixin.py:188} INFO - [2025-08-19T09:10:29.742+0000] {dag.py:3096} INFO - Sync 2 DAGs
[2025-08-19T09:10:29.763+0000] {logging_mixin.py:188} INFO - [2025-08-19T09:10:29.762+0000] {dag.py:3954} INFO - Setting next_dagrun for example_external_task_marker_child to None, run_after=None
[2025-08-19T09:10:29.769+0000] {logging_mixin.py:188} INFO - [2025-08-19T09:10:29.769+0000] {dag.py:3954} INFO - Setting next_dagrun for example_external_task_marker_parent to None, run_after=None
[2025-08-19T09:10:29.790+0000] {processor.py:183} INFO - Processing /home/airflow/.local/lib/python3.12/site-packages/airflow/example_dags/example_external_task_marker_dag.py took 0.099 seconds
[2025-08-19T09:11:00.375+0000] {processor.py:161} INFO - Started process (PID=2529) to work on /home/airflow/.local/lib/python3.12/site-packages/airflow/example_dags/example_external_task_marker_dag.py
[2025-08-19T09:11:00.376+0000] {processor.py:830} INFO - Processing file /home/airflow/.local/lib/python3.12/site-packages/airflow/example_dags/example_external_task_marker_dag.py for tasks to queue
[2025-08-19T09:11:00.379+0000] {logging_mixin.py:188} INFO - [2025-08-19T09:11:00.378+0000] {dagbag.py:540} INFO - Filling up the DagBag from /home/airflow/.local/lib/python3.12/site-packages/airflow/example_dags/example_external_task_marker_dag.py
[2025-08-19T09:11:00.386+0000] {processor.py:840} INFO - DAG(s) 'example_external_task_marker_child', 'example_external_task_marker_parent' retrieved from /home/airflow/.local/lib/python3.12/site-packages/airflow/example_dags/example_external_task_marker_dag.py
[2025-08-19T09:11:00.415+0000] {logging_mixin.py:188} INFO - [2025-08-19T09:11:00.415+0000] {dag.py:3096} INFO - Sync 2 DAGs
[2025-08-19T09:11:00.430+0000] {logging_mixin.py:188} INFO - [2025-08-19T09:11:00.430+0000] {dag.py:3954} INFO - Setting next_dagrun for example_external_task_marker_child to None, run_after=None
[2025-08-19T09:11:00.435+0000] {logging_mixin.py:188} INFO - [2025-08-19T09:11:00.434+0000] {dag.py:3954} INFO - Setting next_dagrun for example_external_task_marker_parent to None, run_after=None
[2025-08-19T09:11:00.452+0000] {processor.py:183} INFO - Processing /home/airflow/.local/lib/python3.12/site-packages/airflow/example_dags/example_external_task_marker_dag.py took 0.085 seconds
