[2025-08-19T08:49:40.218+0000] {processor.py:161} INFO - Started process (PID=70) to work on /home/airflow/.local/lib/python3.12/site-packages/airflow/example_dags/example_skip_dag.py
[2025-08-19T08:49:40.220+0000] {processor.py:830} INFO - Processing file /home/airflow/.local/lib/python3.12/site-packages/airflow/example_dags/example_skip_dag.py for tasks to queue
[2025-08-19T08:49:40.224+0000] {logging_mixin.py:188} INFO - [2025-08-19T08:49:40.223+0000] {dagbag.py:540} INFO - Filling up the DagBag from /home/airflow/.local/lib/python3.12/site-packages/airflow/example_dags/example_skip_dag.py
[2025-08-19T08:49:40.239+0000] {processor.py:840} INFO - DAG(s) 'example_skip_dag' retrieved from /home/airflow/.local/lib/python3.12/site-packages/airflow/example_dags/example_skip_dag.py
[2025-08-19T08:49:40.403+0000] {logging_mixin.py:188} INFO - [2025-08-19T08:49:40.403+0000] {dag.py:3096} INFO - Sync 1 DAGs
[2025-08-19T08:49:40.429+0000] {logging_mixin.py:188} INFO - [2025-08-19T08:49:40.429+0000] {dag.py:3954} INFO - Setting next_dagrun for example_skip_dag to 2025-08-18 00:00:00+00:00, run_after=2025-08-19 00:00:00+00:00
[2025-08-19T08:49:40.456+0000] {processor.py:183} INFO - Processing /home/airflow/.local/lib/python3.12/site-packages/airflow/example_dags/example_skip_dag.py took 0.251 seconds
[2025-08-19T08:50:11.241+0000] {processor.py:161} INFO - Started process (PID=128) to work on /home/airflow/.local/lib/python3.12/site-packages/airflow/example_dags/example_skip_dag.py
[2025-08-19T08:50:11.243+0000] {processor.py:830} INFO - Processing file /home/airflow/.local/lib/python3.12/site-packages/airflow/example_dags/example_skip_dag.py for tasks to queue
[2025-08-19T08:50:11.247+0000] {logging_mixin.py:188} INFO - [2025-08-19T08:50:11.246+0000] {dagbag.py:540} INFO - Filling up the DagBag from /home/airflow/.local/lib/python3.12/site-packages/airflow/example_dags/example_skip_dag.py
[2025-08-19T08:50:11.257+0000] {processor.py:840} INFO - DAG(s) 'example_skip_dag' retrieved from /home/airflow/.local/lib/python3.12/site-packages/airflow/example_dags/example_skip_dag.py
[2025-08-19T08:50:11.292+0000] {logging_mixin.py:188} INFO - [2025-08-19T08:50:11.291+0000] {dag.py:3096} INFO - Sync 1 DAGs
[2025-08-19T08:50:11.322+0000] {logging_mixin.py:188} INFO - [2025-08-19T08:50:11.322+0000] {dag.py:3954} INFO - Setting next_dagrun for example_skip_dag to 2025-08-18 00:00:00+00:00, run_after=2025-08-19 00:00:00+00:00
[2025-08-19T08:50:11.348+0000] {processor.py:183} INFO - Processing /home/airflow/.local/lib/python3.12/site-packages/airflow/example_dags/example_skip_dag.py took 0.117 seconds
[2025-08-19T08:50:42.157+0000] {processor.py:161} INFO - Started process (PID=186) to work on /home/airflow/.local/lib/python3.12/site-packages/airflow/example_dags/example_skip_dag.py
[2025-08-19T08:50:42.158+0000] {processor.py:830} INFO - Processing file /home/airflow/.local/lib/python3.12/site-packages/airflow/example_dags/example_skip_dag.py for tasks to queue
[2025-08-19T08:50:42.160+0000] {logging_mixin.py:188} INFO - [2025-08-19T08:50:42.160+0000] {dagbag.py:540} INFO - Filling up the DagBag from /home/airflow/.local/lib/python3.12/site-packages/airflow/example_dags/example_skip_dag.py
[2025-08-19T08:50:42.168+0000] {processor.py:840} INFO - DAG(s) 'example_skip_dag' retrieved from /home/airflow/.local/lib/python3.12/site-packages/airflow/example_dags/example_skip_dag.py
[2025-08-19T08:50:42.183+0000] {logging_mixin.py:188} INFO - [2025-08-19T08:50:42.183+0000] {dag.py:3096} INFO - Sync 1 DAGs
[2025-08-19T08:50:42.209+0000] {logging_mixin.py:188} INFO - [2025-08-19T08:50:42.209+0000] {dag.py:3954} INFO - Setting next_dagrun for example_skip_dag to 2025-08-18 00:00:00+00:00, run_after=2025-08-19 00:00:00+00:00
[2025-08-19T08:50:42.231+0000] {processor.py:183} INFO - Processing /home/airflow/.local/lib/python3.12/site-packages/airflow/example_dags/example_skip_dag.py took 0.081 seconds
[2025-08-19T08:51:12.525+0000] {processor.py:161} INFO - Started process (PID=244) to work on /home/airflow/.local/lib/python3.12/site-packages/airflow/example_dags/example_skip_dag.py
[2025-08-19T08:51:12.526+0000] {processor.py:830} INFO - Processing file /home/airflow/.local/lib/python3.12/site-packages/airflow/example_dags/example_skip_dag.py for tasks to queue
[2025-08-19T08:51:12.529+0000] {logging_mixin.py:188} INFO - [2025-08-19T08:51:12.528+0000] {dagbag.py:540} INFO - Filling up the DagBag from /home/airflow/.local/lib/python3.12/site-packages/airflow/example_dags/example_skip_dag.py
[2025-08-19T08:51:12.538+0000] {processor.py:840} INFO - DAG(s) 'example_skip_dag' retrieved from /home/airflow/.local/lib/python3.12/site-packages/airflow/example_dags/example_skip_dag.py
[2025-08-19T08:51:12.672+0000] {logging_mixin.py:188} INFO - [2025-08-19T08:51:12.671+0000] {dag.py:3096} INFO - Sync 1 DAGs
[2025-08-19T08:51:12.696+0000] {logging_mixin.py:188} INFO - [2025-08-19T08:51:12.696+0000] {dag.py:3954} INFO - Setting next_dagrun for example_skip_dag to 2025-08-18 00:00:00+00:00, run_after=2025-08-19 00:00:00+00:00
[2025-08-19T08:51:12.721+0000] {processor.py:183} INFO - Processing /home/airflow/.local/lib/python3.12/site-packages/airflow/example_dags/example_skip_dag.py took 0.206 seconds
[2025-08-19T08:51:43.027+0000] {processor.py:161} INFO - Started process (PID=303) to work on /home/airflow/.local/lib/python3.12/site-packages/airflow/example_dags/example_skip_dag.py
[2025-08-19T08:51:43.028+0000] {processor.py:830} INFO - Processing file /home/airflow/.local/lib/python3.12/site-packages/airflow/example_dags/example_skip_dag.py for tasks to queue
[2025-08-19T08:51:43.030+0000] {logging_mixin.py:188} INFO - [2025-08-19T08:51:43.030+0000] {dagbag.py:540} INFO - Filling up the DagBag from /home/airflow/.local/lib/python3.12/site-packages/airflow/example_dags/example_skip_dag.py
[2025-08-19T08:51:43.039+0000] {processor.py:840} INFO - DAG(s) 'example_skip_dag' retrieved from /home/airflow/.local/lib/python3.12/site-packages/airflow/example_dags/example_skip_dag.py
[2025-08-19T08:51:43.064+0000] {logging_mixin.py:188} INFO - [2025-08-19T08:51:43.064+0000] {dag.py:3096} INFO - Sync 1 DAGs
[2025-08-19T08:51:43.088+0000] {logging_mixin.py:188} INFO - [2025-08-19T08:51:43.088+0000] {dag.py:3954} INFO - Setting next_dagrun for example_skip_dag to 2025-08-18 00:00:00+00:00, run_after=2025-08-19 00:00:00+00:00
[2025-08-19T08:51:43.108+0000] {processor.py:183} INFO - Processing /home/airflow/.local/lib/python3.12/site-packages/airflow/example_dags/example_skip_dag.py took 0.088 seconds
[2025-08-19T08:52:13.330+0000] {processor.py:161} INFO - Started process (PID=361) to work on /home/airflow/.local/lib/python3.12/site-packages/airflow/example_dags/example_skip_dag.py
[2025-08-19T08:52:13.331+0000] {processor.py:830} INFO - Processing file /home/airflow/.local/lib/python3.12/site-packages/airflow/example_dags/example_skip_dag.py for tasks to queue
[2025-08-19T08:52:13.333+0000] {logging_mixin.py:188} INFO - [2025-08-19T08:52:13.332+0000] {dagbag.py:540} INFO - Filling up the DagBag from /home/airflow/.local/lib/python3.12/site-packages/airflow/example_dags/example_skip_dag.py
[2025-08-19T08:52:13.341+0000] {processor.py:840} INFO - DAG(s) 'example_skip_dag' retrieved from /home/airflow/.local/lib/python3.12/site-packages/airflow/example_dags/example_skip_dag.py
[2025-08-19T08:52:13.366+0000] {logging_mixin.py:188} INFO - [2025-08-19T08:52:13.366+0000] {dag.py:3096} INFO - Sync 1 DAGs
[2025-08-19T08:52:13.390+0000] {logging_mixin.py:188} INFO - [2025-08-19T08:52:13.390+0000] {dag.py:3954} INFO - Setting next_dagrun for example_skip_dag to 2025-08-18 00:00:00+00:00, run_after=2025-08-19 00:00:00+00:00
[2025-08-19T08:52:13.410+0000] {processor.py:183} INFO - Processing /home/airflow/.local/lib/python3.12/site-packages/airflow/example_dags/example_skip_dag.py took 0.088 seconds
[2025-08-19T08:52:43.670+0000] {processor.py:161} INFO - Started process (PID=419) to work on /home/airflow/.local/lib/python3.12/site-packages/airflow/example_dags/example_skip_dag.py
[2025-08-19T08:52:43.671+0000] {processor.py:830} INFO - Processing file /home/airflow/.local/lib/python3.12/site-packages/airflow/example_dags/example_skip_dag.py for tasks to queue
[2025-08-19T08:52:43.674+0000] {logging_mixin.py:188} INFO - [2025-08-19T08:52:43.673+0000] {dagbag.py:540} INFO - Filling up the DagBag from /home/airflow/.local/lib/python3.12/site-packages/airflow/example_dags/example_skip_dag.py
[2025-08-19T08:52:43.682+0000] {processor.py:840} INFO - DAG(s) 'example_skip_dag' retrieved from /home/airflow/.local/lib/python3.12/site-packages/airflow/example_dags/example_skip_dag.py
[2025-08-19T08:52:43.708+0000] {logging_mixin.py:188} INFO - [2025-08-19T08:52:43.708+0000] {dag.py:3096} INFO - Sync 1 DAGs
[2025-08-19T08:52:43.733+0000] {logging_mixin.py:188} INFO - [2025-08-19T08:52:43.733+0000] {dag.py:3954} INFO - Setting next_dagrun for example_skip_dag to 2025-08-18 00:00:00+00:00, run_after=2025-08-19 00:00:00+00:00
[2025-08-19T08:52:43.755+0000] {processor.py:183} INFO - Processing /home/airflow/.local/lib/python3.12/site-packages/airflow/example_dags/example_skip_dag.py took 0.093 seconds
[2025-08-19T08:53:13.886+0000] {processor.py:161} INFO - Started process (PID=478) to work on /home/airflow/.local/lib/python3.12/site-packages/airflow/example_dags/example_skip_dag.py
[2025-08-19T08:53:13.887+0000] {processor.py:830} INFO - Processing file /home/airflow/.local/lib/python3.12/site-packages/airflow/example_dags/example_skip_dag.py for tasks to queue
[2025-08-19T08:53:13.890+0000] {logging_mixin.py:188} INFO - [2025-08-19T08:53:13.889+0000] {dagbag.py:540} INFO - Filling up the DagBag from /home/airflow/.local/lib/python3.12/site-packages/airflow/example_dags/example_skip_dag.py
[2025-08-19T08:53:13.897+0000] {processor.py:840} INFO - DAG(s) 'example_skip_dag' retrieved from /home/airflow/.local/lib/python3.12/site-packages/airflow/example_dags/example_skip_dag.py
[2025-08-19T08:53:13.924+0000] {logging_mixin.py:188} INFO - [2025-08-19T08:53:13.924+0000] {dag.py:3096} INFO - Sync 1 DAGs
[2025-08-19T08:53:13.949+0000] {logging_mixin.py:188} INFO - [2025-08-19T08:53:13.948+0000] {dag.py:3954} INFO - Setting next_dagrun for example_skip_dag to 2025-08-18 00:00:00+00:00, run_after=2025-08-19 00:00:00+00:00
[2025-08-19T08:53:13.969+0000] {processor.py:183} INFO - Processing /home/airflow/.local/lib/python3.12/site-packages/airflow/example_dags/example_skip_dag.py took 0.090 seconds
[2025-08-19T08:53:44.095+0000] {processor.py:161} INFO - Started process (PID=537) to work on /home/airflow/.local/lib/python3.12/site-packages/airflow/example_dags/example_skip_dag.py
[2025-08-19T08:53:44.096+0000] {processor.py:830} INFO - Processing file /home/airflow/.local/lib/python3.12/site-packages/airflow/example_dags/example_skip_dag.py for tasks to queue
[2025-08-19T08:53:44.098+0000] {logging_mixin.py:188} INFO - [2025-08-19T08:53:44.098+0000] {dagbag.py:540} INFO - Filling up the DagBag from /home/airflow/.local/lib/python3.12/site-packages/airflow/example_dags/example_skip_dag.py
[2025-08-19T08:53:44.106+0000] {processor.py:840} INFO - DAG(s) 'example_skip_dag' retrieved from /home/airflow/.local/lib/python3.12/site-packages/airflow/example_dags/example_skip_dag.py
[2025-08-19T08:53:44.132+0000] {logging_mixin.py:188} INFO - [2025-08-19T08:53:44.132+0000] {dag.py:3096} INFO - Sync 1 DAGs
[2025-08-19T08:53:44.156+0000] {logging_mixin.py:188} INFO - [2025-08-19T08:53:44.156+0000] {dag.py:3954} INFO - Setting next_dagrun for example_skip_dag to 2025-08-18 00:00:00+00:00, run_after=2025-08-19 00:00:00+00:00
[2025-08-19T08:53:44.175+0000] {processor.py:183} INFO - Processing /home/airflow/.local/lib/python3.12/site-packages/airflow/example_dags/example_skip_dag.py took 0.088 seconds
[2025-08-19T08:54:14.415+0000] {processor.py:161} INFO - Started process (PID=601) to work on /home/airflow/.local/lib/python3.12/site-packages/airflow/example_dags/example_skip_dag.py
[2025-08-19T08:54:14.416+0000] {processor.py:830} INFO - Processing file /home/airflow/.local/lib/python3.12/site-packages/airflow/example_dags/example_skip_dag.py for tasks to queue
[2025-08-19T08:54:14.418+0000] {logging_mixin.py:188} INFO - [2025-08-19T08:54:14.418+0000] {dagbag.py:540} INFO - Filling up the DagBag from /home/airflow/.local/lib/python3.12/site-packages/airflow/example_dags/example_skip_dag.py
[2025-08-19T08:54:14.427+0000] {processor.py:840} INFO - DAG(s) 'example_skip_dag' retrieved from /home/airflow/.local/lib/python3.12/site-packages/airflow/example_dags/example_skip_dag.py
[2025-08-19T08:54:14.453+0000] {logging_mixin.py:188} INFO - [2025-08-19T08:54:14.452+0000] {dag.py:3096} INFO - Sync 1 DAGs
[2025-08-19T08:54:14.479+0000] {logging_mixin.py:188} INFO - [2025-08-19T08:54:14.478+0000] {dag.py:3954} INFO - Setting next_dagrun for example_skip_dag to 2025-08-18 00:00:00+00:00, run_after=2025-08-19 00:00:00+00:00
[2025-08-19T08:54:14.500+0000] {processor.py:183} INFO - Processing /home/airflow/.local/lib/python3.12/site-packages/airflow/example_dags/example_skip_dag.py took 0.093 seconds
[2025-08-19T08:54:44.926+0000] {processor.py:161} INFO - Started process (PID=659) to work on /home/airflow/.local/lib/python3.12/site-packages/airflow/example_dags/example_skip_dag.py
[2025-08-19T08:54:44.927+0000] {processor.py:830} INFO - Processing file /home/airflow/.local/lib/python3.12/site-packages/airflow/example_dags/example_skip_dag.py for tasks to queue
[2025-08-19T08:54:44.929+0000] {logging_mixin.py:188} INFO - [2025-08-19T08:54:44.929+0000] {dagbag.py:540} INFO - Filling up the DagBag from /home/airflow/.local/lib/python3.12/site-packages/airflow/example_dags/example_skip_dag.py
[2025-08-19T08:54:44.937+0000] {processor.py:840} INFO - DAG(s) 'example_skip_dag' retrieved from /home/airflow/.local/lib/python3.12/site-packages/airflow/example_dags/example_skip_dag.py
[2025-08-19T08:54:44.963+0000] {logging_mixin.py:188} INFO - [2025-08-19T08:54:44.963+0000] {dag.py:3096} INFO - Sync 1 DAGs
[2025-08-19T08:54:44.987+0000] {logging_mixin.py:188} INFO - [2025-08-19T08:54:44.987+0000] {dag.py:3954} INFO - Setting next_dagrun for example_skip_dag to 2025-08-18 00:00:00+00:00, run_after=2025-08-19 00:00:00+00:00
[2025-08-19T08:54:45.008+0000] {processor.py:183} INFO - Processing /home/airflow/.local/lib/python3.12/site-packages/airflow/example_dags/example_skip_dag.py took 0.090 seconds
[2025-08-19T08:55:15.266+0000] {processor.py:161} INFO - Started process (PID=717) to work on /home/airflow/.local/lib/python3.12/site-packages/airflow/example_dags/example_skip_dag.py
[2025-08-19T08:55:15.267+0000] {processor.py:830} INFO - Processing file /home/airflow/.local/lib/python3.12/site-packages/airflow/example_dags/example_skip_dag.py for tasks to queue
[2025-08-19T08:55:15.270+0000] {logging_mixin.py:188} INFO - [2025-08-19T08:55:15.269+0000] {dagbag.py:540} INFO - Filling up the DagBag from /home/airflow/.local/lib/python3.12/site-packages/airflow/example_dags/example_skip_dag.py
[2025-08-19T08:55:15.278+0000] {processor.py:840} INFO - DAG(s) 'example_skip_dag' retrieved from /home/airflow/.local/lib/python3.12/site-packages/airflow/example_dags/example_skip_dag.py
[2025-08-19T08:55:15.306+0000] {logging_mixin.py:188} INFO - [2025-08-19T08:55:15.306+0000] {dag.py:3096} INFO - Sync 1 DAGs
[2025-08-19T08:55:15.331+0000] {logging_mixin.py:188} INFO - [2025-08-19T08:55:15.331+0000] {dag.py:3954} INFO - Setting next_dagrun for example_skip_dag to 2025-08-18 00:00:00+00:00, run_after=2025-08-19 00:00:00+00:00
[2025-08-19T08:55:15.519+0000] {processor.py:183} INFO - Processing /home/airflow/.local/lib/python3.12/site-packages/airflow/example_dags/example_skip_dag.py took 0.261 seconds
[2025-08-19T08:55:45.679+0000] {processor.py:161} INFO - Started process (PID=775) to work on /home/airflow/.local/lib/python3.12/site-packages/airflow/example_dags/example_skip_dag.py
[2025-08-19T08:55:45.680+0000] {processor.py:830} INFO - Processing file /home/airflow/.local/lib/python3.12/site-packages/airflow/example_dags/example_skip_dag.py for tasks to queue
[2025-08-19T08:55:45.683+0000] {logging_mixin.py:188} INFO - [2025-08-19T08:55:45.682+0000] {dagbag.py:540} INFO - Filling up the DagBag from /home/airflow/.local/lib/python3.12/site-packages/airflow/example_dags/example_skip_dag.py
[2025-08-19T08:55:45.691+0000] {processor.py:840} INFO - DAG(s) 'example_skip_dag' retrieved from /home/airflow/.local/lib/python3.12/site-packages/airflow/example_dags/example_skip_dag.py
[2025-08-19T08:55:45.719+0000] {logging_mixin.py:188} INFO - [2025-08-19T08:55:45.719+0000] {dag.py:3096} INFO - Sync 1 DAGs
[2025-08-19T08:55:45.746+0000] {logging_mixin.py:188} INFO - [2025-08-19T08:55:45.746+0000] {dag.py:3954} INFO - Setting next_dagrun for example_skip_dag to 2025-08-18 00:00:00+00:00, run_after=2025-08-19 00:00:00+00:00
[2025-08-19T08:55:45.915+0000] {processor.py:183} INFO - Processing /home/airflow/.local/lib/python3.12/site-packages/airflow/example_dags/example_skip_dag.py took 0.244 seconds
[2025-08-19T08:56:16.013+0000] {processor.py:161} INFO - Started process (PID=833) to work on /home/airflow/.local/lib/python3.12/site-packages/airflow/example_dags/example_skip_dag.py
[2025-08-19T08:56:16.014+0000] {processor.py:830} INFO - Processing file /home/airflow/.local/lib/python3.12/site-packages/airflow/example_dags/example_skip_dag.py for tasks to queue
[2025-08-19T08:56:16.016+0000] {logging_mixin.py:188} INFO - [2025-08-19T08:56:16.016+0000] {dagbag.py:540} INFO - Filling up the DagBag from /home/airflow/.local/lib/python3.12/site-packages/airflow/example_dags/example_skip_dag.py
[2025-08-19T08:56:16.024+0000] {processor.py:840} INFO - DAG(s) 'example_skip_dag' retrieved from /home/airflow/.local/lib/python3.12/site-packages/airflow/example_dags/example_skip_dag.py
[2025-08-19T08:56:16.050+0000] {logging_mixin.py:188} INFO - [2025-08-19T08:56:16.050+0000] {dag.py:3096} INFO - Sync 1 DAGs
[2025-08-19T08:56:16.074+0000] {logging_mixin.py:188} INFO - [2025-08-19T08:56:16.074+0000] {dag.py:3954} INFO - Setting next_dagrun for example_skip_dag to 2025-08-18 00:00:00+00:00, run_after=2025-08-19 00:00:00+00:00
[2025-08-19T08:56:16.261+0000] {processor.py:183} INFO - Processing /home/airflow/.local/lib/python3.12/site-packages/airflow/example_dags/example_skip_dag.py took 0.256 seconds
[2025-08-19T08:56:46.382+0000] {processor.py:161} INFO - Started process (PID=891) to work on /home/airflow/.local/lib/python3.12/site-packages/airflow/example_dags/example_skip_dag.py
[2025-08-19T08:56:46.383+0000] {processor.py:830} INFO - Processing file /home/airflow/.local/lib/python3.12/site-packages/airflow/example_dags/example_skip_dag.py for tasks to queue
[2025-08-19T08:56:46.385+0000] {logging_mixin.py:188} INFO - [2025-08-19T08:56:46.385+0000] {dagbag.py:540} INFO - Filling up the DagBag from /home/airflow/.local/lib/python3.12/site-packages/airflow/example_dags/example_skip_dag.py
[2025-08-19T08:56:46.393+0000] {processor.py:840} INFO - DAG(s) 'example_skip_dag' retrieved from /home/airflow/.local/lib/python3.12/site-packages/airflow/example_dags/example_skip_dag.py
[2025-08-19T08:56:46.420+0000] {logging_mixin.py:188} INFO - [2025-08-19T08:56:46.420+0000] {dag.py:3096} INFO - Sync 1 DAGs
[2025-08-19T08:56:46.445+0000] {logging_mixin.py:188} INFO - [2025-08-19T08:56:46.445+0000] {dag.py:3954} INFO - Setting next_dagrun for example_skip_dag to 2025-08-18 00:00:00+00:00, run_after=2025-08-19 00:00:00+00:00
[2025-08-19T08:56:46.633+0000] {processor.py:183} INFO - Processing /home/airflow/.local/lib/python3.12/site-packages/airflow/example_dags/example_skip_dag.py took 0.259 seconds
[2025-08-19T08:57:16.715+0000] {processor.py:161} INFO - Started process (PID=949) to work on /home/airflow/.local/lib/python3.12/site-packages/airflow/example_dags/example_skip_dag.py
[2025-08-19T08:57:16.716+0000] {processor.py:830} INFO - Processing file /home/airflow/.local/lib/python3.12/site-packages/airflow/example_dags/example_skip_dag.py for tasks to queue
[2025-08-19T08:57:16.719+0000] {logging_mixin.py:188} INFO - [2025-08-19T08:57:16.718+0000] {dagbag.py:540} INFO - Filling up the DagBag from /home/airflow/.local/lib/python3.12/site-packages/airflow/example_dags/example_skip_dag.py
[2025-08-19T08:57:16.727+0000] {processor.py:840} INFO - DAG(s) 'example_skip_dag' retrieved from /home/airflow/.local/lib/python3.12/site-packages/airflow/example_dags/example_skip_dag.py
[2025-08-19T08:57:16.752+0000] {logging_mixin.py:188} INFO - [2025-08-19T08:57:16.752+0000] {dag.py:3096} INFO - Sync 1 DAGs
[2025-08-19T08:57:16.775+0000] {logging_mixin.py:188} INFO - [2025-08-19T08:57:16.775+0000] {dag.py:3954} INFO - Setting next_dagrun for example_skip_dag to 2025-08-18 00:00:00+00:00, run_after=2025-08-19 00:00:00+00:00
[2025-08-19T08:57:16.939+0000] {processor.py:183} INFO - Processing /home/airflow/.local/lib/python3.12/site-packages/airflow/example_dags/example_skip_dag.py took 0.231 seconds
[2025-08-19T08:57:47.684+0000] {processor.py:161} INFO - Started process (PID=1008) to work on /home/airflow/.local/lib/python3.12/site-packages/airflow/example_dags/example_skip_dag.py
[2025-08-19T08:57:47.685+0000] {processor.py:830} INFO - Processing file /home/airflow/.local/lib/python3.12/site-packages/airflow/example_dags/example_skip_dag.py for tasks to queue
[2025-08-19T08:57:47.688+0000] {logging_mixin.py:188} INFO - [2025-08-19T08:57:47.687+0000] {dagbag.py:540} INFO - Filling up the DagBag from /home/airflow/.local/lib/python3.12/site-packages/airflow/example_dags/example_skip_dag.py
[2025-08-19T08:57:47.695+0000] {processor.py:840} INFO - DAG(s) 'example_skip_dag' retrieved from /home/airflow/.local/lib/python3.12/site-packages/airflow/example_dags/example_skip_dag.py
[2025-08-19T08:57:47.723+0000] {logging_mixin.py:188} INFO - [2025-08-19T08:57:47.722+0000] {dag.py:3096} INFO - Sync 1 DAGs
[2025-08-19T08:57:47.750+0000] {logging_mixin.py:188} INFO - [2025-08-19T08:57:47.750+0000] {dag.py:3954} INFO - Setting next_dagrun for example_skip_dag to 2025-08-18 00:00:00+00:00, run_after=2025-08-19 00:00:00+00:00
[2025-08-19T08:57:47.771+0000] {processor.py:183} INFO - Processing /home/airflow/.local/lib/python3.12/site-packages/airflow/example_dags/example_skip_dag.py took 0.095 seconds
[2025-08-19T08:58:17.987+0000] {processor.py:161} INFO - Started process (PID=1066) to work on /home/airflow/.local/lib/python3.12/site-packages/airflow/example_dags/example_skip_dag.py
[2025-08-19T08:58:17.988+0000] {processor.py:830} INFO - Processing file /home/airflow/.local/lib/python3.12/site-packages/airflow/example_dags/example_skip_dag.py for tasks to queue
[2025-08-19T08:58:17.990+0000] {logging_mixin.py:188} INFO - [2025-08-19T08:58:17.990+0000] {dagbag.py:540} INFO - Filling up the DagBag from /home/airflow/.local/lib/python3.12/site-packages/airflow/example_dags/example_skip_dag.py
[2025-08-19T08:58:17.998+0000] {processor.py:840} INFO - DAG(s) 'example_skip_dag' retrieved from /home/airflow/.local/lib/python3.12/site-packages/airflow/example_dags/example_skip_dag.py
[2025-08-19T08:58:18.026+0000] {logging_mixin.py:188} INFO - [2025-08-19T08:58:18.025+0000] {dag.py:3096} INFO - Sync 1 DAGs
[2025-08-19T08:58:18.050+0000] {logging_mixin.py:188} INFO - [2025-08-19T08:58:18.050+0000] {dag.py:3954} INFO - Setting next_dagrun for example_skip_dag to 2025-08-18 00:00:00+00:00, run_after=2025-08-19 00:00:00+00:00
[2025-08-19T08:58:18.071+0000] {processor.py:183} INFO - Processing /home/airflow/.local/lib/python3.12/site-packages/airflow/example_dags/example_skip_dag.py took 0.092 seconds
[2025-08-19T08:58:48.514+0000] {processor.py:161} INFO - Started process (PID=1124) to work on /home/airflow/.local/lib/python3.12/site-packages/airflow/example_dags/example_skip_dag.py
[2025-08-19T08:58:48.515+0000] {processor.py:830} INFO - Processing file /home/airflow/.local/lib/python3.12/site-packages/airflow/example_dags/example_skip_dag.py for tasks to queue
[2025-08-19T08:58:48.517+0000] {logging_mixin.py:188} INFO - [2025-08-19T08:58:48.517+0000] {dagbag.py:540} INFO - Filling up the DagBag from /home/airflow/.local/lib/python3.12/site-packages/airflow/example_dags/example_skip_dag.py
[2025-08-19T08:58:48.525+0000] {processor.py:840} INFO - DAG(s) 'example_skip_dag' retrieved from /home/airflow/.local/lib/python3.12/site-packages/airflow/example_dags/example_skip_dag.py
[2025-08-19T08:58:48.551+0000] {logging_mixin.py:188} INFO - [2025-08-19T08:58:48.551+0000] {dag.py:3096} INFO - Sync 1 DAGs
[2025-08-19T08:58:48.575+0000] {logging_mixin.py:188} INFO - [2025-08-19T08:58:48.574+0000] {dag.py:3954} INFO - Setting next_dagrun for example_skip_dag to 2025-08-18 00:00:00+00:00, run_after=2025-08-19 00:00:00+00:00
[2025-08-19T08:58:48.595+0000] {processor.py:183} INFO - Processing /home/airflow/.local/lib/python3.12/site-packages/airflow/example_dags/example_skip_dag.py took 0.088 seconds
[2025-08-19T08:59:18.897+0000] {processor.py:161} INFO - Started process (PID=1182) to work on /home/airflow/.local/lib/python3.12/site-packages/airflow/example_dags/example_skip_dag.py
[2025-08-19T08:59:18.898+0000] {processor.py:830} INFO - Processing file /home/airflow/.local/lib/python3.12/site-packages/airflow/example_dags/example_skip_dag.py for tasks to queue
[2025-08-19T08:59:18.900+0000] {logging_mixin.py:188} INFO - [2025-08-19T08:59:18.900+0000] {dagbag.py:540} INFO - Filling up the DagBag from /home/airflow/.local/lib/python3.12/site-packages/airflow/example_dags/example_skip_dag.py
[2025-08-19T08:59:18.908+0000] {processor.py:840} INFO - DAG(s) 'example_skip_dag' retrieved from /home/airflow/.local/lib/python3.12/site-packages/airflow/example_dags/example_skip_dag.py
[2025-08-19T08:59:18.934+0000] {logging_mixin.py:188} INFO - [2025-08-19T08:59:18.934+0000] {dag.py:3096} INFO - Sync 1 DAGs
[2025-08-19T08:59:18.957+0000] {logging_mixin.py:188} INFO - [2025-08-19T08:59:18.957+0000] {dag.py:3954} INFO - Setting next_dagrun for example_skip_dag to 2025-08-18 00:00:00+00:00, run_after=2025-08-19 00:00:00+00:00
[2025-08-19T08:59:18.977+0000] {processor.py:183} INFO - Processing /home/airflow/.local/lib/python3.12/site-packages/airflow/example_dags/example_skip_dag.py took 0.087 seconds
[2025-08-19T08:59:49.389+0000] {processor.py:161} INFO - Started process (PID=1240) to work on /home/airflow/.local/lib/python3.12/site-packages/airflow/example_dags/example_skip_dag.py
[2025-08-19T08:59:49.390+0000] {processor.py:830} INFO - Processing file /home/airflow/.local/lib/python3.12/site-packages/airflow/example_dags/example_skip_dag.py for tasks to queue
[2025-08-19T08:59:49.393+0000] {logging_mixin.py:188} INFO - [2025-08-19T08:59:49.392+0000] {dagbag.py:540} INFO - Filling up the DagBag from /home/airflow/.local/lib/python3.12/site-packages/airflow/example_dags/example_skip_dag.py
[2025-08-19T08:59:49.402+0000] {processor.py:840} INFO - DAG(s) 'example_skip_dag' retrieved from /home/airflow/.local/lib/python3.12/site-packages/airflow/example_dags/example_skip_dag.py
[2025-08-19T08:59:49.426+0000] {logging_mixin.py:188} INFO - [2025-08-19T08:59:49.426+0000] {dag.py:3096} INFO - Sync 1 DAGs
[2025-08-19T08:59:49.450+0000] {logging_mixin.py:188} INFO - [2025-08-19T08:59:49.450+0000] {dag.py:3954} INFO - Setting next_dagrun for example_skip_dag to 2025-08-18 00:00:00+00:00, run_after=2025-08-19 00:00:00+00:00
[2025-08-19T08:59:49.470+0000] {processor.py:183} INFO - Processing /home/airflow/.local/lib/python3.12/site-packages/airflow/example_dags/example_skip_dag.py took 0.091 seconds
[2025-08-19T09:00:19.666+0000] {processor.py:161} INFO - Started process (PID=1298) to work on /home/airflow/.local/lib/python3.12/site-packages/airflow/example_dags/example_skip_dag.py
[2025-08-19T09:00:19.667+0000] {processor.py:830} INFO - Processing file /home/airflow/.local/lib/python3.12/site-packages/airflow/example_dags/example_skip_dag.py for tasks to queue
[2025-08-19T09:00:19.669+0000] {logging_mixin.py:188} INFO - [2025-08-19T09:00:19.669+0000] {dagbag.py:540} INFO - Filling up the DagBag from /home/airflow/.local/lib/python3.12/site-packages/airflow/example_dags/example_skip_dag.py
[2025-08-19T09:00:19.677+0000] {processor.py:840} INFO - DAG(s) 'example_skip_dag' retrieved from /home/airflow/.local/lib/python3.12/site-packages/airflow/example_dags/example_skip_dag.py
[2025-08-19T09:00:19.703+0000] {logging_mixin.py:188} INFO - [2025-08-19T09:00:19.703+0000] {dag.py:3096} INFO - Sync 1 DAGs
[2025-08-19T09:00:19.727+0000] {logging_mixin.py:188} INFO - [2025-08-19T09:00:19.727+0000] {dag.py:3954} INFO - Setting next_dagrun for example_skip_dag to 2025-08-18 00:00:00+00:00, run_after=2025-08-19 00:00:00+00:00
[2025-08-19T09:00:19.748+0000] {processor.py:183} INFO - Processing /home/airflow/.local/lib/python3.12/site-packages/airflow/example_dags/example_skip_dag.py took 0.089 seconds
[2025-08-19T09:00:50.056+0000] {processor.py:161} INFO - Started process (PID=1356) to work on /home/airflow/.local/lib/python3.12/site-packages/airflow/example_dags/example_skip_dag.py
[2025-08-19T09:00:50.057+0000] {processor.py:830} INFO - Processing file /home/airflow/.local/lib/python3.12/site-packages/airflow/example_dags/example_skip_dag.py for tasks to queue
[2025-08-19T09:00:50.059+0000] {logging_mixin.py:188} INFO - [2025-08-19T09:00:50.059+0000] {dagbag.py:540} INFO - Filling up the DagBag from /home/airflow/.local/lib/python3.12/site-packages/airflow/example_dags/example_skip_dag.py
[2025-08-19T09:00:50.067+0000] {processor.py:840} INFO - DAG(s) 'example_skip_dag' retrieved from /home/airflow/.local/lib/python3.12/site-packages/airflow/example_dags/example_skip_dag.py
[2025-08-19T09:00:50.094+0000] {logging_mixin.py:188} INFO - [2025-08-19T09:00:50.093+0000] {dag.py:3096} INFO - Sync 1 DAGs
[2025-08-19T09:00:50.119+0000] {logging_mixin.py:188} INFO - [2025-08-19T09:00:50.119+0000] {dag.py:3954} INFO - Setting next_dagrun for example_skip_dag to 2025-08-18 00:00:00+00:00, run_after=2025-08-19 00:00:00+00:00
[2025-08-19T09:00:50.139+0000] {processor.py:183} INFO - Processing /home/airflow/.local/lib/python3.12/site-packages/airflow/example_dags/example_skip_dag.py took 0.091 seconds
[2025-08-19T09:01:20.227+0000] {processor.py:161} INFO - Started process (PID=1414) to work on /home/airflow/.local/lib/python3.12/site-packages/airflow/example_dags/example_skip_dag.py
[2025-08-19T09:01:20.228+0000] {processor.py:830} INFO - Processing file /home/airflow/.local/lib/python3.12/site-packages/airflow/example_dags/example_skip_dag.py for tasks to queue
[2025-08-19T09:01:20.230+0000] {logging_mixin.py:188} INFO - [2025-08-19T09:01:20.230+0000] {dagbag.py:540} INFO - Filling up the DagBag from /home/airflow/.local/lib/python3.12/site-packages/airflow/example_dags/example_skip_dag.py
[2025-08-19T09:01:20.238+0000] {processor.py:840} INFO - DAG(s) 'example_skip_dag' retrieved from /home/airflow/.local/lib/python3.12/site-packages/airflow/example_dags/example_skip_dag.py
[2025-08-19T09:01:20.264+0000] {logging_mixin.py:188} INFO - [2025-08-19T09:01:20.264+0000] {dag.py:3096} INFO - Sync 1 DAGs
[2025-08-19T09:01:20.288+0000] {logging_mixin.py:188} INFO - [2025-08-19T09:01:20.288+0000] {dag.py:3954} INFO - Setting next_dagrun for example_skip_dag to 2025-08-18 00:00:00+00:00, run_after=2025-08-19 00:00:00+00:00
[2025-08-19T09:01:20.308+0000] {processor.py:183} INFO - Processing /home/airflow/.local/lib/python3.12/site-packages/airflow/example_dags/example_skip_dag.py took 0.089 seconds
[2025-08-19T09:01:50.540+0000] {processor.py:161} INFO - Started process (PID=1472) to work on /home/airflow/.local/lib/python3.12/site-packages/airflow/example_dags/example_skip_dag.py
[2025-08-19T09:01:50.541+0000] {processor.py:830} INFO - Processing file /home/airflow/.local/lib/python3.12/site-packages/airflow/example_dags/example_skip_dag.py for tasks to queue
[2025-08-19T09:01:50.543+0000] {logging_mixin.py:188} INFO - [2025-08-19T09:01:50.543+0000] {dagbag.py:540} INFO - Filling up the DagBag from /home/airflow/.local/lib/python3.12/site-packages/airflow/example_dags/example_skip_dag.py
[2025-08-19T09:01:50.551+0000] {processor.py:840} INFO - DAG(s) 'example_skip_dag' retrieved from /home/airflow/.local/lib/python3.12/site-packages/airflow/example_dags/example_skip_dag.py
[2025-08-19T09:01:50.578+0000] {logging_mixin.py:188} INFO - [2025-08-19T09:01:50.578+0000] {dag.py:3096} INFO - Sync 1 DAGs
[2025-08-19T09:01:50.603+0000] {logging_mixin.py:188} INFO - [2025-08-19T09:01:50.603+0000] {dag.py:3954} INFO - Setting next_dagrun for example_skip_dag to 2025-08-18 00:00:00+00:00, run_after=2025-08-19 00:00:00+00:00
[2025-08-19T09:01:50.624+0000] {processor.py:183} INFO - Processing /home/airflow/.local/lib/python3.12/site-packages/airflow/example_dags/example_skip_dag.py took 0.091 seconds
[2025-08-19T09:02:21.026+0000] {processor.py:161} INFO - Started process (PID=1530) to work on /home/airflow/.local/lib/python3.12/site-packages/airflow/example_dags/example_skip_dag.py
[2025-08-19T09:02:21.027+0000] {processor.py:830} INFO - Processing file /home/airflow/.local/lib/python3.12/site-packages/airflow/example_dags/example_skip_dag.py for tasks to queue
[2025-08-19T09:02:21.030+0000] {logging_mixin.py:188} INFO - [2025-08-19T09:02:21.029+0000] {dagbag.py:540} INFO - Filling up the DagBag from /home/airflow/.local/lib/python3.12/site-packages/airflow/example_dags/example_skip_dag.py
[2025-08-19T09:02:21.037+0000] {processor.py:840} INFO - DAG(s) 'example_skip_dag' retrieved from /home/airflow/.local/lib/python3.12/site-packages/airflow/example_dags/example_skip_dag.py
[2025-08-19T09:02:21.064+0000] {logging_mixin.py:188} INFO - [2025-08-19T09:02:21.063+0000] {dag.py:3096} INFO - Sync 1 DAGs
[2025-08-19T09:02:21.090+0000] {logging_mixin.py:188} INFO - [2025-08-19T09:02:21.090+0000] {dag.py:3954} INFO - Setting next_dagrun for example_skip_dag to 2025-08-18 00:00:00+00:00, run_after=2025-08-19 00:00:00+00:00
[2025-08-19T09:02:21.110+0000] {processor.py:183} INFO - Processing /home/airflow/.local/lib/python3.12/site-packages/airflow/example_dags/example_skip_dag.py took 0.091 seconds
[2025-08-19T09:02:51.253+0000] {processor.py:161} INFO - Started process (PID=1588) to work on /home/airflow/.local/lib/python3.12/site-packages/airflow/example_dags/example_skip_dag.py
[2025-08-19T09:02:51.254+0000] {processor.py:830} INFO - Processing file /home/airflow/.local/lib/python3.12/site-packages/airflow/example_dags/example_skip_dag.py for tasks to queue
[2025-08-19T09:02:51.257+0000] {logging_mixin.py:188} INFO - [2025-08-19T09:02:51.257+0000] {dagbag.py:540} INFO - Filling up the DagBag from /home/airflow/.local/lib/python3.12/site-packages/airflow/example_dags/example_skip_dag.py
[2025-08-19T09:02:51.267+0000] {processor.py:840} INFO - DAG(s) 'example_skip_dag' retrieved from /home/airflow/.local/lib/python3.12/site-packages/airflow/example_dags/example_skip_dag.py
[2025-08-19T09:02:51.298+0000] {logging_mixin.py:188} INFO - [2025-08-19T09:02:51.298+0000] {dag.py:3096} INFO - Sync 1 DAGs
[2025-08-19T09:02:51.328+0000] {logging_mixin.py:188} INFO - [2025-08-19T09:02:51.328+0000] {dag.py:3954} INFO - Setting next_dagrun for example_skip_dag to 2025-08-18 00:00:00+00:00, run_after=2025-08-19 00:00:00+00:00
[2025-08-19T09:02:51.350+0000] {processor.py:183} INFO - Processing /home/airflow/.local/lib/python3.12/site-packages/airflow/example_dags/example_skip_dag.py took 0.108 seconds
[2025-08-19T09:03:21.561+0000] {processor.py:161} INFO - Started process (PID=1646) to work on /home/airflow/.local/lib/python3.12/site-packages/airflow/example_dags/example_skip_dag.py
[2025-08-19T09:03:21.562+0000] {processor.py:830} INFO - Processing file /home/airflow/.local/lib/python3.12/site-packages/airflow/example_dags/example_skip_dag.py for tasks to queue
[2025-08-19T09:03:21.564+0000] {logging_mixin.py:188} INFO - [2025-08-19T09:03:21.564+0000] {dagbag.py:540} INFO - Filling up the DagBag from /home/airflow/.local/lib/python3.12/site-packages/airflow/example_dags/example_skip_dag.py
[2025-08-19T09:03:21.572+0000] {processor.py:840} INFO - DAG(s) 'example_skip_dag' retrieved from /home/airflow/.local/lib/python3.12/site-packages/airflow/example_dags/example_skip_dag.py
[2025-08-19T09:03:21.598+0000] {logging_mixin.py:188} INFO - [2025-08-19T09:03:21.597+0000] {dag.py:3096} INFO - Sync 1 DAGs
[2025-08-19T09:03:21.621+0000] {logging_mixin.py:188} INFO - [2025-08-19T09:03:21.621+0000] {dag.py:3954} INFO - Setting next_dagrun for example_skip_dag to 2025-08-18 00:00:00+00:00, run_after=2025-08-19 00:00:00+00:00
[2025-08-19T09:03:21.640+0000] {processor.py:183} INFO - Processing /home/airflow/.local/lib/python3.12/site-packages/airflow/example_dags/example_skip_dag.py took 0.086 seconds
[2025-08-19T09:03:51.757+0000] {processor.py:161} INFO - Started process (PID=1704) to work on /home/airflow/.local/lib/python3.12/site-packages/airflow/example_dags/example_skip_dag.py
[2025-08-19T09:03:51.759+0000] {processor.py:830} INFO - Processing file /home/airflow/.local/lib/python3.12/site-packages/airflow/example_dags/example_skip_dag.py for tasks to queue
[2025-08-19T09:03:51.761+0000] {logging_mixin.py:188} INFO - [2025-08-19T09:03:51.760+0000] {dagbag.py:540} INFO - Filling up the DagBag from /home/airflow/.local/lib/python3.12/site-packages/airflow/example_dags/example_skip_dag.py
[2025-08-19T09:03:51.769+0000] {processor.py:840} INFO - DAG(s) 'example_skip_dag' retrieved from /home/airflow/.local/lib/python3.12/site-packages/airflow/example_dags/example_skip_dag.py
[2025-08-19T09:03:51.796+0000] {logging_mixin.py:188} INFO - [2025-08-19T09:03:51.795+0000] {dag.py:3096} INFO - Sync 1 DAGs
[2025-08-19T09:03:51.819+0000] {logging_mixin.py:188} INFO - [2025-08-19T09:03:51.819+0000] {dag.py:3954} INFO - Setting next_dagrun for example_skip_dag to 2025-08-18 00:00:00+00:00, run_after=2025-08-19 00:00:00+00:00
[2025-08-19T09:03:51.840+0000] {processor.py:183} INFO - Processing /home/airflow/.local/lib/python3.12/site-packages/airflow/example_dags/example_skip_dag.py took 0.091 seconds
[2025-08-19T09:04:22.051+0000] {processor.py:161} INFO - Started process (PID=1762) to work on /home/airflow/.local/lib/python3.12/site-packages/airflow/example_dags/example_skip_dag.py
[2025-08-19T09:04:22.052+0000] {processor.py:830} INFO - Processing file /home/airflow/.local/lib/python3.12/site-packages/airflow/example_dags/example_skip_dag.py for tasks to queue
[2025-08-19T09:04:22.054+0000] {logging_mixin.py:188} INFO - [2025-08-19T09:04:22.054+0000] {dagbag.py:540} INFO - Filling up the DagBag from /home/airflow/.local/lib/python3.12/site-packages/airflow/example_dags/example_skip_dag.py
[2025-08-19T09:04:22.063+0000] {processor.py:840} INFO - DAG(s) 'example_skip_dag' retrieved from /home/airflow/.local/lib/python3.12/site-packages/airflow/example_dags/example_skip_dag.py
[2025-08-19T09:04:22.091+0000] {logging_mixin.py:188} INFO - [2025-08-19T09:04:22.091+0000] {dag.py:3096} INFO - Sync 1 DAGs
[2025-08-19T09:04:22.120+0000] {logging_mixin.py:188} INFO - [2025-08-19T09:04:22.120+0000] {dag.py:3954} INFO - Setting next_dagrun for example_skip_dag to 2025-08-18 00:00:00+00:00, run_after=2025-08-19 00:00:00+00:00
[2025-08-19T09:04:22.144+0000] {processor.py:183} INFO - Processing /home/airflow/.local/lib/python3.12/site-packages/airflow/example_dags/example_skip_dag.py took 0.102 seconds
[2025-08-19T09:04:52.312+0000] {processor.py:161} INFO - Started process (PID=1821) to work on /home/airflow/.local/lib/python3.12/site-packages/airflow/example_dags/example_skip_dag.py
[2025-08-19T09:04:52.313+0000] {processor.py:830} INFO - Processing file /home/airflow/.local/lib/python3.12/site-packages/airflow/example_dags/example_skip_dag.py for tasks to queue
[2025-08-19T09:04:52.316+0000] {logging_mixin.py:188} INFO - [2025-08-19T09:04:52.315+0000] {dagbag.py:540} INFO - Filling up the DagBag from /home/airflow/.local/lib/python3.12/site-packages/airflow/example_dags/example_skip_dag.py
[2025-08-19T09:04:52.324+0000] {processor.py:840} INFO - DAG(s) 'example_skip_dag' retrieved from /home/airflow/.local/lib/python3.12/site-packages/airflow/example_dags/example_skip_dag.py
[2025-08-19T09:04:52.350+0000] {logging_mixin.py:188} INFO - [2025-08-19T09:04:52.349+0000] {dag.py:3096} INFO - Sync 1 DAGs
[2025-08-19T09:04:52.374+0000] {logging_mixin.py:188} INFO - [2025-08-19T09:04:52.374+0000] {dag.py:3954} INFO - Setting next_dagrun for example_skip_dag to 2025-08-18 00:00:00+00:00, run_after=2025-08-19 00:00:00+00:00
[2025-08-19T09:04:52.394+0000] {processor.py:183} INFO - Processing /home/airflow/.local/lib/python3.12/site-packages/airflow/example_dags/example_skip_dag.py took 0.088 seconds
[2025-08-19T09:05:22.541+0000] {processor.py:161} INFO - Started process (PID=1880) to work on /home/airflow/.local/lib/python3.12/site-packages/airflow/example_dags/example_skip_dag.py
[2025-08-19T09:05:22.542+0000] {processor.py:830} INFO - Processing file /home/airflow/.local/lib/python3.12/site-packages/airflow/example_dags/example_skip_dag.py for tasks to queue
[2025-08-19T09:05:22.545+0000] {logging_mixin.py:188} INFO - [2025-08-19T09:05:22.544+0000] {dagbag.py:540} INFO - Filling up the DagBag from /home/airflow/.local/lib/python3.12/site-packages/airflow/example_dags/example_skip_dag.py
[2025-08-19T09:05:22.553+0000] {processor.py:840} INFO - DAG(s) 'example_skip_dag' retrieved from /home/airflow/.local/lib/python3.12/site-packages/airflow/example_dags/example_skip_dag.py
[2025-08-19T09:05:22.580+0000] {logging_mixin.py:188} INFO - [2025-08-19T09:05:22.579+0000] {dag.py:3096} INFO - Sync 1 DAGs
[2025-08-19T09:05:22.604+0000] {logging_mixin.py:188} INFO - [2025-08-19T09:05:22.603+0000] {dag.py:3954} INFO - Setting next_dagrun for example_skip_dag to 2025-08-18 00:00:00+00:00, run_after=2025-08-19 00:00:00+00:00
[2025-08-19T09:05:22.623+0000] {processor.py:183} INFO - Processing /home/airflow/.local/lib/python3.12/site-packages/airflow/example_dags/example_skip_dag.py took 0.090 seconds
[2025-08-19T09:05:52.957+0000] {processor.py:161} INFO - Started process (PID=1938) to work on /home/airflow/.local/lib/python3.12/site-packages/airflow/example_dags/example_skip_dag.py
[2025-08-19T09:05:52.958+0000] {processor.py:830} INFO - Processing file /home/airflow/.local/lib/python3.12/site-packages/airflow/example_dags/example_skip_dag.py for tasks to queue
[2025-08-19T09:05:52.961+0000] {logging_mixin.py:188} INFO - [2025-08-19T09:05:52.960+0000] {dagbag.py:540} INFO - Filling up the DagBag from /home/airflow/.local/lib/python3.12/site-packages/airflow/example_dags/example_skip_dag.py
[2025-08-19T09:05:52.969+0000] {processor.py:840} INFO - DAG(s) 'example_skip_dag' retrieved from /home/airflow/.local/lib/python3.12/site-packages/airflow/example_dags/example_skip_dag.py
[2025-08-19T09:05:52.995+0000] {logging_mixin.py:188} INFO - [2025-08-19T09:05:52.995+0000] {dag.py:3096} INFO - Sync 1 DAGs
[2025-08-19T09:05:53.020+0000] {logging_mixin.py:188} INFO - [2025-08-19T09:05:53.020+0000] {dag.py:3954} INFO - Setting next_dagrun for example_skip_dag to 2025-08-18 00:00:00+00:00, run_after=2025-08-19 00:00:00+00:00
[2025-08-19T09:05:53.041+0000] {processor.py:183} INFO - Processing /home/airflow/.local/lib/python3.12/site-packages/airflow/example_dags/example_skip_dag.py took 0.092 seconds
[2025-08-19T09:06:23.198+0000] {processor.py:161} INFO - Started process (PID=1996) to work on /home/airflow/.local/lib/python3.12/site-packages/airflow/example_dags/example_skip_dag.py
[2025-08-19T09:06:23.199+0000] {processor.py:830} INFO - Processing file /home/airflow/.local/lib/python3.12/site-packages/airflow/example_dags/example_skip_dag.py for tasks to queue
[2025-08-19T09:06:23.202+0000] {logging_mixin.py:188} INFO - [2025-08-19T09:06:23.201+0000] {dagbag.py:540} INFO - Filling up the DagBag from /home/airflow/.local/lib/python3.12/site-packages/airflow/example_dags/example_skip_dag.py
[2025-08-19T09:06:23.210+0000] {processor.py:840} INFO - DAG(s) 'example_skip_dag' retrieved from /home/airflow/.local/lib/python3.12/site-packages/airflow/example_dags/example_skip_dag.py
[2025-08-19T09:06:23.237+0000] {logging_mixin.py:188} INFO - [2025-08-19T09:06:23.237+0000] {dag.py:3096} INFO - Sync 1 DAGs
[2025-08-19T09:06:23.262+0000] {logging_mixin.py:188} INFO - [2025-08-19T09:06:23.262+0000] {dag.py:3954} INFO - Setting next_dagrun for example_skip_dag to 2025-08-18 00:00:00+00:00, run_after=2025-08-19 00:00:00+00:00
[2025-08-19T09:06:23.282+0000] {processor.py:183} INFO - Processing /home/airflow/.local/lib/python3.12/site-packages/airflow/example_dags/example_skip_dag.py took 0.092 seconds
[2025-08-19T09:06:53.581+0000] {processor.py:161} INFO - Started process (PID=2055) to work on /home/airflow/.local/lib/python3.12/site-packages/airflow/example_dags/example_skip_dag.py
[2025-08-19T09:06:53.582+0000] {processor.py:830} INFO - Processing file /home/airflow/.local/lib/python3.12/site-packages/airflow/example_dags/example_skip_dag.py for tasks to queue
[2025-08-19T09:06:53.585+0000] {logging_mixin.py:188} INFO - [2025-08-19T09:06:53.585+0000] {dagbag.py:540} INFO - Filling up the DagBag from /home/airflow/.local/lib/python3.12/site-packages/airflow/example_dags/example_skip_dag.py
[2025-08-19T09:06:53.594+0000] {processor.py:840} INFO - DAG(s) 'example_skip_dag' retrieved from /home/airflow/.local/lib/python3.12/site-packages/airflow/example_dags/example_skip_dag.py
[2025-08-19T09:06:53.623+0000] {logging_mixin.py:188} INFO - [2025-08-19T09:06:53.623+0000] {dag.py:3096} INFO - Sync 1 DAGs
[2025-08-19T09:06:53.649+0000] {logging_mixin.py:188} INFO - [2025-08-19T09:06:53.649+0000] {dag.py:3954} INFO - Setting next_dagrun for example_skip_dag to 2025-08-18 00:00:00+00:00, run_after=2025-08-19 00:00:00+00:00
[2025-08-19T09:06:53.671+0000] {processor.py:183} INFO - Processing /home/airflow/.local/lib/python3.12/site-packages/airflow/example_dags/example_skip_dag.py took 0.101 seconds
[2025-08-19T09:07:23.894+0000] {processor.py:161} INFO - Started process (PID=2113) to work on /home/airflow/.local/lib/python3.12/site-packages/airflow/example_dags/example_skip_dag.py
[2025-08-19T09:07:23.895+0000] {processor.py:830} INFO - Processing file /home/airflow/.local/lib/python3.12/site-packages/airflow/example_dags/example_skip_dag.py for tasks to queue
[2025-08-19T09:07:23.898+0000] {logging_mixin.py:188} INFO - [2025-08-19T09:07:23.897+0000] {dagbag.py:540} INFO - Filling up the DagBag from /home/airflow/.local/lib/python3.12/site-packages/airflow/example_dags/example_skip_dag.py
[2025-08-19T09:07:23.906+0000] {processor.py:840} INFO - DAG(s) 'example_skip_dag' retrieved from /home/airflow/.local/lib/python3.12/site-packages/airflow/example_dags/example_skip_dag.py
[2025-08-19T09:07:23.935+0000] {logging_mixin.py:188} INFO - [2025-08-19T09:07:23.935+0000] {dag.py:3096} INFO - Sync 1 DAGs
[2025-08-19T09:07:23.961+0000] {logging_mixin.py:188} INFO - [2025-08-19T09:07:23.961+0000] {dag.py:3954} INFO - Setting next_dagrun for example_skip_dag to 2025-08-18 00:00:00+00:00, run_after=2025-08-19 00:00:00+00:00
[2025-08-19T09:07:23.982+0000] {processor.py:183} INFO - Processing /home/airflow/.local/lib/python3.12/site-packages/airflow/example_dags/example_skip_dag.py took 0.095 seconds
[2025-08-19T09:07:54.313+0000] {processor.py:161} INFO - Started process (PID=2171) to work on /home/airflow/.local/lib/python3.12/site-packages/airflow/example_dags/example_skip_dag.py
[2025-08-19T09:07:54.314+0000] {processor.py:830} INFO - Processing file /home/airflow/.local/lib/python3.12/site-packages/airflow/example_dags/example_skip_dag.py for tasks to queue
[2025-08-19T09:07:54.317+0000] {logging_mixin.py:188} INFO - [2025-08-19T09:07:54.316+0000] {dagbag.py:540} INFO - Filling up the DagBag from /home/airflow/.local/lib/python3.12/site-packages/airflow/example_dags/example_skip_dag.py
[2025-08-19T09:07:54.325+0000] {processor.py:840} INFO - DAG(s) 'example_skip_dag' retrieved from /home/airflow/.local/lib/python3.12/site-packages/airflow/example_dags/example_skip_dag.py
[2025-08-19T09:07:54.353+0000] {logging_mixin.py:188} INFO - [2025-08-19T09:07:54.352+0000] {dag.py:3096} INFO - Sync 1 DAGs
[2025-08-19T09:07:54.376+0000] {logging_mixin.py:188} INFO - [2025-08-19T09:07:54.376+0000] {dag.py:3954} INFO - Setting next_dagrun for example_skip_dag to 2025-08-18 00:00:00+00:00, run_after=2025-08-19 00:00:00+00:00
[2025-08-19T09:07:54.395+0000] {processor.py:183} INFO - Processing /home/airflow/.local/lib/python3.12/site-packages/airflow/example_dags/example_skip_dag.py took 0.090 seconds
[2025-08-19T09:08:24.498+0000] {processor.py:161} INFO - Started process (PID=2227) to work on /home/airflow/.local/lib/python3.12/site-packages/airflow/example_dags/example_skip_dag.py
[2025-08-19T09:08:24.499+0000] {processor.py:830} INFO - Processing file /home/airflow/.local/lib/python3.12/site-packages/airflow/example_dags/example_skip_dag.py for tasks to queue
[2025-08-19T09:08:24.501+0000] {logging_mixin.py:188} INFO - [2025-08-19T09:08:24.501+0000] {dagbag.py:540} INFO - Filling up the DagBag from /home/airflow/.local/lib/python3.12/site-packages/airflow/example_dags/example_skip_dag.py
[2025-08-19T09:08:24.509+0000] {processor.py:840} INFO - DAG(s) 'example_skip_dag' retrieved from /home/airflow/.local/lib/python3.12/site-packages/airflow/example_dags/example_skip_dag.py
[2025-08-19T09:08:24.536+0000] {logging_mixin.py:188} INFO - [2025-08-19T09:08:24.535+0000] {dag.py:3096} INFO - Sync 1 DAGs
[2025-08-19T09:08:24.559+0000] {logging_mixin.py:188} INFO - [2025-08-19T09:08:24.559+0000] {dag.py:3954} INFO - Setting next_dagrun for example_skip_dag to 2025-08-18 00:00:00+00:00, run_after=2025-08-19 00:00:00+00:00
[2025-08-19T09:08:24.581+0000] {processor.py:183} INFO - Processing /home/airflow/.local/lib/python3.12/site-packages/airflow/example_dags/example_skip_dag.py took 0.092 seconds
[2025-08-19T09:08:55.283+0000] {processor.py:161} INFO - Started process (PID=2285) to work on /home/airflow/.local/lib/python3.12/site-packages/airflow/example_dags/example_skip_dag.py
[2025-08-19T09:08:55.284+0000] {processor.py:830} INFO - Processing file /home/airflow/.local/lib/python3.12/site-packages/airflow/example_dags/example_skip_dag.py for tasks to queue
[2025-08-19T09:08:55.287+0000] {logging_mixin.py:188} INFO - [2025-08-19T09:08:55.286+0000] {dagbag.py:540} INFO - Filling up the DagBag from /home/airflow/.local/lib/python3.12/site-packages/airflow/example_dags/example_skip_dag.py
[2025-08-19T09:08:55.294+0000] {processor.py:840} INFO - DAG(s) 'example_skip_dag' retrieved from /home/airflow/.local/lib/python3.12/site-packages/airflow/example_dags/example_skip_dag.py
[2025-08-19T09:08:55.320+0000] {logging_mixin.py:188} INFO - [2025-08-19T09:08:55.320+0000] {dag.py:3096} INFO - Sync 1 DAGs
[2025-08-19T09:08:55.344+0000] {logging_mixin.py:188} INFO - [2025-08-19T09:08:55.344+0000] {dag.py:3954} INFO - Setting next_dagrun for example_skip_dag to 2025-08-18 00:00:00+00:00, run_after=2025-08-19 00:00:00+00:00
[2025-08-19T09:08:55.366+0000] {processor.py:183} INFO - Processing /home/airflow/.local/lib/python3.12/site-packages/airflow/example_dags/example_skip_dag.py took 0.090 seconds
[2025-08-19T09:09:25.818+0000] {processor.py:161} INFO - Started process (PID=2343) to work on /home/airflow/.local/lib/python3.12/site-packages/airflow/example_dags/example_skip_dag.py
[2025-08-19T09:09:25.819+0000] {processor.py:830} INFO - Processing file /home/airflow/.local/lib/python3.12/site-packages/airflow/example_dags/example_skip_dag.py for tasks to queue
[2025-08-19T09:09:25.821+0000] {logging_mixin.py:188} INFO - [2025-08-19T09:09:25.821+0000] {dagbag.py:540} INFO - Filling up the DagBag from /home/airflow/.local/lib/python3.12/site-packages/airflow/example_dags/example_skip_dag.py
[2025-08-19T09:09:25.831+0000] {processor.py:840} INFO - DAG(s) 'example_skip_dag' retrieved from /home/airflow/.local/lib/python3.12/site-packages/airflow/example_dags/example_skip_dag.py
[2025-08-19T09:09:25.857+0000] {logging_mixin.py:188} INFO - [2025-08-19T09:09:25.857+0000] {dag.py:3096} INFO - Sync 1 DAGs
[2025-08-19T09:09:25.881+0000] {logging_mixin.py:188} INFO - [2025-08-19T09:09:25.881+0000] {dag.py:3954} INFO - Setting next_dagrun for example_skip_dag to 2025-08-18 00:00:00+00:00, run_after=2025-08-19 00:00:00+00:00
[2025-08-19T09:09:25.900+0000] {processor.py:183} INFO - Processing /home/airflow/.local/lib/python3.12/site-packages/airflow/example_dags/example_skip_dag.py took 0.090 seconds
[2025-08-19T09:09:56.401+0000] {processor.py:161} INFO - Started process (PID=2401) to work on /home/airflow/.local/lib/python3.12/site-packages/airflow/example_dags/example_skip_dag.py
[2025-08-19T09:09:56.403+0000] {processor.py:830} INFO - Processing file /home/airflow/.local/lib/python3.12/site-packages/airflow/example_dags/example_skip_dag.py for tasks to queue
[2025-08-19T09:09:56.408+0000] {logging_mixin.py:188} INFO - [2025-08-19T09:09:56.407+0000] {dagbag.py:540} INFO - Filling up the DagBag from /home/airflow/.local/lib/python3.12/site-packages/airflow/example_dags/example_skip_dag.py
[2025-08-19T09:09:56.424+0000] {processor.py:840} INFO - DAG(s) 'example_skip_dag' retrieved from /home/airflow/.local/lib/python3.12/site-packages/airflow/example_dags/example_skip_dag.py
[2025-08-19T09:09:56.457+0000] {logging_mixin.py:188} INFO - [2025-08-19T09:09:56.457+0000] {dag.py:3096} INFO - Sync 1 DAGs
[2025-08-19T09:09:56.487+0000] {logging_mixin.py:188} INFO - [2025-08-19T09:09:56.487+0000] {dag.py:3954} INFO - Setting next_dagrun for example_skip_dag to 2025-08-18 00:00:00+00:00, run_after=2025-08-19 00:00:00+00:00
[2025-08-19T09:09:56.510+0000] {processor.py:183} INFO - Processing /home/airflow/.local/lib/python3.12/site-packages/airflow/example_dags/example_skip_dag.py took 0.117 seconds
[2025-08-19T09:10:26.802+0000] {processor.py:161} INFO - Started process (PID=2459) to work on /home/airflow/.local/lib/python3.12/site-packages/airflow/example_dags/example_skip_dag.py
[2025-08-19T09:10:26.803+0000] {processor.py:830} INFO - Processing file /home/airflow/.local/lib/python3.12/site-packages/airflow/example_dags/example_skip_dag.py for tasks to queue
[2025-08-19T09:10:26.805+0000] {logging_mixin.py:188} INFO - [2025-08-19T09:10:26.805+0000] {dagbag.py:540} INFO - Filling up the DagBag from /home/airflow/.local/lib/python3.12/site-packages/airflow/example_dags/example_skip_dag.py
[2025-08-19T09:10:26.813+0000] {processor.py:840} INFO - DAG(s) 'example_skip_dag' retrieved from /home/airflow/.local/lib/python3.12/site-packages/airflow/example_dags/example_skip_dag.py
[2025-08-19T09:10:26.839+0000] {logging_mixin.py:188} INFO - [2025-08-19T09:10:26.839+0000] {dag.py:3096} INFO - Sync 1 DAGs
[2025-08-19T09:10:26.864+0000] {logging_mixin.py:188} INFO - [2025-08-19T09:10:26.864+0000] {dag.py:3954} INFO - Setting next_dagrun for example_skip_dag to 2025-08-18 00:00:00+00:00, run_after=2025-08-19 00:00:00+00:00
[2025-08-19T09:10:26.884+0000] {processor.py:183} INFO - Processing /home/airflow/.local/lib/python3.12/site-packages/airflow/example_dags/example_skip_dag.py took 0.090 seconds
[2025-08-19T09:10:57.527+0000] {processor.py:161} INFO - Started process (PID=2517) to work on /home/airflow/.local/lib/python3.12/site-packages/airflow/example_dags/example_skip_dag.py
[2025-08-19T09:10:57.528+0000] {processor.py:830} INFO - Processing file /home/airflow/.local/lib/python3.12/site-packages/airflow/example_dags/example_skip_dag.py for tasks to queue
[2025-08-19T09:10:57.531+0000] {logging_mixin.py:188} INFO - [2025-08-19T09:10:57.530+0000] {dagbag.py:540} INFO - Filling up the DagBag from /home/airflow/.local/lib/python3.12/site-packages/airflow/example_dags/example_skip_dag.py
[2025-08-19T09:10:57.539+0000] {processor.py:840} INFO - DAG(s) 'example_skip_dag' retrieved from /home/airflow/.local/lib/python3.12/site-packages/airflow/example_dags/example_skip_dag.py
[2025-08-19T09:10:57.567+0000] {logging_mixin.py:188} INFO - [2025-08-19T09:10:57.567+0000] {dag.py:3096} INFO - Sync 1 DAGs
[2025-08-19T09:10:57.596+0000] {logging_mixin.py:188} INFO - [2025-08-19T09:10:57.595+0000] {dag.py:3954} INFO - Setting next_dagrun for example_skip_dag to 2025-08-18 00:00:00+00:00, run_after=2025-08-19 00:00:00+00:00
[2025-08-19T09:10:57.618+0000] {processor.py:183} INFO - Processing /home/airflow/.local/lib/python3.12/site-packages/airflow/example_dags/example_skip_dag.py took 0.100 seconds
