[2025-08-19T08:49:44.869+0000] {processor.py:161} INFO - Started process (PID=107) to work on /home/airflow/.local/lib/python3.12/site-packages/airflow/example_dags/example_short_circuit_operator.py
[2025-08-19T08:49:44.870+0000] {processor.py:830} INFO - Processing file /home/airflow/.local/lib/python3.12/site-packages/airflow/example_dags/example_short_circuit_operator.py for tasks to queue
[2025-08-19T08:49:44.873+0000] {logging_mixin.py:188} INFO - [2025-08-19T08:49:44.872+0000] {dagbag.py:540} INFO - Filling up the DagBag from /home/airflow/.local/lib/python3.12/site-packages/airflow/example_dags/example_short_circuit_operator.py
[2025-08-19T08:49:44.885+0000] {processor.py:840} INFO - DAG(s) 'example_short_circuit_operator' retrieved from /home/airflow/.local/lib/python3.12/site-packages/airflow/example_dags/example_short_circuit_operator.py
[2025-08-19T08:49:45.018+0000] {logging_mixin.py:188} INFO - [2025-08-19T08:49:45.018+0000] {dag.py:3096} INFO - Sync 1 DAGs
[2025-08-19T08:49:45.041+0000] {logging_mixin.py:188} INFO - [2025-08-19T08:49:45.041+0000] {dag.py:3954} INFO - Setting next_dagrun for example_short_circuit_operator to 2025-08-18 00:00:00+00:00, run_after=2025-08-19 00:00:00+00:00
[2025-08-19T08:49:45.069+0000] {processor.py:183} INFO - Processing /home/airflow/.local/lib/python3.12/site-packages/airflow/example_dags/example_short_circuit_operator.py took 0.208 seconds
[2025-08-19T08:50:15.788+0000] {processor.py:161} INFO - Started process (PID=165) to work on /home/airflow/.local/lib/python3.12/site-packages/airflow/example_dags/example_short_circuit_operator.py
[2025-08-19T08:50:15.789+0000] {processor.py:830} INFO - Processing file /home/airflow/.local/lib/python3.12/site-packages/airflow/example_dags/example_short_circuit_operator.py for tasks to queue
[2025-08-19T08:50:15.792+0000] {logging_mixin.py:188} INFO - [2025-08-19T08:50:15.792+0000] {dagbag.py:540} INFO - Filling up the DagBag from /home/airflow/.local/lib/python3.12/site-packages/airflow/example_dags/example_short_circuit_operator.py
[2025-08-19T08:50:15.802+0000] {processor.py:840} INFO - DAG(s) 'example_short_circuit_operator' retrieved from /home/airflow/.local/lib/python3.12/site-packages/airflow/example_dags/example_short_circuit_operator.py
[2025-08-19T08:50:15.818+0000] {logging_mixin.py:188} INFO - [2025-08-19T08:50:15.818+0000] {dag.py:3096} INFO - Sync 1 DAGs
[2025-08-19T08:50:15.845+0000] {logging_mixin.py:188} INFO - [2025-08-19T08:50:15.845+0000] {dag.py:3954} INFO - Setting next_dagrun for example_short_circuit_operator to 2025-08-18 00:00:00+00:00, run_after=2025-08-19 00:00:00+00:00
[2025-08-19T08:50:15.867+0000] {processor.py:183} INFO - Processing /home/airflow/.local/lib/python3.12/site-packages/airflow/example_dags/example_short_circuit_operator.py took 0.087 seconds
[2025-08-19T08:50:46.961+0000] {processor.py:161} INFO - Started process (PID=223) to work on /home/airflow/.local/lib/python3.12/site-packages/airflow/example_dags/example_short_circuit_operator.py
[2025-08-19T08:50:46.962+0000] {processor.py:830} INFO - Processing file /home/airflow/.local/lib/python3.12/site-packages/airflow/example_dags/example_short_circuit_operator.py for tasks to queue
[2025-08-19T08:50:46.965+0000] {logging_mixin.py:188} INFO - [2025-08-19T08:50:46.964+0000] {dagbag.py:540} INFO - Filling up the DagBag from /home/airflow/.local/lib/python3.12/site-packages/airflow/example_dags/example_short_circuit_operator.py
[2025-08-19T08:50:46.974+0000] {processor.py:840} INFO - DAG(s) 'example_short_circuit_operator' retrieved from /home/airflow/.local/lib/python3.12/site-packages/airflow/example_dags/example_short_circuit_operator.py
[2025-08-19T08:50:47.098+0000] {logging_mixin.py:188} INFO - [2025-08-19T08:50:47.097+0000] {dag.py:3096} INFO - Sync 1 DAGs
[2025-08-19T08:50:47.120+0000] {logging_mixin.py:188} INFO - [2025-08-19T08:50:47.120+0000] {dag.py:3954} INFO - Setting next_dagrun for example_short_circuit_operator to 2025-08-18 00:00:00+00:00, run_after=2025-08-19 00:00:00+00:00
[2025-08-19T08:50:47.140+0000] {processor.py:183} INFO - Processing /home/airflow/.local/lib/python3.12/site-packages/airflow/example_dags/example_short_circuit_operator.py took 0.186 seconds
[2025-08-19T08:51:17.233+0000] {processor.py:161} INFO - Started process (PID=282) to work on /home/airflow/.local/lib/python3.12/site-packages/airflow/example_dags/example_short_circuit_operator.py
[2025-08-19T08:51:17.235+0000] {processor.py:830} INFO - Processing file /home/airflow/.local/lib/python3.12/site-packages/airflow/example_dags/example_short_circuit_operator.py for tasks to queue
[2025-08-19T08:51:17.237+0000] {logging_mixin.py:188} INFO - [2025-08-19T08:51:17.237+0000] {dagbag.py:540} INFO - Filling up the DagBag from /home/airflow/.local/lib/python3.12/site-packages/airflow/example_dags/example_short_circuit_operator.py
[2025-08-19T08:51:17.247+0000] {processor.py:840} INFO - DAG(s) 'example_short_circuit_operator' retrieved from /home/airflow/.local/lib/python3.12/site-packages/airflow/example_dags/example_short_circuit_operator.py
[2025-08-19T08:51:17.278+0000] {logging_mixin.py:188} INFO - [2025-08-19T08:51:17.278+0000] {dag.py:3096} INFO - Sync 1 DAGs
[2025-08-19T08:51:17.302+0000] {logging_mixin.py:188} INFO - [2025-08-19T08:51:17.302+0000] {dag.py:3954} INFO - Setting next_dagrun for example_short_circuit_operator to 2025-08-18 00:00:00+00:00, run_after=2025-08-19 00:00:00+00:00
[2025-08-19T08:51:17.323+0000] {processor.py:183} INFO - Processing /home/airflow/.local/lib/python3.12/site-packages/airflow/example_dags/example_short_circuit_operator.py took 0.097 seconds
[2025-08-19T08:51:47.597+0000] {processor.py:161} INFO - Started process (PID=340) to work on /home/airflow/.local/lib/python3.12/site-packages/airflow/example_dags/example_short_circuit_operator.py
[2025-08-19T08:51:47.599+0000] {processor.py:830} INFO - Processing file /home/airflow/.local/lib/python3.12/site-packages/airflow/example_dags/example_short_circuit_operator.py for tasks to queue
[2025-08-19T08:51:47.601+0000] {logging_mixin.py:188} INFO - [2025-08-19T08:51:47.601+0000] {dagbag.py:540} INFO - Filling up the DagBag from /home/airflow/.local/lib/python3.12/site-packages/airflow/example_dags/example_short_circuit_operator.py
[2025-08-19T08:51:47.611+0000] {processor.py:840} INFO - DAG(s) 'example_short_circuit_operator' retrieved from /home/airflow/.local/lib/python3.12/site-packages/airflow/example_dags/example_short_circuit_operator.py
[2025-08-19T08:51:47.640+0000] {logging_mixin.py:188} INFO - [2025-08-19T08:51:47.640+0000] {dag.py:3096} INFO - Sync 1 DAGs
[2025-08-19T08:51:47.668+0000] {logging_mixin.py:188} INFO - [2025-08-19T08:51:47.668+0000] {dag.py:3954} INFO - Setting next_dagrun for example_short_circuit_operator to 2025-08-18 00:00:00+00:00, run_after=2025-08-19 00:00:00+00:00
[2025-08-19T08:51:47.690+0000] {processor.py:183} INFO - Processing /home/airflow/.local/lib/python3.12/site-packages/airflow/example_dags/example_short_circuit_operator.py took 0.100 seconds
[2025-08-19T08:52:18.863+0000] {processor.py:161} INFO - Started process (PID=398) to work on /home/airflow/.local/lib/python3.12/site-packages/airflow/example_dags/example_short_circuit_operator.py
[2025-08-19T08:52:18.864+0000] {processor.py:830} INFO - Processing file /home/airflow/.local/lib/python3.12/site-packages/airflow/example_dags/example_short_circuit_operator.py for tasks to queue
[2025-08-19T08:52:18.867+0000] {logging_mixin.py:188} INFO - [2025-08-19T08:52:18.866+0000] {dagbag.py:540} INFO - Filling up the DagBag from /home/airflow/.local/lib/python3.12/site-packages/airflow/example_dags/example_short_circuit_operator.py
[2025-08-19T08:52:18.876+0000] {processor.py:840} INFO - DAG(s) 'example_short_circuit_operator' retrieved from /home/airflow/.local/lib/python3.12/site-packages/airflow/example_dags/example_short_circuit_operator.py
[2025-08-19T08:52:18.904+0000] {logging_mixin.py:188} INFO - [2025-08-19T08:52:18.904+0000] {dag.py:3096} INFO - Sync 1 DAGs
[2025-08-19T08:52:18.928+0000] {logging_mixin.py:188} INFO - [2025-08-19T08:52:18.927+0000] {dag.py:3954} INFO - Setting next_dagrun for example_short_circuit_operator to 2025-08-18 00:00:00+00:00, run_after=2025-08-19 00:00:00+00:00
[2025-08-19T08:52:18.947+0000] {processor.py:183} INFO - Processing /home/airflow/.local/lib/python3.12/site-packages/airflow/example_dags/example_short_circuit_operator.py took 0.092 seconds
[2025-08-19T08:52:49.098+0000] {processor.py:161} INFO - Started process (PID=457) to work on /home/airflow/.local/lib/python3.12/site-packages/airflow/example_dags/example_short_circuit_operator.py
[2025-08-19T08:52:49.099+0000] {processor.py:830} INFO - Processing file /home/airflow/.local/lib/python3.12/site-packages/airflow/example_dags/example_short_circuit_operator.py for tasks to queue
[2025-08-19T08:52:49.102+0000] {logging_mixin.py:188} INFO - [2025-08-19T08:52:49.101+0000] {dagbag.py:540} INFO - Filling up the DagBag from /home/airflow/.local/lib/python3.12/site-packages/airflow/example_dags/example_short_circuit_operator.py
[2025-08-19T08:52:49.112+0000] {processor.py:840} INFO - DAG(s) 'example_short_circuit_operator' retrieved from /home/airflow/.local/lib/python3.12/site-packages/airflow/example_dags/example_short_circuit_operator.py
[2025-08-19T08:52:49.142+0000] {logging_mixin.py:188} INFO - [2025-08-19T08:52:49.142+0000] {dag.py:3096} INFO - Sync 1 DAGs
[2025-08-19T08:52:49.168+0000] {logging_mixin.py:188} INFO - [2025-08-19T08:52:49.167+0000] {dag.py:3954} INFO - Setting next_dagrun for example_short_circuit_operator to 2025-08-18 00:00:00+00:00, run_after=2025-08-19 00:00:00+00:00
[2025-08-19T08:52:49.190+0000] {processor.py:183} INFO - Processing /home/airflow/.local/lib/python3.12/site-packages/airflow/example_dags/example_short_circuit_operator.py took 0.100 seconds
[2025-08-19T08:53:19.384+0000] {processor.py:161} INFO - Started process (PID=516) to work on /home/airflow/.local/lib/python3.12/site-packages/airflow/example_dags/example_short_circuit_operator.py
[2025-08-19T08:53:19.385+0000] {processor.py:830} INFO - Processing file /home/airflow/.local/lib/python3.12/site-packages/airflow/example_dags/example_short_circuit_operator.py for tasks to queue
[2025-08-19T08:53:19.387+0000] {logging_mixin.py:188} INFO - [2025-08-19T08:53:19.387+0000] {dagbag.py:540} INFO - Filling up the DagBag from /home/airflow/.local/lib/python3.12/site-packages/airflow/example_dags/example_short_circuit_operator.py
[2025-08-19T08:53:19.396+0000] {processor.py:840} INFO - DAG(s) 'example_short_circuit_operator' retrieved from /home/airflow/.local/lib/python3.12/site-packages/airflow/example_dags/example_short_circuit_operator.py
[2025-08-19T08:53:19.424+0000] {logging_mixin.py:188} INFO - [2025-08-19T08:53:19.424+0000] {dag.py:3096} INFO - Sync 1 DAGs
[2025-08-19T08:53:19.449+0000] {logging_mixin.py:188} INFO - [2025-08-19T08:53:19.449+0000] {dag.py:3954} INFO - Setting next_dagrun for example_short_circuit_operator to 2025-08-18 00:00:00+00:00, run_after=2025-08-19 00:00:00+00:00
[2025-08-19T08:53:19.467+0000] {processor.py:183} INFO - Processing /home/airflow/.local/lib/python3.12/site-packages/airflow/example_dags/example_short_circuit_operator.py took 0.092 seconds
[2025-08-19T08:53:50.284+0000] {processor.py:161} INFO - Started process (PID=574) to work on /home/airflow/.local/lib/python3.12/site-packages/airflow/example_dags/example_short_circuit_operator.py
[2025-08-19T08:53:50.285+0000] {processor.py:830} INFO - Processing file /home/airflow/.local/lib/python3.12/site-packages/airflow/example_dags/example_short_circuit_operator.py for tasks to queue
[2025-08-19T08:53:50.288+0000] {logging_mixin.py:188} INFO - [2025-08-19T08:53:50.287+0000] {dagbag.py:540} INFO - Filling up the DagBag from /home/airflow/.local/lib/python3.12/site-packages/airflow/example_dags/example_short_circuit_operator.py
[2025-08-19T08:53:50.297+0000] {processor.py:840} INFO - DAG(s) 'example_short_circuit_operator' retrieved from /home/airflow/.local/lib/python3.12/site-packages/airflow/example_dags/example_short_circuit_operator.py
[2025-08-19T08:53:50.325+0000] {logging_mixin.py:188} INFO - [2025-08-19T08:53:50.325+0000] {dag.py:3096} INFO - Sync 1 DAGs
[2025-08-19T08:53:50.350+0000] {logging_mixin.py:188} INFO - [2025-08-19T08:53:50.350+0000] {dag.py:3954} INFO - Setting next_dagrun for example_short_circuit_operator to 2025-08-18 00:00:00+00:00, run_after=2025-08-19 00:00:00+00:00
[2025-08-19T08:53:50.369+0000] {processor.py:183} INFO - Processing /home/airflow/.local/lib/python3.12/site-packages/airflow/example_dags/example_short_circuit_operator.py took 0.093 seconds
[2025-08-19T08:54:20.787+0000] {processor.py:161} INFO - Started process (PID=632) to work on /home/airflow/.local/lib/python3.12/site-packages/airflow/example_dags/example_short_circuit_operator.py
[2025-08-19T08:54:20.788+0000] {processor.py:830} INFO - Processing file /home/airflow/.local/lib/python3.12/site-packages/airflow/example_dags/example_short_circuit_operator.py for tasks to queue
[2025-08-19T08:54:20.791+0000] {logging_mixin.py:188} INFO - [2025-08-19T08:54:20.790+0000] {dagbag.py:540} INFO - Filling up the DagBag from /home/airflow/.local/lib/python3.12/site-packages/airflow/example_dags/example_short_circuit_operator.py
[2025-08-19T08:54:20.800+0000] {processor.py:840} INFO - DAG(s) 'example_short_circuit_operator' retrieved from /home/airflow/.local/lib/python3.12/site-packages/airflow/example_dags/example_short_circuit_operator.py
[2025-08-19T08:54:20.828+0000] {logging_mixin.py:188} INFO - [2025-08-19T08:54:20.827+0000] {dag.py:3096} INFO - Sync 1 DAGs
[2025-08-19T08:54:20.852+0000] {logging_mixin.py:188} INFO - [2025-08-19T08:54:20.852+0000] {dag.py:3954} INFO - Setting next_dagrun for example_short_circuit_operator to 2025-08-18 00:00:00+00:00, run_after=2025-08-19 00:00:00+00:00
[2025-08-19T08:54:20.875+0000] {processor.py:183} INFO - Processing /home/airflow/.local/lib/python3.12/site-packages/airflow/example_dags/example_short_circuit_operator.py took 0.095 seconds
[2025-08-19T08:54:51.112+0000] {processor.py:161} INFO - Started process (PID=690) to work on /home/airflow/.local/lib/python3.12/site-packages/airflow/example_dags/example_short_circuit_operator.py
[2025-08-19T08:54:51.113+0000] {processor.py:830} INFO - Processing file /home/airflow/.local/lib/python3.12/site-packages/airflow/example_dags/example_short_circuit_operator.py for tasks to queue
[2025-08-19T08:54:51.115+0000] {logging_mixin.py:188} INFO - [2025-08-19T08:54:51.115+0000] {dagbag.py:540} INFO - Filling up the DagBag from /home/airflow/.local/lib/python3.12/site-packages/airflow/example_dags/example_short_circuit_operator.py
[2025-08-19T08:54:51.124+0000] {processor.py:840} INFO - DAG(s) 'example_short_circuit_operator' retrieved from /home/airflow/.local/lib/python3.12/site-packages/airflow/example_dags/example_short_circuit_operator.py
[2025-08-19T08:54:51.153+0000] {logging_mixin.py:188} INFO - [2025-08-19T08:54:51.152+0000] {dag.py:3096} INFO - Sync 1 DAGs
[2025-08-19T08:54:51.178+0000] {logging_mixin.py:188} INFO - [2025-08-19T08:54:51.178+0000] {dag.py:3954} INFO - Setting next_dagrun for example_short_circuit_operator to 2025-08-18 00:00:00+00:00, run_after=2025-08-19 00:00:00+00:00
[2025-08-19T08:54:51.198+0000] {processor.py:183} INFO - Processing /home/airflow/.local/lib/python3.12/site-packages/airflow/example_dags/example_short_circuit_operator.py took 0.094 seconds
[2025-08-19T08:55:21.816+0000] {processor.py:161} INFO - Started process (PID=748) to work on /home/airflow/.local/lib/python3.12/site-packages/airflow/example_dags/example_short_circuit_operator.py
[2025-08-19T08:55:21.818+0000] {processor.py:830} INFO - Processing file /home/airflow/.local/lib/python3.12/site-packages/airflow/example_dags/example_short_circuit_operator.py for tasks to queue
[2025-08-19T08:55:21.820+0000] {logging_mixin.py:188} INFO - [2025-08-19T08:55:21.820+0000] {dagbag.py:540} INFO - Filling up the DagBag from /home/airflow/.local/lib/python3.12/site-packages/airflow/example_dags/example_short_circuit_operator.py
[2025-08-19T08:55:21.832+0000] {processor.py:840} INFO - DAG(s) 'example_short_circuit_operator' retrieved from /home/airflow/.local/lib/python3.12/site-packages/airflow/example_dags/example_short_circuit_operator.py
[2025-08-19T08:55:21.860+0000] {logging_mixin.py:188} INFO - [2025-08-19T08:55:21.860+0000] {dag.py:3096} INFO - Sync 1 DAGs
[2025-08-19T08:55:21.886+0000] {logging_mixin.py:188} INFO - [2025-08-19T08:55:21.886+0000] {dag.py:3954} INFO - Setting next_dagrun for example_short_circuit_operator to 2025-08-18 00:00:00+00:00, run_after=2025-08-19 00:00:00+00:00
[2025-08-19T08:55:21.906+0000] {processor.py:183} INFO - Processing /home/airflow/.local/lib/python3.12/site-packages/airflow/example_dags/example_short_circuit_operator.py took 0.097 seconds
[2025-08-19T08:55:52.574+0000] {processor.py:161} INFO - Started process (PID=806) to work on /home/airflow/.local/lib/python3.12/site-packages/airflow/example_dags/example_short_circuit_operator.py
[2025-08-19T08:55:52.575+0000] {processor.py:830} INFO - Processing file /home/airflow/.local/lib/python3.12/site-packages/airflow/example_dags/example_short_circuit_operator.py for tasks to queue
[2025-08-19T08:55:52.578+0000] {logging_mixin.py:188} INFO - [2025-08-19T08:55:52.577+0000] {dagbag.py:540} INFO - Filling up the DagBag from /home/airflow/.local/lib/python3.12/site-packages/airflow/example_dags/example_short_circuit_operator.py
[2025-08-19T08:55:52.587+0000] {processor.py:840} INFO - DAG(s) 'example_short_circuit_operator' retrieved from /home/airflow/.local/lib/python3.12/site-packages/airflow/example_dags/example_short_circuit_operator.py
[2025-08-19T08:55:52.616+0000] {logging_mixin.py:188} INFO - [2025-08-19T08:55:52.616+0000] {dag.py:3096} INFO - Sync 1 DAGs
[2025-08-19T08:55:52.640+0000] {logging_mixin.py:188} INFO - [2025-08-19T08:55:52.639+0000] {dag.py:3954} INFO - Setting next_dagrun for example_short_circuit_operator to 2025-08-18 00:00:00+00:00, run_after=2025-08-19 00:00:00+00:00
[2025-08-19T08:55:52.660+0000] {processor.py:183} INFO - Processing /home/airflow/.local/lib/python3.12/site-packages/airflow/example_dags/example_short_circuit_operator.py took 0.093 seconds
[2025-08-19T08:56:23.151+0000] {processor.py:161} INFO - Started process (PID=864) to work on /home/airflow/.local/lib/python3.12/site-packages/airflow/example_dags/example_short_circuit_operator.py
[2025-08-19T08:56:23.152+0000] {processor.py:830} INFO - Processing file /home/airflow/.local/lib/python3.12/site-packages/airflow/example_dags/example_short_circuit_operator.py for tasks to queue
[2025-08-19T08:56:23.154+0000] {logging_mixin.py:188} INFO - [2025-08-19T08:56:23.154+0000] {dagbag.py:540} INFO - Filling up the DagBag from /home/airflow/.local/lib/python3.12/site-packages/airflow/example_dags/example_short_circuit_operator.py
[2025-08-19T08:56:23.163+0000] {processor.py:840} INFO - DAG(s) 'example_short_circuit_operator' retrieved from /home/airflow/.local/lib/python3.12/site-packages/airflow/example_dags/example_short_circuit_operator.py
[2025-08-19T08:56:23.193+0000] {logging_mixin.py:188} INFO - [2025-08-19T08:56:23.192+0000] {dag.py:3096} INFO - Sync 1 DAGs
[2025-08-19T08:56:23.217+0000] {logging_mixin.py:188} INFO - [2025-08-19T08:56:23.216+0000] {dag.py:3954} INFO - Setting next_dagrun for example_short_circuit_operator to 2025-08-18 00:00:00+00:00, run_after=2025-08-19 00:00:00+00:00
[2025-08-19T08:56:23.237+0000] {processor.py:183} INFO - Processing /home/airflow/.local/lib/python3.12/site-packages/airflow/example_dags/example_short_circuit_operator.py took 0.095 seconds
[2025-08-19T08:56:53.833+0000] {processor.py:161} INFO - Started process (PID=922) to work on /home/airflow/.local/lib/python3.12/site-packages/airflow/example_dags/example_short_circuit_operator.py
[2025-08-19T08:56:53.834+0000] {processor.py:830} INFO - Processing file /home/airflow/.local/lib/python3.12/site-packages/airflow/example_dags/example_short_circuit_operator.py for tasks to queue
[2025-08-19T08:56:53.837+0000] {logging_mixin.py:188} INFO - [2025-08-19T08:56:53.837+0000] {dagbag.py:540} INFO - Filling up the DagBag from /home/airflow/.local/lib/python3.12/site-packages/airflow/example_dags/example_short_circuit_operator.py
[2025-08-19T08:56:53.846+0000] {processor.py:840} INFO - DAG(s) 'example_short_circuit_operator' retrieved from /home/airflow/.local/lib/python3.12/site-packages/airflow/example_dags/example_short_circuit_operator.py
[2025-08-19T08:56:53.875+0000] {logging_mixin.py:188} INFO - [2025-08-19T08:56:53.875+0000] {dag.py:3096} INFO - Sync 1 DAGs
[2025-08-19T08:56:53.899+0000] {logging_mixin.py:188} INFO - [2025-08-19T08:56:53.899+0000] {dag.py:3954} INFO - Setting next_dagrun for example_short_circuit_operator to 2025-08-18 00:00:00+00:00, run_after=2025-08-19 00:00:00+00:00
[2025-08-19T08:56:53.918+0000] {processor.py:183} INFO - Processing /home/airflow/.local/lib/python3.12/site-packages/airflow/example_dags/example_short_circuit_operator.py took 0.093 seconds
[2025-08-19T08:57:24.700+0000] {processor.py:161} INFO - Started process (PID=981) to work on /home/airflow/.local/lib/python3.12/site-packages/airflow/example_dags/example_short_circuit_operator.py
[2025-08-19T08:57:24.701+0000] {processor.py:830} INFO - Processing file /home/airflow/.local/lib/python3.12/site-packages/airflow/example_dags/example_short_circuit_operator.py for tasks to queue
[2025-08-19T08:57:24.703+0000] {logging_mixin.py:188} INFO - [2025-08-19T08:57:24.703+0000] {dagbag.py:540} INFO - Filling up the DagBag from /home/airflow/.local/lib/python3.12/site-packages/airflow/example_dags/example_short_circuit_operator.py
[2025-08-19T08:57:24.712+0000] {processor.py:840} INFO - DAG(s) 'example_short_circuit_operator' retrieved from /home/airflow/.local/lib/python3.12/site-packages/airflow/example_dags/example_short_circuit_operator.py
[2025-08-19T08:57:24.740+0000] {logging_mixin.py:188} INFO - [2025-08-19T08:57:24.740+0000] {dag.py:3096} INFO - Sync 1 DAGs
[2025-08-19T08:57:24.765+0000] {logging_mixin.py:188} INFO - [2025-08-19T08:57:24.764+0000] {dag.py:3954} INFO - Setting next_dagrun for example_short_circuit_operator to 2025-08-18 00:00:00+00:00, run_after=2025-08-19 00:00:00+00:00
[2025-08-19T08:57:24.790+0000] {processor.py:183} INFO - Processing /home/airflow/.local/lib/python3.12/site-packages/airflow/example_dags/example_short_circuit_operator.py took 0.098 seconds
[2025-08-19T08:57:56.188+0000] {processor.py:161} INFO - Started process (PID=1039) to work on /home/airflow/.local/lib/python3.12/site-packages/airflow/example_dags/example_short_circuit_operator.py
[2025-08-19T08:57:56.190+0000] {processor.py:830} INFO - Processing file /home/airflow/.local/lib/python3.12/site-packages/airflow/example_dags/example_short_circuit_operator.py for tasks to queue
[2025-08-19T08:57:56.192+0000] {logging_mixin.py:188} INFO - [2025-08-19T08:57:56.192+0000] {dagbag.py:540} INFO - Filling up the DagBag from /home/airflow/.local/lib/python3.12/site-packages/airflow/example_dags/example_short_circuit_operator.py
[2025-08-19T08:57:56.202+0000] {processor.py:840} INFO - DAG(s) 'example_short_circuit_operator' retrieved from /home/airflow/.local/lib/python3.12/site-packages/airflow/example_dags/example_short_circuit_operator.py
[2025-08-19T08:57:56.397+0000] {logging_mixin.py:188} INFO - [2025-08-19T08:57:56.397+0000] {dag.py:3096} INFO - Sync 1 DAGs
[2025-08-19T08:57:56.418+0000] {logging_mixin.py:188} INFO - [2025-08-19T08:57:56.418+0000] {dag.py:3954} INFO - Setting next_dagrun for example_short_circuit_operator to 2025-08-18 00:00:00+00:00, run_after=2025-08-19 00:00:00+00:00
[2025-08-19T08:57:56.437+0000] {processor.py:183} INFO - Processing /home/airflow/.local/lib/python3.12/site-packages/airflow/example_dags/example_short_circuit_operator.py took 0.257 seconds
[2025-08-19T08:58:27.272+0000] {processor.py:161} INFO - Started process (PID=1097) to work on /home/airflow/.local/lib/python3.12/site-packages/airflow/example_dags/example_short_circuit_operator.py
[2025-08-19T08:58:27.273+0000] {processor.py:830} INFO - Processing file /home/airflow/.local/lib/python3.12/site-packages/airflow/example_dags/example_short_circuit_operator.py for tasks to queue
[2025-08-19T08:58:27.275+0000] {logging_mixin.py:188} INFO - [2025-08-19T08:58:27.275+0000] {dagbag.py:540} INFO - Filling up the DagBag from /home/airflow/.local/lib/python3.12/site-packages/airflow/example_dags/example_short_circuit_operator.py
[2025-08-19T08:58:27.284+0000] {processor.py:840} INFO - DAG(s) 'example_short_circuit_operator' retrieved from /home/airflow/.local/lib/python3.12/site-packages/airflow/example_dags/example_short_circuit_operator.py
[2025-08-19T08:58:27.317+0000] {logging_mixin.py:188} INFO - [2025-08-19T08:58:27.317+0000] {dag.py:3096} INFO - Sync 1 DAGs
[2025-08-19T08:58:27.342+0000] {logging_mixin.py:188} INFO - [2025-08-19T08:58:27.342+0000] {dag.py:3954} INFO - Setting next_dagrun for example_short_circuit_operator to 2025-08-18 00:00:00+00:00, run_after=2025-08-19 00:00:00+00:00
[2025-08-19T08:58:27.363+0000] {processor.py:183} INFO - Processing /home/airflow/.local/lib/python3.12/site-packages/airflow/example_dags/example_short_circuit_operator.py took 0.099 seconds
[2025-08-19T08:58:57.651+0000] {processor.py:161} INFO - Started process (PID=1155) to work on /home/airflow/.local/lib/python3.12/site-packages/airflow/example_dags/example_short_circuit_operator.py
[2025-08-19T08:58:57.652+0000] {processor.py:830} INFO - Processing file /home/airflow/.local/lib/python3.12/site-packages/airflow/example_dags/example_short_circuit_operator.py for tasks to queue
[2025-08-19T08:58:57.654+0000] {logging_mixin.py:188} INFO - [2025-08-19T08:58:57.654+0000] {dagbag.py:540} INFO - Filling up the DagBag from /home/airflow/.local/lib/python3.12/site-packages/airflow/example_dags/example_short_circuit_operator.py
[2025-08-19T08:58:57.663+0000] {processor.py:840} INFO - DAG(s) 'example_short_circuit_operator' retrieved from /home/airflow/.local/lib/python3.12/site-packages/airflow/example_dags/example_short_circuit_operator.py
[2025-08-19T08:58:57.692+0000] {logging_mixin.py:188} INFO - [2025-08-19T08:58:57.691+0000] {dag.py:3096} INFO - Sync 1 DAGs
[2025-08-19T08:58:57.716+0000] {logging_mixin.py:188} INFO - [2025-08-19T08:58:57.716+0000] {dag.py:3954} INFO - Setting next_dagrun for example_short_circuit_operator to 2025-08-18 00:00:00+00:00, run_after=2025-08-19 00:00:00+00:00
[2025-08-19T08:58:57.736+0000] {processor.py:183} INFO - Processing /home/airflow/.local/lib/python3.12/site-packages/airflow/example_dags/example_short_circuit_operator.py took 0.092 seconds
[2025-08-19T08:59:28.115+0000] {processor.py:161} INFO - Started process (PID=1213) to work on /home/airflow/.local/lib/python3.12/site-packages/airflow/example_dags/example_short_circuit_operator.py
[2025-08-19T08:59:28.116+0000] {processor.py:830} INFO - Processing file /home/airflow/.local/lib/python3.12/site-packages/airflow/example_dags/example_short_circuit_operator.py for tasks to queue
[2025-08-19T08:59:28.119+0000] {logging_mixin.py:188} INFO - [2025-08-19T08:59:28.118+0000] {dagbag.py:540} INFO - Filling up the DagBag from /home/airflow/.local/lib/python3.12/site-packages/airflow/example_dags/example_short_circuit_operator.py
[2025-08-19T08:59:28.128+0000] {processor.py:840} INFO - DAG(s) 'example_short_circuit_operator' retrieved from /home/airflow/.local/lib/python3.12/site-packages/airflow/example_dags/example_short_circuit_operator.py
[2025-08-19T08:59:28.158+0000] {logging_mixin.py:188} INFO - [2025-08-19T08:59:28.158+0000] {dag.py:3096} INFO - Sync 1 DAGs
[2025-08-19T08:59:28.185+0000] {logging_mixin.py:188} INFO - [2025-08-19T08:59:28.184+0000] {dag.py:3954} INFO - Setting next_dagrun for example_short_circuit_operator to 2025-08-18 00:00:00+00:00, run_after=2025-08-19 00:00:00+00:00
[2025-08-19T08:59:28.208+0000] {processor.py:183} INFO - Processing /home/airflow/.local/lib/python3.12/site-packages/airflow/example_dags/example_short_circuit_operator.py took 0.103 seconds
[2025-08-19T08:59:58.428+0000] {processor.py:161} INFO - Started process (PID=1271) to work on /home/airflow/.local/lib/python3.12/site-packages/airflow/example_dags/example_short_circuit_operator.py
[2025-08-19T08:59:58.429+0000] {processor.py:830} INFO - Processing file /home/airflow/.local/lib/python3.12/site-packages/airflow/example_dags/example_short_circuit_operator.py for tasks to queue
[2025-08-19T08:59:58.432+0000] {logging_mixin.py:188} INFO - [2025-08-19T08:59:58.431+0000] {dagbag.py:540} INFO - Filling up the DagBag from /home/airflow/.local/lib/python3.12/site-packages/airflow/example_dags/example_short_circuit_operator.py
[2025-08-19T08:59:58.444+0000] {processor.py:840} INFO - DAG(s) 'example_short_circuit_operator' retrieved from /home/airflow/.local/lib/python3.12/site-packages/airflow/example_dags/example_short_circuit_operator.py
[2025-08-19T08:59:58.476+0000] {logging_mixin.py:188} INFO - [2025-08-19T08:59:58.476+0000] {dag.py:3096} INFO - Sync 1 DAGs
[2025-08-19T08:59:58.500+0000] {logging_mixin.py:188} INFO - [2025-08-19T08:59:58.500+0000] {dag.py:3954} INFO - Setting next_dagrun for example_short_circuit_operator to 2025-08-18 00:00:00+00:00, run_after=2025-08-19 00:00:00+00:00
[2025-08-19T08:59:58.520+0000] {processor.py:183} INFO - Processing /home/airflow/.local/lib/python3.12/site-packages/airflow/example_dags/example_short_circuit_operator.py took 0.099 seconds
[2025-08-19T09:00:28.789+0000] {processor.py:161} INFO - Started process (PID=1329) to work on /home/airflow/.local/lib/python3.12/site-packages/airflow/example_dags/example_short_circuit_operator.py
[2025-08-19T09:00:28.790+0000] {processor.py:830} INFO - Processing file /home/airflow/.local/lib/python3.12/site-packages/airflow/example_dags/example_short_circuit_operator.py for tasks to queue
[2025-08-19T09:00:28.792+0000] {logging_mixin.py:188} INFO - [2025-08-19T09:00:28.792+0000] {dagbag.py:540} INFO - Filling up the DagBag from /home/airflow/.local/lib/python3.12/site-packages/airflow/example_dags/example_short_circuit_operator.py
[2025-08-19T09:00:28.801+0000] {processor.py:840} INFO - DAG(s) 'example_short_circuit_operator' retrieved from /home/airflow/.local/lib/python3.12/site-packages/airflow/example_dags/example_short_circuit_operator.py
[2025-08-19T09:00:28.831+0000] {logging_mixin.py:188} INFO - [2025-08-19T09:00:28.831+0000] {dag.py:3096} INFO - Sync 1 DAGs
[2025-08-19T09:00:28.856+0000] {logging_mixin.py:188} INFO - [2025-08-19T09:00:28.856+0000] {dag.py:3954} INFO - Setting next_dagrun for example_short_circuit_operator to 2025-08-18 00:00:00+00:00, run_after=2025-08-19 00:00:00+00:00
[2025-08-19T09:00:28.876+0000] {processor.py:183} INFO - Processing /home/airflow/.local/lib/python3.12/site-packages/airflow/example_dags/example_short_circuit_operator.py took 0.095 seconds
[2025-08-19T09:00:59.003+0000] {processor.py:161} INFO - Started process (PID=1387) to work on /home/airflow/.local/lib/python3.12/site-packages/airflow/example_dags/example_short_circuit_operator.py
[2025-08-19T09:00:59.004+0000] {processor.py:830} INFO - Processing file /home/airflow/.local/lib/python3.12/site-packages/airflow/example_dags/example_short_circuit_operator.py for tasks to queue
[2025-08-19T09:00:59.007+0000] {logging_mixin.py:188} INFO - [2025-08-19T09:00:59.006+0000] {dagbag.py:540} INFO - Filling up the DagBag from /home/airflow/.local/lib/python3.12/site-packages/airflow/example_dags/example_short_circuit_operator.py
[2025-08-19T09:00:59.015+0000] {processor.py:840} INFO - DAG(s) 'example_short_circuit_operator' retrieved from /home/airflow/.local/lib/python3.12/site-packages/airflow/example_dags/example_short_circuit_operator.py
[2025-08-19T09:00:59.044+0000] {logging_mixin.py:188} INFO - [2025-08-19T09:00:59.043+0000] {dag.py:3096} INFO - Sync 1 DAGs
[2025-08-19T09:00:59.067+0000] {logging_mixin.py:188} INFO - [2025-08-19T09:00:59.067+0000] {dag.py:3954} INFO - Setting next_dagrun for example_short_circuit_operator to 2025-08-18 00:00:00+00:00, run_after=2025-08-19 00:00:00+00:00
[2025-08-19T09:00:59.088+0000] {processor.py:183} INFO - Processing /home/airflow/.local/lib/python3.12/site-packages/airflow/example_dags/example_short_circuit_operator.py took 0.092 seconds
[2025-08-19T09:01:29.283+0000] {processor.py:161} INFO - Started process (PID=1445) to work on /home/airflow/.local/lib/python3.12/site-packages/airflow/example_dags/example_short_circuit_operator.py
[2025-08-19T09:01:29.284+0000] {processor.py:830} INFO - Processing file /home/airflow/.local/lib/python3.12/site-packages/airflow/example_dags/example_short_circuit_operator.py for tasks to queue
[2025-08-19T09:01:29.286+0000] {logging_mixin.py:188} INFO - [2025-08-19T09:01:29.286+0000] {dagbag.py:540} INFO - Filling up the DagBag from /home/airflow/.local/lib/python3.12/site-packages/airflow/example_dags/example_short_circuit_operator.py
[2025-08-19T09:01:29.296+0000] {processor.py:840} INFO - DAG(s) 'example_short_circuit_operator' retrieved from /home/airflow/.local/lib/python3.12/site-packages/airflow/example_dags/example_short_circuit_operator.py
[2025-08-19T09:01:29.324+0000] {logging_mixin.py:188} INFO - [2025-08-19T09:01:29.324+0000] {dag.py:3096} INFO - Sync 1 DAGs
[2025-08-19T09:01:29.349+0000] {logging_mixin.py:188} INFO - [2025-08-19T09:01:29.349+0000] {dag.py:3954} INFO - Setting next_dagrun for example_short_circuit_operator to 2025-08-18 00:00:00+00:00, run_after=2025-08-19 00:00:00+00:00
[2025-08-19T09:01:29.369+0000] {processor.py:183} INFO - Processing /home/airflow/.local/lib/python3.12/site-packages/airflow/example_dags/example_short_circuit_operator.py took 0.094 seconds
[2025-08-19T09:01:59.741+0000] {processor.py:161} INFO - Started process (PID=1503) to work on /home/airflow/.local/lib/python3.12/site-packages/airflow/example_dags/example_short_circuit_operator.py
[2025-08-19T09:01:59.742+0000] {processor.py:830} INFO - Processing file /home/airflow/.local/lib/python3.12/site-packages/airflow/example_dags/example_short_circuit_operator.py for tasks to queue
[2025-08-19T09:01:59.745+0000] {logging_mixin.py:188} INFO - [2025-08-19T09:01:59.745+0000] {dagbag.py:540} INFO - Filling up the DagBag from /home/airflow/.local/lib/python3.12/site-packages/airflow/example_dags/example_short_circuit_operator.py
[2025-08-19T09:01:59.755+0000] {processor.py:840} INFO - DAG(s) 'example_short_circuit_operator' retrieved from /home/airflow/.local/lib/python3.12/site-packages/airflow/example_dags/example_short_circuit_operator.py
[2025-08-19T09:01:59.785+0000] {logging_mixin.py:188} INFO - [2025-08-19T09:01:59.785+0000] {dag.py:3096} INFO - Sync 1 DAGs
[2025-08-19T09:01:59.811+0000] {logging_mixin.py:188} INFO - [2025-08-19T09:01:59.811+0000] {dag.py:3954} INFO - Setting next_dagrun for example_short_circuit_operator to 2025-08-18 00:00:00+00:00, run_after=2025-08-19 00:00:00+00:00
[2025-08-19T09:01:59.832+0000] {processor.py:183} INFO - Processing /home/airflow/.local/lib/python3.12/site-packages/airflow/example_dags/example_short_circuit_operator.py took 0.099 seconds
[2025-08-19T09:02:30.049+0000] {processor.py:161} INFO - Started process (PID=1561) to work on /home/airflow/.local/lib/python3.12/site-packages/airflow/example_dags/example_short_circuit_operator.py
[2025-08-19T09:02:30.050+0000] {processor.py:830} INFO - Processing file /home/airflow/.local/lib/python3.12/site-packages/airflow/example_dags/example_short_circuit_operator.py for tasks to queue
[2025-08-19T09:02:30.052+0000] {logging_mixin.py:188} INFO - [2025-08-19T09:02:30.052+0000] {dagbag.py:540} INFO - Filling up the DagBag from /home/airflow/.local/lib/python3.12/site-packages/airflow/example_dags/example_short_circuit_operator.py
[2025-08-19T09:02:30.061+0000] {processor.py:840} INFO - DAG(s) 'example_short_circuit_operator' retrieved from /home/airflow/.local/lib/python3.12/site-packages/airflow/example_dags/example_short_circuit_operator.py
[2025-08-19T09:02:30.089+0000] {logging_mixin.py:188} INFO - [2025-08-19T09:02:30.089+0000] {dag.py:3096} INFO - Sync 1 DAGs
[2025-08-19T09:02:30.112+0000] {logging_mixin.py:188} INFO - [2025-08-19T09:02:30.112+0000] {dag.py:3954} INFO - Setting next_dagrun for example_short_circuit_operator to 2025-08-18 00:00:00+00:00, run_after=2025-08-19 00:00:00+00:00
[2025-08-19T09:02:30.131+0000] {processor.py:183} INFO - Processing /home/airflow/.local/lib/python3.12/site-packages/airflow/example_dags/example_short_circuit_operator.py took 0.089 seconds
[2025-08-19T09:03:00.263+0000] {processor.py:161} INFO - Started process (PID=1619) to work on /home/airflow/.local/lib/python3.12/site-packages/airflow/example_dags/example_short_circuit_operator.py
[2025-08-19T09:03:00.264+0000] {processor.py:830} INFO - Processing file /home/airflow/.local/lib/python3.12/site-packages/airflow/example_dags/example_short_circuit_operator.py for tasks to queue
[2025-08-19T09:03:00.266+0000] {logging_mixin.py:188} INFO - [2025-08-19T09:03:00.266+0000] {dagbag.py:540} INFO - Filling up the DagBag from /home/airflow/.local/lib/python3.12/site-packages/airflow/example_dags/example_short_circuit_operator.py
[2025-08-19T09:03:00.275+0000] {processor.py:840} INFO - DAG(s) 'example_short_circuit_operator' retrieved from /home/airflow/.local/lib/python3.12/site-packages/airflow/example_dags/example_short_circuit_operator.py
[2025-08-19T09:03:00.304+0000] {logging_mixin.py:188} INFO - [2025-08-19T09:03:00.304+0000] {dag.py:3096} INFO - Sync 1 DAGs
[2025-08-19T09:03:00.328+0000] {logging_mixin.py:188} INFO - [2025-08-19T09:03:00.328+0000] {dag.py:3954} INFO - Setting next_dagrun for example_short_circuit_operator to 2025-08-18 00:00:00+00:00, run_after=2025-08-19 00:00:00+00:00
[2025-08-19T09:03:00.351+0000] {processor.py:183} INFO - Processing /home/airflow/.local/lib/python3.12/site-packages/airflow/example_dags/example_short_circuit_operator.py took 0.096 seconds
[2025-08-19T09:03:30.509+0000] {processor.py:161} INFO - Started process (PID=1677) to work on /home/airflow/.local/lib/python3.12/site-packages/airflow/example_dags/example_short_circuit_operator.py
[2025-08-19T09:03:30.510+0000] {processor.py:830} INFO - Processing file /home/airflow/.local/lib/python3.12/site-packages/airflow/example_dags/example_short_circuit_operator.py for tasks to queue
[2025-08-19T09:03:30.512+0000] {logging_mixin.py:188} INFO - [2025-08-19T09:03:30.512+0000] {dagbag.py:540} INFO - Filling up the DagBag from /home/airflow/.local/lib/python3.12/site-packages/airflow/example_dags/example_short_circuit_operator.py
[2025-08-19T09:03:30.521+0000] {processor.py:840} INFO - DAG(s) 'example_short_circuit_operator' retrieved from /home/airflow/.local/lib/python3.12/site-packages/airflow/example_dags/example_short_circuit_operator.py
[2025-08-19T09:03:30.550+0000] {logging_mixin.py:188} INFO - [2025-08-19T09:03:30.550+0000] {dag.py:3096} INFO - Sync 1 DAGs
[2025-08-19T09:03:30.574+0000] {logging_mixin.py:188} INFO - [2025-08-19T09:03:30.574+0000] {dag.py:3954} INFO - Setting next_dagrun for example_short_circuit_operator to 2025-08-18 00:00:00+00:00, run_after=2025-08-19 00:00:00+00:00
[2025-08-19T09:03:30.594+0000] {processor.py:183} INFO - Processing /home/airflow/.local/lib/python3.12/site-packages/airflow/example_dags/example_short_circuit_operator.py took 0.093 seconds
[2025-08-19T09:04:00.801+0000] {processor.py:161} INFO - Started process (PID=1735) to work on /home/airflow/.local/lib/python3.12/site-packages/airflow/example_dags/example_short_circuit_operator.py
[2025-08-19T09:04:00.802+0000] {processor.py:830} INFO - Processing file /home/airflow/.local/lib/python3.12/site-packages/airflow/example_dags/example_short_circuit_operator.py for tasks to queue
[2025-08-19T09:04:00.804+0000] {logging_mixin.py:188} INFO - [2025-08-19T09:04:00.804+0000] {dagbag.py:540} INFO - Filling up the DagBag from /home/airflow/.local/lib/python3.12/site-packages/airflow/example_dags/example_short_circuit_operator.py
[2025-08-19T09:04:00.814+0000] {processor.py:840} INFO - DAG(s) 'example_short_circuit_operator' retrieved from /home/airflow/.local/lib/python3.12/site-packages/airflow/example_dags/example_short_circuit_operator.py
[2025-08-19T09:04:00.842+0000] {logging_mixin.py:188} INFO - [2025-08-19T09:04:00.841+0000] {dag.py:3096} INFO - Sync 1 DAGs
[2025-08-19T09:04:00.865+0000] {logging_mixin.py:188} INFO - [2025-08-19T09:04:00.865+0000] {dag.py:3954} INFO - Setting next_dagrun for example_short_circuit_operator to 2025-08-18 00:00:00+00:00, run_after=2025-08-19 00:00:00+00:00
[2025-08-19T09:04:00.885+0000] {processor.py:183} INFO - Processing /home/airflow/.local/lib/python3.12/site-packages/airflow/example_dags/example_short_circuit_operator.py took 0.092 seconds
[2025-08-19T09:04:31.197+0000] {processor.py:161} INFO - Started process (PID=1793) to work on /home/airflow/.local/lib/python3.12/site-packages/airflow/example_dags/example_short_circuit_operator.py
[2025-08-19T09:04:31.198+0000] {processor.py:830} INFO - Processing file /home/airflow/.local/lib/python3.12/site-packages/airflow/example_dags/example_short_circuit_operator.py for tasks to queue
[2025-08-19T09:04:31.200+0000] {logging_mixin.py:188} INFO - [2025-08-19T09:04:31.200+0000] {dagbag.py:540} INFO - Filling up the DagBag from /home/airflow/.local/lib/python3.12/site-packages/airflow/example_dags/example_short_circuit_operator.py
[2025-08-19T09:04:31.210+0000] {processor.py:840} INFO - DAG(s) 'example_short_circuit_operator' retrieved from /home/airflow/.local/lib/python3.12/site-packages/airflow/example_dags/example_short_circuit_operator.py
[2025-08-19T09:04:31.237+0000] {logging_mixin.py:188} INFO - [2025-08-19T09:04:31.237+0000] {dag.py:3096} INFO - Sync 1 DAGs
[2025-08-19T09:04:31.261+0000] {logging_mixin.py:188} INFO - [2025-08-19T09:04:31.261+0000] {dag.py:3954} INFO - Setting next_dagrun for example_short_circuit_operator to 2025-08-18 00:00:00+00:00, run_after=2025-08-19 00:00:00+00:00
[2025-08-19T09:04:31.280+0000] {processor.py:183} INFO - Processing /home/airflow/.local/lib/python3.12/site-packages/airflow/example_dags/example_short_circuit_operator.py took 0.091 seconds
[2025-08-19T09:05:01.366+0000] {processor.py:161} INFO - Started process (PID=1851) to work on /home/airflow/.local/lib/python3.12/site-packages/airflow/example_dags/example_short_circuit_operator.py
[2025-08-19T09:05:01.367+0000] {processor.py:830} INFO - Processing file /home/airflow/.local/lib/python3.12/site-packages/airflow/example_dags/example_short_circuit_operator.py for tasks to queue
[2025-08-19T09:05:01.369+0000] {logging_mixin.py:188} INFO - [2025-08-19T09:05:01.369+0000] {dagbag.py:540} INFO - Filling up the DagBag from /home/airflow/.local/lib/python3.12/site-packages/airflow/example_dags/example_short_circuit_operator.py
[2025-08-19T09:05:01.379+0000] {processor.py:840} INFO - DAG(s) 'example_short_circuit_operator' retrieved from /home/airflow/.local/lib/python3.12/site-packages/airflow/example_dags/example_short_circuit_operator.py
[2025-08-19T09:05:01.408+0000] {logging_mixin.py:188} INFO - [2025-08-19T09:05:01.407+0000] {dag.py:3096} INFO - Sync 1 DAGs
[2025-08-19T09:05:01.433+0000] {logging_mixin.py:188} INFO - [2025-08-19T09:05:01.433+0000] {dag.py:3954} INFO - Setting next_dagrun for example_short_circuit_operator to 2025-08-18 00:00:00+00:00, run_after=2025-08-19 00:00:00+00:00
[2025-08-19T09:05:01.454+0000] {processor.py:183} INFO - Processing /home/airflow/.local/lib/python3.12/site-packages/airflow/example_dags/example_short_circuit_operator.py took 0.096 seconds
[2025-08-19T09:05:31.562+0000] {processor.py:161} INFO - Started process (PID=1910) to work on /home/airflow/.local/lib/python3.12/site-packages/airflow/example_dags/example_short_circuit_operator.py
[2025-08-19T09:05:31.563+0000] {processor.py:830} INFO - Processing file /home/airflow/.local/lib/python3.12/site-packages/airflow/example_dags/example_short_circuit_operator.py for tasks to queue
[2025-08-19T09:05:31.566+0000] {logging_mixin.py:188} INFO - [2025-08-19T09:05:31.566+0000] {dagbag.py:540} INFO - Filling up the DagBag from /home/airflow/.local/lib/python3.12/site-packages/airflow/example_dags/example_short_circuit_operator.py
[2025-08-19T09:05:31.576+0000] {processor.py:840} INFO - DAG(s) 'example_short_circuit_operator' retrieved from /home/airflow/.local/lib/python3.12/site-packages/airflow/example_dags/example_short_circuit_operator.py
[2025-08-19T09:05:31.608+0000] {logging_mixin.py:188} INFO - [2025-08-19T09:05:31.607+0000] {dag.py:3096} INFO - Sync 1 DAGs
[2025-08-19T09:05:31.634+0000] {logging_mixin.py:188} INFO - [2025-08-19T09:05:31.634+0000] {dag.py:3954} INFO - Setting next_dagrun for example_short_circuit_operator to 2025-08-18 00:00:00+00:00, run_after=2025-08-19 00:00:00+00:00
[2025-08-19T09:05:31.655+0000] {processor.py:183} INFO - Processing /home/airflow/.local/lib/python3.12/site-packages/airflow/example_dags/example_short_circuit_operator.py took 0.100 seconds
[2025-08-19T09:06:01.879+0000] {processor.py:161} INFO - Started process (PID=1968) to work on /home/airflow/.local/lib/python3.12/site-packages/airflow/example_dags/example_short_circuit_operator.py
[2025-08-19T09:06:01.881+0000] {processor.py:830} INFO - Processing file /home/airflow/.local/lib/python3.12/site-packages/airflow/example_dags/example_short_circuit_operator.py for tasks to queue
[2025-08-19T09:06:01.884+0000] {logging_mixin.py:188} INFO - [2025-08-19T09:06:01.884+0000] {dagbag.py:540} INFO - Filling up the DagBag from /home/airflow/.local/lib/python3.12/site-packages/airflow/example_dags/example_short_circuit_operator.py
[2025-08-19T09:06:01.897+0000] {processor.py:840} INFO - DAG(s) 'example_short_circuit_operator' retrieved from /home/airflow/.local/lib/python3.12/site-packages/airflow/example_dags/example_short_circuit_operator.py
[2025-08-19T09:06:01.933+0000] {logging_mixin.py:188} INFO - [2025-08-19T09:06:01.933+0000] {dag.py:3096} INFO - Sync 1 DAGs
[2025-08-19T09:06:01.963+0000] {logging_mixin.py:188} INFO - [2025-08-19T09:06:01.963+0000] {dag.py:3954} INFO - Setting next_dagrun for example_short_circuit_operator to 2025-08-18 00:00:00+00:00, run_after=2025-08-19 00:00:00+00:00
[2025-08-19T09:06:01.987+0000] {processor.py:183} INFO - Processing /home/airflow/.local/lib/python3.12/site-packages/airflow/example_dags/example_short_circuit_operator.py took 0.118 seconds
[2025-08-19T09:06:32.243+0000] {processor.py:161} INFO - Started process (PID=2026) to work on /home/airflow/.local/lib/python3.12/site-packages/airflow/example_dags/example_short_circuit_operator.py
[2025-08-19T09:06:32.244+0000] {processor.py:830} INFO - Processing file /home/airflow/.local/lib/python3.12/site-packages/airflow/example_dags/example_short_circuit_operator.py for tasks to queue
[2025-08-19T09:06:32.247+0000] {logging_mixin.py:188} INFO - [2025-08-19T09:06:32.247+0000] {dagbag.py:540} INFO - Filling up the DagBag from /home/airflow/.local/lib/python3.12/site-packages/airflow/example_dags/example_short_circuit_operator.py
[2025-08-19T09:06:32.257+0000] {processor.py:840} INFO - DAG(s) 'example_short_circuit_operator' retrieved from /home/airflow/.local/lib/python3.12/site-packages/airflow/example_dags/example_short_circuit_operator.py
[2025-08-19T09:06:32.288+0000] {logging_mixin.py:188} INFO - [2025-08-19T09:06:32.288+0000] {dag.py:3096} INFO - Sync 1 DAGs
[2025-08-19T09:06:32.316+0000] {logging_mixin.py:188} INFO - [2025-08-19T09:06:32.315+0000] {dag.py:3954} INFO - Setting next_dagrun for example_short_circuit_operator to 2025-08-18 00:00:00+00:00, run_after=2025-08-19 00:00:00+00:00
[2025-08-19T09:06:32.338+0000] {processor.py:183} INFO - Processing /home/airflow/.local/lib/python3.12/site-packages/airflow/example_dags/example_short_circuit_operator.py took 0.105 seconds
[2025-08-19T09:07:02.446+0000] {processor.py:161} INFO - Started process (PID=2085) to work on /home/airflow/.local/lib/python3.12/site-packages/airflow/example_dags/example_short_circuit_operator.py
[2025-08-19T09:07:02.447+0000] {processor.py:830} INFO - Processing file /home/airflow/.local/lib/python3.12/site-packages/airflow/example_dags/example_short_circuit_operator.py for tasks to queue
[2025-08-19T09:07:02.449+0000] {logging_mixin.py:188} INFO - [2025-08-19T09:07:02.449+0000] {dagbag.py:540} INFO - Filling up the DagBag from /home/airflow/.local/lib/python3.12/site-packages/airflow/example_dags/example_short_circuit_operator.py
[2025-08-19T09:07:02.458+0000] {processor.py:840} INFO - DAG(s) 'example_short_circuit_operator' retrieved from /home/airflow/.local/lib/python3.12/site-packages/airflow/example_dags/example_short_circuit_operator.py
[2025-08-19T09:07:02.487+0000] {logging_mixin.py:188} INFO - [2025-08-19T09:07:02.487+0000] {dag.py:3096} INFO - Sync 1 DAGs
[2025-08-19T09:07:02.512+0000] {logging_mixin.py:188} INFO - [2025-08-19T09:07:02.512+0000] {dag.py:3954} INFO - Setting next_dagrun for example_short_circuit_operator to 2025-08-18 00:00:00+00:00, run_after=2025-08-19 00:00:00+00:00
[2025-08-19T09:07:02.533+0000] {processor.py:183} INFO - Processing /home/airflow/.local/lib/python3.12/site-packages/airflow/example_dags/example_short_circuit_operator.py took 0.094 seconds
[2025-08-19T09:07:32.814+0000] {processor.py:161} INFO - Started process (PID=2143) to work on /home/airflow/.local/lib/python3.12/site-packages/airflow/example_dags/example_short_circuit_operator.py
[2025-08-19T09:07:32.815+0000] {processor.py:830} INFO - Processing file /home/airflow/.local/lib/python3.12/site-packages/airflow/example_dags/example_short_circuit_operator.py for tasks to queue
[2025-08-19T09:07:32.817+0000] {logging_mixin.py:188} INFO - [2025-08-19T09:07:32.817+0000] {dagbag.py:540} INFO - Filling up the DagBag from /home/airflow/.local/lib/python3.12/site-packages/airflow/example_dags/example_short_circuit_operator.py
[2025-08-19T09:07:32.827+0000] {processor.py:840} INFO - DAG(s) 'example_short_circuit_operator' retrieved from /home/airflow/.local/lib/python3.12/site-packages/airflow/example_dags/example_short_circuit_operator.py
[2025-08-19T09:07:32.857+0000] {logging_mixin.py:188} INFO - [2025-08-19T09:07:32.857+0000] {dag.py:3096} INFO - Sync 1 DAGs
[2025-08-19T09:07:32.883+0000] {logging_mixin.py:188} INFO - [2025-08-19T09:07:32.883+0000] {dag.py:3954} INFO - Setting next_dagrun for example_short_circuit_operator to 2025-08-18 00:00:00+00:00, run_after=2025-08-19 00:00:00+00:00
[2025-08-19T09:07:32.904+0000] {processor.py:183} INFO - Processing /home/airflow/.local/lib/python3.12/site-packages/airflow/example_dags/example_short_circuit_operator.py took 0.099 seconds
[2025-08-19T09:08:03.148+0000] {processor.py:161} INFO - Started process (PID=2201) to work on /home/airflow/.local/lib/python3.12/site-packages/airflow/example_dags/example_short_circuit_operator.py
[2025-08-19T09:08:03.149+0000] {processor.py:830} INFO - Processing file /home/airflow/.local/lib/python3.12/site-packages/airflow/example_dags/example_short_circuit_operator.py for tasks to queue
[2025-08-19T09:08:03.152+0000] {logging_mixin.py:188} INFO - [2025-08-19T09:08:03.151+0000] {dagbag.py:540} INFO - Filling up the DagBag from /home/airflow/.local/lib/python3.12/site-packages/airflow/example_dags/example_short_circuit_operator.py
[2025-08-19T09:08:03.161+0000] {processor.py:840} INFO - DAG(s) 'example_short_circuit_operator' retrieved from /home/airflow/.local/lib/python3.12/site-packages/airflow/example_dags/example_short_circuit_operator.py
[2025-08-19T09:08:03.188+0000] {logging_mixin.py:188} INFO - [2025-08-19T09:08:03.188+0000] {dag.py:3096} INFO - Sync 1 DAGs
[2025-08-19T09:08:03.212+0000] {logging_mixin.py:188} INFO - [2025-08-19T09:08:03.212+0000] {dag.py:3954} INFO - Setting next_dagrun for example_short_circuit_operator to 2025-08-18 00:00:00+00:00, run_after=2025-08-19 00:00:00+00:00
[2025-08-19T09:08:03.231+0000] {processor.py:183} INFO - Processing /home/airflow/.local/lib/python3.12/site-packages/airflow/example_dags/example_short_circuit_operator.py took 0.091 seconds
[2025-08-19T09:08:33.978+0000] {processor.py:161} INFO - Started process (PID=2259) to work on /home/airflow/.local/lib/python3.12/site-packages/airflow/example_dags/example_short_circuit_operator.py
[2025-08-19T09:08:33.979+0000] {processor.py:830} INFO - Processing file /home/airflow/.local/lib/python3.12/site-packages/airflow/example_dags/example_short_circuit_operator.py for tasks to queue
[2025-08-19T09:08:33.981+0000] {logging_mixin.py:188} INFO - [2025-08-19T09:08:33.981+0000] {dagbag.py:540} INFO - Filling up the DagBag from /home/airflow/.local/lib/python3.12/site-packages/airflow/example_dags/example_short_circuit_operator.py
[2025-08-19T09:08:33.991+0000] {processor.py:840} INFO - DAG(s) 'example_short_circuit_operator' retrieved from /home/airflow/.local/lib/python3.12/site-packages/airflow/example_dags/example_short_circuit_operator.py
[2025-08-19T09:08:34.023+0000] {logging_mixin.py:188} INFO - [2025-08-19T09:08:34.022+0000] {dag.py:3096} INFO - Sync 1 DAGs
[2025-08-19T09:08:34.048+0000] {logging_mixin.py:188} INFO - [2025-08-19T09:08:34.048+0000] {dag.py:3954} INFO - Setting next_dagrun for example_short_circuit_operator to 2025-08-18 00:00:00+00:00, run_after=2025-08-19 00:00:00+00:00
[2025-08-19T09:08:34.070+0000] {processor.py:183} INFO - Processing /home/airflow/.local/lib/python3.12/site-packages/airflow/example_dags/example_short_circuit_operator.py took 0.100 seconds
[2025-08-19T09:09:04.333+0000] {processor.py:161} INFO - Started process (PID=2317) to work on /home/airflow/.local/lib/python3.12/site-packages/airflow/example_dags/example_short_circuit_operator.py
[2025-08-19T09:09:04.334+0000] {processor.py:830} INFO - Processing file /home/airflow/.local/lib/python3.12/site-packages/airflow/example_dags/example_short_circuit_operator.py for tasks to queue
[2025-08-19T09:09:04.337+0000] {logging_mixin.py:188} INFO - [2025-08-19T09:09:04.337+0000] {dagbag.py:540} INFO - Filling up the DagBag from /home/airflow/.local/lib/python3.12/site-packages/airflow/example_dags/example_short_circuit_operator.py
[2025-08-19T09:09:04.350+0000] {processor.py:840} INFO - DAG(s) 'example_short_circuit_operator' retrieved from /home/airflow/.local/lib/python3.12/site-packages/airflow/example_dags/example_short_circuit_operator.py
[2025-08-19T09:09:04.382+0000] {logging_mixin.py:188} INFO - [2025-08-19T09:09:04.382+0000] {dag.py:3096} INFO - Sync 1 DAGs
[2025-08-19T09:09:04.406+0000] {logging_mixin.py:188} INFO - [2025-08-19T09:09:04.406+0000] {dag.py:3954} INFO - Setting next_dagrun for example_short_circuit_operator to 2025-08-18 00:00:00+00:00, run_after=2025-08-19 00:00:00+00:00
[2025-08-19T09:09:04.427+0000] {processor.py:183} INFO - Processing /home/airflow/.local/lib/python3.12/site-packages/airflow/example_dags/example_short_circuit_operator.py took 0.103 seconds
[2025-08-19T09:09:34.882+0000] {processor.py:161} INFO - Started process (PID=2375) to work on /home/airflow/.local/lib/python3.12/site-packages/airflow/example_dags/example_short_circuit_operator.py
[2025-08-19T09:09:34.883+0000] {processor.py:830} INFO - Processing file /home/airflow/.local/lib/python3.12/site-packages/airflow/example_dags/example_short_circuit_operator.py for tasks to queue
[2025-08-19T09:09:34.885+0000] {logging_mixin.py:188} INFO - [2025-08-19T09:09:34.885+0000] {dagbag.py:540} INFO - Filling up the DagBag from /home/airflow/.local/lib/python3.12/site-packages/airflow/example_dags/example_short_circuit_operator.py
[2025-08-19T09:09:34.895+0000] {processor.py:840} INFO - DAG(s) 'example_short_circuit_operator' retrieved from /home/airflow/.local/lib/python3.12/site-packages/airflow/example_dags/example_short_circuit_operator.py
[2025-08-19T09:09:34.923+0000] {logging_mixin.py:188} INFO - [2025-08-19T09:09:34.923+0000] {dag.py:3096} INFO - Sync 1 DAGs
[2025-08-19T09:09:34.947+0000] {logging_mixin.py:188} INFO - [2025-08-19T09:09:34.946+0000] {dag.py:3954} INFO - Setting next_dagrun for example_short_circuit_operator to 2025-08-18 00:00:00+00:00, run_after=2025-08-19 00:00:00+00:00
[2025-08-19T09:09:34.966+0000] {processor.py:183} INFO - Processing /home/airflow/.local/lib/python3.12/site-packages/airflow/example_dags/example_short_circuit_operator.py took 0.092 seconds
[2025-08-19T09:10:05.494+0000] {processor.py:161} INFO - Started process (PID=2433) to work on /home/airflow/.local/lib/python3.12/site-packages/airflow/example_dags/example_short_circuit_operator.py
[2025-08-19T09:10:05.495+0000] {processor.py:830} INFO - Processing file /home/airflow/.local/lib/python3.12/site-packages/airflow/example_dags/example_short_circuit_operator.py for tasks to queue
[2025-08-19T09:10:05.498+0000] {logging_mixin.py:188} INFO - [2025-08-19T09:10:05.497+0000] {dagbag.py:540} INFO - Filling up the DagBag from /home/airflow/.local/lib/python3.12/site-packages/airflow/example_dags/example_short_circuit_operator.py
[2025-08-19T09:10:05.507+0000] {processor.py:840} INFO - DAG(s) 'example_short_circuit_operator' retrieved from /home/airflow/.local/lib/python3.12/site-packages/airflow/example_dags/example_short_circuit_operator.py
[2025-08-19T09:10:05.536+0000] {logging_mixin.py:188} INFO - [2025-08-19T09:10:05.536+0000] {dag.py:3096} INFO - Sync 1 DAGs
[2025-08-19T09:10:05.560+0000] {logging_mixin.py:188} INFO - [2025-08-19T09:10:05.560+0000] {dag.py:3954} INFO - Setting next_dagrun for example_short_circuit_operator to 2025-08-18 00:00:00+00:00, run_after=2025-08-19 00:00:00+00:00
[2025-08-19T09:10:05.578+0000] {processor.py:183} INFO - Processing /home/airflow/.local/lib/python3.12/site-packages/airflow/example_dags/example_short_circuit_operator.py took 0.091 seconds
[2025-08-19T09:10:35.963+0000] {processor.py:161} INFO - Started process (PID=2491) to work on /home/airflow/.local/lib/python3.12/site-packages/airflow/example_dags/example_short_circuit_operator.py
[2025-08-19T09:10:35.964+0000] {processor.py:830} INFO - Processing file /home/airflow/.local/lib/python3.12/site-packages/airflow/example_dags/example_short_circuit_operator.py for tasks to queue
[2025-08-19T09:10:35.967+0000] {logging_mixin.py:188} INFO - [2025-08-19T09:10:35.966+0000] {dagbag.py:540} INFO - Filling up the DagBag from /home/airflow/.local/lib/python3.12/site-packages/airflow/example_dags/example_short_circuit_operator.py
[2025-08-19T09:10:35.976+0000] {processor.py:840} INFO - DAG(s) 'example_short_circuit_operator' retrieved from /home/airflow/.local/lib/python3.12/site-packages/airflow/example_dags/example_short_circuit_operator.py
[2025-08-19T09:10:36.008+0000] {logging_mixin.py:188} INFO - [2025-08-19T09:10:36.008+0000] {dag.py:3096} INFO - Sync 1 DAGs
[2025-08-19T09:10:36.036+0000] {logging_mixin.py:188} INFO - [2025-08-19T09:10:36.035+0000] {dag.py:3954} INFO - Setting next_dagrun for example_short_circuit_operator to 2025-08-18 00:00:00+00:00, run_after=2025-08-19 00:00:00+00:00
[2025-08-19T09:10:36.058+0000] {processor.py:183} INFO - Processing /home/airflow/.local/lib/python3.12/site-packages/airflow/example_dags/example_short_circuit_operator.py took 0.104 seconds
[2025-08-19T09:11:06.954+0000] {processor.py:161} INFO - Started process (PID=2550) to work on /home/airflow/.local/lib/python3.12/site-packages/airflow/example_dags/example_short_circuit_operator.py
[2025-08-19T09:11:06.955+0000] {processor.py:830} INFO - Processing file /home/airflow/.local/lib/python3.12/site-packages/airflow/example_dags/example_short_circuit_operator.py for tasks to queue
[2025-08-19T09:11:06.958+0000] {logging_mixin.py:188} INFO - [2025-08-19T09:11:06.957+0000] {dagbag.py:540} INFO - Filling up the DagBag from /home/airflow/.local/lib/python3.12/site-packages/airflow/example_dags/example_short_circuit_operator.py
[2025-08-19T09:11:06.967+0000] {processor.py:840} INFO - DAG(s) 'example_short_circuit_operator' retrieved from /home/airflow/.local/lib/python3.12/site-packages/airflow/example_dags/example_short_circuit_operator.py
[2025-08-19T09:11:06.997+0000] {logging_mixin.py:188} INFO - [2025-08-19T09:11:06.996+0000] {dag.py:3096} INFO - Sync 1 DAGs
[2025-08-19T09:11:07.026+0000] {logging_mixin.py:188} INFO - [2025-08-19T09:11:07.026+0000] {dag.py:3954} INFO - Setting next_dagrun for example_short_circuit_operator to 2025-08-18 00:00:00+00:00, run_after=2025-08-19 00:00:00+00:00
[2025-08-19T09:11:07.050+0000] {processor.py:183} INFO - Processing /home/airflow/.local/lib/python3.12/site-packages/airflow/example_dags/example_short_circuit_operator.py took 0.104 seconds
