[2025-08-19T08:49:43.236+0000] {processor.py:161} INFO - Started process (PID=89) to work on /home/airflow/.local/lib/python3.12/site-packages/airflow/example_dags/example_branch_labels.py
[2025-08-19T08:49:43.237+0000] {processor.py:830} INFO - Processing file /home/airflow/.local/lib/python3.12/site-packages/airflow/example_dags/example_branch_labels.py for tasks to queue
[2025-08-19T08:49:43.240+0000] {logging_mixin.py:188} INFO - [2025-08-19T08:49:43.239+0000] {dagbag.py:540} INFO - Filling up the DagBag from /home/airflow/.local/lib/python3.12/site-packages/airflow/example_dags/example_branch_labels.py
[2025-08-19T08:49:43.252+0000] {processor.py:840} INFO - DAG(s) 'example_branch_labels' retrieved from /home/airflow/.local/lib/python3.12/site-packages/airflow/example_dags/example_branch_labels.py
[2025-08-19T08:49:43.417+0000] {logging_mixin.py:188} INFO - [2025-08-19T08:49:43.417+0000] {dag.py:3096} INFO - Sync 1 DAGs
[2025-08-19T08:49:43.447+0000] {logging_mixin.py:188} INFO - [2025-08-19T08:49:43.446+0000] {dag.py:3954} INFO - Setting next_dagrun for example_branch_labels to 2025-08-18 00:00:00+00:00, run_after=2025-08-19 00:00:00+00:00
[2025-08-19T08:49:43.484+0000] {processor.py:183} INFO - Processing /home/airflow/.local/lib/python3.12/site-packages/airflow/example_dags/example_branch_labels.py took 0.256 seconds
[2025-08-19T08:50:14.519+0000] {processor.py:161} INFO - Started process (PID=153) to work on /home/airflow/.local/lib/python3.12/site-packages/airflow/example_dags/example_branch_labels.py
[2025-08-19T08:50:14.520+0000] {processor.py:830} INFO - Processing file /home/airflow/.local/lib/python3.12/site-packages/airflow/example_dags/example_branch_labels.py for tasks to queue
[2025-08-19T08:50:14.522+0000] {logging_mixin.py:188} INFO - [2025-08-19T08:50:14.522+0000] {dagbag.py:540} INFO - Filling up the DagBag from /home/airflow/.local/lib/python3.12/site-packages/airflow/example_dags/example_branch_labels.py
[2025-08-19T08:50:14.531+0000] {processor.py:840} INFO - DAG(s) 'example_branch_labels' retrieved from /home/airflow/.local/lib/python3.12/site-packages/airflow/example_dags/example_branch_labels.py
[2025-08-19T08:50:14.557+0000] {logging_mixin.py:188} INFO - [2025-08-19T08:50:14.557+0000] {dag.py:3096} INFO - Sync 1 DAGs
[2025-08-19T08:50:14.583+0000] {logging_mixin.py:188} INFO - [2025-08-19T08:50:14.582+0000] {dag.py:3954} INFO - Setting next_dagrun for example_branch_labels to 2025-08-18 00:00:00+00:00, run_after=2025-08-19 00:00:00+00:00
[2025-08-19T08:50:14.602+0000] {processor.py:183} INFO - Processing /home/airflow/.local/lib/python3.12/site-packages/airflow/example_dags/example_branch_labels.py took 0.091 seconds
[2025-08-19T08:50:45.582+0000] {processor.py:161} INFO - Started process (PID=211) to work on /home/airflow/.local/lib/python3.12/site-packages/airflow/example_dags/example_branch_labels.py
[2025-08-19T08:50:45.584+0000] {processor.py:830} INFO - Processing file /home/airflow/.local/lib/python3.12/site-packages/airflow/example_dags/example_branch_labels.py for tasks to queue
[2025-08-19T08:50:45.586+0000] {logging_mixin.py:188} INFO - [2025-08-19T08:50:45.586+0000] {dagbag.py:540} INFO - Filling up the DagBag from /home/airflow/.local/lib/python3.12/site-packages/airflow/example_dags/example_branch_labels.py
[2025-08-19T08:50:45.596+0000] {processor.py:840} INFO - DAG(s) 'example_branch_labels' retrieved from /home/airflow/.local/lib/python3.12/site-packages/airflow/example_dags/example_branch_labels.py
[2025-08-19T08:50:45.721+0000] {logging_mixin.py:188} INFO - [2025-08-19T08:50:45.721+0000] {dag.py:3096} INFO - Sync 1 DAGs
[2025-08-19T08:50:45.744+0000] {logging_mixin.py:188} INFO - [2025-08-19T08:50:45.744+0000] {dag.py:3954} INFO - Setting next_dagrun for example_branch_labels to 2025-08-18 00:00:00+00:00, run_after=2025-08-19 00:00:00+00:00
[2025-08-19T08:50:45.766+0000] {processor.py:183} INFO - Processing /home/airflow/.local/lib/python3.12/site-packages/airflow/example_dags/example_branch_labels.py took 0.191 seconds
[2025-08-19T08:51:16.390+0000] {processor.py:161} INFO - Started process (PID=270) to work on /home/airflow/.local/lib/python3.12/site-packages/airflow/example_dags/example_branch_labels.py
[2025-08-19T08:51:16.392+0000] {processor.py:830} INFO - Processing file /home/airflow/.local/lib/python3.12/site-packages/airflow/example_dags/example_branch_labels.py for tasks to queue
[2025-08-19T08:51:16.395+0000] {logging_mixin.py:188} INFO - [2025-08-19T08:51:16.394+0000] {dagbag.py:540} INFO - Filling up the DagBag from /home/airflow/.local/lib/python3.12/site-packages/airflow/example_dags/example_branch_labels.py
[2025-08-19T08:51:16.405+0000] {processor.py:840} INFO - DAG(s) 'example_branch_labels' retrieved from /home/airflow/.local/lib/python3.12/site-packages/airflow/example_dags/example_branch_labels.py
[2025-08-19T08:51:16.435+0000] {logging_mixin.py:188} INFO - [2025-08-19T08:51:16.435+0000] {dag.py:3096} INFO - Sync 1 DAGs
[2025-08-19T08:51:16.461+0000] {logging_mixin.py:188} INFO - [2025-08-19T08:51:16.461+0000] {dag.py:3954} INFO - Setting next_dagrun for example_branch_labels to 2025-08-18 00:00:00+00:00, run_after=2025-08-19 00:00:00+00:00
[2025-08-19T08:51:16.483+0000] {processor.py:183} INFO - Processing /home/airflow/.local/lib/python3.12/site-packages/airflow/example_dags/example_branch_labels.py took 0.102 seconds
[2025-08-19T08:51:46.655+0000] {processor.py:161} INFO - Started process (PID=328) to work on /home/airflow/.local/lib/python3.12/site-packages/airflow/example_dags/example_branch_labels.py
[2025-08-19T08:51:46.656+0000] {processor.py:830} INFO - Processing file /home/airflow/.local/lib/python3.12/site-packages/airflow/example_dags/example_branch_labels.py for tasks to queue
[2025-08-19T08:51:46.659+0000] {logging_mixin.py:188} INFO - [2025-08-19T08:51:46.658+0000] {dagbag.py:540} INFO - Filling up the DagBag from /home/airflow/.local/lib/python3.12/site-packages/airflow/example_dags/example_branch_labels.py
[2025-08-19T08:51:46.669+0000] {processor.py:840} INFO - DAG(s) 'example_branch_labels' retrieved from /home/airflow/.local/lib/python3.12/site-packages/airflow/example_dags/example_branch_labels.py
[2025-08-19T08:51:46.703+0000] {logging_mixin.py:188} INFO - [2025-08-19T08:51:46.703+0000] {dag.py:3096} INFO - Sync 1 DAGs
[2025-08-19T08:51:46.733+0000] {logging_mixin.py:188} INFO - [2025-08-19T08:51:46.733+0000] {dag.py:3954} INFO - Setting next_dagrun for example_branch_labels to 2025-08-18 00:00:00+00:00, run_after=2025-08-19 00:00:00+00:00
[2025-08-19T08:51:46.756+0000] {processor.py:183} INFO - Processing /home/airflow/.local/lib/python3.12/site-packages/airflow/example_dags/example_branch_labels.py took 0.108 seconds
[2025-08-19T08:52:17.673+0000] {processor.py:161} INFO - Started process (PID=386) to work on /home/airflow/.local/lib/python3.12/site-packages/airflow/example_dags/example_branch_labels.py
[2025-08-19T08:52:17.674+0000] {processor.py:830} INFO - Processing file /home/airflow/.local/lib/python3.12/site-packages/airflow/example_dags/example_branch_labels.py for tasks to queue
[2025-08-19T08:52:17.677+0000] {logging_mixin.py:188} INFO - [2025-08-19T08:52:17.676+0000] {dagbag.py:540} INFO - Filling up the DagBag from /home/airflow/.local/lib/python3.12/site-packages/airflow/example_dags/example_branch_labels.py
[2025-08-19T08:52:17.686+0000] {processor.py:840} INFO - DAG(s) 'example_branch_labels' retrieved from /home/airflow/.local/lib/python3.12/site-packages/airflow/example_dags/example_branch_labels.py
[2025-08-19T08:52:17.713+0000] {logging_mixin.py:188} INFO - [2025-08-19T08:52:17.713+0000] {dag.py:3096} INFO - Sync 1 DAGs
[2025-08-19T08:52:17.740+0000] {logging_mixin.py:188} INFO - [2025-08-19T08:52:17.740+0000] {dag.py:3954} INFO - Setting next_dagrun for example_branch_labels to 2025-08-18 00:00:00+00:00, run_after=2025-08-19 00:00:00+00:00
[2025-08-19T08:52:17.763+0000] {processor.py:183} INFO - Processing /home/airflow/.local/lib/python3.12/site-packages/airflow/example_dags/example_branch_labels.py took 0.098 seconds
[2025-08-19T08:52:47.876+0000] {processor.py:161} INFO - Started process (PID=444) to work on /home/airflow/.local/lib/python3.12/site-packages/airflow/example_dags/example_branch_labels.py
[2025-08-19T08:52:47.877+0000] {processor.py:830} INFO - Processing file /home/airflow/.local/lib/python3.12/site-packages/airflow/example_dags/example_branch_labels.py for tasks to queue
[2025-08-19T08:52:47.880+0000] {logging_mixin.py:188} INFO - [2025-08-19T08:52:47.879+0000] {dagbag.py:540} INFO - Filling up the DagBag from /home/airflow/.local/lib/python3.12/site-packages/airflow/example_dags/example_branch_labels.py
[2025-08-19T08:52:47.889+0000] {processor.py:840} INFO - DAG(s) 'example_branch_labels' retrieved from /home/airflow/.local/lib/python3.12/site-packages/airflow/example_dags/example_branch_labels.py
[2025-08-19T08:52:47.916+0000] {logging_mixin.py:188} INFO - [2025-08-19T08:52:47.916+0000] {dag.py:3096} INFO - Sync 1 DAGs
[2025-08-19T08:52:47.940+0000] {logging_mixin.py:188} INFO - [2025-08-19T08:52:47.940+0000] {dag.py:3954} INFO - Setting next_dagrun for example_branch_labels to 2025-08-18 00:00:00+00:00, run_after=2025-08-19 00:00:00+00:00
[2025-08-19T08:52:47.957+0000] {processor.py:183} INFO - Processing /home/airflow/.local/lib/python3.12/site-packages/airflow/example_dags/example_branch_labels.py took 0.089 seconds
[2025-08-19T08:53:18.067+0000] {processor.py:161} INFO - Started process (PID=503) to work on /home/airflow/.local/lib/python3.12/site-packages/airflow/example_dags/example_branch_labels.py
[2025-08-19T08:53:18.068+0000] {processor.py:830} INFO - Processing file /home/airflow/.local/lib/python3.12/site-packages/airflow/example_dags/example_branch_labels.py for tasks to queue
[2025-08-19T08:53:18.071+0000] {logging_mixin.py:188} INFO - [2025-08-19T08:53:18.070+0000] {dagbag.py:540} INFO - Filling up the DagBag from /home/airflow/.local/lib/python3.12/site-packages/airflow/example_dags/example_branch_labels.py
[2025-08-19T08:53:18.080+0000] {processor.py:840} INFO - DAG(s) 'example_branch_labels' retrieved from /home/airflow/.local/lib/python3.12/site-packages/airflow/example_dags/example_branch_labels.py
[2025-08-19T08:53:18.106+0000] {logging_mixin.py:188} INFO - [2025-08-19T08:53:18.105+0000] {dag.py:3096} INFO - Sync 1 DAGs
[2025-08-19T08:53:18.129+0000] {logging_mixin.py:188} INFO - [2025-08-19T08:53:18.129+0000] {dag.py:3954} INFO - Setting next_dagrun for example_branch_labels to 2025-08-18 00:00:00+00:00, run_after=2025-08-19 00:00:00+00:00
[2025-08-19T08:53:18.147+0000] {processor.py:183} INFO - Processing /home/airflow/.local/lib/python3.12/site-packages/airflow/example_dags/example_branch_labels.py took 0.087 seconds
[2025-08-19T08:53:48.209+0000] {processor.py:161} INFO - Started process (PID=561) to work on /home/airflow/.local/lib/python3.12/site-packages/airflow/example_dags/example_branch_labels.py
[2025-08-19T08:53:48.210+0000] {processor.py:830} INFO - Processing file /home/airflow/.local/lib/python3.12/site-packages/airflow/example_dags/example_branch_labels.py for tasks to queue
[2025-08-19T08:53:48.213+0000] {logging_mixin.py:188} INFO - [2025-08-19T08:53:48.212+0000] {dagbag.py:540} INFO - Filling up the DagBag from /home/airflow/.local/lib/python3.12/site-packages/airflow/example_dags/example_branch_labels.py
[2025-08-19T08:53:48.222+0000] {processor.py:840} INFO - DAG(s) 'example_branch_labels' retrieved from /home/airflow/.local/lib/python3.12/site-packages/airflow/example_dags/example_branch_labels.py
[2025-08-19T08:53:48.248+0000] {logging_mixin.py:188} INFO - [2025-08-19T08:53:48.248+0000] {dag.py:3096} INFO - Sync 1 DAGs
[2025-08-19T08:53:48.271+0000] {logging_mixin.py:188} INFO - [2025-08-19T08:53:48.271+0000] {dag.py:3954} INFO - Setting next_dagrun for example_branch_labels to 2025-08-18 00:00:00+00:00, run_after=2025-08-19 00:00:00+00:00
[2025-08-19T08:53:48.291+0000] {processor.py:183} INFO - Processing /home/airflow/.local/lib/python3.12/site-packages/airflow/example_dags/example_branch_labels.py took 0.090 seconds
[2025-08-19T08:54:18.519+0000] {processor.py:161} INFO - Started process (PID=619) to work on /home/airflow/.local/lib/python3.12/site-packages/airflow/example_dags/example_branch_labels.py
[2025-08-19T08:54:18.520+0000] {processor.py:830} INFO - Processing file /home/airflow/.local/lib/python3.12/site-packages/airflow/example_dags/example_branch_labels.py for tasks to queue
[2025-08-19T08:54:18.524+0000] {logging_mixin.py:188} INFO - [2025-08-19T08:54:18.523+0000] {dagbag.py:540} INFO - Filling up the DagBag from /home/airflow/.local/lib/python3.12/site-packages/airflow/example_dags/example_branch_labels.py
[2025-08-19T08:54:18.533+0000] {processor.py:840} INFO - DAG(s) 'example_branch_labels' retrieved from /home/airflow/.local/lib/python3.12/site-packages/airflow/example_dags/example_branch_labels.py
[2025-08-19T08:54:18.562+0000] {logging_mixin.py:188} INFO - [2025-08-19T08:54:18.562+0000] {dag.py:3096} INFO - Sync 1 DAGs
[2025-08-19T08:54:18.589+0000] {logging_mixin.py:188} INFO - [2025-08-19T08:54:18.589+0000] {dag.py:3954} INFO - Setting next_dagrun for example_branch_labels to 2025-08-18 00:00:00+00:00, run_after=2025-08-19 00:00:00+00:00
[2025-08-19T08:54:18.607+0000] {processor.py:183} INFO - Processing /home/airflow/.local/lib/python3.12/site-packages/airflow/example_dags/example_branch_labels.py took 0.096 seconds
[2025-08-19T08:54:49.060+0000] {processor.py:161} INFO - Started process (PID=677) to work on /home/airflow/.local/lib/python3.12/site-packages/airflow/example_dags/example_branch_labels.py
[2025-08-19T08:54:49.061+0000] {processor.py:830} INFO - Processing file /home/airflow/.local/lib/python3.12/site-packages/airflow/example_dags/example_branch_labels.py for tasks to queue
[2025-08-19T08:54:49.064+0000] {logging_mixin.py:188} INFO - [2025-08-19T08:54:49.063+0000] {dagbag.py:540} INFO - Filling up the DagBag from /home/airflow/.local/lib/python3.12/site-packages/airflow/example_dags/example_branch_labels.py
[2025-08-19T08:54:49.073+0000] {processor.py:840} INFO - DAG(s) 'example_branch_labels' retrieved from /home/airflow/.local/lib/python3.12/site-packages/airflow/example_dags/example_branch_labels.py
[2025-08-19T08:54:49.098+0000] {logging_mixin.py:188} INFO - [2025-08-19T08:54:49.098+0000] {dag.py:3096} INFO - Sync 1 DAGs
[2025-08-19T08:54:49.123+0000] {logging_mixin.py:188} INFO - [2025-08-19T08:54:49.123+0000] {dag.py:3954} INFO - Setting next_dagrun for example_branch_labels to 2025-08-18 00:00:00+00:00, run_after=2025-08-19 00:00:00+00:00
[2025-08-19T08:54:49.142+0000] {processor.py:183} INFO - Processing /home/airflow/.local/lib/python3.12/site-packages/airflow/example_dags/example_branch_labels.py took 0.090 seconds
[2025-08-19T08:55:19.756+0000] {processor.py:161} INFO - Started process (PID=735) to work on /home/airflow/.local/lib/python3.12/site-packages/airflow/example_dags/example_branch_labels.py
[2025-08-19T08:55:19.758+0000] {processor.py:830} INFO - Processing file /home/airflow/.local/lib/python3.12/site-packages/airflow/example_dags/example_branch_labels.py for tasks to queue
[2025-08-19T08:55:19.760+0000] {logging_mixin.py:188} INFO - [2025-08-19T08:55:19.760+0000] {dagbag.py:540} INFO - Filling up the DagBag from /home/airflow/.local/lib/python3.12/site-packages/airflow/example_dags/example_branch_labels.py
[2025-08-19T08:55:19.770+0000] {processor.py:840} INFO - DAG(s) 'example_branch_labels' retrieved from /home/airflow/.local/lib/python3.12/site-packages/airflow/example_dags/example_branch_labels.py
[2025-08-19T08:55:19.796+0000] {logging_mixin.py:188} INFO - [2025-08-19T08:55:19.796+0000] {dag.py:3096} INFO - Sync 1 DAGs
[2025-08-19T08:55:19.822+0000] {logging_mixin.py:188} INFO - [2025-08-19T08:55:19.822+0000] {dag.py:3954} INFO - Setting next_dagrun for example_branch_labels to 2025-08-18 00:00:00+00:00, run_after=2025-08-19 00:00:00+00:00
[2025-08-19T08:55:19.842+0000] {processor.py:183} INFO - Processing /home/airflow/.local/lib/python3.12/site-packages/airflow/example_dags/example_branch_labels.py took 0.093 seconds
[2025-08-19T08:55:50.526+0000] {processor.py:161} INFO - Started process (PID=793) to work on /home/airflow/.local/lib/python3.12/site-packages/airflow/example_dags/example_branch_labels.py
[2025-08-19T08:55:50.527+0000] {processor.py:830} INFO - Processing file /home/airflow/.local/lib/python3.12/site-packages/airflow/example_dags/example_branch_labels.py for tasks to queue
[2025-08-19T08:55:50.529+0000] {logging_mixin.py:188} INFO - [2025-08-19T08:55:50.529+0000] {dagbag.py:540} INFO - Filling up the DagBag from /home/airflow/.local/lib/python3.12/site-packages/airflow/example_dags/example_branch_labels.py
[2025-08-19T08:55:50.538+0000] {processor.py:840} INFO - DAG(s) 'example_branch_labels' retrieved from /home/airflow/.local/lib/python3.12/site-packages/airflow/example_dags/example_branch_labels.py
[2025-08-19T08:55:50.565+0000] {logging_mixin.py:188} INFO - [2025-08-19T08:55:50.564+0000] {dag.py:3096} INFO - Sync 1 DAGs
[2025-08-19T08:55:50.591+0000] {logging_mixin.py:188} INFO - [2025-08-19T08:55:50.590+0000] {dag.py:3954} INFO - Setting next_dagrun for example_branch_labels to 2025-08-18 00:00:00+00:00, run_after=2025-08-19 00:00:00+00:00
[2025-08-19T08:55:50.610+0000] {processor.py:183} INFO - Processing /home/airflow/.local/lib/python3.12/site-packages/airflow/example_dags/example_branch_labels.py took 0.092 seconds
[2025-08-19T08:56:21.114+0000] {processor.py:161} INFO - Started process (PID=851) to work on /home/airflow/.local/lib/python3.12/site-packages/airflow/example_dags/example_branch_labels.py
[2025-08-19T08:56:21.115+0000] {processor.py:830} INFO - Processing file /home/airflow/.local/lib/python3.12/site-packages/airflow/example_dags/example_branch_labels.py for tasks to queue
[2025-08-19T08:56:21.117+0000] {logging_mixin.py:188} INFO - [2025-08-19T08:56:21.117+0000] {dagbag.py:540} INFO - Filling up the DagBag from /home/airflow/.local/lib/python3.12/site-packages/airflow/example_dags/example_branch_labels.py
[2025-08-19T08:56:21.127+0000] {processor.py:840} INFO - DAG(s) 'example_branch_labels' retrieved from /home/airflow/.local/lib/python3.12/site-packages/airflow/example_dags/example_branch_labels.py
[2025-08-19T08:56:21.153+0000] {logging_mixin.py:188} INFO - [2025-08-19T08:56:21.152+0000] {dag.py:3096} INFO - Sync 1 DAGs
[2025-08-19T08:56:21.177+0000] {logging_mixin.py:188} INFO - [2025-08-19T08:56:21.177+0000] {dag.py:3954} INFO - Setting next_dagrun for example_branch_labels to 2025-08-18 00:00:00+00:00, run_after=2025-08-19 00:00:00+00:00
[2025-08-19T08:56:21.196+0000] {processor.py:183} INFO - Processing /home/airflow/.local/lib/python3.12/site-packages/airflow/example_dags/example_branch_labels.py took 0.091 seconds
[2025-08-19T08:56:51.793+0000] {processor.py:161} INFO - Started process (PID=909) to work on /home/airflow/.local/lib/python3.12/site-packages/airflow/example_dags/example_branch_labels.py
[2025-08-19T08:56:51.794+0000] {processor.py:830} INFO - Processing file /home/airflow/.local/lib/python3.12/site-packages/airflow/example_dags/example_branch_labels.py for tasks to queue
[2025-08-19T08:56:51.796+0000] {logging_mixin.py:188} INFO - [2025-08-19T08:56:51.796+0000] {dagbag.py:540} INFO - Filling up the DagBag from /home/airflow/.local/lib/python3.12/site-packages/airflow/example_dags/example_branch_labels.py
[2025-08-19T08:56:51.806+0000] {processor.py:840} INFO - DAG(s) 'example_branch_labels' retrieved from /home/airflow/.local/lib/python3.12/site-packages/airflow/example_dags/example_branch_labels.py
[2025-08-19T08:56:51.832+0000] {logging_mixin.py:188} INFO - [2025-08-19T08:56:51.831+0000] {dag.py:3096} INFO - Sync 1 DAGs
[2025-08-19T08:56:51.855+0000] {logging_mixin.py:188} INFO - [2025-08-19T08:56:51.855+0000] {dag.py:3954} INFO - Setting next_dagrun for example_branch_labels to 2025-08-18 00:00:00+00:00, run_after=2025-08-19 00:00:00+00:00
[2025-08-19T08:56:51.873+0000] {processor.py:183} INFO - Processing /home/airflow/.local/lib/python3.12/site-packages/airflow/example_dags/example_branch_labels.py took 0.088 seconds
[2025-08-19T08:57:22.259+0000] {processor.py:161} INFO - Started process (PID=968) to work on /home/airflow/.local/lib/python3.12/site-packages/airflow/example_dags/example_branch_labels.py
[2025-08-19T08:57:22.260+0000] {processor.py:830} INFO - Processing file /home/airflow/.local/lib/python3.12/site-packages/airflow/example_dags/example_branch_labels.py for tasks to queue
[2025-08-19T08:57:22.262+0000] {logging_mixin.py:188} INFO - [2025-08-19T08:57:22.262+0000] {dagbag.py:540} INFO - Filling up the DagBag from /home/airflow/.local/lib/python3.12/site-packages/airflow/example_dags/example_branch_labels.py
[2025-08-19T08:57:22.272+0000] {processor.py:840} INFO - DAG(s) 'example_branch_labels' retrieved from /home/airflow/.local/lib/python3.12/site-packages/airflow/example_dags/example_branch_labels.py
[2025-08-19T08:57:22.302+0000] {logging_mixin.py:188} INFO - [2025-08-19T08:57:22.301+0000] {dag.py:3096} INFO - Sync 1 DAGs
[2025-08-19T08:57:22.474+0000] {logging_mixin.py:188} INFO - [2025-08-19T08:57:22.474+0000] {dag.py:3954} INFO - Setting next_dagrun for example_branch_labels to 2025-08-18 00:00:00+00:00, run_after=2025-08-19 00:00:00+00:00
[2025-08-19T08:57:22.493+0000] {processor.py:183} INFO - Processing /home/airflow/.local/lib/python3.12/site-packages/airflow/example_dags/example_branch_labels.py took 0.242 seconds
[2025-08-19T08:57:53.067+0000] {processor.py:161} INFO - Started process (PID=1026) to work on /home/airflow/.local/lib/python3.12/site-packages/airflow/example_dags/example_branch_labels.py
[2025-08-19T08:57:53.068+0000] {processor.py:830} INFO - Processing file /home/airflow/.local/lib/python3.12/site-packages/airflow/example_dags/example_branch_labels.py for tasks to queue
[2025-08-19T08:57:53.071+0000] {logging_mixin.py:188} INFO - [2025-08-19T08:57:53.071+0000] {dagbag.py:540} INFO - Filling up the DagBag from /home/airflow/.local/lib/python3.12/site-packages/airflow/example_dags/example_branch_labels.py
[2025-08-19T08:57:53.082+0000] {processor.py:840} INFO - DAG(s) 'example_branch_labels' retrieved from /home/airflow/.local/lib/python3.12/site-packages/airflow/example_dags/example_branch_labels.py
[2025-08-19T08:57:53.108+0000] {logging_mixin.py:188} INFO - [2025-08-19T08:57:53.108+0000] {dag.py:3096} INFO - Sync 1 DAGs
[2025-08-19T08:57:53.134+0000] {logging_mixin.py:188} INFO - [2025-08-19T08:57:53.134+0000] {dag.py:3954} INFO - Setting next_dagrun for example_branch_labels to 2025-08-18 00:00:00+00:00, run_after=2025-08-19 00:00:00+00:00
[2025-08-19T08:57:53.336+0000] {processor.py:183} INFO - Processing /home/airflow/.local/lib/python3.12/site-packages/airflow/example_dags/example_branch_labels.py took 0.278 seconds
[2025-08-19T08:58:24.327+0000] {processor.py:161} INFO - Started process (PID=1084) to work on /home/airflow/.local/lib/python3.12/site-packages/airflow/example_dags/example_branch_labels.py
[2025-08-19T08:58:24.328+0000] {processor.py:830} INFO - Processing file /home/airflow/.local/lib/python3.12/site-packages/airflow/example_dags/example_branch_labels.py for tasks to queue
[2025-08-19T08:58:24.331+0000] {logging_mixin.py:188} INFO - [2025-08-19T08:58:24.330+0000] {dagbag.py:540} INFO - Filling up the DagBag from /home/airflow/.local/lib/python3.12/site-packages/airflow/example_dags/example_branch_labels.py
[2025-08-19T08:58:24.341+0000] {processor.py:840} INFO - DAG(s) 'example_branch_labels' retrieved from /home/airflow/.local/lib/python3.12/site-packages/airflow/example_dags/example_branch_labels.py
[2025-08-19T08:58:24.367+0000] {logging_mixin.py:188} INFO - [2025-08-19T08:58:24.367+0000] {dag.py:3096} INFO - Sync 1 DAGs
[2025-08-19T08:58:24.392+0000] {logging_mixin.py:188} INFO - [2025-08-19T08:58:24.392+0000] {dag.py:3954} INFO - Setting next_dagrun for example_branch_labels to 2025-08-18 00:00:00+00:00, run_after=2025-08-19 00:00:00+00:00
[2025-08-19T08:58:24.412+0000] {processor.py:183} INFO - Processing /home/airflow/.local/lib/python3.12/site-packages/airflow/example_dags/example_branch_labels.py took 0.092 seconds
[2025-08-19T08:58:54.664+0000] {processor.py:161} INFO - Started process (PID=1142) to work on /home/airflow/.local/lib/python3.12/site-packages/airflow/example_dags/example_branch_labels.py
[2025-08-19T08:58:54.665+0000] {processor.py:830} INFO - Processing file /home/airflow/.local/lib/python3.12/site-packages/airflow/example_dags/example_branch_labels.py for tasks to queue
[2025-08-19T08:58:54.667+0000] {logging_mixin.py:188} INFO - [2025-08-19T08:58:54.667+0000] {dagbag.py:540} INFO - Filling up the DagBag from /home/airflow/.local/lib/python3.12/site-packages/airflow/example_dags/example_branch_labels.py
[2025-08-19T08:58:54.677+0000] {processor.py:840} INFO - DAG(s) 'example_branch_labels' retrieved from /home/airflow/.local/lib/python3.12/site-packages/airflow/example_dags/example_branch_labels.py
[2025-08-19T08:58:54.703+0000] {logging_mixin.py:188} INFO - [2025-08-19T08:58:54.703+0000] {dag.py:3096} INFO - Sync 1 DAGs
[2025-08-19T08:58:54.730+0000] {logging_mixin.py:188} INFO - [2025-08-19T08:58:54.730+0000] {dag.py:3954} INFO - Setting next_dagrun for example_branch_labels to 2025-08-18 00:00:00+00:00, run_after=2025-08-19 00:00:00+00:00
[2025-08-19T08:58:54.814+0000] {processor.py:183} INFO - Processing /home/airflow/.local/lib/python3.12/site-packages/airflow/example_dags/example_branch_labels.py took 0.158 seconds
[2025-08-19T08:59:25.102+0000] {processor.py:161} INFO - Started process (PID=1200) to work on /home/airflow/.local/lib/python3.12/site-packages/airflow/example_dags/example_branch_labels.py
[2025-08-19T08:59:25.103+0000] {processor.py:830} INFO - Processing file /home/airflow/.local/lib/python3.12/site-packages/airflow/example_dags/example_branch_labels.py for tasks to queue
[2025-08-19T08:59:25.106+0000] {logging_mixin.py:188} INFO - [2025-08-19T08:59:25.105+0000] {dagbag.py:540} INFO - Filling up the DagBag from /home/airflow/.local/lib/python3.12/site-packages/airflow/example_dags/example_branch_labels.py
[2025-08-19T08:59:25.116+0000] {processor.py:840} INFO - DAG(s) 'example_branch_labels' retrieved from /home/airflow/.local/lib/python3.12/site-packages/airflow/example_dags/example_branch_labels.py
[2025-08-19T08:59:25.146+0000] {logging_mixin.py:188} INFO - [2025-08-19T08:59:25.145+0000] {dag.py:3096} INFO - Sync 1 DAGs
[2025-08-19T08:59:25.173+0000] {logging_mixin.py:188} INFO - [2025-08-19T08:59:25.172+0000] {dag.py:3954} INFO - Setting next_dagrun for example_branch_labels to 2025-08-18 00:00:00+00:00, run_after=2025-08-19 00:00:00+00:00
[2025-08-19T08:59:25.193+0000] {processor.py:183} INFO - Processing /home/airflow/.local/lib/python3.12/site-packages/airflow/example_dags/example_branch_labels.py took 0.099 seconds
[2025-08-19T08:59:55.484+0000] {processor.py:161} INFO - Started process (PID=1258) to work on /home/airflow/.local/lib/python3.12/site-packages/airflow/example_dags/example_branch_labels.py
[2025-08-19T08:59:55.485+0000] {processor.py:830} INFO - Processing file /home/airflow/.local/lib/python3.12/site-packages/airflow/example_dags/example_branch_labels.py for tasks to queue
[2025-08-19T08:59:55.488+0000] {logging_mixin.py:188} INFO - [2025-08-19T08:59:55.487+0000] {dagbag.py:540} INFO - Filling up the DagBag from /home/airflow/.local/lib/python3.12/site-packages/airflow/example_dags/example_branch_labels.py
[2025-08-19T08:59:55.497+0000] {processor.py:840} INFO - DAG(s) 'example_branch_labels' retrieved from /home/airflow/.local/lib/python3.12/site-packages/airflow/example_dags/example_branch_labels.py
[2025-08-19T08:59:55.523+0000] {logging_mixin.py:188} INFO - [2025-08-19T08:59:55.522+0000] {dag.py:3096} INFO - Sync 1 DAGs
[2025-08-19T08:59:55.547+0000] {logging_mixin.py:188} INFO - [2025-08-19T08:59:55.547+0000] {dag.py:3954} INFO - Setting next_dagrun for example_branch_labels to 2025-08-18 00:00:00+00:00, run_after=2025-08-19 00:00:00+00:00
[2025-08-19T08:59:55.566+0000] {processor.py:183} INFO - Processing /home/airflow/.local/lib/python3.12/site-packages/airflow/example_dags/example_branch_labels.py took 0.089 seconds
[2025-08-19T09:00:25.748+0000] {processor.py:161} INFO - Started process (PID=1316) to work on /home/airflow/.local/lib/python3.12/site-packages/airflow/example_dags/example_branch_labels.py
[2025-08-19T09:00:25.749+0000] {processor.py:830} INFO - Processing file /home/airflow/.local/lib/python3.12/site-packages/airflow/example_dags/example_branch_labels.py for tasks to queue
[2025-08-19T09:00:25.752+0000] {logging_mixin.py:188} INFO - [2025-08-19T09:00:25.751+0000] {dagbag.py:540} INFO - Filling up the DagBag from /home/airflow/.local/lib/python3.12/site-packages/airflow/example_dags/example_branch_labels.py
[2025-08-19T09:00:25.762+0000] {processor.py:840} INFO - DAG(s) 'example_branch_labels' retrieved from /home/airflow/.local/lib/python3.12/site-packages/airflow/example_dags/example_branch_labels.py
[2025-08-19T09:00:25.790+0000] {logging_mixin.py:188} INFO - [2025-08-19T09:00:25.790+0000] {dag.py:3096} INFO - Sync 1 DAGs
[2025-08-19T09:00:25.819+0000] {logging_mixin.py:188} INFO - [2025-08-19T09:00:25.819+0000] {dag.py:3954} INFO - Setting next_dagrun for example_branch_labels to 2025-08-18 00:00:00+00:00, run_after=2025-08-19 00:00:00+00:00
[2025-08-19T09:00:25.843+0000] {processor.py:183} INFO - Processing /home/airflow/.local/lib/python3.12/site-packages/airflow/example_dags/example_branch_labels.py took 0.102 seconds
[2025-08-19T09:00:56.145+0000] {processor.py:161} INFO - Started process (PID=1374) to work on /home/airflow/.local/lib/python3.12/site-packages/airflow/example_dags/example_branch_labels.py
[2025-08-19T09:00:56.146+0000] {processor.py:830} INFO - Processing file /home/airflow/.local/lib/python3.12/site-packages/airflow/example_dags/example_branch_labels.py for tasks to queue
[2025-08-19T09:00:56.148+0000] {logging_mixin.py:188} INFO - [2025-08-19T09:00:56.148+0000] {dagbag.py:540} INFO - Filling up the DagBag from /home/airflow/.local/lib/python3.12/site-packages/airflow/example_dags/example_branch_labels.py
[2025-08-19T09:00:56.158+0000] {processor.py:840} INFO - DAG(s) 'example_branch_labels' retrieved from /home/airflow/.local/lib/python3.12/site-packages/airflow/example_dags/example_branch_labels.py
[2025-08-19T09:00:56.184+0000] {logging_mixin.py:188} INFO - [2025-08-19T09:00:56.184+0000] {dag.py:3096} INFO - Sync 1 DAGs
[2025-08-19T09:00:56.209+0000] {logging_mixin.py:188} INFO - [2025-08-19T09:00:56.209+0000] {dag.py:3954} INFO - Setting next_dagrun for example_branch_labels to 2025-08-18 00:00:00+00:00, run_after=2025-08-19 00:00:00+00:00
[2025-08-19T09:00:56.229+0000] {processor.py:183} INFO - Processing /home/airflow/.local/lib/python3.12/site-packages/airflow/example_dags/example_branch_labels.py took 0.091 seconds
[2025-08-19T09:01:26.348+0000] {processor.py:161} INFO - Started process (PID=1432) to work on /home/airflow/.local/lib/python3.12/site-packages/airflow/example_dags/example_branch_labels.py
[2025-08-19T09:01:26.349+0000] {processor.py:830} INFO - Processing file /home/airflow/.local/lib/python3.12/site-packages/airflow/example_dags/example_branch_labels.py for tasks to queue
[2025-08-19T09:01:26.351+0000] {logging_mixin.py:188} INFO - [2025-08-19T09:01:26.351+0000] {dagbag.py:540} INFO - Filling up the DagBag from /home/airflow/.local/lib/python3.12/site-packages/airflow/example_dags/example_branch_labels.py
[2025-08-19T09:01:26.362+0000] {processor.py:840} INFO - DAG(s) 'example_branch_labels' retrieved from /home/airflow/.local/lib/python3.12/site-packages/airflow/example_dags/example_branch_labels.py
[2025-08-19T09:01:26.388+0000] {logging_mixin.py:188} INFO - [2025-08-19T09:01:26.388+0000] {dag.py:3096} INFO - Sync 1 DAGs
[2025-08-19T09:01:26.414+0000] {logging_mixin.py:188} INFO - [2025-08-19T09:01:26.414+0000] {dag.py:3954} INFO - Setting next_dagrun for example_branch_labels to 2025-08-18 00:00:00+00:00, run_after=2025-08-19 00:00:00+00:00
[2025-08-19T09:01:26.436+0000] {processor.py:183} INFO - Processing /home/airflow/.local/lib/python3.12/site-packages/airflow/example_dags/example_branch_labels.py took 0.096 seconds
[2025-08-19T09:01:56.763+0000] {processor.py:161} INFO - Started process (PID=1490) to work on /home/airflow/.local/lib/python3.12/site-packages/airflow/example_dags/example_branch_labels.py
[2025-08-19T09:01:56.765+0000] {processor.py:830} INFO - Processing file /home/airflow/.local/lib/python3.12/site-packages/airflow/example_dags/example_branch_labels.py for tasks to queue
[2025-08-19T09:01:56.767+0000] {logging_mixin.py:188} INFO - [2025-08-19T09:01:56.767+0000] {dagbag.py:540} INFO - Filling up the DagBag from /home/airflow/.local/lib/python3.12/site-packages/airflow/example_dags/example_branch_labels.py
[2025-08-19T09:01:56.778+0000] {processor.py:840} INFO - DAG(s) 'example_branch_labels' retrieved from /home/airflow/.local/lib/python3.12/site-packages/airflow/example_dags/example_branch_labels.py
[2025-08-19T09:01:56.805+0000] {logging_mixin.py:188} INFO - [2025-08-19T09:01:56.805+0000] {dag.py:3096} INFO - Sync 1 DAGs
[2025-08-19T09:01:56.832+0000] {logging_mixin.py:188} INFO - [2025-08-19T09:01:56.832+0000] {dag.py:3954} INFO - Setting next_dagrun for example_branch_labels to 2025-08-18 00:00:00+00:00, run_after=2025-08-19 00:00:00+00:00
[2025-08-19T09:01:56.854+0000] {processor.py:183} INFO - Processing /home/airflow/.local/lib/python3.12/site-packages/airflow/example_dags/example_branch_labels.py took 0.098 seconds
[2025-08-19T09:02:27.091+0000] {processor.py:161} INFO - Started process (PID=1548) to work on /home/airflow/.local/lib/python3.12/site-packages/airflow/example_dags/example_branch_labels.py
[2025-08-19T09:02:27.092+0000] {processor.py:830} INFO - Processing file /home/airflow/.local/lib/python3.12/site-packages/airflow/example_dags/example_branch_labels.py for tasks to queue
[2025-08-19T09:02:27.094+0000] {logging_mixin.py:188} INFO - [2025-08-19T09:02:27.094+0000] {dagbag.py:540} INFO - Filling up the DagBag from /home/airflow/.local/lib/python3.12/site-packages/airflow/example_dags/example_branch_labels.py
[2025-08-19T09:02:27.107+0000] {processor.py:840} INFO - DAG(s) 'example_branch_labels' retrieved from /home/airflow/.local/lib/python3.12/site-packages/airflow/example_dags/example_branch_labels.py
[2025-08-19T09:02:27.135+0000] {logging_mixin.py:188} INFO - [2025-08-19T09:02:27.135+0000] {dag.py:3096} INFO - Sync 1 DAGs
[2025-08-19T09:02:27.162+0000] {logging_mixin.py:188} INFO - [2025-08-19T09:02:27.161+0000] {dag.py:3954} INFO - Setting next_dagrun for example_branch_labels to 2025-08-18 00:00:00+00:00, run_after=2025-08-19 00:00:00+00:00
[2025-08-19T09:02:27.181+0000] {processor.py:183} INFO - Processing /home/airflow/.local/lib/python3.12/site-packages/airflow/example_dags/example_branch_labels.py took 0.099 seconds
[2025-08-19T09:02:57.337+0000] {processor.py:161} INFO - Started process (PID=1606) to work on /home/airflow/.local/lib/python3.12/site-packages/airflow/example_dags/example_branch_labels.py
[2025-08-19T09:02:57.338+0000] {processor.py:830} INFO - Processing file /home/airflow/.local/lib/python3.12/site-packages/airflow/example_dags/example_branch_labels.py for tasks to queue
[2025-08-19T09:02:57.340+0000] {logging_mixin.py:188} INFO - [2025-08-19T09:02:57.340+0000] {dagbag.py:540} INFO - Filling up the DagBag from /home/airflow/.local/lib/python3.12/site-packages/airflow/example_dags/example_branch_labels.py
[2025-08-19T09:02:57.350+0000] {processor.py:840} INFO - DAG(s) 'example_branch_labels' retrieved from /home/airflow/.local/lib/python3.12/site-packages/airflow/example_dags/example_branch_labels.py
[2025-08-19T09:02:57.377+0000] {logging_mixin.py:188} INFO - [2025-08-19T09:02:57.377+0000] {dag.py:3096} INFO - Sync 1 DAGs
[2025-08-19T09:02:57.402+0000] {logging_mixin.py:188} INFO - [2025-08-19T09:02:57.402+0000] {dag.py:3954} INFO - Setting next_dagrun for example_branch_labels to 2025-08-18 00:00:00+00:00, run_after=2025-08-19 00:00:00+00:00
[2025-08-19T09:02:57.420+0000] {processor.py:183} INFO - Processing /home/airflow/.local/lib/python3.12/site-packages/airflow/example_dags/example_branch_labels.py took 0.092 seconds
[2025-08-19T09:03:27.640+0000] {processor.py:161} INFO - Started process (PID=1664) to work on /home/airflow/.local/lib/python3.12/site-packages/airflow/example_dags/example_branch_labels.py
[2025-08-19T09:03:27.641+0000] {processor.py:830} INFO - Processing file /home/airflow/.local/lib/python3.12/site-packages/airflow/example_dags/example_branch_labels.py for tasks to queue
[2025-08-19T09:03:27.643+0000] {logging_mixin.py:188} INFO - [2025-08-19T09:03:27.643+0000] {dagbag.py:540} INFO - Filling up the DagBag from /home/airflow/.local/lib/python3.12/site-packages/airflow/example_dags/example_branch_labels.py
[2025-08-19T09:03:27.653+0000] {processor.py:840} INFO - DAG(s) 'example_branch_labels' retrieved from /home/airflow/.local/lib/python3.12/site-packages/airflow/example_dags/example_branch_labels.py
[2025-08-19T09:03:27.682+0000] {logging_mixin.py:188} INFO - [2025-08-19T09:03:27.682+0000] {dag.py:3096} INFO - Sync 1 DAGs
[2025-08-19T09:03:27.705+0000] {logging_mixin.py:188} INFO - [2025-08-19T09:03:27.705+0000] {dag.py:3954} INFO - Setting next_dagrun for example_branch_labels to 2025-08-18 00:00:00+00:00, run_after=2025-08-19 00:00:00+00:00
[2025-08-19T09:03:27.724+0000] {processor.py:183} INFO - Processing /home/airflow/.local/lib/python3.12/site-packages/airflow/example_dags/example_branch_labels.py took 0.092 seconds
[2025-08-19T09:03:57.911+0000] {processor.py:161} INFO - Started process (PID=1722) to work on /home/airflow/.local/lib/python3.12/site-packages/airflow/example_dags/example_branch_labels.py
[2025-08-19T09:03:57.912+0000] {processor.py:830} INFO - Processing file /home/airflow/.local/lib/python3.12/site-packages/airflow/example_dags/example_branch_labels.py for tasks to queue
[2025-08-19T09:03:57.914+0000] {logging_mixin.py:188} INFO - [2025-08-19T09:03:57.914+0000] {dagbag.py:540} INFO - Filling up the DagBag from /home/airflow/.local/lib/python3.12/site-packages/airflow/example_dags/example_branch_labels.py
[2025-08-19T09:03:57.924+0000] {processor.py:840} INFO - DAG(s) 'example_branch_labels' retrieved from /home/airflow/.local/lib/python3.12/site-packages/airflow/example_dags/example_branch_labels.py
[2025-08-19T09:03:57.951+0000] {logging_mixin.py:188} INFO - [2025-08-19T09:03:57.950+0000] {dag.py:3096} INFO - Sync 1 DAGs
[2025-08-19T09:03:57.976+0000] {logging_mixin.py:188} INFO - [2025-08-19T09:03:57.976+0000] {dag.py:3954} INFO - Setting next_dagrun for example_branch_labels to 2025-08-18 00:00:00+00:00, run_after=2025-08-19 00:00:00+00:00
[2025-08-19T09:03:57.996+0000] {processor.py:183} INFO - Processing /home/airflow/.local/lib/python3.12/site-packages/airflow/example_dags/example_branch_labels.py took 0.093 seconds
[2025-08-19T09:04:28.272+0000] {processor.py:161} INFO - Started process (PID=1780) to work on /home/airflow/.local/lib/python3.12/site-packages/airflow/example_dags/example_branch_labels.py
[2025-08-19T09:04:28.273+0000] {processor.py:830} INFO - Processing file /home/airflow/.local/lib/python3.12/site-packages/airflow/example_dags/example_branch_labels.py for tasks to queue
[2025-08-19T09:04:28.275+0000] {logging_mixin.py:188} INFO - [2025-08-19T09:04:28.275+0000] {dagbag.py:540} INFO - Filling up the DagBag from /home/airflow/.local/lib/python3.12/site-packages/airflow/example_dags/example_branch_labels.py
[2025-08-19T09:04:28.285+0000] {processor.py:840} INFO - DAG(s) 'example_branch_labels' retrieved from /home/airflow/.local/lib/python3.12/site-packages/airflow/example_dags/example_branch_labels.py
[2025-08-19T09:04:28.311+0000] {logging_mixin.py:188} INFO - [2025-08-19T09:04:28.311+0000] {dag.py:3096} INFO - Sync 1 DAGs
[2025-08-19T09:04:28.338+0000] {logging_mixin.py:188} INFO - [2025-08-19T09:04:28.338+0000] {dag.py:3954} INFO - Setting next_dagrun for example_branch_labels to 2025-08-18 00:00:00+00:00, run_after=2025-08-19 00:00:00+00:00
[2025-08-19T09:04:28.358+0000] {processor.py:183} INFO - Processing /home/airflow/.local/lib/python3.12/site-packages/airflow/example_dags/example_branch_labels.py took 0.093 seconds
[2025-08-19T09:04:58.541+0000] {processor.py:161} INFO - Started process (PID=1839) to work on /home/airflow/.local/lib/python3.12/site-packages/airflow/example_dags/example_branch_labels.py
[2025-08-19T09:04:58.542+0000] {processor.py:830} INFO - Processing file /home/airflow/.local/lib/python3.12/site-packages/airflow/example_dags/example_branch_labels.py for tasks to queue
[2025-08-19T09:04:58.544+0000] {logging_mixin.py:188} INFO - [2025-08-19T09:04:58.544+0000] {dagbag.py:540} INFO - Filling up the DagBag from /home/airflow/.local/lib/python3.12/site-packages/airflow/example_dags/example_branch_labels.py
[2025-08-19T09:04:58.554+0000] {processor.py:840} INFO - DAG(s) 'example_branch_labels' retrieved from /home/airflow/.local/lib/python3.12/site-packages/airflow/example_dags/example_branch_labels.py
[2025-08-19T09:04:58.580+0000] {logging_mixin.py:188} INFO - [2025-08-19T09:04:58.580+0000] {dag.py:3096} INFO - Sync 1 DAGs
[2025-08-19T09:04:58.605+0000] {logging_mixin.py:188} INFO - [2025-08-19T09:04:58.605+0000] {dag.py:3954} INFO - Setting next_dagrun for example_branch_labels to 2025-08-18 00:00:00+00:00, run_after=2025-08-19 00:00:00+00:00
[2025-08-19T09:04:58.626+0000] {processor.py:183} INFO - Processing /home/airflow/.local/lib/python3.12/site-packages/airflow/example_dags/example_branch_labels.py took 0.093 seconds
[2025-08-19T09:05:28.778+0000] {processor.py:161} INFO - Started process (PID=1898) to work on /home/airflow/.local/lib/python3.12/site-packages/airflow/example_dags/example_branch_labels.py
[2025-08-19T09:05:28.780+0000] {processor.py:830} INFO - Processing file /home/airflow/.local/lib/python3.12/site-packages/airflow/example_dags/example_branch_labels.py for tasks to queue
[2025-08-19T09:05:28.783+0000] {logging_mixin.py:188} INFO - [2025-08-19T09:05:28.782+0000] {dagbag.py:540} INFO - Filling up the DagBag from /home/airflow/.local/lib/python3.12/site-packages/airflow/example_dags/example_branch_labels.py
[2025-08-19T09:05:28.795+0000] {processor.py:840} INFO - DAG(s) 'example_branch_labels' retrieved from /home/airflow/.local/lib/python3.12/site-packages/airflow/example_dags/example_branch_labels.py
[2025-08-19T09:05:28.825+0000] {logging_mixin.py:188} INFO - [2025-08-19T09:05:28.825+0000] {dag.py:3096} INFO - Sync 1 DAGs
[2025-08-19T09:05:28.856+0000] {logging_mixin.py:188} INFO - [2025-08-19T09:05:28.855+0000] {dag.py:3954} INFO - Setting next_dagrun for example_branch_labels to 2025-08-18 00:00:00+00:00, run_after=2025-08-19 00:00:00+00:00
[2025-08-19T09:05:28.876+0000] {processor.py:183} INFO - Processing /home/airflow/.local/lib/python3.12/site-packages/airflow/example_dags/example_branch_labels.py took 0.108 seconds
[2025-08-19T09:05:59.065+0000] {processor.py:161} INFO - Started process (PID=1956) to work on /home/airflow/.local/lib/python3.12/site-packages/airflow/example_dags/example_branch_labels.py
[2025-08-19T09:05:59.066+0000] {processor.py:830} INFO - Processing file /home/airflow/.local/lib/python3.12/site-packages/airflow/example_dags/example_branch_labels.py for tasks to queue
[2025-08-19T09:05:59.068+0000] {logging_mixin.py:188} INFO - [2025-08-19T09:05:59.067+0000] {dagbag.py:540} INFO - Filling up the DagBag from /home/airflow/.local/lib/python3.12/site-packages/airflow/example_dags/example_branch_labels.py
[2025-08-19T09:05:59.077+0000] {processor.py:840} INFO - DAG(s) 'example_branch_labels' retrieved from /home/airflow/.local/lib/python3.12/site-packages/airflow/example_dags/example_branch_labels.py
[2025-08-19T09:05:59.102+0000] {logging_mixin.py:188} INFO - [2025-08-19T09:05:59.102+0000] {dag.py:3096} INFO - Sync 1 DAGs
[2025-08-19T09:05:59.126+0000] {logging_mixin.py:188} INFO - [2025-08-19T09:05:59.126+0000] {dag.py:3954} INFO - Setting next_dagrun for example_branch_labels to 2025-08-18 00:00:00+00:00, run_after=2025-08-19 00:00:00+00:00
[2025-08-19T09:05:59.145+0000] {processor.py:183} INFO - Processing /home/airflow/.local/lib/python3.12/site-packages/airflow/example_dags/example_branch_labels.py took 0.088 seconds
[2025-08-19T09:06:29.451+0000] {processor.py:161} INFO - Started process (PID=2014) to work on /home/airflow/.local/lib/python3.12/site-packages/airflow/example_dags/example_branch_labels.py
[2025-08-19T09:06:29.453+0000] {processor.py:830} INFO - Processing file /home/airflow/.local/lib/python3.12/site-packages/airflow/example_dags/example_branch_labels.py for tasks to queue
[2025-08-19T09:06:29.455+0000] {logging_mixin.py:188} INFO - [2025-08-19T09:06:29.454+0000] {dagbag.py:540} INFO - Filling up the DagBag from /home/airflow/.local/lib/python3.12/site-packages/airflow/example_dags/example_branch_labels.py
[2025-08-19T09:06:29.464+0000] {processor.py:840} INFO - DAG(s) 'example_branch_labels' retrieved from /home/airflow/.local/lib/python3.12/site-packages/airflow/example_dags/example_branch_labels.py
[2025-08-19T09:06:29.490+0000] {logging_mixin.py:188} INFO - [2025-08-19T09:06:29.490+0000] {dag.py:3096} INFO - Sync 1 DAGs
[2025-08-19T09:06:29.515+0000] {logging_mixin.py:188} INFO - [2025-08-19T09:06:29.514+0000] {dag.py:3954} INFO - Setting next_dagrun for example_branch_labels to 2025-08-18 00:00:00+00:00, run_after=2025-08-19 00:00:00+00:00
[2025-08-19T09:06:29.534+0000] {processor.py:183} INFO - Processing /home/airflow/.local/lib/python3.12/site-packages/airflow/example_dags/example_branch_labels.py took 0.090 seconds
[2025-08-19T09:06:59.660+0000] {processor.py:161} INFO - Started process (PID=2073) to work on /home/airflow/.local/lib/python3.12/site-packages/airflow/example_dags/example_branch_labels.py
[2025-08-19T09:06:59.661+0000] {processor.py:830} INFO - Processing file /home/airflow/.local/lib/python3.12/site-packages/airflow/example_dags/example_branch_labels.py for tasks to queue
[2025-08-19T09:06:59.664+0000] {logging_mixin.py:188} INFO - [2025-08-19T09:06:59.663+0000] {dagbag.py:540} INFO - Filling up the DagBag from /home/airflow/.local/lib/python3.12/site-packages/airflow/example_dags/example_branch_labels.py
[2025-08-19T09:06:59.673+0000] {processor.py:840} INFO - DAG(s) 'example_branch_labels' retrieved from /home/airflow/.local/lib/python3.12/site-packages/airflow/example_dags/example_branch_labels.py
[2025-08-19T09:06:59.698+0000] {logging_mixin.py:188} INFO - [2025-08-19T09:06:59.698+0000] {dag.py:3096} INFO - Sync 1 DAGs
[2025-08-19T09:06:59.722+0000] {logging_mixin.py:188} INFO - [2025-08-19T09:06:59.722+0000] {dag.py:3954} INFO - Setting next_dagrun for example_branch_labels to 2025-08-18 00:00:00+00:00, run_after=2025-08-19 00:00:00+00:00
[2025-08-19T09:06:59.740+0000] {processor.py:183} INFO - Processing /home/airflow/.local/lib/python3.12/site-packages/airflow/example_dags/example_branch_labels.py took 0.087 seconds
[2025-08-19T09:07:30.008+0000] {processor.py:161} INFO - Started process (PID=2131) to work on /home/airflow/.local/lib/python3.12/site-packages/airflow/example_dags/example_branch_labels.py
[2025-08-19T09:07:30.010+0000] {processor.py:830} INFO - Processing file /home/airflow/.local/lib/python3.12/site-packages/airflow/example_dags/example_branch_labels.py for tasks to queue
[2025-08-19T09:07:30.012+0000] {logging_mixin.py:188} INFO - [2025-08-19T09:07:30.012+0000] {dagbag.py:540} INFO - Filling up the DagBag from /home/airflow/.local/lib/python3.12/site-packages/airflow/example_dags/example_branch_labels.py
[2025-08-19T09:07:30.022+0000] {processor.py:840} INFO - DAG(s) 'example_branch_labels' retrieved from /home/airflow/.local/lib/python3.12/site-packages/airflow/example_dags/example_branch_labels.py
[2025-08-19T09:07:30.049+0000] {logging_mixin.py:188} INFO - [2025-08-19T09:07:30.049+0000] {dag.py:3096} INFO - Sync 1 DAGs
[2025-08-19T09:07:30.076+0000] {logging_mixin.py:188} INFO - [2025-08-19T09:07:30.075+0000] {dag.py:3954} INFO - Setting next_dagrun for example_branch_labels to 2025-08-18 00:00:00+00:00, run_after=2025-08-19 00:00:00+00:00
[2025-08-19T09:07:30.095+0000] {processor.py:183} INFO - Processing /home/airflow/.local/lib/python3.12/site-packages/airflow/example_dags/example_branch_labels.py took 0.095 seconds
[2025-08-19T09:08:00.386+0000] {processor.py:161} INFO - Started process (PID=2189) to work on /home/airflow/.local/lib/python3.12/site-packages/airflow/example_dags/example_branch_labels.py
[2025-08-19T09:08:00.387+0000] {processor.py:830} INFO - Processing file /home/airflow/.local/lib/python3.12/site-packages/airflow/example_dags/example_branch_labels.py for tasks to queue
[2025-08-19T09:08:00.389+0000] {logging_mixin.py:188} INFO - [2025-08-19T09:08:00.389+0000] {dagbag.py:540} INFO - Filling up the DagBag from /home/airflow/.local/lib/python3.12/site-packages/airflow/example_dags/example_branch_labels.py
[2025-08-19T09:08:00.398+0000] {processor.py:840} INFO - DAG(s) 'example_branch_labels' retrieved from /home/airflow/.local/lib/python3.12/site-packages/airflow/example_dags/example_branch_labels.py
[2025-08-19T09:08:00.424+0000] {logging_mixin.py:188} INFO - [2025-08-19T09:08:00.424+0000] {dag.py:3096} INFO - Sync 1 DAGs
[2025-08-19T09:08:00.448+0000] {logging_mixin.py:188} INFO - [2025-08-19T09:08:00.447+0000] {dag.py:3954} INFO - Setting next_dagrun for example_branch_labels to 2025-08-18 00:00:00+00:00, run_after=2025-08-19 00:00:00+00:00
[2025-08-19T09:08:00.467+0000] {processor.py:183} INFO - Processing /home/airflow/.local/lib/python3.12/site-packages/airflow/example_dags/example_branch_labels.py took 0.088 seconds
[2025-08-19T09:08:31.166+0000] {processor.py:161} INFO - Started process (PID=2247) to work on /home/airflow/.local/lib/python3.12/site-packages/airflow/example_dags/example_branch_labels.py
[2025-08-19T09:08:31.167+0000] {processor.py:830} INFO - Processing file /home/airflow/.local/lib/python3.12/site-packages/airflow/example_dags/example_branch_labels.py for tasks to queue
[2025-08-19T09:08:31.170+0000] {logging_mixin.py:188} INFO - [2025-08-19T09:08:31.169+0000] {dagbag.py:540} INFO - Filling up the DagBag from /home/airflow/.local/lib/python3.12/site-packages/airflow/example_dags/example_branch_labels.py
[2025-08-19T09:08:31.179+0000] {processor.py:840} INFO - DAG(s) 'example_branch_labels' retrieved from /home/airflow/.local/lib/python3.12/site-packages/airflow/example_dags/example_branch_labels.py
[2025-08-19T09:08:31.205+0000] {logging_mixin.py:188} INFO - [2025-08-19T09:08:31.205+0000] {dag.py:3096} INFO - Sync 1 DAGs
[2025-08-19T09:08:31.230+0000] {logging_mixin.py:188} INFO - [2025-08-19T09:08:31.230+0000] {dag.py:3954} INFO - Setting next_dagrun for example_branch_labels to 2025-08-18 00:00:00+00:00, run_after=2025-08-19 00:00:00+00:00
[2025-08-19T09:08:31.251+0000] {processor.py:183} INFO - Processing /home/airflow/.local/lib/python3.12/site-packages/airflow/example_dags/example_branch_labels.py took 0.093 seconds
[2025-08-19T09:09:01.493+0000] {processor.py:161} INFO - Started process (PID=2305) to work on /home/airflow/.local/lib/python3.12/site-packages/airflow/example_dags/example_branch_labels.py
[2025-08-19T09:09:01.494+0000] {processor.py:830} INFO - Processing file /home/airflow/.local/lib/python3.12/site-packages/airflow/example_dags/example_branch_labels.py for tasks to queue
[2025-08-19T09:09:01.496+0000] {logging_mixin.py:188} INFO - [2025-08-19T09:09:01.496+0000] {dagbag.py:540} INFO - Filling up the DagBag from /home/airflow/.local/lib/python3.12/site-packages/airflow/example_dags/example_branch_labels.py
[2025-08-19T09:09:01.505+0000] {processor.py:840} INFO - DAG(s) 'example_branch_labels' retrieved from /home/airflow/.local/lib/python3.12/site-packages/airflow/example_dags/example_branch_labels.py
[2025-08-19T09:09:01.531+0000] {logging_mixin.py:188} INFO - [2025-08-19T09:09:01.531+0000] {dag.py:3096} INFO - Sync 1 DAGs
[2025-08-19T09:09:01.560+0000] {logging_mixin.py:188} INFO - [2025-08-19T09:09:01.560+0000] {dag.py:3954} INFO - Setting next_dagrun for example_branch_labels to 2025-08-18 00:00:00+00:00, run_after=2025-08-19 00:00:00+00:00
[2025-08-19T09:09:01.579+0000] {processor.py:183} INFO - Processing /home/airflow/.local/lib/python3.12/site-packages/airflow/example_dags/example_branch_labels.py took 0.094 seconds
[2025-08-19T09:09:32.107+0000] {processor.py:161} INFO - Started process (PID=2363) to work on /home/airflow/.local/lib/python3.12/site-packages/airflow/example_dags/example_branch_labels.py
[2025-08-19T09:09:32.109+0000] {processor.py:830} INFO - Processing file /home/airflow/.local/lib/python3.12/site-packages/airflow/example_dags/example_branch_labels.py for tasks to queue
[2025-08-19T09:09:32.111+0000] {logging_mixin.py:188} INFO - [2025-08-19T09:09:32.111+0000] {dagbag.py:540} INFO - Filling up the DagBag from /home/airflow/.local/lib/python3.12/site-packages/airflow/example_dags/example_branch_labels.py
[2025-08-19T09:09:32.120+0000] {processor.py:840} INFO - DAG(s) 'example_branch_labels' retrieved from /home/airflow/.local/lib/python3.12/site-packages/airflow/example_dags/example_branch_labels.py
[2025-08-19T09:09:32.147+0000] {logging_mixin.py:188} INFO - [2025-08-19T09:09:32.146+0000] {dag.py:3096} INFO - Sync 1 DAGs
[2025-08-19T09:09:32.172+0000] {logging_mixin.py:188} INFO - [2025-08-19T09:09:32.172+0000] {dag.py:3954} INFO - Setting next_dagrun for example_branch_labels to 2025-08-18 00:00:00+00:00, run_after=2025-08-19 00:00:00+00:00
[2025-08-19T09:09:32.190+0000] {processor.py:183} INFO - Processing /home/airflow/.local/lib/python3.12/site-packages/airflow/example_dags/example_branch_labels.py took 0.090 seconds
[2025-08-19T09:10:02.687+0000] {processor.py:161} INFO - Started process (PID=2421) to work on /home/airflow/.local/lib/python3.12/site-packages/airflow/example_dags/example_branch_labels.py
[2025-08-19T09:10:02.688+0000] {processor.py:830} INFO - Processing file /home/airflow/.local/lib/python3.12/site-packages/airflow/example_dags/example_branch_labels.py for tasks to queue
[2025-08-19T09:10:02.690+0000] {logging_mixin.py:188} INFO - [2025-08-19T09:10:02.690+0000] {dagbag.py:540} INFO - Filling up the DagBag from /home/airflow/.local/lib/python3.12/site-packages/airflow/example_dags/example_branch_labels.py
[2025-08-19T09:10:02.700+0000] {processor.py:840} INFO - DAG(s) 'example_branch_labels' retrieved from /home/airflow/.local/lib/python3.12/site-packages/airflow/example_dags/example_branch_labels.py
[2025-08-19T09:10:02.727+0000] {logging_mixin.py:188} INFO - [2025-08-19T09:10:02.727+0000] {dag.py:3096} INFO - Sync 1 DAGs
[2025-08-19T09:10:02.752+0000] {logging_mixin.py:188} INFO - [2025-08-19T09:10:02.752+0000] {dag.py:3954} INFO - Setting next_dagrun for example_branch_labels to 2025-08-18 00:00:00+00:00, run_after=2025-08-19 00:00:00+00:00
[2025-08-19T09:10:02.772+0000] {processor.py:183} INFO - Processing /home/airflow/.local/lib/python3.12/site-packages/airflow/example_dags/example_branch_labels.py took 0.092 seconds
[2025-08-19T09:10:33.196+0000] {processor.py:161} INFO - Started process (PID=2479) to work on /home/airflow/.local/lib/python3.12/site-packages/airflow/example_dags/example_branch_labels.py
[2025-08-19T09:10:33.197+0000] {processor.py:830} INFO - Processing file /home/airflow/.local/lib/python3.12/site-packages/airflow/example_dags/example_branch_labels.py for tasks to queue
[2025-08-19T09:10:33.199+0000] {logging_mixin.py:188} INFO - [2025-08-19T09:10:33.199+0000] {dagbag.py:540} INFO - Filling up the DagBag from /home/airflow/.local/lib/python3.12/site-packages/airflow/example_dags/example_branch_labels.py
[2025-08-19T09:10:33.208+0000] {processor.py:840} INFO - DAG(s) 'example_branch_labels' retrieved from /home/airflow/.local/lib/python3.12/site-packages/airflow/example_dags/example_branch_labels.py
[2025-08-19T09:10:33.233+0000] {logging_mixin.py:188} INFO - [2025-08-19T09:10:33.233+0000] {dag.py:3096} INFO - Sync 1 DAGs
[2025-08-19T09:10:33.258+0000] {logging_mixin.py:188} INFO - [2025-08-19T09:10:33.257+0000] {dag.py:3954} INFO - Setting next_dagrun for example_branch_labels to 2025-08-18 00:00:00+00:00, run_after=2025-08-19 00:00:00+00:00
[2025-08-19T09:10:33.276+0000] {processor.py:183} INFO - Processing /home/airflow/.local/lib/python3.12/site-packages/airflow/example_dags/example_branch_labels.py took 0.088 seconds
[2025-08-19T09:11:03.986+0000] {processor.py:161} INFO - Started process (PID=2537) to work on /home/airflow/.local/lib/python3.12/site-packages/airflow/example_dags/example_branch_labels.py
[2025-08-19T09:11:03.987+0000] {processor.py:830} INFO - Processing file /home/airflow/.local/lib/python3.12/site-packages/airflow/example_dags/example_branch_labels.py for tasks to queue
[2025-08-19T09:11:03.990+0000] {logging_mixin.py:188} INFO - [2025-08-19T09:11:03.990+0000] {dagbag.py:540} INFO - Filling up the DagBag from /home/airflow/.local/lib/python3.12/site-packages/airflow/example_dags/example_branch_labels.py
[2025-08-19T09:11:04.003+0000] {processor.py:840} INFO - DAG(s) 'example_branch_labels' retrieved from /home/airflow/.local/lib/python3.12/site-packages/airflow/example_dags/example_branch_labels.py
[2025-08-19T09:11:04.036+0000] {logging_mixin.py:188} INFO - [2025-08-19T09:11:04.035+0000] {dag.py:3096} INFO - Sync 1 DAGs
[2025-08-19T09:11:04.068+0000] {logging_mixin.py:188} INFO - [2025-08-19T09:11:04.068+0000] {dag.py:3954} INFO - Setting next_dagrun for example_branch_labels to 2025-08-18 00:00:00+00:00, run_after=2025-08-19 00:00:00+00:00
[2025-08-19T09:11:04.093+0000] {processor.py:183} INFO - Processing /home/airflow/.local/lib/python3.12/site-packages/airflow/example_dags/example_branch_labels.py took 0.115 seconds
