[2025-08-19T08:49:39.052+0000] {processor.py:161} INFO - Started process (PID=62) to work on /home/airflow/.local/lib/python3.12/site-packages/airflow/example_dags/example_nested_branch_dag.py
[2025-08-19T08:49:39.054+0000] {processor.py:830} INFO - Processing file /home/airflow/.local/lib/python3.12/site-packages/airflow/example_dags/example_nested_branch_dag.py for tasks to queue
[2025-08-19T08:49:39.062+0000] {logging_mixin.py:188} INFO - [2025-08-19T08:49:39.061+0000] {dagbag.py:540} INFO - Filling up the DagBag from /home/airflow/.local/lib/python3.12/site-packages/airflow/example_dags/example_nested_branch_dag.py
[2025-08-19T08:49:39.088+0000] {processor.py:840} INFO - DAG(s) 'example_nested_branch_dag' retrieved from /home/airflow/.local/lib/python3.12/site-packages/airflow/example_dags/example_nested_branch_dag.py
[2025-08-19T08:49:39.125+0000] {logging_mixin.py:188} INFO - [2025-08-19T08:49:39.124+0000] {dag.py:3096} INFO - Sync 1 DAGs
[2025-08-19T08:49:39.156+0000] {logging_mixin.py:188} INFO - [2025-08-19T08:49:39.156+0000] {dag.py:3954} INFO - Setting next_dagrun for example_nested_branch_dag to 2025-08-18 00:00:00+00:00, run_after=2025-08-19 00:00:00+00:00
[2025-08-19T08:49:39.183+0000] {processor.py:183} INFO - Processing /home/airflow/.local/lib/python3.12/site-packages/airflow/example_dags/example_nested_branch_dag.py took 0.140 seconds
[2025-08-19T08:50:09.336+0000] {processor.py:161} INFO - Started process (PID=120) to work on /home/airflow/.local/lib/python3.12/site-packages/airflow/example_dags/example_nested_branch_dag.py
[2025-08-19T08:50:09.338+0000] {processor.py:830} INFO - Processing file /home/airflow/.local/lib/python3.12/site-packages/airflow/example_dags/example_nested_branch_dag.py for tasks to queue
[2025-08-19T08:50:09.340+0000] {logging_mixin.py:188} INFO - [2025-08-19T08:50:09.340+0000] {dagbag.py:540} INFO - Filling up the DagBag from /home/airflow/.local/lib/python3.12/site-packages/airflow/example_dags/example_nested_branch_dag.py
[2025-08-19T08:50:09.354+0000] {processor.py:840} INFO - DAG(s) 'example_nested_branch_dag' retrieved from /home/airflow/.local/lib/python3.12/site-packages/airflow/example_dags/example_nested_branch_dag.py
[2025-08-19T08:50:09.492+0000] {logging_mixin.py:188} INFO - [2025-08-19T08:50:09.492+0000] {dag.py:3096} INFO - Sync 1 DAGs
[2025-08-19T08:50:09.516+0000] {logging_mixin.py:188} INFO - [2025-08-19T08:50:09.516+0000] {dag.py:3954} INFO - Setting next_dagrun for example_nested_branch_dag to 2025-08-18 00:00:00+00:00, run_after=2025-08-19 00:00:00+00:00
[2025-08-19T08:50:09.539+0000] {processor.py:183} INFO - Processing /home/airflow/.local/lib/python3.12/site-packages/airflow/example_dags/example_nested_branch_dag.py took 0.211 seconds
[2025-08-19T08:50:39.769+0000] {processor.py:161} INFO - Started process (PID=178) to work on /home/airflow/.local/lib/python3.12/site-packages/airflow/example_dags/example_nested_branch_dag.py
[2025-08-19T08:50:39.770+0000] {processor.py:830} INFO - Processing file /home/airflow/.local/lib/python3.12/site-packages/airflow/example_dags/example_nested_branch_dag.py for tasks to queue
[2025-08-19T08:50:39.774+0000] {logging_mixin.py:188} INFO - [2025-08-19T08:50:39.773+0000] {dagbag.py:540} INFO - Filling up the DagBag from /home/airflow/.local/lib/python3.12/site-packages/airflow/example_dags/example_nested_branch_dag.py
[2025-08-19T08:50:39.786+0000] {processor.py:840} INFO - DAG(s) 'example_nested_branch_dag' retrieved from /home/airflow/.local/lib/python3.12/site-packages/airflow/example_dags/example_nested_branch_dag.py
[2025-08-19T08:50:39.812+0000] {logging_mixin.py:188} INFO - [2025-08-19T08:50:39.812+0000] {dag.py:3096} INFO - Sync 1 DAGs
[2025-08-19T08:50:39.837+0000] {logging_mixin.py:188} INFO - [2025-08-19T08:50:39.837+0000] {dag.py:3954} INFO - Setting next_dagrun for example_nested_branch_dag to 2025-08-18 00:00:00+00:00, run_after=2025-08-19 00:00:00+00:00
[2025-08-19T08:50:39.858+0000] {processor.py:183} INFO - Processing /home/airflow/.local/lib/python3.12/site-packages/airflow/example_dags/example_nested_branch_dag.py took 0.097 seconds
[2025-08-19T08:51:09.985+0000] {processor.py:161} INFO - Started process (PID=236) to work on /home/airflow/.local/lib/python3.12/site-packages/airflow/example_dags/example_nested_branch_dag.py
[2025-08-19T08:51:09.986+0000] {processor.py:830} INFO - Processing file /home/airflow/.local/lib/python3.12/site-packages/airflow/example_dags/example_nested_branch_dag.py for tasks to queue
[2025-08-19T08:51:09.989+0000] {logging_mixin.py:188} INFO - [2025-08-19T08:51:09.988+0000] {dagbag.py:540} INFO - Filling up the DagBag from /home/airflow/.local/lib/python3.12/site-packages/airflow/example_dags/example_nested_branch_dag.py
[2025-08-19T08:51:10.001+0000] {processor.py:840} INFO - DAG(s) 'example_nested_branch_dag' retrieved from /home/airflow/.local/lib/python3.12/site-packages/airflow/example_dags/example_nested_branch_dag.py
[2025-08-19T08:51:10.026+0000] {logging_mixin.py:188} INFO - [2025-08-19T08:51:10.026+0000] {dag.py:3096} INFO - Sync 1 DAGs
[2025-08-19T08:51:10.050+0000] {logging_mixin.py:188} INFO - [2025-08-19T08:51:10.050+0000] {dag.py:3954} INFO - Setting next_dagrun for example_nested_branch_dag to 2025-08-18 00:00:00+00:00, run_after=2025-08-19 00:00:00+00:00
[2025-08-19T08:51:10.071+0000] {processor.py:183} INFO - Processing /home/airflow/.local/lib/python3.12/site-packages/airflow/example_dags/example_nested_branch_dag.py took 0.093 seconds
[2025-08-19T08:51:40.629+0000] {processor.py:161} INFO - Started process (PID=295) to work on /home/airflow/.local/lib/python3.12/site-packages/airflow/example_dags/example_nested_branch_dag.py
[2025-08-19T08:51:40.630+0000] {processor.py:830} INFO - Processing file /home/airflow/.local/lib/python3.12/site-packages/airflow/example_dags/example_nested_branch_dag.py for tasks to queue
[2025-08-19T08:51:40.633+0000] {logging_mixin.py:188} INFO - [2025-08-19T08:51:40.632+0000] {dagbag.py:540} INFO - Filling up the DagBag from /home/airflow/.local/lib/python3.12/site-packages/airflow/example_dags/example_nested_branch_dag.py
[2025-08-19T08:51:40.645+0000] {processor.py:840} INFO - DAG(s) 'example_nested_branch_dag' retrieved from /home/airflow/.local/lib/python3.12/site-packages/airflow/example_dags/example_nested_branch_dag.py
[2025-08-19T08:51:40.670+0000] {logging_mixin.py:188} INFO - [2025-08-19T08:51:40.670+0000] {dag.py:3096} INFO - Sync 1 DAGs
[2025-08-19T08:51:40.694+0000] {logging_mixin.py:188} INFO - [2025-08-19T08:51:40.694+0000] {dag.py:3954} INFO - Setting next_dagrun for example_nested_branch_dag to 2025-08-18 00:00:00+00:00, run_after=2025-08-19 00:00:00+00:00
[2025-08-19T08:51:40.713+0000] {processor.py:183} INFO - Processing /home/airflow/.local/lib/python3.12/site-packages/airflow/example_dags/example_nested_branch_dag.py took 0.091 seconds
[2025-08-19T08:52:10.926+0000] {processor.py:161} INFO - Started process (PID=353) to work on /home/airflow/.local/lib/python3.12/site-packages/airflow/example_dags/example_nested_branch_dag.py
[2025-08-19T08:52:10.927+0000] {processor.py:830} INFO - Processing file /home/airflow/.local/lib/python3.12/site-packages/airflow/example_dags/example_nested_branch_dag.py for tasks to queue
[2025-08-19T08:52:10.930+0000] {logging_mixin.py:188} INFO - [2025-08-19T08:52:10.929+0000] {dagbag.py:540} INFO - Filling up the DagBag from /home/airflow/.local/lib/python3.12/site-packages/airflow/example_dags/example_nested_branch_dag.py
[2025-08-19T08:52:10.942+0000] {processor.py:840} INFO - DAG(s) 'example_nested_branch_dag' retrieved from /home/airflow/.local/lib/python3.12/site-packages/airflow/example_dags/example_nested_branch_dag.py
[2025-08-19T08:52:10.968+0000] {logging_mixin.py:188} INFO - [2025-08-19T08:52:10.968+0000] {dag.py:3096} INFO - Sync 1 DAGs
[2025-08-19T08:52:10.992+0000] {logging_mixin.py:188} INFO - [2025-08-19T08:52:10.992+0000] {dag.py:3954} INFO - Setting next_dagrun for example_nested_branch_dag to 2025-08-18 00:00:00+00:00, run_after=2025-08-19 00:00:00+00:00
[2025-08-19T08:52:11.015+0000] {processor.py:183} INFO - Processing /home/airflow/.local/lib/python3.12/site-packages/airflow/example_dags/example_nested_branch_dag.py took 0.096 seconds
[2025-08-19T08:52:41.246+0000] {processor.py:161} INFO - Started process (PID=411) to work on /home/airflow/.local/lib/python3.12/site-packages/airflow/example_dags/example_nested_branch_dag.py
[2025-08-19T08:52:41.248+0000] {processor.py:830} INFO - Processing file /home/airflow/.local/lib/python3.12/site-packages/airflow/example_dags/example_nested_branch_dag.py for tasks to queue
[2025-08-19T08:52:41.251+0000] {logging_mixin.py:188} INFO - [2025-08-19T08:52:41.250+0000] {dagbag.py:540} INFO - Filling up the DagBag from /home/airflow/.local/lib/python3.12/site-packages/airflow/example_dags/example_nested_branch_dag.py
[2025-08-19T08:52:41.265+0000] {processor.py:840} INFO - DAG(s) 'example_nested_branch_dag' retrieved from /home/airflow/.local/lib/python3.12/site-packages/airflow/example_dags/example_nested_branch_dag.py
[2025-08-19T08:52:41.296+0000] {logging_mixin.py:188} INFO - [2025-08-19T08:52:41.295+0000] {dag.py:3096} INFO - Sync 1 DAGs
[2025-08-19T08:52:41.321+0000] {logging_mixin.py:188} INFO - [2025-08-19T08:52:41.321+0000] {dag.py:3954} INFO - Setting next_dagrun for example_nested_branch_dag to 2025-08-18 00:00:00+00:00, run_after=2025-08-19 00:00:00+00:00
[2025-08-19T08:52:41.343+0000] {processor.py:183} INFO - Processing /home/airflow/.local/lib/python3.12/site-packages/airflow/example_dags/example_nested_branch_dag.py took 0.106 seconds
[2025-08-19T08:53:11.474+0000] {processor.py:161} INFO - Started process (PID=470) to work on /home/airflow/.local/lib/python3.12/site-packages/airflow/example_dags/example_nested_branch_dag.py
[2025-08-19T08:53:11.475+0000] {processor.py:830} INFO - Processing file /home/airflow/.local/lib/python3.12/site-packages/airflow/example_dags/example_nested_branch_dag.py for tasks to queue
[2025-08-19T08:53:11.477+0000] {logging_mixin.py:188} INFO - [2025-08-19T08:53:11.477+0000] {dagbag.py:540} INFO - Filling up the DagBag from /home/airflow/.local/lib/python3.12/site-packages/airflow/example_dags/example_nested_branch_dag.py
[2025-08-19T08:53:11.490+0000] {processor.py:840} INFO - DAG(s) 'example_nested_branch_dag' retrieved from /home/airflow/.local/lib/python3.12/site-packages/airflow/example_dags/example_nested_branch_dag.py
[2025-08-19T08:53:11.514+0000] {logging_mixin.py:188} INFO - [2025-08-19T08:53:11.514+0000] {dag.py:3096} INFO - Sync 1 DAGs
[2025-08-19T08:53:11.540+0000] {logging_mixin.py:188} INFO - [2025-08-19T08:53:11.540+0000] {dag.py:3954} INFO - Setting next_dagrun for example_nested_branch_dag to 2025-08-18 00:00:00+00:00, run_after=2025-08-19 00:00:00+00:00
[2025-08-19T08:53:11.560+0000] {processor.py:183} INFO - Processing /home/airflow/.local/lib/python3.12/site-packages/airflow/example_dags/example_nested_branch_dag.py took 0.094 seconds
[2025-08-19T08:53:41.690+0000] {processor.py:161} INFO - Started process (PID=529) to work on /home/airflow/.local/lib/python3.12/site-packages/airflow/example_dags/example_nested_branch_dag.py
[2025-08-19T08:53:41.691+0000] {processor.py:830} INFO - Processing file /home/airflow/.local/lib/python3.12/site-packages/airflow/example_dags/example_nested_branch_dag.py for tasks to queue
[2025-08-19T08:53:41.693+0000] {logging_mixin.py:188} INFO - [2025-08-19T08:53:41.693+0000] {dagbag.py:540} INFO - Filling up the DagBag from /home/airflow/.local/lib/python3.12/site-packages/airflow/example_dags/example_nested_branch_dag.py
[2025-08-19T08:53:41.706+0000] {processor.py:840} INFO - DAG(s) 'example_nested_branch_dag' retrieved from /home/airflow/.local/lib/python3.12/site-packages/airflow/example_dags/example_nested_branch_dag.py
[2025-08-19T08:53:41.731+0000] {logging_mixin.py:188} INFO - [2025-08-19T08:53:41.731+0000] {dag.py:3096} INFO - Sync 1 DAGs
[2025-08-19T08:53:41.756+0000] {logging_mixin.py:188} INFO - [2025-08-19T08:53:41.755+0000] {dag.py:3954} INFO - Setting next_dagrun for example_nested_branch_dag to 2025-08-18 00:00:00+00:00, run_after=2025-08-19 00:00:00+00:00
[2025-08-19T08:53:41.776+0000] {processor.py:183} INFO - Processing /home/airflow/.local/lib/python3.12/site-packages/airflow/example_dags/example_nested_branch_dag.py took 0.094 seconds
[2025-08-19T08:54:12.005+0000] {processor.py:161} INFO - Started process (PID=587) to work on /home/airflow/.local/lib/python3.12/site-packages/airflow/example_dags/example_nested_branch_dag.py
[2025-08-19T08:54:12.006+0000] {processor.py:830} INFO - Processing file /home/airflow/.local/lib/python3.12/site-packages/airflow/example_dags/example_nested_branch_dag.py for tasks to queue
[2025-08-19T08:54:12.009+0000] {logging_mixin.py:188} INFO - [2025-08-19T08:54:12.008+0000] {dagbag.py:540} INFO - Filling up the DagBag from /home/airflow/.local/lib/python3.12/site-packages/airflow/example_dags/example_nested_branch_dag.py
[2025-08-19T08:54:12.021+0000] {processor.py:840} INFO - DAG(s) 'example_nested_branch_dag' retrieved from /home/airflow/.local/lib/python3.12/site-packages/airflow/example_dags/example_nested_branch_dag.py
[2025-08-19T08:54:12.047+0000] {logging_mixin.py:188} INFO - [2025-08-19T08:54:12.047+0000] {dag.py:3096} INFO - Sync 1 DAGs
[2025-08-19T08:54:12.071+0000] {logging_mixin.py:188} INFO - [2025-08-19T08:54:12.071+0000] {dag.py:3954} INFO - Setting next_dagrun for example_nested_branch_dag to 2025-08-18 00:00:00+00:00, run_after=2025-08-19 00:00:00+00:00
[2025-08-19T08:54:12.094+0000] {processor.py:183} INFO - Processing /home/airflow/.local/lib/python3.12/site-packages/airflow/example_dags/example_nested_branch_dag.py took 0.097 seconds
[2025-08-19T08:54:42.502+0000] {processor.py:161} INFO - Started process (PID=645) to work on /home/airflow/.local/lib/python3.12/site-packages/airflow/example_dags/example_nested_branch_dag.py
[2025-08-19T08:54:42.503+0000] {processor.py:830} INFO - Processing file /home/airflow/.local/lib/python3.12/site-packages/airflow/example_dags/example_nested_branch_dag.py for tasks to queue
[2025-08-19T08:54:42.506+0000] {logging_mixin.py:188} INFO - [2025-08-19T08:54:42.505+0000] {dagbag.py:540} INFO - Filling up the DagBag from /home/airflow/.local/lib/python3.12/site-packages/airflow/example_dags/example_nested_branch_dag.py
[2025-08-19T08:54:42.518+0000] {processor.py:840} INFO - DAG(s) 'example_nested_branch_dag' retrieved from /home/airflow/.local/lib/python3.12/site-packages/airflow/example_dags/example_nested_branch_dag.py
[2025-08-19T08:54:42.543+0000] {logging_mixin.py:188} INFO - [2025-08-19T08:54:42.542+0000] {dag.py:3096} INFO - Sync 1 DAGs
[2025-08-19T08:54:42.566+0000] {logging_mixin.py:188} INFO - [2025-08-19T08:54:42.566+0000] {dag.py:3954} INFO - Setting next_dagrun for example_nested_branch_dag to 2025-08-18 00:00:00+00:00, run_after=2025-08-19 00:00:00+00:00
[2025-08-19T08:54:42.587+0000] {processor.py:183} INFO - Processing /home/airflow/.local/lib/python3.12/site-packages/airflow/example_dags/example_nested_branch_dag.py took 0.093 seconds
[2025-08-19T08:55:12.820+0000] {processor.py:161} INFO - Started process (PID=703) to work on /home/airflow/.local/lib/python3.12/site-packages/airflow/example_dags/example_nested_branch_dag.py
[2025-08-19T08:55:12.822+0000] {processor.py:830} INFO - Processing file /home/airflow/.local/lib/python3.12/site-packages/airflow/example_dags/example_nested_branch_dag.py for tasks to queue
[2025-08-19T08:55:12.826+0000] {logging_mixin.py:188} INFO - [2025-08-19T08:55:12.826+0000] {dagbag.py:540} INFO - Filling up the DagBag from /home/airflow/.local/lib/python3.12/site-packages/airflow/example_dags/example_nested_branch_dag.py
[2025-08-19T08:55:12.844+0000] {processor.py:840} INFO - DAG(s) 'example_nested_branch_dag' retrieved from /home/airflow/.local/lib/python3.12/site-packages/airflow/example_dags/example_nested_branch_dag.py
[2025-08-19T08:55:12.878+0000] {logging_mixin.py:188} INFO - [2025-08-19T08:55:12.877+0000] {dag.py:3096} INFO - Sync 1 DAGs
[2025-08-19T08:55:12.908+0000] {logging_mixin.py:188} INFO - [2025-08-19T08:55:12.908+0000] {dag.py:3954} INFO - Setting next_dagrun for example_nested_branch_dag to 2025-08-18 00:00:00+00:00, run_after=2025-08-19 00:00:00+00:00
[2025-08-19T08:55:12.931+0000] {processor.py:183} INFO - Processing /home/airflow/.local/lib/python3.12/site-packages/airflow/example_dags/example_nested_branch_dag.py took 0.121 seconds
[2025-08-19T08:55:43.089+0000] {processor.py:161} INFO - Started process (PID=761) to work on /home/airflow/.local/lib/python3.12/site-packages/airflow/example_dags/example_nested_branch_dag.py
[2025-08-19T08:55:43.090+0000] {processor.py:830} INFO - Processing file /home/airflow/.local/lib/python3.12/site-packages/airflow/example_dags/example_nested_branch_dag.py for tasks to queue
[2025-08-19T08:55:43.093+0000] {logging_mixin.py:188} INFO - [2025-08-19T08:55:43.092+0000] {dagbag.py:540} INFO - Filling up the DagBag from /home/airflow/.local/lib/python3.12/site-packages/airflow/example_dags/example_nested_branch_dag.py
[2025-08-19T08:55:43.105+0000] {processor.py:840} INFO - DAG(s) 'example_nested_branch_dag' retrieved from /home/airflow/.local/lib/python3.12/site-packages/airflow/example_dags/example_nested_branch_dag.py
[2025-08-19T08:55:43.133+0000] {logging_mixin.py:188} INFO - [2025-08-19T08:55:43.132+0000] {dag.py:3096} INFO - Sync 1 DAGs
[2025-08-19T08:55:43.159+0000] {logging_mixin.py:188} INFO - [2025-08-19T08:55:43.159+0000] {dag.py:3954} INFO - Setting next_dagrun for example_nested_branch_dag to 2025-08-18 00:00:00+00:00, run_after=2025-08-19 00:00:00+00:00
[2025-08-19T08:55:43.182+0000] {processor.py:183} INFO - Processing /home/airflow/.local/lib/python3.12/site-packages/airflow/example_dags/example_nested_branch_dag.py took 0.100 seconds
[2025-08-19T08:56:13.394+0000] {processor.py:161} INFO - Started process (PID=819) to work on /home/airflow/.local/lib/python3.12/site-packages/airflow/example_dags/example_nested_branch_dag.py
[2025-08-19T08:56:13.395+0000] {processor.py:830} INFO - Processing file /home/airflow/.local/lib/python3.12/site-packages/airflow/example_dags/example_nested_branch_dag.py for tasks to queue
[2025-08-19T08:56:13.398+0000] {logging_mixin.py:188} INFO - [2025-08-19T08:56:13.397+0000] {dagbag.py:540} INFO - Filling up the DagBag from /home/airflow/.local/lib/python3.12/site-packages/airflow/example_dags/example_nested_branch_dag.py
[2025-08-19T08:56:13.409+0000] {processor.py:840} INFO - DAG(s) 'example_nested_branch_dag' retrieved from /home/airflow/.local/lib/python3.12/site-packages/airflow/example_dags/example_nested_branch_dag.py
[2025-08-19T08:56:13.434+0000] {logging_mixin.py:188} INFO - [2025-08-19T08:56:13.434+0000] {dag.py:3096} INFO - Sync 1 DAGs
[2025-08-19T08:56:13.458+0000] {logging_mixin.py:188} INFO - [2025-08-19T08:56:13.457+0000] {dag.py:3954} INFO - Setting next_dagrun for example_nested_branch_dag to 2025-08-18 00:00:00+00:00, run_after=2025-08-19 00:00:00+00:00
[2025-08-19T08:56:13.478+0000] {processor.py:183} INFO - Processing /home/airflow/.local/lib/python3.12/site-packages/airflow/example_dags/example_nested_branch_dag.py took 0.091 seconds
[2025-08-19T08:56:43.887+0000] {processor.py:161} INFO - Started process (PID=877) to work on /home/airflow/.local/lib/python3.12/site-packages/airflow/example_dags/example_nested_branch_dag.py
[2025-08-19T08:56:43.888+0000] {processor.py:830} INFO - Processing file /home/airflow/.local/lib/python3.12/site-packages/airflow/example_dags/example_nested_branch_dag.py for tasks to queue
[2025-08-19T08:56:43.891+0000] {logging_mixin.py:188} INFO - [2025-08-19T08:56:43.890+0000] {dagbag.py:540} INFO - Filling up the DagBag from /home/airflow/.local/lib/python3.12/site-packages/airflow/example_dags/example_nested_branch_dag.py
[2025-08-19T08:56:43.903+0000] {processor.py:840} INFO - DAG(s) 'example_nested_branch_dag' retrieved from /home/airflow/.local/lib/python3.12/site-packages/airflow/example_dags/example_nested_branch_dag.py
[2025-08-19T08:56:43.929+0000] {logging_mixin.py:188} INFO - [2025-08-19T08:56:43.929+0000] {dag.py:3096} INFO - Sync 1 DAGs
[2025-08-19T08:56:43.955+0000] {logging_mixin.py:188} INFO - [2025-08-19T08:56:43.955+0000] {dag.py:3954} INFO - Setting next_dagrun for example_nested_branch_dag to 2025-08-18 00:00:00+00:00, run_after=2025-08-19 00:00:00+00:00
[2025-08-19T08:56:43.976+0000] {processor.py:183} INFO - Processing /home/airflow/.local/lib/python3.12/site-packages/airflow/example_dags/example_nested_branch_dag.py took 0.097 seconds
[2025-08-19T08:57:14.075+0000] {processor.py:161} INFO - Started process (PID=935) to work on /home/airflow/.local/lib/python3.12/site-packages/airflow/example_dags/example_nested_branch_dag.py
[2025-08-19T08:57:14.076+0000] {processor.py:830} INFO - Processing file /home/airflow/.local/lib/python3.12/site-packages/airflow/example_dags/example_nested_branch_dag.py for tasks to queue
[2025-08-19T08:57:14.079+0000] {logging_mixin.py:188} INFO - [2025-08-19T08:57:14.078+0000] {dagbag.py:540} INFO - Filling up the DagBag from /home/airflow/.local/lib/python3.12/site-packages/airflow/example_dags/example_nested_branch_dag.py
[2025-08-19T08:57:14.091+0000] {processor.py:840} INFO - DAG(s) 'example_nested_branch_dag' retrieved from /home/airflow/.local/lib/python3.12/site-packages/airflow/example_dags/example_nested_branch_dag.py
[2025-08-19T08:57:14.118+0000] {logging_mixin.py:188} INFO - [2025-08-19T08:57:14.118+0000] {dag.py:3096} INFO - Sync 1 DAGs
[2025-08-19T08:57:14.144+0000] {logging_mixin.py:188} INFO - [2025-08-19T08:57:14.143+0000] {dag.py:3954} INFO - Setting next_dagrun for example_nested_branch_dag to 2025-08-18 00:00:00+00:00, run_after=2025-08-19 00:00:00+00:00
[2025-08-19T08:57:14.164+0000] {processor.py:183} INFO - Processing /home/airflow/.local/lib/python3.12/site-packages/airflow/example_dags/example_nested_branch_dag.py took 0.099 seconds
[2025-08-19T08:57:44.407+0000] {processor.py:161} INFO - Started process (PID=994) to work on /home/airflow/.local/lib/python3.12/site-packages/airflow/example_dags/example_nested_branch_dag.py
[2025-08-19T08:57:44.408+0000] {processor.py:830} INFO - Processing file /home/airflow/.local/lib/python3.12/site-packages/airflow/example_dags/example_nested_branch_dag.py for tasks to queue
[2025-08-19T08:57:44.410+0000] {logging_mixin.py:188} INFO - [2025-08-19T08:57:44.410+0000] {dagbag.py:540} INFO - Filling up the DagBag from /home/airflow/.local/lib/python3.12/site-packages/airflow/example_dags/example_nested_branch_dag.py
[2025-08-19T08:57:44.422+0000] {processor.py:840} INFO - DAG(s) 'example_nested_branch_dag' retrieved from /home/airflow/.local/lib/python3.12/site-packages/airflow/example_dags/example_nested_branch_dag.py
[2025-08-19T08:57:44.447+0000] {logging_mixin.py:188} INFO - [2025-08-19T08:57:44.447+0000] {dag.py:3096} INFO - Sync 1 DAGs
[2025-08-19T08:57:44.470+0000] {logging_mixin.py:188} INFO - [2025-08-19T08:57:44.470+0000] {dag.py:3954} INFO - Setting next_dagrun for example_nested_branch_dag to 2025-08-18 00:00:00+00:00, run_after=2025-08-19 00:00:00+00:00
[2025-08-19T08:57:44.490+0000] {processor.py:183} INFO - Processing /home/airflow/.local/lib/python3.12/site-packages/airflow/example_dags/example_nested_branch_dag.py took 0.091 seconds
[2025-08-19T08:58:14.695+0000] {processor.py:161} INFO - Started process (PID=1052) to work on /home/airflow/.local/lib/python3.12/site-packages/airflow/example_dags/example_nested_branch_dag.py
[2025-08-19T08:58:14.696+0000] {processor.py:830} INFO - Processing file /home/airflow/.local/lib/python3.12/site-packages/airflow/example_dags/example_nested_branch_dag.py for tasks to queue
[2025-08-19T08:58:14.698+0000] {logging_mixin.py:188} INFO - [2025-08-19T08:58:14.698+0000] {dagbag.py:540} INFO - Filling up the DagBag from /home/airflow/.local/lib/python3.12/site-packages/airflow/example_dags/example_nested_branch_dag.py
[2025-08-19T08:58:14.710+0000] {processor.py:840} INFO - DAG(s) 'example_nested_branch_dag' retrieved from /home/airflow/.local/lib/python3.12/site-packages/airflow/example_dags/example_nested_branch_dag.py
[2025-08-19T08:58:14.735+0000] {logging_mixin.py:188} INFO - [2025-08-19T08:58:14.735+0000] {dag.py:3096} INFO - Sync 1 DAGs
[2025-08-19T08:58:14.758+0000] {logging_mixin.py:188} INFO - [2025-08-19T08:58:14.758+0000] {dag.py:3954} INFO - Setting next_dagrun for example_nested_branch_dag to 2025-08-18 00:00:00+00:00, run_after=2025-08-19 00:00:00+00:00
[2025-08-19T08:58:14.779+0000] {processor.py:183} INFO - Processing /home/airflow/.local/lib/python3.12/site-packages/airflow/example_dags/example_nested_branch_dag.py took 0.091 seconds
[2025-08-19T08:58:45.216+0000] {processor.py:161} INFO - Started process (PID=1116) to work on /home/airflow/.local/lib/python3.12/site-packages/airflow/example_dags/example_nested_branch_dag.py
[2025-08-19T08:58:45.217+0000] {processor.py:830} INFO - Processing file /home/airflow/.local/lib/python3.12/site-packages/airflow/example_dags/example_nested_branch_dag.py for tasks to queue
[2025-08-19T08:58:45.220+0000] {logging_mixin.py:188} INFO - [2025-08-19T08:58:45.219+0000] {dagbag.py:540} INFO - Filling up the DagBag from /home/airflow/.local/lib/python3.12/site-packages/airflow/example_dags/example_nested_branch_dag.py
[2025-08-19T08:58:45.232+0000] {processor.py:840} INFO - DAG(s) 'example_nested_branch_dag' retrieved from /home/airflow/.local/lib/python3.12/site-packages/airflow/example_dags/example_nested_branch_dag.py
[2025-08-19T08:58:45.258+0000] {logging_mixin.py:188} INFO - [2025-08-19T08:58:45.258+0000] {dag.py:3096} INFO - Sync 1 DAGs
[2025-08-19T08:58:45.283+0000] {logging_mixin.py:188} INFO - [2025-08-19T08:58:45.283+0000] {dag.py:3954} INFO - Setting next_dagrun for example_nested_branch_dag to 2025-08-18 00:00:00+00:00, run_after=2025-08-19 00:00:00+00:00
[2025-08-19T08:58:45.304+0000] {processor.py:183} INFO - Processing /home/airflow/.local/lib/python3.12/site-packages/airflow/example_dags/example_nested_branch_dag.py took 0.096 seconds
[2025-08-19T08:59:15.564+0000] {processor.py:161} INFO - Started process (PID=1174) to work on /home/airflow/.local/lib/python3.12/site-packages/airflow/example_dags/example_nested_branch_dag.py
[2025-08-19T08:59:15.566+0000] {processor.py:830} INFO - Processing file /home/airflow/.local/lib/python3.12/site-packages/airflow/example_dags/example_nested_branch_dag.py for tasks to queue
[2025-08-19T08:59:15.568+0000] {logging_mixin.py:188} INFO - [2025-08-19T08:59:15.568+0000] {dagbag.py:540} INFO - Filling up the DagBag from /home/airflow/.local/lib/python3.12/site-packages/airflow/example_dags/example_nested_branch_dag.py
[2025-08-19T08:59:15.580+0000] {processor.py:840} INFO - DAG(s) 'example_nested_branch_dag' retrieved from /home/airflow/.local/lib/python3.12/site-packages/airflow/example_dags/example_nested_branch_dag.py
[2025-08-19T08:59:15.606+0000] {logging_mixin.py:188} INFO - [2025-08-19T08:59:15.605+0000] {dag.py:3096} INFO - Sync 1 DAGs
[2025-08-19T08:59:15.632+0000] {logging_mixin.py:188} INFO - [2025-08-19T08:59:15.631+0000] {dag.py:3954} INFO - Setting next_dagrun for example_nested_branch_dag to 2025-08-18 00:00:00+00:00, run_after=2025-08-19 00:00:00+00:00
[2025-08-19T08:59:15.651+0000] {processor.py:183} INFO - Processing /home/airflow/.local/lib/python3.12/site-packages/airflow/example_dags/example_nested_branch_dag.py took 0.095 seconds
[2025-08-19T08:59:46.089+0000] {processor.py:161} INFO - Started process (PID=1232) to work on /home/airflow/.local/lib/python3.12/site-packages/airflow/example_dags/example_nested_branch_dag.py
[2025-08-19T08:59:46.090+0000] {processor.py:830} INFO - Processing file /home/airflow/.local/lib/python3.12/site-packages/airflow/example_dags/example_nested_branch_dag.py for tasks to queue
[2025-08-19T08:59:46.094+0000] {logging_mixin.py:188} INFO - [2025-08-19T08:59:46.093+0000] {dagbag.py:540} INFO - Filling up the DagBag from /home/airflow/.local/lib/python3.12/site-packages/airflow/example_dags/example_nested_branch_dag.py
[2025-08-19T08:59:46.108+0000] {processor.py:840} INFO - DAG(s) 'example_nested_branch_dag' retrieved from /home/airflow/.local/lib/python3.12/site-packages/airflow/example_dags/example_nested_branch_dag.py
[2025-08-19T08:59:46.134+0000] {logging_mixin.py:188} INFO - [2025-08-19T08:59:46.134+0000] {dag.py:3096} INFO - Sync 1 DAGs
[2025-08-19T08:59:46.159+0000] {logging_mixin.py:188} INFO - [2025-08-19T08:59:46.159+0000] {dag.py:3954} INFO - Setting next_dagrun for example_nested_branch_dag to 2025-08-18 00:00:00+00:00, run_after=2025-08-19 00:00:00+00:00
[2025-08-19T08:59:46.183+0000] {processor.py:183} INFO - Processing /home/airflow/.local/lib/python3.12/site-packages/airflow/example_dags/example_nested_branch_dag.py took 0.102 seconds
[2025-08-19T09:00:16.364+0000] {processor.py:161} INFO - Started process (PID=1290) to work on /home/airflow/.local/lib/python3.12/site-packages/airflow/example_dags/example_nested_branch_dag.py
[2025-08-19T09:00:16.365+0000] {processor.py:830} INFO - Processing file /home/airflow/.local/lib/python3.12/site-packages/airflow/example_dags/example_nested_branch_dag.py for tasks to queue
[2025-08-19T09:00:16.368+0000] {logging_mixin.py:188} INFO - [2025-08-19T09:00:16.368+0000] {dagbag.py:540} INFO - Filling up the DagBag from /home/airflow/.local/lib/python3.12/site-packages/airflow/example_dags/example_nested_branch_dag.py
[2025-08-19T09:00:16.380+0000] {processor.py:840} INFO - DAG(s) 'example_nested_branch_dag' retrieved from /home/airflow/.local/lib/python3.12/site-packages/airflow/example_dags/example_nested_branch_dag.py
[2025-08-19T09:00:16.409+0000] {logging_mixin.py:188} INFO - [2025-08-19T09:00:16.408+0000] {dag.py:3096} INFO - Sync 1 DAGs
[2025-08-19T09:00:16.433+0000] {logging_mixin.py:188} INFO - [2025-08-19T09:00:16.433+0000] {dag.py:3954} INFO - Setting next_dagrun for example_nested_branch_dag to 2025-08-18 00:00:00+00:00, run_after=2025-08-19 00:00:00+00:00
[2025-08-19T09:00:16.453+0000] {processor.py:183} INFO - Processing /home/airflow/.local/lib/python3.12/site-packages/airflow/example_dags/example_nested_branch_dag.py took 0.097 seconds
[2025-08-19T09:00:46.774+0000] {processor.py:161} INFO - Started process (PID=1348) to work on /home/airflow/.local/lib/python3.12/site-packages/airflow/example_dags/example_nested_branch_dag.py
[2025-08-19T09:00:46.776+0000] {processor.py:830} INFO - Processing file /home/airflow/.local/lib/python3.12/site-packages/airflow/example_dags/example_nested_branch_dag.py for tasks to queue
[2025-08-19T09:00:46.779+0000] {logging_mixin.py:188} INFO - [2025-08-19T09:00:46.779+0000] {dagbag.py:540} INFO - Filling up the DagBag from /home/airflow/.local/lib/python3.12/site-packages/airflow/example_dags/example_nested_branch_dag.py
[2025-08-19T09:00:46.791+0000] {processor.py:840} INFO - DAG(s) 'example_nested_branch_dag' retrieved from /home/airflow/.local/lib/python3.12/site-packages/airflow/example_dags/example_nested_branch_dag.py
[2025-08-19T09:00:46.816+0000] {logging_mixin.py:188} INFO - [2025-08-19T09:00:46.816+0000] {dag.py:3096} INFO - Sync 1 DAGs
[2025-08-19T09:00:46.840+0000] {logging_mixin.py:188} INFO - [2025-08-19T09:00:46.840+0000] {dag.py:3954} INFO - Setting next_dagrun for example_nested_branch_dag to 2025-08-18 00:00:00+00:00, run_after=2025-08-19 00:00:00+00:00
[2025-08-19T09:00:46.862+0000] {processor.py:183} INFO - Processing /home/airflow/.local/lib/python3.12/site-packages/airflow/example_dags/example_nested_branch_dag.py took 0.095 seconds
[2025-08-19T09:01:16.945+0000] {processor.py:161} INFO - Started process (PID=1406) to work on /home/airflow/.local/lib/python3.12/site-packages/airflow/example_dags/example_nested_branch_dag.py
[2025-08-19T09:01:16.946+0000] {processor.py:830} INFO - Processing file /home/airflow/.local/lib/python3.12/site-packages/airflow/example_dags/example_nested_branch_dag.py for tasks to queue
[2025-08-19T09:01:16.949+0000] {logging_mixin.py:188} INFO - [2025-08-19T09:01:16.949+0000] {dagbag.py:540} INFO - Filling up the DagBag from /home/airflow/.local/lib/python3.12/site-packages/airflow/example_dags/example_nested_branch_dag.py
[2025-08-19T09:01:16.961+0000] {processor.py:840} INFO - DAG(s) 'example_nested_branch_dag' retrieved from /home/airflow/.local/lib/python3.12/site-packages/airflow/example_dags/example_nested_branch_dag.py
[2025-08-19T09:01:16.987+0000] {logging_mixin.py:188} INFO - [2025-08-19T09:01:16.987+0000] {dag.py:3096} INFO - Sync 1 DAGs
[2025-08-19T09:01:17.011+0000] {logging_mixin.py:188} INFO - [2025-08-19T09:01:17.011+0000] {dag.py:3954} INFO - Setting next_dagrun for example_nested_branch_dag to 2025-08-18 00:00:00+00:00, run_after=2025-08-19 00:00:00+00:00
[2025-08-19T09:01:17.031+0000] {processor.py:183} INFO - Processing /home/airflow/.local/lib/python3.12/site-packages/airflow/example_dags/example_nested_branch_dag.py took 0.094 seconds
[2025-08-19T09:01:47.199+0000] {processor.py:161} INFO - Started process (PID=1464) to work on /home/airflow/.local/lib/python3.12/site-packages/airflow/example_dags/example_nested_branch_dag.py
[2025-08-19T09:01:47.200+0000] {processor.py:830} INFO - Processing file /home/airflow/.local/lib/python3.12/site-packages/airflow/example_dags/example_nested_branch_dag.py for tasks to queue
[2025-08-19T09:01:47.202+0000] {logging_mixin.py:188} INFO - [2025-08-19T09:01:47.202+0000] {dagbag.py:540} INFO - Filling up the DagBag from /home/airflow/.local/lib/python3.12/site-packages/airflow/example_dags/example_nested_branch_dag.py
[2025-08-19T09:01:47.215+0000] {processor.py:840} INFO - DAG(s) 'example_nested_branch_dag' retrieved from /home/airflow/.local/lib/python3.12/site-packages/airflow/example_dags/example_nested_branch_dag.py
[2025-08-19T09:01:47.240+0000] {logging_mixin.py:188} INFO - [2025-08-19T09:01:47.239+0000] {dag.py:3096} INFO - Sync 1 DAGs
[2025-08-19T09:01:47.264+0000] {logging_mixin.py:188} INFO - [2025-08-19T09:01:47.264+0000] {dag.py:3954} INFO - Setting next_dagrun for example_nested_branch_dag to 2025-08-18 00:00:00+00:00, run_after=2025-08-19 00:00:00+00:00
[2025-08-19T09:01:47.284+0000] {processor.py:183} INFO - Processing /home/airflow/.local/lib/python3.12/site-packages/airflow/example_dags/example_nested_branch_dag.py took 0.092 seconds
[2025-08-19T09:02:17.710+0000] {processor.py:161} INFO - Started process (PID=1522) to work on /home/airflow/.local/lib/python3.12/site-packages/airflow/example_dags/example_nested_branch_dag.py
[2025-08-19T09:02:17.711+0000] {processor.py:830} INFO - Processing file /home/airflow/.local/lib/python3.12/site-packages/airflow/example_dags/example_nested_branch_dag.py for tasks to queue
[2025-08-19T09:02:17.713+0000] {logging_mixin.py:188} INFO - [2025-08-19T09:02:17.713+0000] {dagbag.py:540} INFO - Filling up the DagBag from /home/airflow/.local/lib/python3.12/site-packages/airflow/example_dags/example_nested_branch_dag.py
[2025-08-19T09:02:17.726+0000] {processor.py:840} INFO - DAG(s) 'example_nested_branch_dag' retrieved from /home/airflow/.local/lib/python3.12/site-packages/airflow/example_dags/example_nested_branch_dag.py
[2025-08-19T09:02:17.753+0000] {logging_mixin.py:188} INFO - [2025-08-19T09:02:17.752+0000] {dag.py:3096} INFO - Sync 1 DAGs
[2025-08-19T09:02:17.779+0000] {logging_mixin.py:188} INFO - [2025-08-19T09:02:17.779+0000] {dag.py:3954} INFO - Setting next_dagrun for example_nested_branch_dag to 2025-08-18 00:00:00+00:00, run_after=2025-08-19 00:00:00+00:00
[2025-08-19T09:02:17.803+0000] {processor.py:183} INFO - Processing /home/airflow/.local/lib/python3.12/site-packages/airflow/example_dags/example_nested_branch_dag.py took 0.101 seconds
[2025-08-19T09:02:47.967+0000] {processor.py:161} INFO - Started process (PID=1580) to work on /home/airflow/.local/lib/python3.12/site-packages/airflow/example_dags/example_nested_branch_dag.py
[2025-08-19T09:02:47.968+0000] {processor.py:830} INFO - Processing file /home/airflow/.local/lib/python3.12/site-packages/airflow/example_dags/example_nested_branch_dag.py for tasks to queue
[2025-08-19T09:02:47.970+0000] {logging_mixin.py:188} INFO - [2025-08-19T09:02:47.970+0000] {dagbag.py:540} INFO - Filling up the DagBag from /home/airflow/.local/lib/python3.12/site-packages/airflow/example_dags/example_nested_branch_dag.py
[2025-08-19T09:02:47.983+0000] {processor.py:840} INFO - DAG(s) 'example_nested_branch_dag' retrieved from /home/airflow/.local/lib/python3.12/site-packages/airflow/example_dags/example_nested_branch_dag.py
[2025-08-19T09:02:48.008+0000] {logging_mixin.py:188} INFO - [2025-08-19T09:02:48.007+0000] {dag.py:3096} INFO - Sync 1 DAGs
[2025-08-19T09:02:48.031+0000] {logging_mixin.py:188} INFO - [2025-08-19T09:02:48.031+0000] {dag.py:3954} INFO - Setting next_dagrun for example_nested_branch_dag to 2025-08-18 00:00:00+00:00, run_after=2025-08-19 00:00:00+00:00
[2025-08-19T09:02:48.053+0000] {processor.py:183} INFO - Processing /home/airflow/.local/lib/python3.12/site-packages/airflow/example_dags/example_nested_branch_dag.py took 0.094 seconds
[2025-08-19T09:03:18.255+0000] {processor.py:161} INFO - Started process (PID=1638) to work on /home/airflow/.local/lib/python3.12/site-packages/airflow/example_dags/example_nested_branch_dag.py
[2025-08-19T09:03:18.256+0000] {processor.py:830} INFO - Processing file /home/airflow/.local/lib/python3.12/site-packages/airflow/example_dags/example_nested_branch_dag.py for tasks to queue
[2025-08-19T09:03:18.258+0000] {logging_mixin.py:188} INFO - [2025-08-19T09:03:18.258+0000] {dagbag.py:540} INFO - Filling up the DagBag from /home/airflow/.local/lib/python3.12/site-packages/airflow/example_dags/example_nested_branch_dag.py
[2025-08-19T09:03:18.271+0000] {processor.py:840} INFO - DAG(s) 'example_nested_branch_dag' retrieved from /home/airflow/.local/lib/python3.12/site-packages/airflow/example_dags/example_nested_branch_dag.py
[2025-08-19T09:03:18.297+0000] {logging_mixin.py:188} INFO - [2025-08-19T09:03:18.297+0000] {dag.py:3096} INFO - Sync 1 DAGs
[2025-08-19T09:03:18.321+0000] {logging_mixin.py:188} INFO - [2025-08-19T09:03:18.321+0000] {dag.py:3954} INFO - Setting next_dagrun for example_nested_branch_dag to 2025-08-18 00:00:00+00:00, run_after=2025-08-19 00:00:00+00:00
[2025-08-19T09:03:18.341+0000] {processor.py:183} INFO - Processing /home/airflow/.local/lib/python3.12/site-packages/airflow/example_dags/example_nested_branch_dag.py took 0.094 seconds
[2025-08-19T09:03:48.455+0000] {processor.py:161} INFO - Started process (PID=1696) to work on /home/airflow/.local/lib/python3.12/site-packages/airflow/example_dags/example_nested_branch_dag.py
[2025-08-19T09:03:48.457+0000] {processor.py:830} INFO - Processing file /home/airflow/.local/lib/python3.12/site-packages/airflow/example_dags/example_nested_branch_dag.py for tasks to queue
[2025-08-19T09:03:48.460+0000] {logging_mixin.py:188} INFO - [2025-08-19T09:03:48.459+0000] {dagbag.py:540} INFO - Filling up the DagBag from /home/airflow/.local/lib/python3.12/site-packages/airflow/example_dags/example_nested_branch_dag.py
[2025-08-19T09:03:48.473+0000] {processor.py:840} INFO - DAG(s) 'example_nested_branch_dag' retrieved from /home/airflow/.local/lib/python3.12/site-packages/airflow/example_dags/example_nested_branch_dag.py
[2025-08-19T09:03:48.504+0000] {logging_mixin.py:188} INFO - [2025-08-19T09:03:48.503+0000] {dag.py:3096} INFO - Sync 1 DAGs
[2025-08-19T09:03:48.533+0000] {logging_mixin.py:188} INFO - [2025-08-19T09:03:48.533+0000] {dag.py:3954} INFO - Setting next_dagrun for example_nested_branch_dag to 2025-08-18 00:00:00+00:00, run_after=2025-08-19 00:00:00+00:00
[2025-08-19T09:03:48.554+0000] {processor.py:183} INFO - Processing /home/airflow/.local/lib/python3.12/site-packages/airflow/example_dags/example_nested_branch_dag.py took 0.107 seconds
[2025-08-19T09:04:18.652+0000] {processor.py:161} INFO - Started process (PID=1754) to work on /home/airflow/.local/lib/python3.12/site-packages/airflow/example_dags/example_nested_branch_dag.py
[2025-08-19T09:04:18.654+0000] {processor.py:830} INFO - Processing file /home/airflow/.local/lib/python3.12/site-packages/airflow/example_dags/example_nested_branch_dag.py for tasks to queue
[2025-08-19T09:04:18.656+0000] {logging_mixin.py:188} INFO - [2025-08-19T09:04:18.656+0000] {dagbag.py:540} INFO - Filling up the DagBag from /home/airflow/.local/lib/python3.12/site-packages/airflow/example_dags/example_nested_branch_dag.py
[2025-08-19T09:04:18.670+0000] {processor.py:840} INFO - DAG(s) 'example_nested_branch_dag' retrieved from /home/airflow/.local/lib/python3.12/site-packages/airflow/example_dags/example_nested_branch_dag.py
[2025-08-19T09:04:18.699+0000] {logging_mixin.py:188} INFO - [2025-08-19T09:04:18.699+0000] {dag.py:3096} INFO - Sync 1 DAGs
[2025-08-19T09:04:18.726+0000] {logging_mixin.py:188} INFO - [2025-08-19T09:04:18.726+0000] {dag.py:3954} INFO - Setting next_dagrun for example_nested_branch_dag to 2025-08-18 00:00:00+00:00, run_after=2025-08-19 00:00:00+00:00
[2025-08-19T09:04:18.747+0000] {processor.py:183} INFO - Processing /home/airflow/.local/lib/python3.12/site-packages/airflow/example_dags/example_nested_branch_dag.py took 0.103 seconds
[2025-08-19T09:04:48.993+0000] {processor.py:161} INFO - Started process (PID=1813) to work on /home/airflow/.local/lib/python3.12/site-packages/airflow/example_dags/example_nested_branch_dag.py
[2025-08-19T09:04:48.994+0000] {processor.py:830} INFO - Processing file /home/airflow/.local/lib/python3.12/site-packages/airflow/example_dags/example_nested_branch_dag.py for tasks to queue
[2025-08-19T09:04:48.997+0000] {logging_mixin.py:188} INFO - [2025-08-19T09:04:48.996+0000] {dagbag.py:540} INFO - Filling up the DagBag from /home/airflow/.local/lib/python3.12/site-packages/airflow/example_dags/example_nested_branch_dag.py
[2025-08-19T09:04:49.009+0000] {processor.py:840} INFO - DAG(s) 'example_nested_branch_dag' retrieved from /home/airflow/.local/lib/python3.12/site-packages/airflow/example_dags/example_nested_branch_dag.py
[2025-08-19T09:04:49.036+0000] {logging_mixin.py:188} INFO - [2025-08-19T09:04:49.035+0000] {dag.py:3096} INFO - Sync 1 DAGs
[2025-08-19T09:04:49.062+0000] {logging_mixin.py:188} INFO - [2025-08-19T09:04:49.062+0000] {dag.py:3954} INFO - Setting next_dagrun for example_nested_branch_dag to 2025-08-18 00:00:00+00:00, run_after=2025-08-19 00:00:00+00:00
[2025-08-19T09:04:49.083+0000] {processor.py:183} INFO - Processing /home/airflow/.local/lib/python3.12/site-packages/airflow/example_dags/example_nested_branch_dag.py took 0.098 seconds
[2025-08-19T09:05:19.231+0000] {processor.py:161} INFO - Started process (PID=1872) to work on /home/airflow/.local/lib/python3.12/site-packages/airflow/example_dags/example_nested_branch_dag.py
[2025-08-19T09:05:19.232+0000] {processor.py:830} INFO - Processing file /home/airflow/.local/lib/python3.12/site-packages/airflow/example_dags/example_nested_branch_dag.py for tasks to queue
[2025-08-19T09:05:19.234+0000] {logging_mixin.py:188} INFO - [2025-08-19T09:05:19.234+0000] {dagbag.py:540} INFO - Filling up the DagBag from /home/airflow/.local/lib/python3.12/site-packages/airflow/example_dags/example_nested_branch_dag.py
[2025-08-19T09:05:19.247+0000] {processor.py:840} INFO - DAG(s) 'example_nested_branch_dag' retrieved from /home/airflow/.local/lib/python3.12/site-packages/airflow/example_dags/example_nested_branch_dag.py
[2025-08-19T09:05:19.273+0000] {logging_mixin.py:188} INFO - [2025-08-19T09:05:19.273+0000] {dag.py:3096} INFO - Sync 1 DAGs
[2025-08-19T09:05:19.298+0000] {logging_mixin.py:188} INFO - [2025-08-19T09:05:19.298+0000] {dag.py:3954} INFO - Setting next_dagrun for example_nested_branch_dag to 2025-08-18 00:00:00+00:00, run_after=2025-08-19 00:00:00+00:00
[2025-08-19T09:05:19.323+0000] {processor.py:183} INFO - Processing /home/airflow/.local/lib/python3.12/site-packages/airflow/example_dags/example_nested_branch_dag.py took 0.100 seconds
[2025-08-19T09:05:49.539+0000] {processor.py:161} INFO - Started process (PID=1928) to work on /home/airflow/.local/lib/python3.12/site-packages/airflow/example_dags/example_nested_branch_dag.py
[2025-08-19T09:05:49.540+0000] {processor.py:830} INFO - Processing file /home/airflow/.local/lib/python3.12/site-packages/airflow/example_dags/example_nested_branch_dag.py for tasks to queue
[2025-08-19T09:05:49.543+0000] {logging_mixin.py:188} INFO - [2025-08-19T09:05:49.542+0000] {dagbag.py:540} INFO - Filling up the DagBag from /home/airflow/.local/lib/python3.12/site-packages/airflow/example_dags/example_nested_branch_dag.py
[2025-08-19T09:05:49.558+0000] {processor.py:840} INFO - DAG(s) 'example_nested_branch_dag' retrieved from /home/airflow/.local/lib/python3.12/site-packages/airflow/example_dags/example_nested_branch_dag.py
[2025-08-19T09:05:49.583+0000] {logging_mixin.py:188} INFO - [2025-08-19T09:05:49.583+0000] {dag.py:3096} INFO - Sync 1 DAGs
[2025-08-19T09:05:49.608+0000] {logging_mixin.py:188} INFO - [2025-08-19T09:05:49.608+0000] {dag.py:3954} INFO - Setting next_dagrun for example_nested_branch_dag to 2025-08-18 00:00:00+00:00, run_after=2025-08-19 00:00:00+00:00
[2025-08-19T09:05:49.629+0000] {processor.py:183} INFO - Processing /home/airflow/.local/lib/python3.12/site-packages/airflow/example_dags/example_nested_branch_dag.py took 0.098 seconds
[2025-08-19T09:06:19.839+0000] {processor.py:161} INFO - Started process (PID=1986) to work on /home/airflow/.local/lib/python3.12/site-packages/airflow/example_dags/example_nested_branch_dag.py
[2025-08-19T09:06:19.841+0000] {processor.py:830} INFO - Processing file /home/airflow/.local/lib/python3.12/site-packages/airflow/example_dags/example_nested_branch_dag.py for tasks to queue
[2025-08-19T09:06:19.843+0000] {logging_mixin.py:188} INFO - [2025-08-19T09:06:19.843+0000] {dagbag.py:540} INFO - Filling up the DagBag from /home/airflow/.local/lib/python3.12/site-packages/airflow/example_dags/example_nested_branch_dag.py
[2025-08-19T09:06:19.855+0000] {processor.py:840} INFO - DAG(s) 'example_nested_branch_dag' retrieved from /home/airflow/.local/lib/python3.12/site-packages/airflow/example_dags/example_nested_branch_dag.py
[2025-08-19T09:06:19.880+0000] {logging_mixin.py:188} INFO - [2025-08-19T09:06:19.880+0000] {dag.py:3096} INFO - Sync 1 DAGs
[2025-08-19T09:06:19.903+0000] {logging_mixin.py:188} INFO - [2025-08-19T09:06:19.903+0000] {dag.py:3954} INFO - Setting next_dagrun for example_nested_branch_dag to 2025-08-18 00:00:00+00:00, run_after=2025-08-19 00:00:00+00:00
[2025-08-19T09:06:19.923+0000] {processor.py:183} INFO - Processing /home/airflow/.local/lib/python3.12/site-packages/airflow/example_dags/example_nested_branch_dag.py took 0.092 seconds
[2025-08-19T09:06:50.252+0000] {processor.py:161} INFO - Started process (PID=2045) to work on /home/airflow/.local/lib/python3.12/site-packages/airflow/example_dags/example_nested_branch_dag.py
[2025-08-19T09:06:50.253+0000] {processor.py:830} INFO - Processing file /home/airflow/.local/lib/python3.12/site-packages/airflow/example_dags/example_nested_branch_dag.py for tasks to queue
[2025-08-19T09:06:50.256+0000] {logging_mixin.py:188} INFO - [2025-08-19T09:06:50.255+0000] {dagbag.py:540} INFO - Filling up the DagBag from /home/airflow/.local/lib/python3.12/site-packages/airflow/example_dags/example_nested_branch_dag.py
[2025-08-19T09:06:50.269+0000] {processor.py:840} INFO - DAG(s) 'example_nested_branch_dag' retrieved from /home/airflow/.local/lib/python3.12/site-packages/airflow/example_dags/example_nested_branch_dag.py
[2025-08-19T09:06:50.293+0000] {logging_mixin.py:188} INFO - [2025-08-19T09:06:50.293+0000] {dag.py:3096} INFO - Sync 1 DAGs
[2025-08-19T09:06:50.317+0000] {logging_mixin.py:188} INFO - [2025-08-19T09:06:50.317+0000] {dag.py:3954} INFO - Setting next_dagrun for example_nested_branch_dag to 2025-08-18 00:00:00+00:00, run_after=2025-08-19 00:00:00+00:00
[2025-08-19T09:06:50.337+0000] {processor.py:183} INFO - Processing /home/airflow/.local/lib/python3.12/site-packages/airflow/example_dags/example_nested_branch_dag.py took 0.092 seconds
[2025-08-19T09:07:20.564+0000] {processor.py:161} INFO - Started process (PID=2103) to work on /home/airflow/.local/lib/python3.12/site-packages/airflow/example_dags/example_nested_branch_dag.py
[2025-08-19T09:07:20.565+0000] {processor.py:830} INFO - Processing file /home/airflow/.local/lib/python3.12/site-packages/airflow/example_dags/example_nested_branch_dag.py for tasks to queue
[2025-08-19T09:07:20.568+0000] {logging_mixin.py:188} INFO - [2025-08-19T09:07:20.567+0000] {dagbag.py:540} INFO - Filling up the DagBag from /home/airflow/.local/lib/python3.12/site-packages/airflow/example_dags/example_nested_branch_dag.py
[2025-08-19T09:07:20.581+0000] {processor.py:840} INFO - DAG(s) 'example_nested_branch_dag' retrieved from /home/airflow/.local/lib/python3.12/site-packages/airflow/example_dags/example_nested_branch_dag.py
[2025-08-19T09:07:20.607+0000] {logging_mixin.py:188} INFO - [2025-08-19T09:07:20.607+0000] {dag.py:3096} INFO - Sync 1 DAGs
[2025-08-19T09:07:20.633+0000] {logging_mixin.py:188} INFO - [2025-08-19T09:07:20.633+0000] {dag.py:3954} INFO - Setting next_dagrun for example_nested_branch_dag to 2025-08-18 00:00:00+00:00, run_after=2025-08-19 00:00:00+00:00
[2025-08-19T09:07:20.656+0000] {processor.py:183} INFO - Processing /home/airflow/.local/lib/python3.12/site-packages/airflow/example_dags/example_nested_branch_dag.py took 0.099 seconds
[2025-08-19T09:07:50.936+0000] {processor.py:161} INFO - Started process (PID=2161) to work on /home/airflow/.local/lib/python3.12/site-packages/airflow/example_dags/example_nested_branch_dag.py
[2025-08-19T09:07:50.937+0000] {processor.py:830} INFO - Processing file /home/airflow/.local/lib/python3.12/site-packages/airflow/example_dags/example_nested_branch_dag.py for tasks to queue
[2025-08-19T09:07:50.940+0000] {logging_mixin.py:188} INFO - [2025-08-19T09:07:50.940+0000] {dagbag.py:540} INFO - Filling up the DagBag from /home/airflow/.local/lib/python3.12/site-packages/airflow/example_dags/example_nested_branch_dag.py
[2025-08-19T09:07:50.954+0000] {processor.py:840} INFO - DAG(s) 'example_nested_branch_dag' retrieved from /home/airflow/.local/lib/python3.12/site-packages/airflow/example_dags/example_nested_branch_dag.py
[2025-08-19T09:07:50.983+0000] {logging_mixin.py:188} INFO - [2025-08-19T09:07:50.982+0000] {dag.py:3096} INFO - Sync 1 DAGs
[2025-08-19T09:07:51.008+0000] {logging_mixin.py:188} INFO - [2025-08-19T09:07:51.008+0000] {dag.py:3954} INFO - Setting next_dagrun for example_nested_branch_dag to 2025-08-18 00:00:00+00:00, run_after=2025-08-19 00:00:00+00:00
[2025-08-19T09:07:51.028+0000] {processor.py:183} INFO - Processing /home/airflow/.local/lib/python3.12/site-packages/airflow/example_dags/example_nested_branch_dag.py took 0.101 seconds
[2025-08-19T09:08:21.181+0000] {processor.py:161} INFO - Started process (PID=2219) to work on /home/airflow/.local/lib/python3.12/site-packages/airflow/example_dags/example_nested_branch_dag.py
[2025-08-19T09:08:21.182+0000] {processor.py:830} INFO - Processing file /home/airflow/.local/lib/python3.12/site-packages/airflow/example_dags/example_nested_branch_dag.py for tasks to queue
[2025-08-19T09:08:21.185+0000] {logging_mixin.py:188} INFO - [2025-08-19T09:08:21.185+0000] {dagbag.py:540} INFO - Filling up the DagBag from /home/airflow/.local/lib/python3.12/site-packages/airflow/example_dags/example_nested_branch_dag.py
[2025-08-19T09:08:21.198+0000] {processor.py:840} INFO - DAG(s) 'example_nested_branch_dag' retrieved from /home/airflow/.local/lib/python3.12/site-packages/airflow/example_dags/example_nested_branch_dag.py
[2025-08-19T09:08:21.225+0000] {logging_mixin.py:188} INFO - [2025-08-19T09:08:21.224+0000] {dag.py:3096} INFO - Sync 1 DAGs
[2025-08-19T09:08:21.249+0000] {logging_mixin.py:188} INFO - [2025-08-19T09:08:21.249+0000] {dag.py:3954} INFO - Setting next_dagrun for example_nested_branch_dag to 2025-08-18 00:00:00+00:00, run_after=2025-08-19 00:00:00+00:00
[2025-08-19T09:08:21.272+0000] {processor.py:183} INFO - Processing /home/airflow/.local/lib/python3.12/site-packages/airflow/example_dags/example_nested_branch_dag.py took 0.099 seconds
[2025-08-19T09:08:51.918+0000] {processor.py:161} INFO - Started process (PID=2277) to work on /home/airflow/.local/lib/python3.12/site-packages/airflow/example_dags/example_nested_branch_dag.py
[2025-08-19T09:08:51.919+0000] {processor.py:830} INFO - Processing file /home/airflow/.local/lib/python3.12/site-packages/airflow/example_dags/example_nested_branch_dag.py for tasks to queue
[2025-08-19T09:08:51.922+0000] {logging_mixin.py:188} INFO - [2025-08-19T09:08:51.921+0000] {dagbag.py:540} INFO - Filling up the DagBag from /home/airflow/.local/lib/python3.12/site-packages/airflow/example_dags/example_nested_branch_dag.py
[2025-08-19T09:08:51.935+0000] {processor.py:840} INFO - DAG(s) 'example_nested_branch_dag' retrieved from /home/airflow/.local/lib/python3.12/site-packages/airflow/example_dags/example_nested_branch_dag.py
[2025-08-19T09:08:51.968+0000] {logging_mixin.py:188} INFO - [2025-08-19T09:08:51.967+0000] {dag.py:3096} INFO - Sync 1 DAGs
[2025-08-19T09:08:52.000+0000] {logging_mixin.py:188} INFO - [2025-08-19T09:08:51.999+0000] {dag.py:3954} INFO - Setting next_dagrun for example_nested_branch_dag to 2025-08-18 00:00:00+00:00, run_after=2025-08-19 00:00:00+00:00
[2025-08-19T09:08:52.021+0000] {processor.py:183} INFO - Processing /home/airflow/.local/lib/python3.12/site-packages/airflow/example_dags/example_nested_branch_dag.py took 0.111 seconds
[2025-08-19T09:09:22.506+0000] {processor.py:161} INFO - Started process (PID=2335) to work on /home/airflow/.local/lib/python3.12/site-packages/airflow/example_dags/example_nested_branch_dag.py
[2025-08-19T09:09:22.507+0000] {processor.py:830} INFO - Processing file /home/airflow/.local/lib/python3.12/site-packages/airflow/example_dags/example_nested_branch_dag.py for tasks to queue
[2025-08-19T09:09:22.510+0000] {logging_mixin.py:188} INFO - [2025-08-19T09:09:22.509+0000] {dagbag.py:540} INFO - Filling up the DagBag from /home/airflow/.local/lib/python3.12/site-packages/airflow/example_dags/example_nested_branch_dag.py
[2025-08-19T09:09:22.522+0000] {processor.py:840} INFO - DAG(s) 'example_nested_branch_dag' retrieved from /home/airflow/.local/lib/python3.12/site-packages/airflow/example_dags/example_nested_branch_dag.py
[2025-08-19T09:09:22.546+0000] {logging_mixin.py:188} INFO - [2025-08-19T09:09:22.546+0000] {dag.py:3096} INFO - Sync 1 DAGs
[2025-08-19T09:09:22.572+0000] {logging_mixin.py:188} INFO - [2025-08-19T09:09:22.572+0000] {dag.py:3954} INFO - Setting next_dagrun for example_nested_branch_dag to 2025-08-18 00:00:00+00:00, run_after=2025-08-19 00:00:00+00:00
[2025-08-19T09:09:22.592+0000] {processor.py:183} INFO - Processing /home/airflow/.local/lib/python3.12/site-packages/airflow/example_dags/example_nested_branch_dag.py took 0.094 seconds
[2025-08-19T09:09:53.093+0000] {processor.py:161} INFO - Started process (PID=2393) to work on /home/airflow/.local/lib/python3.12/site-packages/airflow/example_dags/example_nested_branch_dag.py
[2025-08-19T09:09:53.095+0000] {processor.py:830} INFO - Processing file /home/airflow/.local/lib/python3.12/site-packages/airflow/example_dags/example_nested_branch_dag.py for tasks to queue
[2025-08-19T09:09:53.097+0000] {logging_mixin.py:188} INFO - [2025-08-19T09:09:53.097+0000] {dagbag.py:540} INFO - Filling up the DagBag from /home/airflow/.local/lib/python3.12/site-packages/airflow/example_dags/example_nested_branch_dag.py
[2025-08-19T09:09:53.110+0000] {processor.py:840} INFO - DAG(s) 'example_nested_branch_dag' retrieved from /home/airflow/.local/lib/python3.12/site-packages/airflow/example_dags/example_nested_branch_dag.py
[2025-08-19T09:09:53.136+0000] {logging_mixin.py:188} INFO - [2025-08-19T09:09:53.136+0000] {dag.py:3096} INFO - Sync 1 DAGs
[2025-08-19T09:09:53.163+0000] {logging_mixin.py:188} INFO - [2025-08-19T09:09:53.163+0000] {dag.py:3954} INFO - Setting next_dagrun for example_nested_branch_dag to 2025-08-18 00:00:00+00:00, run_after=2025-08-19 00:00:00+00:00
[2025-08-19T09:09:53.185+0000] {processor.py:183} INFO - Processing /home/airflow/.local/lib/python3.12/site-packages/airflow/example_dags/example_nested_branch_dag.py took 0.100 seconds
[2025-08-19T09:10:23.481+0000] {processor.py:161} INFO - Started process (PID=2451) to work on /home/airflow/.local/lib/python3.12/site-packages/airflow/example_dags/example_nested_branch_dag.py
[2025-08-19T09:10:23.482+0000] {processor.py:830} INFO - Processing file /home/airflow/.local/lib/python3.12/site-packages/airflow/example_dags/example_nested_branch_dag.py for tasks to queue
[2025-08-19T09:10:23.485+0000] {logging_mixin.py:188} INFO - [2025-08-19T09:10:23.485+0000] {dagbag.py:540} INFO - Filling up the DagBag from /home/airflow/.local/lib/python3.12/site-packages/airflow/example_dags/example_nested_branch_dag.py
[2025-08-19T09:10:23.498+0000] {processor.py:840} INFO - DAG(s) 'example_nested_branch_dag' retrieved from /home/airflow/.local/lib/python3.12/site-packages/airflow/example_dags/example_nested_branch_dag.py
[2025-08-19T09:10:23.526+0000] {logging_mixin.py:188} INFO - [2025-08-19T09:10:23.526+0000] {dag.py:3096} INFO - Sync 1 DAGs
[2025-08-19T09:10:23.554+0000] {logging_mixin.py:188} INFO - [2025-08-19T09:10:23.554+0000] {dag.py:3954} INFO - Setting next_dagrun for example_nested_branch_dag to 2025-08-18 00:00:00+00:00, run_after=2025-08-19 00:00:00+00:00
[2025-08-19T09:10:23.576+0000] {processor.py:183} INFO - Processing /home/airflow/.local/lib/python3.12/site-packages/airflow/example_dags/example_nested_branch_dag.py took 0.104 seconds
[2025-08-19T09:10:54.216+0000] {processor.py:161} INFO - Started process (PID=2509) to work on /home/airflow/.local/lib/python3.12/site-packages/airflow/example_dags/example_nested_branch_dag.py
[2025-08-19T09:10:54.217+0000] {processor.py:830} INFO - Processing file /home/airflow/.local/lib/python3.12/site-packages/airflow/example_dags/example_nested_branch_dag.py for tasks to queue
[2025-08-19T09:10:54.220+0000] {logging_mixin.py:188} INFO - [2025-08-19T09:10:54.219+0000] {dagbag.py:540} INFO - Filling up the DagBag from /home/airflow/.local/lib/python3.12/site-packages/airflow/example_dags/example_nested_branch_dag.py
[2025-08-19T09:10:54.233+0000] {processor.py:840} INFO - DAG(s) 'example_nested_branch_dag' retrieved from /home/airflow/.local/lib/python3.12/site-packages/airflow/example_dags/example_nested_branch_dag.py
[2025-08-19T09:10:54.259+0000] {logging_mixin.py:188} INFO - [2025-08-19T09:10:54.259+0000] {dag.py:3096} INFO - Sync 1 DAGs
[2025-08-19T09:10:54.285+0000] {logging_mixin.py:188} INFO - [2025-08-19T09:10:54.285+0000] {dag.py:3954} INFO - Setting next_dagrun for example_nested_branch_dag to 2025-08-18 00:00:00+00:00, run_after=2025-08-19 00:00:00+00:00
[2025-08-19T09:10:54.308+0000] {processor.py:183} INFO - Processing /home/airflow/.local/lib/python3.12/site-packages/airflow/example_dags/example_nested_branch_dag.py took 0.101 seconds
[2025-08-19T09:11:24.726+0000] {processor.py:161} INFO - Started process (PID=2568) to work on /home/airflow/.local/lib/python3.12/site-packages/airflow/example_dags/example_nested_branch_dag.py
[2025-08-19T09:11:24.727+0000] {processor.py:830} INFO - Processing file /home/airflow/.local/lib/python3.12/site-packages/airflow/example_dags/example_nested_branch_dag.py for tasks to queue
[2025-08-19T09:11:24.730+0000] {logging_mixin.py:188} INFO - [2025-08-19T09:11:24.730+0000] {dagbag.py:540} INFO - Filling up the DagBag from /home/airflow/.local/lib/python3.12/site-packages/airflow/example_dags/example_nested_branch_dag.py
[2025-08-19T09:11:24.745+0000] {processor.py:840} INFO - DAG(s) 'example_nested_branch_dag' retrieved from /home/airflow/.local/lib/python3.12/site-packages/airflow/example_dags/example_nested_branch_dag.py
[2025-08-19T09:11:24.779+0000] {logging_mixin.py:188} INFO - [2025-08-19T09:11:24.779+0000] {dag.py:3096} INFO - Sync 1 DAGs
[2025-08-19T09:11:24.818+0000] {logging_mixin.py:188} INFO - [2025-08-19T09:11:24.817+0000] {dag.py:3954} INFO - Setting next_dagrun for example_nested_branch_dag to 2025-08-18 00:00:00+00:00, run_after=2025-08-19 00:00:00+00:00
[2025-08-19T09:11:24.839+0000] {processor.py:183} INFO - Processing /home/airflow/.local/lib/python3.12/site-packages/airflow/example_dags/example_nested_branch_dag.py took 0.124 seconds
