[2025-08-19T08:49:42.451+0000] {processor.py:161} INFO - Started process (PID=83) to work on /home/airflow/.local/lib/python3.12/site-packages/airflow/example_dags/example_setup_teardown.py
[2025-08-19T08:49:42.452+0000] {processor.py:830} INFO - Processing file /home/airflow/.local/lib/python3.12/site-packages/airflow/example_dags/example_setup_teardown.py for tasks to queue
[2025-08-19T08:49:42.455+0000] {logging_mixin.py:188} INFO - [2025-08-19T08:49:42.455+0000] {dagbag.py:540} INFO - Filling up the DagBag from /home/airflow/.local/lib/python3.12/site-packages/airflow/example_dags/example_setup_teardown.py
[2025-08-19T08:49:42.467+0000] {processor.py:840} INFO - DAG(s) 'example_setup_teardown' retrieved from /home/airflow/.local/lib/python3.12/site-packages/airflow/example_dags/example_setup_teardown.py
[2025-08-19T08:49:42.605+0000] {logging_mixin.py:188} INFO - [2025-08-19T08:49:42.605+0000] {dag.py:3096} INFO - Sync 1 DAGs
[2025-08-19T08:49:42.628+0000] {logging_mixin.py:188} INFO - [2025-08-19T08:49:42.628+0000] {dag.py:3954} INFO - Setting next_dagrun for example_setup_teardown to 2025-08-18 00:00:00+00:00, run_after=2025-08-19 00:00:00+00:00
[2025-08-19T08:49:42.655+0000] {processor.py:183} INFO - Processing /home/airflow/.local/lib/python3.12/site-packages/airflow/example_dags/example_setup_teardown.py took 0.212 seconds
[2025-08-19T08:50:12.992+0000] {processor.py:161} INFO - Started process (PID=141) to work on /home/airflow/.local/lib/python3.12/site-packages/airflow/example_dags/example_setup_teardown.py
[2025-08-19T08:50:12.994+0000] {processor.py:830} INFO - Processing file /home/airflow/.local/lib/python3.12/site-packages/airflow/example_dags/example_setup_teardown.py for tasks to queue
[2025-08-19T08:50:12.996+0000] {logging_mixin.py:188} INFO - [2025-08-19T08:50:12.996+0000] {dagbag.py:540} INFO - Filling up the DagBag from /home/airflow/.local/lib/python3.12/site-packages/airflow/example_dags/example_setup_teardown.py
[2025-08-19T08:50:13.005+0000] {processor.py:840} INFO - DAG(s) 'example_setup_teardown' retrieved from /home/airflow/.local/lib/python3.12/site-packages/airflow/example_dags/example_setup_teardown.py
[2025-08-19T08:50:13.030+0000] {logging_mixin.py:188} INFO - [2025-08-19T08:50:13.030+0000] {dag.py:3096} INFO - Sync 1 DAGs
[2025-08-19T08:50:13.055+0000] {logging_mixin.py:188} INFO - [2025-08-19T08:50:13.055+0000] {dag.py:3954} INFO - Setting next_dagrun for example_setup_teardown to 2025-08-18 00:00:00+00:00, run_after=2025-08-19 00:00:00+00:00
[2025-08-19T08:50:13.075+0000] {processor.py:183} INFO - Processing /home/airflow/.local/lib/python3.12/site-packages/airflow/example_dags/example_setup_teardown.py took 0.090 seconds
[2025-08-19T08:50:43.928+0000] {processor.py:161} INFO - Started process (PID=204) to work on /home/airflow/.local/lib/python3.12/site-packages/airflow/example_dags/example_setup_teardown.py
[2025-08-19T08:50:43.929+0000] {processor.py:830} INFO - Processing file /home/airflow/.local/lib/python3.12/site-packages/airflow/example_dags/example_setup_teardown.py for tasks to queue
[2025-08-19T08:50:43.931+0000] {logging_mixin.py:188} INFO - [2025-08-19T08:50:43.931+0000] {dagbag.py:540} INFO - Filling up the DagBag from /home/airflow/.local/lib/python3.12/site-packages/airflow/example_dags/example_setup_teardown.py
[2025-08-19T08:50:43.940+0000] {processor.py:840} INFO - DAG(s) 'example_setup_teardown' retrieved from /home/airflow/.local/lib/python3.12/site-packages/airflow/example_dags/example_setup_teardown.py
[2025-08-19T08:50:43.955+0000] {logging_mixin.py:188} INFO - [2025-08-19T08:50:43.955+0000] {dag.py:3096} INFO - Sync 1 DAGs
[2025-08-19T08:50:43.980+0000] {logging_mixin.py:188} INFO - [2025-08-19T08:50:43.980+0000] {dag.py:3954} INFO - Setting next_dagrun for example_setup_teardown to 2025-08-18 00:00:00+00:00, run_after=2025-08-19 00:00:00+00:00
[2025-08-19T08:50:44.000+0000] {processor.py:183} INFO - Processing /home/airflow/.local/lib/python3.12/site-packages/airflow/example_dags/example_setup_teardown.py took 0.080 seconds
[2025-08-19T08:51:14.617+0000] {processor.py:161} INFO - Started process (PID=263) to work on /home/airflow/.local/lib/python3.12/site-packages/airflow/example_dags/example_setup_teardown.py
[2025-08-19T08:51:14.618+0000] {processor.py:830} INFO - Processing file /home/airflow/.local/lib/python3.12/site-packages/airflow/example_dags/example_setup_teardown.py for tasks to queue
[2025-08-19T08:51:14.620+0000] {logging_mixin.py:188} INFO - [2025-08-19T08:51:14.620+0000] {dagbag.py:540} INFO - Filling up the DagBag from /home/airflow/.local/lib/python3.12/site-packages/airflow/example_dags/example_setup_teardown.py
[2025-08-19T08:51:14.629+0000] {processor.py:840} INFO - DAG(s) 'example_setup_teardown' retrieved from /home/airflow/.local/lib/python3.12/site-packages/airflow/example_dags/example_setup_teardown.py
[2025-08-19T08:51:14.754+0000] {logging_mixin.py:188} INFO - [2025-08-19T08:51:14.753+0000] {dag.py:3096} INFO - Sync 1 DAGs
[2025-08-19T08:51:14.776+0000] {logging_mixin.py:188} INFO - [2025-08-19T08:51:14.776+0000] {dag.py:3954} INFO - Setting next_dagrun for example_setup_teardown to 2025-08-18 00:00:00+00:00, run_after=2025-08-19 00:00:00+00:00
[2025-08-19T08:51:14.799+0000] {processor.py:183} INFO - Processing /home/airflow/.local/lib/python3.12/site-packages/airflow/example_dags/example_setup_teardown.py took 0.190 seconds
[2025-08-19T08:51:44.903+0000] {processor.py:161} INFO - Started process (PID=321) to work on /home/airflow/.local/lib/python3.12/site-packages/airflow/example_dags/example_setup_teardown.py
[2025-08-19T08:51:44.905+0000] {processor.py:830} INFO - Processing file /home/airflow/.local/lib/python3.12/site-packages/airflow/example_dags/example_setup_teardown.py for tasks to queue
[2025-08-19T08:51:44.907+0000] {logging_mixin.py:188} INFO - [2025-08-19T08:51:44.907+0000] {dagbag.py:540} INFO - Filling up the DagBag from /home/airflow/.local/lib/python3.12/site-packages/airflow/example_dags/example_setup_teardown.py
[2025-08-19T08:51:44.915+0000] {processor.py:840} INFO - DAG(s) 'example_setup_teardown' retrieved from /home/airflow/.local/lib/python3.12/site-packages/airflow/example_dags/example_setup_teardown.py
[2025-08-19T08:51:44.941+0000] {logging_mixin.py:188} INFO - [2025-08-19T08:51:44.941+0000] {dag.py:3096} INFO - Sync 1 DAGs
[2025-08-19T08:51:44.964+0000] {logging_mixin.py:188} INFO - [2025-08-19T08:51:44.964+0000] {dag.py:3954} INFO - Setting next_dagrun for example_setup_teardown to 2025-08-18 00:00:00+00:00, run_after=2025-08-19 00:00:00+00:00
[2025-08-19T08:51:44.987+0000] {processor.py:183} INFO - Processing /home/airflow/.local/lib/python3.12/site-packages/airflow/example_dags/example_setup_teardown.py took 0.091 seconds
[2025-08-19T08:52:15.167+0000] {processor.py:161} INFO - Started process (PID=379) to work on /home/airflow/.local/lib/python3.12/site-packages/airflow/example_dags/example_setup_teardown.py
[2025-08-19T08:52:15.168+0000] {processor.py:830} INFO - Processing file /home/airflow/.local/lib/python3.12/site-packages/airflow/example_dags/example_setup_teardown.py for tasks to queue
[2025-08-19T08:52:15.171+0000] {logging_mixin.py:188} INFO - [2025-08-19T08:52:15.170+0000] {dagbag.py:540} INFO - Filling up the DagBag from /home/airflow/.local/lib/python3.12/site-packages/airflow/example_dags/example_setup_teardown.py
[2025-08-19T08:52:15.180+0000] {processor.py:840} INFO - DAG(s) 'example_setup_teardown' retrieved from /home/airflow/.local/lib/python3.12/site-packages/airflow/example_dags/example_setup_teardown.py
[2025-08-19T08:52:15.207+0000] {logging_mixin.py:188} INFO - [2025-08-19T08:52:15.207+0000] {dag.py:3096} INFO - Sync 1 DAGs
[2025-08-19T08:52:15.235+0000] {logging_mixin.py:188} INFO - [2025-08-19T08:52:15.235+0000] {dag.py:3954} INFO - Setting next_dagrun for example_setup_teardown to 2025-08-18 00:00:00+00:00, run_after=2025-08-19 00:00:00+00:00
[2025-08-19T08:52:15.258+0000] {processor.py:183} INFO - Processing /home/airflow/.local/lib/python3.12/site-packages/airflow/example_dags/example_setup_teardown.py took 0.099 seconds
[2025-08-19T08:52:45.476+0000] {processor.py:161} INFO - Started process (PID=438) to work on /home/airflow/.local/lib/python3.12/site-packages/airflow/example_dags/example_setup_teardown.py
[2025-08-19T08:52:45.478+0000] {processor.py:830} INFO - Processing file /home/airflow/.local/lib/python3.12/site-packages/airflow/example_dags/example_setup_teardown.py for tasks to queue
[2025-08-19T08:52:45.481+0000] {logging_mixin.py:188} INFO - [2025-08-19T08:52:45.480+0000] {dagbag.py:540} INFO - Filling up the DagBag from /home/airflow/.local/lib/python3.12/site-packages/airflow/example_dags/example_setup_teardown.py
[2025-08-19T08:52:45.489+0000] {processor.py:840} INFO - DAG(s) 'example_setup_teardown' retrieved from /home/airflow/.local/lib/python3.12/site-packages/airflow/example_dags/example_setup_teardown.py
[2025-08-19T08:52:45.518+0000] {logging_mixin.py:188} INFO - [2025-08-19T08:52:45.517+0000] {dag.py:3096} INFO - Sync 1 DAGs
[2025-08-19T08:52:45.543+0000] {logging_mixin.py:188} INFO - [2025-08-19T08:52:45.543+0000] {dag.py:3954} INFO - Setting next_dagrun for example_setup_teardown to 2025-08-18 00:00:00+00:00, run_after=2025-08-19 00:00:00+00:00
[2025-08-19T08:52:45.564+0000] {processor.py:183} INFO - Processing /home/airflow/.local/lib/python3.12/site-packages/airflow/example_dags/example_setup_teardown.py took 0.096 seconds
[2025-08-19T08:53:15.686+0000] {processor.py:161} INFO - Started process (PID=497) to work on /home/airflow/.local/lib/python3.12/site-packages/airflow/example_dags/example_setup_teardown.py
[2025-08-19T08:53:15.687+0000] {processor.py:830} INFO - Processing file /home/airflow/.local/lib/python3.12/site-packages/airflow/example_dags/example_setup_teardown.py for tasks to queue
[2025-08-19T08:53:15.690+0000] {logging_mixin.py:188} INFO - [2025-08-19T08:53:15.689+0000] {dagbag.py:540} INFO - Filling up the DagBag from /home/airflow/.local/lib/python3.12/site-packages/airflow/example_dags/example_setup_teardown.py
[2025-08-19T08:53:15.699+0000] {processor.py:840} INFO - DAG(s) 'example_setup_teardown' retrieved from /home/airflow/.local/lib/python3.12/site-packages/airflow/example_dags/example_setup_teardown.py
[2025-08-19T08:53:15.726+0000] {logging_mixin.py:188} INFO - [2025-08-19T08:53:15.726+0000] {dag.py:3096} INFO - Sync 1 DAGs
[2025-08-19T08:53:15.753+0000] {logging_mixin.py:188} INFO - [2025-08-19T08:53:15.753+0000] {dag.py:3954} INFO - Setting next_dagrun for example_setup_teardown to 2025-08-18 00:00:00+00:00, run_after=2025-08-19 00:00:00+00:00
[2025-08-19T08:53:15.775+0000] {processor.py:183} INFO - Processing /home/airflow/.local/lib/python3.12/site-packages/airflow/example_dags/example_setup_teardown.py took 0.098 seconds
[2025-08-19T08:53:45.910+0000] {processor.py:161} INFO - Started process (PID=555) to work on /home/airflow/.local/lib/python3.12/site-packages/airflow/example_dags/example_setup_teardown.py
[2025-08-19T08:53:45.912+0000] {processor.py:830} INFO - Processing file /home/airflow/.local/lib/python3.12/site-packages/airflow/example_dags/example_setup_teardown.py for tasks to queue
[2025-08-19T08:53:45.914+0000] {logging_mixin.py:188} INFO - [2025-08-19T08:53:45.914+0000] {dagbag.py:540} INFO - Filling up the DagBag from /home/airflow/.local/lib/python3.12/site-packages/airflow/example_dags/example_setup_teardown.py
[2025-08-19T08:53:45.923+0000] {processor.py:840} INFO - DAG(s) 'example_setup_teardown' retrieved from /home/airflow/.local/lib/python3.12/site-packages/airflow/example_dags/example_setup_teardown.py
[2025-08-19T08:53:45.947+0000] {logging_mixin.py:188} INFO - [2025-08-19T08:53:45.947+0000] {dag.py:3096} INFO - Sync 1 DAGs
[2025-08-19T08:53:45.971+0000] {logging_mixin.py:188} INFO - [2025-08-19T08:53:45.970+0000] {dag.py:3954} INFO - Setting next_dagrun for example_setup_teardown to 2025-08-18 00:00:00+00:00, run_after=2025-08-19 00:00:00+00:00
[2025-08-19T08:53:45.990+0000] {processor.py:183} INFO - Processing /home/airflow/.local/lib/python3.12/site-packages/airflow/example_dags/example_setup_teardown.py took 0.088 seconds
[2025-08-19T08:54:16.203+0000] {processor.py:161} INFO - Started process (PID=613) to work on /home/airflow/.local/lib/python3.12/site-packages/airflow/example_dags/example_setup_teardown.py
[2025-08-19T08:54:16.204+0000] {processor.py:830} INFO - Processing file /home/airflow/.local/lib/python3.12/site-packages/airflow/example_dags/example_setup_teardown.py for tasks to queue
[2025-08-19T08:54:16.206+0000] {logging_mixin.py:188} INFO - [2025-08-19T08:54:16.206+0000] {dagbag.py:540} INFO - Filling up the DagBag from /home/airflow/.local/lib/python3.12/site-packages/airflow/example_dags/example_setup_teardown.py
[2025-08-19T08:54:16.215+0000] {processor.py:840} INFO - DAG(s) 'example_setup_teardown' retrieved from /home/airflow/.local/lib/python3.12/site-packages/airflow/example_dags/example_setup_teardown.py
[2025-08-19T08:54:16.241+0000] {logging_mixin.py:188} INFO - [2025-08-19T08:54:16.240+0000] {dag.py:3096} INFO - Sync 1 DAGs
[2025-08-19T08:54:16.265+0000] {logging_mixin.py:188} INFO - [2025-08-19T08:54:16.265+0000] {dag.py:3954} INFO - Setting next_dagrun for example_setup_teardown to 2025-08-18 00:00:00+00:00, run_after=2025-08-19 00:00:00+00:00
[2025-08-19T08:54:16.284+0000] {processor.py:183} INFO - Processing /home/airflow/.local/lib/python3.12/site-packages/airflow/example_dags/example_setup_teardown.py took 0.089 seconds
[2025-08-19T08:54:46.754+0000] {processor.py:161} INFO - Started process (PID=671) to work on /home/airflow/.local/lib/python3.12/site-packages/airflow/example_dags/example_setup_teardown.py
[2025-08-19T08:54:46.755+0000] {processor.py:830} INFO - Processing file /home/airflow/.local/lib/python3.12/site-packages/airflow/example_dags/example_setup_teardown.py for tasks to queue
[2025-08-19T08:54:46.758+0000] {logging_mixin.py:188} INFO - [2025-08-19T08:54:46.758+0000] {dagbag.py:540} INFO - Filling up the DagBag from /home/airflow/.local/lib/python3.12/site-packages/airflow/example_dags/example_setup_teardown.py
[2025-08-19T08:54:46.767+0000] {processor.py:840} INFO - DAG(s) 'example_setup_teardown' retrieved from /home/airflow/.local/lib/python3.12/site-packages/airflow/example_dags/example_setup_teardown.py
[2025-08-19T08:54:46.794+0000] {logging_mixin.py:188} INFO - [2025-08-19T08:54:46.794+0000] {dag.py:3096} INFO - Sync 1 DAGs
[2025-08-19T08:54:46.819+0000] {logging_mixin.py:188} INFO - [2025-08-19T08:54:46.818+0000] {dag.py:3954} INFO - Setting next_dagrun for example_setup_teardown to 2025-08-18 00:00:00+00:00, run_after=2025-08-19 00:00:00+00:00
[2025-08-19T08:54:46.840+0000] {processor.py:183} INFO - Processing /home/airflow/.local/lib/python3.12/site-packages/airflow/example_dags/example_setup_teardown.py took 0.094 seconds
[2025-08-19T08:55:17.434+0000] {processor.py:161} INFO - Started process (PID=729) to work on /home/airflow/.local/lib/python3.12/site-packages/airflow/example_dags/example_setup_teardown.py
[2025-08-19T08:55:17.435+0000] {processor.py:830} INFO - Processing file /home/airflow/.local/lib/python3.12/site-packages/airflow/example_dags/example_setup_teardown.py for tasks to queue
[2025-08-19T08:55:17.438+0000] {logging_mixin.py:188} INFO - [2025-08-19T08:55:17.437+0000] {dagbag.py:540} INFO - Filling up the DagBag from /home/airflow/.local/lib/python3.12/site-packages/airflow/example_dags/example_setup_teardown.py
[2025-08-19T08:55:17.446+0000] {processor.py:840} INFO - DAG(s) 'example_setup_teardown' retrieved from /home/airflow/.local/lib/python3.12/site-packages/airflow/example_dags/example_setup_teardown.py
[2025-08-19T08:55:17.471+0000] {logging_mixin.py:188} INFO - [2025-08-19T08:55:17.471+0000] {dag.py:3096} INFO - Sync 1 DAGs
[2025-08-19T08:55:17.495+0000] {logging_mixin.py:188} INFO - [2025-08-19T08:55:17.495+0000] {dag.py:3954} INFO - Setting next_dagrun for example_setup_teardown to 2025-08-18 00:00:00+00:00, run_after=2025-08-19 00:00:00+00:00
[2025-08-19T08:55:17.515+0000] {processor.py:183} INFO - Processing /home/airflow/.local/lib/python3.12/site-packages/airflow/example_dags/example_setup_teardown.py took 0.089 seconds
[2025-08-19T08:55:48.217+0000] {processor.py:161} INFO - Started process (PID=787) to work on /home/airflow/.local/lib/python3.12/site-packages/airflow/example_dags/example_setup_teardown.py
[2025-08-19T08:55:48.218+0000] {processor.py:830} INFO - Processing file /home/airflow/.local/lib/python3.12/site-packages/airflow/example_dags/example_setup_teardown.py for tasks to queue
[2025-08-19T08:55:48.221+0000] {logging_mixin.py:188} INFO - [2025-08-19T08:55:48.220+0000] {dagbag.py:540} INFO - Filling up the DagBag from /home/airflow/.local/lib/python3.12/site-packages/airflow/example_dags/example_setup_teardown.py
[2025-08-19T08:55:48.229+0000] {processor.py:840} INFO - DAG(s) 'example_setup_teardown' retrieved from /home/airflow/.local/lib/python3.12/site-packages/airflow/example_dags/example_setup_teardown.py
[2025-08-19T08:55:48.256+0000] {logging_mixin.py:188} INFO - [2025-08-19T08:55:48.256+0000] {dag.py:3096} INFO - Sync 1 DAGs
[2025-08-19T08:55:48.281+0000] {logging_mixin.py:188} INFO - [2025-08-19T08:55:48.281+0000] {dag.py:3954} INFO - Setting next_dagrun for example_setup_teardown to 2025-08-18 00:00:00+00:00, run_after=2025-08-19 00:00:00+00:00
[2025-08-19T08:55:48.301+0000] {processor.py:183} INFO - Processing /home/airflow/.local/lib/python3.12/site-packages/airflow/example_dags/example_setup_teardown.py took 0.092 seconds
[2025-08-19T08:56:18.638+0000] {processor.py:161} INFO - Started process (PID=845) to work on /home/airflow/.local/lib/python3.12/site-packages/airflow/example_dags/example_setup_teardown.py
[2025-08-19T08:56:18.639+0000] {processor.py:830} INFO - Processing file /home/airflow/.local/lib/python3.12/site-packages/airflow/example_dags/example_setup_teardown.py for tasks to queue
[2025-08-19T08:56:18.642+0000] {logging_mixin.py:188} INFO - [2025-08-19T08:56:18.642+0000] {dagbag.py:540} INFO - Filling up the DagBag from /home/airflow/.local/lib/python3.12/site-packages/airflow/example_dags/example_setup_teardown.py
[2025-08-19T08:56:18.652+0000] {processor.py:840} INFO - DAG(s) 'example_setup_teardown' retrieved from /home/airflow/.local/lib/python3.12/site-packages/airflow/example_dags/example_setup_teardown.py
[2025-08-19T08:56:18.678+0000] {logging_mixin.py:188} INFO - [2025-08-19T08:56:18.678+0000] {dag.py:3096} INFO - Sync 1 DAGs
[2025-08-19T08:56:18.850+0000] {logging_mixin.py:188} INFO - [2025-08-19T08:56:18.850+0000] {dag.py:3954} INFO - Setting next_dagrun for example_setup_teardown to 2025-08-18 00:00:00+00:00, run_after=2025-08-19 00:00:00+00:00
[2025-08-19T08:56:18.868+0000] {processor.py:183} INFO - Processing /home/airflow/.local/lib/python3.12/site-packages/airflow/example_dags/example_setup_teardown.py took 0.238 seconds
[2025-08-19T08:56:49.103+0000] {processor.py:161} INFO - Started process (PID=903) to work on /home/airflow/.local/lib/python3.12/site-packages/airflow/example_dags/example_setup_teardown.py
[2025-08-19T08:56:49.104+0000] {processor.py:830} INFO - Processing file /home/airflow/.local/lib/python3.12/site-packages/airflow/example_dags/example_setup_teardown.py for tasks to queue
[2025-08-19T08:56:49.107+0000] {logging_mixin.py:188} INFO - [2025-08-19T08:56:49.106+0000] {dagbag.py:540} INFO - Filling up the DagBag from /home/airflow/.local/lib/python3.12/site-packages/airflow/example_dags/example_setup_teardown.py
[2025-08-19T08:56:49.116+0000] {processor.py:840} INFO - DAG(s) 'example_setup_teardown' retrieved from /home/airflow/.local/lib/python3.12/site-packages/airflow/example_dags/example_setup_teardown.py
[2025-08-19T08:56:49.142+0000] {logging_mixin.py:188} INFO - [2025-08-19T08:56:49.142+0000] {dag.py:3096} INFO - Sync 1 DAGs
[2025-08-19T08:56:49.328+0000] {logging_mixin.py:188} INFO - [2025-08-19T08:56:49.328+0000] {dag.py:3954} INFO - Setting next_dagrun for example_setup_teardown to 2025-08-18 00:00:00+00:00, run_after=2025-08-19 00:00:00+00:00
[2025-08-19T08:56:49.348+0000] {processor.py:183} INFO - Processing /home/airflow/.local/lib/python3.12/site-packages/airflow/example_dags/example_setup_teardown.py took 0.255 seconds
[2025-08-19T08:57:19.631+0000] {processor.py:161} INFO - Started process (PID=962) to work on /home/airflow/.local/lib/python3.12/site-packages/airflow/example_dags/example_setup_teardown.py
[2025-08-19T08:57:19.632+0000] {processor.py:830} INFO - Processing file /home/airflow/.local/lib/python3.12/site-packages/airflow/example_dags/example_setup_teardown.py for tasks to queue
[2025-08-19T08:57:19.635+0000] {logging_mixin.py:188} INFO - [2025-08-19T08:57:19.634+0000] {dagbag.py:540} INFO - Filling up the DagBag from /home/airflow/.local/lib/python3.12/site-packages/airflow/example_dags/example_setup_teardown.py
[2025-08-19T08:57:19.643+0000] {processor.py:840} INFO - DAG(s) 'example_setup_teardown' retrieved from /home/airflow/.local/lib/python3.12/site-packages/airflow/example_dags/example_setup_teardown.py
[2025-08-19T08:57:19.668+0000] {logging_mixin.py:188} INFO - [2025-08-19T08:57:19.668+0000] {dag.py:3096} INFO - Sync 1 DAGs
[2025-08-19T08:57:19.837+0000] {logging_mixin.py:188} INFO - [2025-08-19T08:57:19.836+0000] {dag.py:3954} INFO - Setting next_dagrun for example_setup_teardown to 2025-08-18 00:00:00+00:00, run_after=2025-08-19 00:00:00+00:00
[2025-08-19T08:57:19.856+0000] {processor.py:183} INFO - Processing /home/airflow/.local/lib/python3.12/site-packages/airflow/example_dags/example_setup_teardown.py took 0.232 seconds
[2025-08-19T08:57:50.682+0000] {processor.py:161} INFO - Started process (PID=1020) to work on /home/airflow/.local/lib/python3.12/site-packages/airflow/example_dags/example_setup_teardown.py
[2025-08-19T08:57:50.683+0000] {processor.py:830} INFO - Processing file /home/airflow/.local/lib/python3.12/site-packages/airflow/example_dags/example_setup_teardown.py for tasks to queue
[2025-08-19T08:57:50.685+0000] {logging_mixin.py:188} INFO - [2025-08-19T08:57:50.685+0000] {dagbag.py:540} INFO - Filling up the DagBag from /home/airflow/.local/lib/python3.12/site-packages/airflow/example_dags/example_setup_teardown.py
[2025-08-19T08:57:50.693+0000] {processor.py:840} INFO - DAG(s) 'example_setup_teardown' retrieved from /home/airflow/.local/lib/python3.12/site-packages/airflow/example_dags/example_setup_teardown.py
[2025-08-19T08:57:50.718+0000] {logging_mixin.py:188} INFO - [2025-08-19T08:57:50.718+0000] {dag.py:3096} INFO - Sync 1 DAGs
[2025-08-19T08:57:50.740+0000] {logging_mixin.py:188} INFO - [2025-08-19T08:57:50.740+0000] {dag.py:3954} INFO - Setting next_dagrun for example_setup_teardown to 2025-08-18 00:00:00+00:00, run_after=2025-08-19 00:00:00+00:00
[2025-08-19T08:57:50.901+0000] {processor.py:183} INFO - Processing /home/airflow/.local/lib/python3.12/site-packages/airflow/example_dags/example_setup_teardown.py took 0.227 seconds
[2025-08-19T08:58:21.027+0000] {processor.py:161} INFO - Started process (PID=1079) to work on /home/airflow/.local/lib/python3.12/site-packages/airflow/example_dags/example_setup_teardown.py
[2025-08-19T08:58:21.028+0000] {processor.py:830} INFO - Processing file /home/airflow/.local/lib/python3.12/site-packages/airflow/example_dags/example_setup_teardown.py for tasks to queue
[2025-08-19T08:58:21.031+0000] {logging_mixin.py:188} INFO - [2025-08-19T08:58:21.030+0000] {dagbag.py:540} INFO - Filling up the DagBag from /home/airflow/.local/lib/python3.12/site-packages/airflow/example_dags/example_setup_teardown.py
[2025-08-19T08:58:21.039+0000] {processor.py:840} INFO - DAG(s) 'example_setup_teardown' retrieved from /home/airflow/.local/lib/python3.12/site-packages/airflow/example_dags/example_setup_teardown.py
[2025-08-19T08:58:21.066+0000] {logging_mixin.py:188} INFO - [2025-08-19T08:58:21.065+0000] {dag.py:3096} INFO - Sync 1 DAGs
[2025-08-19T08:58:21.092+0000] {logging_mixin.py:188} INFO - [2025-08-19T08:58:21.091+0000] {dag.py:3954} INFO - Setting next_dagrun for example_setup_teardown to 2025-08-18 00:00:00+00:00, run_after=2025-08-19 00:00:00+00:00
[2025-08-19T08:58:21.114+0000] {processor.py:183} INFO - Processing /home/airflow/.local/lib/python3.12/site-packages/airflow/example_dags/example_setup_teardown.py took 0.096 seconds
[2025-08-19T08:58:51.474+0000] {processor.py:161} INFO - Started process (PID=1137) to work on /home/airflow/.local/lib/python3.12/site-packages/airflow/example_dags/example_setup_teardown.py
[2025-08-19T08:58:51.476+0000] {processor.py:830} INFO - Processing file /home/airflow/.local/lib/python3.12/site-packages/airflow/example_dags/example_setup_teardown.py for tasks to queue
[2025-08-19T08:58:51.478+0000] {logging_mixin.py:188} INFO - [2025-08-19T08:58:51.478+0000] {dagbag.py:540} INFO - Filling up the DagBag from /home/airflow/.local/lib/python3.12/site-packages/airflow/example_dags/example_setup_teardown.py
[2025-08-19T08:58:51.486+0000] {processor.py:840} INFO - DAG(s) 'example_setup_teardown' retrieved from /home/airflow/.local/lib/python3.12/site-packages/airflow/example_dags/example_setup_teardown.py
[2025-08-19T08:58:51.512+0000] {logging_mixin.py:188} INFO - [2025-08-19T08:58:51.511+0000] {dag.py:3096} INFO - Sync 1 DAGs
[2025-08-19T08:58:51.537+0000] {logging_mixin.py:188} INFO - [2025-08-19T08:58:51.536+0000] {dag.py:3954} INFO - Setting next_dagrun for example_setup_teardown to 2025-08-18 00:00:00+00:00, run_after=2025-08-19 00:00:00+00:00
[2025-08-19T08:58:51.556+0000] {processor.py:183} INFO - Processing /home/airflow/.local/lib/python3.12/site-packages/airflow/example_dags/example_setup_teardown.py took 0.090 seconds
[2025-08-19T08:59:21.886+0000] {processor.py:161} INFO - Started process (PID=1195) to work on /home/airflow/.local/lib/python3.12/site-packages/airflow/example_dags/example_setup_teardown.py
[2025-08-19T08:59:21.887+0000] {processor.py:830} INFO - Processing file /home/airflow/.local/lib/python3.12/site-packages/airflow/example_dags/example_setup_teardown.py for tasks to queue
[2025-08-19T08:59:21.889+0000] {logging_mixin.py:188} INFO - [2025-08-19T08:59:21.889+0000] {dagbag.py:540} INFO - Filling up the DagBag from /home/airflow/.local/lib/python3.12/site-packages/airflow/example_dags/example_setup_teardown.py
[2025-08-19T08:59:21.897+0000] {processor.py:840} INFO - DAG(s) 'example_setup_teardown' retrieved from /home/airflow/.local/lib/python3.12/site-packages/airflow/example_dags/example_setup_teardown.py
[2025-08-19T08:59:21.922+0000] {logging_mixin.py:188} INFO - [2025-08-19T08:59:21.921+0000] {dag.py:3096} INFO - Sync 1 DAGs
[2025-08-19T08:59:21.945+0000] {logging_mixin.py:188} INFO - [2025-08-19T08:59:21.944+0000] {dag.py:3954} INFO - Setting next_dagrun for example_setup_teardown to 2025-08-18 00:00:00+00:00, run_after=2025-08-19 00:00:00+00:00
[2025-08-19T08:59:21.964+0000] {processor.py:183} INFO - Processing /home/airflow/.local/lib/python3.12/site-packages/airflow/example_dags/example_setup_teardown.py took 0.086 seconds
[2025-08-19T08:59:52.283+0000] {processor.py:161} INFO - Started process (PID=1252) to work on /home/airflow/.local/lib/python3.12/site-packages/airflow/example_dags/example_setup_teardown.py
[2025-08-19T08:59:52.284+0000] {processor.py:830} INFO - Processing file /home/airflow/.local/lib/python3.12/site-packages/airflow/example_dags/example_setup_teardown.py for tasks to queue
[2025-08-19T08:59:52.287+0000] {logging_mixin.py:188} INFO - [2025-08-19T08:59:52.286+0000] {dagbag.py:540} INFO - Filling up the DagBag from /home/airflow/.local/lib/python3.12/site-packages/airflow/example_dags/example_setup_teardown.py
[2025-08-19T08:59:52.295+0000] {processor.py:840} INFO - DAG(s) 'example_setup_teardown' retrieved from /home/airflow/.local/lib/python3.12/site-packages/airflow/example_dags/example_setup_teardown.py
[2025-08-19T08:59:52.321+0000] {logging_mixin.py:188} INFO - [2025-08-19T08:59:52.321+0000] {dag.py:3096} INFO - Sync 1 DAGs
[2025-08-19T08:59:52.346+0000] {logging_mixin.py:188} INFO - [2025-08-19T08:59:52.346+0000] {dag.py:3954} INFO - Setting next_dagrun for example_setup_teardown to 2025-08-18 00:00:00+00:00, run_after=2025-08-19 00:00:00+00:00
[2025-08-19T08:59:52.369+0000] {processor.py:183} INFO - Processing /home/airflow/.local/lib/python3.12/site-packages/airflow/example_dags/example_setup_teardown.py took 0.094 seconds
[2025-08-19T09:00:22.554+0000] {processor.py:161} INFO - Started process (PID=1310) to work on /home/airflow/.local/lib/python3.12/site-packages/airflow/example_dags/example_setup_teardown.py
[2025-08-19T09:00:22.555+0000] {processor.py:830} INFO - Processing file /home/airflow/.local/lib/python3.12/site-packages/airflow/example_dags/example_setup_teardown.py for tasks to queue
[2025-08-19T09:00:22.558+0000] {logging_mixin.py:188} INFO - [2025-08-19T09:00:22.557+0000] {dagbag.py:540} INFO - Filling up the DagBag from /home/airflow/.local/lib/python3.12/site-packages/airflow/example_dags/example_setup_teardown.py
[2025-08-19T09:00:22.569+0000] {processor.py:840} INFO - DAG(s) 'example_setup_teardown' retrieved from /home/airflow/.local/lib/python3.12/site-packages/airflow/example_dags/example_setup_teardown.py
[2025-08-19T09:00:22.595+0000] {logging_mixin.py:188} INFO - [2025-08-19T09:00:22.595+0000] {dag.py:3096} INFO - Sync 1 DAGs
[2025-08-19T09:00:22.619+0000] {logging_mixin.py:188} INFO - [2025-08-19T09:00:22.619+0000] {dag.py:3954} INFO - Setting next_dagrun for example_setup_teardown to 2025-08-18 00:00:00+00:00, run_after=2025-08-19 00:00:00+00:00
[2025-08-19T09:00:22.639+0000] {processor.py:183} INFO - Processing /home/airflow/.local/lib/python3.12/site-packages/airflow/example_dags/example_setup_teardown.py took 0.095 seconds
[2025-08-19T09:00:52.937+0000] {processor.py:161} INFO - Started process (PID=1368) to work on /home/airflow/.local/lib/python3.12/site-packages/airflow/example_dags/example_setup_teardown.py
[2025-08-19T09:00:52.938+0000] {processor.py:830} INFO - Processing file /home/airflow/.local/lib/python3.12/site-packages/airflow/example_dags/example_setup_teardown.py for tasks to queue
[2025-08-19T09:00:52.941+0000] {logging_mixin.py:188} INFO - [2025-08-19T09:00:52.940+0000] {dagbag.py:540} INFO - Filling up the DagBag from /home/airflow/.local/lib/python3.12/site-packages/airflow/example_dags/example_setup_teardown.py
[2025-08-19T09:00:52.949+0000] {processor.py:840} INFO - DAG(s) 'example_setup_teardown' retrieved from /home/airflow/.local/lib/python3.12/site-packages/airflow/example_dags/example_setup_teardown.py
[2025-08-19T09:00:52.973+0000] {logging_mixin.py:188} INFO - [2025-08-19T09:00:52.973+0000] {dag.py:3096} INFO - Sync 1 DAGs
[2025-08-19T09:00:52.996+0000] {logging_mixin.py:188} INFO - [2025-08-19T09:00:52.995+0000] {dag.py:3954} INFO - Setting next_dagrun for example_setup_teardown to 2025-08-18 00:00:00+00:00, run_after=2025-08-19 00:00:00+00:00
[2025-08-19T09:00:53.016+0000] {processor.py:183} INFO - Processing /home/airflow/.local/lib/python3.12/site-packages/airflow/example_dags/example_setup_teardown.py took 0.086 seconds
[2025-08-19T09:01:23.160+0000] {processor.py:161} INFO - Started process (PID=1426) to work on /home/airflow/.local/lib/python3.12/site-packages/airflow/example_dags/example_setup_teardown.py
[2025-08-19T09:01:23.161+0000] {processor.py:830} INFO - Processing file /home/airflow/.local/lib/python3.12/site-packages/airflow/example_dags/example_setup_teardown.py for tasks to queue
[2025-08-19T09:01:23.164+0000] {logging_mixin.py:188} INFO - [2025-08-19T09:01:23.163+0000] {dagbag.py:540} INFO - Filling up the DagBag from /home/airflow/.local/lib/python3.12/site-packages/airflow/example_dags/example_setup_teardown.py
[2025-08-19T09:01:23.172+0000] {processor.py:840} INFO - DAG(s) 'example_setup_teardown' retrieved from /home/airflow/.local/lib/python3.12/site-packages/airflow/example_dags/example_setup_teardown.py
[2025-08-19T09:01:23.196+0000] {logging_mixin.py:188} INFO - [2025-08-19T09:01:23.196+0000] {dag.py:3096} INFO - Sync 1 DAGs
[2025-08-19T09:01:23.218+0000] {logging_mixin.py:188} INFO - [2025-08-19T09:01:23.218+0000] {dag.py:3954} INFO - Setting next_dagrun for example_setup_teardown to 2025-08-18 00:00:00+00:00, run_after=2025-08-19 00:00:00+00:00
[2025-08-19T09:01:23.238+0000] {processor.py:183} INFO - Processing /home/airflow/.local/lib/python3.12/site-packages/airflow/example_dags/example_setup_teardown.py took 0.085 seconds
[2025-08-19T09:01:53.448+0000] {processor.py:161} INFO - Started process (PID=1484) to work on /home/airflow/.local/lib/python3.12/site-packages/airflow/example_dags/example_setup_teardown.py
[2025-08-19T09:01:53.449+0000] {processor.py:830} INFO - Processing file /home/airflow/.local/lib/python3.12/site-packages/airflow/example_dags/example_setup_teardown.py for tasks to queue
[2025-08-19T09:01:53.452+0000] {logging_mixin.py:188} INFO - [2025-08-19T09:01:53.452+0000] {dagbag.py:540} INFO - Filling up the DagBag from /home/airflow/.local/lib/python3.12/site-packages/airflow/example_dags/example_setup_teardown.py
[2025-08-19T09:01:53.461+0000] {processor.py:840} INFO - DAG(s) 'example_setup_teardown' retrieved from /home/airflow/.local/lib/python3.12/site-packages/airflow/example_dags/example_setup_teardown.py
[2025-08-19T09:01:53.487+0000] {logging_mixin.py:188} INFO - [2025-08-19T09:01:53.487+0000] {dag.py:3096} INFO - Sync 1 DAGs
[2025-08-19T09:01:53.511+0000] {logging_mixin.py:188} INFO - [2025-08-19T09:01:53.511+0000] {dag.py:3954} INFO - Setting next_dagrun for example_setup_teardown to 2025-08-18 00:00:00+00:00, run_after=2025-08-19 00:00:00+00:00
[2025-08-19T09:01:53.533+0000] {processor.py:183} INFO - Processing /home/airflow/.local/lib/python3.12/site-packages/airflow/example_dags/example_setup_teardown.py took 0.096 seconds
[2025-08-19T09:02:23.899+0000] {processor.py:161} INFO - Started process (PID=1542) to work on /home/airflow/.local/lib/python3.12/site-packages/airflow/example_dags/example_setup_teardown.py
[2025-08-19T09:02:23.900+0000] {processor.py:830} INFO - Processing file /home/airflow/.local/lib/python3.12/site-packages/airflow/example_dags/example_setup_teardown.py for tasks to queue
[2025-08-19T09:02:23.903+0000] {logging_mixin.py:188} INFO - [2025-08-19T09:02:23.902+0000] {dagbag.py:540} INFO - Filling up the DagBag from /home/airflow/.local/lib/python3.12/site-packages/airflow/example_dags/example_setup_teardown.py
[2025-08-19T09:02:23.912+0000] {processor.py:840} INFO - DAG(s) 'example_setup_teardown' retrieved from /home/airflow/.local/lib/python3.12/site-packages/airflow/example_dags/example_setup_teardown.py
[2025-08-19T09:02:23.937+0000] {logging_mixin.py:188} INFO - [2025-08-19T09:02:23.937+0000] {dag.py:3096} INFO - Sync 1 DAGs
[2025-08-19T09:02:23.965+0000] {logging_mixin.py:188} INFO - [2025-08-19T09:02:23.965+0000] {dag.py:3954} INFO - Setting next_dagrun for example_setup_teardown to 2025-08-18 00:00:00+00:00, run_after=2025-08-19 00:00:00+00:00
[2025-08-19T09:02:23.989+0000] {processor.py:183} INFO - Processing /home/airflow/.local/lib/python3.12/site-packages/airflow/example_dags/example_setup_teardown.py took 0.098 seconds
[2025-08-19T09:02:54.146+0000] {processor.py:161} INFO - Started process (PID=1600) to work on /home/airflow/.local/lib/python3.12/site-packages/airflow/example_dags/example_setup_teardown.py
[2025-08-19T09:02:54.147+0000] {processor.py:830} INFO - Processing file /home/airflow/.local/lib/python3.12/site-packages/airflow/example_dags/example_setup_teardown.py for tasks to queue
[2025-08-19T09:02:54.149+0000] {logging_mixin.py:188} INFO - [2025-08-19T09:02:54.149+0000] {dagbag.py:540} INFO - Filling up the DagBag from /home/airflow/.local/lib/python3.12/site-packages/airflow/example_dags/example_setup_teardown.py
[2025-08-19T09:02:54.158+0000] {processor.py:840} INFO - DAG(s) 'example_setup_teardown' retrieved from /home/airflow/.local/lib/python3.12/site-packages/airflow/example_dags/example_setup_teardown.py
[2025-08-19T09:02:54.182+0000] {logging_mixin.py:188} INFO - [2025-08-19T09:02:54.182+0000] {dag.py:3096} INFO - Sync 1 DAGs
[2025-08-19T09:02:54.204+0000] {logging_mixin.py:188} INFO - [2025-08-19T09:02:54.204+0000] {dag.py:3954} INFO - Setting next_dagrun for example_setup_teardown to 2025-08-18 00:00:00+00:00, run_after=2025-08-19 00:00:00+00:00
[2025-08-19T09:02:54.224+0000] {processor.py:183} INFO - Processing /home/airflow/.local/lib/python3.12/site-packages/airflow/example_dags/example_setup_teardown.py took 0.087 seconds
[2025-08-19T09:03:24.452+0000] {processor.py:161} INFO - Started process (PID=1658) to work on /home/airflow/.local/lib/python3.12/site-packages/airflow/example_dags/example_setup_teardown.py
[2025-08-19T09:03:24.453+0000] {processor.py:830} INFO - Processing file /home/airflow/.local/lib/python3.12/site-packages/airflow/example_dags/example_setup_teardown.py for tasks to queue
[2025-08-19T09:03:24.456+0000] {logging_mixin.py:188} INFO - [2025-08-19T09:03:24.455+0000] {dagbag.py:540} INFO - Filling up the DagBag from /home/airflow/.local/lib/python3.12/site-packages/airflow/example_dags/example_setup_teardown.py
[2025-08-19T09:03:24.464+0000] {processor.py:840} INFO - DAG(s) 'example_setup_teardown' retrieved from /home/airflow/.local/lib/python3.12/site-packages/airflow/example_dags/example_setup_teardown.py
[2025-08-19T09:03:24.489+0000] {logging_mixin.py:188} INFO - [2025-08-19T09:03:24.489+0000] {dag.py:3096} INFO - Sync 1 DAGs
[2025-08-19T09:03:24.513+0000] {logging_mixin.py:188} INFO - [2025-08-19T09:03:24.513+0000] {dag.py:3954} INFO - Setting next_dagrun for example_setup_teardown to 2025-08-18 00:00:00+00:00, run_after=2025-08-19 00:00:00+00:00
[2025-08-19T09:03:24.534+0000] {processor.py:183} INFO - Processing /home/airflow/.local/lib/python3.12/site-packages/airflow/example_dags/example_setup_teardown.py took 0.090 seconds
[2025-08-19T09:03:54.702+0000] {processor.py:161} INFO - Started process (PID=1716) to work on /home/airflow/.local/lib/python3.12/site-packages/airflow/example_dags/example_setup_teardown.py
[2025-08-19T09:03:54.703+0000] {processor.py:830} INFO - Processing file /home/airflow/.local/lib/python3.12/site-packages/airflow/example_dags/example_setup_teardown.py for tasks to queue
[2025-08-19T09:03:54.705+0000] {logging_mixin.py:188} INFO - [2025-08-19T09:03:54.705+0000] {dagbag.py:540} INFO - Filling up the DagBag from /home/airflow/.local/lib/python3.12/site-packages/airflow/example_dags/example_setup_teardown.py
[2025-08-19T09:03:54.713+0000] {processor.py:840} INFO - DAG(s) 'example_setup_teardown' retrieved from /home/airflow/.local/lib/python3.12/site-packages/airflow/example_dags/example_setup_teardown.py
[2025-08-19T09:03:54.738+0000] {logging_mixin.py:188} INFO - [2025-08-19T09:03:54.738+0000] {dag.py:3096} INFO - Sync 1 DAGs
[2025-08-19T09:03:54.762+0000] {logging_mixin.py:188} INFO - [2025-08-19T09:03:54.762+0000] {dag.py:3954} INFO - Setting next_dagrun for example_setup_teardown to 2025-08-18 00:00:00+00:00, run_after=2025-08-19 00:00:00+00:00
[2025-08-19T09:03:54.783+0000] {processor.py:183} INFO - Processing /home/airflow/.local/lib/python3.12/site-packages/airflow/example_dags/example_setup_teardown.py took 0.090 seconds
[2025-08-19T09:04:24.967+0000] {processor.py:161} INFO - Started process (PID=1774) to work on /home/airflow/.local/lib/python3.12/site-packages/airflow/example_dags/example_setup_teardown.py
[2025-08-19T09:04:24.968+0000] {processor.py:830} INFO - Processing file /home/airflow/.local/lib/python3.12/site-packages/airflow/example_dags/example_setup_teardown.py for tasks to queue
[2025-08-19T09:04:24.971+0000] {logging_mixin.py:188} INFO - [2025-08-19T09:04:24.970+0000] {dagbag.py:540} INFO - Filling up the DagBag from /home/airflow/.local/lib/python3.12/site-packages/airflow/example_dags/example_setup_teardown.py
[2025-08-19T09:04:24.979+0000] {processor.py:840} INFO - DAG(s) 'example_setup_teardown' retrieved from /home/airflow/.local/lib/python3.12/site-packages/airflow/example_dags/example_setup_teardown.py
[2025-08-19T09:04:25.005+0000] {logging_mixin.py:188} INFO - [2025-08-19T09:04:25.004+0000] {dag.py:3096} INFO - Sync 1 DAGs
[2025-08-19T09:04:25.030+0000] {logging_mixin.py:188} INFO - [2025-08-19T09:04:25.029+0000] {dag.py:3954} INFO - Setting next_dagrun for example_setup_teardown to 2025-08-18 00:00:00+00:00, run_after=2025-08-19 00:00:00+00:00
[2025-08-19T09:04:25.050+0000] {processor.py:183} INFO - Processing /home/airflow/.local/lib/python3.12/site-packages/airflow/example_dags/example_setup_teardown.py took 0.091 seconds
[2025-08-19T09:04:55.233+0000] {processor.py:161} INFO - Started process (PID=1833) to work on /home/airflow/.local/lib/python3.12/site-packages/airflow/example_dags/example_setup_teardown.py
[2025-08-19T09:04:55.234+0000] {processor.py:830} INFO - Processing file /home/airflow/.local/lib/python3.12/site-packages/airflow/example_dags/example_setup_teardown.py for tasks to queue
[2025-08-19T09:04:55.236+0000] {logging_mixin.py:188} INFO - [2025-08-19T09:04:55.236+0000] {dagbag.py:540} INFO - Filling up the DagBag from /home/airflow/.local/lib/python3.12/site-packages/airflow/example_dags/example_setup_teardown.py
[2025-08-19T09:04:55.245+0000] {processor.py:840} INFO - DAG(s) 'example_setup_teardown' retrieved from /home/airflow/.local/lib/python3.12/site-packages/airflow/example_dags/example_setup_teardown.py
[2025-08-19T09:04:55.269+0000] {logging_mixin.py:188} INFO - [2025-08-19T09:04:55.269+0000] {dag.py:3096} INFO - Sync 1 DAGs
[2025-08-19T09:04:55.297+0000] {logging_mixin.py:188} INFO - [2025-08-19T09:04:55.297+0000] {dag.py:3954} INFO - Setting next_dagrun for example_setup_teardown to 2025-08-18 00:00:00+00:00, run_after=2025-08-19 00:00:00+00:00
[2025-08-19T09:04:55.319+0000] {processor.py:183} INFO - Processing /home/airflow/.local/lib/python3.12/site-packages/airflow/example_dags/example_setup_teardown.py took 0.094 seconds
[2025-08-19T09:05:25.452+0000] {processor.py:161} INFO - Started process (PID=1892) to work on /home/airflow/.local/lib/python3.12/site-packages/airflow/example_dags/example_setup_teardown.py
[2025-08-19T09:05:25.454+0000] {processor.py:830} INFO - Processing file /home/airflow/.local/lib/python3.12/site-packages/airflow/example_dags/example_setup_teardown.py for tasks to queue
[2025-08-19T09:05:25.457+0000] {logging_mixin.py:188} INFO - [2025-08-19T09:05:25.457+0000] {dagbag.py:540} INFO - Filling up the DagBag from /home/airflow/.local/lib/python3.12/site-packages/airflow/example_dags/example_setup_teardown.py
[2025-08-19T09:05:25.467+0000] {processor.py:840} INFO - DAG(s) 'example_setup_teardown' retrieved from /home/airflow/.local/lib/python3.12/site-packages/airflow/example_dags/example_setup_teardown.py
[2025-08-19T09:05:25.494+0000] {logging_mixin.py:188} INFO - [2025-08-19T09:05:25.494+0000] {dag.py:3096} INFO - Sync 1 DAGs
[2025-08-19T09:05:25.519+0000] {logging_mixin.py:188} INFO - [2025-08-19T09:05:25.519+0000] {dag.py:3954} INFO - Setting next_dagrun for example_setup_teardown to 2025-08-18 00:00:00+00:00, run_after=2025-08-19 00:00:00+00:00
[2025-08-19T09:05:25.542+0000] {processor.py:183} INFO - Processing /home/airflow/.local/lib/python3.12/site-packages/airflow/example_dags/example_setup_teardown.py took 0.100 seconds
[2025-08-19T09:05:55.748+0000] {processor.py:161} INFO - Started process (PID=1950) to work on /home/airflow/.local/lib/python3.12/site-packages/airflow/example_dags/example_setup_teardown.py
[2025-08-19T09:05:55.750+0000] {processor.py:830} INFO - Processing file /home/airflow/.local/lib/python3.12/site-packages/airflow/example_dags/example_setup_teardown.py for tasks to queue
[2025-08-19T09:05:55.752+0000] {logging_mixin.py:188} INFO - [2025-08-19T09:05:55.752+0000] {dagbag.py:540} INFO - Filling up the DagBag from /home/airflow/.local/lib/python3.12/site-packages/airflow/example_dags/example_setup_teardown.py
[2025-08-19T09:05:55.760+0000] {processor.py:840} INFO - DAG(s) 'example_setup_teardown' retrieved from /home/airflow/.local/lib/python3.12/site-packages/airflow/example_dags/example_setup_teardown.py
[2025-08-19T09:05:55.785+0000] {logging_mixin.py:188} INFO - [2025-08-19T09:05:55.785+0000] {dag.py:3096} INFO - Sync 1 DAGs
[2025-08-19T09:05:55.809+0000] {logging_mixin.py:188} INFO - [2025-08-19T09:05:55.809+0000] {dag.py:3954} INFO - Setting next_dagrun for example_setup_teardown to 2025-08-18 00:00:00+00:00, run_after=2025-08-19 00:00:00+00:00
[2025-08-19T09:05:55.827+0000] {processor.py:183} INFO - Processing /home/airflow/.local/lib/python3.12/site-packages/airflow/example_dags/example_setup_teardown.py took 0.087 seconds
[2025-08-19T09:06:26.140+0000] {processor.py:161} INFO - Started process (PID=2008) to work on /home/airflow/.local/lib/python3.12/site-packages/airflow/example_dags/example_setup_teardown.py
[2025-08-19T09:06:26.141+0000] {processor.py:830} INFO - Processing file /home/airflow/.local/lib/python3.12/site-packages/airflow/example_dags/example_setup_teardown.py for tasks to queue
[2025-08-19T09:06:26.144+0000] {logging_mixin.py:188} INFO - [2025-08-19T09:06:26.143+0000] {dagbag.py:540} INFO - Filling up the DagBag from /home/airflow/.local/lib/python3.12/site-packages/airflow/example_dags/example_setup_teardown.py
[2025-08-19T09:06:26.152+0000] {processor.py:840} INFO - DAG(s) 'example_setup_teardown' retrieved from /home/airflow/.local/lib/python3.12/site-packages/airflow/example_dags/example_setup_teardown.py
[2025-08-19T09:06:26.177+0000] {logging_mixin.py:188} INFO - [2025-08-19T09:06:26.177+0000] {dag.py:3096} INFO - Sync 1 DAGs
[2025-08-19T09:06:26.200+0000] {logging_mixin.py:188} INFO - [2025-08-19T09:06:26.200+0000] {dag.py:3954} INFO - Setting next_dagrun for example_setup_teardown to 2025-08-18 00:00:00+00:00, run_after=2025-08-19 00:00:00+00:00
[2025-08-19T09:06:26.219+0000] {processor.py:183} INFO - Processing /home/airflow/.local/lib/python3.12/site-packages/airflow/example_dags/example_setup_teardown.py took 0.087 seconds
[2025-08-19T09:06:56.465+0000] {processor.py:161} INFO - Started process (PID=2067) to work on /home/airflow/.local/lib/python3.12/site-packages/airflow/example_dags/example_setup_teardown.py
[2025-08-19T09:06:56.466+0000] {processor.py:830} INFO - Processing file /home/airflow/.local/lib/python3.12/site-packages/airflow/example_dags/example_setup_teardown.py for tasks to queue
[2025-08-19T09:06:56.468+0000] {logging_mixin.py:188} INFO - [2025-08-19T09:06:56.468+0000] {dagbag.py:540} INFO - Filling up the DagBag from /home/airflow/.local/lib/python3.12/site-packages/airflow/example_dags/example_setup_teardown.py
[2025-08-19T09:06:56.476+0000] {processor.py:840} INFO - DAG(s) 'example_setup_teardown' retrieved from /home/airflow/.local/lib/python3.12/site-packages/airflow/example_dags/example_setup_teardown.py
[2025-08-19T09:06:56.500+0000] {logging_mixin.py:188} INFO - [2025-08-19T09:06:56.500+0000] {dag.py:3096} INFO - Sync 1 DAGs
[2025-08-19T09:06:56.523+0000] {logging_mixin.py:188} INFO - [2025-08-19T09:06:56.522+0000] {dag.py:3954} INFO - Setting next_dagrun for example_setup_teardown to 2025-08-18 00:00:00+00:00, run_after=2025-08-19 00:00:00+00:00
[2025-08-19T09:06:56.542+0000] {processor.py:183} INFO - Processing /home/airflow/.local/lib/python3.12/site-packages/airflow/example_dags/example_setup_teardown.py took 0.085 seconds
[2025-08-19T09:07:26.803+0000] {processor.py:161} INFO - Started process (PID=2125) to work on /home/airflow/.local/lib/python3.12/site-packages/airflow/example_dags/example_setup_teardown.py
[2025-08-19T09:07:26.805+0000] {processor.py:830} INFO - Processing file /home/airflow/.local/lib/python3.12/site-packages/airflow/example_dags/example_setup_teardown.py for tasks to queue
[2025-08-19T09:07:26.808+0000] {logging_mixin.py:188} INFO - [2025-08-19T09:07:26.807+0000] {dagbag.py:540} INFO - Filling up the DagBag from /home/airflow/.local/lib/python3.12/site-packages/airflow/example_dags/example_setup_teardown.py
[2025-08-19T09:07:26.817+0000] {processor.py:840} INFO - DAG(s) 'example_setup_teardown' retrieved from /home/airflow/.local/lib/python3.12/site-packages/airflow/example_dags/example_setup_teardown.py
[2025-08-19T09:07:26.841+0000] {logging_mixin.py:188} INFO - [2025-08-19T09:07:26.841+0000] {dag.py:3096} INFO - Sync 1 DAGs
[2025-08-19T09:07:26.865+0000] {logging_mixin.py:188} INFO - [2025-08-19T09:07:26.864+0000] {dag.py:3954} INFO - Setting next_dagrun for example_setup_teardown to 2025-08-18 00:00:00+00:00, run_after=2025-08-19 00:00:00+00:00
[2025-08-19T09:07:26.884+0000] {processor.py:183} INFO - Processing /home/airflow/.local/lib/python3.12/site-packages/airflow/example_dags/example_setup_teardown.py took 0.090 seconds
[2025-08-19T09:07:57.197+0000] {processor.py:161} INFO - Started process (PID=2183) to work on /home/airflow/.local/lib/python3.12/site-packages/airflow/example_dags/example_setup_teardown.py
[2025-08-19T09:07:57.198+0000] {processor.py:830} INFO - Processing file /home/airflow/.local/lib/python3.12/site-packages/airflow/example_dags/example_setup_teardown.py for tasks to queue
[2025-08-19T09:07:57.201+0000] {logging_mixin.py:188} INFO - [2025-08-19T09:07:57.200+0000] {dagbag.py:540} INFO - Filling up the DagBag from /home/airflow/.local/lib/python3.12/site-packages/airflow/example_dags/example_setup_teardown.py
[2025-08-19T09:07:57.209+0000] {processor.py:840} INFO - DAG(s) 'example_setup_teardown' retrieved from /home/airflow/.local/lib/python3.12/site-packages/airflow/example_dags/example_setup_teardown.py
[2025-08-19T09:07:57.233+0000] {logging_mixin.py:188} INFO - [2025-08-19T09:07:57.233+0000] {dag.py:3096} INFO - Sync 1 DAGs
[2025-08-19T09:07:57.256+0000] {logging_mixin.py:188} INFO - [2025-08-19T09:07:57.256+0000] {dag.py:3954} INFO - Setting next_dagrun for example_setup_teardown to 2025-08-18 00:00:00+00:00, run_after=2025-08-19 00:00:00+00:00
[2025-08-19T09:07:57.276+0000] {processor.py:183} INFO - Processing /home/airflow/.local/lib/python3.12/site-packages/airflow/example_dags/example_setup_teardown.py took 0.087 seconds
[2025-08-19T09:08:27.848+0000] {processor.py:161} INFO - Started process (PID=2241) to work on /home/airflow/.local/lib/python3.12/site-packages/airflow/example_dags/example_setup_teardown.py
[2025-08-19T09:08:27.849+0000] {processor.py:830} INFO - Processing file /home/airflow/.local/lib/python3.12/site-packages/airflow/example_dags/example_setup_teardown.py for tasks to queue
[2025-08-19T09:08:27.852+0000] {logging_mixin.py:188} INFO - [2025-08-19T09:08:27.851+0000] {dagbag.py:540} INFO - Filling up the DagBag from /home/airflow/.local/lib/python3.12/site-packages/airflow/example_dags/example_setup_teardown.py
[2025-08-19T09:08:27.862+0000] {processor.py:840} INFO - DAG(s) 'example_setup_teardown' retrieved from /home/airflow/.local/lib/python3.12/site-packages/airflow/example_dags/example_setup_teardown.py
[2025-08-19T09:08:27.888+0000] {logging_mixin.py:188} INFO - [2025-08-19T09:08:27.887+0000] {dag.py:3096} INFO - Sync 1 DAGs
[2025-08-19T09:08:27.912+0000] {logging_mixin.py:188} INFO - [2025-08-19T09:08:27.912+0000] {dag.py:3954} INFO - Setting next_dagrun for example_setup_teardown to 2025-08-18 00:00:00+00:00, run_after=2025-08-19 00:00:00+00:00
[2025-08-19T09:08:27.934+0000] {processor.py:183} INFO - Processing /home/airflow/.local/lib/python3.12/site-packages/airflow/example_dags/example_setup_teardown.py took 0.096 seconds
[2025-08-19T09:08:58.299+0000] {processor.py:161} INFO - Started process (PID=2299) to work on /home/airflow/.local/lib/python3.12/site-packages/airflow/example_dags/example_setup_teardown.py
[2025-08-19T09:08:58.300+0000] {processor.py:830} INFO - Processing file /home/airflow/.local/lib/python3.12/site-packages/airflow/example_dags/example_setup_teardown.py for tasks to queue
[2025-08-19T09:08:58.302+0000] {logging_mixin.py:188} INFO - [2025-08-19T09:08:58.302+0000] {dagbag.py:540} INFO - Filling up the DagBag from /home/airflow/.local/lib/python3.12/site-packages/airflow/example_dags/example_setup_teardown.py
[2025-08-19T09:08:58.311+0000] {processor.py:840} INFO - DAG(s) 'example_setup_teardown' retrieved from /home/airflow/.local/lib/python3.12/site-packages/airflow/example_dags/example_setup_teardown.py
[2025-08-19T09:08:58.334+0000] {logging_mixin.py:188} INFO - [2025-08-19T09:08:58.334+0000] {dag.py:3096} INFO - Sync 1 DAGs
[2025-08-19T09:08:58.357+0000] {logging_mixin.py:188} INFO - [2025-08-19T09:08:58.357+0000] {dag.py:3954} INFO - Setting next_dagrun for example_setup_teardown to 2025-08-18 00:00:00+00:00, run_after=2025-08-19 00:00:00+00:00
[2025-08-19T09:08:58.378+0000] {processor.py:183} INFO - Processing /home/airflow/.local/lib/python3.12/site-packages/airflow/example_dags/example_setup_teardown.py took 0.087 seconds
[2025-08-19T09:09:28.815+0000] {processor.py:161} INFO - Started process (PID=2357) to work on /home/airflow/.local/lib/python3.12/site-packages/airflow/example_dags/example_setup_teardown.py
[2025-08-19T09:09:28.817+0000] {processor.py:830} INFO - Processing file /home/airflow/.local/lib/python3.12/site-packages/airflow/example_dags/example_setup_teardown.py for tasks to queue
[2025-08-19T09:09:28.819+0000] {logging_mixin.py:188} INFO - [2025-08-19T09:09:28.818+0000] {dagbag.py:540} INFO - Filling up the DagBag from /home/airflow/.local/lib/python3.12/site-packages/airflow/example_dags/example_setup_teardown.py
[2025-08-19T09:09:28.827+0000] {processor.py:840} INFO - DAG(s) 'example_setup_teardown' retrieved from /home/airflow/.local/lib/python3.12/site-packages/airflow/example_dags/example_setup_teardown.py
[2025-08-19T09:09:28.852+0000] {logging_mixin.py:188} INFO - [2025-08-19T09:09:28.852+0000] {dag.py:3096} INFO - Sync 1 DAGs
[2025-08-19T09:09:28.877+0000] {logging_mixin.py:188} INFO - [2025-08-19T09:09:28.877+0000] {dag.py:3954} INFO - Setting next_dagrun for example_setup_teardown to 2025-08-18 00:00:00+00:00, run_after=2025-08-19 00:00:00+00:00
[2025-08-19T09:09:28.897+0000] {processor.py:183} INFO - Processing /home/airflow/.local/lib/python3.12/site-packages/airflow/example_dags/example_setup_teardown.py took 0.090 seconds
[2025-08-19T09:09:59.374+0000] {processor.py:161} INFO - Started process (PID=2415) to work on /home/airflow/.local/lib/python3.12/site-packages/airflow/example_dags/example_setup_teardown.py
[2025-08-19T09:09:59.375+0000] {processor.py:830} INFO - Processing file /home/airflow/.local/lib/python3.12/site-packages/airflow/example_dags/example_setup_teardown.py for tasks to queue
[2025-08-19T09:09:59.378+0000] {logging_mixin.py:188} INFO - [2025-08-19T09:09:59.377+0000] {dagbag.py:540} INFO - Filling up the DagBag from /home/airflow/.local/lib/python3.12/site-packages/airflow/example_dags/example_setup_teardown.py
[2025-08-19T09:09:59.386+0000] {processor.py:840} INFO - DAG(s) 'example_setup_teardown' retrieved from /home/airflow/.local/lib/python3.12/site-packages/airflow/example_dags/example_setup_teardown.py
[2025-08-19T09:09:59.413+0000] {logging_mixin.py:188} INFO - [2025-08-19T09:09:59.413+0000] {dag.py:3096} INFO - Sync 1 DAGs
[2025-08-19T09:09:59.439+0000] {logging_mixin.py:188} INFO - [2025-08-19T09:09:59.439+0000] {dag.py:3954} INFO - Setting next_dagrun for example_setup_teardown to 2025-08-18 00:00:00+00:00, run_after=2025-08-19 00:00:00+00:00
[2025-08-19T09:09:59.458+0000] {processor.py:183} INFO - Processing /home/airflow/.local/lib/python3.12/site-packages/airflow/example_dags/example_setup_teardown.py took 0.092 seconds
[2025-08-19T09:10:29.986+0000] {processor.py:161} INFO - Started process (PID=2473) to work on /home/airflow/.local/lib/python3.12/site-packages/airflow/example_dags/example_setup_teardown.py
[2025-08-19T09:10:29.987+0000] {processor.py:830} INFO - Processing file /home/airflow/.local/lib/python3.12/site-packages/airflow/example_dags/example_setup_teardown.py for tasks to queue
[2025-08-19T09:10:29.990+0000] {logging_mixin.py:188} INFO - [2025-08-19T09:10:29.990+0000] {dagbag.py:540} INFO - Filling up the DagBag from /home/airflow/.local/lib/python3.12/site-packages/airflow/example_dags/example_setup_teardown.py
[2025-08-19T09:10:30.000+0000] {processor.py:840} INFO - DAG(s) 'example_setup_teardown' retrieved from /home/airflow/.local/lib/python3.12/site-packages/airflow/example_dags/example_setup_teardown.py
[2025-08-19T09:10:30.027+0000] {logging_mixin.py:188} INFO - [2025-08-19T09:10:30.027+0000] {dag.py:3096} INFO - Sync 1 DAGs
[2025-08-19T09:10:30.056+0000] {logging_mixin.py:188} INFO - [2025-08-19T09:10:30.055+0000] {dag.py:3954} INFO - Setting next_dagrun for example_setup_teardown to 2025-08-18 00:00:00+00:00, run_after=2025-08-19 00:00:00+00:00
[2025-08-19T09:10:30.076+0000] {processor.py:183} INFO - Processing /home/airflow/.local/lib/python3.12/site-packages/airflow/example_dags/example_setup_teardown.py took 0.098 seconds
[2025-08-19T09:11:00.642+0000] {processor.py:161} INFO - Started process (PID=2531) to work on /home/airflow/.local/lib/python3.12/site-packages/airflow/example_dags/example_setup_teardown.py
[2025-08-19T09:11:00.643+0000] {processor.py:830} INFO - Processing file /home/airflow/.local/lib/python3.12/site-packages/airflow/example_dags/example_setup_teardown.py for tasks to queue
[2025-08-19T09:11:00.646+0000] {logging_mixin.py:188} INFO - [2025-08-19T09:11:00.646+0000] {dagbag.py:540} INFO - Filling up the DagBag from /home/airflow/.local/lib/python3.12/site-packages/airflow/example_dags/example_setup_teardown.py
[2025-08-19T09:11:00.655+0000] {processor.py:840} INFO - DAG(s) 'example_setup_teardown' retrieved from /home/airflow/.local/lib/python3.12/site-packages/airflow/example_dags/example_setup_teardown.py
[2025-08-19T09:11:00.682+0000] {logging_mixin.py:188} INFO - [2025-08-19T09:11:00.682+0000] {dag.py:3096} INFO - Sync 1 DAGs
[2025-08-19T09:11:00.708+0000] {logging_mixin.py:188} INFO - [2025-08-19T09:11:00.708+0000] {dag.py:3954} INFO - Setting next_dagrun for example_setup_teardown to 2025-08-18 00:00:00+00:00, run_after=2025-08-19 00:00:00+00:00
[2025-08-19T09:11:00.729+0000] {processor.py:183} INFO - Processing /home/airflow/.local/lib/python3.12/site-packages/airflow/example_dags/example_setup_teardown.py took 0.096 seconds
