[2025-08-19T08:49:43.063+0000] {processor.py:161} INFO - Started process (PID=88) to work on /home/airflow/.local/lib/python3.12/site-packages/airflow/example_dags/example_branch_python_dop_operator_3.py
[2025-08-19T08:49:43.065+0000] {processor.py:830} INFO - Processing file /home/airflow/.local/lib/python3.12/site-packages/airflow/example_dags/example_branch_python_dop_operator_3.py for tasks to queue
[2025-08-19T08:49:43.068+0000] {logging_mixin.py:188} INFO - [2025-08-19T08:49:43.067+0000] {dagbag.py:540} INFO - Filling up the DagBag from /home/airflow/.local/lib/python3.12/site-packages/airflow/example_dags/example_branch_python_dop_operator_3.py
[2025-08-19T08:49:43.080+0000] {processor.py:840} INFO - DAG(s) 'example_branch_dop_operator_v3' retrieved from /home/airflow/.local/lib/python3.12/site-packages/airflow/example_dags/example_branch_python_dop_operator_3.py
[2025-08-19T08:49:43.236+0000] {logging_mixin.py:188} INFO - [2025-08-19T08:49:43.236+0000] {dag.py:3096} INFO - Sync 1 DAGs
[2025-08-19T08:49:43.264+0000] {logging_mixin.py:188} INFO - [2025-08-19T08:49:43.264+0000] {dag.py:3954} INFO - Setting next_dagrun for example_branch_dop_operator_v3 to 2025-08-19 08:48:00+00:00, run_after=2025-08-19 08:49:00+00:00
[2025-08-19T08:49:43.288+0000] {processor.py:183} INFO - Processing /home/airflow/.local/lib/python3.12/site-packages/airflow/example_dags/example_branch_python_dop_operator_3.py took 0.233 seconds
[2025-08-19T08:50:14.518+0000] {processor.py:161} INFO - Started process (PID=152) to work on /home/airflow/.local/lib/python3.12/site-packages/airflow/example_dags/example_branch_python_dop_operator_3.py
[2025-08-19T08:50:14.519+0000] {processor.py:830} INFO - Processing file /home/airflow/.local/lib/python3.12/site-packages/airflow/example_dags/example_branch_python_dop_operator_3.py for tasks to queue
[2025-08-19T08:50:14.521+0000] {logging_mixin.py:188} INFO - [2025-08-19T08:50:14.521+0000] {dagbag.py:540} INFO - Filling up the DagBag from /home/airflow/.local/lib/python3.12/site-packages/airflow/example_dags/example_branch_python_dop_operator_3.py
[2025-08-19T08:50:14.532+0000] {processor.py:840} INFO - DAG(s) 'example_branch_dop_operator_v3' retrieved from /home/airflow/.local/lib/python3.12/site-packages/airflow/example_dags/example_branch_python_dop_operator_3.py
[2025-08-19T08:50:14.556+0000] {logging_mixin.py:188} INFO - [2025-08-19T08:50:14.556+0000] {dag.py:3096} INFO - Sync 1 DAGs
[2025-08-19T08:50:14.585+0000] {logging_mixin.py:188} INFO - [2025-08-19T08:50:14.585+0000] {dag.py:3954} INFO - Setting next_dagrun for example_branch_dop_operator_v3 to 2025-08-19 08:49:00+00:00, run_after=2025-08-19 08:50:00+00:00
[2025-08-19T08:50:14.607+0000] {processor.py:183} INFO - Processing /home/airflow/.local/lib/python3.12/site-packages/airflow/example_dags/example_branch_python_dop_operator_3.py took 0.098 seconds
[2025-08-19T08:50:45.523+0000] {processor.py:161} INFO - Started process (PID=210) to work on /home/airflow/.local/lib/python3.12/site-packages/airflow/example_dags/example_branch_python_dop_operator_3.py
[2025-08-19T08:50:45.525+0000] {processor.py:830} INFO - Processing file /home/airflow/.local/lib/python3.12/site-packages/airflow/example_dags/example_branch_python_dop_operator_3.py for tasks to queue
[2025-08-19T08:50:45.527+0000] {logging_mixin.py:188} INFO - [2025-08-19T08:50:45.527+0000] {dagbag.py:540} INFO - Filling up the DagBag from /home/airflow/.local/lib/python3.12/site-packages/airflow/example_dags/example_branch_python_dop_operator_3.py
[2025-08-19T08:50:45.538+0000] {processor.py:840} INFO - DAG(s) 'example_branch_dop_operator_v3' retrieved from /home/airflow/.local/lib/python3.12/site-packages/airflow/example_dags/example_branch_python_dop_operator_3.py
[2025-08-19T08:50:45.661+0000] {logging_mixin.py:188} INFO - [2025-08-19T08:50:45.661+0000] {dag.py:3096} INFO - Sync 1 DAGs
[2025-08-19T08:50:45.685+0000] {logging_mixin.py:188} INFO - [2025-08-19T08:50:45.685+0000] {dag.py:3954} INFO - Setting next_dagrun for example_branch_dop_operator_v3 to 2025-08-19 08:49:00+00:00, run_after=2025-08-19 08:50:00+00:00
[2025-08-19T08:50:45.707+0000] {processor.py:183} INFO - Processing /home/airflow/.local/lib/python3.12/site-packages/airflow/example_dags/example_branch_python_dop_operator_3.py took 0.192 seconds
[2025-08-19T08:51:16.305+0000] {processor.py:161} INFO - Started process (PID=269) to work on /home/airflow/.local/lib/python3.12/site-packages/airflow/example_dags/example_branch_python_dop_operator_3.py
[2025-08-19T08:51:16.306+0000] {processor.py:830} INFO - Processing file /home/airflow/.local/lib/python3.12/site-packages/airflow/example_dags/example_branch_python_dop_operator_3.py for tasks to queue
[2025-08-19T08:51:16.309+0000] {logging_mixin.py:188} INFO - [2025-08-19T08:51:16.308+0000] {dagbag.py:540} INFO - Filling up the DagBag from /home/airflow/.local/lib/python3.12/site-packages/airflow/example_dags/example_branch_python_dop_operator_3.py
[2025-08-19T08:51:16.320+0000] {processor.py:840} INFO - DAG(s) 'example_branch_dop_operator_v3' retrieved from /home/airflow/.local/lib/python3.12/site-packages/airflow/example_dags/example_branch_python_dop_operator_3.py
[2025-08-19T08:51:16.347+0000] {logging_mixin.py:188} INFO - [2025-08-19T08:51:16.346+0000] {dag.py:3096} INFO - Sync 1 DAGs
[2025-08-19T08:51:16.379+0000] {logging_mixin.py:188} INFO - [2025-08-19T08:51:16.379+0000] {dag.py:3954} INFO - Setting next_dagrun for example_branch_dop_operator_v3 to 2025-08-19 08:50:00+00:00, run_after=2025-08-19 08:51:00+00:00
[2025-08-19T08:51:16.402+0000] {processor.py:183} INFO - Processing /home/airflow/.local/lib/python3.12/site-packages/airflow/example_dags/example_branch_python_dop_operator_3.py took 0.106 seconds
[2025-08-19T08:51:46.509+0000] {processor.py:161} INFO - Started process (PID=327) to work on /home/airflow/.local/lib/python3.12/site-packages/airflow/example_dags/example_branch_python_dop_operator_3.py
[2025-08-19T08:51:46.510+0000] {processor.py:830} INFO - Processing file /home/airflow/.local/lib/python3.12/site-packages/airflow/example_dags/example_branch_python_dop_operator_3.py for tasks to queue
[2025-08-19T08:51:46.512+0000] {logging_mixin.py:188} INFO - [2025-08-19T08:51:46.512+0000] {dagbag.py:540} INFO - Filling up the DagBag from /home/airflow/.local/lib/python3.12/site-packages/airflow/example_dags/example_branch_python_dop_operator_3.py
[2025-08-19T08:51:46.524+0000] {processor.py:840} INFO - DAG(s) 'example_branch_dop_operator_v3' retrieved from /home/airflow/.local/lib/python3.12/site-packages/airflow/example_dags/example_branch_python_dop_operator_3.py
[2025-08-19T08:51:46.558+0000] {logging_mixin.py:188} INFO - [2025-08-19T08:51:46.557+0000] {dag.py:3096} INFO - Sync 1 DAGs
[2025-08-19T08:51:46.590+0000] {logging_mixin.py:188} INFO - [2025-08-19T08:51:46.590+0000] {dag.py:3954} INFO - Setting next_dagrun for example_branch_dop_operator_v3 to 2025-08-19 08:50:00+00:00, run_after=2025-08-19 08:51:00+00:00
[2025-08-19T08:51:46.612+0000] {processor.py:183} INFO - Processing /home/airflow/.local/lib/python3.12/site-packages/airflow/example_dags/example_branch_python_dop_operator_3.py took 0.111 seconds
[2025-08-19T08:52:17.546+0000] {processor.py:161} INFO - Started process (PID=385) to work on /home/airflow/.local/lib/python3.12/site-packages/airflow/example_dags/example_branch_python_dop_operator_3.py
[2025-08-19T08:52:17.547+0000] {processor.py:830} INFO - Processing file /home/airflow/.local/lib/python3.12/site-packages/airflow/example_dags/example_branch_python_dop_operator_3.py for tasks to queue
[2025-08-19T08:52:17.549+0000] {logging_mixin.py:188} INFO - [2025-08-19T08:52:17.549+0000] {dagbag.py:540} INFO - Filling up the DagBag from /home/airflow/.local/lib/python3.12/site-packages/airflow/example_dags/example_branch_python_dop_operator_3.py
[2025-08-19T08:52:17.560+0000] {processor.py:840} INFO - DAG(s) 'example_branch_dop_operator_v3' retrieved from /home/airflow/.local/lib/python3.12/site-packages/airflow/example_dags/example_branch_python_dop_operator_3.py
[2025-08-19T08:52:17.586+0000] {logging_mixin.py:188} INFO - [2025-08-19T08:52:17.585+0000] {dag.py:3096} INFO - Sync 1 DAGs
[2025-08-19T08:52:17.613+0000] {logging_mixin.py:188} INFO - [2025-08-19T08:52:17.613+0000] {dag.py:3954} INFO - Setting next_dagrun for example_branch_dop_operator_v3 to 2025-08-19 08:51:00+00:00, run_after=2025-08-19 08:52:00+00:00
[2025-08-19T08:52:17.634+0000] {processor.py:183} INFO - Processing /home/airflow/.local/lib/python3.12/site-packages/airflow/example_dags/example_branch_python_dop_operator_3.py took 0.095 seconds
[2025-08-19T08:52:47.793+0000] {processor.py:161} INFO - Started process (PID=443) to work on /home/airflow/.local/lib/python3.12/site-packages/airflow/example_dags/example_branch_python_dop_operator_3.py
[2025-08-19T08:52:47.794+0000] {processor.py:830} INFO - Processing file /home/airflow/.local/lib/python3.12/site-packages/airflow/example_dags/example_branch_python_dop_operator_3.py for tasks to queue
[2025-08-19T08:52:47.797+0000] {logging_mixin.py:188} INFO - [2025-08-19T08:52:47.796+0000] {dagbag.py:540} INFO - Filling up the DagBag from /home/airflow/.local/lib/python3.12/site-packages/airflow/example_dags/example_branch_python_dop_operator_3.py
[2025-08-19T08:52:47.808+0000] {processor.py:840} INFO - DAG(s) 'example_branch_dop_operator_v3' retrieved from /home/airflow/.local/lib/python3.12/site-packages/airflow/example_dags/example_branch_python_dop_operator_3.py
[2025-08-19T08:52:47.832+0000] {logging_mixin.py:188} INFO - [2025-08-19T08:52:47.831+0000] {dag.py:3096} INFO - Sync 1 DAGs
[2025-08-19T08:52:47.859+0000] {logging_mixin.py:188} INFO - [2025-08-19T08:52:47.858+0000] {dag.py:3954} INFO - Setting next_dagrun for example_branch_dop_operator_v3 to 2025-08-19 08:51:00+00:00, run_after=2025-08-19 08:52:00+00:00
[2025-08-19T08:52:47.879+0000] {processor.py:183} INFO - Processing /home/airflow/.local/lib/python3.12/site-packages/airflow/example_dags/example_branch_python_dop_operator_3.py took 0.093 seconds
[2025-08-19T08:53:17.986+0000] {processor.py:161} INFO - Started process (PID=502) to work on /home/airflow/.local/lib/python3.12/site-packages/airflow/example_dags/example_branch_python_dop_operator_3.py
[2025-08-19T08:53:17.987+0000] {processor.py:830} INFO - Processing file /home/airflow/.local/lib/python3.12/site-packages/airflow/example_dags/example_branch_python_dop_operator_3.py for tasks to queue
[2025-08-19T08:53:17.990+0000] {logging_mixin.py:188} INFO - [2025-08-19T08:53:17.989+0000] {dagbag.py:540} INFO - Filling up the DagBag from /home/airflow/.local/lib/python3.12/site-packages/airflow/example_dags/example_branch_python_dop_operator_3.py
[2025-08-19T08:53:18.000+0000] {processor.py:840} INFO - DAG(s) 'example_branch_dop_operator_v3' retrieved from /home/airflow/.local/lib/python3.12/site-packages/airflow/example_dags/example_branch_python_dop_operator_3.py
[2025-08-19T08:53:18.024+0000] {logging_mixin.py:188} INFO - [2025-08-19T08:53:18.024+0000] {dag.py:3096} INFO - Sync 1 DAGs
[2025-08-19T08:53:18.051+0000] {logging_mixin.py:188} INFO - [2025-08-19T08:53:18.051+0000] {dag.py:3954} INFO - Setting next_dagrun for example_branch_dop_operator_v3 to 2025-08-19 08:52:00+00:00, run_after=2025-08-19 08:53:00+00:00
[2025-08-19T08:53:18.071+0000] {processor.py:183} INFO - Processing /home/airflow/.local/lib/python3.12/site-packages/airflow/example_dags/example_branch_python_dop_operator_3.py took 0.093 seconds
[2025-08-19T08:53:48.207+0000] {processor.py:161} INFO - Started process (PID=560) to work on /home/airflow/.local/lib/python3.12/site-packages/airflow/example_dags/example_branch_python_dop_operator_3.py
[2025-08-19T08:53:48.209+0000] {processor.py:830} INFO - Processing file /home/airflow/.local/lib/python3.12/site-packages/airflow/example_dags/example_branch_python_dop_operator_3.py for tasks to queue
[2025-08-19T08:53:48.211+0000] {logging_mixin.py:188} INFO - [2025-08-19T08:53:48.211+0000] {dagbag.py:540} INFO - Filling up the DagBag from /home/airflow/.local/lib/python3.12/site-packages/airflow/example_dags/example_branch_python_dop_operator_3.py
[2025-08-19T08:53:48.222+0000] {processor.py:840} INFO - DAG(s) 'example_branch_dop_operator_v3' retrieved from /home/airflow/.local/lib/python3.12/site-packages/airflow/example_dags/example_branch_python_dop_operator_3.py
[2025-08-19T08:53:48.247+0000] {logging_mixin.py:188} INFO - [2025-08-19T08:53:48.247+0000] {dag.py:3096} INFO - Sync 1 DAGs
[2025-08-19T08:53:48.274+0000] {logging_mixin.py:188} INFO - [2025-08-19T08:53:48.274+0000] {dag.py:3954} INFO - Setting next_dagrun for example_branch_dop_operator_v3 to 2025-08-19 08:52:00+00:00, run_after=2025-08-19 08:53:00+00:00
[2025-08-19T08:53:48.291+0000] {processor.py:183} INFO - Processing /home/airflow/.local/lib/python3.12/site-packages/airflow/example_dags/example_branch_python_dop_operator_3.py took 0.092 seconds
[2025-08-19T08:54:18.507+0000] {processor.py:161} INFO - Started process (PID=618) to work on /home/airflow/.local/lib/python3.12/site-packages/airflow/example_dags/example_branch_python_dop_operator_3.py
[2025-08-19T08:54:18.509+0000] {processor.py:830} INFO - Processing file /home/airflow/.local/lib/python3.12/site-packages/airflow/example_dags/example_branch_python_dop_operator_3.py for tasks to queue
[2025-08-19T08:54:18.512+0000] {logging_mixin.py:188} INFO - [2025-08-19T08:54:18.511+0000] {dagbag.py:540} INFO - Filling up the DagBag from /home/airflow/.local/lib/python3.12/site-packages/airflow/example_dags/example_branch_python_dop_operator_3.py
[2025-08-19T08:54:18.524+0000] {processor.py:840} INFO - DAG(s) 'example_branch_dop_operator_v3' retrieved from /home/airflow/.local/lib/python3.12/site-packages/airflow/example_dags/example_branch_python_dop_operator_3.py
[2025-08-19T08:54:18.549+0000] {logging_mixin.py:188} INFO - [2025-08-19T08:54:18.549+0000] {dag.py:3096} INFO - Sync 1 DAGs
[2025-08-19T08:54:18.579+0000] {logging_mixin.py:188} INFO - [2025-08-19T08:54:18.579+0000] {dag.py:3954} INFO - Setting next_dagrun for example_branch_dop_operator_v3 to 2025-08-19 08:53:00+00:00, run_after=2025-08-19 08:54:00+00:00
[2025-08-19T08:54:18.601+0000] {processor.py:183} INFO - Processing /home/airflow/.local/lib/python3.12/site-packages/airflow/example_dags/example_branch_python_dop_operator_3.py took 0.101 seconds
[2025-08-19T08:54:49.059+0000] {processor.py:161} INFO - Started process (PID=676) to work on /home/airflow/.local/lib/python3.12/site-packages/airflow/example_dags/example_branch_python_dop_operator_3.py
[2025-08-19T08:54:49.060+0000] {processor.py:830} INFO - Processing file /home/airflow/.local/lib/python3.12/site-packages/airflow/example_dags/example_branch_python_dop_operator_3.py for tasks to queue
[2025-08-19T08:54:49.062+0000] {logging_mixin.py:188} INFO - [2025-08-19T08:54:49.062+0000] {dagbag.py:540} INFO - Filling up the DagBag from /home/airflow/.local/lib/python3.12/site-packages/airflow/example_dags/example_branch_python_dop_operator_3.py
[2025-08-19T08:54:49.073+0000] {processor.py:840} INFO - DAG(s) 'example_branch_dop_operator_v3' retrieved from /home/airflow/.local/lib/python3.12/site-packages/airflow/example_dags/example_branch_python_dop_operator_3.py
[2025-08-19T08:54:49.097+0000] {logging_mixin.py:188} INFO - [2025-08-19T08:54:49.097+0000] {dag.py:3096} INFO - Sync 1 DAGs
[2025-08-19T08:54:49.126+0000] {logging_mixin.py:188} INFO - [2025-08-19T08:54:49.125+0000] {dag.py:3954} INFO - Setting next_dagrun for example_branch_dop_operator_v3 to 2025-08-19 08:53:00+00:00, run_after=2025-08-19 08:54:00+00:00
[2025-08-19T08:54:49.145+0000] {processor.py:183} INFO - Processing /home/airflow/.local/lib/python3.12/site-packages/airflow/example_dags/example_branch_python_dop_operator_3.py took 0.094 seconds
[2025-08-19T08:55:19.756+0000] {processor.py:161} INFO - Started process (PID=734) to work on /home/airflow/.local/lib/python3.12/site-packages/airflow/example_dags/example_branch_python_dop_operator_3.py
[2025-08-19T08:55:19.758+0000] {processor.py:830} INFO - Processing file /home/airflow/.local/lib/python3.12/site-packages/airflow/example_dags/example_branch_python_dop_operator_3.py for tasks to queue
[2025-08-19T08:55:19.761+0000] {logging_mixin.py:188} INFO - [2025-08-19T08:55:19.760+0000] {dagbag.py:540} INFO - Filling up the DagBag from /home/airflow/.local/lib/python3.12/site-packages/airflow/example_dags/example_branch_python_dop_operator_3.py
[2025-08-19T08:55:19.773+0000] {processor.py:840} INFO - DAG(s) 'example_branch_dop_operator_v3' retrieved from /home/airflow/.local/lib/python3.12/site-packages/airflow/example_dags/example_branch_python_dop_operator_3.py
[2025-08-19T08:55:19.800+0000] {logging_mixin.py:188} INFO - [2025-08-19T08:55:19.799+0000] {dag.py:3096} INFO - Sync 1 DAGs
[2025-08-19T08:55:19.828+0000] {logging_mixin.py:188} INFO - [2025-08-19T08:55:19.828+0000] {dag.py:3954} INFO - Setting next_dagrun for example_branch_dop_operator_v3 to 2025-08-19 08:54:00+00:00, run_after=2025-08-19 08:55:00+00:00
[2025-08-19T08:55:19.847+0000] {processor.py:183} INFO - Processing /home/airflow/.local/lib/python3.12/site-packages/airflow/example_dags/example_branch_python_dop_operator_3.py took 0.100 seconds
[2025-08-19T08:55:50.525+0000] {processor.py:161} INFO - Started process (PID=792) to work on /home/airflow/.local/lib/python3.12/site-packages/airflow/example_dags/example_branch_python_dop_operator_3.py
[2025-08-19T08:55:50.526+0000] {processor.py:830} INFO - Processing file /home/airflow/.local/lib/python3.12/site-packages/airflow/example_dags/example_branch_python_dop_operator_3.py for tasks to queue
[2025-08-19T08:55:50.529+0000] {logging_mixin.py:188} INFO - [2025-08-19T08:55:50.528+0000] {dagbag.py:540} INFO - Filling up the DagBag from /home/airflow/.local/lib/python3.12/site-packages/airflow/example_dags/example_branch_python_dop_operator_3.py
[2025-08-19T08:55:50.539+0000] {processor.py:840} INFO - DAG(s) 'example_branch_dop_operator_v3' retrieved from /home/airflow/.local/lib/python3.12/site-packages/airflow/example_dags/example_branch_python_dop_operator_3.py
[2025-08-19T08:55:50.563+0000] {logging_mixin.py:188} INFO - [2025-08-19T08:55:50.563+0000] {dag.py:3096} INFO - Sync 1 DAGs
[2025-08-19T08:55:50.593+0000] {logging_mixin.py:188} INFO - [2025-08-19T08:55:50.593+0000] {dag.py:3954} INFO - Setting next_dagrun for example_branch_dop_operator_v3 to 2025-08-19 08:54:00+00:00, run_after=2025-08-19 08:55:00+00:00
[2025-08-19T08:55:50.611+0000] {processor.py:183} INFO - Processing /home/airflow/.local/lib/python3.12/site-packages/airflow/example_dags/example_branch_python_dop_operator_3.py took 0.094 seconds
[2025-08-19T08:56:21.114+0000] {processor.py:161} INFO - Started process (PID=850) to work on /home/airflow/.local/lib/python3.12/site-packages/airflow/example_dags/example_branch_python_dop_operator_3.py
[2025-08-19T08:56:21.115+0000] {processor.py:830} INFO - Processing file /home/airflow/.local/lib/python3.12/site-packages/airflow/example_dags/example_branch_python_dop_operator_3.py for tasks to queue
[2025-08-19T08:56:21.118+0000] {logging_mixin.py:188} INFO - [2025-08-19T08:56:21.117+0000] {dagbag.py:540} INFO - Filling up the DagBag from /home/airflow/.local/lib/python3.12/site-packages/airflow/example_dags/example_branch_python_dop_operator_3.py
[2025-08-19T08:56:21.129+0000] {processor.py:840} INFO - DAG(s) 'example_branch_dop_operator_v3' retrieved from /home/airflow/.local/lib/python3.12/site-packages/airflow/example_dags/example_branch_python_dop_operator_3.py
[2025-08-19T08:56:21.155+0000] {logging_mixin.py:188} INFO - [2025-08-19T08:56:21.155+0000] {dag.py:3096} INFO - Sync 1 DAGs
[2025-08-19T08:56:21.182+0000] {logging_mixin.py:188} INFO - [2025-08-19T08:56:21.182+0000] {dag.py:3954} INFO - Setting next_dagrun for example_branch_dop_operator_v3 to 2025-08-19 08:55:00+00:00, run_after=2025-08-19 08:56:00+00:00
[2025-08-19T08:56:21.200+0000] {processor.py:183} INFO - Processing /home/airflow/.local/lib/python3.12/site-packages/airflow/example_dags/example_branch_python_dop_operator_3.py took 0.097 seconds
[2025-08-19T08:56:51.791+0000] {processor.py:161} INFO - Started process (PID=908) to work on /home/airflow/.local/lib/python3.12/site-packages/airflow/example_dags/example_branch_python_dop_operator_3.py
[2025-08-19T08:56:51.793+0000] {processor.py:830} INFO - Processing file /home/airflow/.local/lib/python3.12/site-packages/airflow/example_dags/example_branch_python_dop_operator_3.py for tasks to queue
[2025-08-19T08:56:51.795+0000] {logging_mixin.py:188} INFO - [2025-08-19T08:56:51.795+0000] {dagbag.py:540} INFO - Filling up the DagBag from /home/airflow/.local/lib/python3.12/site-packages/airflow/example_dags/example_branch_python_dop_operator_3.py
[2025-08-19T08:56:51.806+0000] {processor.py:840} INFO - DAG(s) 'example_branch_dop_operator_v3' retrieved from /home/airflow/.local/lib/python3.12/site-packages/airflow/example_dags/example_branch_python_dop_operator_3.py
[2025-08-19T08:56:51.830+0000] {logging_mixin.py:188} INFO - [2025-08-19T08:56:51.830+0000] {dag.py:3096} INFO - Sync 1 DAGs
[2025-08-19T08:56:51.858+0000] {logging_mixin.py:188} INFO - [2025-08-19T08:56:51.858+0000] {dag.py:3954} INFO - Setting next_dagrun for example_branch_dop_operator_v3 to 2025-08-19 08:55:00+00:00, run_after=2025-08-19 08:56:00+00:00
[2025-08-19T08:56:51.877+0000] {processor.py:183} INFO - Processing /home/airflow/.local/lib/python3.12/site-packages/airflow/example_dags/example_branch_python_dop_operator_3.py took 0.093 seconds
[2025-08-19T08:57:22.256+0000] {processor.py:161} INFO - Started process (PID=967) to work on /home/airflow/.local/lib/python3.12/site-packages/airflow/example_dags/example_branch_python_dop_operator_3.py
[2025-08-19T08:57:22.258+0000] {processor.py:830} INFO - Processing file /home/airflow/.local/lib/python3.12/site-packages/airflow/example_dags/example_branch_python_dop_operator_3.py for tasks to queue
[2025-08-19T08:57:22.261+0000] {logging_mixin.py:188} INFO - [2025-08-19T08:57:22.260+0000] {dagbag.py:540} INFO - Filling up the DagBag from /home/airflow/.local/lib/python3.12/site-packages/airflow/example_dags/example_branch_python_dop_operator_3.py
[2025-08-19T08:57:22.271+0000] {processor.py:840} INFO - DAG(s) 'example_branch_dop_operator_v3' retrieved from /home/airflow/.local/lib/python3.12/site-packages/airflow/example_dags/example_branch_python_dop_operator_3.py
[2025-08-19T08:57:22.296+0000] {logging_mixin.py:188} INFO - [2025-08-19T08:57:22.296+0000] {dag.py:3096} INFO - Sync 1 DAGs
[2025-08-19T08:57:22.479+0000] {logging_mixin.py:188} INFO - [2025-08-19T08:57:22.478+0000] {dag.py:3954} INFO - Setting next_dagrun for example_branch_dop_operator_v3 to 2025-08-19 08:56:00+00:00, run_after=2025-08-19 08:57:00+00:00
[2025-08-19T08:57:22.497+0000] {processor.py:183} INFO - Processing /home/airflow/.local/lib/python3.12/site-packages/airflow/example_dags/example_branch_python_dop_operator_3.py took 0.248 seconds
[2025-08-19T08:57:53.064+0000] {processor.py:161} INFO - Started process (PID=1025) to work on /home/airflow/.local/lib/python3.12/site-packages/airflow/example_dags/example_branch_python_dop_operator_3.py
[2025-08-19T08:57:53.065+0000] {processor.py:830} INFO - Processing file /home/airflow/.local/lib/python3.12/site-packages/airflow/example_dags/example_branch_python_dop_operator_3.py for tasks to queue
[2025-08-19T08:57:53.068+0000] {logging_mixin.py:188} INFO - [2025-08-19T08:57:53.067+0000] {dagbag.py:540} INFO - Filling up the DagBag from /home/airflow/.local/lib/python3.12/site-packages/airflow/example_dags/example_branch_python_dop_operator_3.py
[2025-08-19T08:57:53.078+0000] {processor.py:840} INFO - DAG(s) 'example_branch_dop_operator_v3' retrieved from /home/airflow/.local/lib/python3.12/site-packages/airflow/example_dags/example_branch_python_dop_operator_3.py
[2025-08-19T08:57:53.103+0000] {logging_mixin.py:188} INFO - [2025-08-19T08:57:53.102+0000] {dag.py:3096} INFO - Sync 1 DAGs
[2025-08-19T08:57:53.130+0000] {logging_mixin.py:188} INFO - [2025-08-19T08:57:53.130+0000] {dag.py:3954} INFO - Setting next_dagrun for example_branch_dop_operator_v3 to 2025-08-19 08:56:00+00:00, run_after=2025-08-19 08:57:00+00:00
[2025-08-19T08:57:53.301+0000] {processor.py:183} INFO - Processing /home/airflow/.local/lib/python3.12/site-packages/airflow/example_dags/example_branch_python_dop_operator_3.py took 0.244 seconds
[2025-08-19T08:58:24.327+0000] {processor.py:161} INFO - Started process (PID=1083) to work on /home/airflow/.local/lib/python3.12/site-packages/airflow/example_dags/example_branch_python_dop_operator_3.py
[2025-08-19T08:58:24.328+0000] {processor.py:830} INFO - Processing file /home/airflow/.local/lib/python3.12/site-packages/airflow/example_dags/example_branch_python_dop_operator_3.py for tasks to queue
[2025-08-19T08:58:24.331+0000] {logging_mixin.py:188} INFO - [2025-08-19T08:58:24.330+0000] {dagbag.py:540} INFO - Filling up the DagBag from /home/airflow/.local/lib/python3.12/site-packages/airflow/example_dags/example_branch_python_dop_operator_3.py
[2025-08-19T08:58:24.341+0000] {processor.py:840} INFO - DAG(s) 'example_branch_dop_operator_v3' retrieved from /home/airflow/.local/lib/python3.12/site-packages/airflow/example_dags/example_branch_python_dop_operator_3.py
[2025-08-19T08:58:24.366+0000] {logging_mixin.py:188} INFO - [2025-08-19T08:58:24.366+0000] {dag.py:3096} INFO - Sync 1 DAGs
[2025-08-19T08:58:24.395+0000] {logging_mixin.py:188} INFO - [2025-08-19T08:58:24.394+0000] {dag.py:3954} INFO - Setting next_dagrun for example_branch_dop_operator_v3 to 2025-08-19 08:57:00+00:00, run_after=2025-08-19 08:58:00+00:00
[2025-08-19T08:58:24.417+0000] {processor.py:183} INFO - Processing /home/airflow/.local/lib/python3.12/site-packages/airflow/example_dags/example_branch_python_dop_operator_3.py took 0.098 seconds
[2025-08-19T08:58:54.662+0000] {processor.py:161} INFO - Started process (PID=1141) to work on /home/airflow/.local/lib/python3.12/site-packages/airflow/example_dags/example_branch_python_dop_operator_3.py
[2025-08-19T08:58:54.664+0000] {processor.py:830} INFO - Processing file /home/airflow/.local/lib/python3.12/site-packages/airflow/example_dags/example_branch_python_dop_operator_3.py for tasks to queue
[2025-08-19T08:58:54.666+0000] {logging_mixin.py:188} INFO - [2025-08-19T08:58:54.666+0000] {dagbag.py:540} INFO - Filling up the DagBag from /home/airflow/.local/lib/python3.12/site-packages/airflow/example_dags/example_branch_python_dop_operator_3.py
[2025-08-19T08:58:54.677+0000] {processor.py:840} INFO - DAG(s) 'example_branch_dop_operator_v3' retrieved from /home/airflow/.local/lib/python3.12/site-packages/airflow/example_dags/example_branch_python_dop_operator_3.py
[2025-08-19T08:58:54.702+0000] {logging_mixin.py:188} INFO - [2025-08-19T08:58:54.702+0000] {dag.py:3096} INFO - Sync 1 DAGs
[2025-08-19T08:58:54.733+0000] {logging_mixin.py:188} INFO - [2025-08-19T08:58:54.732+0000] {dag.py:3954} INFO - Setting next_dagrun for example_branch_dop_operator_v3 to 2025-08-19 08:57:00+00:00, run_after=2025-08-19 08:58:00+00:00
[2025-08-19T08:58:54.814+0000] {processor.py:183} INFO - Processing /home/airflow/.local/lib/python3.12/site-packages/airflow/example_dags/example_branch_python_dop_operator_3.py took 0.159 seconds
[2025-08-19T08:59:25.100+0000] {processor.py:161} INFO - Started process (PID=1199) to work on /home/airflow/.local/lib/python3.12/site-packages/airflow/example_dags/example_branch_python_dop_operator_3.py
[2025-08-19T08:59:25.102+0000] {processor.py:830} INFO - Processing file /home/airflow/.local/lib/python3.12/site-packages/airflow/example_dags/example_branch_python_dop_operator_3.py for tasks to queue
[2025-08-19T08:59:25.104+0000] {logging_mixin.py:188} INFO - [2025-08-19T08:59:25.104+0000] {dagbag.py:540} INFO - Filling up the DagBag from /home/airflow/.local/lib/python3.12/site-packages/airflow/example_dags/example_branch_python_dop_operator_3.py
[2025-08-19T08:59:25.115+0000] {processor.py:840} INFO - DAG(s) 'example_branch_dop_operator_v3' retrieved from /home/airflow/.local/lib/python3.12/site-packages/airflow/example_dags/example_branch_python_dop_operator_3.py
[2025-08-19T08:59:25.144+0000] {logging_mixin.py:188} INFO - [2025-08-19T08:59:25.144+0000] {dag.py:3096} INFO - Sync 1 DAGs
[2025-08-19T08:59:25.174+0000] {logging_mixin.py:188} INFO - [2025-08-19T08:59:25.174+0000] {dag.py:3954} INFO - Setting next_dagrun for example_branch_dop_operator_v3 to 2025-08-19 08:58:00+00:00, run_after=2025-08-19 08:59:00+00:00
[2025-08-19T08:59:25.195+0000] {processor.py:183} INFO - Processing /home/airflow/.local/lib/python3.12/site-packages/airflow/example_dags/example_branch_python_dop_operator_3.py took 0.103 seconds
[2025-08-19T08:59:55.483+0000] {processor.py:161} INFO - Started process (PID=1257) to work on /home/airflow/.local/lib/python3.12/site-packages/airflow/example_dags/example_branch_python_dop_operator_3.py
[2025-08-19T08:59:55.484+0000] {processor.py:830} INFO - Processing file /home/airflow/.local/lib/python3.12/site-packages/airflow/example_dags/example_branch_python_dop_operator_3.py for tasks to queue
[2025-08-19T08:59:55.487+0000] {logging_mixin.py:188} INFO - [2025-08-19T08:59:55.486+0000] {dagbag.py:540} INFO - Filling up the DagBag from /home/airflow/.local/lib/python3.12/site-packages/airflow/example_dags/example_branch_python_dop_operator_3.py
[2025-08-19T08:59:55.497+0000] {processor.py:840} INFO - DAG(s) 'example_branch_dop_operator_v3' retrieved from /home/airflow/.local/lib/python3.12/site-packages/airflow/example_dags/example_branch_python_dop_operator_3.py
[2025-08-19T08:59:55.522+0000] {logging_mixin.py:188} INFO - [2025-08-19T08:59:55.521+0000] {dag.py:3096} INFO - Sync 1 DAGs
[2025-08-19T08:59:55.549+0000] {logging_mixin.py:188} INFO - [2025-08-19T08:59:55.549+0000] {dag.py:3954} INFO - Setting next_dagrun for example_branch_dop_operator_v3 to 2025-08-19 08:58:00+00:00, run_after=2025-08-19 08:59:00+00:00
[2025-08-19T08:59:55.568+0000] {processor.py:183} INFO - Processing /home/airflow/.local/lib/python3.12/site-packages/airflow/example_dags/example_branch_python_dop_operator_3.py took 0.092 seconds
[2025-08-19T09:00:25.747+0000] {processor.py:161} INFO - Started process (PID=1315) to work on /home/airflow/.local/lib/python3.12/site-packages/airflow/example_dags/example_branch_python_dop_operator_3.py
[2025-08-19T09:00:25.748+0000] {processor.py:830} INFO - Processing file /home/airflow/.local/lib/python3.12/site-packages/airflow/example_dags/example_branch_python_dop_operator_3.py for tasks to queue
[2025-08-19T09:00:25.751+0000] {logging_mixin.py:188} INFO - [2025-08-19T09:00:25.750+0000] {dagbag.py:540} INFO - Filling up the DagBag from /home/airflow/.local/lib/python3.12/site-packages/airflow/example_dags/example_branch_python_dop_operator_3.py
[2025-08-19T09:00:25.762+0000] {processor.py:840} INFO - DAG(s) 'example_branch_dop_operator_v3' retrieved from /home/airflow/.local/lib/python3.12/site-packages/airflow/example_dags/example_branch_python_dop_operator_3.py
[2025-08-19T09:00:25.790+0000] {logging_mixin.py:188} INFO - [2025-08-19T09:00:25.789+0000] {dag.py:3096} INFO - Sync 1 DAGs
[2025-08-19T09:00:25.823+0000] {logging_mixin.py:188} INFO - [2025-08-19T09:00:25.822+0000] {dag.py:3954} INFO - Setting next_dagrun for example_branch_dop_operator_v3 to 2025-08-19 08:59:00+00:00, run_after=2025-08-19 09:00:00+00:00
[2025-08-19T09:00:25.846+0000] {processor.py:183} INFO - Processing /home/airflow/.local/lib/python3.12/site-packages/airflow/example_dags/example_branch_python_dop_operator_3.py took 0.107 seconds
[2025-08-19T09:00:56.144+0000] {processor.py:161} INFO - Started process (PID=1373) to work on /home/airflow/.local/lib/python3.12/site-packages/airflow/example_dags/example_branch_python_dop_operator_3.py
[2025-08-19T09:00:56.145+0000] {processor.py:830} INFO - Processing file /home/airflow/.local/lib/python3.12/site-packages/airflow/example_dags/example_branch_python_dop_operator_3.py for tasks to queue
[2025-08-19T09:00:56.148+0000] {logging_mixin.py:188} INFO - [2025-08-19T09:00:56.147+0000] {dagbag.py:540} INFO - Filling up the DagBag from /home/airflow/.local/lib/python3.12/site-packages/airflow/example_dags/example_branch_python_dop_operator_3.py
[2025-08-19T09:00:56.159+0000] {processor.py:840} INFO - DAG(s) 'example_branch_dop_operator_v3' retrieved from /home/airflow/.local/lib/python3.12/site-packages/airflow/example_dags/example_branch_python_dop_operator_3.py
[2025-08-19T09:00:56.183+0000] {logging_mixin.py:188} INFO - [2025-08-19T09:00:56.182+0000] {dag.py:3096} INFO - Sync 1 DAGs
[2025-08-19T09:00:56.210+0000] {logging_mixin.py:188} INFO - [2025-08-19T09:00:56.210+0000] {dag.py:3954} INFO - Setting next_dagrun for example_branch_dop_operator_v3 to 2025-08-19 08:59:00+00:00, run_after=2025-08-19 09:00:00+00:00
[2025-08-19T09:00:56.229+0000] {processor.py:183} INFO - Processing /home/airflow/.local/lib/python3.12/site-packages/airflow/example_dags/example_branch_python_dop_operator_3.py took 0.093 seconds
[2025-08-19T09:01:26.346+0000] {processor.py:161} INFO - Started process (PID=1431) to work on /home/airflow/.local/lib/python3.12/site-packages/airflow/example_dags/example_branch_python_dop_operator_3.py
[2025-08-19T09:01:26.347+0000] {processor.py:830} INFO - Processing file /home/airflow/.local/lib/python3.12/site-packages/airflow/example_dags/example_branch_python_dop_operator_3.py for tasks to queue
[2025-08-19T09:01:26.350+0000] {logging_mixin.py:188} INFO - [2025-08-19T09:01:26.350+0000] {dagbag.py:540} INFO - Filling up the DagBag from /home/airflow/.local/lib/python3.12/site-packages/airflow/example_dags/example_branch_python_dop_operator_3.py
[2025-08-19T09:01:26.364+0000] {processor.py:840} INFO - DAG(s) 'example_branch_dop_operator_v3' retrieved from /home/airflow/.local/lib/python3.12/site-packages/airflow/example_dags/example_branch_python_dop_operator_3.py
[2025-08-19T09:01:26.388+0000] {logging_mixin.py:188} INFO - [2025-08-19T09:01:26.388+0000] {dag.py:3096} INFO - Sync 1 DAGs
[2025-08-19T09:01:26.417+0000] {logging_mixin.py:188} INFO - [2025-08-19T09:01:26.417+0000] {dag.py:3954} INFO - Setting next_dagrun for example_branch_dop_operator_v3 to 2025-08-19 09:00:00+00:00, run_after=2025-08-19 09:01:00+00:00
[2025-08-19T09:01:26.436+0000] {processor.py:183} INFO - Processing /home/airflow/.local/lib/python3.12/site-packages/airflow/example_dags/example_branch_python_dop_operator_3.py took 0.098 seconds
[2025-08-19T09:01:56.763+0000] {processor.py:161} INFO - Started process (PID=1489) to work on /home/airflow/.local/lib/python3.12/site-packages/airflow/example_dags/example_branch_python_dop_operator_3.py
[2025-08-19T09:01:56.765+0000] {processor.py:830} INFO - Processing file /home/airflow/.local/lib/python3.12/site-packages/airflow/example_dags/example_branch_python_dop_operator_3.py for tasks to queue
[2025-08-19T09:01:56.767+0000] {logging_mixin.py:188} INFO - [2025-08-19T09:01:56.767+0000] {dagbag.py:540} INFO - Filling up the DagBag from /home/airflow/.local/lib/python3.12/site-packages/airflow/example_dags/example_branch_python_dop_operator_3.py
[2025-08-19T09:01:56.778+0000] {processor.py:840} INFO - DAG(s) 'example_branch_dop_operator_v3' retrieved from /home/airflow/.local/lib/python3.12/site-packages/airflow/example_dags/example_branch_python_dop_operator_3.py
[2025-08-19T09:01:56.805+0000] {logging_mixin.py:188} INFO - [2025-08-19T09:01:56.804+0000] {dag.py:3096} INFO - Sync 1 DAGs
[2025-08-19T09:01:56.835+0000] {logging_mixin.py:188} INFO - [2025-08-19T09:01:56.835+0000] {dag.py:3954} INFO - Setting next_dagrun for example_branch_dop_operator_v3 to 2025-08-19 09:00:00+00:00, run_after=2025-08-19 09:01:00+00:00
[2025-08-19T09:01:56.858+0000] {processor.py:183} INFO - Processing /home/airflow/.local/lib/python3.12/site-packages/airflow/example_dags/example_branch_python_dop_operator_3.py took 0.104 seconds
[2025-08-19T09:02:27.090+0000] {processor.py:161} INFO - Started process (PID=1547) to work on /home/airflow/.local/lib/python3.12/site-packages/airflow/example_dags/example_branch_python_dop_operator_3.py
[2025-08-19T09:02:27.091+0000] {processor.py:830} INFO - Processing file /home/airflow/.local/lib/python3.12/site-packages/airflow/example_dags/example_branch_python_dop_operator_3.py for tasks to queue
[2025-08-19T09:02:27.094+0000] {logging_mixin.py:188} INFO - [2025-08-19T09:02:27.093+0000] {dagbag.py:540} INFO - Filling up the DagBag from /home/airflow/.local/lib/python3.12/site-packages/airflow/example_dags/example_branch_python_dop_operator_3.py
[2025-08-19T09:02:27.107+0000] {processor.py:840} INFO - DAG(s) 'example_branch_dop_operator_v3' retrieved from /home/airflow/.local/lib/python3.12/site-packages/airflow/example_dags/example_branch_python_dop_operator_3.py
[2025-08-19T09:02:27.134+0000] {logging_mixin.py:188} INFO - [2025-08-19T09:02:27.133+0000] {dag.py:3096} INFO - Sync 1 DAGs
[2025-08-19T09:02:27.164+0000] {logging_mixin.py:188} INFO - [2025-08-19T09:02:27.164+0000] {dag.py:3954} INFO - Setting next_dagrun for example_branch_dop_operator_v3 to 2025-08-19 09:01:00+00:00, run_after=2025-08-19 09:02:00+00:00
[2025-08-19T09:02:27.185+0000] {processor.py:183} INFO - Processing /home/airflow/.local/lib/python3.12/site-packages/airflow/example_dags/example_branch_python_dop_operator_3.py took 0.104 seconds
[2025-08-19T09:02:57.336+0000] {processor.py:161} INFO - Started process (PID=1605) to work on /home/airflow/.local/lib/python3.12/site-packages/airflow/example_dags/example_branch_python_dop_operator_3.py
[2025-08-19T09:02:57.337+0000] {processor.py:830} INFO - Processing file /home/airflow/.local/lib/python3.12/site-packages/airflow/example_dags/example_branch_python_dop_operator_3.py for tasks to queue
[2025-08-19T09:02:57.340+0000] {logging_mixin.py:188} INFO - [2025-08-19T09:02:57.339+0000] {dagbag.py:540} INFO - Filling up the DagBag from /home/airflow/.local/lib/python3.12/site-packages/airflow/example_dags/example_branch_python_dop_operator_3.py
[2025-08-19T09:02:57.351+0000] {processor.py:840} INFO - DAG(s) 'example_branch_dop_operator_v3' retrieved from /home/airflow/.local/lib/python3.12/site-packages/airflow/example_dags/example_branch_python_dop_operator_3.py
[2025-08-19T09:02:57.377+0000] {logging_mixin.py:188} INFO - [2025-08-19T09:02:57.377+0000] {dag.py:3096} INFO - Sync 1 DAGs
[2025-08-19T09:02:57.405+0000] {logging_mixin.py:188} INFO - [2025-08-19T09:02:57.405+0000] {dag.py:3954} INFO - Setting next_dagrun for example_branch_dop_operator_v3 to 2025-08-19 09:01:00+00:00, run_after=2025-08-19 09:02:00+00:00
[2025-08-19T09:02:57.425+0000] {processor.py:183} INFO - Processing /home/airflow/.local/lib/python3.12/site-packages/airflow/example_dags/example_branch_python_dop_operator_3.py took 0.097 seconds
[2025-08-19T09:03:27.639+0000] {processor.py:161} INFO - Started process (PID=1663) to work on /home/airflow/.local/lib/python3.12/site-packages/airflow/example_dags/example_branch_python_dop_operator_3.py
[2025-08-19T09:03:27.640+0000] {processor.py:830} INFO - Processing file /home/airflow/.local/lib/python3.12/site-packages/airflow/example_dags/example_branch_python_dop_operator_3.py for tasks to queue
[2025-08-19T09:03:27.643+0000] {logging_mixin.py:188} INFO - [2025-08-19T09:03:27.642+0000] {dagbag.py:540} INFO - Filling up the DagBag from /home/airflow/.local/lib/python3.12/site-packages/airflow/example_dags/example_branch_python_dop_operator_3.py
[2025-08-19T09:03:27.653+0000] {processor.py:840} INFO - DAG(s) 'example_branch_dop_operator_v3' retrieved from /home/airflow/.local/lib/python3.12/site-packages/airflow/example_dags/example_branch_python_dop_operator_3.py
[2025-08-19T09:03:27.680+0000] {logging_mixin.py:188} INFO - [2025-08-19T09:03:27.680+0000] {dag.py:3096} INFO - Sync 1 DAGs
[2025-08-19T09:03:27.707+0000] {logging_mixin.py:188} INFO - [2025-08-19T09:03:27.707+0000] {dag.py:3954} INFO - Setting next_dagrun for example_branch_dop_operator_v3 to 2025-08-19 09:02:00+00:00, run_after=2025-08-19 09:03:00+00:00
[2025-08-19T09:03:27.725+0000] {processor.py:183} INFO - Processing /home/airflow/.local/lib/python3.12/site-packages/airflow/example_dags/example_branch_python_dop_operator_3.py took 0.093 seconds
[2025-08-19T09:03:57.910+0000] {processor.py:161} INFO - Started process (PID=1721) to work on /home/airflow/.local/lib/python3.12/site-packages/airflow/example_dags/example_branch_python_dop_operator_3.py
[2025-08-19T09:03:57.911+0000] {processor.py:830} INFO - Processing file /home/airflow/.local/lib/python3.12/site-packages/airflow/example_dags/example_branch_python_dop_operator_3.py for tasks to queue
[2025-08-19T09:03:57.914+0000] {logging_mixin.py:188} INFO - [2025-08-19T09:03:57.913+0000] {dagbag.py:540} INFO - Filling up the DagBag from /home/airflow/.local/lib/python3.12/site-packages/airflow/example_dags/example_branch_python_dop_operator_3.py
[2025-08-19T09:03:57.925+0000] {processor.py:840} INFO - DAG(s) 'example_branch_dop_operator_v3' retrieved from /home/airflow/.local/lib/python3.12/site-packages/airflow/example_dags/example_branch_python_dop_operator_3.py
[2025-08-19T09:03:57.950+0000] {logging_mixin.py:188} INFO - [2025-08-19T09:03:57.950+0000] {dag.py:3096} INFO - Sync 1 DAGs
[2025-08-19T09:03:57.979+0000] {logging_mixin.py:188} INFO - [2025-08-19T09:03:57.979+0000] {dag.py:3954} INFO - Setting next_dagrun for example_branch_dop_operator_v3 to 2025-08-19 09:02:00+00:00, run_after=2025-08-19 09:03:00+00:00
[2025-08-19T09:03:58.000+0000] {processor.py:183} INFO - Processing /home/airflow/.local/lib/python3.12/site-packages/airflow/example_dags/example_branch_python_dop_operator_3.py took 0.098 seconds
[2025-08-19T09:04:28.271+0000] {processor.py:161} INFO - Started process (PID=1779) to work on /home/airflow/.local/lib/python3.12/site-packages/airflow/example_dags/example_branch_python_dop_operator_3.py
[2025-08-19T09:04:28.273+0000] {processor.py:830} INFO - Processing file /home/airflow/.local/lib/python3.12/site-packages/airflow/example_dags/example_branch_python_dop_operator_3.py for tasks to queue
[2025-08-19T09:04:28.275+0000] {logging_mixin.py:188} INFO - [2025-08-19T09:04:28.275+0000] {dagbag.py:540} INFO - Filling up the DagBag from /home/airflow/.local/lib/python3.12/site-packages/airflow/example_dags/example_branch_python_dop_operator_3.py
[2025-08-19T09:04:28.288+0000] {processor.py:840} INFO - DAG(s) 'example_branch_dop_operator_v3' retrieved from /home/airflow/.local/lib/python3.12/site-packages/airflow/example_dags/example_branch_python_dop_operator_3.py
[2025-08-19T09:04:28.311+0000] {logging_mixin.py:188} INFO - [2025-08-19T09:04:28.311+0000] {dag.py:3096} INFO - Sync 1 DAGs
[2025-08-19T09:04:28.341+0000] {logging_mixin.py:188} INFO - [2025-08-19T09:04:28.340+0000] {dag.py:3954} INFO - Setting next_dagrun for example_branch_dop_operator_v3 to 2025-08-19 09:03:00+00:00, run_after=2025-08-19 09:04:00+00:00
[2025-08-19T09:04:28.359+0000] {processor.py:183} INFO - Processing /home/airflow/.local/lib/python3.12/site-packages/airflow/example_dags/example_branch_python_dop_operator_3.py took 0.095 seconds
[2025-08-19T09:04:58.540+0000] {processor.py:161} INFO - Started process (PID=1838) to work on /home/airflow/.local/lib/python3.12/site-packages/airflow/example_dags/example_branch_python_dop_operator_3.py
[2025-08-19T09:04:58.541+0000] {processor.py:830} INFO - Processing file /home/airflow/.local/lib/python3.12/site-packages/airflow/example_dags/example_branch_python_dop_operator_3.py for tasks to queue
[2025-08-19T09:04:58.544+0000] {logging_mixin.py:188} INFO - [2025-08-19T09:04:58.543+0000] {dagbag.py:540} INFO - Filling up the DagBag from /home/airflow/.local/lib/python3.12/site-packages/airflow/example_dags/example_branch_python_dop_operator_3.py
[2025-08-19T09:04:58.554+0000] {processor.py:840} INFO - DAG(s) 'example_branch_dop_operator_v3' retrieved from /home/airflow/.local/lib/python3.12/site-packages/airflow/example_dags/example_branch_python_dop_operator_3.py
[2025-08-19T09:04:58.580+0000] {logging_mixin.py:188} INFO - [2025-08-19T09:04:58.579+0000] {dag.py:3096} INFO - Sync 1 DAGs
[2025-08-19T09:04:58.608+0000] {logging_mixin.py:188} INFO - [2025-08-19T09:04:58.607+0000] {dag.py:3954} INFO - Setting next_dagrun for example_branch_dop_operator_v3 to 2025-08-19 09:03:00+00:00, run_after=2025-08-19 09:04:00+00:00
[2025-08-19T09:04:58.627+0000] {processor.py:183} INFO - Processing /home/airflow/.local/lib/python3.12/site-packages/airflow/example_dags/example_branch_python_dop_operator_3.py took 0.095 seconds
[2025-08-19T09:05:28.773+0000] {processor.py:161} INFO - Started process (PID=1897) to work on /home/airflow/.local/lib/python3.12/site-packages/airflow/example_dags/example_branch_python_dop_operator_3.py
[2025-08-19T09:05:28.775+0000] {processor.py:830} INFO - Processing file /home/airflow/.local/lib/python3.12/site-packages/airflow/example_dags/example_branch_python_dop_operator_3.py for tasks to queue
[2025-08-19T09:05:28.778+0000] {logging_mixin.py:188} INFO - [2025-08-19T09:05:28.778+0000] {dagbag.py:540} INFO - Filling up the DagBag from /home/airflow/.local/lib/python3.12/site-packages/airflow/example_dags/example_branch_python_dop_operator_3.py
[2025-08-19T09:05:28.792+0000] {processor.py:840} INFO - DAG(s) 'example_branch_dop_operator_v3' retrieved from /home/airflow/.local/lib/python3.12/site-packages/airflow/example_dags/example_branch_python_dop_operator_3.py
[2025-08-19T09:05:28.821+0000] {logging_mixin.py:188} INFO - [2025-08-19T09:05:28.821+0000] {dag.py:3096} INFO - Sync 1 DAGs
[2025-08-19T09:05:28.854+0000] {logging_mixin.py:188} INFO - [2025-08-19T09:05:28.853+0000] {dag.py:3954} INFO - Setting next_dagrun for example_branch_dop_operator_v3 to 2025-08-19 09:04:00+00:00, run_after=2025-08-19 09:05:00+00:00
[2025-08-19T09:05:28.876+0000] {processor.py:183} INFO - Processing /home/airflow/.local/lib/python3.12/site-packages/airflow/example_dags/example_branch_python_dop_operator_3.py took 0.113 seconds
[2025-08-19T09:05:59.062+0000] {processor.py:161} INFO - Started process (PID=1955) to work on /home/airflow/.local/lib/python3.12/site-packages/airflow/example_dags/example_branch_python_dop_operator_3.py
[2025-08-19T09:05:59.063+0000] {processor.py:830} INFO - Processing file /home/airflow/.local/lib/python3.12/site-packages/airflow/example_dags/example_branch_python_dop_operator_3.py for tasks to queue
[2025-08-19T09:05:59.066+0000] {logging_mixin.py:188} INFO - [2025-08-19T09:05:59.065+0000] {dagbag.py:540} INFO - Filling up the DagBag from /home/airflow/.local/lib/python3.12/site-packages/airflow/example_dags/example_branch_python_dop_operator_3.py
[2025-08-19T09:05:59.077+0000] {processor.py:840} INFO - DAG(s) 'example_branch_dop_operator_v3' retrieved from /home/airflow/.local/lib/python3.12/site-packages/airflow/example_dags/example_branch_python_dop_operator_3.py
[2025-08-19T09:05:59.101+0000] {logging_mixin.py:188} INFO - [2025-08-19T09:05:59.101+0000] {dag.py:3096} INFO - Sync 1 DAGs
[2025-08-19T09:05:59.129+0000] {logging_mixin.py:188} INFO - [2025-08-19T09:05:59.128+0000] {dag.py:3954} INFO - Setting next_dagrun for example_branch_dop_operator_v3 to 2025-08-19 09:04:00+00:00, run_after=2025-08-19 09:05:00+00:00
[2025-08-19T09:05:59.146+0000] {processor.py:183} INFO - Processing /home/airflow/.local/lib/python3.12/site-packages/airflow/example_dags/example_branch_python_dop_operator_3.py took 0.092 seconds
[2025-08-19T09:06:29.450+0000] {processor.py:161} INFO - Started process (PID=2013) to work on /home/airflow/.local/lib/python3.12/site-packages/airflow/example_dags/example_branch_python_dop_operator_3.py
[2025-08-19T09:06:29.451+0000] {processor.py:830} INFO - Processing file /home/airflow/.local/lib/python3.12/site-packages/airflow/example_dags/example_branch_python_dop_operator_3.py for tasks to queue
[2025-08-19T09:06:29.453+0000] {logging_mixin.py:188} INFO - [2025-08-19T09:06:29.453+0000] {dagbag.py:540} INFO - Filling up the DagBag from /home/airflow/.local/lib/python3.12/site-packages/airflow/example_dags/example_branch_python_dop_operator_3.py
[2025-08-19T09:06:29.464+0000] {processor.py:840} INFO - DAG(s) 'example_branch_dop_operator_v3' retrieved from /home/airflow/.local/lib/python3.12/site-packages/airflow/example_dags/example_branch_python_dop_operator_3.py
[2025-08-19T09:06:29.489+0000] {logging_mixin.py:188} INFO - [2025-08-19T09:06:29.488+0000] {dag.py:3096} INFO - Sync 1 DAGs
[2025-08-19T09:06:29.517+0000] {logging_mixin.py:188} INFO - [2025-08-19T09:06:29.517+0000] {dag.py:3954} INFO - Setting next_dagrun for example_branch_dop_operator_v3 to 2025-08-19 09:05:00+00:00, run_after=2025-08-19 09:06:00+00:00
[2025-08-19T09:06:29.535+0000] {processor.py:183} INFO - Processing /home/airflow/.local/lib/python3.12/site-packages/airflow/example_dags/example_branch_python_dop_operator_3.py took 0.093 seconds
[2025-08-19T09:06:59.659+0000] {processor.py:161} INFO - Started process (PID=2072) to work on /home/airflow/.local/lib/python3.12/site-packages/airflow/example_dags/example_branch_python_dop_operator_3.py
[2025-08-19T09:06:59.660+0000] {processor.py:830} INFO - Processing file /home/airflow/.local/lib/python3.12/site-packages/airflow/example_dags/example_branch_python_dop_operator_3.py for tasks to queue
[2025-08-19T09:06:59.662+0000] {logging_mixin.py:188} INFO - [2025-08-19T09:06:59.662+0000] {dagbag.py:540} INFO - Filling up the DagBag from /home/airflow/.local/lib/python3.12/site-packages/airflow/example_dags/example_branch_python_dop_operator_3.py
[2025-08-19T09:06:59.673+0000] {processor.py:840} INFO - DAG(s) 'example_branch_dop_operator_v3' retrieved from /home/airflow/.local/lib/python3.12/site-packages/airflow/example_dags/example_branch_python_dop_operator_3.py
[2025-08-19T09:06:59.697+0000] {logging_mixin.py:188} INFO - [2025-08-19T09:06:59.697+0000] {dag.py:3096} INFO - Sync 1 DAGs
[2025-08-19T09:06:59.724+0000] {logging_mixin.py:188} INFO - [2025-08-19T09:06:59.724+0000] {dag.py:3954} INFO - Setting next_dagrun for example_branch_dop_operator_v3 to 2025-08-19 09:05:00+00:00, run_after=2025-08-19 09:06:00+00:00
[2025-08-19T09:06:59.744+0000] {processor.py:183} INFO - Processing /home/airflow/.local/lib/python3.12/site-packages/airflow/example_dags/example_branch_python_dop_operator_3.py took 0.093 seconds
[2025-08-19T09:07:30.004+0000] {processor.py:161} INFO - Started process (PID=2130) to work on /home/airflow/.local/lib/python3.12/site-packages/airflow/example_dags/example_branch_python_dop_operator_3.py
[2025-08-19T09:07:30.006+0000] {processor.py:830} INFO - Processing file /home/airflow/.local/lib/python3.12/site-packages/airflow/example_dags/example_branch_python_dop_operator_3.py for tasks to queue
[2025-08-19T09:07:30.008+0000] {logging_mixin.py:188} INFO - [2025-08-19T09:07:30.008+0000] {dagbag.py:540} INFO - Filling up the DagBag from /home/airflow/.local/lib/python3.12/site-packages/airflow/example_dags/example_branch_python_dop_operator_3.py
[2025-08-19T09:07:30.020+0000] {processor.py:840} INFO - DAG(s) 'example_branch_dop_operator_v3' retrieved from /home/airflow/.local/lib/python3.12/site-packages/airflow/example_dags/example_branch_python_dop_operator_3.py
[2025-08-19T09:07:30.046+0000] {logging_mixin.py:188} INFO - [2025-08-19T09:07:30.045+0000] {dag.py:3096} INFO - Sync 1 DAGs
[2025-08-19T09:07:30.075+0000] {logging_mixin.py:188} INFO - [2025-08-19T09:07:30.074+0000] {dag.py:3954} INFO - Setting next_dagrun for example_branch_dop_operator_v3 to 2025-08-19 09:06:00+00:00, run_after=2025-08-19 09:07:00+00:00
[2025-08-19T09:07:30.097+0000] {processor.py:183} INFO - Processing /home/airflow/.local/lib/python3.12/site-packages/airflow/example_dags/example_branch_python_dop_operator_3.py took 0.101 seconds
[2025-08-19T09:08:00.384+0000] {processor.py:161} INFO - Started process (PID=2188) to work on /home/airflow/.local/lib/python3.12/site-packages/airflow/example_dags/example_branch_python_dop_operator_3.py
[2025-08-19T09:08:00.386+0000] {processor.py:830} INFO - Processing file /home/airflow/.local/lib/python3.12/site-packages/airflow/example_dags/example_branch_python_dop_operator_3.py for tasks to queue
[2025-08-19T09:08:00.388+0000] {logging_mixin.py:188} INFO - [2025-08-19T09:08:00.387+0000] {dagbag.py:540} INFO - Filling up the DagBag from /home/airflow/.local/lib/python3.12/site-packages/airflow/example_dags/example_branch_python_dop_operator_3.py
[2025-08-19T09:08:00.399+0000] {processor.py:840} INFO - DAG(s) 'example_branch_dop_operator_v3' retrieved from /home/airflow/.local/lib/python3.12/site-packages/airflow/example_dags/example_branch_python_dop_operator_3.py
[2025-08-19T09:08:00.423+0000] {logging_mixin.py:188} INFO - [2025-08-19T09:08:00.422+0000] {dag.py:3096} INFO - Sync 1 DAGs
[2025-08-19T09:08:00.450+0000] {logging_mixin.py:188} INFO - [2025-08-19T09:08:00.450+0000] {dag.py:3954} INFO - Setting next_dagrun for example_branch_dop_operator_v3 to 2025-08-19 09:07:00+00:00, run_after=2025-08-19 09:08:00+00:00
[2025-08-19T09:08:00.468+0000] {processor.py:183} INFO - Processing /home/airflow/.local/lib/python3.12/site-packages/airflow/example_dags/example_branch_python_dop_operator_3.py took 0.091 seconds
[2025-08-19T09:08:31.164+0000] {processor.py:161} INFO - Started process (PID=2246) to work on /home/airflow/.local/lib/python3.12/site-packages/airflow/example_dags/example_branch_python_dop_operator_3.py
[2025-08-19T09:08:31.165+0000] {processor.py:830} INFO - Processing file /home/airflow/.local/lib/python3.12/site-packages/airflow/example_dags/example_branch_python_dop_operator_3.py for tasks to queue
[2025-08-19T09:08:31.168+0000] {logging_mixin.py:188} INFO - [2025-08-19T09:08:31.168+0000] {dagbag.py:540} INFO - Filling up the DagBag from /home/airflow/.local/lib/python3.12/site-packages/airflow/example_dags/example_branch_python_dop_operator_3.py
[2025-08-19T09:08:31.179+0000] {processor.py:840} INFO - DAG(s) 'example_branch_dop_operator_v3' retrieved from /home/airflow/.local/lib/python3.12/site-packages/airflow/example_dags/example_branch_python_dop_operator_3.py
[2025-08-19T09:08:31.204+0000] {logging_mixin.py:188} INFO - [2025-08-19T09:08:31.204+0000] {dag.py:3096} INFO - Sync 1 DAGs
[2025-08-19T09:08:31.233+0000] {logging_mixin.py:188} INFO - [2025-08-19T09:08:31.232+0000] {dag.py:3954} INFO - Setting next_dagrun for example_branch_dop_operator_v3 to 2025-08-19 09:07:00+00:00, run_after=2025-08-19 09:08:00+00:00
[2025-08-19T09:08:31.255+0000] {processor.py:183} INFO - Processing /home/airflow/.local/lib/python3.12/site-packages/airflow/example_dags/example_branch_python_dop_operator_3.py took 0.098 seconds
[2025-08-19T09:09:01.492+0000] {processor.py:161} INFO - Started process (PID=2304) to work on /home/airflow/.local/lib/python3.12/site-packages/airflow/example_dags/example_branch_python_dop_operator_3.py
[2025-08-19T09:09:01.493+0000] {processor.py:830} INFO - Processing file /home/airflow/.local/lib/python3.12/site-packages/airflow/example_dags/example_branch_python_dop_operator_3.py for tasks to queue
[2025-08-19T09:09:01.495+0000] {logging_mixin.py:188} INFO - [2025-08-19T09:09:01.495+0000] {dagbag.py:540} INFO - Filling up the DagBag from /home/airflow/.local/lib/python3.12/site-packages/airflow/example_dags/example_branch_python_dop_operator_3.py
[2025-08-19T09:09:01.508+0000] {processor.py:840} INFO - DAG(s) 'example_branch_dop_operator_v3' retrieved from /home/airflow/.local/lib/python3.12/site-packages/airflow/example_dags/example_branch_python_dop_operator_3.py
[2025-08-19T09:09:01.531+0000] {logging_mixin.py:188} INFO - [2025-08-19T09:09:01.530+0000] {dag.py:3096} INFO - Sync 1 DAGs
[2025-08-19T09:09:01.562+0000] {logging_mixin.py:188} INFO - [2025-08-19T09:09:01.562+0000] {dag.py:3954} INFO - Setting next_dagrun for example_branch_dop_operator_v3 to 2025-08-19 09:08:00+00:00, run_after=2025-08-19 09:09:00+00:00
[2025-08-19T09:09:01.581+0000] {processor.py:183} INFO - Processing /home/airflow/.local/lib/python3.12/site-packages/airflow/example_dags/example_branch_python_dop_operator_3.py took 0.096 seconds
[2025-08-19T09:09:32.107+0000] {processor.py:161} INFO - Started process (PID=2362) to work on /home/airflow/.local/lib/python3.12/site-packages/airflow/example_dags/example_branch_python_dop_operator_3.py
[2025-08-19T09:09:32.108+0000] {processor.py:830} INFO - Processing file /home/airflow/.local/lib/python3.12/site-packages/airflow/example_dags/example_branch_python_dop_operator_3.py for tasks to queue
[2025-08-19T09:09:32.111+0000] {logging_mixin.py:188} INFO - [2025-08-19T09:09:32.110+0000] {dagbag.py:540} INFO - Filling up the DagBag from /home/airflow/.local/lib/python3.12/site-packages/airflow/example_dags/example_branch_python_dop_operator_3.py
[2025-08-19T09:09:32.121+0000] {processor.py:840} INFO - DAG(s) 'example_branch_dop_operator_v3' retrieved from /home/airflow/.local/lib/python3.12/site-packages/airflow/example_dags/example_branch_python_dop_operator_3.py
[2025-08-19T09:09:32.145+0000] {logging_mixin.py:188} INFO - [2025-08-19T09:09:32.145+0000] {dag.py:3096} INFO - Sync 1 DAGs
[2025-08-19T09:09:32.174+0000] {logging_mixin.py:188} INFO - [2025-08-19T09:09:32.174+0000] {dag.py:3954} INFO - Setting next_dagrun for example_branch_dop_operator_v3 to 2025-08-19 09:08:00+00:00, run_after=2025-08-19 09:09:00+00:00
[2025-08-19T09:09:32.193+0000] {processor.py:183} INFO - Processing /home/airflow/.local/lib/python3.12/site-packages/airflow/example_dags/example_branch_python_dop_operator_3.py took 0.094 seconds
[2025-08-19T09:10:02.686+0000] {processor.py:161} INFO - Started process (PID=2420) to work on /home/airflow/.local/lib/python3.12/site-packages/airflow/example_dags/example_branch_python_dop_operator_3.py
[2025-08-19T09:10:02.687+0000] {processor.py:830} INFO - Processing file /home/airflow/.local/lib/python3.12/site-packages/airflow/example_dags/example_branch_python_dop_operator_3.py for tasks to queue
[2025-08-19T09:10:02.690+0000] {logging_mixin.py:188} INFO - [2025-08-19T09:10:02.690+0000] {dagbag.py:540} INFO - Filling up the DagBag from /home/airflow/.local/lib/python3.12/site-packages/airflow/example_dags/example_branch_python_dop_operator_3.py
[2025-08-19T09:10:02.703+0000] {processor.py:840} INFO - DAG(s) 'example_branch_dop_operator_v3' retrieved from /home/airflow/.local/lib/python3.12/site-packages/airflow/example_dags/example_branch_python_dop_operator_3.py
[2025-08-19T09:10:02.729+0000] {logging_mixin.py:188} INFO - [2025-08-19T09:10:02.729+0000] {dag.py:3096} INFO - Sync 1 DAGs
[2025-08-19T09:10:02.758+0000] {logging_mixin.py:188} INFO - [2025-08-19T09:10:02.758+0000] {dag.py:3954} INFO - Setting next_dagrun for example_branch_dop_operator_v3 to 2025-08-19 09:09:00+00:00, run_after=2025-08-19 09:10:00+00:00
[2025-08-19T09:10:02.779+0000] {processor.py:183} INFO - Processing /home/airflow/.local/lib/python3.12/site-packages/airflow/example_dags/example_branch_python_dop_operator_3.py took 0.101 seconds
[2025-08-19T09:10:33.194+0000] {processor.py:161} INFO - Started process (PID=2478) to work on /home/airflow/.local/lib/python3.12/site-packages/airflow/example_dags/example_branch_python_dop_operator_3.py
[2025-08-19T09:10:33.196+0000] {processor.py:830} INFO - Processing file /home/airflow/.local/lib/python3.12/site-packages/airflow/example_dags/example_branch_python_dop_operator_3.py for tasks to queue
[2025-08-19T09:10:33.198+0000] {logging_mixin.py:188} INFO - [2025-08-19T09:10:33.197+0000] {dagbag.py:540} INFO - Filling up the DagBag from /home/airflow/.local/lib/python3.12/site-packages/airflow/example_dags/example_branch_python_dop_operator_3.py
[2025-08-19T09:10:33.209+0000] {processor.py:840} INFO - DAG(s) 'example_branch_dop_operator_v3' retrieved from /home/airflow/.local/lib/python3.12/site-packages/airflow/example_dags/example_branch_python_dop_operator_3.py
[2025-08-19T09:10:33.233+0000] {logging_mixin.py:188} INFO - [2025-08-19T09:10:33.232+0000] {dag.py:3096} INFO - Sync 1 DAGs
[2025-08-19T09:10:33.260+0000] {logging_mixin.py:188} INFO - [2025-08-19T09:10:33.260+0000] {dag.py:3954} INFO - Setting next_dagrun for example_branch_dop_operator_v3 to 2025-08-19 09:09:00+00:00, run_after=2025-08-19 09:10:00+00:00
[2025-08-19T09:10:33.279+0000] {processor.py:183} INFO - Processing /home/airflow/.local/lib/python3.12/site-packages/airflow/example_dags/example_branch_python_dop_operator_3.py took 0.092 seconds
[2025-08-19T09:11:03.984+0000] {processor.py:161} INFO - Started process (PID=2536) to work on /home/airflow/.local/lib/python3.12/site-packages/airflow/example_dags/example_branch_python_dop_operator_3.py
[2025-08-19T09:11:03.985+0000] {processor.py:830} INFO - Processing file /home/airflow/.local/lib/python3.12/site-packages/airflow/example_dags/example_branch_python_dop_operator_3.py for tasks to queue
[2025-08-19T09:11:03.989+0000] {logging_mixin.py:188} INFO - [2025-08-19T09:11:03.988+0000] {dagbag.py:540} INFO - Filling up the DagBag from /home/airflow/.local/lib/python3.12/site-packages/airflow/example_dags/example_branch_python_dop_operator_3.py
[2025-08-19T09:11:04.004+0000] {processor.py:840} INFO - DAG(s) 'example_branch_dop_operator_v3' retrieved from /home/airflow/.local/lib/python3.12/site-packages/airflow/example_dags/example_branch_python_dop_operator_3.py
[2025-08-19T09:11:04.034+0000] {logging_mixin.py:188} INFO - [2025-08-19T09:11:04.034+0000] {dag.py:3096} INFO - Sync 1 DAGs
[2025-08-19T09:11:04.069+0000] {logging_mixin.py:188} INFO - [2025-08-19T09:11:04.069+0000] {dag.py:3954} INFO - Setting next_dagrun for example_branch_dop_operator_v3 to 2025-08-19 09:10:00+00:00, run_after=2025-08-19 09:11:00+00:00
[2025-08-19T09:11:04.095+0000] {processor.py:183} INFO - Processing /home/airflow/.local/lib/python3.12/site-packages/airflow/example_dags/example_branch_python_dop_operator_3.py took 0.119 seconds
