[2025-08-19T08:49:45.853+0000] {processor.py:161} INFO - Started process (PID=113) to work on /home/airflow/.local/lib/python3.12/site-packages/airflow/example_dags/example_latest_only.py
[2025-08-19T08:49:45.854+0000] {processor.py:830} INFO - Processing file /home/airflow/.local/lib/python3.12/site-packages/airflow/example_dags/example_latest_only.py for tasks to queue
[2025-08-19T08:49:45.858+0000] {logging_mixin.py:188} INFO - [2025-08-19T08:49:45.857+0000] {dagbag.py:540} INFO - Filling up the DagBag from /home/airflow/.local/lib/python3.12/site-packages/airflow/example_dags/example_latest_only.py
[2025-08-19T08:49:45.867+0000] {processor.py:840} INFO - DAG(s) 'latest_only' retrieved from /home/airflow/.local/lib/python3.12/site-packages/airflow/example_dags/example_latest_only.py
[2025-08-19T08:49:46.006+0000] {logging_mixin.py:188} INFO - [2025-08-19T08:49:46.006+0000] {dag.py:3096} INFO - Sync 1 DAGs
[2025-08-19T08:49:46.029+0000] {logging_mixin.py:188} INFO - [2025-08-19T08:49:46.029+0000] {dag.py:3954} INFO - Setting next_dagrun for latest_only to 2025-08-19 04:00:00+00:00, run_after=2025-08-19 08:00:00+00:00
[2025-08-19T08:49:46.051+0000] {processor.py:183} INFO - Processing /home/airflow/.local/lib/python3.12/site-packages/airflow/example_dags/example_latest_only.py took 0.206 seconds
[2025-08-19T08:50:16.465+0000] {processor.py:161} INFO - Started process (PID=173) to work on /home/airflow/.local/lib/python3.12/site-packages/airflow/example_dags/example_latest_only.py
[2025-08-19T08:50:16.467+0000] {processor.py:830} INFO - Processing file /home/airflow/.local/lib/python3.12/site-packages/airflow/example_dags/example_latest_only.py for tasks to queue
[2025-08-19T08:50:16.469+0000] {logging_mixin.py:188} INFO - [2025-08-19T08:50:16.469+0000] {dagbag.py:540} INFO - Filling up the DagBag from /home/airflow/.local/lib/python3.12/site-packages/airflow/example_dags/example_latest_only.py
[2025-08-19T08:50:16.476+0000] {processor.py:840} INFO - DAG(s) 'latest_only' retrieved from /home/airflow/.local/lib/python3.12/site-packages/airflow/example_dags/example_latest_only.py
[2025-08-19T08:50:16.504+0000] {logging_mixin.py:188} INFO - [2025-08-19T08:50:16.504+0000] {dag.py:3096} INFO - Sync 1 DAGs
[2025-08-19T08:50:16.529+0000] {logging_mixin.py:188} INFO - [2025-08-19T08:50:16.529+0000] {dag.py:3954} INFO - Setting next_dagrun for latest_only to 2025-08-19 04:00:00+00:00, run_after=2025-08-19 08:00:00+00:00
[2025-08-19T08:50:16.551+0000] {processor.py:183} INFO - Processing /home/airflow/.local/lib/python3.12/site-packages/airflow/example_dags/example_latest_only.py took 0.093 seconds
[2025-08-19T08:50:47.564+0000] {processor.py:161} INFO - Started process (PID=229) to work on /home/airflow/.local/lib/python3.12/site-packages/airflow/example_dags/example_latest_only.py
[2025-08-19T08:50:47.565+0000] {processor.py:830} INFO - Processing file /home/airflow/.local/lib/python3.12/site-packages/airflow/example_dags/example_latest_only.py for tasks to queue
[2025-08-19T08:50:47.568+0000] {logging_mixin.py:188} INFO - [2025-08-19T08:50:47.567+0000] {dagbag.py:540} INFO - Filling up the DagBag from /home/airflow/.local/lib/python3.12/site-packages/airflow/example_dags/example_latest_only.py
[2025-08-19T08:50:47.574+0000] {processor.py:840} INFO - DAG(s) 'latest_only' retrieved from /home/airflow/.local/lib/python3.12/site-packages/airflow/example_dags/example_latest_only.py
[2025-08-19T08:50:47.601+0000] {logging_mixin.py:188} INFO - [2025-08-19T08:50:47.601+0000] {dag.py:3096} INFO - Sync 1 DAGs
[2025-08-19T08:50:47.625+0000] {logging_mixin.py:188} INFO - [2025-08-19T08:50:47.624+0000] {dag.py:3954} INFO - Setting next_dagrun for latest_only to 2025-08-19 04:00:00+00:00, run_after=2025-08-19 08:00:00+00:00
[2025-08-19T08:50:47.645+0000] {processor.py:183} INFO - Processing /home/airflow/.local/lib/python3.12/site-packages/airflow/example_dags/example_latest_only.py took 0.089 seconds
[2025-08-19T08:51:17.747+0000] {processor.py:161} INFO - Started process (PID=288) to work on /home/airflow/.local/lib/python3.12/site-packages/airflow/example_dags/example_latest_only.py
[2025-08-19T08:51:17.748+0000] {processor.py:830} INFO - Processing file /home/airflow/.local/lib/python3.12/site-packages/airflow/example_dags/example_latest_only.py for tasks to queue
[2025-08-19T08:51:17.751+0000] {logging_mixin.py:188} INFO - [2025-08-19T08:51:17.751+0000] {dagbag.py:540} INFO - Filling up the DagBag from /home/airflow/.local/lib/python3.12/site-packages/airflow/example_dags/example_latest_only.py
[2025-08-19T08:51:17.758+0000] {processor.py:840} INFO - DAG(s) 'latest_only' retrieved from /home/airflow/.local/lib/python3.12/site-packages/airflow/example_dags/example_latest_only.py
[2025-08-19T08:51:17.783+0000] {logging_mixin.py:188} INFO - [2025-08-19T08:51:17.783+0000] {dag.py:3096} INFO - Sync 1 DAGs
[2025-08-19T08:51:17.811+0000] {logging_mixin.py:188} INFO - [2025-08-19T08:51:17.811+0000] {dag.py:3954} INFO - Setting next_dagrun for latest_only to 2025-08-19 04:00:00+00:00, run_after=2025-08-19 08:00:00+00:00
[2025-08-19T08:51:17.833+0000] {processor.py:183} INFO - Processing /home/airflow/.local/lib/python3.12/site-packages/airflow/example_dags/example_latest_only.py took 0.093 seconds
[2025-08-19T08:51:48.038+0000] {processor.py:161} INFO - Started process (PID=347) to work on /home/airflow/.local/lib/python3.12/site-packages/airflow/example_dags/example_latest_only.py
[2025-08-19T08:51:48.039+0000] {processor.py:830} INFO - Processing file /home/airflow/.local/lib/python3.12/site-packages/airflow/example_dags/example_latest_only.py for tasks to queue
[2025-08-19T08:51:48.042+0000] {logging_mixin.py:188} INFO - [2025-08-19T08:51:48.041+0000] {dagbag.py:540} INFO - Filling up the DagBag from /home/airflow/.local/lib/python3.12/site-packages/airflow/example_dags/example_latest_only.py
[2025-08-19T08:51:48.048+0000] {processor.py:840} INFO - DAG(s) 'latest_only' retrieved from /home/airflow/.local/lib/python3.12/site-packages/airflow/example_dags/example_latest_only.py
[2025-08-19T08:51:48.072+0000] {logging_mixin.py:188} INFO - [2025-08-19T08:51:48.071+0000] {dag.py:3096} INFO - Sync 1 DAGs
[2025-08-19T08:51:48.094+0000] {logging_mixin.py:188} INFO - [2025-08-19T08:51:48.094+0000] {dag.py:3954} INFO - Setting next_dagrun for latest_only to 2025-08-19 04:00:00+00:00, run_after=2025-08-19 08:00:00+00:00
[2025-08-19T08:51:48.114+0000] {processor.py:183} INFO - Processing /home/airflow/.local/lib/python3.12/site-packages/airflow/example_dags/example_latest_only.py took 0.083 seconds
[2025-08-19T08:52:19.401+0000] {processor.py:161} INFO - Started process (PID=404) to work on /home/airflow/.local/lib/python3.12/site-packages/airflow/example_dags/example_latest_only.py
[2025-08-19T08:52:19.403+0000] {processor.py:830} INFO - Processing file /home/airflow/.local/lib/python3.12/site-packages/airflow/example_dags/example_latest_only.py for tasks to queue
[2025-08-19T08:52:19.406+0000] {logging_mixin.py:188} INFO - [2025-08-19T08:52:19.405+0000] {dagbag.py:540} INFO - Filling up the DagBag from /home/airflow/.local/lib/python3.12/site-packages/airflow/example_dags/example_latest_only.py
[2025-08-19T08:52:19.412+0000] {processor.py:840} INFO - DAG(s) 'latest_only' retrieved from /home/airflow/.local/lib/python3.12/site-packages/airflow/example_dags/example_latest_only.py
[2025-08-19T08:52:19.437+0000] {logging_mixin.py:188} INFO - [2025-08-19T08:52:19.437+0000] {dag.py:3096} INFO - Sync 1 DAGs
[2025-08-19T08:52:19.462+0000] {logging_mixin.py:188} INFO - [2025-08-19T08:52:19.461+0000] {dag.py:3954} INFO - Setting next_dagrun for latest_only to 2025-08-19 04:00:00+00:00, run_after=2025-08-19 08:00:00+00:00
[2025-08-19T08:52:19.485+0000] {processor.py:183} INFO - Processing /home/airflow/.local/lib/python3.12/site-packages/airflow/example_dags/example_latest_only.py took 0.091 seconds
[2025-08-19T08:52:49.533+0000] {processor.py:161} INFO - Started process (PID=463) to work on /home/airflow/.local/lib/python3.12/site-packages/airflow/example_dags/example_latest_only.py
[2025-08-19T08:52:49.534+0000] {processor.py:830} INFO - Processing file /home/airflow/.local/lib/python3.12/site-packages/airflow/example_dags/example_latest_only.py for tasks to queue
[2025-08-19T08:52:49.536+0000] {logging_mixin.py:188} INFO - [2025-08-19T08:52:49.536+0000] {dagbag.py:540} INFO - Filling up the DagBag from /home/airflow/.local/lib/python3.12/site-packages/airflow/example_dags/example_latest_only.py
[2025-08-19T08:52:49.542+0000] {processor.py:840} INFO - DAG(s) 'latest_only' retrieved from /home/airflow/.local/lib/python3.12/site-packages/airflow/example_dags/example_latest_only.py
[2025-08-19T08:52:49.567+0000] {logging_mixin.py:188} INFO - [2025-08-19T08:52:49.567+0000] {dag.py:3096} INFO - Sync 1 DAGs
[2025-08-19T08:52:49.590+0000] {logging_mixin.py:188} INFO - [2025-08-19T08:52:49.590+0000] {dag.py:3954} INFO - Setting next_dagrun for latest_only to 2025-08-19 04:00:00+00:00, run_after=2025-08-19 08:00:00+00:00
[2025-08-19T08:52:49.610+0000] {processor.py:183} INFO - Processing /home/airflow/.local/lib/python3.12/site-packages/airflow/example_dags/example_latest_only.py took 0.085 seconds
[2025-08-19T08:53:19.746+0000] {processor.py:161} INFO - Started process (PID=522) to work on /home/airflow/.local/lib/python3.12/site-packages/airflow/example_dags/example_latest_only.py
[2025-08-19T08:53:19.747+0000] {processor.py:830} INFO - Processing file /home/airflow/.local/lib/python3.12/site-packages/airflow/example_dags/example_latest_only.py for tasks to queue
[2025-08-19T08:53:19.749+0000] {logging_mixin.py:188} INFO - [2025-08-19T08:53:19.749+0000] {dagbag.py:540} INFO - Filling up the DagBag from /home/airflow/.local/lib/python3.12/site-packages/airflow/example_dags/example_latest_only.py
[2025-08-19T08:53:19.756+0000] {processor.py:840} INFO - DAG(s) 'latest_only' retrieved from /home/airflow/.local/lib/python3.12/site-packages/airflow/example_dags/example_latest_only.py
[2025-08-19T08:53:19.780+0000] {logging_mixin.py:188} INFO - [2025-08-19T08:53:19.780+0000] {dag.py:3096} INFO - Sync 1 DAGs
[2025-08-19T08:53:19.803+0000] {logging_mixin.py:188} INFO - [2025-08-19T08:53:19.803+0000] {dag.py:3954} INFO - Setting next_dagrun for latest_only to 2025-08-19 04:00:00+00:00, run_after=2025-08-19 08:00:00+00:00
[2025-08-19T08:53:19.824+0000] {processor.py:183} INFO - Processing /home/airflow/.local/lib/python3.12/site-packages/airflow/example_dags/example_latest_only.py took 0.085 seconds
[2025-08-19T08:53:50.645+0000] {processor.py:161} INFO - Started process (PID=580) to work on /home/airflow/.local/lib/python3.12/site-packages/airflow/example_dags/example_latest_only.py
[2025-08-19T08:53:50.646+0000] {processor.py:830} INFO - Processing file /home/airflow/.local/lib/python3.12/site-packages/airflow/example_dags/example_latest_only.py for tasks to queue
[2025-08-19T08:53:50.649+0000] {logging_mixin.py:188} INFO - [2025-08-19T08:53:50.648+0000] {dagbag.py:540} INFO - Filling up the DagBag from /home/airflow/.local/lib/python3.12/site-packages/airflow/example_dags/example_latest_only.py
[2025-08-19T08:53:50.655+0000] {processor.py:840} INFO - DAG(s) 'latest_only' retrieved from /home/airflow/.local/lib/python3.12/site-packages/airflow/example_dags/example_latest_only.py
[2025-08-19T08:53:50.681+0000] {logging_mixin.py:188} INFO - [2025-08-19T08:53:50.681+0000] {dag.py:3096} INFO - Sync 1 DAGs
[2025-08-19T08:53:50.705+0000] {logging_mixin.py:188} INFO - [2025-08-19T08:53:50.705+0000] {dag.py:3954} INFO - Setting next_dagrun for latest_only to 2025-08-19 04:00:00+00:00, run_after=2025-08-19 08:00:00+00:00
[2025-08-19T08:53:50.724+0000] {processor.py:183} INFO - Processing /home/airflow/.local/lib/python3.12/site-packages/airflow/example_dags/example_latest_only.py took 0.087 seconds
[2025-08-19T08:54:21.158+0000] {processor.py:161} INFO - Started process (PID=638) to work on /home/airflow/.local/lib/python3.12/site-packages/airflow/example_dags/example_latest_only.py
[2025-08-19T08:54:21.160+0000] {processor.py:830} INFO - Processing file /home/airflow/.local/lib/python3.12/site-packages/airflow/example_dags/example_latest_only.py for tasks to queue
[2025-08-19T08:54:21.162+0000] {logging_mixin.py:188} INFO - [2025-08-19T08:54:21.162+0000] {dagbag.py:540} INFO - Filling up the DagBag from /home/airflow/.local/lib/python3.12/site-packages/airflow/example_dags/example_latest_only.py
[2025-08-19T08:54:21.169+0000] {processor.py:840} INFO - DAG(s) 'latest_only' retrieved from /home/airflow/.local/lib/python3.12/site-packages/airflow/example_dags/example_latest_only.py
[2025-08-19T08:54:21.193+0000] {logging_mixin.py:188} INFO - [2025-08-19T08:54:21.193+0000] {dag.py:3096} INFO - Sync 1 DAGs
[2025-08-19T08:54:21.216+0000] {logging_mixin.py:188} INFO - [2025-08-19T08:54:21.216+0000] {dag.py:3954} INFO - Setting next_dagrun for latest_only to 2025-08-19 04:00:00+00:00, run_after=2025-08-19 08:00:00+00:00
[2025-08-19T08:54:21.240+0000] {processor.py:183} INFO - Processing /home/airflow/.local/lib/python3.12/site-packages/airflow/example_dags/example_latest_only.py took 0.089 seconds
[2025-08-19T08:54:51.485+0000] {processor.py:161} INFO - Started process (PID=696) to work on /home/airflow/.local/lib/python3.12/site-packages/airflow/example_dags/example_latest_only.py
[2025-08-19T08:54:51.486+0000] {processor.py:830} INFO - Processing file /home/airflow/.local/lib/python3.12/site-packages/airflow/example_dags/example_latest_only.py for tasks to queue
[2025-08-19T08:54:51.489+0000] {logging_mixin.py:188} INFO - [2025-08-19T08:54:51.488+0000] {dagbag.py:540} INFO - Filling up the DagBag from /home/airflow/.local/lib/python3.12/site-packages/airflow/example_dags/example_latest_only.py
[2025-08-19T08:54:51.495+0000] {processor.py:840} INFO - DAG(s) 'latest_only' retrieved from /home/airflow/.local/lib/python3.12/site-packages/airflow/example_dags/example_latest_only.py
[2025-08-19T08:54:51.519+0000] {logging_mixin.py:188} INFO - [2025-08-19T08:54:51.519+0000] {dag.py:3096} INFO - Sync 1 DAGs
[2025-08-19T08:54:51.544+0000] {logging_mixin.py:188} INFO - [2025-08-19T08:54:51.544+0000] {dag.py:3954} INFO - Setting next_dagrun for latest_only to 2025-08-19 04:00:00+00:00, run_after=2025-08-19 08:00:00+00:00
[2025-08-19T08:54:51.564+0000] {processor.py:183} INFO - Processing /home/airflow/.local/lib/python3.12/site-packages/airflow/example_dags/example_latest_only.py took 0.087 seconds
[2025-08-19T08:55:22.196+0000] {processor.py:161} INFO - Started process (PID=754) to work on /home/airflow/.local/lib/python3.12/site-packages/airflow/example_dags/example_latest_only.py
[2025-08-19T08:55:22.197+0000] {processor.py:830} INFO - Processing file /home/airflow/.local/lib/python3.12/site-packages/airflow/example_dags/example_latest_only.py for tasks to queue
[2025-08-19T08:55:22.199+0000] {logging_mixin.py:188} INFO - [2025-08-19T08:55:22.199+0000] {dagbag.py:540} INFO - Filling up the DagBag from /home/airflow/.local/lib/python3.12/site-packages/airflow/example_dags/example_latest_only.py
[2025-08-19T08:55:22.206+0000] {processor.py:840} INFO - DAG(s) 'latest_only' retrieved from /home/airflow/.local/lib/python3.12/site-packages/airflow/example_dags/example_latest_only.py
[2025-08-19T08:55:22.230+0000] {logging_mixin.py:188} INFO - [2025-08-19T08:55:22.230+0000] {dag.py:3096} INFO - Sync 1 DAGs
[2025-08-19T08:55:22.256+0000] {logging_mixin.py:188} INFO - [2025-08-19T08:55:22.255+0000] {dag.py:3954} INFO - Setting next_dagrun for latest_only to 2025-08-19 04:00:00+00:00, run_after=2025-08-19 08:00:00+00:00
[2025-08-19T08:55:22.287+0000] {processor.py:183} INFO - Processing /home/airflow/.local/lib/python3.12/site-packages/airflow/example_dags/example_latest_only.py took 0.099 seconds
[2025-08-19T08:55:52.944+0000] {processor.py:161} INFO - Started process (PID=812) to work on /home/airflow/.local/lib/python3.12/site-packages/airflow/example_dags/example_latest_only.py
[2025-08-19T08:55:52.946+0000] {processor.py:830} INFO - Processing file /home/airflow/.local/lib/python3.12/site-packages/airflow/example_dags/example_latest_only.py for tasks to queue
[2025-08-19T08:55:52.949+0000] {logging_mixin.py:188} INFO - [2025-08-19T08:55:52.948+0000] {dagbag.py:540} INFO - Filling up the DagBag from /home/airflow/.local/lib/python3.12/site-packages/airflow/example_dags/example_latest_only.py
[2025-08-19T08:55:52.956+0000] {processor.py:840} INFO - DAG(s) 'latest_only' retrieved from /home/airflow/.local/lib/python3.12/site-packages/airflow/example_dags/example_latest_only.py
[2025-08-19T08:55:52.984+0000] {logging_mixin.py:188} INFO - [2025-08-19T08:55:52.983+0000] {dag.py:3096} INFO - Sync 1 DAGs
[2025-08-19T08:55:53.011+0000] {logging_mixin.py:188} INFO - [2025-08-19T08:55:53.011+0000] {dag.py:3954} INFO - Setting next_dagrun for latest_only to 2025-08-19 04:00:00+00:00, run_after=2025-08-19 08:00:00+00:00
[2025-08-19T08:55:53.033+0000] {processor.py:183} INFO - Processing /home/airflow/.local/lib/python3.12/site-packages/airflow/example_dags/example_latest_only.py took 0.097 seconds
[2025-08-19T08:56:23.529+0000] {processor.py:161} INFO - Started process (PID=870) to work on /home/airflow/.local/lib/python3.12/site-packages/airflow/example_dags/example_latest_only.py
[2025-08-19T08:56:23.530+0000] {processor.py:830} INFO - Processing file /home/airflow/.local/lib/python3.12/site-packages/airflow/example_dags/example_latest_only.py for tasks to queue
[2025-08-19T08:56:23.532+0000] {logging_mixin.py:188} INFO - [2025-08-19T08:56:23.532+0000] {dagbag.py:540} INFO - Filling up the DagBag from /home/airflow/.local/lib/python3.12/site-packages/airflow/example_dags/example_latest_only.py
[2025-08-19T08:56:23.539+0000] {processor.py:840} INFO - DAG(s) 'latest_only' retrieved from /home/airflow/.local/lib/python3.12/site-packages/airflow/example_dags/example_latest_only.py
[2025-08-19T08:56:23.563+0000] {logging_mixin.py:188} INFO - [2025-08-19T08:56:23.563+0000] {dag.py:3096} INFO - Sync 1 DAGs
[2025-08-19T08:56:23.588+0000] {logging_mixin.py:188} INFO - [2025-08-19T08:56:23.588+0000] {dag.py:3954} INFO - Setting next_dagrun for latest_only to 2025-08-19 04:00:00+00:00, run_after=2025-08-19 08:00:00+00:00
[2025-08-19T08:56:23.608+0000] {processor.py:183} INFO - Processing /home/airflow/.local/lib/python3.12/site-packages/airflow/example_dags/example_latest_only.py took 0.087 seconds
[2025-08-19T08:56:54.193+0000] {processor.py:161} INFO - Started process (PID=928) to work on /home/airflow/.local/lib/python3.12/site-packages/airflow/example_dags/example_latest_only.py
[2025-08-19T08:56:54.194+0000] {processor.py:830} INFO - Processing file /home/airflow/.local/lib/python3.12/site-packages/airflow/example_dags/example_latest_only.py for tasks to queue
[2025-08-19T08:56:54.196+0000] {logging_mixin.py:188} INFO - [2025-08-19T08:56:54.196+0000] {dagbag.py:540} INFO - Filling up the DagBag from /home/airflow/.local/lib/python3.12/site-packages/airflow/example_dags/example_latest_only.py
[2025-08-19T08:56:54.203+0000] {processor.py:840} INFO - DAG(s) 'latest_only' retrieved from /home/airflow/.local/lib/python3.12/site-packages/airflow/example_dags/example_latest_only.py
[2025-08-19T08:56:54.227+0000] {logging_mixin.py:188} INFO - [2025-08-19T08:56:54.227+0000] {dag.py:3096} INFO - Sync 1 DAGs
[2025-08-19T08:56:54.252+0000] {logging_mixin.py:188} INFO - [2025-08-19T08:56:54.252+0000] {dag.py:3954} INFO - Setting next_dagrun for latest_only to 2025-08-19 04:00:00+00:00, run_after=2025-08-19 08:00:00+00:00
[2025-08-19T08:56:54.271+0000] {processor.py:183} INFO - Processing /home/airflow/.local/lib/python3.12/site-packages/airflow/example_dags/example_latest_only.py took 0.086 seconds
[2025-08-19T08:57:25.077+0000] {processor.py:161} INFO - Started process (PID=987) to work on /home/airflow/.local/lib/python3.12/site-packages/airflow/example_dags/example_latest_only.py
[2025-08-19T08:57:25.078+0000] {processor.py:830} INFO - Processing file /home/airflow/.local/lib/python3.12/site-packages/airflow/example_dags/example_latest_only.py for tasks to queue
[2025-08-19T08:57:25.081+0000] {logging_mixin.py:188} INFO - [2025-08-19T08:57:25.080+0000] {dagbag.py:540} INFO - Filling up the DagBag from /home/airflow/.local/lib/python3.12/site-packages/airflow/example_dags/example_latest_only.py
[2025-08-19T08:57:25.087+0000] {processor.py:840} INFO - DAG(s) 'latest_only' retrieved from /home/airflow/.local/lib/python3.12/site-packages/airflow/example_dags/example_latest_only.py
[2025-08-19T08:57:25.112+0000] {logging_mixin.py:188} INFO - [2025-08-19T08:57:25.112+0000] {dag.py:3096} INFO - Sync 1 DAGs
[2025-08-19T08:57:25.136+0000] {logging_mixin.py:188} INFO - [2025-08-19T08:57:25.136+0000] {dag.py:3954} INFO - Setting next_dagrun for latest_only to 2025-08-19 04:00:00+00:00, run_after=2025-08-19 08:00:00+00:00
[2025-08-19T08:57:25.156+0000] {processor.py:183} INFO - Processing /home/airflow/.local/lib/python3.12/site-packages/airflow/example_dags/example_latest_only.py took 0.086 seconds
[2025-08-19T08:57:57.066+0000] {processor.py:161} INFO - Started process (PID=1045) to work on /home/airflow/.local/lib/python3.12/site-packages/airflow/example_dags/example_latest_only.py
[2025-08-19T08:57:57.067+0000] {processor.py:830} INFO - Processing file /home/airflow/.local/lib/python3.12/site-packages/airflow/example_dags/example_latest_only.py for tasks to queue
[2025-08-19T08:57:57.069+0000] {logging_mixin.py:188} INFO - [2025-08-19T08:57:57.069+0000] {dagbag.py:540} INFO - Filling up the DagBag from /home/airflow/.local/lib/python3.12/site-packages/airflow/example_dags/example_latest_only.py
[2025-08-19T08:57:57.076+0000] {processor.py:840} INFO - DAG(s) 'latest_only' retrieved from /home/airflow/.local/lib/python3.12/site-packages/airflow/example_dags/example_latest_only.py
[2025-08-19T08:57:57.259+0000] {logging_mixin.py:188} INFO - [2025-08-19T08:57:57.259+0000] {dag.py:3096} INFO - Sync 1 DAGs
[2025-08-19T08:57:57.281+0000] {logging_mixin.py:188} INFO - [2025-08-19T08:57:57.281+0000] {dag.py:3954} INFO - Setting next_dagrun for latest_only to 2025-08-19 04:00:00+00:00, run_after=2025-08-19 08:00:00+00:00
[2025-08-19T08:57:57.302+0000] {processor.py:183} INFO - Processing /home/airflow/.local/lib/python3.12/site-packages/airflow/example_dags/example_latest_only.py took 0.244 seconds
[2025-08-19T08:58:27.785+0000] {processor.py:161} INFO - Started process (PID=1103) to work on /home/airflow/.local/lib/python3.12/site-packages/airflow/example_dags/example_latest_only.py
[2025-08-19T08:58:27.786+0000] {processor.py:830} INFO - Processing file /home/airflow/.local/lib/python3.12/site-packages/airflow/example_dags/example_latest_only.py for tasks to queue
[2025-08-19T08:58:27.789+0000] {logging_mixin.py:188} INFO - [2025-08-19T08:58:27.789+0000] {dagbag.py:540} INFO - Filling up the DagBag from /home/airflow/.local/lib/python3.12/site-packages/airflow/example_dags/example_latest_only.py
[2025-08-19T08:58:27.795+0000] {processor.py:840} INFO - DAG(s) 'latest_only' retrieved from /home/airflow/.local/lib/python3.12/site-packages/airflow/example_dags/example_latest_only.py
[2025-08-19T08:58:27.821+0000] {logging_mixin.py:188} INFO - [2025-08-19T08:58:27.820+0000] {dag.py:3096} INFO - Sync 1 DAGs
[2025-08-19T08:58:27.847+0000] {logging_mixin.py:188} INFO - [2025-08-19T08:58:27.846+0000] {dag.py:3954} INFO - Setting next_dagrun for latest_only to 2025-08-19 04:00:00+00:00, run_after=2025-08-19 08:00:00+00:00
[2025-08-19T08:58:27.867+0000] {processor.py:183} INFO - Processing /home/airflow/.local/lib/python3.12/site-packages/airflow/example_dags/example_latest_only.py took 0.090 seconds
[2025-08-19T08:58:58.145+0000] {processor.py:161} INFO - Started process (PID=1161) to work on /home/airflow/.local/lib/python3.12/site-packages/airflow/example_dags/example_latest_only.py
[2025-08-19T08:58:58.146+0000] {processor.py:830} INFO - Processing file /home/airflow/.local/lib/python3.12/site-packages/airflow/example_dags/example_latest_only.py for tasks to queue
[2025-08-19T08:58:58.148+0000] {logging_mixin.py:188} INFO - [2025-08-19T08:58:58.148+0000] {dagbag.py:540} INFO - Filling up the DagBag from /home/airflow/.local/lib/python3.12/site-packages/airflow/example_dags/example_latest_only.py
[2025-08-19T08:58:58.155+0000] {processor.py:840} INFO - DAG(s) 'latest_only' retrieved from /home/airflow/.local/lib/python3.12/site-packages/airflow/example_dags/example_latest_only.py
[2025-08-19T08:58:58.179+0000] {logging_mixin.py:188} INFO - [2025-08-19T08:58:58.179+0000] {dag.py:3096} INFO - Sync 1 DAGs
[2025-08-19T08:58:58.203+0000] {logging_mixin.py:188} INFO - [2025-08-19T08:58:58.203+0000] {dag.py:3954} INFO - Setting next_dagrun for latest_only to 2025-08-19 04:00:00+00:00, run_after=2025-08-19 08:00:00+00:00
[2025-08-19T08:58:58.223+0000] {processor.py:183} INFO - Processing /home/airflow/.local/lib/python3.12/site-packages/airflow/example_dags/example_latest_only.py took 0.085 seconds
[2025-08-19T08:59:28.635+0000] {processor.py:161} INFO - Started process (PID=1219) to work on /home/airflow/.local/lib/python3.12/site-packages/airflow/example_dags/example_latest_only.py
[2025-08-19T08:59:28.636+0000] {processor.py:830} INFO - Processing file /home/airflow/.local/lib/python3.12/site-packages/airflow/example_dags/example_latest_only.py for tasks to queue
[2025-08-19T08:59:28.638+0000] {logging_mixin.py:188} INFO - [2025-08-19T08:59:28.638+0000] {dagbag.py:540} INFO - Filling up the DagBag from /home/airflow/.local/lib/python3.12/site-packages/airflow/example_dags/example_latest_only.py
[2025-08-19T08:59:28.645+0000] {processor.py:840} INFO - DAG(s) 'latest_only' retrieved from /home/airflow/.local/lib/python3.12/site-packages/airflow/example_dags/example_latest_only.py
[2025-08-19T08:59:28.670+0000] {logging_mixin.py:188} INFO - [2025-08-19T08:59:28.670+0000] {dag.py:3096} INFO - Sync 1 DAGs
[2025-08-19T08:59:28.697+0000] {logging_mixin.py:188} INFO - [2025-08-19T08:59:28.696+0000] {dag.py:3954} INFO - Setting next_dagrun for latest_only to 2025-08-19 04:00:00+00:00, run_after=2025-08-19 08:00:00+00:00
[2025-08-19T08:59:28.716+0000] {processor.py:183} INFO - Processing /home/airflow/.local/lib/python3.12/site-packages/airflow/example_dags/example_latest_only.py took 0.089 seconds
[2025-08-19T08:59:58.936+0000] {processor.py:161} INFO - Started process (PID=1277) to work on /home/airflow/.local/lib/python3.12/site-packages/airflow/example_dags/example_latest_only.py
[2025-08-19T08:59:58.937+0000] {processor.py:830} INFO - Processing file /home/airflow/.local/lib/python3.12/site-packages/airflow/example_dags/example_latest_only.py for tasks to queue
[2025-08-19T08:59:58.940+0000] {logging_mixin.py:188} INFO - [2025-08-19T08:59:58.939+0000] {dagbag.py:540} INFO - Filling up the DagBag from /home/airflow/.local/lib/python3.12/site-packages/airflow/example_dags/example_latest_only.py
[2025-08-19T08:59:58.946+0000] {processor.py:840} INFO - DAG(s) 'latest_only' retrieved from /home/airflow/.local/lib/python3.12/site-packages/airflow/example_dags/example_latest_only.py
[2025-08-19T08:59:58.971+0000] {logging_mixin.py:188} INFO - [2025-08-19T08:59:58.970+0000] {dag.py:3096} INFO - Sync 1 DAGs
[2025-08-19T08:59:58.996+0000] {logging_mixin.py:188} INFO - [2025-08-19T08:59:58.996+0000] {dag.py:3954} INFO - Setting next_dagrun for latest_only to 2025-08-19 04:00:00+00:00, run_after=2025-08-19 08:00:00+00:00
[2025-08-19T08:59:59.017+0000] {processor.py:183} INFO - Processing /home/airflow/.local/lib/python3.12/site-packages/airflow/example_dags/example_latest_only.py took 0.090 seconds
[2025-08-19T09:00:29.332+0000] {processor.py:161} INFO - Started process (PID=1335) to work on /home/airflow/.local/lib/python3.12/site-packages/airflow/example_dags/example_latest_only.py
[2025-08-19T09:00:29.333+0000] {processor.py:830} INFO - Processing file /home/airflow/.local/lib/python3.12/site-packages/airflow/example_dags/example_latest_only.py for tasks to queue
[2025-08-19T09:00:29.336+0000] {logging_mixin.py:188} INFO - [2025-08-19T09:00:29.336+0000] {dagbag.py:540} INFO - Filling up the DagBag from /home/airflow/.local/lib/python3.12/site-packages/airflow/example_dags/example_latest_only.py
[2025-08-19T09:00:29.343+0000] {processor.py:840} INFO - DAG(s) 'latest_only' retrieved from /home/airflow/.local/lib/python3.12/site-packages/airflow/example_dags/example_latest_only.py
[2025-08-19T09:00:29.370+0000] {logging_mixin.py:188} INFO - [2025-08-19T09:00:29.370+0000] {dag.py:3096} INFO - Sync 1 DAGs
[2025-08-19T09:00:29.395+0000] {logging_mixin.py:188} INFO - [2025-08-19T09:00:29.395+0000] {dag.py:3954} INFO - Setting next_dagrun for latest_only to 2025-08-19 04:00:00+00:00, run_after=2025-08-19 08:00:00+00:00
[2025-08-19T09:00:29.421+0000] {processor.py:183} INFO - Processing /home/airflow/.local/lib/python3.12/site-packages/airflow/example_dags/example_latest_only.py took 0.098 seconds
[2025-08-19T09:00:59.518+0000] {processor.py:161} INFO - Started process (PID=1393) to work on /home/airflow/.local/lib/python3.12/site-packages/airflow/example_dags/example_latest_only.py
[2025-08-19T09:00:59.525+0000] {processor.py:830} INFO - Processing file /home/airflow/.local/lib/python3.12/site-packages/airflow/example_dags/example_latest_only.py for tasks to queue
[2025-08-19T09:00:59.528+0000] {logging_mixin.py:188} INFO - [2025-08-19T09:00:59.528+0000] {dagbag.py:540} INFO - Filling up the DagBag from /home/airflow/.local/lib/python3.12/site-packages/airflow/example_dags/example_latest_only.py
[2025-08-19T09:00:59.536+0000] {processor.py:840} INFO - DAG(s) 'latest_only' retrieved from /home/airflow/.local/lib/python3.12/site-packages/airflow/example_dags/example_latest_only.py
[2025-08-19T09:00:59.566+0000] {logging_mixin.py:188} INFO - [2025-08-19T09:00:59.565+0000] {dag.py:3096} INFO - Sync 1 DAGs
[2025-08-19T09:00:59.589+0000] {logging_mixin.py:188} INFO - [2025-08-19T09:00:59.589+0000] {dag.py:3954} INFO - Setting next_dagrun for latest_only to 2025-08-19 04:00:00+00:00, run_after=2025-08-19 08:00:00+00:00
[2025-08-19T09:00:59.609+0000] {processor.py:183} INFO - Processing /home/airflow/.local/lib/python3.12/site-packages/airflow/example_dags/example_latest_only.py took 0.100 seconds
[2025-08-19T09:01:29.779+0000] {processor.py:161} INFO - Started process (PID=1451) to work on /home/airflow/.local/lib/python3.12/site-packages/airflow/example_dags/example_latest_only.py
[2025-08-19T09:01:29.781+0000] {processor.py:830} INFO - Processing file /home/airflow/.local/lib/python3.12/site-packages/airflow/example_dags/example_latest_only.py for tasks to queue
[2025-08-19T09:01:29.783+0000] {logging_mixin.py:188} INFO - [2025-08-19T09:01:29.783+0000] {dagbag.py:540} INFO - Filling up the DagBag from /home/airflow/.local/lib/python3.12/site-packages/airflow/example_dags/example_latest_only.py
[2025-08-19T09:01:29.790+0000] {processor.py:840} INFO - DAG(s) 'latest_only' retrieved from /home/airflow/.local/lib/python3.12/site-packages/airflow/example_dags/example_latest_only.py
[2025-08-19T09:01:29.814+0000] {logging_mixin.py:188} INFO - [2025-08-19T09:01:29.813+0000] {dag.py:3096} INFO - Sync 1 DAGs
[2025-08-19T09:01:29.837+0000] {logging_mixin.py:188} INFO - [2025-08-19T09:01:29.837+0000] {dag.py:3954} INFO - Setting next_dagrun for latest_only to 2025-08-19 04:00:00+00:00, run_after=2025-08-19 08:00:00+00:00
[2025-08-19T09:01:29.856+0000] {processor.py:183} INFO - Processing /home/airflow/.local/lib/python3.12/site-packages/airflow/example_dags/example_latest_only.py took 0.084 seconds
[2025-08-19T09:02:00.270+0000] {processor.py:161} INFO - Started process (PID=1509) to work on /home/airflow/.local/lib/python3.12/site-packages/airflow/example_dags/example_latest_only.py
[2025-08-19T09:02:00.271+0000] {processor.py:830} INFO - Processing file /home/airflow/.local/lib/python3.12/site-packages/airflow/example_dags/example_latest_only.py for tasks to queue
[2025-08-19T09:02:00.274+0000] {logging_mixin.py:188} INFO - [2025-08-19T09:02:00.274+0000] {dagbag.py:540} INFO - Filling up the DagBag from /home/airflow/.local/lib/python3.12/site-packages/airflow/example_dags/example_latest_only.py
[2025-08-19T09:02:00.281+0000] {processor.py:840} INFO - DAG(s) 'latest_only' retrieved from /home/airflow/.local/lib/python3.12/site-packages/airflow/example_dags/example_latest_only.py
[2025-08-19T09:02:00.308+0000] {logging_mixin.py:188} INFO - [2025-08-19T09:02:00.307+0000] {dag.py:3096} INFO - Sync 1 DAGs
[2025-08-19T09:02:00.335+0000] {logging_mixin.py:188} INFO - [2025-08-19T09:02:00.334+0000] {dag.py:3954} INFO - Setting next_dagrun for latest_only to 2025-08-19 04:00:00+00:00, run_after=2025-08-19 08:00:00+00:00
[2025-08-19T09:02:00.356+0000] {processor.py:183} INFO - Processing /home/airflow/.local/lib/python3.12/site-packages/airflow/example_dags/example_latest_only.py took 0.094 seconds
[2025-08-19T09:02:30.550+0000] {processor.py:161} INFO - Started process (PID=1567) to work on /home/airflow/.local/lib/python3.12/site-packages/airflow/example_dags/example_latest_only.py
[2025-08-19T09:02:30.551+0000] {processor.py:830} INFO - Processing file /home/airflow/.local/lib/python3.12/site-packages/airflow/example_dags/example_latest_only.py for tasks to queue
[2025-08-19T09:02:30.554+0000] {logging_mixin.py:188} INFO - [2025-08-19T09:02:30.553+0000] {dagbag.py:540} INFO - Filling up the DagBag from /home/airflow/.local/lib/python3.12/site-packages/airflow/example_dags/example_latest_only.py
[2025-08-19T09:02:30.561+0000] {processor.py:840} INFO - DAG(s) 'latest_only' retrieved from /home/airflow/.local/lib/python3.12/site-packages/airflow/example_dags/example_latest_only.py
[2025-08-19T09:02:30.585+0000] {logging_mixin.py:188} INFO - [2025-08-19T09:02:30.585+0000] {dag.py:3096} INFO - Sync 1 DAGs
[2025-08-19T09:02:30.612+0000] {logging_mixin.py:188} INFO - [2025-08-19T09:02:30.612+0000] {dag.py:3954} INFO - Setting next_dagrun for latest_only to 2025-08-19 04:00:00+00:00, run_after=2025-08-19 08:00:00+00:00
[2025-08-19T09:02:30.631+0000] {processor.py:183} INFO - Processing /home/airflow/.local/lib/python3.12/site-packages/airflow/example_dags/example_latest_only.py took 0.090 seconds
[2025-08-19T09:03:00.824+0000] {processor.py:161} INFO - Started process (PID=1625) to work on /home/airflow/.local/lib/python3.12/site-packages/airflow/example_dags/example_latest_only.py
[2025-08-19T09:03:00.825+0000] {processor.py:830} INFO - Processing file /home/airflow/.local/lib/python3.12/site-packages/airflow/example_dags/example_latest_only.py for tasks to queue
[2025-08-19T09:03:00.828+0000] {logging_mixin.py:188} INFO - [2025-08-19T09:03:00.827+0000] {dagbag.py:540} INFO - Filling up the DagBag from /home/airflow/.local/lib/python3.12/site-packages/airflow/example_dags/example_latest_only.py
[2025-08-19T09:03:00.834+0000] {processor.py:840} INFO - DAG(s) 'latest_only' retrieved from /home/airflow/.local/lib/python3.12/site-packages/airflow/example_dags/example_latest_only.py
[2025-08-19T09:03:00.860+0000] {logging_mixin.py:188} INFO - [2025-08-19T09:03:00.860+0000] {dag.py:3096} INFO - Sync 1 DAGs
[2025-08-19T09:03:00.887+0000] {logging_mixin.py:188} INFO - [2025-08-19T09:03:00.886+0000] {dag.py:3954} INFO - Setting next_dagrun for latest_only to 2025-08-19 04:00:00+00:00, run_after=2025-08-19 08:00:00+00:00
[2025-08-19T09:03:00.910+0000] {processor.py:183} INFO - Processing /home/airflow/.local/lib/python3.12/site-packages/airflow/example_dags/example_latest_only.py took 0.093 seconds
[2025-08-19T09:03:31.019+0000] {processor.py:161} INFO - Started process (PID=1683) to work on /home/airflow/.local/lib/python3.12/site-packages/airflow/example_dags/example_latest_only.py
[2025-08-19T09:03:31.020+0000] {processor.py:830} INFO - Processing file /home/airflow/.local/lib/python3.12/site-packages/airflow/example_dags/example_latest_only.py for tasks to queue
[2025-08-19T09:03:31.022+0000] {logging_mixin.py:188} INFO - [2025-08-19T09:03:31.022+0000] {dagbag.py:540} INFO - Filling up the DagBag from /home/airflow/.local/lib/python3.12/site-packages/airflow/example_dags/example_latest_only.py
[2025-08-19T09:03:31.029+0000] {processor.py:840} INFO - DAG(s) 'latest_only' retrieved from /home/airflow/.local/lib/python3.12/site-packages/airflow/example_dags/example_latest_only.py
[2025-08-19T09:03:31.055+0000] {logging_mixin.py:188} INFO - [2025-08-19T09:03:31.054+0000] {dag.py:3096} INFO - Sync 1 DAGs
[2025-08-19T09:03:31.079+0000] {logging_mixin.py:188} INFO - [2025-08-19T09:03:31.079+0000] {dag.py:3954} INFO - Setting next_dagrun for latest_only to 2025-08-19 04:00:00+00:00, run_after=2025-08-19 08:00:00+00:00
[2025-08-19T09:03:31.099+0000] {processor.py:183} INFO - Processing /home/airflow/.local/lib/python3.12/site-packages/airflow/example_dags/example_latest_only.py took 0.088 seconds
[2025-08-19T09:04:01.237+0000] {processor.py:161} INFO - Started process (PID=1741) to work on /home/airflow/.local/lib/python3.12/site-packages/airflow/example_dags/example_latest_only.py
[2025-08-19T09:04:01.238+0000] {processor.py:830} INFO - Processing file /home/airflow/.local/lib/python3.12/site-packages/airflow/example_dags/example_latest_only.py for tasks to queue
[2025-08-19T09:04:01.241+0000] {logging_mixin.py:188} INFO - [2025-08-19T09:04:01.240+0000] {dagbag.py:540} INFO - Filling up the DagBag from /home/airflow/.local/lib/python3.12/site-packages/airflow/example_dags/example_latest_only.py
[2025-08-19T09:04:01.247+0000] {processor.py:840} INFO - DAG(s) 'latest_only' retrieved from /home/airflow/.local/lib/python3.12/site-packages/airflow/example_dags/example_latest_only.py
[2025-08-19T09:04:01.274+0000] {logging_mixin.py:188} INFO - [2025-08-19T09:04:01.274+0000] {dag.py:3096} INFO - Sync 1 DAGs
[2025-08-19T09:04:01.300+0000] {logging_mixin.py:188} INFO - [2025-08-19T09:04:01.300+0000] {dag.py:3954} INFO - Setting next_dagrun for latest_only to 2025-08-19 04:00:00+00:00, run_after=2025-08-19 08:00:00+00:00
[2025-08-19T09:04:01.320+0000] {processor.py:183} INFO - Processing /home/airflow/.local/lib/python3.12/site-packages/airflow/example_dags/example_latest_only.py took 0.090 seconds
[2025-08-19T09:04:31.627+0000] {processor.py:161} INFO - Started process (PID=1799) to work on /home/airflow/.local/lib/python3.12/site-packages/airflow/example_dags/example_latest_only.py
[2025-08-19T09:04:31.629+0000] {processor.py:830} INFO - Processing file /home/airflow/.local/lib/python3.12/site-packages/airflow/example_dags/example_latest_only.py for tasks to queue
[2025-08-19T09:04:31.631+0000] {logging_mixin.py:188} INFO - [2025-08-19T09:04:31.631+0000] {dagbag.py:540} INFO - Filling up the DagBag from /home/airflow/.local/lib/python3.12/site-packages/airflow/example_dags/example_latest_only.py
[2025-08-19T09:04:31.638+0000] {processor.py:840} INFO - DAG(s) 'latest_only' retrieved from /home/airflow/.local/lib/python3.12/site-packages/airflow/example_dags/example_latest_only.py
[2025-08-19T09:04:31.664+0000] {logging_mixin.py:188} INFO - [2025-08-19T09:04:31.664+0000] {dag.py:3096} INFO - Sync 1 DAGs
[2025-08-19T09:04:31.689+0000] {logging_mixin.py:188} INFO - [2025-08-19T09:04:31.688+0000] {dag.py:3954} INFO - Setting next_dagrun for latest_only to 2025-08-19 04:00:00+00:00, run_after=2025-08-19 08:00:00+00:00
[2025-08-19T09:04:31.710+0000] {processor.py:183} INFO - Processing /home/airflow/.local/lib/python3.12/site-packages/airflow/example_dags/example_latest_only.py took 0.091 seconds
[2025-08-19T09:05:01.892+0000] {processor.py:161} INFO - Started process (PID=1858) to work on /home/airflow/.local/lib/python3.12/site-packages/airflow/example_dags/example_latest_only.py
[2025-08-19T09:05:01.894+0000] {processor.py:830} INFO - Processing file /home/airflow/.local/lib/python3.12/site-packages/airflow/example_dags/example_latest_only.py for tasks to queue
[2025-08-19T09:05:01.896+0000] {logging_mixin.py:188} INFO - [2025-08-19T09:05:01.896+0000] {dagbag.py:540} INFO - Filling up the DagBag from /home/airflow/.local/lib/python3.12/site-packages/airflow/example_dags/example_latest_only.py
[2025-08-19T09:05:01.903+0000] {processor.py:840} INFO - DAG(s) 'latest_only' retrieved from /home/airflow/.local/lib/python3.12/site-packages/airflow/example_dags/example_latest_only.py
[2025-08-19T09:05:01.929+0000] {logging_mixin.py:188} INFO - [2025-08-19T09:05:01.928+0000] {dag.py:3096} INFO - Sync 1 DAGs
[2025-08-19T09:05:01.953+0000] {logging_mixin.py:188} INFO - [2025-08-19T09:05:01.953+0000] {dag.py:3954} INFO - Setting next_dagrun for latest_only to 2025-08-19 04:00:00+00:00, run_after=2025-08-19 08:00:00+00:00
[2025-08-19T09:05:01.974+0000] {processor.py:183} INFO - Processing /home/airflow/.local/lib/python3.12/site-packages/airflow/example_dags/example_latest_only.py took 0.090 seconds
[2025-08-19T09:05:32.194+0000] {processor.py:161} INFO - Started process (PID=1917) to work on /home/airflow/.local/lib/python3.12/site-packages/airflow/example_dags/example_latest_only.py
[2025-08-19T09:05:32.196+0000] {processor.py:830} INFO - Processing file /home/airflow/.local/lib/python3.12/site-packages/airflow/example_dags/example_latest_only.py for tasks to queue
[2025-08-19T09:05:32.198+0000] {logging_mixin.py:188} INFO - [2025-08-19T09:05:32.198+0000] {dagbag.py:540} INFO - Filling up the DagBag from /home/airflow/.local/lib/python3.12/site-packages/airflow/example_dags/example_latest_only.py
[2025-08-19T09:05:32.206+0000] {processor.py:840} INFO - DAG(s) 'latest_only' retrieved from /home/airflow/.local/lib/python3.12/site-packages/airflow/example_dags/example_latest_only.py
[2025-08-19T09:05:32.238+0000] {logging_mixin.py:188} INFO - [2025-08-19T09:05:32.237+0000] {dag.py:3096} INFO - Sync 1 DAGs
[2025-08-19T09:05:32.271+0000] {logging_mixin.py:188} INFO - [2025-08-19T09:05:32.271+0000] {dag.py:3954} INFO - Setting next_dagrun for latest_only to 2025-08-19 04:00:00+00:00, run_after=2025-08-19 08:00:00+00:00
[2025-08-19T09:05:32.294+0000] {processor.py:183} INFO - Processing /home/airflow/.local/lib/python3.12/site-packages/airflow/example_dags/example_latest_only.py took 0.108 seconds
[2025-08-19T09:06:02.532+0000] {processor.py:161} INFO - Started process (PID=1975) to work on /home/airflow/.local/lib/python3.12/site-packages/airflow/example_dags/example_latest_only.py
[2025-08-19T09:06:02.533+0000] {processor.py:830} INFO - Processing file /home/airflow/.local/lib/python3.12/site-packages/airflow/example_dags/example_latest_only.py for tasks to queue
[2025-08-19T09:06:02.536+0000] {logging_mixin.py:188} INFO - [2025-08-19T09:06:02.535+0000] {dagbag.py:540} INFO - Filling up the DagBag from /home/airflow/.local/lib/python3.12/site-packages/airflow/example_dags/example_latest_only.py
[2025-08-19T09:06:02.542+0000] {processor.py:840} INFO - DAG(s) 'latest_only' retrieved from /home/airflow/.local/lib/python3.12/site-packages/airflow/example_dags/example_latest_only.py
[2025-08-19T09:06:02.566+0000] {logging_mixin.py:188} INFO - [2025-08-19T09:06:02.566+0000] {dag.py:3096} INFO - Sync 1 DAGs
[2025-08-19T09:06:02.594+0000] {logging_mixin.py:188} INFO - [2025-08-19T09:06:02.593+0000] {dag.py:3954} INFO - Setting next_dagrun for latest_only to 2025-08-19 04:00:00+00:00, run_after=2025-08-19 08:00:00+00:00
[2025-08-19T09:06:02.614+0000] {processor.py:183} INFO - Processing /home/airflow/.local/lib/python3.12/site-packages/airflow/example_dags/example_latest_only.py took 0.090 seconds
[2025-08-19T09:06:32.930+0000] {processor.py:161} INFO - Started process (PID=2033) to work on /home/airflow/.local/lib/python3.12/site-packages/airflow/example_dags/example_latest_only.py
[2025-08-19T09:06:32.931+0000] {processor.py:830} INFO - Processing file /home/airflow/.local/lib/python3.12/site-packages/airflow/example_dags/example_latest_only.py for tasks to queue
[2025-08-19T09:06:32.934+0000] {logging_mixin.py:188} INFO - [2025-08-19T09:06:32.933+0000] {dagbag.py:540} INFO - Filling up the DagBag from /home/airflow/.local/lib/python3.12/site-packages/airflow/example_dags/example_latest_only.py
[2025-08-19T09:06:32.941+0000] {processor.py:840} INFO - DAG(s) 'latest_only' retrieved from /home/airflow/.local/lib/python3.12/site-packages/airflow/example_dags/example_latest_only.py
[2025-08-19T09:06:32.968+0000] {logging_mixin.py:188} INFO - [2025-08-19T09:06:32.967+0000] {dag.py:3096} INFO - Sync 1 DAGs
[2025-08-19T09:06:32.994+0000] {logging_mixin.py:188} INFO - [2025-08-19T09:06:32.994+0000] {dag.py:3954} INFO - Setting next_dagrun for latest_only to 2025-08-19 04:00:00+00:00, run_after=2025-08-19 08:00:00+00:00
[2025-08-19T09:06:33.015+0000] {processor.py:183} INFO - Processing /home/airflow/.local/lib/python3.12/site-packages/airflow/example_dags/example_latest_only.py took 0.093 seconds
[2025-08-19T09:07:03.253+0000] {processor.py:161} INFO - Started process (PID=2092) to work on /home/airflow/.local/lib/python3.12/site-packages/airflow/example_dags/example_latest_only.py
[2025-08-19T09:07:03.255+0000] {processor.py:830} INFO - Processing file /home/airflow/.local/lib/python3.12/site-packages/airflow/example_dags/example_latest_only.py for tasks to queue
[2025-08-19T09:07:03.257+0000] {logging_mixin.py:188} INFO - [2025-08-19T09:07:03.257+0000] {dagbag.py:540} INFO - Filling up the DagBag from /home/airflow/.local/lib/python3.12/site-packages/airflow/example_dags/example_latest_only.py
[2025-08-19T09:07:03.264+0000] {processor.py:840} INFO - DAG(s) 'latest_only' retrieved from /home/airflow/.local/lib/python3.12/site-packages/airflow/example_dags/example_latest_only.py
[2025-08-19T09:07:03.289+0000] {logging_mixin.py:188} INFO - [2025-08-19T09:07:03.289+0000] {dag.py:3096} INFO - Sync 1 DAGs
[2025-08-19T09:07:03.316+0000] {logging_mixin.py:188} INFO - [2025-08-19T09:07:03.315+0000] {dag.py:3954} INFO - Setting next_dagrun for latest_only to 2025-08-19 04:00:00+00:00, run_after=2025-08-19 08:00:00+00:00
[2025-08-19T09:07:03.337+0000] {processor.py:183} INFO - Processing /home/airflow/.local/lib/python3.12/site-packages/airflow/example_dags/example_latest_only.py took 0.092 seconds
[2025-08-19T09:07:33.525+0000] {processor.py:161} INFO - Started process (PID=2150) to work on /home/airflow/.local/lib/python3.12/site-packages/airflow/example_dags/example_latest_only.py
[2025-08-19T09:07:33.526+0000] {processor.py:830} INFO - Processing file /home/airflow/.local/lib/python3.12/site-packages/airflow/example_dags/example_latest_only.py for tasks to queue
[2025-08-19T09:07:33.529+0000] {logging_mixin.py:188} INFO - [2025-08-19T09:07:33.528+0000] {dagbag.py:540} INFO - Filling up the DagBag from /home/airflow/.local/lib/python3.12/site-packages/airflow/example_dags/example_latest_only.py
[2025-08-19T09:07:33.537+0000] {processor.py:840} INFO - DAG(s) 'latest_only' retrieved from /home/airflow/.local/lib/python3.12/site-packages/airflow/example_dags/example_latest_only.py
[2025-08-19T09:07:33.568+0000] {logging_mixin.py:188} INFO - [2025-08-19T09:07:33.568+0000] {dag.py:3096} INFO - Sync 1 DAGs
[2025-08-19T09:07:33.597+0000] {logging_mixin.py:188} INFO - [2025-08-19T09:07:33.597+0000] {dag.py:3954} INFO - Setting next_dagrun for latest_only to 2025-08-19 04:00:00+00:00, run_after=2025-08-19 08:00:00+00:00
[2025-08-19T09:07:33.621+0000] {processor.py:183} INFO - Processing /home/airflow/.local/lib/python3.12/site-packages/airflow/example_dags/example_latest_only.py took 0.105 seconds
[2025-08-19T09:08:03.761+0000] {processor.py:161} INFO - Started process (PID=2208) to work on /home/airflow/.local/lib/python3.12/site-packages/airflow/example_dags/example_latest_only.py
[2025-08-19T09:08:03.762+0000] {processor.py:830} INFO - Processing file /home/airflow/.local/lib/python3.12/site-packages/airflow/example_dags/example_latest_only.py for tasks to queue
[2025-08-19T09:08:03.764+0000] {logging_mixin.py:188} INFO - [2025-08-19T09:08:03.764+0000] {dagbag.py:540} INFO - Filling up the DagBag from /home/airflow/.local/lib/python3.12/site-packages/airflow/example_dags/example_latest_only.py
[2025-08-19T09:08:03.771+0000] {processor.py:840} INFO - DAG(s) 'latest_only' retrieved from /home/airflow/.local/lib/python3.12/site-packages/airflow/example_dags/example_latest_only.py
[2025-08-19T09:08:03.795+0000] {logging_mixin.py:188} INFO - [2025-08-19T09:08:03.795+0000] {dag.py:3096} INFO - Sync 1 DAGs
[2025-08-19T09:08:03.818+0000] {logging_mixin.py:188} INFO - [2025-08-19T09:08:03.818+0000] {dag.py:3954} INFO - Setting next_dagrun for latest_only to 2025-08-19 04:00:00+00:00, run_after=2025-08-19 08:00:00+00:00
[2025-08-19T09:08:03.836+0000] {processor.py:183} INFO - Processing /home/airflow/.local/lib/python3.12/site-packages/airflow/example_dags/example_latest_only.py took 0.082 seconds
[2025-08-19T09:08:34.402+0000] {processor.py:161} INFO - Started process (PID=2265) to work on /home/airflow/.local/lib/python3.12/site-packages/airflow/example_dags/example_latest_only.py
[2025-08-19T09:08:34.404+0000] {processor.py:830} INFO - Processing file /home/airflow/.local/lib/python3.12/site-packages/airflow/example_dags/example_latest_only.py for tasks to queue
[2025-08-19T09:08:34.407+0000] {logging_mixin.py:188} INFO - [2025-08-19T09:08:34.406+0000] {dagbag.py:540} INFO - Filling up the DagBag from /home/airflow/.local/lib/python3.12/site-packages/airflow/example_dags/example_latest_only.py
[2025-08-19T09:08:34.415+0000] {processor.py:840} INFO - DAG(s) 'latest_only' retrieved from /home/airflow/.local/lib/python3.12/site-packages/airflow/example_dags/example_latest_only.py
[2025-08-19T09:08:34.443+0000] {logging_mixin.py:188} INFO - [2025-08-19T09:08:34.443+0000] {dag.py:3096} INFO - Sync 1 DAGs
[2025-08-19T09:08:34.474+0000] {logging_mixin.py:188} INFO - [2025-08-19T09:08:34.474+0000] {dag.py:3954} INFO - Setting next_dagrun for latest_only to 2025-08-19 04:00:00+00:00, run_after=2025-08-19 08:00:00+00:00
[2025-08-19T09:08:34.499+0000] {processor.py:183} INFO - Processing /home/airflow/.local/lib/python3.12/site-packages/airflow/example_dags/example_latest_only.py took 0.105 seconds
[2025-08-19T09:09:04.960+0000] {processor.py:161} INFO - Started process (PID=2323) to work on /home/airflow/.local/lib/python3.12/site-packages/airflow/example_dags/example_latest_only.py
[2025-08-19T09:09:04.961+0000] {processor.py:830} INFO - Processing file /home/airflow/.local/lib/python3.12/site-packages/airflow/example_dags/example_latest_only.py for tasks to queue
[2025-08-19T09:09:04.963+0000] {logging_mixin.py:188} INFO - [2025-08-19T09:09:04.963+0000] {dagbag.py:540} INFO - Filling up the DagBag from /home/airflow/.local/lib/python3.12/site-packages/airflow/example_dags/example_latest_only.py
[2025-08-19T09:09:04.970+0000] {processor.py:840} INFO - DAG(s) 'latest_only' retrieved from /home/airflow/.local/lib/python3.12/site-packages/airflow/example_dags/example_latest_only.py
[2025-08-19T09:09:04.994+0000] {logging_mixin.py:188} INFO - [2025-08-19T09:09:04.993+0000] {dag.py:3096} INFO - Sync 1 DAGs
[2025-08-19T09:09:05.019+0000] {logging_mixin.py:188} INFO - [2025-08-19T09:09:05.019+0000] {dag.py:3954} INFO - Setting next_dagrun for latest_only to 2025-08-19 04:00:00+00:00, run_after=2025-08-19 08:00:00+00:00
[2025-08-19T09:09:05.040+0000] {processor.py:183} INFO - Processing /home/airflow/.local/lib/python3.12/site-packages/airflow/example_dags/example_latest_only.py took 0.088 seconds
[2025-08-19T09:09:35.399+0000] {processor.py:161} INFO - Started process (PID=2381) to work on /home/airflow/.local/lib/python3.12/site-packages/airflow/example_dags/example_latest_only.py
[2025-08-19T09:09:35.401+0000] {processor.py:830} INFO - Processing file /home/airflow/.local/lib/python3.12/site-packages/airflow/example_dags/example_latest_only.py for tasks to queue
[2025-08-19T09:09:35.403+0000] {logging_mixin.py:188} INFO - [2025-08-19T09:09:35.403+0000] {dagbag.py:540} INFO - Filling up the DagBag from /home/airflow/.local/lib/python3.12/site-packages/airflow/example_dags/example_latest_only.py
[2025-08-19T09:09:35.410+0000] {processor.py:840} INFO - DAG(s) 'latest_only' retrieved from /home/airflow/.local/lib/python3.12/site-packages/airflow/example_dags/example_latest_only.py
[2025-08-19T09:09:35.437+0000] {logging_mixin.py:188} INFO - [2025-08-19T09:09:35.437+0000] {dag.py:3096} INFO - Sync 1 DAGs
[2025-08-19T09:09:35.463+0000] {logging_mixin.py:188} INFO - [2025-08-19T09:09:35.463+0000] {dag.py:3954} INFO - Setting next_dagrun for latest_only to 2025-08-19 04:00:00+00:00, run_after=2025-08-19 08:00:00+00:00
[2025-08-19T09:09:35.484+0000] {processor.py:183} INFO - Processing /home/airflow/.local/lib/python3.12/site-packages/airflow/example_dags/example_latest_only.py took 0.094 seconds
[2025-08-19T09:10:06.108+0000] {processor.py:161} INFO - Started process (PID=2440) to work on /home/airflow/.local/lib/python3.12/site-packages/airflow/example_dags/example_latest_only.py
[2025-08-19T09:10:06.109+0000] {processor.py:830} INFO - Processing file /home/airflow/.local/lib/python3.12/site-packages/airflow/example_dags/example_latest_only.py for tasks to queue
[2025-08-19T09:10:06.112+0000] {logging_mixin.py:188} INFO - [2025-08-19T09:10:06.111+0000] {dagbag.py:540} INFO - Filling up the DagBag from /home/airflow/.local/lib/python3.12/site-packages/airflow/example_dags/example_latest_only.py
[2025-08-19T09:10:06.118+0000] {processor.py:840} INFO - DAG(s) 'latest_only' retrieved from /home/airflow/.local/lib/python3.12/site-packages/airflow/example_dags/example_latest_only.py
[2025-08-19T09:10:06.143+0000] {logging_mixin.py:188} INFO - [2025-08-19T09:10:06.143+0000] {dag.py:3096} INFO - Sync 1 DAGs
[2025-08-19T09:10:06.166+0000] {logging_mixin.py:188} INFO - [2025-08-19T09:10:06.166+0000] {dag.py:3954} INFO - Setting next_dagrun for latest_only to 2025-08-19 04:00:00+00:00, run_after=2025-08-19 08:00:00+00:00
[2025-08-19T09:10:06.187+0000] {processor.py:183} INFO - Processing /home/airflow/.local/lib/python3.12/site-packages/airflow/example_dags/example_latest_only.py took 0.087 seconds
[2025-08-19T09:10:36.890+0000] {processor.py:161} INFO - Started process (PID=2498) to work on /home/airflow/.local/lib/python3.12/site-packages/airflow/example_dags/example_latest_only.py
[2025-08-19T09:10:36.892+0000] {processor.py:830} INFO - Processing file /home/airflow/.local/lib/python3.12/site-packages/airflow/example_dags/example_latest_only.py for tasks to queue
[2025-08-19T09:10:36.895+0000] {logging_mixin.py:188} INFO - [2025-08-19T09:10:36.894+0000] {dagbag.py:540} INFO - Filling up the DagBag from /home/airflow/.local/lib/python3.12/site-packages/airflow/example_dags/example_latest_only.py
[2025-08-19T09:10:36.902+0000] {processor.py:840} INFO - DAG(s) 'latest_only' retrieved from /home/airflow/.local/lib/python3.12/site-packages/airflow/example_dags/example_latest_only.py
[2025-08-19T09:10:36.930+0000] {logging_mixin.py:188} INFO - [2025-08-19T09:10:36.930+0000] {dag.py:3096} INFO - Sync 1 DAGs
[2025-08-19T09:10:36.958+0000] {logging_mixin.py:188} INFO - [2025-08-19T09:10:36.958+0000] {dag.py:3954} INFO - Setting next_dagrun for latest_only to 2025-08-19 04:00:00+00:00, run_after=2025-08-19 08:00:00+00:00
[2025-08-19T09:10:36.986+0000] {processor.py:183} INFO - Processing /home/airflow/.local/lib/python3.12/site-packages/airflow/example_dags/example_latest_only.py took 0.104 seconds
[2025-08-19T09:11:07.403+0000] {processor.py:161} INFO - Started process (PID=2556) to work on /home/airflow/.local/lib/python3.12/site-packages/airflow/example_dags/example_latest_only.py
[2025-08-19T09:11:07.404+0000] {processor.py:830} INFO - Processing file /home/airflow/.local/lib/python3.12/site-packages/airflow/example_dags/example_latest_only.py for tasks to queue
[2025-08-19T09:11:07.407+0000] {logging_mixin.py:188} INFO - [2025-08-19T09:11:07.406+0000] {dagbag.py:540} INFO - Filling up the DagBag from /home/airflow/.local/lib/python3.12/site-packages/airflow/example_dags/example_latest_only.py
[2025-08-19T09:11:07.413+0000] {processor.py:840} INFO - DAG(s) 'latest_only' retrieved from /home/airflow/.local/lib/python3.12/site-packages/airflow/example_dags/example_latest_only.py
[2025-08-19T09:11:07.438+0000] {logging_mixin.py:188} INFO - [2025-08-19T09:11:07.438+0000] {dag.py:3096} INFO - Sync 1 DAGs
[2025-08-19T09:11:07.464+0000] {logging_mixin.py:188} INFO - [2025-08-19T09:11:07.464+0000] {dag.py:3954} INFO - Setting next_dagrun for latest_only to 2025-08-19 04:00:00+00:00, run_after=2025-08-19 08:00:00+00:00
[2025-08-19T09:11:07.486+0000] {processor.py:183} INFO - Processing /home/airflow/.local/lib/python3.12/site-packages/airflow/example_dags/example_latest_only.py took 0.091 seconds
