[2025-08-19T08:49:42.801+0000] {processor.py:161} INFO - Started process (PID=86) to work on /home/airflow/.local/lib/python3.12/site-packages/airflow/example_dags/example_branch_operator.py
[2025-08-19T08:49:42.802+0000] {processor.py:830} INFO - Processing file /home/airflow/.local/lib/python3.12/site-packages/airflow/example_dags/example_branch_operator.py for tasks to queue
[2025-08-19T08:49:42.805+0000] {logging_mixin.py:188} INFO - [2025-08-19T08:49:42.804+0000] {dagbag.py:540} INFO - Filling up the DagBag from /home/airflow/.local/lib/python3.12/site-packages/airflow/example_dags/example_branch_operator.py
[2025-08-19T08:49:42.826+0000] {processor.py:840} INFO - DAG(s) 'example_branch_operator' retrieved from /home/airflow/.local/lib/python3.12/site-packages/airflow/example_dags/example_branch_operator.py
[2025-08-19T08:49:42.965+0000] {logging_mixin.py:188} INFO - [2025-08-19T08:49:42.965+0000] {dag.py:3096} INFO - Sync 1 DAGs
[2025-08-19T08:49:42.990+0000] {logging_mixin.py:188} INFO - [2025-08-19T08:49:42.990+0000] {dag.py:3954} INFO - Setting next_dagrun for example_branch_operator to 2025-08-18 00:00:00+00:00, run_after=2025-08-19 00:00:00+00:00
[2025-08-19T08:49:43.015+0000] {processor.py:183} INFO - Processing /home/airflow/.local/lib/python3.12/site-packages/airflow/example_dags/example_branch_operator.py took 0.223 seconds
[2025-08-19T08:50:14.246+0000] {processor.py:161} INFO - Started process (PID=150) to work on /home/airflow/.local/lib/python3.12/site-packages/airflow/example_dags/example_branch_operator.py
[2025-08-19T08:50:14.247+0000] {processor.py:830} INFO - Processing file /home/airflow/.local/lib/python3.12/site-packages/airflow/example_dags/example_branch_operator.py for tasks to queue
[2025-08-19T08:50:14.249+0000] {logging_mixin.py:188} INFO - [2025-08-19T08:50:14.249+0000] {dagbag.py:540} INFO - Filling up the DagBag from /home/airflow/.local/lib/python3.12/site-packages/airflow/example_dags/example_branch_operator.py
[2025-08-19T08:50:14.269+0000] {processor.py:840} INFO - DAG(s) 'example_branch_operator' retrieved from /home/airflow/.local/lib/python3.12/site-packages/airflow/example_dags/example_branch_operator.py
[2025-08-19T08:50:14.303+0000] {logging_mixin.py:188} INFO - [2025-08-19T08:50:14.303+0000] {dag.py:3096} INFO - Sync 1 DAGs
[2025-08-19T08:50:14.327+0000] {logging_mixin.py:188} INFO - [2025-08-19T08:50:14.327+0000] {dag.py:3954} INFO - Setting next_dagrun for example_branch_operator to 2025-08-18 00:00:00+00:00, run_after=2025-08-19 00:00:00+00:00
[2025-08-19T08:50:14.345+0000] {processor.py:183} INFO - Processing /home/airflow/.local/lib/python3.12/site-packages/airflow/example_dags/example_branch_operator.py took 0.106 seconds
[2025-08-19T08:50:45.281+0000] {processor.py:161} INFO - Started process (PID=208) to work on /home/airflow/.local/lib/python3.12/site-packages/airflow/example_dags/example_branch_operator.py
[2025-08-19T08:50:45.282+0000] {processor.py:830} INFO - Processing file /home/airflow/.local/lib/python3.12/site-packages/airflow/example_dags/example_branch_operator.py for tasks to queue
[2025-08-19T08:50:45.285+0000] {logging_mixin.py:188} INFO - [2025-08-19T08:50:45.284+0000] {dagbag.py:540} INFO - Filling up the DagBag from /home/airflow/.local/lib/python3.12/site-packages/airflow/example_dags/example_branch_operator.py
[2025-08-19T08:50:45.306+0000] {processor.py:840} INFO - DAG(s) 'example_branch_operator' retrieved from /home/airflow/.local/lib/python3.12/site-packages/airflow/example_dags/example_branch_operator.py
[2025-08-19T08:50:45.438+0000] {logging_mixin.py:188} INFO - [2025-08-19T08:50:45.437+0000] {dag.py:3096} INFO - Sync 1 DAGs
[2025-08-19T08:50:45.461+0000] {logging_mixin.py:188} INFO - [2025-08-19T08:50:45.460+0000] {dag.py:3954} INFO - Setting next_dagrun for example_branch_operator to 2025-08-18 00:00:00+00:00, run_after=2025-08-19 00:00:00+00:00
[2025-08-19T08:50:45.481+0000] {processor.py:183} INFO - Processing /home/airflow/.local/lib/python3.12/site-packages/airflow/example_dags/example_branch_operator.py took 0.208 seconds
[2025-08-19T08:51:16.018+0000] {processor.py:161} INFO - Started process (PID=267) to work on /home/airflow/.local/lib/python3.12/site-packages/airflow/example_dags/example_branch_operator.py
[2025-08-19T08:51:16.019+0000] {processor.py:830} INFO - Processing file /home/airflow/.local/lib/python3.12/site-packages/airflow/example_dags/example_branch_operator.py for tasks to queue
[2025-08-19T08:51:16.021+0000] {logging_mixin.py:188} INFO - [2025-08-19T08:51:16.021+0000] {dagbag.py:540} INFO - Filling up the DagBag from /home/airflow/.local/lib/python3.12/site-packages/airflow/example_dags/example_branch_operator.py
[2025-08-19T08:51:16.042+0000] {processor.py:840} INFO - DAG(s) 'example_branch_operator' retrieved from /home/airflow/.local/lib/python3.12/site-packages/airflow/example_dags/example_branch_operator.py
[2025-08-19T08:51:16.078+0000] {logging_mixin.py:188} INFO - [2025-08-19T08:51:16.077+0000] {dag.py:3096} INFO - Sync 1 DAGs
[2025-08-19T08:51:16.107+0000] {logging_mixin.py:188} INFO - [2025-08-19T08:51:16.107+0000] {dag.py:3954} INFO - Setting next_dagrun for example_branch_operator to 2025-08-18 00:00:00+00:00, run_after=2025-08-19 00:00:00+00:00
[2025-08-19T08:51:16.133+0000] {processor.py:183} INFO - Processing /home/airflow/.local/lib/python3.12/site-packages/airflow/example_dags/example_branch_operator.py took 0.123 seconds
[2025-08-19T08:51:46.217+0000] {processor.py:161} INFO - Started process (PID=324) to work on /home/airflow/.local/lib/python3.12/site-packages/airflow/example_dags/example_branch_operator.py
[2025-08-19T08:51:46.218+0000] {processor.py:830} INFO - Processing file /home/airflow/.local/lib/python3.12/site-packages/airflow/example_dags/example_branch_operator.py for tasks to queue
[2025-08-19T08:51:46.221+0000] {logging_mixin.py:188} INFO - [2025-08-19T08:51:46.220+0000] {dagbag.py:540} INFO - Filling up the DagBag from /home/airflow/.local/lib/python3.12/site-packages/airflow/example_dags/example_branch_operator.py
[2025-08-19T08:51:46.241+0000] {processor.py:840} INFO - DAG(s) 'example_branch_operator' retrieved from /home/airflow/.local/lib/python3.12/site-packages/airflow/example_dags/example_branch_operator.py
[2025-08-19T08:51:46.278+0000] {logging_mixin.py:188} INFO - [2025-08-19T08:51:46.277+0000] {dag.py:3096} INFO - Sync 1 DAGs
[2025-08-19T08:51:46.305+0000] {logging_mixin.py:188} INFO - [2025-08-19T08:51:46.305+0000] {dag.py:3954} INFO - Setting next_dagrun for example_branch_operator to 2025-08-18 00:00:00+00:00, run_after=2025-08-19 00:00:00+00:00
[2025-08-19T08:51:46.329+0000] {processor.py:183} INFO - Processing /home/airflow/.local/lib/python3.12/site-packages/airflow/example_dags/example_branch_operator.py took 0.120 seconds
[2025-08-19T08:52:16.384+0000] {processor.py:161} INFO - Started process (PID=382) to work on /home/airflow/.local/lib/python3.12/site-packages/airflow/example_dags/example_branch_operator.py
[2025-08-19T08:52:16.385+0000] {processor.py:830} INFO - Processing file /home/airflow/.local/lib/python3.12/site-packages/airflow/example_dags/example_branch_operator.py for tasks to queue
[2025-08-19T08:52:16.387+0000] {logging_mixin.py:188} INFO - [2025-08-19T08:52:16.387+0000] {dagbag.py:540} INFO - Filling up the DagBag from /home/airflow/.local/lib/python3.12/site-packages/airflow/example_dags/example_branch_operator.py
[2025-08-19T08:52:16.407+0000] {processor.py:840} INFO - DAG(s) 'example_branch_operator' retrieved from /home/airflow/.local/lib/python3.12/site-packages/airflow/example_dags/example_branch_operator.py
[2025-08-19T08:52:16.443+0000] {logging_mixin.py:188} INFO - [2025-08-19T08:52:16.442+0000] {dag.py:3096} INFO - Sync 1 DAGs
[2025-08-19T08:52:16.467+0000] {logging_mixin.py:188} INFO - [2025-08-19T08:52:16.466+0000] {dag.py:3954} INFO - Setting next_dagrun for example_branch_operator to 2025-08-18 00:00:00+00:00, run_after=2025-08-19 00:00:00+00:00
[2025-08-19T08:52:16.485+0000] {processor.py:183} INFO - Processing /home/airflow/.local/lib/python3.12/site-packages/airflow/example_dags/example_branch_operator.py took 0.109 seconds
[2025-08-19T08:52:46.624+0000] {processor.py:161} INFO - Started process (PID=441) to work on /home/airflow/.local/lib/python3.12/site-packages/airflow/example_dags/example_branch_operator.py
[2025-08-19T08:52:46.625+0000] {processor.py:830} INFO - Processing file /home/airflow/.local/lib/python3.12/site-packages/airflow/example_dags/example_branch_operator.py for tasks to queue
[2025-08-19T08:52:46.629+0000] {logging_mixin.py:188} INFO - [2025-08-19T08:52:46.628+0000] {dagbag.py:540} INFO - Filling up the DagBag from /home/airflow/.local/lib/python3.12/site-packages/airflow/example_dags/example_branch_operator.py
[2025-08-19T08:52:46.654+0000] {processor.py:840} INFO - DAG(s) 'example_branch_operator' retrieved from /home/airflow/.local/lib/python3.12/site-packages/airflow/example_dags/example_branch_operator.py
[2025-08-19T08:52:46.690+0000] {logging_mixin.py:188} INFO - [2025-08-19T08:52:46.690+0000] {dag.py:3096} INFO - Sync 1 DAGs
[2025-08-19T08:52:46.716+0000] {logging_mixin.py:188} INFO - [2025-08-19T08:52:46.716+0000] {dag.py:3954} INFO - Setting next_dagrun for example_branch_operator to 2025-08-18 00:00:00+00:00, run_after=2025-08-19 00:00:00+00:00
[2025-08-19T08:52:46.739+0000] {processor.py:183} INFO - Processing /home/airflow/.local/lib/python3.12/site-packages/airflow/example_dags/example_branch_operator.py took 0.122 seconds
[2025-08-19T08:53:16.831+0000] {processor.py:161} INFO - Started process (PID=500) to work on /home/airflow/.local/lib/python3.12/site-packages/airflow/example_dags/example_branch_operator.py
[2025-08-19T08:53:16.832+0000] {processor.py:830} INFO - Processing file /home/airflow/.local/lib/python3.12/site-packages/airflow/example_dags/example_branch_operator.py for tasks to queue
[2025-08-19T08:53:16.835+0000] {logging_mixin.py:188} INFO - [2025-08-19T08:53:16.834+0000] {dagbag.py:540} INFO - Filling up the DagBag from /home/airflow/.local/lib/python3.12/site-packages/airflow/example_dags/example_branch_operator.py
[2025-08-19T08:53:16.855+0000] {processor.py:840} INFO - DAG(s) 'example_branch_operator' retrieved from /home/airflow/.local/lib/python3.12/site-packages/airflow/example_dags/example_branch_operator.py
[2025-08-19T08:53:16.888+0000] {logging_mixin.py:188} INFO - [2025-08-19T08:53:16.888+0000] {dag.py:3096} INFO - Sync 1 DAGs
[2025-08-19T08:53:16.912+0000] {logging_mixin.py:188} INFO - [2025-08-19T08:53:16.912+0000] {dag.py:3954} INFO - Setting next_dagrun for example_branch_operator to 2025-08-18 00:00:00+00:00, run_after=2025-08-19 00:00:00+00:00
[2025-08-19T08:53:16.932+0000] {processor.py:183} INFO - Processing /home/airflow/.local/lib/python3.12/site-packages/airflow/example_dags/example_branch_operator.py took 0.108 seconds
[2025-08-19T08:53:47.045+0000] {processor.py:161} INFO - Started process (PID=558) to work on /home/airflow/.local/lib/python3.12/site-packages/airflow/example_dags/example_branch_operator.py
[2025-08-19T08:53:47.046+0000] {processor.py:830} INFO - Processing file /home/airflow/.local/lib/python3.12/site-packages/airflow/example_dags/example_branch_operator.py for tasks to queue
[2025-08-19T08:53:47.048+0000] {logging_mixin.py:188} INFO - [2025-08-19T08:53:47.048+0000] {dagbag.py:540} INFO - Filling up the DagBag from /home/airflow/.local/lib/python3.12/site-packages/airflow/example_dags/example_branch_operator.py
[2025-08-19T08:53:47.068+0000] {processor.py:840} INFO - DAG(s) 'example_branch_operator' retrieved from /home/airflow/.local/lib/python3.12/site-packages/airflow/example_dags/example_branch_operator.py
[2025-08-19T08:53:47.100+0000] {logging_mixin.py:188} INFO - [2025-08-19T08:53:47.100+0000] {dag.py:3096} INFO - Sync 1 DAGs
[2025-08-19T08:53:47.124+0000] {logging_mixin.py:188} INFO - [2025-08-19T08:53:47.124+0000] {dag.py:3954} INFO - Setting next_dagrun for example_branch_operator to 2025-08-18 00:00:00+00:00, run_after=2025-08-19 00:00:00+00:00
[2025-08-19T08:53:47.144+0000] {processor.py:183} INFO - Processing /home/airflow/.local/lib/python3.12/site-packages/airflow/example_dags/example_branch_operator.py took 0.106 seconds
[2025-08-19T08:54:17.342+0000] {processor.py:161} INFO - Started process (PID=616) to work on /home/airflow/.local/lib/python3.12/site-packages/airflow/example_dags/example_branch_operator.py
[2025-08-19T08:54:17.343+0000] {processor.py:830} INFO - Processing file /home/airflow/.local/lib/python3.12/site-packages/airflow/example_dags/example_branch_operator.py for tasks to queue
[2025-08-19T08:54:17.345+0000] {logging_mixin.py:188} INFO - [2025-08-19T08:54:17.345+0000] {dagbag.py:540} INFO - Filling up the DagBag from /home/airflow/.local/lib/python3.12/site-packages/airflow/example_dags/example_branch_operator.py
[2025-08-19T08:54:17.367+0000] {processor.py:840} INFO - DAG(s) 'example_branch_operator' retrieved from /home/airflow/.local/lib/python3.12/site-packages/airflow/example_dags/example_branch_operator.py
[2025-08-19T08:54:17.402+0000] {logging_mixin.py:188} INFO - [2025-08-19T08:54:17.402+0000] {dag.py:3096} INFO - Sync 1 DAGs
[2025-08-19T08:54:17.428+0000] {logging_mixin.py:188} INFO - [2025-08-19T08:54:17.428+0000] {dag.py:3954} INFO - Setting next_dagrun for example_branch_operator to 2025-08-18 00:00:00+00:00, run_after=2025-08-19 00:00:00+00:00
[2025-08-19T08:54:17.449+0000] {processor.py:183} INFO - Processing /home/airflow/.local/lib/python3.12/site-packages/airflow/example_dags/example_branch_operator.py took 0.116 seconds
[2025-08-19T08:54:47.898+0000] {processor.py:161} INFO - Started process (PID=674) to work on /home/airflow/.local/lib/python3.12/site-packages/airflow/example_dags/example_branch_operator.py
[2025-08-19T08:54:47.899+0000] {processor.py:830} INFO - Processing file /home/airflow/.local/lib/python3.12/site-packages/airflow/example_dags/example_branch_operator.py for tasks to queue
[2025-08-19T08:54:47.902+0000] {logging_mixin.py:188} INFO - [2025-08-19T08:54:47.901+0000] {dagbag.py:540} INFO - Filling up the DagBag from /home/airflow/.local/lib/python3.12/site-packages/airflow/example_dags/example_branch_operator.py
[2025-08-19T08:54:47.921+0000] {processor.py:840} INFO - DAG(s) 'example_branch_operator' retrieved from /home/airflow/.local/lib/python3.12/site-packages/airflow/example_dags/example_branch_operator.py
[2025-08-19T08:54:47.957+0000] {logging_mixin.py:188} INFO - [2025-08-19T08:54:47.957+0000] {dag.py:3096} INFO - Sync 1 DAGs
[2025-08-19T08:54:47.982+0000] {logging_mixin.py:188} INFO - [2025-08-19T08:54:47.982+0000] {dag.py:3954} INFO - Setting next_dagrun for example_branch_operator to 2025-08-18 00:00:00+00:00, run_after=2025-08-19 00:00:00+00:00
[2025-08-19T08:54:48.004+0000] {processor.py:183} INFO - Processing /home/airflow/.local/lib/python3.12/site-packages/airflow/example_dags/example_branch_operator.py took 0.113 seconds
[2025-08-19T08:55:18.582+0000] {processor.py:161} INFO - Started process (PID=732) to work on /home/airflow/.local/lib/python3.12/site-packages/airflow/example_dags/example_branch_operator.py
[2025-08-19T08:55:18.584+0000] {processor.py:830} INFO - Processing file /home/airflow/.local/lib/python3.12/site-packages/airflow/example_dags/example_branch_operator.py for tasks to queue
[2025-08-19T08:55:18.586+0000] {logging_mixin.py:188} INFO - [2025-08-19T08:55:18.586+0000] {dagbag.py:540} INFO - Filling up the DagBag from /home/airflow/.local/lib/python3.12/site-packages/airflow/example_dags/example_branch_operator.py
[2025-08-19T08:55:18.609+0000] {processor.py:840} INFO - DAG(s) 'example_branch_operator' retrieved from /home/airflow/.local/lib/python3.12/site-packages/airflow/example_dags/example_branch_operator.py
[2025-08-19T08:55:18.648+0000] {logging_mixin.py:188} INFO - [2025-08-19T08:55:18.648+0000] {dag.py:3096} INFO - Sync 1 DAGs
[2025-08-19T08:55:18.674+0000] {logging_mixin.py:188} INFO - [2025-08-19T08:55:18.673+0000] {dag.py:3954} INFO - Setting next_dagrun for example_branch_operator to 2025-08-18 00:00:00+00:00, run_after=2025-08-19 00:00:00+00:00
[2025-08-19T08:55:18.698+0000] {processor.py:183} INFO - Processing /home/airflow/.local/lib/python3.12/site-packages/airflow/example_dags/example_branch_operator.py took 0.124 seconds
[2025-08-19T08:55:49.357+0000] {processor.py:161} INFO - Started process (PID=790) to work on /home/airflow/.local/lib/python3.12/site-packages/airflow/example_dags/example_branch_operator.py
[2025-08-19T08:55:49.359+0000] {processor.py:830} INFO - Processing file /home/airflow/.local/lib/python3.12/site-packages/airflow/example_dags/example_branch_operator.py for tasks to queue
[2025-08-19T08:55:49.361+0000] {logging_mixin.py:188} INFO - [2025-08-19T08:55:49.361+0000] {dagbag.py:540} INFO - Filling up the DagBag from /home/airflow/.local/lib/python3.12/site-packages/airflow/example_dags/example_branch_operator.py
[2025-08-19T08:55:49.382+0000] {processor.py:840} INFO - DAG(s) 'example_branch_operator' retrieved from /home/airflow/.local/lib/python3.12/site-packages/airflow/example_dags/example_branch_operator.py
[2025-08-19T08:55:49.417+0000] {logging_mixin.py:188} INFO - [2025-08-19T08:55:49.417+0000] {dag.py:3096} INFO - Sync 1 DAGs
[2025-08-19T08:55:49.444+0000] {logging_mixin.py:188} INFO - [2025-08-19T08:55:49.444+0000] {dag.py:3954} INFO - Setting next_dagrun for example_branch_operator to 2025-08-18 00:00:00+00:00, run_after=2025-08-19 00:00:00+00:00
[2025-08-19T08:55:49.467+0000] {processor.py:183} INFO - Processing /home/airflow/.local/lib/python3.12/site-packages/airflow/example_dags/example_branch_operator.py took 0.117 seconds
[2025-08-19T08:56:19.941+0000] {processor.py:161} INFO - Started process (PID=848) to work on /home/airflow/.local/lib/python3.12/site-packages/airflow/example_dags/example_branch_operator.py
[2025-08-19T08:56:19.942+0000] {processor.py:830} INFO - Processing file /home/airflow/.local/lib/python3.12/site-packages/airflow/example_dags/example_branch_operator.py for tasks to queue
[2025-08-19T08:56:19.945+0000] {logging_mixin.py:188} INFO - [2025-08-19T08:56:19.944+0000] {dagbag.py:540} INFO - Filling up the DagBag from /home/airflow/.local/lib/python3.12/site-packages/airflow/example_dags/example_branch_operator.py
[2025-08-19T08:56:19.966+0000] {processor.py:840} INFO - DAG(s) 'example_branch_operator' retrieved from /home/airflow/.local/lib/python3.12/site-packages/airflow/example_dags/example_branch_operator.py
[2025-08-19T08:56:20.006+0000] {logging_mixin.py:188} INFO - [2025-08-19T08:56:20.006+0000] {dag.py:3096} INFO - Sync 1 DAGs
[2025-08-19T08:56:20.033+0000] {logging_mixin.py:188} INFO - [2025-08-19T08:56:20.032+0000] {dag.py:3954} INFO - Setting next_dagrun for example_branch_operator to 2025-08-18 00:00:00+00:00, run_after=2025-08-19 00:00:00+00:00
[2025-08-19T08:56:20.054+0000] {processor.py:183} INFO - Processing /home/airflow/.local/lib/python3.12/site-packages/airflow/example_dags/example_branch_operator.py took 0.121 seconds
[2025-08-19T08:56:50.418+0000] {processor.py:161} INFO - Started process (PID=906) to work on /home/airflow/.local/lib/python3.12/site-packages/airflow/example_dags/example_branch_operator.py
[2025-08-19T08:56:50.419+0000] {processor.py:830} INFO - Processing file /home/airflow/.local/lib/python3.12/site-packages/airflow/example_dags/example_branch_operator.py for tasks to queue
[2025-08-19T08:56:50.422+0000] {logging_mixin.py:188} INFO - [2025-08-19T08:56:50.422+0000] {dagbag.py:540} INFO - Filling up the DagBag from /home/airflow/.local/lib/python3.12/site-packages/airflow/example_dags/example_branch_operator.py
[2025-08-19T08:56:50.443+0000] {processor.py:840} INFO - DAG(s) 'example_branch_operator' retrieved from /home/airflow/.local/lib/python3.12/site-packages/airflow/example_dags/example_branch_operator.py
[2025-08-19T08:56:50.685+0000] {logging_mixin.py:188} INFO - [2025-08-19T08:56:50.684+0000] {dag.py:3096} INFO - Sync 1 DAGs
[2025-08-19T08:56:50.706+0000] {logging_mixin.py:188} INFO - [2025-08-19T08:56:50.706+0000] {dag.py:3954} INFO - Setting next_dagrun for example_branch_operator to 2025-08-18 00:00:00+00:00, run_after=2025-08-19 00:00:00+00:00
[2025-08-19T08:56:50.725+0000] {processor.py:183} INFO - Processing /home/airflow/.local/lib/python3.12/site-packages/airflow/example_dags/example_branch_operator.py took 0.315 seconds
[2025-08-19T08:57:20.928+0000] {processor.py:161} INFO - Started process (PID=965) to work on /home/airflow/.local/lib/python3.12/site-packages/airflow/example_dags/example_branch_operator.py
[2025-08-19T08:57:20.929+0000] {processor.py:830} INFO - Processing file /home/airflow/.local/lib/python3.12/site-packages/airflow/example_dags/example_branch_operator.py for tasks to queue
[2025-08-19T08:57:20.932+0000] {logging_mixin.py:188} INFO - [2025-08-19T08:57:20.931+0000] {dagbag.py:540} INFO - Filling up the DagBag from /home/airflow/.local/lib/python3.12/site-packages/airflow/example_dags/example_branch_operator.py
[2025-08-19T08:57:20.953+0000] {processor.py:840} INFO - DAG(s) 'example_branch_operator' retrieved from /home/airflow/.local/lib/python3.12/site-packages/airflow/example_dags/example_branch_operator.py
[2025-08-19T08:57:21.148+0000] {logging_mixin.py:188} INFO - [2025-08-19T08:57:21.148+0000] {dag.py:3096} INFO - Sync 1 DAGs
[2025-08-19T08:57:21.170+0000] {logging_mixin.py:188} INFO - [2025-08-19T08:57:21.170+0000] {dag.py:3954} INFO - Setting next_dagrun for example_branch_operator to 2025-08-18 00:00:00+00:00, run_after=2025-08-19 00:00:00+00:00
[2025-08-19T08:57:21.189+0000] {processor.py:183} INFO - Processing /home/airflow/.local/lib/python3.12/site-packages/airflow/example_dags/example_branch_operator.py took 0.270 seconds
[2025-08-19T08:57:51.813+0000] {processor.py:161} INFO - Started process (PID=1023) to work on /home/airflow/.local/lib/python3.12/site-packages/airflow/example_dags/example_branch_operator.py
[2025-08-19T08:57:51.814+0000] {processor.py:830} INFO - Processing file /home/airflow/.local/lib/python3.12/site-packages/airflow/example_dags/example_branch_operator.py for tasks to queue
[2025-08-19T08:57:51.816+0000] {logging_mixin.py:188} INFO - [2025-08-19T08:57:51.816+0000] {dagbag.py:540} INFO - Filling up the DagBag from /home/airflow/.local/lib/python3.12/site-packages/airflow/example_dags/example_branch_operator.py
[2025-08-19T08:57:51.836+0000] {processor.py:840} INFO - DAG(s) 'example_branch_operator' retrieved from /home/airflow/.local/lib/python3.12/site-packages/airflow/example_dags/example_branch_operator.py
[2025-08-19T08:57:51.869+0000] {logging_mixin.py:188} INFO - [2025-08-19T08:57:51.869+0000] {dag.py:3096} INFO - Sync 1 DAGs
[2025-08-19T08:57:52.037+0000] {logging_mixin.py:188} INFO - [2025-08-19T08:57:52.037+0000] {dag.py:3954} INFO - Setting next_dagrun for example_branch_operator to 2025-08-18 00:00:00+00:00, run_after=2025-08-19 00:00:00+00:00
[2025-08-19T08:57:52.054+0000] {processor.py:183} INFO - Processing /home/airflow/.local/lib/python3.12/site-packages/airflow/example_dags/example_branch_operator.py took 0.248 seconds
[2025-08-19T08:58:22.164+0000] {processor.py:161} INFO - Started process (PID=1081) to work on /home/airflow/.local/lib/python3.12/site-packages/airflow/example_dags/example_branch_operator.py
[2025-08-19T08:58:22.166+0000] {processor.py:830} INFO - Processing file /home/airflow/.local/lib/python3.12/site-packages/airflow/example_dags/example_branch_operator.py for tasks to queue
[2025-08-19T08:58:22.168+0000] {logging_mixin.py:188} INFO - [2025-08-19T08:58:22.168+0000] {dagbag.py:540} INFO - Filling up the DagBag from /home/airflow/.local/lib/python3.12/site-packages/airflow/example_dags/example_branch_operator.py
[2025-08-19T08:58:22.190+0000] {processor.py:840} INFO - DAG(s) 'example_branch_operator' retrieved from /home/airflow/.local/lib/python3.12/site-packages/airflow/example_dags/example_branch_operator.py
[2025-08-19T08:58:22.226+0000] {logging_mixin.py:188} INFO - [2025-08-19T08:58:22.225+0000] {dag.py:3096} INFO - Sync 1 DAGs
[2025-08-19T08:58:22.253+0000] {logging_mixin.py:188} INFO - [2025-08-19T08:58:22.253+0000] {dag.py:3954} INFO - Setting next_dagrun for example_branch_operator to 2025-08-18 00:00:00+00:00, run_after=2025-08-19 00:00:00+00:00
[2025-08-19T08:58:22.274+0000] {processor.py:183} INFO - Processing /home/airflow/.local/lib/python3.12/site-packages/airflow/example_dags/example_branch_operator.py took 0.118 seconds
[2025-08-19T08:58:52.490+0000] {processor.py:161} INFO - Started process (PID=1139) to work on /home/airflow/.local/lib/python3.12/site-packages/airflow/example_dags/example_branch_operator.py
[2025-08-19T08:58:52.491+0000] {processor.py:830} INFO - Processing file /home/airflow/.local/lib/python3.12/site-packages/airflow/example_dags/example_branch_operator.py for tasks to queue
[2025-08-19T08:58:52.494+0000] {logging_mixin.py:188} INFO - [2025-08-19T08:58:52.493+0000] {dagbag.py:540} INFO - Filling up the DagBag from /home/airflow/.local/lib/python3.12/site-packages/airflow/example_dags/example_branch_operator.py
[2025-08-19T08:58:52.514+0000] {processor.py:840} INFO - DAG(s) 'example_branch_operator' retrieved from /home/airflow/.local/lib/python3.12/site-packages/airflow/example_dags/example_branch_operator.py
[2025-08-19T08:58:52.549+0000] {logging_mixin.py:188} INFO - [2025-08-19T08:58:52.549+0000] {dag.py:3096} INFO - Sync 1 DAGs
[2025-08-19T08:58:52.576+0000] {logging_mixin.py:188} INFO - [2025-08-19T08:58:52.576+0000] {dag.py:3954} INFO - Setting next_dagrun for example_branch_operator to 2025-08-18 00:00:00+00:00, run_after=2025-08-19 00:00:00+00:00
[2025-08-19T08:58:52.599+0000] {processor.py:183} INFO - Processing /home/airflow/.local/lib/python3.12/site-packages/airflow/example_dags/example_branch_operator.py took 0.117 seconds
[2025-08-19T08:59:22.921+0000] {processor.py:161} INFO - Started process (PID=1197) to work on /home/airflow/.local/lib/python3.12/site-packages/airflow/example_dags/example_branch_operator.py
[2025-08-19T08:59:22.923+0000] {processor.py:830} INFO - Processing file /home/airflow/.local/lib/python3.12/site-packages/airflow/example_dags/example_branch_operator.py for tasks to queue
[2025-08-19T08:59:22.926+0000] {logging_mixin.py:188} INFO - [2025-08-19T08:59:22.925+0000] {dagbag.py:540} INFO - Filling up the DagBag from /home/airflow/.local/lib/python3.12/site-packages/airflow/example_dags/example_branch_operator.py
[2025-08-19T08:59:22.948+0000] {processor.py:840} INFO - DAG(s) 'example_branch_operator' retrieved from /home/airflow/.local/lib/python3.12/site-packages/airflow/example_dags/example_branch_operator.py
[2025-08-19T08:59:22.986+0000] {logging_mixin.py:188} INFO - [2025-08-19T08:59:22.985+0000] {dag.py:3096} INFO - Sync 1 DAGs
[2025-08-19T08:59:23.014+0000] {logging_mixin.py:188} INFO - [2025-08-19T08:59:23.013+0000] {dag.py:3954} INFO - Setting next_dagrun for example_branch_operator to 2025-08-18 00:00:00+00:00, run_after=2025-08-19 00:00:00+00:00
[2025-08-19T08:59:23.038+0000] {processor.py:183} INFO - Processing /home/airflow/.local/lib/python3.12/site-packages/airflow/example_dags/example_branch_operator.py took 0.127 seconds
[2025-08-19T08:59:53.310+0000] {processor.py:161} INFO - Started process (PID=1255) to work on /home/airflow/.local/lib/python3.12/site-packages/airflow/example_dags/example_branch_operator.py
[2025-08-19T08:59:53.311+0000] {processor.py:830} INFO - Processing file /home/airflow/.local/lib/python3.12/site-packages/airflow/example_dags/example_branch_operator.py for tasks to queue
[2025-08-19T08:59:53.314+0000] {logging_mixin.py:188} INFO - [2025-08-19T08:59:53.313+0000] {dagbag.py:540} INFO - Filling up the DagBag from /home/airflow/.local/lib/python3.12/site-packages/airflow/example_dags/example_branch_operator.py
[2025-08-19T08:59:53.334+0000] {processor.py:840} INFO - DAG(s) 'example_branch_operator' retrieved from /home/airflow/.local/lib/python3.12/site-packages/airflow/example_dags/example_branch_operator.py
[2025-08-19T08:59:53.371+0000] {logging_mixin.py:188} INFO - [2025-08-19T08:59:53.370+0000] {dag.py:3096} INFO - Sync 1 DAGs
[2025-08-19T08:59:53.398+0000] {logging_mixin.py:188} INFO - [2025-08-19T08:59:53.398+0000] {dag.py:3954} INFO - Setting next_dagrun for example_branch_operator to 2025-08-18 00:00:00+00:00, run_after=2025-08-19 00:00:00+00:00
[2025-08-19T08:59:53.421+0000] {processor.py:183} INFO - Processing /home/airflow/.local/lib/python3.12/site-packages/airflow/example_dags/example_branch_operator.py took 0.120 seconds
[2025-08-19T09:00:23.579+0000] {processor.py:161} INFO - Started process (PID=1313) to work on /home/airflow/.local/lib/python3.12/site-packages/airflow/example_dags/example_branch_operator.py
[2025-08-19T09:00:23.580+0000] {processor.py:830} INFO - Processing file /home/airflow/.local/lib/python3.12/site-packages/airflow/example_dags/example_branch_operator.py for tasks to queue
[2025-08-19T09:00:23.582+0000] {logging_mixin.py:188} INFO - [2025-08-19T09:00:23.582+0000] {dagbag.py:540} INFO - Filling up the DagBag from /home/airflow/.local/lib/python3.12/site-packages/airflow/example_dags/example_branch_operator.py
[2025-08-19T09:00:23.602+0000] {processor.py:840} INFO - DAG(s) 'example_branch_operator' retrieved from /home/airflow/.local/lib/python3.12/site-packages/airflow/example_dags/example_branch_operator.py
[2025-08-19T09:00:23.638+0000] {logging_mixin.py:188} INFO - [2025-08-19T09:00:23.637+0000] {dag.py:3096} INFO - Sync 1 DAGs
[2025-08-19T09:00:23.664+0000] {logging_mixin.py:188} INFO - [2025-08-19T09:00:23.664+0000] {dag.py:3954} INFO - Setting next_dagrun for example_branch_operator to 2025-08-18 00:00:00+00:00, run_after=2025-08-19 00:00:00+00:00
[2025-08-19T09:00:23.686+0000] {processor.py:183} INFO - Processing /home/airflow/.local/lib/python3.12/site-packages/airflow/example_dags/example_branch_operator.py took 0.114 seconds
[2025-08-19T09:00:53.973+0000] {processor.py:161} INFO - Started process (PID=1371) to work on /home/airflow/.local/lib/python3.12/site-packages/airflow/example_dags/example_branch_operator.py
[2025-08-19T09:00:53.974+0000] {processor.py:830} INFO - Processing file /home/airflow/.local/lib/python3.12/site-packages/airflow/example_dags/example_branch_operator.py for tasks to queue
[2025-08-19T09:00:53.977+0000] {logging_mixin.py:188} INFO - [2025-08-19T09:00:53.976+0000] {dagbag.py:540} INFO - Filling up the DagBag from /home/airflow/.local/lib/python3.12/site-packages/airflow/example_dags/example_branch_operator.py
[2025-08-19T09:00:53.999+0000] {processor.py:840} INFO - DAG(s) 'example_branch_operator' retrieved from /home/airflow/.local/lib/python3.12/site-packages/airflow/example_dags/example_branch_operator.py
[2025-08-19T09:00:54.036+0000] {logging_mixin.py:188} INFO - [2025-08-19T09:00:54.035+0000] {dag.py:3096} INFO - Sync 1 DAGs
[2025-08-19T09:00:54.062+0000] {logging_mixin.py:188} INFO - [2025-08-19T09:00:54.062+0000] {dag.py:3954} INFO - Setting next_dagrun for example_branch_operator to 2025-08-18 00:00:00+00:00, run_after=2025-08-19 00:00:00+00:00
[2025-08-19T09:00:54.084+0000] {processor.py:183} INFO - Processing /home/airflow/.local/lib/python3.12/site-packages/airflow/example_dags/example_branch_operator.py took 0.120 seconds
[2025-08-19T09:01:24.185+0000] {processor.py:161} INFO - Started process (PID=1429) to work on /home/airflow/.local/lib/python3.12/site-packages/airflow/example_dags/example_branch_operator.py
[2025-08-19T09:01:24.187+0000] {processor.py:830} INFO - Processing file /home/airflow/.local/lib/python3.12/site-packages/airflow/example_dags/example_branch_operator.py for tasks to queue
[2025-08-19T09:01:24.189+0000] {logging_mixin.py:188} INFO - [2025-08-19T09:01:24.189+0000] {dagbag.py:540} INFO - Filling up the DagBag from /home/airflow/.local/lib/python3.12/site-packages/airflow/example_dags/example_branch_operator.py
[2025-08-19T09:01:24.209+0000] {processor.py:840} INFO - DAG(s) 'example_branch_operator' retrieved from /home/airflow/.local/lib/python3.12/site-packages/airflow/example_dags/example_branch_operator.py
[2025-08-19T09:01:24.242+0000] {logging_mixin.py:188} INFO - [2025-08-19T09:01:24.242+0000] {dag.py:3096} INFO - Sync 1 DAGs
[2025-08-19T09:01:24.267+0000] {logging_mixin.py:188} INFO - [2025-08-19T09:01:24.266+0000] {dag.py:3954} INFO - Setting next_dagrun for example_branch_operator to 2025-08-18 00:00:00+00:00, run_after=2025-08-19 00:00:00+00:00
[2025-08-19T09:01:24.285+0000] {processor.py:183} INFO - Processing /home/airflow/.local/lib/python3.12/site-packages/airflow/example_dags/example_branch_operator.py took 0.107 seconds
[2025-08-19T09:01:54.588+0000] {processor.py:161} INFO - Started process (PID=1487) to work on /home/airflow/.local/lib/python3.12/site-packages/airflow/example_dags/example_branch_operator.py
[2025-08-19T09:01:54.589+0000] {processor.py:830} INFO - Processing file /home/airflow/.local/lib/python3.12/site-packages/airflow/example_dags/example_branch_operator.py for tasks to queue
[2025-08-19T09:01:54.592+0000] {logging_mixin.py:188} INFO - [2025-08-19T09:01:54.591+0000] {dagbag.py:540} INFO - Filling up the DagBag from /home/airflow/.local/lib/python3.12/site-packages/airflow/example_dags/example_branch_operator.py
[2025-08-19T09:01:54.613+0000] {processor.py:840} INFO - DAG(s) 'example_branch_operator' retrieved from /home/airflow/.local/lib/python3.12/site-packages/airflow/example_dags/example_branch_operator.py
[2025-08-19T09:01:54.653+0000] {logging_mixin.py:188} INFO - [2025-08-19T09:01:54.653+0000] {dag.py:3096} INFO - Sync 1 DAGs
[2025-08-19T09:01:54.680+0000] {logging_mixin.py:188} INFO - [2025-08-19T09:01:54.680+0000] {dag.py:3954} INFO - Setting next_dagrun for example_branch_operator to 2025-08-18 00:00:00+00:00, run_after=2025-08-19 00:00:00+00:00
[2025-08-19T09:01:54.700+0000] {processor.py:183} INFO - Processing /home/airflow/.local/lib/python3.12/site-packages/airflow/example_dags/example_branch_operator.py took 0.120 seconds
[2025-08-19T09:02:24.924+0000] {processor.py:161} INFO - Started process (PID=1545) to work on /home/airflow/.local/lib/python3.12/site-packages/airflow/example_dags/example_branch_operator.py
[2025-08-19T09:02:24.925+0000] {processor.py:830} INFO - Processing file /home/airflow/.local/lib/python3.12/site-packages/airflow/example_dags/example_branch_operator.py for tasks to queue
[2025-08-19T09:02:24.927+0000] {logging_mixin.py:188} INFO - [2025-08-19T09:02:24.927+0000] {dagbag.py:540} INFO - Filling up the DagBag from /home/airflow/.local/lib/python3.12/site-packages/airflow/example_dags/example_branch_operator.py
[2025-08-19T09:02:24.947+0000] {processor.py:840} INFO - DAG(s) 'example_branch_operator' retrieved from /home/airflow/.local/lib/python3.12/site-packages/airflow/example_dags/example_branch_operator.py
[2025-08-19T09:02:24.981+0000] {logging_mixin.py:188} INFO - [2025-08-19T09:02:24.980+0000] {dag.py:3096} INFO - Sync 1 DAGs
[2025-08-19T09:02:25.005+0000] {logging_mixin.py:188} INFO - [2025-08-19T09:02:25.005+0000] {dag.py:3954} INFO - Setting next_dagrun for example_branch_operator to 2025-08-18 00:00:00+00:00, run_after=2025-08-19 00:00:00+00:00
[2025-08-19T09:02:25.026+0000] {processor.py:183} INFO - Processing /home/airflow/.local/lib/python3.12/site-packages/airflow/example_dags/example_branch_operator.py took 0.110 seconds
[2025-08-19T09:02:55.170+0000] {processor.py:161} INFO - Started process (PID=1603) to work on /home/airflow/.local/lib/python3.12/site-packages/airflow/example_dags/example_branch_operator.py
[2025-08-19T09:02:55.171+0000] {processor.py:830} INFO - Processing file /home/airflow/.local/lib/python3.12/site-packages/airflow/example_dags/example_branch_operator.py for tasks to queue
[2025-08-19T09:02:55.174+0000] {logging_mixin.py:188} INFO - [2025-08-19T09:02:55.173+0000] {dagbag.py:540} INFO - Filling up the DagBag from /home/airflow/.local/lib/python3.12/site-packages/airflow/example_dags/example_branch_operator.py
[2025-08-19T09:02:55.193+0000] {processor.py:840} INFO - DAG(s) 'example_branch_operator' retrieved from /home/airflow/.local/lib/python3.12/site-packages/airflow/example_dags/example_branch_operator.py
[2025-08-19T09:02:55.227+0000] {logging_mixin.py:188} INFO - [2025-08-19T09:02:55.227+0000] {dag.py:3096} INFO - Sync 1 DAGs
[2025-08-19T09:02:55.252+0000] {logging_mixin.py:188} INFO - [2025-08-19T09:02:55.252+0000] {dag.py:3954} INFO - Setting next_dagrun for example_branch_operator to 2025-08-18 00:00:00+00:00, run_after=2025-08-19 00:00:00+00:00
[2025-08-19T09:02:55.270+0000] {processor.py:183} INFO - Processing /home/airflow/.local/lib/python3.12/site-packages/airflow/example_dags/example_branch_operator.py took 0.108 seconds
[2025-08-19T09:03:25.476+0000] {processor.py:161} INFO - Started process (PID=1661) to work on /home/airflow/.local/lib/python3.12/site-packages/airflow/example_dags/example_branch_operator.py
[2025-08-19T09:03:25.477+0000] {processor.py:830} INFO - Processing file /home/airflow/.local/lib/python3.12/site-packages/airflow/example_dags/example_branch_operator.py for tasks to queue
[2025-08-19T09:03:25.479+0000] {logging_mixin.py:188} INFO - [2025-08-19T09:03:25.479+0000] {dagbag.py:540} INFO - Filling up the DagBag from /home/airflow/.local/lib/python3.12/site-packages/airflow/example_dags/example_branch_operator.py
[2025-08-19T09:03:25.499+0000] {processor.py:840} INFO - DAG(s) 'example_branch_operator' retrieved from /home/airflow/.local/lib/python3.12/site-packages/airflow/example_dags/example_branch_operator.py
[2025-08-19T09:03:25.534+0000] {logging_mixin.py:188} INFO - [2025-08-19T09:03:25.533+0000] {dag.py:3096} INFO - Sync 1 DAGs
[2025-08-19T09:03:25.558+0000] {logging_mixin.py:188} INFO - [2025-08-19T09:03:25.557+0000] {dag.py:3954} INFO - Setting next_dagrun for example_branch_operator to 2025-08-18 00:00:00+00:00, run_after=2025-08-19 00:00:00+00:00
[2025-08-19T09:03:25.579+0000] {processor.py:183} INFO - Processing /home/airflow/.local/lib/python3.12/site-packages/airflow/example_dags/example_branch_operator.py took 0.111 seconds
[2025-08-19T09:03:55.731+0000] {processor.py:161} INFO - Started process (PID=1719) to work on /home/airflow/.local/lib/python3.12/site-packages/airflow/example_dags/example_branch_operator.py
[2025-08-19T09:03:55.732+0000] {processor.py:830} INFO - Processing file /home/airflow/.local/lib/python3.12/site-packages/airflow/example_dags/example_branch_operator.py for tasks to queue
[2025-08-19T09:03:55.735+0000] {logging_mixin.py:188} INFO - [2025-08-19T09:03:55.734+0000] {dagbag.py:540} INFO - Filling up the DagBag from /home/airflow/.local/lib/python3.12/site-packages/airflow/example_dags/example_branch_operator.py
[2025-08-19T09:03:55.756+0000] {processor.py:840} INFO - DAG(s) 'example_branch_operator' retrieved from /home/airflow/.local/lib/python3.12/site-packages/airflow/example_dags/example_branch_operator.py
[2025-08-19T09:03:55.795+0000] {logging_mixin.py:188} INFO - [2025-08-19T09:03:55.795+0000] {dag.py:3096} INFO - Sync 1 DAGs
[2025-08-19T09:03:55.822+0000] {logging_mixin.py:188} INFO - [2025-08-19T09:03:55.822+0000] {dag.py:3954} INFO - Setting next_dagrun for example_branch_operator to 2025-08-18 00:00:00+00:00, run_after=2025-08-19 00:00:00+00:00
[2025-08-19T09:03:55.846+0000] {processor.py:183} INFO - Processing /home/airflow/.local/lib/python3.12/site-packages/airflow/example_dags/example_branch_operator.py took 0.123 seconds
[2025-08-19T09:04:26.101+0000] {processor.py:161} INFO - Started process (PID=1777) to work on /home/airflow/.local/lib/python3.12/site-packages/airflow/example_dags/example_branch_operator.py
[2025-08-19T09:04:26.102+0000] {processor.py:830} INFO - Processing file /home/airflow/.local/lib/python3.12/site-packages/airflow/example_dags/example_branch_operator.py for tasks to queue
[2025-08-19T09:04:26.105+0000] {logging_mixin.py:188} INFO - [2025-08-19T09:04:26.104+0000] {dagbag.py:540} INFO - Filling up the DagBag from /home/airflow/.local/lib/python3.12/site-packages/airflow/example_dags/example_branch_operator.py
[2025-08-19T09:04:26.125+0000] {processor.py:840} INFO - DAG(s) 'example_branch_operator' retrieved from /home/airflow/.local/lib/python3.12/site-packages/airflow/example_dags/example_branch_operator.py
[2025-08-19T09:04:26.163+0000] {logging_mixin.py:188} INFO - [2025-08-19T09:04:26.163+0000] {dag.py:3096} INFO - Sync 1 DAGs
[2025-08-19T09:04:26.189+0000] {logging_mixin.py:188} INFO - [2025-08-19T09:04:26.189+0000] {dag.py:3954} INFO - Setting next_dagrun for example_branch_operator to 2025-08-18 00:00:00+00:00, run_after=2025-08-19 00:00:00+00:00
[2025-08-19T09:04:26.209+0000] {processor.py:183} INFO - Processing /home/airflow/.local/lib/python3.12/site-packages/airflow/example_dags/example_branch_operator.py took 0.115 seconds
[2025-08-19T09:04:56.372+0000] {processor.py:161} INFO - Started process (PID=1836) to work on /home/airflow/.local/lib/python3.12/site-packages/airflow/example_dags/example_branch_operator.py
[2025-08-19T09:04:56.373+0000] {processor.py:830} INFO - Processing file /home/airflow/.local/lib/python3.12/site-packages/airflow/example_dags/example_branch_operator.py for tasks to queue
[2025-08-19T09:04:56.376+0000] {logging_mixin.py:188} INFO - [2025-08-19T09:04:56.376+0000] {dagbag.py:540} INFO - Filling up the DagBag from /home/airflow/.local/lib/python3.12/site-packages/airflow/example_dags/example_branch_operator.py
[2025-08-19T09:04:56.398+0000] {processor.py:840} INFO - DAG(s) 'example_branch_operator' retrieved from /home/airflow/.local/lib/python3.12/site-packages/airflow/example_dags/example_branch_operator.py
[2025-08-19T09:04:56.431+0000] {logging_mixin.py:188} INFO - [2025-08-19T09:04:56.431+0000] {dag.py:3096} INFO - Sync 1 DAGs
[2025-08-19T09:04:56.456+0000] {logging_mixin.py:188} INFO - [2025-08-19T09:04:56.456+0000] {dag.py:3954} INFO - Setting next_dagrun for example_branch_operator to 2025-08-18 00:00:00+00:00, run_after=2025-08-19 00:00:00+00:00
[2025-08-19T09:04:56.477+0000] {processor.py:183} INFO - Processing /home/airflow/.local/lib/python3.12/site-packages/airflow/example_dags/example_branch_operator.py took 0.113 seconds
[2025-08-19T09:05:26.599+0000] {processor.py:161} INFO - Started process (PID=1895) to work on /home/airflow/.local/lib/python3.12/site-packages/airflow/example_dags/example_branch_operator.py
[2025-08-19T09:05:26.600+0000] {processor.py:830} INFO - Processing file /home/airflow/.local/lib/python3.12/site-packages/airflow/example_dags/example_branch_operator.py for tasks to queue
[2025-08-19T09:05:26.602+0000] {logging_mixin.py:188} INFO - [2025-08-19T09:05:26.602+0000] {dagbag.py:540} INFO - Filling up the DagBag from /home/airflow/.local/lib/python3.12/site-packages/airflow/example_dags/example_branch_operator.py
[2025-08-19T09:05:26.624+0000] {processor.py:840} INFO - DAG(s) 'example_branch_operator' retrieved from /home/airflow/.local/lib/python3.12/site-packages/airflow/example_dags/example_branch_operator.py
[2025-08-19T09:05:26.661+0000] {logging_mixin.py:188} INFO - [2025-08-19T09:05:26.660+0000] {dag.py:3096} INFO - Sync 1 DAGs
[2025-08-19T09:05:26.686+0000] {logging_mixin.py:188} INFO - [2025-08-19T09:05:26.686+0000] {dag.py:3954} INFO - Setting next_dagrun for example_branch_operator to 2025-08-18 00:00:00+00:00, run_after=2025-08-19 00:00:00+00:00
[2025-08-19T09:05:26.708+0000] {processor.py:183} INFO - Processing /home/airflow/.local/lib/python3.12/site-packages/airflow/example_dags/example_branch_operator.py took 0.117 seconds
[2025-08-19T09:05:56.892+0000] {processor.py:161} INFO - Started process (PID=1953) to work on /home/airflow/.local/lib/python3.12/site-packages/airflow/example_dags/example_branch_operator.py
[2025-08-19T09:05:56.893+0000] {processor.py:830} INFO - Processing file /home/airflow/.local/lib/python3.12/site-packages/airflow/example_dags/example_branch_operator.py for tasks to queue
[2025-08-19T09:05:56.896+0000] {logging_mixin.py:188} INFO - [2025-08-19T09:05:56.895+0000] {dagbag.py:540} INFO - Filling up the DagBag from /home/airflow/.local/lib/python3.12/site-packages/airflow/example_dags/example_branch_operator.py
[2025-08-19T09:05:56.916+0000] {processor.py:840} INFO - DAG(s) 'example_branch_operator' retrieved from /home/airflow/.local/lib/python3.12/site-packages/airflow/example_dags/example_branch_operator.py
[2025-08-19T09:05:56.952+0000] {logging_mixin.py:188} INFO - [2025-08-19T09:05:56.952+0000] {dag.py:3096} INFO - Sync 1 DAGs
[2025-08-19T09:05:56.977+0000] {logging_mixin.py:188} INFO - [2025-08-19T09:05:56.977+0000] {dag.py:3954} INFO - Setting next_dagrun for example_branch_operator to 2025-08-18 00:00:00+00:00, run_after=2025-08-19 00:00:00+00:00
[2025-08-19T09:05:56.999+0000] {processor.py:183} INFO - Processing /home/airflow/.local/lib/python3.12/site-packages/airflow/example_dags/example_branch_operator.py took 0.115 seconds
[2025-08-19T09:06:27.286+0000] {processor.py:161} INFO - Started process (PID=2011) to work on /home/airflow/.local/lib/python3.12/site-packages/airflow/example_dags/example_branch_operator.py
[2025-08-19T09:06:27.287+0000] {processor.py:830} INFO - Processing file /home/airflow/.local/lib/python3.12/site-packages/airflow/example_dags/example_branch_operator.py for tasks to queue
[2025-08-19T09:06:27.290+0000] {logging_mixin.py:188} INFO - [2025-08-19T09:06:27.289+0000] {dagbag.py:540} INFO - Filling up the DagBag from /home/airflow/.local/lib/python3.12/site-packages/airflow/example_dags/example_branch_operator.py
[2025-08-19T09:06:27.309+0000] {processor.py:840} INFO - DAG(s) 'example_branch_operator' retrieved from /home/airflow/.local/lib/python3.12/site-packages/airflow/example_dags/example_branch_operator.py
[2025-08-19T09:06:27.345+0000] {logging_mixin.py:188} INFO - [2025-08-19T09:06:27.344+0000] {dag.py:3096} INFO - Sync 1 DAGs
[2025-08-19T09:06:27.369+0000] {logging_mixin.py:188} INFO - [2025-08-19T09:06:27.369+0000] {dag.py:3954} INFO - Setting next_dagrun for example_branch_operator to 2025-08-18 00:00:00+00:00, run_after=2025-08-19 00:00:00+00:00
[2025-08-19T09:06:27.389+0000] {processor.py:183} INFO - Processing /home/airflow/.local/lib/python3.12/site-packages/airflow/example_dags/example_branch_operator.py took 0.111 seconds
[2025-08-19T09:06:57.492+0000] {processor.py:161} INFO - Started process (PID=2070) to work on /home/airflow/.local/lib/python3.12/site-packages/airflow/example_dags/example_branch_operator.py
[2025-08-19T09:06:57.493+0000] {processor.py:830} INFO - Processing file /home/airflow/.local/lib/python3.12/site-packages/airflow/example_dags/example_branch_operator.py for tasks to queue
[2025-08-19T09:06:57.496+0000] {logging_mixin.py:188} INFO - [2025-08-19T09:06:57.495+0000] {dagbag.py:540} INFO - Filling up the DagBag from /home/airflow/.local/lib/python3.12/site-packages/airflow/example_dags/example_branch_operator.py
[2025-08-19T09:06:57.516+0000] {processor.py:840} INFO - DAG(s) 'example_branch_operator' retrieved from /home/airflow/.local/lib/python3.12/site-packages/airflow/example_dags/example_branch_operator.py
[2025-08-19T09:06:57.551+0000] {logging_mixin.py:188} INFO - [2025-08-19T09:06:57.551+0000] {dag.py:3096} INFO - Sync 1 DAGs
[2025-08-19T09:06:57.577+0000] {logging_mixin.py:188} INFO - [2025-08-19T09:06:57.577+0000] {dag.py:3954} INFO - Setting next_dagrun for example_branch_operator to 2025-08-18 00:00:00+00:00, run_after=2025-08-19 00:00:00+00:00
[2025-08-19T09:06:57.596+0000] {processor.py:183} INFO - Processing /home/airflow/.local/lib/python3.12/site-packages/airflow/example_dags/example_branch_operator.py took 0.112 seconds
[2025-08-19T09:07:27.829+0000] {processor.py:161} INFO - Started process (PID=2128) to work on /home/airflow/.local/lib/python3.12/site-packages/airflow/example_dags/example_branch_operator.py
[2025-08-19T09:07:27.830+0000] {processor.py:830} INFO - Processing file /home/airflow/.local/lib/python3.12/site-packages/airflow/example_dags/example_branch_operator.py for tasks to queue
[2025-08-19T09:07:27.833+0000] {logging_mixin.py:188} INFO - [2025-08-19T09:07:27.832+0000] {dagbag.py:540} INFO - Filling up the DagBag from /home/airflow/.local/lib/python3.12/site-packages/airflow/example_dags/example_branch_operator.py
[2025-08-19T09:07:27.853+0000] {processor.py:840} INFO - DAG(s) 'example_branch_operator' retrieved from /home/airflow/.local/lib/python3.12/site-packages/airflow/example_dags/example_branch_operator.py
[2025-08-19T09:07:27.890+0000] {logging_mixin.py:188} INFO - [2025-08-19T09:07:27.889+0000] {dag.py:3096} INFO - Sync 1 DAGs
[2025-08-19T09:07:27.916+0000] {logging_mixin.py:188} INFO - [2025-08-19T09:07:27.916+0000] {dag.py:3954} INFO - Setting next_dagrun for example_branch_operator to 2025-08-18 00:00:00+00:00, run_after=2025-08-19 00:00:00+00:00
[2025-08-19T09:07:27.938+0000] {processor.py:183} INFO - Processing /home/airflow/.local/lib/python3.12/site-packages/airflow/example_dags/example_branch_operator.py took 0.118 seconds
[2025-08-19T09:07:58.223+0000] {processor.py:161} INFO - Started process (PID=2186) to work on /home/airflow/.local/lib/python3.12/site-packages/airflow/example_dags/example_branch_operator.py
[2025-08-19T09:07:58.224+0000] {processor.py:830} INFO - Processing file /home/airflow/.local/lib/python3.12/site-packages/airflow/example_dags/example_branch_operator.py for tasks to queue
[2025-08-19T09:07:58.226+0000] {logging_mixin.py:188} INFO - [2025-08-19T09:07:58.226+0000] {dagbag.py:540} INFO - Filling up the DagBag from /home/airflow/.local/lib/python3.12/site-packages/airflow/example_dags/example_branch_operator.py
[2025-08-19T09:07:58.246+0000] {processor.py:840} INFO - DAG(s) 'example_branch_operator' retrieved from /home/airflow/.local/lib/python3.12/site-packages/airflow/example_dags/example_branch_operator.py
[2025-08-19T09:07:58.280+0000] {logging_mixin.py:188} INFO - [2025-08-19T09:07:58.280+0000] {dag.py:3096} INFO - Sync 1 DAGs
[2025-08-19T09:07:58.304+0000] {logging_mixin.py:188} INFO - [2025-08-19T09:07:58.304+0000] {dag.py:3954} INFO - Setting next_dagrun for example_branch_operator to 2025-08-18 00:00:00+00:00, run_after=2025-08-19 00:00:00+00:00
[2025-08-19T09:07:58.325+0000] {processor.py:183} INFO - Processing /home/airflow/.local/lib/python3.12/site-packages/airflow/example_dags/example_branch_operator.py took 0.110 seconds
[2025-08-19T09:08:28.987+0000] {processor.py:161} INFO - Started process (PID=2244) to work on /home/airflow/.local/lib/python3.12/site-packages/airflow/example_dags/example_branch_operator.py
[2025-08-19T09:08:28.988+0000] {processor.py:830} INFO - Processing file /home/airflow/.local/lib/python3.12/site-packages/airflow/example_dags/example_branch_operator.py for tasks to queue
[2025-08-19T09:08:28.990+0000] {logging_mixin.py:188} INFO - [2025-08-19T09:08:28.990+0000] {dagbag.py:540} INFO - Filling up the DagBag from /home/airflow/.local/lib/python3.12/site-packages/airflow/example_dags/example_branch_operator.py
[2025-08-19T09:08:29.014+0000] {processor.py:840} INFO - DAG(s) 'example_branch_operator' retrieved from /home/airflow/.local/lib/python3.12/site-packages/airflow/example_dags/example_branch_operator.py
[2025-08-19T09:08:29.050+0000] {logging_mixin.py:188} INFO - [2025-08-19T09:08:29.049+0000] {dag.py:3096} INFO - Sync 1 DAGs
[2025-08-19T09:08:29.077+0000] {logging_mixin.py:188} INFO - [2025-08-19T09:08:29.076+0000] {dag.py:3954} INFO - Setting next_dagrun for example_branch_operator to 2025-08-18 00:00:00+00:00, run_after=2025-08-19 00:00:00+00:00
[2025-08-19T09:08:29.101+0000] {processor.py:183} INFO - Processing /home/airflow/.local/lib/python3.12/site-packages/airflow/example_dags/example_branch_operator.py took 0.122 seconds
[2025-08-19T09:08:59.326+0000] {processor.py:161} INFO - Started process (PID=2302) to work on /home/airflow/.local/lib/python3.12/site-packages/airflow/example_dags/example_branch_operator.py
[2025-08-19T09:08:59.327+0000] {processor.py:830} INFO - Processing file /home/airflow/.local/lib/python3.12/site-packages/airflow/example_dags/example_branch_operator.py for tasks to queue
[2025-08-19T09:08:59.330+0000] {logging_mixin.py:188} INFO - [2025-08-19T09:08:59.330+0000] {dagbag.py:540} INFO - Filling up the DagBag from /home/airflow/.local/lib/python3.12/site-packages/airflow/example_dags/example_branch_operator.py
[2025-08-19T09:08:59.351+0000] {processor.py:840} INFO - DAG(s) 'example_branch_operator' retrieved from /home/airflow/.local/lib/python3.12/site-packages/airflow/example_dags/example_branch_operator.py
[2025-08-19T09:08:59.386+0000] {logging_mixin.py:188} INFO - [2025-08-19T09:08:59.386+0000] {dag.py:3096} INFO - Sync 1 DAGs
[2025-08-19T09:08:59.411+0000] {logging_mixin.py:188} INFO - [2025-08-19T09:08:59.410+0000] {dag.py:3954} INFO - Setting next_dagrun for example_branch_operator to 2025-08-18 00:00:00+00:00, run_after=2025-08-19 00:00:00+00:00
[2025-08-19T09:08:59.430+0000] {processor.py:183} INFO - Processing /home/airflow/.local/lib/python3.12/site-packages/airflow/example_dags/example_branch_operator.py took 0.111 seconds
[2025-08-19T09:09:29.947+0000] {processor.py:161} INFO - Started process (PID=2360) to work on /home/airflow/.local/lib/python3.12/site-packages/airflow/example_dags/example_branch_operator.py
[2025-08-19T09:09:29.948+0000] {processor.py:830} INFO - Processing file /home/airflow/.local/lib/python3.12/site-packages/airflow/example_dags/example_branch_operator.py for tasks to queue
[2025-08-19T09:09:29.951+0000] {logging_mixin.py:188} INFO - [2025-08-19T09:09:29.950+0000] {dagbag.py:540} INFO - Filling up the DagBag from /home/airflow/.local/lib/python3.12/site-packages/airflow/example_dags/example_branch_operator.py
[2025-08-19T09:09:29.970+0000] {processor.py:840} INFO - DAG(s) 'example_branch_operator' retrieved from /home/airflow/.local/lib/python3.12/site-packages/airflow/example_dags/example_branch_operator.py
[2025-08-19T09:09:30.003+0000] {logging_mixin.py:188} INFO - [2025-08-19T09:09:30.003+0000] {dag.py:3096} INFO - Sync 1 DAGs
[2025-08-19T09:09:30.028+0000] {logging_mixin.py:188} INFO - [2025-08-19T09:09:30.028+0000] {dag.py:3954} INFO - Setting next_dagrun for example_branch_operator to 2025-08-18 00:00:00+00:00, run_after=2025-08-19 00:00:00+00:00
[2025-08-19T09:09:30.047+0000] {processor.py:183} INFO - Processing /home/airflow/.local/lib/python3.12/site-packages/airflow/example_dags/example_branch_operator.py took 0.107 seconds
[2025-08-19T09:10:00.521+0000] {processor.py:161} INFO - Started process (PID=2418) to work on /home/airflow/.local/lib/python3.12/site-packages/airflow/example_dags/example_branch_operator.py
[2025-08-19T09:10:00.522+0000] {processor.py:830} INFO - Processing file /home/airflow/.local/lib/python3.12/site-packages/airflow/example_dags/example_branch_operator.py for tasks to queue
[2025-08-19T09:10:00.525+0000] {logging_mixin.py:188} INFO - [2025-08-19T09:10:00.525+0000] {dagbag.py:540} INFO - Filling up the DagBag from /home/airflow/.local/lib/python3.12/site-packages/airflow/example_dags/example_branch_operator.py
[2025-08-19T09:10:00.546+0000] {processor.py:840} INFO - DAG(s) 'example_branch_operator' retrieved from /home/airflow/.local/lib/python3.12/site-packages/airflow/example_dags/example_branch_operator.py
[2025-08-19T09:10:00.580+0000] {logging_mixin.py:188} INFO - [2025-08-19T09:10:00.580+0000] {dag.py:3096} INFO - Sync 1 DAGs
[2025-08-19T09:10:00.605+0000] {logging_mixin.py:188} INFO - [2025-08-19T09:10:00.605+0000] {dag.py:3954} INFO - Setting next_dagrun for example_branch_operator to 2025-08-18 00:00:00+00:00, run_after=2025-08-19 00:00:00+00:00
[2025-08-19T09:10:00.625+0000] {processor.py:183} INFO - Processing /home/airflow/.local/lib/python3.12/site-packages/airflow/example_dags/example_branch_operator.py took 0.111 seconds
[2025-08-19T09:10:31.016+0000] {processor.py:161} INFO - Started process (PID=2476) to work on /home/airflow/.local/lib/python3.12/site-packages/airflow/example_dags/example_branch_operator.py
[2025-08-19T09:10:31.017+0000] {processor.py:830} INFO - Processing file /home/airflow/.local/lib/python3.12/site-packages/airflow/example_dags/example_branch_operator.py for tasks to queue
[2025-08-19T09:10:31.020+0000] {logging_mixin.py:188} INFO - [2025-08-19T09:10:31.020+0000] {dagbag.py:540} INFO - Filling up the DagBag from /home/airflow/.local/lib/python3.12/site-packages/airflow/example_dags/example_branch_operator.py
[2025-08-19T09:10:31.042+0000] {processor.py:840} INFO - DAG(s) 'example_branch_operator' retrieved from /home/airflow/.local/lib/python3.12/site-packages/airflow/example_dags/example_branch_operator.py
[2025-08-19T09:10:31.085+0000] {logging_mixin.py:188} INFO - [2025-08-19T09:10:31.085+0000] {dag.py:3096} INFO - Sync 1 DAGs
[2025-08-19T09:10:31.113+0000] {logging_mixin.py:188} INFO - [2025-08-19T09:10:31.113+0000] {dag.py:3954} INFO - Setting next_dagrun for example_branch_operator to 2025-08-18 00:00:00+00:00, run_after=2025-08-19 00:00:00+00:00
[2025-08-19T09:10:31.134+0000] {processor.py:183} INFO - Processing /home/airflow/.local/lib/python3.12/site-packages/airflow/example_dags/example_branch_operator.py took 0.128 seconds
[2025-08-19T09:11:01.792+0000] {processor.py:161} INFO - Started process (PID=2534) to work on /home/airflow/.local/lib/python3.12/site-packages/airflow/example_dags/example_branch_operator.py
[2025-08-19T09:11:01.793+0000] {processor.py:830} INFO - Processing file /home/airflow/.local/lib/python3.12/site-packages/airflow/example_dags/example_branch_operator.py for tasks to queue
[2025-08-19T09:11:01.796+0000] {logging_mixin.py:188} INFO - [2025-08-19T09:11:01.796+0000] {dagbag.py:540} INFO - Filling up the DagBag from /home/airflow/.local/lib/python3.12/site-packages/airflow/example_dags/example_branch_operator.py
[2025-08-19T09:11:01.819+0000] {processor.py:840} INFO - DAG(s) 'example_branch_operator' retrieved from /home/airflow/.local/lib/python3.12/site-packages/airflow/example_dags/example_branch_operator.py
[2025-08-19T09:11:01.854+0000] {logging_mixin.py:188} INFO - [2025-08-19T09:11:01.854+0000] {dag.py:3096} INFO - Sync 1 DAGs
[2025-08-19T09:11:01.882+0000] {logging_mixin.py:188} INFO - [2025-08-19T09:11:01.882+0000] {dag.py:3954} INFO - Setting next_dagrun for example_branch_operator to 2025-08-18 00:00:00+00:00, run_after=2025-08-19 00:00:00+00:00
[2025-08-19T09:11:01.908+0000] {processor.py:183} INFO - Processing /home/airflow/.local/lib/python3.12/site-packages/airflow/example_dags/example_branch_operator.py took 0.123 seconds
