[2025-08-19T08:49:41.685+0000] {processor.py:161} INFO - Started process (PID=77) to work on /home/airflow/.local/lib/python3.12/site-packages/airflow/example_dags/example_xcomargs.py
[2025-08-19T08:49:41.687+0000] {processor.py:830} INFO - Processing file /home/airflow/.local/lib/python3.12/site-packages/airflow/example_dags/example_xcomargs.py for tasks to queue
[2025-08-19T08:49:41.691+0000] {logging_mixin.py:188} INFO - [2025-08-19T08:49:41.691+0000] {dagbag.py:540} INFO - Filling up the DagBag from /home/airflow/.local/lib/python3.12/site-packages/airflow/example_dags/example_xcomargs.py
[2025-08-19T08:49:41.706+0000] {processor.py:840} INFO - DAG(s) 'example_xcom_args', 'example_xcom_args_with_operators' retrieved from /home/airflow/.local/lib/python3.12/site-packages/airflow/example_dags/example_xcomargs.py
[2025-08-19T08:49:41.870+0000] {logging_mixin.py:188} INFO - [2025-08-19T08:49:41.869+0000] {dag.py:3096} INFO - Sync 2 DAGs
[2025-08-19T08:49:41.883+0000] {logging_mixin.py:188} INFO - [2025-08-19T08:49:41.883+0000] {dag.py:3954} INFO - Setting next_dagrun for example_xcom_args to None, run_after=None
[2025-08-19T08:49:41.888+0000] {logging_mixin.py:188} INFO - [2025-08-19T08:49:41.888+0000] {dag.py:3954} INFO - Setting next_dagrun for example_xcom_args_with_operators to None, run_after=None
[2025-08-19T08:49:41.911+0000] {processor.py:183} INFO - Processing /home/airflow/.local/lib/python3.12/site-packages/airflow/example_dags/example_xcomargs.py took 0.237 seconds
[2025-08-19T08:50:12.247+0000] {processor.py:161} INFO - Started process (PID=135) to work on /home/airflow/.local/lib/python3.12/site-packages/airflow/example_dags/example_xcomargs.py
[2025-08-19T08:50:12.248+0000] {processor.py:830} INFO - Processing file /home/airflow/.local/lib/python3.12/site-packages/airflow/example_dags/example_xcomargs.py for tasks to queue
[2025-08-19T08:50:12.251+0000] {logging_mixin.py:188} INFO - [2025-08-19T08:50:12.250+0000] {dagbag.py:540} INFO - Filling up the DagBag from /home/airflow/.local/lib/python3.12/site-packages/airflow/example_dags/example_xcomargs.py
[2025-08-19T08:50:12.261+0000] {processor.py:840} INFO - DAG(s) 'example_xcom_args', 'example_xcom_args_with_operators' retrieved from /home/airflow/.local/lib/python3.12/site-packages/airflow/example_dags/example_xcomargs.py
[2025-08-19T08:50:12.291+0000] {logging_mixin.py:188} INFO - [2025-08-19T08:50:12.291+0000] {dag.py:3096} INFO - Sync 2 DAGs
[2025-08-19T08:50:12.308+0000] {logging_mixin.py:188} INFO - [2025-08-19T08:50:12.307+0000] {dag.py:3954} INFO - Setting next_dagrun for example_xcom_args to None, run_after=None
[2025-08-19T08:50:12.312+0000] {logging_mixin.py:188} INFO - [2025-08-19T08:50:12.312+0000] {dag.py:3954} INFO - Setting next_dagrun for example_xcom_args_with_operators to None, run_after=None
[2025-08-19T08:50:12.331+0000] {processor.py:183} INFO - Processing /home/airflow/.local/lib/python3.12/site-packages/airflow/example_dags/example_xcomargs.py took 0.092 seconds
[2025-08-19T08:50:42.578+0000] {processor.py:161} INFO - Started process (PID=192) to work on /home/airflow/.local/lib/python3.12/site-packages/airflow/example_dags/example_xcomargs.py
[2025-08-19T08:50:42.579+0000] {processor.py:830} INFO - Processing file /home/airflow/.local/lib/python3.12/site-packages/airflow/example_dags/example_xcomargs.py for tasks to queue
[2025-08-19T08:50:42.582+0000] {logging_mixin.py:188} INFO - [2025-08-19T08:50:42.581+0000] {dagbag.py:540} INFO - Filling up the DagBag from /home/airflow/.local/lib/python3.12/site-packages/airflow/example_dags/example_xcomargs.py
[2025-08-19T08:50:42.592+0000] {processor.py:840} INFO - DAG(s) 'example_xcom_args', 'example_xcom_args_with_operators' retrieved from /home/airflow/.local/lib/python3.12/site-packages/airflow/example_dags/example_xcomargs.py
[2025-08-19T08:50:42.608+0000] {logging_mixin.py:188} INFO - [2025-08-19T08:50:42.608+0000] {dag.py:3096} INFO - Sync 2 DAGs
[2025-08-19T08:50:42.625+0000] {logging_mixin.py:188} INFO - [2025-08-19T08:50:42.624+0000] {dag.py:3954} INFO - Setting next_dagrun for example_xcom_args to None, run_after=None
[2025-08-19T08:50:42.629+0000] {logging_mixin.py:188} INFO - [2025-08-19T08:50:42.629+0000] {dag.py:3954} INFO - Setting next_dagrun for example_xcom_args_with_operators to None, run_after=None
[2025-08-19T08:50:42.647+0000] {processor.py:183} INFO - Processing /home/airflow/.local/lib/python3.12/site-packages/airflow/example_dags/example_xcomargs.py took 0.076 seconds
[2025-08-19T08:51:13.888+0000] {processor.py:161} INFO - Started process (PID=257) to work on /home/airflow/.local/lib/python3.12/site-packages/airflow/example_dags/example_xcomargs.py
[2025-08-19T08:51:13.890+0000] {processor.py:830} INFO - Processing file /home/airflow/.local/lib/python3.12/site-packages/airflow/example_dags/example_xcomargs.py for tasks to queue
[2025-08-19T08:51:13.893+0000] {logging_mixin.py:188} INFO - [2025-08-19T08:51:13.892+0000] {dagbag.py:540} INFO - Filling up the DagBag from /home/airflow/.local/lib/python3.12/site-packages/airflow/example_dags/example_xcomargs.py
[2025-08-19T08:51:13.905+0000] {processor.py:840} INFO - DAG(s) 'example_xcom_args_with_operators', 'example_xcom_args' retrieved from /home/airflow/.local/lib/python3.12/site-packages/airflow/example_dags/example_xcomargs.py
[2025-08-19T08:51:14.072+0000] {logging_mixin.py:188} INFO - [2025-08-19T08:51:14.072+0000] {dag.py:3096} INFO - Sync 2 DAGs
[2025-08-19T08:51:14.085+0000] {logging_mixin.py:188} INFO - [2025-08-19T08:51:14.084+0000] {dag.py:3954} INFO - Setting next_dagrun for example_xcom_args to None, run_after=None
[2025-08-19T08:51:14.088+0000] {logging_mixin.py:188} INFO - [2025-08-19T08:51:14.088+0000] {dag.py:3954} INFO - Setting next_dagrun for example_xcom_args_with_operators to None, run_after=None
[2025-08-19T08:51:14.109+0000] {processor.py:183} INFO - Processing /home/airflow/.local/lib/python3.12/site-packages/airflow/example_dags/example_xcomargs.py took 0.228 seconds
[2025-08-19T08:51:44.454+0000] {processor.py:161} INFO - Started process (PID=315) to work on /home/airflow/.local/lib/python3.12/site-packages/airflow/example_dags/example_xcomargs.py
[2025-08-19T08:51:44.455+0000] {processor.py:830} INFO - Processing file /home/airflow/.local/lib/python3.12/site-packages/airflow/example_dags/example_xcomargs.py for tasks to queue
[2025-08-19T08:51:44.458+0000] {logging_mixin.py:188} INFO - [2025-08-19T08:51:44.457+0000] {dagbag.py:540} INFO - Filling up the DagBag from /home/airflow/.local/lib/python3.12/site-packages/airflow/example_dags/example_xcomargs.py
[2025-08-19T08:51:44.472+0000] {processor.py:840} INFO - DAG(s) 'example_xcom_args_with_operators', 'example_xcom_args' retrieved from /home/airflow/.local/lib/python3.12/site-packages/airflow/example_dags/example_xcomargs.py
[2025-08-19T08:51:44.501+0000] {logging_mixin.py:188} INFO - [2025-08-19T08:51:44.501+0000] {dag.py:3096} INFO - Sync 2 DAGs
[2025-08-19T08:51:44.517+0000] {logging_mixin.py:188} INFO - [2025-08-19T08:51:44.517+0000] {dag.py:3954} INFO - Setting next_dagrun for example_xcom_args to None, run_after=None
[2025-08-19T08:51:44.521+0000] {logging_mixin.py:188} INFO - [2025-08-19T08:51:44.521+0000] {dag.py:3954} INFO - Setting next_dagrun for example_xcom_args_with_operators to None, run_after=None
[2025-08-19T08:51:44.540+0000] {processor.py:183} INFO - Processing /home/airflow/.local/lib/python3.12/site-packages/airflow/example_dags/example_xcomargs.py took 0.094 seconds
[2025-08-19T08:52:14.771+0000] {processor.py:161} INFO - Started process (PID=373) to work on /home/airflow/.local/lib/python3.12/site-packages/airflow/example_dags/example_xcomargs.py
[2025-08-19T08:52:14.772+0000] {processor.py:830} INFO - Processing file /home/airflow/.local/lib/python3.12/site-packages/airflow/example_dags/example_xcomargs.py for tasks to queue
[2025-08-19T08:52:14.775+0000] {logging_mixin.py:188} INFO - [2025-08-19T08:52:14.774+0000] {dagbag.py:540} INFO - Filling up the DagBag from /home/airflow/.local/lib/python3.12/site-packages/airflow/example_dags/example_xcomargs.py
[2025-08-19T08:52:14.787+0000] {processor.py:840} INFO - DAG(s) 'example_xcom_args_with_operators', 'example_xcom_args' retrieved from /home/airflow/.local/lib/python3.12/site-packages/airflow/example_dags/example_xcomargs.py
[2025-08-19T08:52:14.819+0000] {logging_mixin.py:188} INFO - [2025-08-19T08:52:14.818+0000] {dag.py:3096} INFO - Sync 2 DAGs
[2025-08-19T08:52:14.836+0000] {logging_mixin.py:188} INFO - [2025-08-19T08:52:14.836+0000] {dag.py:3954} INFO - Setting next_dagrun for example_xcom_args to None, run_after=None
[2025-08-19T08:52:14.841+0000] {logging_mixin.py:188} INFO - [2025-08-19T08:52:14.840+0000] {dag.py:3954} INFO - Setting next_dagrun for example_xcom_args_with_operators to None, run_after=None
[2025-08-19T08:52:14.862+0000] {processor.py:183} INFO - Processing /home/airflow/.local/lib/python3.12/site-packages/airflow/example_dags/example_xcomargs.py took 0.099 seconds
[2025-08-19T08:52:45.091+0000] {processor.py:161} INFO - Started process (PID=432) to work on /home/airflow/.local/lib/python3.12/site-packages/airflow/example_dags/example_xcomargs.py
[2025-08-19T08:52:45.093+0000] {processor.py:830} INFO - Processing file /home/airflow/.local/lib/python3.12/site-packages/airflow/example_dags/example_xcomargs.py for tasks to queue
[2025-08-19T08:52:45.095+0000] {logging_mixin.py:188} INFO - [2025-08-19T08:52:45.095+0000] {dagbag.py:540} INFO - Filling up the DagBag from /home/airflow/.local/lib/python3.12/site-packages/airflow/example_dags/example_xcomargs.py
[2025-08-19T08:52:45.107+0000] {processor.py:840} INFO - DAG(s) 'example_xcom_args', 'example_xcom_args_with_operators' retrieved from /home/airflow/.local/lib/python3.12/site-packages/airflow/example_dags/example_xcomargs.py
[2025-08-19T08:52:45.138+0000] {logging_mixin.py:188} INFO - [2025-08-19T08:52:45.137+0000] {dag.py:3096} INFO - Sync 2 DAGs
[2025-08-19T08:52:45.152+0000] {logging_mixin.py:188} INFO - [2025-08-19T08:52:45.152+0000] {dag.py:3954} INFO - Setting next_dagrun for example_xcom_args to None, run_after=None
[2025-08-19T08:52:45.157+0000] {logging_mixin.py:188} INFO - [2025-08-19T08:52:45.156+0000] {dag.py:3954} INFO - Setting next_dagrun for example_xcom_args_with_operators to None, run_after=None
[2025-08-19T08:52:45.176+0000] {processor.py:183} INFO - Processing /home/airflow/.local/lib/python3.12/site-packages/airflow/example_dags/example_xcomargs.py took 0.093 seconds
[2025-08-19T08:53:15.299+0000] {processor.py:161} INFO - Started process (PID=491) to work on /home/airflow/.local/lib/python3.12/site-packages/airflow/example_dags/example_xcomargs.py
[2025-08-19T08:53:15.300+0000] {processor.py:830} INFO - Processing file /home/airflow/.local/lib/python3.12/site-packages/airflow/example_dags/example_xcomargs.py for tasks to queue
[2025-08-19T08:53:15.303+0000] {logging_mixin.py:188} INFO - [2025-08-19T08:53:15.302+0000] {dagbag.py:540} INFO - Filling up the DagBag from /home/airflow/.local/lib/python3.12/site-packages/airflow/example_dags/example_xcomargs.py
[2025-08-19T08:53:15.313+0000] {processor.py:840} INFO - DAG(s) 'example_xcom_args', 'example_xcom_args_with_operators' retrieved from /home/airflow/.local/lib/python3.12/site-packages/airflow/example_dags/example_xcomargs.py
[2025-08-19T08:53:15.341+0000] {logging_mixin.py:188} INFO - [2025-08-19T08:53:15.341+0000] {dag.py:3096} INFO - Sync 2 DAGs
[2025-08-19T08:53:15.357+0000] {logging_mixin.py:188} INFO - [2025-08-19T08:53:15.356+0000] {dag.py:3954} INFO - Setting next_dagrun for example_xcom_args to None, run_after=None
[2025-08-19T08:53:15.361+0000] {logging_mixin.py:188} INFO - [2025-08-19T08:53:15.361+0000] {dag.py:3954} INFO - Setting next_dagrun for example_xcom_args_with_operators to None, run_after=None
[2025-08-19T08:53:15.379+0000] {processor.py:183} INFO - Processing /home/airflow/.local/lib/python3.12/site-packages/airflow/example_dags/example_xcomargs.py took 0.088 seconds
[2025-08-19T08:53:45.507+0000] {processor.py:161} INFO - Started process (PID=549) to work on /home/airflow/.local/lib/python3.12/site-packages/airflow/example_dags/example_xcomargs.py
[2025-08-19T08:53:45.508+0000] {processor.py:830} INFO - Processing file /home/airflow/.local/lib/python3.12/site-packages/airflow/example_dags/example_xcomargs.py for tasks to queue
[2025-08-19T08:53:45.511+0000] {logging_mixin.py:188} INFO - [2025-08-19T08:53:45.511+0000] {dagbag.py:540} INFO - Filling up the DagBag from /home/airflow/.local/lib/python3.12/site-packages/airflow/example_dags/example_xcomargs.py
[2025-08-19T08:53:45.522+0000] {processor.py:840} INFO - DAG(s) 'example_xcom_args', 'example_xcom_args_with_operators' retrieved from /home/airflow/.local/lib/python3.12/site-packages/airflow/example_dags/example_xcomargs.py
[2025-08-19T08:53:45.550+0000] {logging_mixin.py:188} INFO - [2025-08-19T08:53:45.550+0000] {dag.py:3096} INFO - Sync 2 DAGs
[2025-08-19T08:53:45.567+0000] {logging_mixin.py:188} INFO - [2025-08-19T08:53:45.567+0000] {dag.py:3954} INFO - Setting next_dagrun for example_xcom_args to None, run_after=None
[2025-08-19T08:53:45.571+0000] {logging_mixin.py:188} INFO - [2025-08-19T08:53:45.571+0000] {dag.py:3954} INFO - Setting next_dagrun for example_xcom_args_with_operators to None, run_after=None
[2025-08-19T08:53:45.588+0000] {processor.py:183} INFO - Processing /home/airflow/.local/lib/python3.12/site-packages/airflow/example_dags/example_xcomargs.py took 0.089 seconds
[2025-08-19T08:54:15.836+0000] {processor.py:161} INFO - Started process (PID=607) to work on /home/airflow/.local/lib/python3.12/site-packages/airflow/example_dags/example_xcomargs.py
[2025-08-19T08:54:15.837+0000] {processor.py:830} INFO - Processing file /home/airflow/.local/lib/python3.12/site-packages/airflow/example_dags/example_xcomargs.py for tasks to queue
[2025-08-19T08:54:15.840+0000] {logging_mixin.py:188} INFO - [2025-08-19T08:54:15.839+0000] {dagbag.py:540} INFO - Filling up the DagBag from /home/airflow/.local/lib/python3.12/site-packages/airflow/example_dags/example_xcomargs.py
[2025-08-19T08:54:15.851+0000] {processor.py:840} INFO - DAG(s) 'example_xcom_args', 'example_xcom_args_with_operators' retrieved from /home/airflow/.local/lib/python3.12/site-packages/airflow/example_dags/example_xcomargs.py
[2025-08-19T08:54:15.880+0000] {logging_mixin.py:188} INFO - [2025-08-19T08:54:15.880+0000] {dag.py:3096} INFO - Sync 2 DAGs
[2025-08-19T08:54:15.895+0000] {logging_mixin.py:188} INFO - [2025-08-19T08:54:15.895+0000] {dag.py:3954} INFO - Setting next_dagrun for example_xcom_args to None, run_after=None
[2025-08-19T08:54:15.899+0000] {logging_mixin.py:188} INFO - [2025-08-19T08:54:15.899+0000] {dag.py:3954} INFO - Setting next_dagrun for example_xcom_args_with_operators to None, run_after=None
[2025-08-19T08:54:15.917+0000] {processor.py:183} INFO - Processing /home/airflow/.local/lib/python3.12/site-packages/airflow/example_dags/example_xcomargs.py took 0.089 seconds
[2025-08-19T08:54:46.360+0000] {processor.py:161} INFO - Started process (PID=665) to work on /home/airflow/.local/lib/python3.12/site-packages/airflow/example_dags/example_xcomargs.py
[2025-08-19T08:54:46.361+0000] {processor.py:830} INFO - Processing file /home/airflow/.local/lib/python3.12/site-packages/airflow/example_dags/example_xcomargs.py for tasks to queue
[2025-08-19T08:54:46.364+0000] {logging_mixin.py:188} INFO - [2025-08-19T08:54:46.364+0000] {dagbag.py:540} INFO - Filling up the DagBag from /home/airflow/.local/lib/python3.12/site-packages/airflow/example_dags/example_xcomargs.py
[2025-08-19T08:54:46.376+0000] {processor.py:840} INFO - DAG(s) 'example_xcom_args', 'example_xcom_args_with_operators' retrieved from /home/airflow/.local/lib/python3.12/site-packages/airflow/example_dags/example_xcomargs.py
[2025-08-19T08:54:46.408+0000] {logging_mixin.py:188} INFO - [2025-08-19T08:54:46.408+0000] {dag.py:3096} INFO - Sync 2 DAGs
[2025-08-19T08:54:46.426+0000] {logging_mixin.py:188} INFO - [2025-08-19T08:54:46.425+0000] {dag.py:3954} INFO - Setting next_dagrun for example_xcom_args to None, run_after=None
[2025-08-19T08:54:46.430+0000] {logging_mixin.py:188} INFO - [2025-08-19T08:54:46.430+0000] {dag.py:3954} INFO - Setting next_dagrun for example_xcom_args_with_operators to None, run_after=None
[2025-08-19T08:54:46.451+0000] {processor.py:183} INFO - Processing /home/airflow/.local/lib/python3.12/site-packages/airflow/example_dags/example_xcomargs.py took 0.099 seconds
[2025-08-19T08:55:16.943+0000] {processor.py:161} INFO - Started process (PID=723) to work on /home/airflow/.local/lib/python3.12/site-packages/airflow/example_dags/example_xcomargs.py
[2025-08-19T08:55:16.944+0000] {processor.py:830} INFO - Processing file /home/airflow/.local/lib/python3.12/site-packages/airflow/example_dags/example_xcomargs.py for tasks to queue
[2025-08-19T08:55:16.947+0000] {logging_mixin.py:188} INFO - [2025-08-19T08:55:16.946+0000] {dagbag.py:540} INFO - Filling up the DagBag from /home/airflow/.local/lib/python3.12/site-packages/airflow/example_dags/example_xcomargs.py
[2025-08-19T08:55:16.957+0000] {processor.py:840} INFO - DAG(s) 'example_xcom_args', 'example_xcom_args_with_operators' retrieved from /home/airflow/.local/lib/python3.12/site-packages/airflow/example_dags/example_xcomargs.py
[2025-08-19T08:55:16.986+0000] {logging_mixin.py:188} INFO - [2025-08-19T08:55:16.986+0000] {dag.py:3096} INFO - Sync 2 DAGs
[2025-08-19T08:55:17.002+0000] {logging_mixin.py:188} INFO - [2025-08-19T08:55:17.002+0000] {dag.py:3954} INFO - Setting next_dagrun for example_xcom_args to None, run_after=None
[2025-08-19T08:55:17.007+0000] {logging_mixin.py:188} INFO - [2025-08-19T08:55:17.006+0000] {dag.py:3954} INFO - Setting next_dagrun for example_xcom_args_with_operators to None, run_after=None
[2025-08-19T08:55:17.025+0000] {processor.py:183} INFO - Processing /home/airflow/.local/lib/python3.12/site-packages/airflow/example_dags/example_xcomargs.py took 0.090 seconds
[2025-08-19T08:55:47.514+0000] {processor.py:161} INFO - Started process (PID=781) to work on /home/airflow/.local/lib/python3.12/site-packages/airflow/example_dags/example_xcomargs.py
[2025-08-19T08:55:47.515+0000] {processor.py:830} INFO - Processing file /home/airflow/.local/lib/python3.12/site-packages/airflow/example_dags/example_xcomargs.py for tasks to queue
[2025-08-19T08:55:47.517+0000] {logging_mixin.py:188} INFO - [2025-08-19T08:55:47.517+0000] {dagbag.py:540} INFO - Filling up the DagBag from /home/airflow/.local/lib/python3.12/site-packages/airflow/example_dags/example_xcomargs.py
[2025-08-19T08:55:47.528+0000] {processor.py:840} INFO - DAG(s) 'example_xcom_args_with_operators', 'example_xcom_args' retrieved from /home/airflow/.local/lib/python3.12/site-packages/airflow/example_dags/example_xcomargs.py
[2025-08-19T08:55:47.557+0000] {logging_mixin.py:188} INFO - [2025-08-19T08:55:47.557+0000] {dag.py:3096} INFO - Sync 2 DAGs
[2025-08-19T08:55:47.573+0000] {logging_mixin.py:188} INFO - [2025-08-19T08:55:47.573+0000] {dag.py:3954} INFO - Setting next_dagrun for example_xcom_args to None, run_after=None
[2025-08-19T08:55:47.577+0000] {logging_mixin.py:188} INFO - [2025-08-19T08:55:47.577+0000] {dag.py:3954} INFO - Setting next_dagrun for example_xcom_args_with_operators to None, run_after=None
[2025-08-19T08:55:47.741+0000] {processor.py:183} INFO - Processing /home/airflow/.local/lib/python3.12/site-packages/airflow/example_dags/example_xcomargs.py took 0.236 seconds
[2025-08-19T08:56:17.962+0000] {processor.py:161} INFO - Started process (PID=839) to work on /home/airflow/.local/lib/python3.12/site-packages/airflow/example_dags/example_xcomargs.py
[2025-08-19T08:56:17.963+0000] {processor.py:830} INFO - Processing file /home/airflow/.local/lib/python3.12/site-packages/airflow/example_dags/example_xcomargs.py for tasks to queue
[2025-08-19T08:56:17.966+0000] {logging_mixin.py:188} INFO - [2025-08-19T08:56:17.965+0000] {dagbag.py:540} INFO - Filling up the DagBag from /home/airflow/.local/lib/python3.12/site-packages/airflow/example_dags/example_xcomargs.py
[2025-08-19T08:56:17.976+0000] {processor.py:840} INFO - DAG(s) 'example_xcom_args_with_operators', 'example_xcom_args' retrieved from /home/airflow/.local/lib/python3.12/site-packages/airflow/example_dags/example_xcomargs.py
[2025-08-19T08:56:18.006+0000] {logging_mixin.py:188} INFO - [2025-08-19T08:56:18.005+0000] {dag.py:3096} INFO - Sync 2 DAGs
[2025-08-19T08:56:18.023+0000] {logging_mixin.py:188} INFO - [2025-08-19T08:56:18.022+0000] {dag.py:3954} INFO - Setting next_dagrun for example_xcom_args to None, run_after=None
[2025-08-19T08:56:18.027+0000] {logging_mixin.py:188} INFO - [2025-08-19T08:56:18.027+0000] {dag.py:3954} INFO - Setting next_dagrun for example_xcom_args_with_operators to None, run_after=None
[2025-08-19T08:56:18.194+0000] {processor.py:183} INFO - Processing /home/airflow/.local/lib/python3.12/site-packages/airflow/example_dags/example_xcomargs.py took 0.241 seconds
[2025-08-19T08:56:48.343+0000] {processor.py:161} INFO - Started process (PID=897) to work on /home/airflow/.local/lib/python3.12/site-packages/airflow/example_dags/example_xcomargs.py
[2025-08-19T08:56:48.344+0000] {processor.py:830} INFO - Processing file /home/airflow/.local/lib/python3.12/site-packages/airflow/example_dags/example_xcomargs.py for tasks to queue
[2025-08-19T08:56:48.346+0000] {logging_mixin.py:188} INFO - [2025-08-19T08:56:48.346+0000] {dagbag.py:540} INFO - Filling up the DagBag from /home/airflow/.local/lib/python3.12/site-packages/airflow/example_dags/example_xcomargs.py
[2025-08-19T08:56:48.357+0000] {processor.py:840} INFO - DAG(s) 'example_xcom_args', 'example_xcom_args_with_operators' retrieved from /home/airflow/.local/lib/python3.12/site-packages/airflow/example_dags/example_xcomargs.py
[2025-08-19T08:56:48.384+0000] {logging_mixin.py:188} INFO - [2025-08-19T08:56:48.383+0000] {dag.py:3096} INFO - Sync 2 DAGs
[2025-08-19T08:56:48.399+0000] {logging_mixin.py:188} INFO - [2025-08-19T08:56:48.399+0000] {dag.py:3954} INFO - Setting next_dagrun for example_xcom_args to None, run_after=None
[2025-08-19T08:56:48.403+0000] {logging_mixin.py:188} INFO - [2025-08-19T08:56:48.403+0000] {dag.py:3954} INFO - Setting next_dagrun for example_xcom_args_with_operators to None, run_after=None
[2025-08-19T08:56:48.568+0000] {processor.py:183} INFO - Processing /home/airflow/.local/lib/python3.12/site-packages/airflow/example_dags/example_xcomargs.py took 0.233 seconds
[2025-08-19T08:57:18.897+0000] {processor.py:161} INFO - Started process (PID=956) to work on /home/airflow/.local/lib/python3.12/site-packages/airflow/example_dags/example_xcomargs.py
[2025-08-19T08:57:18.899+0000] {processor.py:830} INFO - Processing file /home/airflow/.local/lib/python3.12/site-packages/airflow/example_dags/example_xcomargs.py for tasks to queue
[2025-08-19T08:57:18.901+0000] {logging_mixin.py:188} INFO - [2025-08-19T08:57:18.901+0000] {dagbag.py:540} INFO - Filling up the DagBag from /home/airflow/.local/lib/python3.12/site-packages/airflow/example_dags/example_xcomargs.py
[2025-08-19T08:57:18.912+0000] {processor.py:840} INFO - DAG(s) 'example_xcom_args', 'example_xcom_args_with_operators' retrieved from /home/airflow/.local/lib/python3.12/site-packages/airflow/example_dags/example_xcomargs.py
[2025-08-19T08:57:18.939+0000] {logging_mixin.py:188} INFO - [2025-08-19T08:57:18.939+0000] {dag.py:3096} INFO - Sync 2 DAGs
[2025-08-19T08:57:18.954+0000] {logging_mixin.py:188} INFO - [2025-08-19T08:57:18.954+0000] {dag.py:3954} INFO - Setting next_dagrun for example_xcom_args to None, run_after=None
[2025-08-19T08:57:18.959+0000] {logging_mixin.py:188} INFO - [2025-08-19T08:57:18.959+0000] {dag.py:3954} INFO - Setting next_dagrun for example_xcom_args_with_operators to None, run_after=None
[2025-08-19T08:57:19.126+0000] {processor.py:183} INFO - Processing /home/airflow/.local/lib/python3.12/site-packages/airflow/example_dags/example_xcomargs.py took 0.237 seconds
[2025-08-19T08:57:49.183+0000] {processor.py:161} INFO - Started process (PID=1014) to work on /home/airflow/.local/lib/python3.12/site-packages/airflow/example_dags/example_xcomargs.py
[2025-08-19T08:57:49.184+0000] {processor.py:830} INFO - Processing file /home/airflow/.local/lib/python3.12/site-packages/airflow/example_dags/example_xcomargs.py for tasks to queue
[2025-08-19T08:57:49.187+0000] {logging_mixin.py:188} INFO - [2025-08-19T08:57:49.186+0000] {dagbag.py:540} INFO - Filling up the DagBag from /home/airflow/.local/lib/python3.12/site-packages/airflow/example_dags/example_xcomargs.py
[2025-08-19T08:57:49.197+0000] {processor.py:840} INFO - DAG(s) 'example_xcom_args_with_operators', 'example_xcom_args' retrieved from /home/airflow/.local/lib/python3.12/site-packages/airflow/example_dags/example_xcomargs.py
[2025-08-19T08:57:49.223+0000] {logging_mixin.py:188} INFO - [2025-08-19T08:57:49.223+0000] {dag.py:3096} INFO - Sync 2 DAGs
[2025-08-19T08:57:49.238+0000] {logging_mixin.py:188} INFO - [2025-08-19T08:57:49.238+0000] {dag.py:3954} INFO - Setting next_dagrun for example_xcom_args to None, run_after=None
[2025-08-19T08:57:49.242+0000] {logging_mixin.py:188} INFO - [2025-08-19T08:57:49.242+0000] {dag.py:3954} INFO - Setting next_dagrun for example_xcom_args_with_operators to None, run_after=None
[2025-08-19T08:57:49.260+0000] {processor.py:183} INFO - Processing /home/airflow/.local/lib/python3.12/site-packages/airflow/example_dags/example_xcomargs.py took 0.084 seconds
[2025-08-19T08:58:19.426+0000] {processor.py:161} INFO - Started process (PID=1072) to work on /home/airflow/.local/lib/python3.12/site-packages/airflow/example_dags/example_xcomargs.py
[2025-08-19T08:58:19.427+0000] {processor.py:830} INFO - Processing file /home/airflow/.local/lib/python3.12/site-packages/airflow/example_dags/example_xcomargs.py for tasks to queue
[2025-08-19T08:58:19.430+0000] {logging_mixin.py:188} INFO - [2025-08-19T08:58:19.430+0000] {dagbag.py:540} INFO - Filling up the DagBag from /home/airflow/.local/lib/python3.12/site-packages/airflow/example_dags/example_xcomargs.py
[2025-08-19T08:58:19.441+0000] {processor.py:840} INFO - DAG(s) 'example_xcom_args', 'example_xcom_args_with_operators' retrieved from /home/airflow/.local/lib/python3.12/site-packages/airflow/example_dags/example_xcomargs.py
[2025-08-19T08:58:19.470+0000] {logging_mixin.py:188} INFO - [2025-08-19T08:58:19.470+0000] {dag.py:3096} INFO - Sync 2 DAGs
[2025-08-19T08:58:19.487+0000] {logging_mixin.py:188} INFO - [2025-08-19T08:58:19.487+0000] {dag.py:3954} INFO - Setting next_dagrun for example_xcom_args to None, run_after=None
[2025-08-19T08:58:19.492+0000] {logging_mixin.py:188} INFO - [2025-08-19T08:58:19.491+0000] {dag.py:3954} INFO - Setting next_dagrun for example_xcom_args_with_operators to None, run_after=None
[2025-08-19T08:58:19.512+0000] {processor.py:183} INFO - Processing /home/airflow/.local/lib/python3.12/site-packages/airflow/example_dags/example_xcomargs.py took 0.094 seconds
[2025-08-19T08:58:49.926+0000] {processor.py:161} INFO - Started process (PID=1130) to work on /home/airflow/.local/lib/python3.12/site-packages/airflow/example_dags/example_xcomargs.py
[2025-08-19T08:58:49.927+0000] {processor.py:830} INFO - Processing file /home/airflow/.local/lib/python3.12/site-packages/airflow/example_dags/example_xcomargs.py for tasks to queue
[2025-08-19T08:58:49.929+0000] {logging_mixin.py:188} INFO - [2025-08-19T08:58:49.929+0000] {dagbag.py:540} INFO - Filling up the DagBag from /home/airflow/.local/lib/python3.12/site-packages/airflow/example_dags/example_xcomargs.py
[2025-08-19T08:58:49.940+0000] {processor.py:840} INFO - DAG(s) 'example_xcom_args', 'example_xcom_args_with_operators' retrieved from /home/airflow/.local/lib/python3.12/site-packages/airflow/example_dags/example_xcomargs.py
[2025-08-19T08:58:49.968+0000] {logging_mixin.py:188} INFO - [2025-08-19T08:58:49.967+0000] {dag.py:3096} INFO - Sync 2 DAGs
[2025-08-19T08:58:49.983+0000] {logging_mixin.py:188} INFO - [2025-08-19T08:58:49.983+0000] {dag.py:3954} INFO - Setting next_dagrun for example_xcom_args to None, run_after=None
[2025-08-19T08:58:49.987+0000] {logging_mixin.py:188} INFO - [2025-08-19T08:58:49.987+0000] {dag.py:3954} INFO - Setting next_dagrun for example_xcom_args_with_operators to None, run_after=None
[2025-08-19T08:58:50.005+0000] {processor.py:183} INFO - Processing /home/airflow/.local/lib/python3.12/site-packages/airflow/example_dags/example_xcomargs.py took 0.087 seconds
[2025-08-19T08:59:20.308+0000] {processor.py:161} INFO - Started process (PID=1188) to work on /home/airflow/.local/lib/python3.12/site-packages/airflow/example_dags/example_xcomargs.py
[2025-08-19T08:59:20.309+0000] {processor.py:830} INFO - Processing file /home/airflow/.local/lib/python3.12/site-packages/airflow/example_dags/example_xcomargs.py for tasks to queue
[2025-08-19T08:59:20.311+0000] {logging_mixin.py:188} INFO - [2025-08-19T08:59:20.311+0000] {dagbag.py:540} INFO - Filling up the DagBag from /home/airflow/.local/lib/python3.12/site-packages/airflow/example_dags/example_xcomargs.py
[2025-08-19T08:59:20.323+0000] {processor.py:840} INFO - DAG(s) 'example_xcom_args', 'example_xcom_args_with_operators' retrieved from /home/airflow/.local/lib/python3.12/site-packages/airflow/example_dags/example_xcomargs.py
[2025-08-19T08:59:20.351+0000] {logging_mixin.py:188} INFO - [2025-08-19T08:59:20.350+0000] {dag.py:3096} INFO - Sync 2 DAGs
[2025-08-19T08:59:20.365+0000] {logging_mixin.py:188} INFO - [2025-08-19T08:59:20.365+0000] {dag.py:3954} INFO - Setting next_dagrun for example_xcom_args to None, run_after=None
[2025-08-19T08:59:20.369+0000] {logging_mixin.py:188} INFO - [2025-08-19T08:59:20.369+0000] {dag.py:3954} INFO - Setting next_dagrun for example_xcom_args_with_operators to None, run_after=None
[2025-08-19T08:59:20.390+0000] {processor.py:183} INFO - Processing /home/airflow/.local/lib/python3.12/site-packages/airflow/example_dags/example_xcomargs.py took 0.091 seconds
[2025-08-19T08:59:50.824+0000] {processor.py:161} INFO - Started process (PID=1246) to work on /home/airflow/.local/lib/python3.12/site-packages/airflow/example_dags/example_xcomargs.py
[2025-08-19T08:59:50.825+0000] {processor.py:830} INFO - Processing file /home/airflow/.local/lib/python3.12/site-packages/airflow/example_dags/example_xcomargs.py for tasks to queue
[2025-08-19T08:59:50.828+0000] {logging_mixin.py:188} INFO - [2025-08-19T08:59:50.827+0000] {dagbag.py:540} INFO - Filling up the DagBag from /home/airflow/.local/lib/python3.12/site-packages/airflow/example_dags/example_xcomargs.py
[2025-08-19T08:59:50.838+0000] {processor.py:840} INFO - DAG(s) 'example_xcom_args', 'example_xcom_args_with_operators' retrieved from /home/airflow/.local/lib/python3.12/site-packages/airflow/example_dags/example_xcomargs.py
[2025-08-19T08:59:50.868+0000] {logging_mixin.py:188} INFO - [2025-08-19T08:59:50.868+0000] {dag.py:3096} INFO - Sync 2 DAGs
[2025-08-19T08:59:50.884+0000] {logging_mixin.py:188} INFO - [2025-08-19T08:59:50.884+0000] {dag.py:3954} INFO - Setting next_dagrun for example_xcom_args to None, run_after=None
[2025-08-19T08:59:50.888+0000] {logging_mixin.py:188} INFO - [2025-08-19T08:59:50.888+0000] {dag.py:3954} INFO - Setting next_dagrun for example_xcom_args_with_operators to None, run_after=None
[2025-08-19T08:59:50.907+0000] {processor.py:183} INFO - Processing /home/airflow/.local/lib/python3.12/site-packages/airflow/example_dags/example_xcomargs.py took 0.091 seconds
[2025-08-19T09:00:21.079+0000] {processor.py:161} INFO - Started process (PID=1304) to work on /home/airflow/.local/lib/python3.12/site-packages/airflow/example_dags/example_xcomargs.py
[2025-08-19T09:00:21.080+0000] {processor.py:830} INFO - Processing file /home/airflow/.local/lib/python3.12/site-packages/airflow/example_dags/example_xcomargs.py for tasks to queue
[2025-08-19T09:00:21.082+0000] {logging_mixin.py:188} INFO - [2025-08-19T09:00:21.082+0000] {dagbag.py:540} INFO - Filling up the DagBag from /home/airflow/.local/lib/python3.12/site-packages/airflow/example_dags/example_xcomargs.py
[2025-08-19T09:00:21.093+0000] {processor.py:840} INFO - DAG(s) 'example_xcom_args_with_operators', 'example_xcom_args' retrieved from /home/airflow/.local/lib/python3.12/site-packages/airflow/example_dags/example_xcomargs.py
[2025-08-19T09:00:21.121+0000] {logging_mixin.py:188} INFO - [2025-08-19T09:00:21.121+0000] {dag.py:3096} INFO - Sync 2 DAGs
[2025-08-19T09:00:21.135+0000] {logging_mixin.py:188} INFO - [2025-08-19T09:00:21.135+0000] {dag.py:3954} INFO - Setting next_dagrun for example_xcom_args to None, run_after=None
[2025-08-19T09:00:21.139+0000] {logging_mixin.py:188} INFO - [2025-08-19T09:00:21.139+0000] {dag.py:3954} INFO - Setting next_dagrun for example_xcom_args_with_operators to None, run_after=None
[2025-08-19T09:00:21.156+0000] {processor.py:183} INFO - Processing /home/airflow/.local/lib/python3.12/site-packages/airflow/example_dags/example_xcomargs.py took 0.085 seconds
[2025-08-19T09:00:51.464+0000] {processor.py:161} INFO - Started process (PID=1362) to work on /home/airflow/.local/lib/python3.12/site-packages/airflow/example_dags/example_xcomargs.py
[2025-08-19T09:00:51.465+0000] {processor.py:830} INFO - Processing file /home/airflow/.local/lib/python3.12/site-packages/airflow/example_dags/example_xcomargs.py for tasks to queue
[2025-08-19T09:00:51.468+0000] {logging_mixin.py:188} INFO - [2025-08-19T09:00:51.468+0000] {dagbag.py:540} INFO - Filling up the DagBag from /home/airflow/.local/lib/python3.12/site-packages/airflow/example_dags/example_xcomargs.py
[2025-08-19T09:00:51.479+0000] {processor.py:840} INFO - DAG(s) 'example_xcom_args_with_operators', 'example_xcom_args' retrieved from /home/airflow/.local/lib/python3.12/site-packages/airflow/example_dags/example_xcomargs.py
[2025-08-19T09:00:51.507+0000] {logging_mixin.py:188} INFO - [2025-08-19T09:00:51.507+0000] {dag.py:3096} INFO - Sync 2 DAGs
[2025-08-19T09:00:51.522+0000] {logging_mixin.py:188} INFO - [2025-08-19T09:00:51.522+0000] {dag.py:3954} INFO - Setting next_dagrun for example_xcom_args to None, run_after=None
[2025-08-19T09:00:51.526+0000] {logging_mixin.py:188} INFO - [2025-08-19T09:00:51.526+0000] {dag.py:3954} INFO - Setting next_dagrun for example_xcom_args_with_operators to None, run_after=None
[2025-08-19T09:00:51.543+0000] {processor.py:183} INFO - Processing /home/airflow/.local/lib/python3.12/site-packages/airflow/example_dags/example_xcomargs.py took 0.087 seconds
[2025-08-19T09:01:21.681+0000] {processor.py:161} INFO - Started process (PID=1420) to work on /home/airflow/.local/lib/python3.12/site-packages/airflow/example_dags/example_xcomargs.py
[2025-08-19T09:01:21.682+0000] {processor.py:830} INFO - Processing file /home/airflow/.local/lib/python3.12/site-packages/airflow/example_dags/example_xcomargs.py for tasks to queue
[2025-08-19T09:01:21.685+0000] {logging_mixin.py:188} INFO - [2025-08-19T09:01:21.684+0000] {dagbag.py:540} INFO - Filling up the DagBag from /home/airflow/.local/lib/python3.12/site-packages/airflow/example_dags/example_xcomargs.py
[2025-08-19T09:01:21.695+0000] {processor.py:840} INFO - DAG(s) 'example_xcom_args', 'example_xcom_args_with_operators' retrieved from /home/airflow/.local/lib/python3.12/site-packages/airflow/example_dags/example_xcomargs.py
[2025-08-19T09:01:21.725+0000] {logging_mixin.py:188} INFO - [2025-08-19T09:01:21.725+0000] {dag.py:3096} INFO - Sync 2 DAGs
[2025-08-19T09:01:21.741+0000] {logging_mixin.py:188} INFO - [2025-08-19T09:01:21.740+0000] {dag.py:3954} INFO - Setting next_dagrun for example_xcom_args to None, run_after=None
[2025-08-19T09:01:21.745+0000] {logging_mixin.py:188} INFO - [2025-08-19T09:01:21.744+0000] {dag.py:3954} INFO - Setting next_dagrun for example_xcom_args_with_operators to None, run_after=None
[2025-08-19T09:01:21.762+0000] {processor.py:183} INFO - Processing /home/airflow/.local/lib/python3.12/site-packages/airflow/example_dags/example_xcomargs.py took 0.089 seconds
[2025-08-19T09:01:51.969+0000] {processor.py:161} INFO - Started process (PID=1478) to work on /home/airflow/.local/lib/python3.12/site-packages/airflow/example_dags/example_xcomargs.py
[2025-08-19T09:01:51.971+0000] {processor.py:830} INFO - Processing file /home/airflow/.local/lib/python3.12/site-packages/airflow/example_dags/example_xcomargs.py for tasks to queue
[2025-08-19T09:01:51.973+0000] {logging_mixin.py:188} INFO - [2025-08-19T09:01:51.973+0000] {dagbag.py:540} INFO - Filling up the DagBag from /home/airflow/.local/lib/python3.12/site-packages/airflow/example_dags/example_xcomargs.py
[2025-08-19T09:01:51.984+0000] {processor.py:840} INFO - DAG(s) 'example_xcom_args_with_operators', 'example_xcom_args' retrieved from /home/airflow/.local/lib/python3.12/site-packages/airflow/example_dags/example_xcomargs.py
[2025-08-19T09:01:52.013+0000] {logging_mixin.py:188} INFO - [2025-08-19T09:01:52.013+0000] {dag.py:3096} INFO - Sync 2 DAGs
[2025-08-19T09:01:52.031+0000] {logging_mixin.py:188} INFO - [2025-08-19T09:01:52.031+0000] {dag.py:3954} INFO - Setting next_dagrun for example_xcom_args to None, run_after=None
[2025-08-19T09:01:52.036+0000] {logging_mixin.py:188} INFO - [2025-08-19T09:01:52.035+0000] {dag.py:3954} INFO - Setting next_dagrun for example_xcom_args_with_operators to None, run_after=None
[2025-08-19T09:01:52.054+0000] {processor.py:183} INFO - Processing /home/airflow/.local/lib/python3.12/site-packages/airflow/example_dags/example_xcomargs.py took 0.092 seconds
[2025-08-19T09:02:22.446+0000] {processor.py:161} INFO - Started process (PID=1536) to work on /home/airflow/.local/lib/python3.12/site-packages/airflow/example_dags/example_xcomargs.py
[2025-08-19T09:02:22.447+0000] {processor.py:830} INFO - Processing file /home/airflow/.local/lib/python3.12/site-packages/airflow/example_dags/example_xcomargs.py for tasks to queue
[2025-08-19T09:02:22.449+0000] {logging_mixin.py:188} INFO - [2025-08-19T09:02:22.449+0000] {dagbag.py:540} INFO - Filling up the DagBag from /home/airflow/.local/lib/python3.12/site-packages/airflow/example_dags/example_xcomargs.py
[2025-08-19T09:02:22.460+0000] {processor.py:840} INFO - DAG(s) 'example_xcom_args', 'example_xcom_args_with_operators' retrieved from /home/airflow/.local/lib/python3.12/site-packages/airflow/example_dags/example_xcomargs.py
[2025-08-19T09:02:22.488+0000] {logging_mixin.py:188} INFO - [2025-08-19T09:02:22.488+0000] {dag.py:3096} INFO - Sync 2 DAGs
[2025-08-19T09:02:22.503+0000] {logging_mixin.py:188} INFO - [2025-08-19T09:02:22.503+0000] {dag.py:3954} INFO - Setting next_dagrun for example_xcom_args to None, run_after=None
[2025-08-19T09:02:22.507+0000] {logging_mixin.py:188} INFO - [2025-08-19T09:02:22.507+0000] {dag.py:3954} INFO - Setting next_dagrun for example_xcom_args_with_operators to None, run_after=None
[2025-08-19T09:02:22.524+0000] {processor.py:183} INFO - Processing /home/airflow/.local/lib/python3.12/site-packages/airflow/example_dags/example_xcomargs.py took 0.086 seconds
[2025-08-19T09:02:52.679+0000] {processor.py:161} INFO - Started process (PID=1594) to work on /home/airflow/.local/lib/python3.12/site-packages/airflow/example_dags/example_xcomargs.py
[2025-08-19T09:02:52.680+0000] {processor.py:830} INFO - Processing file /home/airflow/.local/lib/python3.12/site-packages/airflow/example_dags/example_xcomargs.py for tasks to queue
[2025-08-19T09:02:52.682+0000] {logging_mixin.py:188} INFO - [2025-08-19T09:02:52.682+0000] {dagbag.py:540} INFO - Filling up the DagBag from /home/airflow/.local/lib/python3.12/site-packages/airflow/example_dags/example_xcomargs.py
[2025-08-19T09:02:52.693+0000] {processor.py:840} INFO - DAG(s) 'example_xcom_args', 'example_xcom_args_with_operators' retrieved from /home/airflow/.local/lib/python3.12/site-packages/airflow/example_dags/example_xcomargs.py
[2025-08-19T09:02:52.721+0000] {logging_mixin.py:188} INFO - [2025-08-19T09:02:52.721+0000] {dag.py:3096} INFO - Sync 2 DAGs
[2025-08-19T09:02:52.736+0000] {logging_mixin.py:188} INFO - [2025-08-19T09:02:52.736+0000] {dag.py:3954} INFO - Setting next_dagrun for example_xcom_args to None, run_after=None
[2025-08-19T09:02:52.740+0000] {logging_mixin.py:188} INFO - [2025-08-19T09:02:52.740+0000] {dag.py:3954} INFO - Setting next_dagrun for example_xcom_args_with_operators to None, run_after=None
[2025-08-19T09:02:52.758+0000] {processor.py:183} INFO - Processing /home/airflow/.local/lib/python3.12/site-packages/airflow/example_dags/example_xcomargs.py took 0.087 seconds
[2025-08-19T09:03:22.971+0000] {processor.py:161} INFO - Started process (PID=1652) to work on /home/airflow/.local/lib/python3.12/site-packages/airflow/example_dags/example_xcomargs.py
[2025-08-19T09:03:22.972+0000] {processor.py:830} INFO - Processing file /home/airflow/.local/lib/python3.12/site-packages/airflow/example_dags/example_xcomargs.py for tasks to queue
[2025-08-19T09:03:22.975+0000] {logging_mixin.py:188} INFO - [2025-08-19T09:03:22.974+0000] {dagbag.py:540} INFO - Filling up the DagBag from /home/airflow/.local/lib/python3.12/site-packages/airflow/example_dags/example_xcomargs.py
[2025-08-19T09:03:22.985+0000] {processor.py:840} INFO - DAG(s) 'example_xcom_args', 'example_xcom_args_with_operators' retrieved from /home/airflow/.local/lib/python3.12/site-packages/airflow/example_dags/example_xcomargs.py
[2025-08-19T09:03:23.016+0000] {logging_mixin.py:188} INFO - [2025-08-19T09:03:23.015+0000] {dag.py:3096} INFO - Sync 2 DAGs
[2025-08-19T09:03:23.030+0000] {logging_mixin.py:188} INFO - [2025-08-19T09:03:23.030+0000] {dag.py:3954} INFO - Setting next_dagrun for example_xcom_args to None, run_after=None
[2025-08-19T09:03:23.034+0000] {logging_mixin.py:188} INFO - [2025-08-19T09:03:23.034+0000] {dag.py:3954} INFO - Setting next_dagrun for example_xcom_args_with_operators to None, run_after=None
[2025-08-19T09:03:23.053+0000] {processor.py:183} INFO - Processing /home/airflow/.local/lib/python3.12/site-packages/airflow/example_dags/example_xcomargs.py took 0.090 seconds
[2025-08-19T09:03:53.232+0000] {processor.py:161} INFO - Started process (PID=1710) to work on /home/airflow/.local/lib/python3.12/site-packages/airflow/example_dags/example_xcomargs.py
[2025-08-19T09:03:53.233+0000] {processor.py:830} INFO - Processing file /home/airflow/.local/lib/python3.12/site-packages/airflow/example_dags/example_xcomargs.py for tasks to queue
[2025-08-19T09:03:53.236+0000] {logging_mixin.py:188} INFO - [2025-08-19T09:03:53.235+0000] {dagbag.py:540} INFO - Filling up the DagBag from /home/airflow/.local/lib/python3.12/site-packages/airflow/example_dags/example_xcomargs.py
[2025-08-19T09:03:53.246+0000] {processor.py:840} INFO - DAG(s) 'example_xcom_args_with_operators', 'example_xcom_args' retrieved from /home/airflow/.local/lib/python3.12/site-packages/airflow/example_dags/example_xcomargs.py
[2025-08-19T09:03:53.276+0000] {logging_mixin.py:188} INFO - [2025-08-19T09:03:53.275+0000] {dag.py:3096} INFO - Sync 2 DAGs
[2025-08-19T09:03:53.290+0000] {logging_mixin.py:188} INFO - [2025-08-19T09:03:53.290+0000] {dag.py:3954} INFO - Setting next_dagrun for example_xcom_args to None, run_after=None
[2025-08-19T09:03:53.295+0000] {logging_mixin.py:188} INFO - [2025-08-19T09:03:53.294+0000] {dag.py:3954} INFO - Setting next_dagrun for example_xcom_args_with_operators to None, run_after=None
[2025-08-19T09:03:53.312+0000] {processor.py:183} INFO - Processing /home/airflow/.local/lib/python3.12/site-packages/airflow/example_dags/example_xcomargs.py took 0.088 seconds
[2025-08-19T09:04:23.508+0000] {processor.py:161} INFO - Started process (PID=1768) to work on /home/airflow/.local/lib/python3.12/site-packages/airflow/example_dags/example_xcomargs.py
[2025-08-19T09:04:23.509+0000] {processor.py:830} INFO - Processing file /home/airflow/.local/lib/python3.12/site-packages/airflow/example_dags/example_xcomargs.py for tasks to queue
[2025-08-19T09:04:23.511+0000] {logging_mixin.py:188} INFO - [2025-08-19T09:04:23.511+0000] {dagbag.py:540} INFO - Filling up the DagBag from /home/airflow/.local/lib/python3.12/site-packages/airflow/example_dags/example_xcomargs.py
[2025-08-19T09:04:23.522+0000] {processor.py:840} INFO - DAG(s) 'example_xcom_args', 'example_xcom_args_with_operators' retrieved from /home/airflow/.local/lib/python3.12/site-packages/airflow/example_dags/example_xcomargs.py
[2025-08-19T09:04:23.552+0000] {logging_mixin.py:188} INFO - [2025-08-19T09:04:23.551+0000] {dag.py:3096} INFO - Sync 2 DAGs
[2025-08-19T09:04:23.567+0000] {logging_mixin.py:188} INFO - [2025-08-19T09:04:23.567+0000] {dag.py:3954} INFO - Setting next_dagrun for example_xcom_args to None, run_after=None
[2025-08-19T09:04:23.571+0000] {logging_mixin.py:188} INFO - [2025-08-19T09:04:23.571+0000] {dag.py:3954} INFO - Setting next_dagrun for example_xcom_args_with_operators to None, run_after=None
[2025-08-19T09:04:23.588+0000] {processor.py:183} INFO - Processing /home/airflow/.local/lib/python3.12/site-packages/airflow/example_dags/example_xcomargs.py took 0.088 seconds
[2025-08-19T09:04:53.737+0000] {processor.py:161} INFO - Started process (PID=1827) to work on /home/airflow/.local/lib/python3.12/site-packages/airflow/example_dags/example_xcomargs.py
[2025-08-19T09:04:53.738+0000] {processor.py:830} INFO - Processing file /home/airflow/.local/lib/python3.12/site-packages/airflow/example_dags/example_xcomargs.py for tasks to queue
[2025-08-19T09:04:53.741+0000] {logging_mixin.py:188} INFO - [2025-08-19T09:04:53.740+0000] {dagbag.py:540} INFO - Filling up the DagBag from /home/airflow/.local/lib/python3.12/site-packages/airflow/example_dags/example_xcomargs.py
[2025-08-19T09:04:53.752+0000] {processor.py:840} INFO - DAG(s) 'example_xcom_args_with_operators', 'example_xcom_args' retrieved from /home/airflow/.local/lib/python3.12/site-packages/airflow/example_dags/example_xcomargs.py
[2025-08-19T09:04:53.782+0000] {logging_mixin.py:188} INFO - [2025-08-19T09:04:53.782+0000] {dag.py:3096} INFO - Sync 2 DAGs
[2025-08-19T09:04:53.799+0000] {logging_mixin.py:188} INFO - [2025-08-19T09:04:53.798+0000] {dag.py:3954} INFO - Setting next_dagrun for example_xcom_args to None, run_after=None
[2025-08-19T09:04:53.803+0000] {logging_mixin.py:188} INFO - [2025-08-19T09:04:53.803+0000] {dag.py:3954} INFO - Setting next_dagrun for example_xcom_args_with_operators to None, run_after=None
[2025-08-19T09:04:53.822+0000] {processor.py:183} INFO - Processing /home/airflow/.local/lib/python3.12/site-packages/airflow/example_dags/example_xcomargs.py took 0.093 seconds
[2025-08-19T09:05:23.957+0000] {processor.py:161} INFO - Started process (PID=1886) to work on /home/airflow/.local/lib/python3.12/site-packages/airflow/example_dags/example_xcomargs.py
[2025-08-19T09:05:23.959+0000] {processor.py:830} INFO - Processing file /home/airflow/.local/lib/python3.12/site-packages/airflow/example_dags/example_xcomargs.py for tasks to queue
[2025-08-19T09:05:23.961+0000] {logging_mixin.py:188} INFO - [2025-08-19T09:05:23.961+0000] {dagbag.py:540} INFO - Filling up the DagBag from /home/airflow/.local/lib/python3.12/site-packages/airflow/example_dags/example_xcomargs.py
[2025-08-19T09:05:23.971+0000] {processor.py:840} INFO - DAG(s) 'example_xcom_args_with_operators', 'example_xcom_args' retrieved from /home/airflow/.local/lib/python3.12/site-packages/airflow/example_dags/example_xcomargs.py
[2025-08-19T09:05:23.999+0000] {logging_mixin.py:188} INFO - [2025-08-19T09:05:23.999+0000] {dag.py:3096} INFO - Sync 2 DAGs
[2025-08-19T09:05:24.015+0000] {logging_mixin.py:188} INFO - [2025-08-19T09:05:24.015+0000] {dag.py:3954} INFO - Setting next_dagrun for example_xcom_args to None, run_after=None
[2025-08-19T09:05:24.019+0000] {logging_mixin.py:188} INFO - [2025-08-19T09:05:24.019+0000] {dag.py:3954} INFO - Setting next_dagrun for example_xcom_args_with_operators to None, run_after=None
[2025-08-19T09:05:24.037+0000] {processor.py:183} INFO - Processing /home/airflow/.local/lib/python3.12/site-packages/airflow/example_dags/example_xcomargs.py took 0.088 seconds
[2025-08-19T09:05:54.414+0000] {processor.py:161} INFO - Started process (PID=1944) to work on /home/airflow/.local/lib/python3.12/site-packages/airflow/example_dags/example_xcomargs.py
[2025-08-19T09:05:54.416+0000] {processor.py:830} INFO - Processing file /home/airflow/.local/lib/python3.12/site-packages/airflow/example_dags/example_xcomargs.py for tasks to queue
[2025-08-19T09:05:54.418+0000] {logging_mixin.py:188} INFO - [2025-08-19T09:05:54.418+0000] {dagbag.py:540} INFO - Filling up the DagBag from /home/airflow/.local/lib/python3.12/site-packages/airflow/example_dags/example_xcomargs.py
[2025-08-19T09:05:54.429+0000] {processor.py:840} INFO - DAG(s) 'example_xcom_args', 'example_xcom_args_with_operators' retrieved from /home/airflow/.local/lib/python3.12/site-packages/airflow/example_dags/example_xcomargs.py
[2025-08-19T09:05:54.457+0000] {logging_mixin.py:188} INFO - [2025-08-19T09:05:54.457+0000] {dag.py:3096} INFO - Sync 2 DAGs
[2025-08-19T09:05:54.472+0000] {logging_mixin.py:188} INFO - [2025-08-19T09:05:54.471+0000] {dag.py:3954} INFO - Setting next_dagrun for example_xcom_args to None, run_after=None
[2025-08-19T09:05:54.476+0000] {logging_mixin.py:188} INFO - [2025-08-19T09:05:54.476+0000] {dag.py:3954} INFO - Setting next_dagrun for example_xcom_args_with_operators to None, run_after=None
[2025-08-19T09:05:54.496+0000] {processor.py:183} INFO - Processing /home/airflow/.local/lib/python3.12/site-packages/airflow/example_dags/example_xcomargs.py took 0.090 seconds
[2025-08-19T09:06:24.673+0000] {processor.py:161} INFO - Started process (PID=2002) to work on /home/airflow/.local/lib/python3.12/site-packages/airflow/example_dags/example_xcomargs.py
[2025-08-19T09:06:24.674+0000] {processor.py:830} INFO - Processing file /home/airflow/.local/lib/python3.12/site-packages/airflow/example_dags/example_xcomargs.py for tasks to queue
[2025-08-19T09:06:24.677+0000] {logging_mixin.py:188} INFO - [2025-08-19T09:06:24.676+0000] {dagbag.py:540} INFO - Filling up the DagBag from /home/airflow/.local/lib/python3.12/site-packages/airflow/example_dags/example_xcomargs.py
[2025-08-19T09:06:24.689+0000] {processor.py:840} INFO - DAG(s) 'example_xcom_args_with_operators', 'example_xcom_args' retrieved from /home/airflow/.local/lib/python3.12/site-packages/airflow/example_dags/example_xcomargs.py
[2025-08-19T09:06:24.721+0000] {logging_mixin.py:188} INFO - [2025-08-19T09:06:24.721+0000] {dag.py:3096} INFO - Sync 2 DAGs
[2025-08-19T09:06:24.738+0000] {logging_mixin.py:188} INFO - [2025-08-19T09:06:24.738+0000] {dag.py:3954} INFO - Setting next_dagrun for example_xcom_args to None, run_after=None
[2025-08-19T09:06:24.742+0000] {logging_mixin.py:188} INFO - [2025-08-19T09:06:24.742+0000] {dag.py:3954} INFO - Setting next_dagrun for example_xcom_args_with_operators to None, run_after=None
[2025-08-19T09:06:24.762+0000] {processor.py:183} INFO - Processing /home/airflow/.local/lib/python3.12/site-packages/airflow/example_dags/example_xcomargs.py took 0.097 seconds
[2025-08-19T09:06:55.002+0000] {processor.py:161} INFO - Started process (PID=2061) to work on /home/airflow/.local/lib/python3.12/site-packages/airflow/example_dags/example_xcomargs.py
[2025-08-19T09:06:55.004+0000] {processor.py:830} INFO - Processing file /home/airflow/.local/lib/python3.12/site-packages/airflow/example_dags/example_xcomargs.py for tasks to queue
[2025-08-19T09:06:55.006+0000] {logging_mixin.py:188} INFO - [2025-08-19T09:06:55.006+0000] {dagbag.py:540} INFO - Filling up the DagBag from /home/airflow/.local/lib/python3.12/site-packages/airflow/example_dags/example_xcomargs.py
[2025-08-19T09:06:55.016+0000] {processor.py:840} INFO - DAG(s) 'example_xcom_args', 'example_xcom_args_with_operators' retrieved from /home/airflow/.local/lib/python3.12/site-packages/airflow/example_dags/example_xcomargs.py
[2025-08-19T09:06:55.046+0000] {logging_mixin.py:188} INFO - [2025-08-19T09:06:55.046+0000] {dag.py:3096} INFO - Sync 2 DAGs
[2025-08-19T09:06:55.061+0000] {logging_mixin.py:188} INFO - [2025-08-19T09:06:55.061+0000] {dag.py:3954} INFO - Setting next_dagrun for example_xcom_args to None, run_after=None
[2025-08-19T09:06:55.065+0000] {logging_mixin.py:188} INFO - [2025-08-19T09:06:55.065+0000] {dag.py:3954} INFO - Setting next_dagrun for example_xcom_args_with_operators to None, run_after=None
[2025-08-19T09:06:55.084+0000] {processor.py:183} INFO - Processing /home/airflow/.local/lib/python3.12/site-packages/airflow/example_dags/example_xcomargs.py took 0.090 seconds
[2025-08-19T09:07:25.331+0000] {processor.py:161} INFO - Started process (PID=2119) to work on /home/airflow/.local/lib/python3.12/site-packages/airflow/example_dags/example_xcomargs.py
[2025-08-19T09:07:25.332+0000] {processor.py:830} INFO - Processing file /home/airflow/.local/lib/python3.12/site-packages/airflow/example_dags/example_xcomargs.py for tasks to queue
[2025-08-19T09:07:25.335+0000] {logging_mixin.py:188} INFO - [2025-08-19T09:07:25.335+0000] {dagbag.py:540} INFO - Filling up the DagBag from /home/airflow/.local/lib/python3.12/site-packages/airflow/example_dags/example_xcomargs.py
[2025-08-19T09:07:25.345+0000] {processor.py:840} INFO - DAG(s) 'example_xcom_args_with_operators', 'example_xcom_args' retrieved from /home/airflow/.local/lib/python3.12/site-packages/airflow/example_dags/example_xcomargs.py
[2025-08-19T09:07:25.374+0000] {logging_mixin.py:188} INFO - [2025-08-19T09:07:25.374+0000] {dag.py:3096} INFO - Sync 2 DAGs
[2025-08-19T09:07:25.389+0000] {logging_mixin.py:188} INFO - [2025-08-19T09:07:25.389+0000] {dag.py:3954} INFO - Setting next_dagrun for example_xcom_args to None, run_after=None
[2025-08-19T09:07:25.393+0000] {logging_mixin.py:188} INFO - [2025-08-19T09:07:25.393+0000] {dag.py:3954} INFO - Setting next_dagrun for example_xcom_args_with_operators to None, run_after=None
[2025-08-19T09:07:25.412+0000] {processor.py:183} INFO - Processing /home/airflow/.local/lib/python3.12/site-packages/airflow/example_dags/example_xcomargs.py took 0.089 seconds
[2025-08-19T09:07:55.737+0000] {processor.py:161} INFO - Started process (PID=2177) to work on /home/airflow/.local/lib/python3.12/site-packages/airflow/example_dags/example_xcomargs.py
[2025-08-19T09:07:55.739+0000] {processor.py:830} INFO - Processing file /home/airflow/.local/lib/python3.12/site-packages/airflow/example_dags/example_xcomargs.py for tasks to queue
[2025-08-19T09:07:55.742+0000] {logging_mixin.py:188} INFO - [2025-08-19T09:07:55.742+0000] {dagbag.py:540} INFO - Filling up the DagBag from /home/airflow/.local/lib/python3.12/site-packages/airflow/example_dags/example_xcomargs.py
[2025-08-19T09:07:55.755+0000] {processor.py:840} INFO - DAG(s) 'example_xcom_args_with_operators', 'example_xcom_args' retrieved from /home/airflow/.local/lib/python3.12/site-packages/airflow/example_dags/example_xcomargs.py
[2025-08-19T09:07:55.787+0000] {logging_mixin.py:188} INFO - [2025-08-19T09:07:55.787+0000] {dag.py:3096} INFO - Sync 2 DAGs
[2025-08-19T09:07:55.804+0000] {logging_mixin.py:188} INFO - [2025-08-19T09:07:55.804+0000] {dag.py:3954} INFO - Setting next_dagrun for example_xcom_args to None, run_after=None
[2025-08-19T09:07:55.808+0000] {logging_mixin.py:188} INFO - [2025-08-19T09:07:55.808+0000] {dag.py:3954} INFO - Setting next_dagrun for example_xcom_args_with_operators to None, run_after=None
[2025-08-19T09:07:55.827+0000] {processor.py:183} INFO - Processing /home/airflow/.local/lib/python3.12/site-packages/airflow/example_dags/example_xcomargs.py took 0.099 seconds
[2025-08-19T09:08:26.365+0000] {processor.py:161} INFO - Started process (PID=2235) to work on /home/airflow/.local/lib/python3.12/site-packages/airflow/example_dags/example_xcomargs.py
[2025-08-19T09:08:26.367+0000] {processor.py:830} INFO - Processing file /home/airflow/.local/lib/python3.12/site-packages/airflow/example_dags/example_xcomargs.py for tasks to queue
[2025-08-19T09:08:26.370+0000] {logging_mixin.py:188} INFO - [2025-08-19T09:08:26.369+0000] {dagbag.py:540} INFO - Filling up the DagBag from /home/airflow/.local/lib/python3.12/site-packages/airflow/example_dags/example_xcomargs.py
[2025-08-19T09:08:26.381+0000] {processor.py:840} INFO - DAG(s) 'example_xcom_args', 'example_xcom_args_with_operators' retrieved from /home/airflow/.local/lib/python3.12/site-packages/airflow/example_dags/example_xcomargs.py
[2025-08-19T09:08:26.412+0000] {logging_mixin.py:188} INFO - [2025-08-19T09:08:26.411+0000] {dag.py:3096} INFO - Sync 2 DAGs
[2025-08-19T09:08:26.428+0000] {logging_mixin.py:188} INFO - [2025-08-19T09:08:26.427+0000] {dag.py:3954} INFO - Setting next_dagrun for example_xcom_args to None, run_after=None
[2025-08-19T09:08:26.432+0000] {logging_mixin.py:188} INFO - [2025-08-19T09:08:26.432+0000] {dag.py:3954} INFO - Setting next_dagrun for example_xcom_args_with_operators to None, run_after=None
[2025-08-19T09:08:26.450+0000] {processor.py:183} INFO - Processing /home/airflow/.local/lib/python3.12/site-packages/airflow/example_dags/example_xcomargs.py took 0.093 seconds
[2025-08-19T09:08:56.853+0000] {processor.py:161} INFO - Started process (PID=2293) to work on /home/airflow/.local/lib/python3.12/site-packages/airflow/example_dags/example_xcomargs.py
[2025-08-19T09:08:56.855+0000] {processor.py:830} INFO - Processing file /home/airflow/.local/lib/python3.12/site-packages/airflow/example_dags/example_xcomargs.py for tasks to queue
[2025-08-19T09:08:56.857+0000] {logging_mixin.py:188} INFO - [2025-08-19T09:08:56.857+0000] {dagbag.py:540} INFO - Filling up the DagBag from /home/airflow/.local/lib/python3.12/site-packages/airflow/example_dags/example_xcomargs.py
[2025-08-19T09:08:56.868+0000] {processor.py:840} INFO - DAG(s) 'example_xcom_args_with_operators', 'example_xcom_args' retrieved from /home/airflow/.local/lib/python3.12/site-packages/airflow/example_dags/example_xcomargs.py
[2025-08-19T09:08:56.896+0000] {logging_mixin.py:188} INFO - [2025-08-19T09:08:56.896+0000] {dag.py:3096} INFO - Sync 2 DAGs
[2025-08-19T09:08:56.911+0000] {logging_mixin.py:188} INFO - [2025-08-19T09:08:56.911+0000] {dag.py:3954} INFO - Setting next_dagrun for example_xcom_args to None, run_after=None
[2025-08-19T09:08:56.915+0000] {logging_mixin.py:188} INFO - [2025-08-19T09:08:56.915+0000] {dag.py:3954} INFO - Setting next_dagrun for example_xcom_args_with_operators to None, run_after=None
[2025-08-19T09:08:56.933+0000] {processor.py:183} INFO - Processing /home/airflow/.local/lib/python3.12/site-packages/airflow/example_dags/example_xcomargs.py took 0.088 seconds
[2025-08-19T09:09:27.368+0000] {processor.py:161} INFO - Started process (PID=2351) to work on /home/airflow/.local/lib/python3.12/site-packages/airflow/example_dags/example_xcomargs.py
[2025-08-19T09:09:27.370+0000] {processor.py:830} INFO - Processing file /home/airflow/.local/lib/python3.12/site-packages/airflow/example_dags/example_xcomargs.py for tasks to queue
[2025-08-19T09:09:27.372+0000] {logging_mixin.py:188} INFO - [2025-08-19T09:09:27.372+0000] {dagbag.py:540} INFO - Filling up the DagBag from /home/airflow/.local/lib/python3.12/site-packages/airflow/example_dags/example_xcomargs.py
[2025-08-19T09:09:27.382+0000] {processor.py:840} INFO - DAG(s) 'example_xcom_args_with_operators', 'example_xcom_args' retrieved from /home/airflow/.local/lib/python3.12/site-packages/airflow/example_dags/example_xcomargs.py
[2025-08-19T09:09:27.412+0000] {logging_mixin.py:188} INFO - [2025-08-19T09:09:27.411+0000] {dag.py:3096} INFO - Sync 2 DAGs
[2025-08-19T09:09:27.427+0000] {logging_mixin.py:188} INFO - [2025-08-19T09:09:27.426+0000] {dag.py:3954} INFO - Setting next_dagrun for example_xcom_args to None, run_after=None
[2025-08-19T09:09:27.431+0000] {logging_mixin.py:188} INFO - [2025-08-19T09:09:27.430+0000] {dag.py:3954} INFO - Setting next_dagrun for example_xcom_args_with_operators to None, run_after=None
[2025-08-19T09:09:27.449+0000] {processor.py:183} INFO - Processing /home/airflow/.local/lib/python3.12/site-packages/airflow/example_dags/example_xcomargs.py took 0.088 seconds
[2025-08-19T09:09:58.020+0000] {processor.py:161} INFO - Started process (PID=2409) to work on /home/airflow/.local/lib/python3.12/site-packages/airflow/example_dags/example_xcomargs.py
[2025-08-19T09:09:58.021+0000] {processor.py:830} INFO - Processing file /home/airflow/.local/lib/python3.12/site-packages/airflow/example_dags/example_xcomargs.py for tasks to queue
[2025-08-19T09:09:58.024+0000] {logging_mixin.py:188} INFO - [2025-08-19T09:09:58.023+0000] {dagbag.py:540} INFO - Filling up the DagBag from /home/airflow/.local/lib/python3.12/site-packages/airflow/example_dags/example_xcomargs.py
[2025-08-19T09:09:58.035+0000] {processor.py:840} INFO - DAG(s) 'example_xcom_args_with_operators', 'example_xcom_args' retrieved from /home/airflow/.local/lib/python3.12/site-packages/airflow/example_dags/example_xcomargs.py
[2025-08-19T09:09:58.066+0000] {logging_mixin.py:188} INFO - [2025-08-19T09:09:58.065+0000] {dag.py:3096} INFO - Sync 2 DAGs
[2025-08-19T09:09:58.083+0000] {logging_mixin.py:188} INFO - [2025-08-19T09:09:58.083+0000] {dag.py:3954} INFO - Setting next_dagrun for example_xcom_args to None, run_after=None
[2025-08-19T09:09:58.088+0000] {logging_mixin.py:188} INFO - [2025-08-19T09:09:58.088+0000] {dag.py:3954} INFO - Setting next_dagrun for example_xcom_args_with_operators to None, run_after=None
[2025-08-19T09:09:58.109+0000] {processor.py:183} INFO - Processing /home/airflow/.local/lib/python3.12/site-packages/airflow/example_dags/example_xcomargs.py took 0.098 seconds
[2025-08-19T09:10:28.410+0000] {processor.py:161} INFO - Started process (PID=2467) to work on /home/airflow/.local/lib/python3.12/site-packages/airflow/example_dags/example_xcomargs.py
[2025-08-19T09:10:28.411+0000] {processor.py:830} INFO - Processing file /home/airflow/.local/lib/python3.12/site-packages/airflow/example_dags/example_xcomargs.py for tasks to queue
[2025-08-19T09:10:28.415+0000] {logging_mixin.py:188} INFO - [2025-08-19T09:10:28.414+0000] {dagbag.py:540} INFO - Filling up the DagBag from /home/airflow/.local/lib/python3.12/site-packages/airflow/example_dags/example_xcomargs.py
[2025-08-19T09:10:28.428+0000] {processor.py:840} INFO - DAG(s) 'example_xcom_args_with_operators', 'example_xcom_args' retrieved from /home/airflow/.local/lib/python3.12/site-packages/airflow/example_dags/example_xcomargs.py
[2025-08-19T09:10:28.460+0000] {logging_mixin.py:188} INFO - [2025-08-19T09:10:28.459+0000] {dag.py:3096} INFO - Sync 2 DAGs
[2025-08-19T09:10:28.477+0000] {logging_mixin.py:188} INFO - [2025-08-19T09:10:28.477+0000] {dag.py:3954} INFO - Setting next_dagrun for example_xcom_args to None, run_after=None
[2025-08-19T09:10:28.482+0000] {logging_mixin.py:188} INFO - [2025-08-19T09:10:28.482+0000] {dag.py:3954} INFO - Setting next_dagrun for example_xcom_args_with_operators to None, run_after=None
[2025-08-19T09:10:28.502+0000] {processor.py:183} INFO - Processing /home/airflow/.local/lib/python3.12/site-packages/airflow/example_dags/example_xcomargs.py took 0.101 seconds
[2025-08-19T09:10:58.963+0000] {processor.py:161} INFO - Started process (PID=2523) to work on /home/airflow/.local/lib/python3.12/site-packages/airflow/example_dags/example_xcomargs.py
[2025-08-19T09:10:58.964+0000] {processor.py:830} INFO - Processing file /home/airflow/.local/lib/python3.12/site-packages/airflow/example_dags/example_xcomargs.py for tasks to queue
[2025-08-19T09:10:58.967+0000] {logging_mixin.py:188} INFO - [2025-08-19T09:10:58.966+0000] {dagbag.py:540} INFO - Filling up the DagBag from /home/airflow/.local/lib/python3.12/site-packages/airflow/example_dags/example_xcomargs.py
[2025-08-19T09:10:58.977+0000] {processor.py:840} INFO - DAG(s) 'example_xcom_args', 'example_xcom_args_with_operators' retrieved from /home/airflow/.local/lib/python3.12/site-packages/airflow/example_dags/example_xcomargs.py
[2025-08-19T09:10:59.008+0000] {logging_mixin.py:188} INFO - [2025-08-19T09:10:59.008+0000] {dag.py:3096} INFO - Sync 2 DAGs
[2025-08-19T09:10:59.024+0000] {logging_mixin.py:188} INFO - [2025-08-19T09:10:59.024+0000] {dag.py:3954} INFO - Setting next_dagrun for example_xcom_args to None, run_after=None
[2025-08-19T09:10:59.028+0000] {logging_mixin.py:188} INFO - [2025-08-19T09:10:59.028+0000] {dag.py:3954} INFO - Setting next_dagrun for example_xcom_args_with_operators to None, run_after=None
[2025-08-19T09:10:59.047+0000] {processor.py:183} INFO - Processing /home/airflow/.local/lib/python3.12/site-packages/airflow/example_dags/example_xcomargs.py took 0.092 seconds
