[2025-08-19T08:49:42.067+0000] {processor.py:161} INFO - Started process (PID=80) to work on /home/airflow/.local/lib/python3.12/site-packages/airflow/example_dags/example_display_name.py
[2025-08-19T08:49:42.068+0000] {processor.py:830} INFO - Processing file /home/airflow/.local/lib/python3.12/site-packages/airflow/example_dags/example_display_name.py for tasks to queue
[2025-08-19T08:49:42.070+0000] {logging_mixin.py:188} INFO - [2025-08-19T08:49:42.070+0000] {dagbag.py:540} INFO - Filling up the DagBag from /home/airflow/.local/lib/python3.12/site-packages/airflow/example_dags/example_display_name.py
[2025-08-19T08:49:42.078+0000] {processor.py:840} INFO - DAG(s) 'example_display_name' retrieved from /home/airflow/.local/lib/python3.12/site-packages/airflow/example_dags/example_display_name.py
[2025-08-19T08:49:42.211+0000] {logging_mixin.py:188} INFO - [2025-08-19T08:49:42.210+0000] {dag.py:3096} INFO - Sync 1 DAGs
[2025-08-19T08:49:42.224+0000] {logging_mixin.py:188} INFO - [2025-08-19T08:49:42.223+0000] {dag.py:3954} INFO - Setting next_dagrun for example_display_name to None, run_after=None
[2025-08-19T08:49:42.246+0000] {processor.py:183} INFO - Processing /home/airflow/.local/lib/python3.12/site-packages/airflow/example_dags/example_display_name.py took 0.187 seconds
[2025-08-19T08:50:12.641+0000] {processor.py:161} INFO - Started process (PID=138) to work on /home/airflow/.local/lib/python3.12/site-packages/airflow/example_dags/example_display_name.py
[2025-08-19T08:50:12.642+0000] {processor.py:830} INFO - Processing file /home/airflow/.local/lib/python3.12/site-packages/airflow/example_dags/example_display_name.py for tasks to queue
[2025-08-19T08:50:12.645+0000] {logging_mixin.py:188} INFO - [2025-08-19T08:50:12.644+0000] {dagbag.py:540} INFO - Filling up the DagBag from /home/airflow/.local/lib/python3.12/site-packages/airflow/example_dags/example_display_name.py
[2025-08-19T08:50:12.652+0000] {processor.py:840} INFO - DAG(s) 'example_display_name' retrieved from /home/airflow/.local/lib/python3.12/site-packages/airflow/example_dags/example_display_name.py
[2025-08-19T08:50:12.676+0000] {logging_mixin.py:188} INFO - [2025-08-19T08:50:12.676+0000] {dag.py:3096} INFO - Sync 1 DAGs
[2025-08-19T08:50:12.690+0000] {logging_mixin.py:188} INFO - [2025-08-19T08:50:12.690+0000] {dag.py:3954} INFO - Setting next_dagrun for example_display_name to None, run_after=None
[2025-08-19T08:50:12.711+0000] {processor.py:183} INFO - Processing /home/airflow/.local/lib/python3.12/site-packages/airflow/example_dags/example_display_name.py took 0.078 seconds
[2025-08-19T08:50:42.765+0000] {processor.py:161} INFO - Started process (PID=195) to work on /home/airflow/.local/lib/python3.12/site-packages/airflow/example_dags/example_display_name.py
[2025-08-19T08:50:42.766+0000] {processor.py:830} INFO - Processing file /home/airflow/.local/lib/python3.12/site-packages/airflow/example_dags/example_display_name.py for tasks to queue
[2025-08-19T08:50:42.768+0000] {logging_mixin.py:188} INFO - [2025-08-19T08:50:42.768+0000] {dagbag.py:540} INFO - Filling up the DagBag from /home/airflow/.local/lib/python3.12/site-packages/airflow/example_dags/example_display_name.py
[2025-08-19T08:50:42.776+0000] {processor.py:840} INFO - DAG(s) 'example_display_name' retrieved from /home/airflow/.local/lib/python3.12/site-packages/airflow/example_dags/example_display_name.py
[2025-08-19T08:50:42.790+0000] {logging_mixin.py:188} INFO - [2025-08-19T08:50:42.790+0000] {dag.py:3096} INFO - Sync 1 DAGs
[2025-08-19T08:50:42.806+0000] {logging_mixin.py:188} INFO - [2025-08-19T08:50:42.805+0000] {dag.py:3954} INFO - Setting next_dagrun for example_display_name to None, run_after=None
[2025-08-19T08:50:42.826+0000] {processor.py:183} INFO - Processing /home/airflow/.local/lib/python3.12/site-packages/airflow/example_dags/example_display_name.py took 0.069 seconds
[2025-08-19T08:51:14.309+0000] {processor.py:161} INFO - Started process (PID=260) to work on /home/airflow/.local/lib/python3.12/site-packages/airflow/example_dags/example_display_name.py
[2025-08-19T08:51:14.310+0000] {processor.py:830} INFO - Processing file /home/airflow/.local/lib/python3.12/site-packages/airflow/example_dags/example_display_name.py for tasks to queue
[2025-08-19T08:51:14.313+0000] {logging_mixin.py:188} INFO - [2025-08-19T08:51:14.312+0000] {dagbag.py:540} INFO - Filling up the DagBag from /home/airflow/.local/lib/python3.12/site-packages/airflow/example_dags/example_display_name.py
[2025-08-19T08:51:14.320+0000] {processor.py:840} INFO - DAG(s) 'example_display_name' retrieved from /home/airflow/.local/lib/python3.12/site-packages/airflow/example_dags/example_display_name.py
[2025-08-19T08:51:14.450+0000] {logging_mixin.py:188} INFO - [2025-08-19T08:51:14.450+0000] {dag.py:3096} INFO - Sync 1 DAGs
[2025-08-19T08:51:14.461+0000] {logging_mixin.py:188} INFO - [2025-08-19T08:51:14.461+0000] {dag.py:3954} INFO - Setting next_dagrun for example_display_name to None, run_after=None
[2025-08-19T08:51:14.483+0000] {processor.py:183} INFO - Processing /home/airflow/.local/lib/python3.12/site-packages/airflow/example_dags/example_display_name.py took 0.182 seconds
[2025-08-19T08:51:44.654+0000] {processor.py:161} INFO - Started process (PID=318) to work on /home/airflow/.local/lib/python3.12/site-packages/airflow/example_dags/example_display_name.py
[2025-08-19T08:51:44.655+0000] {processor.py:830} INFO - Processing file /home/airflow/.local/lib/python3.12/site-packages/airflow/example_dags/example_display_name.py for tasks to queue
[2025-08-19T08:51:44.658+0000] {logging_mixin.py:188} INFO - [2025-08-19T08:51:44.657+0000] {dagbag.py:540} INFO - Filling up the DagBag from /home/airflow/.local/lib/python3.12/site-packages/airflow/example_dags/example_display_name.py
[2025-08-19T08:51:44.665+0000] {processor.py:840} INFO - DAG(s) 'example_display_name' retrieved from /home/airflow/.local/lib/python3.12/site-packages/airflow/example_dags/example_display_name.py
[2025-08-19T08:51:44.690+0000] {logging_mixin.py:188} INFO - [2025-08-19T08:51:44.689+0000] {dag.py:3096} INFO - Sync 1 DAGs
[2025-08-19T08:51:44.709+0000] {logging_mixin.py:188} INFO - [2025-08-19T08:51:44.709+0000] {dag.py:3954} INFO - Setting next_dagrun for example_display_name to None, run_after=None
[2025-08-19T08:51:44.731+0000] {processor.py:183} INFO - Processing /home/airflow/.local/lib/python3.12/site-packages/airflow/example_dags/example_display_name.py took 0.085 seconds
[2025-08-19T08:52:14.990+0000] {processor.py:161} INFO - Started process (PID=376) to work on /home/airflow/.local/lib/python3.12/site-packages/airflow/example_dags/example_display_name.py
[2025-08-19T08:52:14.991+0000] {processor.py:830} INFO - Processing file /home/airflow/.local/lib/python3.12/site-packages/airflow/example_dags/example_display_name.py for tasks to queue
[2025-08-19T08:52:14.993+0000] {logging_mixin.py:188} INFO - [2025-08-19T08:52:14.993+0000] {dagbag.py:540} INFO - Filling up the DagBag from /home/airflow/.local/lib/python3.12/site-packages/airflow/example_dags/example_display_name.py
[2025-08-19T08:52:15.002+0000] {processor.py:840} INFO - DAG(s) 'example_display_name' retrieved from /home/airflow/.local/lib/python3.12/site-packages/airflow/example_dags/example_display_name.py
[2025-08-19T08:52:15.030+0000] {logging_mixin.py:188} INFO - [2025-08-19T08:52:15.030+0000] {dag.py:3096} INFO - Sync 1 DAGs
[2025-08-19T08:52:15.045+0000] {logging_mixin.py:188} INFO - [2025-08-19T08:52:15.045+0000] {dag.py:3954} INFO - Setting next_dagrun for example_display_name to None, run_after=None
[2025-08-19T08:52:15.067+0000] {processor.py:183} INFO - Processing /home/airflow/.local/lib/python3.12/site-packages/airflow/example_dags/example_display_name.py took 0.086 seconds
[2025-08-19T08:52:45.289+0000] {processor.py:161} INFO - Started process (PID=435) to work on /home/airflow/.local/lib/python3.12/site-packages/airflow/example_dags/example_display_name.py
[2025-08-19T08:52:45.291+0000] {processor.py:830} INFO - Processing file /home/airflow/.local/lib/python3.12/site-packages/airflow/example_dags/example_display_name.py for tasks to queue
[2025-08-19T08:52:45.293+0000] {logging_mixin.py:188} INFO - [2025-08-19T08:52:45.293+0000] {dagbag.py:540} INFO - Filling up the DagBag from /home/airflow/.local/lib/python3.12/site-packages/airflow/example_dags/example_display_name.py
[2025-08-19T08:52:45.301+0000] {processor.py:840} INFO - DAG(s) 'example_display_name' retrieved from /home/airflow/.local/lib/python3.12/site-packages/airflow/example_dags/example_display_name.py
[2025-08-19T08:52:45.326+0000] {logging_mixin.py:188} INFO - [2025-08-19T08:52:45.325+0000] {dag.py:3096} INFO - Sync 1 DAGs
[2025-08-19T08:52:45.341+0000] {logging_mixin.py:188} INFO - [2025-08-19T08:52:45.340+0000] {dag.py:3954} INFO - Setting next_dagrun for example_display_name to None, run_after=None
[2025-08-19T08:52:45.362+0000] {processor.py:183} INFO - Processing /home/airflow/.local/lib/python3.12/site-packages/airflow/example_dags/example_display_name.py took 0.081 seconds
[2025-08-19T08:53:15.494+0000] {processor.py:161} INFO - Started process (PID=494) to work on /home/airflow/.local/lib/python3.12/site-packages/airflow/example_dags/example_display_name.py
[2025-08-19T08:53:15.495+0000] {processor.py:830} INFO - Processing file /home/airflow/.local/lib/python3.12/site-packages/airflow/example_dags/example_display_name.py for tasks to queue
[2025-08-19T08:53:15.498+0000] {logging_mixin.py:188} INFO - [2025-08-19T08:53:15.497+0000] {dagbag.py:540} INFO - Filling up the DagBag from /home/airflow/.local/lib/python3.12/site-packages/airflow/example_dags/example_display_name.py
[2025-08-19T08:53:15.506+0000] {processor.py:840} INFO - DAG(s) 'example_display_name' retrieved from /home/airflow/.local/lib/python3.12/site-packages/airflow/example_dags/example_display_name.py
[2025-08-19T08:53:15.531+0000] {logging_mixin.py:188} INFO - [2025-08-19T08:53:15.531+0000] {dag.py:3096} INFO - Sync 1 DAGs
[2025-08-19T08:53:15.547+0000] {logging_mixin.py:188} INFO - [2025-08-19T08:53:15.547+0000] {dag.py:3954} INFO - Setting next_dagrun for example_display_name to None, run_after=None
[2025-08-19T08:53:15.568+0000] {processor.py:183} INFO - Processing /home/airflow/.local/lib/python3.12/site-packages/airflow/example_dags/example_display_name.py took 0.083 seconds
[2025-08-19T08:53:45.701+0000] {processor.py:161} INFO - Started process (PID=552) to work on /home/airflow/.local/lib/python3.12/site-packages/airflow/example_dags/example_display_name.py
[2025-08-19T08:53:45.703+0000] {processor.py:830} INFO - Processing file /home/airflow/.local/lib/python3.12/site-packages/airflow/example_dags/example_display_name.py for tasks to queue
[2025-08-19T08:53:45.705+0000] {logging_mixin.py:188} INFO - [2025-08-19T08:53:45.705+0000] {dagbag.py:540} INFO - Filling up the DagBag from /home/airflow/.local/lib/python3.12/site-packages/airflow/example_dags/example_display_name.py
[2025-08-19T08:53:45.713+0000] {processor.py:840} INFO - DAG(s) 'example_display_name' retrieved from /home/airflow/.local/lib/python3.12/site-packages/airflow/example_dags/example_display_name.py
[2025-08-19T08:53:45.738+0000] {logging_mixin.py:188} INFO - [2025-08-19T08:53:45.738+0000] {dag.py:3096} INFO - Sync 1 DAGs
[2025-08-19T08:53:45.754+0000] {logging_mixin.py:188} INFO - [2025-08-19T08:53:45.754+0000] {dag.py:3954} INFO - Setting next_dagrun for example_display_name to None, run_after=None
[2025-08-19T08:53:45.775+0000] {processor.py:183} INFO - Processing /home/airflow/.local/lib/python3.12/site-packages/airflow/example_dags/example_display_name.py took 0.081 seconds
[2025-08-19T08:54:16.029+0000] {processor.py:161} INFO - Started process (PID=610) to work on /home/airflow/.local/lib/python3.12/site-packages/airflow/example_dags/example_display_name.py
[2025-08-19T08:54:16.030+0000] {processor.py:830} INFO - Processing file /home/airflow/.local/lib/python3.12/site-packages/airflow/example_dags/example_display_name.py for tasks to queue
[2025-08-19T08:54:16.032+0000] {logging_mixin.py:188} INFO - [2025-08-19T08:54:16.032+0000] {dagbag.py:540} INFO - Filling up the DagBag from /home/airflow/.local/lib/python3.12/site-packages/airflow/example_dags/example_display_name.py
[2025-08-19T08:54:16.040+0000] {processor.py:840} INFO - DAG(s) 'example_display_name' retrieved from /home/airflow/.local/lib/python3.12/site-packages/airflow/example_dags/example_display_name.py
[2025-08-19T08:54:16.064+0000] {logging_mixin.py:188} INFO - [2025-08-19T08:54:16.064+0000] {dag.py:3096} INFO - Sync 1 DAGs
[2025-08-19T08:54:16.079+0000] {logging_mixin.py:188} INFO - [2025-08-19T08:54:16.079+0000] {dag.py:3954} INFO - Setting next_dagrun for example_display_name to None, run_after=None
[2025-08-19T08:54:16.099+0000] {processor.py:183} INFO - Processing /home/airflow/.local/lib/python3.12/site-packages/airflow/example_dags/example_display_name.py took 0.078 seconds
[2025-08-19T08:54:46.566+0000] {processor.py:161} INFO - Started process (PID=668) to work on /home/airflow/.local/lib/python3.12/site-packages/airflow/example_dags/example_display_name.py
[2025-08-19T08:54:46.567+0000] {processor.py:830} INFO - Processing file /home/airflow/.local/lib/python3.12/site-packages/airflow/example_dags/example_display_name.py for tasks to queue
[2025-08-19T08:54:46.570+0000] {logging_mixin.py:188} INFO - [2025-08-19T08:54:46.569+0000] {dagbag.py:540} INFO - Filling up the DagBag from /home/airflow/.local/lib/python3.12/site-packages/airflow/example_dags/example_display_name.py
[2025-08-19T08:54:46.578+0000] {processor.py:840} INFO - DAG(s) 'example_display_name' retrieved from /home/airflow/.local/lib/python3.12/site-packages/airflow/example_dags/example_display_name.py
[2025-08-19T08:54:46.603+0000] {logging_mixin.py:188} INFO - [2025-08-19T08:54:46.602+0000] {dag.py:3096} INFO - Sync 1 DAGs
[2025-08-19T08:54:46.618+0000] {logging_mixin.py:188} INFO - [2025-08-19T08:54:46.618+0000] {dag.py:3954} INFO - Setting next_dagrun for example_display_name to None, run_after=None
[2025-08-19T08:54:46.639+0000] {processor.py:183} INFO - Processing /home/airflow/.local/lib/python3.12/site-packages/airflow/example_dags/example_display_name.py took 0.083 seconds
[2025-08-19T08:55:17.192+0000] {processor.py:161} INFO - Started process (PID=726) to work on /home/airflow/.local/lib/python3.12/site-packages/airflow/example_dags/example_display_name.py
[2025-08-19T08:55:17.193+0000] {processor.py:830} INFO - Processing file /home/airflow/.local/lib/python3.12/site-packages/airflow/example_dags/example_display_name.py for tasks to queue
[2025-08-19T08:55:17.196+0000] {logging_mixin.py:188} INFO - [2025-08-19T08:55:17.195+0000] {dagbag.py:540} INFO - Filling up the DagBag from /home/airflow/.local/lib/python3.12/site-packages/airflow/example_dags/example_display_name.py
[2025-08-19T08:55:17.204+0000] {processor.py:840} INFO - DAG(s) 'example_display_name' retrieved from /home/airflow/.local/lib/python3.12/site-packages/airflow/example_dags/example_display_name.py
[2025-08-19T08:55:17.227+0000] {logging_mixin.py:188} INFO - [2025-08-19T08:55:17.227+0000] {dag.py:3096} INFO - Sync 1 DAGs
[2025-08-19T08:55:17.241+0000] {logging_mixin.py:188} INFO - [2025-08-19T08:55:17.241+0000] {dag.py:3954} INFO - Setting next_dagrun for example_display_name to None, run_after=None
[2025-08-19T08:55:17.261+0000] {processor.py:183} INFO - Processing /home/airflow/.local/lib/python3.12/site-packages/airflow/example_dags/example_display_name.py took 0.076 seconds
[2025-08-19T08:55:47.875+0000] {processor.py:161} INFO - Started process (PID=784) to work on /home/airflow/.local/lib/python3.12/site-packages/airflow/example_dags/example_display_name.py
[2025-08-19T08:55:47.877+0000] {processor.py:830} INFO - Processing file /home/airflow/.local/lib/python3.12/site-packages/airflow/example_dags/example_display_name.py for tasks to queue
[2025-08-19T08:55:47.880+0000] {logging_mixin.py:188} INFO - [2025-08-19T08:55:47.879+0000] {dagbag.py:540} INFO - Filling up the DagBag from /home/airflow/.local/lib/python3.12/site-packages/airflow/example_dags/example_display_name.py
[2025-08-19T08:55:47.889+0000] {processor.py:840} INFO - DAG(s) 'example_display_name' retrieved from /home/airflow/.local/lib/python3.12/site-packages/airflow/example_dags/example_display_name.py
[2025-08-19T08:55:47.917+0000] {logging_mixin.py:188} INFO - [2025-08-19T08:55:47.916+0000] {dag.py:3096} INFO - Sync 1 DAGs
[2025-08-19T08:55:47.932+0000] {logging_mixin.py:188} INFO - [2025-08-19T08:55:47.932+0000] {dag.py:3954} INFO - Setting next_dagrun for example_display_name to None, run_after=None
[2025-08-19T08:55:47.957+0000] {processor.py:183} INFO - Processing /home/airflow/.local/lib/python3.12/site-packages/airflow/example_dags/example_display_name.py took 0.091 seconds
[2025-08-19T08:56:18.384+0000] {processor.py:161} INFO - Started process (PID=842) to work on /home/airflow/.local/lib/python3.12/site-packages/airflow/example_dags/example_display_name.py
[2025-08-19T08:56:18.386+0000] {processor.py:830} INFO - Processing file /home/airflow/.local/lib/python3.12/site-packages/airflow/example_dags/example_display_name.py for tasks to queue
[2025-08-19T08:56:18.388+0000] {logging_mixin.py:188} INFO - [2025-08-19T08:56:18.388+0000] {dagbag.py:540} INFO - Filling up the DagBag from /home/airflow/.local/lib/python3.12/site-packages/airflow/example_dags/example_display_name.py
[2025-08-19T08:56:18.397+0000] {processor.py:840} INFO - DAG(s) 'example_display_name' retrieved from /home/airflow/.local/lib/python3.12/site-packages/airflow/example_dags/example_display_name.py
[2025-08-19T08:56:18.424+0000] {logging_mixin.py:188} INFO - [2025-08-19T08:56:18.423+0000] {dag.py:3096} INFO - Sync 1 DAGs
[2025-08-19T08:56:18.440+0000] {logging_mixin.py:188} INFO - [2025-08-19T08:56:18.440+0000] {dag.py:3954} INFO - Setting next_dagrun for example_display_name to None, run_after=None
[2025-08-19T08:56:18.464+0000] {processor.py:183} INFO - Processing /home/airflow/.local/lib/python3.12/site-packages/airflow/example_dags/example_display_name.py took 0.087 seconds
[2025-08-19T08:56:48.680+0000] {processor.py:161} INFO - Started process (PID=900) to work on /home/airflow/.local/lib/python3.12/site-packages/airflow/example_dags/example_display_name.py
[2025-08-19T08:56:48.681+0000] {processor.py:830} INFO - Processing file /home/airflow/.local/lib/python3.12/site-packages/airflow/example_dags/example_display_name.py for tasks to queue
[2025-08-19T08:56:48.684+0000] {logging_mixin.py:188} INFO - [2025-08-19T08:56:48.683+0000] {dagbag.py:540} INFO - Filling up the DagBag from /home/airflow/.local/lib/python3.12/site-packages/airflow/example_dags/example_display_name.py
[2025-08-19T08:56:48.693+0000] {processor.py:840} INFO - DAG(s) 'example_display_name' retrieved from /home/airflow/.local/lib/python3.12/site-packages/airflow/example_dags/example_display_name.py
[2025-08-19T08:56:48.719+0000] {logging_mixin.py:188} INFO - [2025-08-19T08:56:48.719+0000] {dag.py:3096} INFO - Sync 1 DAGs
[2025-08-19T08:56:48.737+0000] {logging_mixin.py:188} INFO - [2025-08-19T08:56:48.737+0000] {dag.py:3954} INFO - Setting next_dagrun for example_display_name to None, run_after=None
[2025-08-19T08:56:48.760+0000] {processor.py:183} INFO - Processing /home/airflow/.local/lib/python3.12/site-packages/airflow/example_dags/example_display_name.py took 0.087 seconds
[2025-08-19T08:57:19.182+0000] {processor.py:161} INFO - Started process (PID=958) to work on /home/airflow/.local/lib/python3.12/site-packages/airflow/example_dags/example_display_name.py
[2025-08-19T08:57:19.183+0000] {processor.py:830} INFO - Processing file /home/airflow/.local/lib/python3.12/site-packages/airflow/example_dags/example_display_name.py for tasks to queue
[2025-08-19T08:57:19.185+0000] {logging_mixin.py:188} INFO - [2025-08-19T08:57:19.185+0000] {dagbag.py:540} INFO - Filling up the DagBag from /home/airflow/.local/lib/python3.12/site-packages/airflow/example_dags/example_display_name.py
[2025-08-19T08:57:19.193+0000] {processor.py:840} INFO - DAG(s) 'example_display_name' retrieved from /home/airflow/.local/lib/python3.12/site-packages/airflow/example_dags/example_display_name.py
[2025-08-19T08:57:19.218+0000] {logging_mixin.py:188} INFO - [2025-08-19T08:57:19.217+0000] {dag.py:3096} INFO - Sync 1 DAGs
[2025-08-19T08:57:19.235+0000] {logging_mixin.py:188} INFO - [2025-08-19T08:57:19.234+0000] {dag.py:3954} INFO - Setting next_dagrun for example_display_name to None, run_after=None
[2025-08-19T08:57:19.255+0000] {processor.py:183} INFO - Processing /home/airflow/.local/lib/python3.12/site-packages/airflow/example_dags/example_display_name.py took 0.081 seconds
[2025-08-19T08:57:49.309+0000] {processor.py:161} INFO - Started process (PID=1016) to work on /home/airflow/.local/lib/python3.12/site-packages/airflow/example_dags/example_display_name.py
[2025-08-19T08:57:49.310+0000] {processor.py:830} INFO - Processing file /home/airflow/.local/lib/python3.12/site-packages/airflow/example_dags/example_display_name.py for tasks to queue
[2025-08-19T08:57:49.313+0000] {logging_mixin.py:188} INFO - [2025-08-19T08:57:49.313+0000] {dagbag.py:540} INFO - Filling up the DagBag from /home/airflow/.local/lib/python3.12/site-packages/airflow/example_dags/example_display_name.py
[2025-08-19T08:57:49.322+0000] {processor.py:840} INFO - DAG(s) 'example_display_name' retrieved from /home/airflow/.local/lib/python3.12/site-packages/airflow/example_dags/example_display_name.py
[2025-08-19T08:57:49.347+0000] {logging_mixin.py:188} INFO - [2025-08-19T08:57:49.347+0000] {dag.py:3096} INFO - Sync 1 DAGs
[2025-08-19T08:57:49.363+0000] {logging_mixin.py:188} INFO - [2025-08-19T08:57:49.363+0000] {dag.py:3954} INFO - Setting next_dagrun for example_display_name to None, run_after=None
[2025-08-19T08:57:49.385+0000] {processor.py:183} INFO - Processing /home/airflow/.local/lib/python3.12/site-packages/airflow/example_dags/example_display_name.py took 0.083 seconds
[2025-08-19T08:58:19.505+0000] {processor.py:161} INFO - Started process (PID=1073) to work on /home/airflow/.local/lib/python3.12/site-packages/airflow/example_dags/example_display_name.py
[2025-08-19T08:58:19.506+0000] {processor.py:830} INFO - Processing file /home/airflow/.local/lib/python3.12/site-packages/airflow/example_dags/example_display_name.py for tasks to queue
[2025-08-19T08:58:19.509+0000] {logging_mixin.py:188} INFO - [2025-08-19T08:58:19.508+0000] {dagbag.py:540} INFO - Filling up the DagBag from /home/airflow/.local/lib/python3.12/site-packages/airflow/example_dags/example_display_name.py
[2025-08-19T08:58:19.517+0000] {processor.py:840} INFO - DAG(s) 'example_display_name' retrieved from /home/airflow/.local/lib/python3.12/site-packages/airflow/example_dags/example_display_name.py
[2025-08-19T08:58:19.542+0000] {logging_mixin.py:188} INFO - [2025-08-19T08:58:19.542+0000] {dag.py:3096} INFO - Sync 1 DAGs
[2025-08-19T08:58:19.558+0000] {logging_mixin.py:188} INFO - [2025-08-19T08:58:19.558+0000] {dag.py:3954} INFO - Setting next_dagrun for example_display_name to None, run_after=None
[2025-08-19T08:58:19.579+0000] {processor.py:183} INFO - Processing /home/airflow/.local/lib/python3.12/site-packages/airflow/example_dags/example_display_name.py took 0.083 seconds
[2025-08-19T08:58:49.970+0000] {processor.py:161} INFO - Started process (PID=1131) to work on /home/airflow/.local/lib/python3.12/site-packages/airflow/example_dags/example_display_name.py
[2025-08-19T08:58:49.972+0000] {processor.py:830} INFO - Processing file /home/airflow/.local/lib/python3.12/site-packages/airflow/example_dags/example_display_name.py for tasks to queue
[2025-08-19T08:58:49.974+0000] {logging_mixin.py:188} INFO - [2025-08-19T08:58:49.974+0000] {dagbag.py:540} INFO - Filling up the DagBag from /home/airflow/.local/lib/python3.12/site-packages/airflow/example_dags/example_display_name.py
[2025-08-19T08:58:49.982+0000] {processor.py:840} INFO - DAG(s) 'example_display_name' retrieved from /home/airflow/.local/lib/python3.12/site-packages/airflow/example_dags/example_display_name.py
[2025-08-19T08:58:50.005+0000] {logging_mixin.py:188} INFO - [2025-08-19T08:58:50.005+0000] {dag.py:3096} INFO - Sync 1 DAGs
[2025-08-19T08:58:50.020+0000] {logging_mixin.py:188} INFO - [2025-08-19T08:58:50.020+0000] {dag.py:3954} INFO - Setting next_dagrun for example_display_name to None, run_after=None
[2025-08-19T08:58:50.042+0000] {processor.py:183} INFO - Processing /home/airflow/.local/lib/python3.12/site-packages/airflow/example_dags/example_display_name.py took 0.079 seconds
[2025-08-19T08:59:20.432+0000] {processor.py:161} INFO - Started process (PID=1190) to work on /home/airflow/.local/lib/python3.12/site-packages/airflow/example_dags/example_display_name.py
[2025-08-19T08:59:20.434+0000] {processor.py:830} INFO - Processing file /home/airflow/.local/lib/python3.12/site-packages/airflow/example_dags/example_display_name.py for tasks to queue
[2025-08-19T08:59:20.436+0000] {logging_mixin.py:188} INFO - [2025-08-19T08:59:20.435+0000] {dagbag.py:540} INFO - Filling up the DagBag from /home/airflow/.local/lib/python3.12/site-packages/airflow/example_dags/example_display_name.py
[2025-08-19T08:59:20.444+0000] {processor.py:840} INFO - DAG(s) 'example_display_name' retrieved from /home/airflow/.local/lib/python3.12/site-packages/airflow/example_dags/example_display_name.py
[2025-08-19T08:59:20.470+0000] {logging_mixin.py:188} INFO - [2025-08-19T08:59:20.470+0000] {dag.py:3096} INFO - Sync 1 DAGs
[2025-08-19T08:59:20.485+0000] {logging_mixin.py:188} INFO - [2025-08-19T08:59:20.485+0000] {dag.py:3954} INFO - Setting next_dagrun for example_display_name to None, run_after=None
[2025-08-19T08:59:20.505+0000] {processor.py:183} INFO - Processing /home/airflow/.local/lib/python3.12/site-packages/airflow/example_dags/example_display_name.py took 0.081 seconds
[2025-08-19T08:59:50.950+0000] {processor.py:161} INFO - Started process (PID=1248) to work on /home/airflow/.local/lib/python3.12/site-packages/airflow/example_dags/example_display_name.py
[2025-08-19T08:59:50.951+0000] {processor.py:830} INFO - Processing file /home/airflow/.local/lib/python3.12/site-packages/airflow/example_dags/example_display_name.py for tasks to queue
[2025-08-19T08:59:50.954+0000] {logging_mixin.py:188} INFO - [2025-08-19T08:59:50.953+0000] {dagbag.py:540} INFO - Filling up the DagBag from /home/airflow/.local/lib/python3.12/site-packages/airflow/example_dags/example_display_name.py
[2025-08-19T08:59:50.961+0000] {processor.py:840} INFO - DAG(s) 'example_display_name' retrieved from /home/airflow/.local/lib/python3.12/site-packages/airflow/example_dags/example_display_name.py
[2025-08-19T08:59:50.985+0000] {logging_mixin.py:188} INFO - [2025-08-19T08:59:50.985+0000] {dag.py:3096} INFO - Sync 1 DAGs
[2025-08-19T08:59:51.000+0000] {logging_mixin.py:188} INFO - [2025-08-19T08:59:51.000+0000] {dag.py:3954} INFO - Setting next_dagrun for example_display_name to None, run_after=None
[2025-08-19T08:59:51.019+0000] {processor.py:183} INFO - Processing /home/airflow/.local/lib/python3.12/site-packages/airflow/example_dags/example_display_name.py took 0.078 seconds
[2025-08-19T09:00:21.197+0000] {processor.py:161} INFO - Started process (PID=1306) to work on /home/airflow/.local/lib/python3.12/site-packages/airflow/example_dags/example_display_name.py
[2025-08-19T09:00:21.199+0000] {processor.py:830} INFO - Processing file /home/airflow/.local/lib/python3.12/site-packages/airflow/example_dags/example_display_name.py for tasks to queue
[2025-08-19T09:00:21.201+0000] {logging_mixin.py:188} INFO - [2025-08-19T09:00:21.201+0000] {dagbag.py:540} INFO - Filling up the DagBag from /home/airflow/.local/lib/python3.12/site-packages/airflow/example_dags/example_display_name.py
[2025-08-19T09:00:21.210+0000] {processor.py:840} INFO - DAG(s) 'example_display_name' retrieved from /home/airflow/.local/lib/python3.12/site-packages/airflow/example_dags/example_display_name.py
[2025-08-19T09:00:21.234+0000] {logging_mixin.py:188} INFO - [2025-08-19T09:00:21.234+0000] {dag.py:3096} INFO - Sync 1 DAGs
[2025-08-19T09:00:21.249+0000] {logging_mixin.py:188} INFO - [2025-08-19T09:00:21.249+0000] {dag.py:3954} INFO - Setting next_dagrun for example_display_name to None, run_after=None
[2025-08-19T09:00:21.269+0000] {processor.py:183} INFO - Processing /home/airflow/.local/lib/python3.12/site-packages/airflow/example_dags/example_display_name.py took 0.079 seconds
[2025-08-19T09:00:51.589+0000] {processor.py:161} INFO - Started process (PID=1364) to work on /home/airflow/.local/lib/python3.12/site-packages/airflow/example_dags/example_display_name.py
[2025-08-19T09:00:51.590+0000] {processor.py:830} INFO - Processing file /home/airflow/.local/lib/python3.12/site-packages/airflow/example_dags/example_display_name.py for tasks to queue
[2025-08-19T09:00:51.593+0000] {logging_mixin.py:188} INFO - [2025-08-19T09:00:51.593+0000] {dagbag.py:540} INFO - Filling up the DagBag from /home/airflow/.local/lib/python3.12/site-packages/airflow/example_dags/example_display_name.py
[2025-08-19T09:00:51.602+0000] {processor.py:840} INFO - DAG(s) 'example_display_name' retrieved from /home/airflow/.local/lib/python3.12/site-packages/airflow/example_dags/example_display_name.py
[2025-08-19T09:00:51.627+0000] {logging_mixin.py:188} INFO - [2025-08-19T09:00:51.626+0000] {dag.py:3096} INFO - Sync 1 DAGs
[2025-08-19T09:00:51.641+0000] {logging_mixin.py:188} INFO - [2025-08-19T09:00:51.641+0000] {dag.py:3954} INFO - Setting next_dagrun for example_display_name to None, run_after=None
[2025-08-19T09:00:51.659+0000] {processor.py:183} INFO - Processing /home/airflow/.local/lib/python3.12/site-packages/airflow/example_dags/example_display_name.py took 0.080 seconds
[2025-08-19T09:01:21.805+0000] {processor.py:161} INFO - Started process (PID=1422) to work on /home/airflow/.local/lib/python3.12/site-packages/airflow/example_dags/example_display_name.py
[2025-08-19T09:01:21.806+0000] {processor.py:830} INFO - Processing file /home/airflow/.local/lib/python3.12/site-packages/airflow/example_dags/example_display_name.py for tasks to queue
[2025-08-19T09:01:21.808+0000] {logging_mixin.py:188} INFO - [2025-08-19T09:01:21.808+0000] {dagbag.py:540} INFO - Filling up the DagBag from /home/airflow/.local/lib/python3.12/site-packages/airflow/example_dags/example_display_name.py
[2025-08-19T09:01:21.816+0000] {processor.py:840} INFO - DAG(s) 'example_display_name' retrieved from /home/airflow/.local/lib/python3.12/site-packages/airflow/example_dags/example_display_name.py
[2025-08-19T09:01:21.840+0000] {logging_mixin.py:188} INFO - [2025-08-19T09:01:21.839+0000] {dag.py:3096} INFO - Sync 1 DAGs
[2025-08-19T09:01:21.854+0000] {logging_mixin.py:188} INFO - [2025-08-19T09:01:21.854+0000] {dag.py:3954} INFO - Setting next_dagrun for example_display_name to None, run_after=None
[2025-08-19T09:01:21.874+0000] {processor.py:183} INFO - Processing /home/airflow/.local/lib/python3.12/site-packages/airflow/example_dags/example_display_name.py took 0.077 seconds
[2025-08-19T09:01:52.102+0000] {processor.py:161} INFO - Started process (PID=1480) to work on /home/airflow/.local/lib/python3.12/site-packages/airflow/example_dags/example_display_name.py
[2025-08-19T09:01:52.104+0000] {processor.py:830} INFO - Processing file /home/airflow/.local/lib/python3.12/site-packages/airflow/example_dags/example_display_name.py for tasks to queue
[2025-08-19T09:01:52.106+0000] {logging_mixin.py:188} INFO - [2025-08-19T09:01:52.106+0000] {dagbag.py:540} INFO - Filling up the DagBag from /home/airflow/.local/lib/python3.12/site-packages/airflow/example_dags/example_display_name.py
[2025-08-19T09:01:52.114+0000] {processor.py:840} INFO - DAG(s) 'example_display_name' retrieved from /home/airflow/.local/lib/python3.12/site-packages/airflow/example_dags/example_display_name.py
[2025-08-19T09:01:52.141+0000] {logging_mixin.py:188} INFO - [2025-08-19T09:01:52.140+0000] {dag.py:3096} INFO - Sync 1 DAGs
[2025-08-19T09:01:52.157+0000] {logging_mixin.py:188} INFO - [2025-08-19T09:01:52.157+0000] {dag.py:3954} INFO - Setting next_dagrun for example_display_name to None, run_after=None
[2025-08-19T09:01:52.177+0000] {processor.py:183} INFO - Processing /home/airflow/.local/lib/python3.12/site-packages/airflow/example_dags/example_display_name.py took 0.083 seconds
[2025-08-19T09:02:22.565+0000] {processor.py:161} INFO - Started process (PID=1538) to work on /home/airflow/.local/lib/python3.12/site-packages/airflow/example_dags/example_display_name.py
[2025-08-19T09:02:22.567+0000] {processor.py:830} INFO - Processing file /home/airflow/.local/lib/python3.12/site-packages/airflow/example_dags/example_display_name.py for tasks to queue
[2025-08-19T09:02:22.569+0000] {logging_mixin.py:188} INFO - [2025-08-19T09:02:22.569+0000] {dagbag.py:540} INFO - Filling up the DagBag from /home/airflow/.local/lib/python3.12/site-packages/airflow/example_dags/example_display_name.py
[2025-08-19T09:02:22.576+0000] {processor.py:840} INFO - DAG(s) 'example_display_name' retrieved from /home/airflow/.local/lib/python3.12/site-packages/airflow/example_dags/example_display_name.py
[2025-08-19T09:02:22.601+0000] {logging_mixin.py:188} INFO - [2025-08-19T09:02:22.601+0000] {dag.py:3096} INFO - Sync 1 DAGs
[2025-08-19T09:02:22.617+0000] {logging_mixin.py:188} INFO - [2025-08-19T09:02:22.617+0000] {dag.py:3954} INFO - Setting next_dagrun for example_display_name to None, run_after=None
[2025-08-19T09:02:22.637+0000] {processor.py:183} INFO - Processing /home/airflow/.local/lib/python3.12/site-packages/airflow/example_dags/example_display_name.py took 0.080 seconds
[2025-08-19T09:02:52.798+0000] {processor.py:161} INFO - Started process (PID=1596) to work on /home/airflow/.local/lib/python3.12/site-packages/airflow/example_dags/example_display_name.py
[2025-08-19T09:02:52.800+0000] {processor.py:830} INFO - Processing file /home/airflow/.local/lib/python3.12/site-packages/airflow/example_dags/example_display_name.py for tasks to queue
[2025-08-19T09:02:52.802+0000] {logging_mixin.py:188} INFO - [2025-08-19T09:02:52.802+0000] {dagbag.py:540} INFO - Filling up the DagBag from /home/airflow/.local/lib/python3.12/site-packages/airflow/example_dags/example_display_name.py
[2025-08-19T09:02:52.810+0000] {processor.py:840} INFO - DAG(s) 'example_display_name' retrieved from /home/airflow/.local/lib/python3.12/site-packages/airflow/example_dags/example_display_name.py
[2025-08-19T09:02:52.834+0000] {logging_mixin.py:188} INFO - [2025-08-19T09:02:52.833+0000] {dag.py:3096} INFO - Sync 1 DAGs
[2025-08-19T09:02:52.849+0000] {logging_mixin.py:188} INFO - [2025-08-19T09:02:52.849+0000] {dag.py:3954} INFO - Setting next_dagrun for example_display_name to None, run_after=None
[2025-08-19T09:02:52.868+0000] {processor.py:183} INFO - Processing /home/airflow/.local/lib/python3.12/site-packages/airflow/example_dags/example_display_name.py took 0.077 seconds
[2025-08-19T09:03:23.096+0000] {processor.py:161} INFO - Started process (PID=1654) to work on /home/airflow/.local/lib/python3.12/site-packages/airflow/example_dags/example_display_name.py
[2025-08-19T09:03:23.097+0000] {processor.py:830} INFO - Processing file /home/airflow/.local/lib/python3.12/site-packages/airflow/example_dags/example_display_name.py for tasks to queue
[2025-08-19T09:03:23.100+0000] {logging_mixin.py:188} INFO - [2025-08-19T09:03:23.099+0000] {dagbag.py:540} INFO - Filling up the DagBag from /home/airflow/.local/lib/python3.12/site-packages/airflow/example_dags/example_display_name.py
[2025-08-19T09:03:23.108+0000] {processor.py:840} INFO - DAG(s) 'example_display_name' retrieved from /home/airflow/.local/lib/python3.12/site-packages/airflow/example_dags/example_display_name.py
[2025-08-19T09:03:23.132+0000] {logging_mixin.py:188} INFO - [2025-08-19T09:03:23.132+0000] {dag.py:3096} INFO - Sync 1 DAGs
[2025-08-19T09:03:23.147+0000] {logging_mixin.py:188} INFO - [2025-08-19T09:03:23.147+0000] {dag.py:3954} INFO - Setting next_dagrun for example_display_name to None, run_after=None
[2025-08-19T09:03:23.167+0000] {processor.py:183} INFO - Processing /home/airflow/.local/lib/python3.12/site-packages/airflow/example_dags/example_display_name.py took 0.079 seconds
[2025-08-19T09:03:53.353+0000] {processor.py:161} INFO - Started process (PID=1712) to work on /home/airflow/.local/lib/python3.12/site-packages/airflow/example_dags/example_display_name.py
[2025-08-19T09:03:53.355+0000] {processor.py:830} INFO - Processing file /home/airflow/.local/lib/python3.12/site-packages/airflow/example_dags/example_display_name.py for tasks to queue
[2025-08-19T09:03:53.357+0000] {logging_mixin.py:188} INFO - [2025-08-19T09:03:53.357+0000] {dagbag.py:540} INFO - Filling up the DagBag from /home/airflow/.local/lib/python3.12/site-packages/airflow/example_dags/example_display_name.py
[2025-08-19T09:03:53.365+0000] {processor.py:840} INFO - DAG(s) 'example_display_name' retrieved from /home/airflow/.local/lib/python3.12/site-packages/airflow/example_dags/example_display_name.py
[2025-08-19T09:03:53.389+0000] {logging_mixin.py:188} INFO - [2025-08-19T09:03:53.388+0000] {dag.py:3096} INFO - Sync 1 DAGs
[2025-08-19T09:03:53.405+0000] {logging_mixin.py:188} INFO - [2025-08-19T09:03:53.405+0000] {dag.py:3954} INFO - Setting next_dagrun for example_display_name to None, run_after=None
[2025-08-19T09:03:53.424+0000] {processor.py:183} INFO - Processing /home/airflow/.local/lib/python3.12/site-packages/airflow/example_dags/example_display_name.py took 0.078 seconds
[2025-08-19T09:04:23.629+0000] {processor.py:161} INFO - Started process (PID=1770) to work on /home/airflow/.local/lib/python3.12/site-packages/airflow/example_dags/example_display_name.py
[2025-08-19T09:04:23.631+0000] {processor.py:830} INFO - Processing file /home/airflow/.local/lib/python3.12/site-packages/airflow/example_dags/example_display_name.py for tasks to queue
[2025-08-19T09:04:23.633+0000] {logging_mixin.py:188} INFO - [2025-08-19T09:04:23.633+0000] {dagbag.py:540} INFO - Filling up the DagBag from /home/airflow/.local/lib/python3.12/site-packages/airflow/example_dags/example_display_name.py
[2025-08-19T09:04:23.641+0000] {processor.py:840} INFO - DAG(s) 'example_display_name' retrieved from /home/airflow/.local/lib/python3.12/site-packages/airflow/example_dags/example_display_name.py
[2025-08-19T09:04:23.664+0000] {logging_mixin.py:188} INFO - [2025-08-19T09:04:23.664+0000] {dag.py:3096} INFO - Sync 1 DAGs
[2025-08-19T09:04:23.679+0000] {logging_mixin.py:188} INFO - [2025-08-19T09:04:23.679+0000] {dag.py:3954} INFO - Setting next_dagrun for example_display_name to None, run_after=None
[2025-08-19T09:04:23.698+0000] {processor.py:183} INFO - Processing /home/airflow/.local/lib/python3.12/site-packages/airflow/example_dags/example_display_name.py took 0.077 seconds
[2025-08-19T09:04:53.866+0000] {processor.py:161} INFO - Started process (PID=1829) to work on /home/airflow/.local/lib/python3.12/site-packages/airflow/example_dags/example_display_name.py
[2025-08-19T09:04:53.867+0000] {processor.py:830} INFO - Processing file /home/airflow/.local/lib/python3.12/site-packages/airflow/example_dags/example_display_name.py for tasks to queue
[2025-08-19T09:04:53.869+0000] {logging_mixin.py:188} INFO - [2025-08-19T09:04:53.869+0000] {dagbag.py:540} INFO - Filling up the DagBag from /home/airflow/.local/lib/python3.12/site-packages/airflow/example_dags/example_display_name.py
[2025-08-19T09:04:53.877+0000] {processor.py:840} INFO - DAG(s) 'example_display_name' retrieved from /home/airflow/.local/lib/python3.12/site-packages/airflow/example_dags/example_display_name.py
[2025-08-19T09:04:53.902+0000] {logging_mixin.py:188} INFO - [2025-08-19T09:04:53.902+0000] {dag.py:3096} INFO - Sync 1 DAGs
[2025-08-19T09:04:53.918+0000] {logging_mixin.py:188} INFO - [2025-08-19T09:04:53.918+0000] {dag.py:3954} INFO - Setting next_dagrun for example_display_name to None, run_after=None
[2025-08-19T09:04:53.936+0000] {processor.py:183} INFO - Processing /home/airflow/.local/lib/python3.12/site-packages/airflow/example_dags/example_display_name.py took 0.079 seconds
[2025-08-19T09:05:24.083+0000] {processor.py:161} INFO - Started process (PID=1888) to work on /home/airflow/.local/lib/python3.12/site-packages/airflow/example_dags/example_display_name.py
[2025-08-19T09:05:24.084+0000] {processor.py:830} INFO - Processing file /home/airflow/.local/lib/python3.12/site-packages/airflow/example_dags/example_display_name.py for tasks to queue
[2025-08-19T09:05:24.087+0000] {logging_mixin.py:188} INFO - [2025-08-19T09:05:24.086+0000] {dagbag.py:540} INFO - Filling up the DagBag from /home/airflow/.local/lib/python3.12/site-packages/airflow/example_dags/example_display_name.py
[2025-08-19T09:05:24.094+0000] {processor.py:840} INFO - DAG(s) 'example_display_name' retrieved from /home/airflow/.local/lib/python3.12/site-packages/airflow/example_dags/example_display_name.py
[2025-08-19T09:05:24.120+0000] {logging_mixin.py:188} INFO - [2025-08-19T09:05:24.120+0000] {dag.py:3096} INFO - Sync 1 DAGs
[2025-08-19T09:05:24.136+0000] {logging_mixin.py:188} INFO - [2025-08-19T09:05:24.136+0000] {dag.py:3954} INFO - Setting next_dagrun for example_display_name to None, run_after=None
[2025-08-19T09:05:24.162+0000] {processor.py:183} INFO - Processing /home/airflow/.local/lib/python3.12/site-packages/airflow/example_dags/example_display_name.py took 0.088 seconds
[2025-08-19T09:05:54.540+0000] {processor.py:161} INFO - Started process (PID=1946) to work on /home/airflow/.local/lib/python3.12/site-packages/airflow/example_dags/example_display_name.py
[2025-08-19T09:05:54.542+0000] {processor.py:830} INFO - Processing file /home/airflow/.local/lib/python3.12/site-packages/airflow/example_dags/example_display_name.py for tasks to queue
[2025-08-19T09:05:54.544+0000] {logging_mixin.py:188} INFO - [2025-08-19T09:05:54.544+0000] {dagbag.py:540} INFO - Filling up the DagBag from /home/airflow/.local/lib/python3.12/site-packages/airflow/example_dags/example_display_name.py
[2025-08-19T09:05:54.552+0000] {processor.py:840} INFO - DAG(s) 'example_display_name' retrieved from /home/airflow/.local/lib/python3.12/site-packages/airflow/example_dags/example_display_name.py
[2025-08-19T09:05:54.577+0000] {logging_mixin.py:188} INFO - [2025-08-19T09:05:54.576+0000] {dag.py:3096} INFO - Sync 1 DAGs
[2025-08-19T09:05:54.592+0000] {logging_mixin.py:188} INFO - [2025-08-19T09:05:54.591+0000] {dag.py:3954} INFO - Setting next_dagrun for example_display_name to None, run_after=None
[2025-08-19T09:05:54.611+0000] {processor.py:183} INFO - Processing /home/airflow/.local/lib/python3.12/site-packages/airflow/example_dags/example_display_name.py took 0.080 seconds
[2025-08-19T09:06:24.806+0000] {processor.py:161} INFO - Started process (PID=2004) to work on /home/airflow/.local/lib/python3.12/site-packages/airflow/example_dags/example_display_name.py
[2025-08-19T09:06:24.807+0000] {processor.py:830} INFO - Processing file /home/airflow/.local/lib/python3.12/site-packages/airflow/example_dags/example_display_name.py for tasks to queue
[2025-08-19T09:06:24.809+0000] {logging_mixin.py:188} INFO - [2025-08-19T09:06:24.809+0000] {dagbag.py:540} INFO - Filling up the DagBag from /home/airflow/.local/lib/python3.12/site-packages/airflow/example_dags/example_display_name.py
[2025-08-19T09:06:24.817+0000] {processor.py:840} INFO - DAG(s) 'example_display_name' retrieved from /home/airflow/.local/lib/python3.12/site-packages/airflow/example_dags/example_display_name.py
[2025-08-19T09:06:24.842+0000] {logging_mixin.py:188} INFO - [2025-08-19T09:06:24.842+0000] {dag.py:3096} INFO - Sync 1 DAGs
[2025-08-19T09:06:24.858+0000] {logging_mixin.py:188} INFO - [2025-08-19T09:06:24.858+0000] {dag.py:3954} INFO - Setting next_dagrun for example_display_name to None, run_after=None
[2025-08-19T09:06:24.877+0000] {processor.py:183} INFO - Processing /home/airflow/.local/lib/python3.12/site-packages/airflow/example_dags/example_display_name.py took 0.079 seconds
[2025-08-19T09:06:55.126+0000] {processor.py:161} INFO - Started process (PID=2063) to work on /home/airflow/.local/lib/python3.12/site-packages/airflow/example_dags/example_display_name.py
[2025-08-19T09:06:55.128+0000] {processor.py:830} INFO - Processing file /home/airflow/.local/lib/python3.12/site-packages/airflow/example_dags/example_display_name.py for tasks to queue
[2025-08-19T09:06:55.130+0000] {logging_mixin.py:188} INFO - [2025-08-19T09:06:55.130+0000] {dagbag.py:540} INFO - Filling up the DagBag from /home/airflow/.local/lib/python3.12/site-packages/airflow/example_dags/example_display_name.py
[2025-08-19T09:06:55.138+0000] {processor.py:840} INFO - DAG(s) 'example_display_name' retrieved from /home/airflow/.local/lib/python3.12/site-packages/airflow/example_dags/example_display_name.py
[2025-08-19T09:06:55.162+0000] {logging_mixin.py:188} INFO - [2025-08-19T09:06:55.162+0000] {dag.py:3096} INFO - Sync 1 DAGs
[2025-08-19T09:06:55.179+0000] {logging_mixin.py:188} INFO - [2025-08-19T09:06:55.178+0000] {dag.py:3954} INFO - Setting next_dagrun for example_display_name to None, run_after=None
[2025-08-19T09:06:55.201+0000] {processor.py:183} INFO - Processing /home/airflow/.local/lib/python3.12/site-packages/airflow/example_dags/example_display_name.py took 0.082 seconds
[2025-08-19T09:07:25.456+0000] {processor.py:161} INFO - Started process (PID=2121) to work on /home/airflow/.local/lib/python3.12/site-packages/airflow/example_dags/example_display_name.py
[2025-08-19T09:07:25.457+0000] {processor.py:830} INFO - Processing file /home/airflow/.local/lib/python3.12/site-packages/airflow/example_dags/example_display_name.py for tasks to queue
[2025-08-19T09:07:25.460+0000] {logging_mixin.py:188} INFO - [2025-08-19T09:07:25.459+0000] {dagbag.py:540} INFO - Filling up the DagBag from /home/airflow/.local/lib/python3.12/site-packages/airflow/example_dags/example_display_name.py
[2025-08-19T09:07:25.467+0000] {processor.py:840} INFO - DAG(s) 'example_display_name' retrieved from /home/airflow/.local/lib/python3.12/site-packages/airflow/example_dags/example_display_name.py
[2025-08-19T09:07:25.492+0000] {logging_mixin.py:188} INFO - [2025-08-19T09:07:25.491+0000] {dag.py:3096} INFO - Sync 1 DAGs
[2025-08-19T09:07:25.507+0000] {logging_mixin.py:188} INFO - [2025-08-19T09:07:25.506+0000] {dag.py:3954} INFO - Setting next_dagrun for example_display_name to None, run_after=None
[2025-08-19T09:07:25.526+0000] {processor.py:183} INFO - Processing /home/airflow/.local/lib/python3.12/site-packages/airflow/example_dags/example_display_name.py took 0.078 seconds
[2025-08-19T09:07:55.870+0000] {processor.py:161} INFO - Started process (PID=2179) to work on /home/airflow/.local/lib/python3.12/site-packages/airflow/example_dags/example_display_name.py
[2025-08-19T09:07:55.871+0000] {processor.py:830} INFO - Processing file /home/airflow/.local/lib/python3.12/site-packages/airflow/example_dags/example_display_name.py for tasks to queue
[2025-08-19T09:07:55.874+0000] {logging_mixin.py:188} INFO - [2025-08-19T09:07:55.873+0000] {dagbag.py:540} INFO - Filling up the DagBag from /home/airflow/.local/lib/python3.12/site-packages/airflow/example_dags/example_display_name.py
[2025-08-19T09:07:55.882+0000] {processor.py:840} INFO - DAG(s) 'example_display_name' retrieved from /home/airflow/.local/lib/python3.12/site-packages/airflow/example_dags/example_display_name.py
[2025-08-19T09:07:55.906+0000] {logging_mixin.py:188} INFO - [2025-08-19T09:07:55.905+0000] {dag.py:3096} INFO - Sync 1 DAGs
[2025-08-19T09:07:55.924+0000] {logging_mixin.py:188} INFO - [2025-08-19T09:07:55.924+0000] {dag.py:3954} INFO - Setting next_dagrun for example_display_name to None, run_after=None
[2025-08-19T09:07:55.943+0000] {processor.py:183} INFO - Processing /home/airflow/.local/lib/python3.12/site-packages/airflow/example_dags/example_display_name.py took 0.080 seconds
[2025-08-19T09:08:26.494+0000] {processor.py:161} INFO - Started process (PID=2237) to work on /home/airflow/.local/lib/python3.12/site-packages/airflow/example_dags/example_display_name.py
[2025-08-19T09:08:26.495+0000] {processor.py:830} INFO - Processing file /home/airflow/.local/lib/python3.12/site-packages/airflow/example_dags/example_display_name.py for tasks to queue
[2025-08-19T09:08:26.497+0000] {logging_mixin.py:188} INFO - [2025-08-19T09:08:26.497+0000] {dagbag.py:540} INFO - Filling up the DagBag from /home/airflow/.local/lib/python3.12/site-packages/airflow/example_dags/example_display_name.py
[2025-08-19T09:08:26.506+0000] {processor.py:840} INFO - DAG(s) 'example_display_name' retrieved from /home/airflow/.local/lib/python3.12/site-packages/airflow/example_dags/example_display_name.py
[2025-08-19T09:08:26.531+0000] {logging_mixin.py:188} INFO - [2025-08-19T09:08:26.530+0000] {dag.py:3096} INFO - Sync 1 DAGs
[2025-08-19T09:08:26.546+0000] {logging_mixin.py:188} INFO - [2025-08-19T09:08:26.546+0000] {dag.py:3954} INFO - Setting next_dagrun for example_display_name to None, run_after=None
[2025-08-19T09:08:26.566+0000] {processor.py:183} INFO - Processing /home/airflow/.local/lib/python3.12/site-packages/airflow/example_dags/example_display_name.py took 0.081 seconds
[2025-08-19T09:08:56.975+0000] {processor.py:161} INFO - Started process (PID=2295) to work on /home/airflow/.local/lib/python3.12/site-packages/airflow/example_dags/example_display_name.py
[2025-08-19T09:08:56.977+0000] {processor.py:830} INFO - Processing file /home/airflow/.local/lib/python3.12/site-packages/airflow/example_dags/example_display_name.py for tasks to queue
[2025-08-19T09:08:56.979+0000] {logging_mixin.py:188} INFO - [2025-08-19T09:08:56.979+0000] {dagbag.py:540} INFO - Filling up the DagBag from /home/airflow/.local/lib/python3.12/site-packages/airflow/example_dags/example_display_name.py
[2025-08-19T09:08:56.986+0000] {processor.py:840} INFO - DAG(s) 'example_display_name' retrieved from /home/airflow/.local/lib/python3.12/site-packages/airflow/example_dags/example_display_name.py
[2025-08-19T09:08:57.011+0000] {logging_mixin.py:188} INFO - [2025-08-19T09:08:57.010+0000] {dag.py:3096} INFO - Sync 1 DAGs
[2025-08-19T09:08:57.026+0000] {logging_mixin.py:188} INFO - [2025-08-19T09:08:57.026+0000] {dag.py:3954} INFO - Setting next_dagrun for example_display_name to None, run_after=None
[2025-08-19T09:08:57.045+0000] {processor.py:183} INFO - Processing /home/airflow/.local/lib/python3.12/site-packages/airflow/example_dags/example_display_name.py took 0.077 seconds
[2025-08-19T09:09:27.490+0000] {processor.py:161} INFO - Started process (PID=2353) to work on /home/airflow/.local/lib/python3.12/site-packages/airflow/example_dags/example_display_name.py
[2025-08-19T09:09:27.491+0000] {processor.py:830} INFO - Processing file /home/airflow/.local/lib/python3.12/site-packages/airflow/example_dags/example_display_name.py for tasks to queue
[2025-08-19T09:09:27.494+0000] {logging_mixin.py:188} INFO - [2025-08-19T09:09:27.493+0000] {dagbag.py:540} INFO - Filling up the DagBag from /home/airflow/.local/lib/python3.12/site-packages/airflow/example_dags/example_display_name.py
[2025-08-19T09:09:27.501+0000] {processor.py:840} INFO - DAG(s) 'example_display_name' retrieved from /home/airflow/.local/lib/python3.12/site-packages/airflow/example_dags/example_display_name.py
[2025-08-19T09:09:27.527+0000] {logging_mixin.py:188} INFO - [2025-08-19T09:09:27.526+0000] {dag.py:3096} INFO - Sync 1 DAGs
[2025-08-19T09:09:27.544+0000] {logging_mixin.py:188} INFO - [2025-08-19T09:09:27.543+0000] {dag.py:3954} INFO - Setting next_dagrun for example_display_name to None, run_after=None
[2025-08-19T09:09:27.564+0000] {processor.py:183} INFO - Processing /home/airflow/.local/lib/python3.12/site-packages/airflow/example_dags/example_display_name.py took 0.081 seconds
[2025-08-19T09:09:58.155+0000] {processor.py:161} INFO - Started process (PID=2411) to work on /home/airflow/.local/lib/python3.12/site-packages/airflow/example_dags/example_display_name.py
[2025-08-19T09:09:58.157+0000] {processor.py:830} INFO - Processing file /home/airflow/.local/lib/python3.12/site-packages/airflow/example_dags/example_display_name.py for tasks to queue
[2025-08-19T09:09:58.160+0000] {logging_mixin.py:188} INFO - [2025-08-19T09:09:58.159+0000] {dagbag.py:540} INFO - Filling up the DagBag from /home/airflow/.local/lib/python3.12/site-packages/airflow/example_dags/example_display_name.py
[2025-08-19T09:09:58.168+0000] {processor.py:840} INFO - DAG(s) 'example_display_name' retrieved from /home/airflow/.local/lib/python3.12/site-packages/airflow/example_dags/example_display_name.py
[2025-08-19T09:09:58.195+0000] {logging_mixin.py:188} INFO - [2025-08-19T09:09:58.194+0000] {dag.py:3096} INFO - Sync 1 DAGs
[2025-08-19T09:09:58.212+0000] {logging_mixin.py:188} INFO - [2025-08-19T09:09:58.211+0000] {dag.py:3954} INFO - Setting next_dagrun for example_display_name to None, run_after=None
[2025-08-19T09:09:58.234+0000] {processor.py:183} INFO - Processing /home/airflow/.local/lib/python3.12/site-packages/airflow/example_dags/example_display_name.py took 0.088 seconds
[2025-08-19T09:10:28.547+0000] {processor.py:161} INFO - Started process (PID=2469) to work on /home/airflow/.local/lib/python3.12/site-packages/airflow/example_dags/example_display_name.py
[2025-08-19T09:10:28.548+0000] {processor.py:830} INFO - Processing file /home/airflow/.local/lib/python3.12/site-packages/airflow/example_dags/example_display_name.py for tasks to queue
[2025-08-19T09:10:28.551+0000] {logging_mixin.py:188} INFO - [2025-08-19T09:10:28.551+0000] {dagbag.py:540} INFO - Filling up the DagBag from /home/airflow/.local/lib/python3.12/site-packages/airflow/example_dags/example_display_name.py
[2025-08-19T09:10:28.559+0000] {processor.py:840} INFO - DAG(s) 'example_display_name' retrieved from /home/airflow/.local/lib/python3.12/site-packages/airflow/example_dags/example_display_name.py
[2025-08-19T09:10:28.596+0000] {logging_mixin.py:188} INFO - [2025-08-19T09:10:28.595+0000] {dag.py:3096} INFO - Sync 1 DAGs
[2025-08-19T09:10:28.613+0000] {logging_mixin.py:188} INFO - [2025-08-19T09:10:28.613+0000] {dag.py:3954} INFO - Setting next_dagrun for example_display_name to None, run_after=None
[2025-08-19T09:10:28.638+0000] {processor.py:183} INFO - Processing /home/airflow/.local/lib/python3.12/site-packages/airflow/example_dags/example_display_name.py took 0.098 seconds
[2025-08-19T09:10:59.246+0000] {processor.py:161} INFO - Started process (PID=2527) to work on /home/airflow/.local/lib/python3.12/site-packages/airflow/example_dags/example_display_name.py
[2025-08-19T09:10:59.247+0000] {processor.py:830} INFO - Processing file /home/airflow/.local/lib/python3.12/site-packages/airflow/example_dags/example_display_name.py for tasks to queue
[2025-08-19T09:10:59.250+0000] {logging_mixin.py:188} INFO - [2025-08-19T09:10:59.250+0000] {dagbag.py:540} INFO - Filling up the DagBag from /home/airflow/.local/lib/python3.12/site-packages/airflow/example_dags/example_display_name.py
[2025-08-19T09:10:59.258+0000] {processor.py:840} INFO - DAG(s) 'example_display_name' retrieved from /home/airflow/.local/lib/python3.12/site-packages/airflow/example_dags/example_display_name.py
[2025-08-19T09:10:59.283+0000] {logging_mixin.py:188} INFO - [2025-08-19T09:10:59.283+0000] {dag.py:3096} INFO - Sync 1 DAGs
[2025-08-19T09:10:59.299+0000] {logging_mixin.py:188} INFO - [2025-08-19T09:10:59.298+0000] {dag.py:3954} INFO - Setting next_dagrun for example_display_name to None, run_after=None
[2025-08-19T09:10:59.320+0000] {processor.py:183} INFO - Processing /home/airflow/.local/lib/python3.12/site-packages/airflow/example_dags/example_display_name.py took 0.082 seconds
