[2025-08-19T08:49:39.053+0000] {processor.py:161} INFO - Started process (PID=63) to work on /home/airflow/.local/lib/python3.12/site-packages/airflow/example_dags/example_sla_dag.py
[2025-08-19T08:49:39.054+0000] {processor.py:830} INFO - Processing file /home/airflow/.local/lib/python3.12/site-packages/airflow/example_dags/example_sla_dag.py for tasks to queue
[2025-08-19T08:49:39.062+0000] {logging_mixin.py:188} INFO - [2025-08-19T08:49:39.061+0000] {dagbag.py:540} INFO - Filling up the DagBag from /home/airflow/.local/lib/python3.12/site-packages/airflow/example_dags/example_sla_dag.py
[2025-08-19T08:49:39.088+0000] {processor.py:840} INFO - DAG(s) 'example_sla_dag' retrieved from /home/airflow/.local/lib/python3.12/site-packages/airflow/example_dags/example_sla_dag.py
[2025-08-19T08:49:39.125+0000] {logging_mixin.py:188} INFO - [2025-08-19T08:49:39.124+0000] {dag.py:3096} INFO - Sync 1 DAGs
[2025-08-19T08:49:39.158+0000] {logging_mixin.py:188} INFO - [2025-08-19T08:49:39.157+0000] {dag.py:3954} INFO - Setting next_dagrun for example_sla_dag to 2025-08-19 08:46:00+00:00, run_after=2025-08-19 08:48:00+00:00
[2025-08-19T08:49:39.179+0000] {processor.py:183} INFO - Processing /home/airflow/.local/lib/python3.12/site-packages/airflow/example_dags/example_sla_dag.py took 0.136 seconds
[2025-08-19T08:50:09.337+0000] {processor.py:161} INFO - Started process (PID=121) to work on /home/airflow/.local/lib/python3.12/site-packages/airflow/example_dags/example_sla_dag.py
[2025-08-19T08:50:09.338+0000] {processor.py:830} INFO - Processing file /home/airflow/.local/lib/python3.12/site-packages/airflow/example_dags/example_sla_dag.py for tasks to queue
[2025-08-19T08:50:09.341+0000] {logging_mixin.py:188} INFO - [2025-08-19T08:50:09.341+0000] {dagbag.py:540} INFO - Filling up the DagBag from /home/airflow/.local/lib/python3.12/site-packages/airflow/example_dags/example_sla_dag.py
[2025-08-19T08:50:09.351+0000] {processor.py:840} INFO - DAG(s) 'example_sla_dag' retrieved from /home/airflow/.local/lib/python3.12/site-packages/airflow/example_dags/example_sla_dag.py
[2025-08-19T08:50:09.492+0000] {logging_mixin.py:188} INFO - [2025-08-19T08:50:09.492+0000] {dag.py:3096} INFO - Sync 1 DAGs
[2025-08-19T08:50:09.518+0000] {logging_mixin.py:188} INFO - [2025-08-19T08:50:09.517+0000] {dag.py:3954} INFO - Setting next_dagrun for example_sla_dag to 2025-08-19 08:48:00+00:00, run_after=2025-08-19 08:50:00+00:00
[2025-08-19T08:50:09.541+0000] {processor.py:183} INFO - Processing /home/airflow/.local/lib/python3.12/site-packages/airflow/example_dags/example_sla_dag.py took 0.213 seconds
[2025-08-19T08:50:39.770+0000] {processor.py:161} INFO - Started process (PID=179) to work on /home/airflow/.local/lib/python3.12/site-packages/airflow/example_dags/example_sla_dag.py
[2025-08-19T08:50:39.771+0000] {processor.py:830} INFO - Processing file /home/airflow/.local/lib/python3.12/site-packages/airflow/example_dags/example_sla_dag.py for tasks to queue
[2025-08-19T08:50:39.774+0000] {logging_mixin.py:188} INFO - [2025-08-19T08:50:39.773+0000] {dagbag.py:540} INFO - Filling up the DagBag from /home/airflow/.local/lib/python3.12/site-packages/airflow/example_dags/example_sla_dag.py
[2025-08-19T08:50:39.784+0000] {processor.py:840} INFO - DAG(s) 'example_sla_dag' retrieved from /home/airflow/.local/lib/python3.12/site-packages/airflow/example_dags/example_sla_dag.py
[2025-08-19T08:50:39.810+0000] {logging_mixin.py:188} INFO - [2025-08-19T08:50:39.810+0000] {dag.py:3096} INFO - Sync 1 DAGs
[2025-08-19T08:50:39.838+0000] {logging_mixin.py:188} INFO - [2025-08-19T08:50:39.838+0000] {dag.py:3954} INFO - Setting next_dagrun for example_sla_dag to 2025-08-19 08:48:00+00:00, run_after=2025-08-19 08:50:00+00:00
[2025-08-19T08:50:39.859+0000] {processor.py:183} INFO - Processing /home/airflow/.local/lib/python3.12/site-packages/airflow/example_dags/example_sla_dag.py took 0.096 seconds
[2025-08-19T08:51:09.987+0000] {processor.py:161} INFO - Started process (PID=237) to work on /home/airflow/.local/lib/python3.12/site-packages/airflow/example_dags/example_sla_dag.py
[2025-08-19T08:51:09.988+0000] {processor.py:830} INFO - Processing file /home/airflow/.local/lib/python3.12/site-packages/airflow/example_dags/example_sla_dag.py for tasks to queue
[2025-08-19T08:51:09.990+0000] {logging_mixin.py:188} INFO - [2025-08-19T08:51:09.990+0000] {dagbag.py:540} INFO - Filling up the DagBag from /home/airflow/.local/lib/python3.12/site-packages/airflow/example_dags/example_sla_dag.py
[2025-08-19T08:51:10.000+0000] {processor.py:840} INFO - DAG(s) 'example_sla_dag' retrieved from /home/airflow/.local/lib/python3.12/site-packages/airflow/example_dags/example_sla_dag.py
[2025-08-19T08:51:10.024+0000] {logging_mixin.py:188} INFO - [2025-08-19T08:51:10.024+0000] {dag.py:3096} INFO - Sync 1 DAGs
[2025-08-19T08:51:10.051+0000] {logging_mixin.py:188} INFO - [2025-08-19T08:51:10.051+0000] {dag.py:3954} INFO - Setting next_dagrun for example_sla_dag to 2025-08-19 08:48:00+00:00, run_after=2025-08-19 08:50:00+00:00
[2025-08-19T08:51:10.070+0000] {processor.py:183} INFO - Processing /home/airflow/.local/lib/python3.12/site-packages/airflow/example_dags/example_sla_dag.py took 0.091 seconds
[2025-08-19T08:51:40.630+0000] {processor.py:161} INFO - Started process (PID=296) to work on /home/airflow/.local/lib/python3.12/site-packages/airflow/example_dags/example_sla_dag.py
[2025-08-19T08:51:40.631+0000] {processor.py:830} INFO - Processing file /home/airflow/.local/lib/python3.12/site-packages/airflow/example_dags/example_sla_dag.py for tasks to queue
[2025-08-19T08:51:40.634+0000] {logging_mixin.py:188} INFO - [2025-08-19T08:51:40.633+0000] {dagbag.py:540} INFO - Filling up the DagBag from /home/airflow/.local/lib/python3.12/site-packages/airflow/example_dags/example_sla_dag.py
[2025-08-19T08:51:40.644+0000] {processor.py:840} INFO - DAG(s) 'example_sla_dag' retrieved from /home/airflow/.local/lib/python3.12/site-packages/airflow/example_dags/example_sla_dag.py
[2025-08-19T08:51:40.669+0000] {logging_mixin.py:188} INFO - [2025-08-19T08:51:40.669+0000] {dag.py:3096} INFO - Sync 1 DAGs
[2025-08-19T08:51:40.696+0000] {logging_mixin.py:188} INFO - [2025-08-19T08:51:40.695+0000] {dag.py:3954} INFO - Setting next_dagrun for example_sla_dag to 2025-08-19 08:48:00+00:00, run_after=2025-08-19 08:50:00+00:00
[2025-08-19T08:51:40.714+0000] {processor.py:183} INFO - Processing /home/airflow/.local/lib/python3.12/site-packages/airflow/example_dags/example_sla_dag.py took 0.091 seconds
[2025-08-19T08:52:10.927+0000] {processor.py:161} INFO - Started process (PID=354) to work on /home/airflow/.local/lib/python3.12/site-packages/airflow/example_dags/example_sla_dag.py
[2025-08-19T08:52:10.928+0000] {processor.py:830} INFO - Processing file /home/airflow/.local/lib/python3.12/site-packages/airflow/example_dags/example_sla_dag.py for tasks to queue
[2025-08-19T08:52:10.931+0000] {logging_mixin.py:188} INFO - [2025-08-19T08:52:10.930+0000] {dagbag.py:540} INFO - Filling up the DagBag from /home/airflow/.local/lib/python3.12/site-packages/airflow/example_dags/example_sla_dag.py
[2025-08-19T08:52:10.941+0000] {processor.py:840} INFO - DAG(s) 'example_sla_dag' retrieved from /home/airflow/.local/lib/python3.12/site-packages/airflow/example_dags/example_sla_dag.py
[2025-08-19T08:52:10.965+0000] {logging_mixin.py:188} INFO - [2025-08-19T08:52:10.965+0000] {dag.py:3096} INFO - Sync 1 DAGs
[2025-08-19T08:52:10.992+0000] {logging_mixin.py:188} INFO - [2025-08-19T08:52:10.992+0000] {dag.py:3954} INFO - Setting next_dagrun for example_sla_dag to 2025-08-19 08:50:00+00:00, run_after=2025-08-19 08:52:00+00:00
[2025-08-19T08:52:11.013+0000] {processor.py:183} INFO - Processing /home/airflow/.local/lib/python3.12/site-packages/airflow/example_dags/example_sla_dag.py took 0.092 seconds
[2025-08-19T08:52:41.249+0000] {processor.py:161} INFO - Started process (PID=412) to work on /home/airflow/.local/lib/python3.12/site-packages/airflow/example_dags/example_sla_dag.py
[2025-08-19T08:52:41.250+0000] {processor.py:830} INFO - Processing file /home/airflow/.local/lib/python3.12/site-packages/airflow/example_dags/example_sla_dag.py for tasks to queue
[2025-08-19T08:52:41.252+0000] {logging_mixin.py:188} INFO - [2025-08-19T08:52:41.252+0000] {dagbag.py:540} INFO - Filling up the DagBag from /home/airflow/.local/lib/python3.12/site-packages/airflow/example_dags/example_sla_dag.py
[2025-08-19T08:52:41.263+0000] {processor.py:840} INFO - DAG(s) 'example_sla_dag' retrieved from /home/airflow/.local/lib/python3.12/site-packages/airflow/example_dags/example_sla_dag.py
[2025-08-19T08:52:41.291+0000] {logging_mixin.py:188} INFO - [2025-08-19T08:52:41.290+0000] {dag.py:3096} INFO - Sync 1 DAGs
[2025-08-19T08:52:41.318+0000] {logging_mixin.py:188} INFO - [2025-08-19T08:52:41.318+0000] {dag.py:3954} INFO - Setting next_dagrun for example_sla_dag to 2025-08-19 08:50:00+00:00, run_after=2025-08-19 08:52:00+00:00
[2025-08-19T08:52:41.340+0000] {processor.py:183} INFO - Processing /home/airflow/.local/lib/python3.12/site-packages/airflow/example_dags/example_sla_dag.py took 0.099 seconds
[2025-08-19T08:53:11.475+0000] {processor.py:161} INFO - Started process (PID=471) to work on /home/airflow/.local/lib/python3.12/site-packages/airflow/example_dags/example_sla_dag.py
[2025-08-19T08:53:11.476+0000] {processor.py:830} INFO - Processing file /home/airflow/.local/lib/python3.12/site-packages/airflow/example_dags/example_sla_dag.py for tasks to queue
[2025-08-19T08:53:11.479+0000] {logging_mixin.py:188} INFO - [2025-08-19T08:53:11.478+0000] {dagbag.py:540} INFO - Filling up the DagBag from /home/airflow/.local/lib/python3.12/site-packages/airflow/example_dags/example_sla_dag.py
[2025-08-19T08:53:11.489+0000] {processor.py:840} INFO - DAG(s) 'example_sla_dag' retrieved from /home/airflow/.local/lib/python3.12/site-packages/airflow/example_dags/example_sla_dag.py
[2025-08-19T08:53:11.512+0000] {logging_mixin.py:188} INFO - [2025-08-19T08:53:11.512+0000] {dag.py:3096} INFO - Sync 1 DAGs
[2025-08-19T08:53:11.539+0000] {logging_mixin.py:188} INFO - [2025-08-19T08:53:11.538+0000] {dag.py:3954} INFO - Setting next_dagrun for example_sla_dag to 2025-08-19 08:50:00+00:00, run_after=2025-08-19 08:52:00+00:00
[2025-08-19T08:53:11.557+0000] {processor.py:183} INFO - Processing /home/airflow/.local/lib/python3.12/site-packages/airflow/example_dags/example_sla_dag.py took 0.089 seconds
[2025-08-19T08:53:41.691+0000] {processor.py:161} INFO - Started process (PID=530) to work on /home/airflow/.local/lib/python3.12/site-packages/airflow/example_dags/example_sla_dag.py
[2025-08-19T08:53:41.692+0000] {processor.py:830} INFO - Processing file /home/airflow/.local/lib/python3.12/site-packages/airflow/example_dags/example_sla_dag.py for tasks to queue
[2025-08-19T08:53:41.694+0000] {logging_mixin.py:188} INFO - [2025-08-19T08:53:41.694+0000] {dagbag.py:540} INFO - Filling up the DagBag from /home/airflow/.local/lib/python3.12/site-packages/airflow/example_dags/example_sla_dag.py
[2025-08-19T08:53:41.705+0000] {processor.py:840} INFO - DAG(s) 'example_sla_dag' retrieved from /home/airflow/.local/lib/python3.12/site-packages/airflow/example_dags/example_sla_dag.py
[2025-08-19T08:53:41.730+0000] {logging_mixin.py:188} INFO - [2025-08-19T08:53:41.730+0000] {dag.py:3096} INFO - Sync 1 DAGs
[2025-08-19T08:53:41.757+0000] {logging_mixin.py:188} INFO - [2025-08-19T08:53:41.757+0000] {dag.py:3954} INFO - Setting next_dagrun for example_sla_dag to 2025-08-19 08:50:00+00:00, run_after=2025-08-19 08:52:00+00:00
[2025-08-19T08:53:41.778+0000] {processor.py:183} INFO - Processing /home/airflow/.local/lib/python3.12/site-packages/airflow/example_dags/example_sla_dag.py took 0.094 seconds
[2025-08-19T08:54:12.007+0000] {processor.py:161} INFO - Started process (PID=588) to work on /home/airflow/.local/lib/python3.12/site-packages/airflow/example_dags/example_sla_dag.py
[2025-08-19T08:54:12.008+0000] {processor.py:830} INFO - Processing file /home/airflow/.local/lib/python3.12/site-packages/airflow/example_dags/example_sla_dag.py for tasks to queue
[2025-08-19T08:54:12.010+0000] {logging_mixin.py:188} INFO - [2025-08-19T08:54:12.010+0000] {dagbag.py:540} INFO - Filling up the DagBag from /home/airflow/.local/lib/python3.12/site-packages/airflow/example_dags/example_sla_dag.py
[2025-08-19T08:54:12.020+0000] {processor.py:840} INFO - DAG(s) 'example_sla_dag' retrieved from /home/airflow/.local/lib/python3.12/site-packages/airflow/example_dags/example_sla_dag.py
[2025-08-19T08:54:12.045+0000] {logging_mixin.py:188} INFO - [2025-08-19T08:54:12.044+0000] {dag.py:3096} INFO - Sync 1 DAGs
[2025-08-19T08:54:12.072+0000] {logging_mixin.py:188} INFO - [2025-08-19T08:54:12.072+0000] {dag.py:3954} INFO - Setting next_dagrun for example_sla_dag to 2025-08-19 08:52:00+00:00, run_after=2025-08-19 08:54:00+00:00
[2025-08-19T08:54:12.092+0000] {processor.py:183} INFO - Processing /home/airflow/.local/lib/python3.12/site-packages/airflow/example_dags/example_sla_dag.py took 0.093 seconds
[2025-08-19T08:54:42.503+0000] {processor.py:161} INFO - Started process (PID=646) to work on /home/airflow/.local/lib/python3.12/site-packages/airflow/example_dags/example_sla_dag.py
[2025-08-19T08:54:42.504+0000] {processor.py:830} INFO - Processing file /home/airflow/.local/lib/python3.12/site-packages/airflow/example_dags/example_sla_dag.py for tasks to queue
[2025-08-19T08:54:42.506+0000] {logging_mixin.py:188} INFO - [2025-08-19T08:54:42.506+0000] {dagbag.py:540} INFO - Filling up the DagBag from /home/airflow/.local/lib/python3.12/site-packages/airflow/example_dags/example_sla_dag.py
[2025-08-19T08:54:42.517+0000] {processor.py:840} INFO - DAG(s) 'example_sla_dag' retrieved from /home/airflow/.local/lib/python3.12/site-packages/airflow/example_dags/example_sla_dag.py
[2025-08-19T08:54:42.540+0000] {logging_mixin.py:188} INFO - [2025-08-19T08:54:42.540+0000] {dag.py:3096} INFO - Sync 1 DAGs
[2025-08-19T08:54:42.566+0000] {logging_mixin.py:188} INFO - [2025-08-19T08:54:42.566+0000] {dag.py:3954} INFO - Setting next_dagrun for example_sla_dag to 2025-08-19 08:52:00+00:00, run_after=2025-08-19 08:54:00+00:00
[2025-08-19T08:54:42.587+0000] {processor.py:183} INFO - Processing /home/airflow/.local/lib/python3.12/site-packages/airflow/example_dags/example_sla_dag.py took 0.091 seconds
[2025-08-19T08:55:12.823+0000] {processor.py:161} INFO - Started process (PID=704) to work on /home/airflow/.local/lib/python3.12/site-packages/airflow/example_dags/example_sla_dag.py
[2025-08-19T08:55:12.824+0000] {processor.py:830} INFO - Processing file /home/airflow/.local/lib/python3.12/site-packages/airflow/example_dags/example_sla_dag.py for tasks to queue
[2025-08-19T08:55:12.828+0000] {logging_mixin.py:188} INFO - [2025-08-19T08:55:12.827+0000] {dagbag.py:540} INFO - Filling up the DagBag from /home/airflow/.local/lib/python3.12/site-packages/airflow/example_dags/example_sla_dag.py
[2025-08-19T08:55:12.842+0000] {processor.py:840} INFO - DAG(s) 'example_sla_dag' retrieved from /home/airflow/.local/lib/python3.12/site-packages/airflow/example_dags/example_sla_dag.py
[2025-08-19T08:55:12.874+0000] {logging_mixin.py:188} INFO - [2025-08-19T08:55:12.874+0000] {dag.py:3096} INFO - Sync 1 DAGs
[2025-08-19T08:55:12.910+0000] {logging_mixin.py:188} INFO - [2025-08-19T08:55:12.910+0000] {dag.py:3954} INFO - Setting next_dagrun for example_sla_dag to 2025-08-19 08:52:00+00:00, run_after=2025-08-19 08:54:00+00:00
[2025-08-19T08:55:12.932+0000] {processor.py:183} INFO - Processing /home/airflow/.local/lib/python3.12/site-packages/airflow/example_dags/example_sla_dag.py took 0.120 seconds
[2025-08-19T08:55:43.089+0000] {processor.py:161} INFO - Started process (PID=762) to work on /home/airflow/.local/lib/python3.12/site-packages/airflow/example_dags/example_sla_dag.py
[2025-08-19T08:55:43.091+0000] {processor.py:830} INFO - Processing file /home/airflow/.local/lib/python3.12/site-packages/airflow/example_dags/example_sla_dag.py for tasks to queue
[2025-08-19T08:55:43.093+0000] {logging_mixin.py:188} INFO - [2025-08-19T08:55:43.093+0000] {dagbag.py:540} INFO - Filling up the DagBag from /home/airflow/.local/lib/python3.12/site-packages/airflow/example_dags/example_sla_dag.py
[2025-08-19T08:55:43.103+0000] {processor.py:840} INFO - DAG(s) 'example_sla_dag' retrieved from /home/airflow/.local/lib/python3.12/site-packages/airflow/example_dags/example_sla_dag.py
[2025-08-19T08:55:43.128+0000] {logging_mixin.py:188} INFO - [2025-08-19T08:55:43.128+0000] {dag.py:3096} INFO - Sync 1 DAGs
[2025-08-19T08:55:43.155+0000] {logging_mixin.py:188} INFO - [2025-08-19T08:55:43.155+0000] {dag.py:3954} INFO - Setting next_dagrun for example_sla_dag to 2025-08-19 08:52:00+00:00, run_after=2025-08-19 08:54:00+00:00
[2025-08-19T08:55:43.175+0000] {processor.py:183} INFO - Processing /home/airflow/.local/lib/python3.12/site-packages/airflow/example_dags/example_sla_dag.py took 0.093 seconds
[2025-08-19T08:56:13.395+0000] {processor.py:161} INFO - Started process (PID=820) to work on /home/airflow/.local/lib/python3.12/site-packages/airflow/example_dags/example_sla_dag.py
[2025-08-19T08:56:13.396+0000] {processor.py:830} INFO - Processing file /home/airflow/.local/lib/python3.12/site-packages/airflow/example_dags/example_sla_dag.py for tasks to queue
[2025-08-19T08:56:13.398+0000] {logging_mixin.py:188} INFO - [2025-08-19T08:56:13.398+0000] {dagbag.py:540} INFO - Filling up the DagBag from /home/airflow/.local/lib/python3.12/site-packages/airflow/example_dags/example_sla_dag.py
[2025-08-19T08:56:13.408+0000] {processor.py:840} INFO - DAG(s) 'example_sla_dag' retrieved from /home/airflow/.local/lib/python3.12/site-packages/airflow/example_dags/example_sla_dag.py
[2025-08-19T08:56:13.432+0000] {logging_mixin.py:188} INFO - [2025-08-19T08:56:13.431+0000] {dag.py:3096} INFO - Sync 1 DAGs
[2025-08-19T08:56:13.457+0000] {logging_mixin.py:188} INFO - [2025-08-19T08:56:13.457+0000] {dag.py:3954} INFO - Setting next_dagrun for example_sla_dag to 2025-08-19 08:54:00+00:00, run_after=2025-08-19 08:56:00+00:00
[2025-08-19T08:56:13.477+0000] {processor.py:183} INFO - Processing /home/airflow/.local/lib/python3.12/site-packages/airflow/example_dags/example_sla_dag.py took 0.090 seconds
[2025-08-19T08:56:43.887+0000] {processor.py:161} INFO - Started process (PID=878) to work on /home/airflow/.local/lib/python3.12/site-packages/airflow/example_dags/example_sla_dag.py
[2025-08-19T08:56:43.888+0000] {processor.py:830} INFO - Processing file /home/airflow/.local/lib/python3.12/site-packages/airflow/example_dags/example_sla_dag.py for tasks to queue
[2025-08-19T08:56:43.891+0000] {logging_mixin.py:188} INFO - [2025-08-19T08:56:43.891+0000] {dagbag.py:540} INFO - Filling up the DagBag from /home/airflow/.local/lib/python3.12/site-packages/airflow/example_dags/example_sla_dag.py
[2025-08-19T08:56:43.901+0000] {processor.py:840} INFO - DAG(s) 'example_sla_dag' retrieved from /home/airflow/.local/lib/python3.12/site-packages/airflow/example_dags/example_sla_dag.py
[2025-08-19T08:56:43.926+0000] {logging_mixin.py:188} INFO - [2025-08-19T08:56:43.926+0000] {dag.py:3096} INFO - Sync 1 DAGs
[2025-08-19T08:56:43.953+0000] {logging_mixin.py:188} INFO - [2025-08-19T08:56:43.953+0000] {dag.py:3954} INFO - Setting next_dagrun for example_sla_dag to 2025-08-19 08:54:00+00:00, run_after=2025-08-19 08:56:00+00:00
[2025-08-19T08:56:43.973+0000] {processor.py:183} INFO - Processing /home/airflow/.local/lib/python3.12/site-packages/airflow/example_dags/example_sla_dag.py took 0.094 seconds
[2025-08-19T08:57:14.074+0000] {processor.py:161} INFO - Started process (PID=936) to work on /home/airflow/.local/lib/python3.12/site-packages/airflow/example_dags/example_sla_dag.py
[2025-08-19T08:57:14.076+0000] {processor.py:830} INFO - Processing file /home/airflow/.local/lib/python3.12/site-packages/airflow/example_dags/example_sla_dag.py for tasks to queue
[2025-08-19T08:57:14.078+0000] {logging_mixin.py:188} INFO - [2025-08-19T08:57:14.078+0000] {dagbag.py:540} INFO - Filling up the DagBag from /home/airflow/.local/lib/python3.12/site-packages/airflow/example_dags/example_sla_dag.py
[2025-08-19T08:57:14.089+0000] {processor.py:840} INFO - DAG(s) 'example_sla_dag' retrieved from /home/airflow/.local/lib/python3.12/site-packages/airflow/example_dags/example_sla_dag.py
[2025-08-19T08:57:14.115+0000] {logging_mixin.py:188} INFO - [2025-08-19T08:57:14.115+0000] {dag.py:3096} INFO - Sync 1 DAGs
[2025-08-19T08:57:14.143+0000] {logging_mixin.py:188} INFO - [2025-08-19T08:57:14.143+0000] {dag.py:3954} INFO - Setting next_dagrun for example_sla_dag to 2025-08-19 08:54:00+00:00, run_after=2025-08-19 08:56:00+00:00
[2025-08-19T08:57:14.164+0000] {processor.py:183} INFO - Processing /home/airflow/.local/lib/python3.12/site-packages/airflow/example_dags/example_sla_dag.py took 0.097 seconds
[2025-08-19T08:57:44.407+0000] {processor.py:161} INFO - Started process (PID=995) to work on /home/airflow/.local/lib/python3.12/site-packages/airflow/example_dags/example_sla_dag.py
[2025-08-19T08:57:44.409+0000] {processor.py:830} INFO - Processing file /home/airflow/.local/lib/python3.12/site-packages/airflow/example_dags/example_sla_dag.py for tasks to queue
[2025-08-19T08:57:44.411+0000] {logging_mixin.py:188} INFO - [2025-08-19T08:57:44.410+0000] {dagbag.py:540} INFO - Filling up the DagBag from /home/airflow/.local/lib/python3.12/site-packages/airflow/example_dags/example_sla_dag.py
[2025-08-19T08:57:44.421+0000] {processor.py:840} INFO - DAG(s) 'example_sla_dag' retrieved from /home/airflow/.local/lib/python3.12/site-packages/airflow/example_dags/example_sla_dag.py
[2025-08-19T08:57:44.444+0000] {logging_mixin.py:188} INFO - [2025-08-19T08:57:44.444+0000] {dag.py:3096} INFO - Sync 1 DAGs
[2025-08-19T08:57:44.470+0000] {logging_mixin.py:188} INFO - [2025-08-19T08:57:44.470+0000] {dag.py:3954} INFO - Setting next_dagrun for example_sla_dag to 2025-08-19 08:54:00+00:00, run_after=2025-08-19 08:56:00+00:00
[2025-08-19T08:57:44.489+0000] {processor.py:183} INFO - Processing /home/airflow/.local/lib/python3.12/site-packages/airflow/example_dags/example_sla_dag.py took 0.089 seconds
[2025-08-19T08:58:14.696+0000] {processor.py:161} INFO - Started process (PID=1053) to work on /home/airflow/.local/lib/python3.12/site-packages/airflow/example_dags/example_sla_dag.py
[2025-08-19T08:58:14.697+0000] {processor.py:830} INFO - Processing file /home/airflow/.local/lib/python3.12/site-packages/airflow/example_dags/example_sla_dag.py for tasks to queue
[2025-08-19T08:58:14.699+0000] {logging_mixin.py:188} INFO - [2025-08-19T08:58:14.699+0000] {dagbag.py:540} INFO - Filling up the DagBag from /home/airflow/.local/lib/python3.12/site-packages/airflow/example_dags/example_sla_dag.py
[2025-08-19T08:58:14.709+0000] {processor.py:840} INFO - DAG(s) 'example_sla_dag' retrieved from /home/airflow/.local/lib/python3.12/site-packages/airflow/example_dags/example_sla_dag.py
[2025-08-19T08:58:14.732+0000] {logging_mixin.py:188} INFO - [2025-08-19T08:58:14.732+0000] {dag.py:3096} INFO - Sync 1 DAGs
[2025-08-19T08:58:14.759+0000] {logging_mixin.py:188} INFO - [2025-08-19T08:58:14.758+0000] {dag.py:3954} INFO - Setting next_dagrun for example_sla_dag to 2025-08-19 08:56:00+00:00, run_after=2025-08-19 08:58:00+00:00
[2025-08-19T08:58:14.776+0000] {processor.py:183} INFO - Processing /home/airflow/.local/lib/python3.12/site-packages/airflow/example_dags/example_sla_dag.py took 0.088 seconds
[2025-08-19T08:58:45.216+0000] {processor.py:161} INFO - Started process (PID=1117) to work on /home/airflow/.local/lib/python3.12/site-packages/airflow/example_dags/example_sla_dag.py
[2025-08-19T08:58:45.217+0000] {processor.py:830} INFO - Processing file /home/airflow/.local/lib/python3.12/site-packages/airflow/example_dags/example_sla_dag.py for tasks to queue
[2025-08-19T08:58:45.220+0000] {logging_mixin.py:188} INFO - [2025-08-19T08:58:45.220+0000] {dagbag.py:540} INFO - Filling up the DagBag from /home/airflow/.local/lib/python3.12/site-packages/airflow/example_dags/example_sla_dag.py
[2025-08-19T08:58:45.230+0000] {processor.py:840} INFO - DAG(s) 'example_sla_dag' retrieved from /home/airflow/.local/lib/python3.12/site-packages/airflow/example_dags/example_sla_dag.py
[2025-08-19T08:58:45.255+0000] {logging_mixin.py:188} INFO - [2025-08-19T08:58:45.255+0000] {dag.py:3096} INFO - Sync 1 DAGs
[2025-08-19T08:58:45.284+0000] {logging_mixin.py:188} INFO - [2025-08-19T08:58:45.284+0000] {dag.py:3954} INFO - Setting next_dagrun for example_sla_dag to 2025-08-19 08:56:00+00:00, run_after=2025-08-19 08:58:00+00:00
[2025-08-19T08:58:45.304+0000] {processor.py:183} INFO - Processing /home/airflow/.local/lib/python3.12/site-packages/airflow/example_dags/example_sla_dag.py took 0.095 seconds
[2025-08-19T08:59:15.565+0000] {processor.py:161} INFO - Started process (PID=1175) to work on /home/airflow/.local/lib/python3.12/site-packages/airflow/example_dags/example_sla_dag.py
[2025-08-19T08:59:15.567+0000] {processor.py:830} INFO - Processing file /home/airflow/.local/lib/python3.12/site-packages/airflow/example_dags/example_sla_dag.py for tasks to queue
[2025-08-19T08:59:15.569+0000] {logging_mixin.py:188} INFO - [2025-08-19T08:59:15.568+0000] {dagbag.py:540} INFO - Filling up the DagBag from /home/airflow/.local/lib/python3.12/site-packages/airflow/example_dags/example_sla_dag.py
[2025-08-19T08:59:15.578+0000] {processor.py:840} INFO - DAG(s) 'example_sla_dag' retrieved from /home/airflow/.local/lib/python3.12/site-packages/airflow/example_dags/example_sla_dag.py
[2025-08-19T08:59:15.602+0000] {logging_mixin.py:188} INFO - [2025-08-19T08:59:15.602+0000] {dag.py:3096} INFO - Sync 1 DAGs
[2025-08-19T08:59:15.630+0000] {logging_mixin.py:188} INFO - [2025-08-19T08:59:15.630+0000] {dag.py:3954} INFO - Setting next_dagrun for example_sla_dag to 2025-08-19 08:56:00+00:00, run_after=2025-08-19 08:58:00+00:00
[2025-08-19T08:59:15.651+0000] {processor.py:183} INFO - Processing /home/airflow/.local/lib/python3.12/site-packages/airflow/example_dags/example_sla_dag.py took 0.093 seconds
[2025-08-19T08:59:46.097+0000] {processor.py:161} INFO - Started process (PID=1233) to work on /home/airflow/.local/lib/python3.12/site-packages/airflow/example_dags/example_sla_dag.py
[2025-08-19T08:59:46.098+0000] {processor.py:830} INFO - Processing file /home/airflow/.local/lib/python3.12/site-packages/airflow/example_dags/example_sla_dag.py for tasks to queue
[2025-08-19T08:59:46.101+0000] {logging_mixin.py:188} INFO - [2025-08-19T08:59:46.101+0000] {dagbag.py:540} INFO - Filling up the DagBag from /home/airflow/.local/lib/python3.12/site-packages/airflow/example_dags/example_sla_dag.py
[2025-08-19T08:59:46.111+0000] {processor.py:840} INFO - DAG(s) 'example_sla_dag' retrieved from /home/airflow/.local/lib/python3.12/site-packages/airflow/example_dags/example_sla_dag.py
[2025-08-19T08:59:46.134+0000] {logging_mixin.py:188} INFO - [2025-08-19T08:59:46.134+0000] {dag.py:3096} INFO - Sync 1 DAGs
[2025-08-19T08:59:46.161+0000] {logging_mixin.py:188} INFO - [2025-08-19T08:59:46.160+0000] {dag.py:3954} INFO - Setting next_dagrun for example_sla_dag to 2025-08-19 08:56:00+00:00, run_after=2025-08-19 08:58:00+00:00
[2025-08-19T08:59:46.182+0000] {processor.py:183} INFO - Processing /home/airflow/.local/lib/python3.12/site-packages/airflow/example_dags/example_sla_dag.py took 0.094 seconds
[2025-08-19T09:00:16.365+0000] {processor.py:161} INFO - Started process (PID=1291) to work on /home/airflow/.local/lib/python3.12/site-packages/airflow/example_dags/example_sla_dag.py
[2025-08-19T09:00:16.366+0000] {processor.py:830} INFO - Processing file /home/airflow/.local/lib/python3.12/site-packages/airflow/example_dags/example_sla_dag.py for tasks to queue
[2025-08-19T09:00:16.369+0000] {logging_mixin.py:188} INFO - [2025-08-19T09:00:16.369+0000] {dagbag.py:540} INFO - Filling up the DagBag from /home/airflow/.local/lib/python3.12/site-packages/airflow/example_dags/example_sla_dag.py
[2025-08-19T09:00:16.379+0000] {processor.py:840} INFO - DAG(s) 'example_sla_dag' retrieved from /home/airflow/.local/lib/python3.12/site-packages/airflow/example_dags/example_sla_dag.py
[2025-08-19T09:00:16.406+0000] {logging_mixin.py:188} INFO - [2025-08-19T09:00:16.406+0000] {dag.py:3096} INFO - Sync 1 DAGs
[2025-08-19T09:00:16.432+0000] {logging_mixin.py:188} INFO - [2025-08-19T09:00:16.432+0000] {dag.py:3954} INFO - Setting next_dagrun for example_sla_dag to 2025-08-19 08:58:00+00:00, run_after=2025-08-19 09:00:00+00:00
[2025-08-19T09:00:16.451+0000] {processor.py:183} INFO - Processing /home/airflow/.local/lib/python3.12/site-packages/airflow/example_dags/example_sla_dag.py took 0.093 seconds
[2025-08-19T09:00:46.776+0000] {processor.py:161} INFO - Started process (PID=1349) to work on /home/airflow/.local/lib/python3.12/site-packages/airflow/example_dags/example_sla_dag.py
[2025-08-19T09:00:46.777+0000] {processor.py:830} INFO - Processing file /home/airflow/.local/lib/python3.12/site-packages/airflow/example_dags/example_sla_dag.py for tasks to queue
[2025-08-19T09:00:46.781+0000] {logging_mixin.py:188} INFO - [2025-08-19T09:00:46.780+0000] {dagbag.py:540} INFO - Filling up the DagBag from /home/airflow/.local/lib/python3.12/site-packages/airflow/example_dags/example_sla_dag.py
[2025-08-19T09:00:46.790+0000] {processor.py:840} INFO - DAG(s) 'example_sla_dag' retrieved from /home/airflow/.local/lib/python3.12/site-packages/airflow/example_dags/example_sla_dag.py
[2025-08-19T09:00:46.814+0000] {logging_mixin.py:188} INFO - [2025-08-19T09:00:46.813+0000] {dag.py:3096} INFO - Sync 1 DAGs
[2025-08-19T09:00:46.840+0000] {logging_mixin.py:188} INFO - [2025-08-19T09:00:46.840+0000] {dag.py:3954} INFO - Setting next_dagrun for example_sla_dag to 2025-08-19 08:58:00+00:00, run_after=2025-08-19 09:00:00+00:00
[2025-08-19T09:00:46.858+0000] {processor.py:183} INFO - Processing /home/airflow/.local/lib/python3.12/site-packages/airflow/example_dags/example_sla_dag.py took 0.089 seconds
[2025-08-19T09:01:16.946+0000] {processor.py:161} INFO - Started process (PID=1407) to work on /home/airflow/.local/lib/python3.12/site-packages/airflow/example_dags/example_sla_dag.py
[2025-08-19T09:01:16.947+0000] {processor.py:830} INFO - Processing file /home/airflow/.local/lib/python3.12/site-packages/airflow/example_dags/example_sla_dag.py for tasks to queue
[2025-08-19T09:01:16.950+0000] {logging_mixin.py:188} INFO - [2025-08-19T09:01:16.950+0000] {dagbag.py:540} INFO - Filling up the DagBag from /home/airflow/.local/lib/python3.12/site-packages/airflow/example_dags/example_sla_dag.py
[2025-08-19T09:01:16.960+0000] {processor.py:840} INFO - DAG(s) 'example_sla_dag' retrieved from /home/airflow/.local/lib/python3.12/site-packages/airflow/example_dags/example_sla_dag.py
[2025-08-19T09:01:16.984+0000] {logging_mixin.py:188} INFO - [2025-08-19T09:01:16.984+0000] {dag.py:3096} INFO - Sync 1 DAGs
[2025-08-19T09:01:17.011+0000] {logging_mixin.py:188} INFO - [2025-08-19T09:01:17.011+0000] {dag.py:3954} INFO - Setting next_dagrun for example_sla_dag to 2025-08-19 08:58:00+00:00, run_after=2025-08-19 09:00:00+00:00
[2025-08-19T09:01:17.030+0000] {processor.py:183} INFO - Processing /home/airflow/.local/lib/python3.12/site-packages/airflow/example_dags/example_sla_dag.py took 0.092 seconds
[2025-08-19T09:01:47.200+0000] {processor.py:161} INFO - Started process (PID=1465) to work on /home/airflow/.local/lib/python3.12/site-packages/airflow/example_dags/example_sla_dag.py
[2025-08-19T09:01:47.201+0000] {processor.py:830} INFO - Processing file /home/airflow/.local/lib/python3.12/site-packages/airflow/example_dags/example_sla_dag.py for tasks to queue
[2025-08-19T09:01:47.204+0000] {logging_mixin.py:188} INFO - [2025-08-19T09:01:47.203+0000] {dagbag.py:540} INFO - Filling up the DagBag from /home/airflow/.local/lib/python3.12/site-packages/airflow/example_dags/example_sla_dag.py
[2025-08-19T09:01:47.213+0000] {processor.py:840} INFO - DAG(s) 'example_sla_dag' retrieved from /home/airflow/.local/lib/python3.12/site-packages/airflow/example_dags/example_sla_dag.py
[2025-08-19T09:01:47.237+0000] {logging_mixin.py:188} INFO - [2025-08-19T09:01:47.237+0000] {dag.py:3096} INFO - Sync 1 DAGs
[2025-08-19T09:01:47.264+0000] {logging_mixin.py:188} INFO - [2025-08-19T09:01:47.263+0000] {dag.py:3954} INFO - Setting next_dagrun for example_sla_dag to 2025-08-19 08:58:00+00:00, run_after=2025-08-19 09:00:00+00:00
[2025-08-19T09:01:47.283+0000] {processor.py:183} INFO - Processing /home/airflow/.local/lib/python3.12/site-packages/airflow/example_dags/example_sla_dag.py took 0.091 seconds
[2025-08-19T09:02:17.712+0000] {processor.py:161} INFO - Started process (PID=1523) to work on /home/airflow/.local/lib/python3.12/site-packages/airflow/example_dags/example_sla_dag.py
[2025-08-19T09:02:17.713+0000] {processor.py:830} INFO - Processing file /home/airflow/.local/lib/python3.12/site-packages/airflow/example_dags/example_sla_dag.py for tasks to queue
[2025-08-19T09:02:17.716+0000] {logging_mixin.py:188} INFO - [2025-08-19T09:02:17.716+0000] {dagbag.py:540} INFO - Filling up the DagBag from /home/airflow/.local/lib/python3.12/site-packages/airflow/example_dags/example_sla_dag.py
[2025-08-19T09:02:17.726+0000] {processor.py:840} INFO - DAG(s) 'example_sla_dag' retrieved from /home/airflow/.local/lib/python3.12/site-packages/airflow/example_dags/example_sla_dag.py
[2025-08-19T09:02:17.750+0000] {logging_mixin.py:188} INFO - [2025-08-19T09:02:17.750+0000] {dag.py:3096} INFO - Sync 1 DAGs
[2025-08-19T09:02:17.780+0000] {logging_mixin.py:188} INFO - [2025-08-19T09:02:17.780+0000] {dag.py:3954} INFO - Setting next_dagrun for example_sla_dag to 2025-08-19 09:00:00+00:00, run_after=2025-08-19 09:02:00+00:00
[2025-08-19T09:02:17.804+0000] {processor.py:183} INFO - Processing /home/airflow/.local/lib/python3.12/site-packages/airflow/example_dags/example_sla_dag.py took 0.100 seconds
[2025-08-19T09:02:47.968+0000] {processor.py:161} INFO - Started process (PID=1581) to work on /home/airflow/.local/lib/python3.12/site-packages/airflow/example_dags/example_sla_dag.py
[2025-08-19T09:02:47.969+0000] {processor.py:830} INFO - Processing file /home/airflow/.local/lib/python3.12/site-packages/airflow/example_dags/example_sla_dag.py for tasks to queue
[2025-08-19T09:02:47.971+0000] {logging_mixin.py:188} INFO - [2025-08-19T09:02:47.971+0000] {dagbag.py:540} INFO - Filling up the DagBag from /home/airflow/.local/lib/python3.12/site-packages/airflow/example_dags/example_sla_dag.py
[2025-08-19T09:02:47.982+0000] {processor.py:840} INFO - DAG(s) 'example_sla_dag' retrieved from /home/airflow/.local/lib/python3.12/site-packages/airflow/example_dags/example_sla_dag.py
[2025-08-19T09:02:48.005+0000] {logging_mixin.py:188} INFO - [2025-08-19T09:02:48.005+0000] {dag.py:3096} INFO - Sync 1 DAGs
[2025-08-19T09:02:48.031+0000] {logging_mixin.py:188} INFO - [2025-08-19T09:02:48.031+0000] {dag.py:3954} INFO - Setting next_dagrun for example_sla_dag to 2025-08-19 09:00:00+00:00, run_after=2025-08-19 09:02:00+00:00
[2025-08-19T09:02:48.051+0000] {processor.py:183} INFO - Processing /home/airflow/.local/lib/python3.12/site-packages/airflow/example_dags/example_sla_dag.py took 0.090 seconds
[2025-08-19T09:03:18.256+0000] {processor.py:161} INFO - Started process (PID=1639) to work on /home/airflow/.local/lib/python3.12/site-packages/airflow/example_dags/example_sla_dag.py
[2025-08-19T09:03:18.257+0000] {processor.py:830} INFO - Processing file /home/airflow/.local/lib/python3.12/site-packages/airflow/example_dags/example_sla_dag.py for tasks to queue
[2025-08-19T09:03:18.259+0000] {logging_mixin.py:188} INFO - [2025-08-19T09:03:18.259+0000] {dagbag.py:540} INFO - Filling up the DagBag from /home/airflow/.local/lib/python3.12/site-packages/airflow/example_dags/example_sla_dag.py
[2025-08-19T09:03:18.270+0000] {processor.py:840} INFO - DAG(s) 'example_sla_dag' retrieved from /home/airflow/.local/lib/python3.12/site-packages/airflow/example_dags/example_sla_dag.py
[2025-08-19T09:03:18.294+0000] {logging_mixin.py:188} INFO - [2025-08-19T09:03:18.294+0000] {dag.py:3096} INFO - Sync 1 DAGs
[2025-08-19T09:03:18.321+0000] {logging_mixin.py:188} INFO - [2025-08-19T09:03:18.320+0000] {dag.py:3954} INFO - Setting next_dagrun for example_sla_dag to 2025-08-19 09:00:00+00:00, run_after=2025-08-19 09:02:00+00:00
[2025-08-19T09:03:18.340+0000] {processor.py:183} INFO - Processing /home/airflow/.local/lib/python3.12/site-packages/airflow/example_dags/example_sla_dag.py took 0.091 seconds
[2025-08-19T09:03:48.455+0000] {processor.py:161} INFO - Started process (PID=1697) to work on /home/airflow/.local/lib/python3.12/site-packages/airflow/example_dags/example_sla_dag.py
[2025-08-19T09:03:48.457+0000] {processor.py:830} INFO - Processing file /home/airflow/.local/lib/python3.12/site-packages/airflow/example_dags/example_sla_dag.py for tasks to queue
[2025-08-19T09:03:48.459+0000] {logging_mixin.py:188} INFO - [2025-08-19T09:03:48.459+0000] {dagbag.py:540} INFO - Filling up the DagBag from /home/airflow/.local/lib/python3.12/site-packages/airflow/example_dags/example_sla_dag.py
[2025-08-19T09:03:48.470+0000] {processor.py:840} INFO - DAG(s) 'example_sla_dag' retrieved from /home/airflow/.local/lib/python3.12/site-packages/airflow/example_dags/example_sla_dag.py
[2025-08-19T09:03:48.497+0000] {logging_mixin.py:188} INFO - [2025-08-19T09:03:48.497+0000] {dag.py:3096} INFO - Sync 1 DAGs
[2025-08-19T09:03:48.531+0000] {logging_mixin.py:188} INFO - [2025-08-19T09:03:48.531+0000] {dag.py:3954} INFO - Setting next_dagrun for example_sla_dag to 2025-08-19 09:00:00+00:00, run_after=2025-08-19 09:02:00+00:00
[2025-08-19T09:03:48.554+0000] {processor.py:183} INFO - Processing /home/airflow/.local/lib/python3.12/site-packages/airflow/example_dags/example_sla_dag.py took 0.106 seconds
[2025-08-19T09:04:18.651+0000] {processor.py:161} INFO - Started process (PID=1755) to work on /home/airflow/.local/lib/python3.12/site-packages/airflow/example_dags/example_sla_dag.py
[2025-08-19T09:04:18.653+0000] {processor.py:830} INFO - Processing file /home/airflow/.local/lib/python3.12/site-packages/airflow/example_dags/example_sla_dag.py for tasks to queue
[2025-08-19T09:04:18.655+0000] {logging_mixin.py:188} INFO - [2025-08-19T09:04:18.655+0000] {dagbag.py:540} INFO - Filling up the DagBag from /home/airflow/.local/lib/python3.12/site-packages/airflow/example_dags/example_sla_dag.py
[2025-08-19T09:04:18.666+0000] {processor.py:840} INFO - DAG(s) 'example_sla_dag' retrieved from /home/airflow/.local/lib/python3.12/site-packages/airflow/example_dags/example_sla_dag.py
[2025-08-19T09:04:18.690+0000] {logging_mixin.py:188} INFO - [2025-08-19T09:04:18.690+0000] {dag.py:3096} INFO - Sync 1 DAGs
[2025-08-19T09:04:18.717+0000] {logging_mixin.py:188} INFO - [2025-08-19T09:04:18.717+0000] {dag.py:3954} INFO - Setting next_dagrun for example_sla_dag to 2025-08-19 09:02:00+00:00, run_after=2025-08-19 09:04:00+00:00
[2025-08-19T09:04:18.736+0000] {processor.py:183} INFO - Processing /home/airflow/.local/lib/python3.12/site-packages/airflow/example_dags/example_sla_dag.py took 0.092 seconds
[2025-08-19T09:04:48.994+0000] {processor.py:161} INFO - Started process (PID=1814) to work on /home/airflow/.local/lib/python3.12/site-packages/airflow/example_dags/example_sla_dag.py
[2025-08-19T09:04:48.995+0000] {processor.py:830} INFO - Processing file /home/airflow/.local/lib/python3.12/site-packages/airflow/example_dags/example_sla_dag.py for tasks to queue
[2025-08-19T09:04:48.997+0000] {logging_mixin.py:188} INFO - [2025-08-19T09:04:48.997+0000] {dagbag.py:540} INFO - Filling up the DagBag from /home/airflow/.local/lib/python3.12/site-packages/airflow/example_dags/example_sla_dag.py
[2025-08-19T09:04:49.008+0000] {processor.py:840} INFO - DAG(s) 'example_sla_dag' retrieved from /home/airflow/.local/lib/python3.12/site-packages/airflow/example_dags/example_sla_dag.py
[2025-08-19T09:04:49.033+0000] {logging_mixin.py:188} INFO - [2025-08-19T09:04:49.032+0000] {dag.py:3096} INFO - Sync 1 DAGs
[2025-08-19T09:04:49.061+0000] {logging_mixin.py:188} INFO - [2025-08-19T09:04:49.061+0000] {dag.py:3954} INFO - Setting next_dagrun for example_sla_dag to 2025-08-19 09:02:00+00:00, run_after=2025-08-19 09:04:00+00:00
[2025-08-19T09:04:49.081+0000] {processor.py:183} INFO - Processing /home/airflow/.local/lib/python3.12/site-packages/airflow/example_dags/example_sla_dag.py took 0.095 seconds
[2025-08-19T09:05:19.232+0000] {processor.py:161} INFO - Started process (PID=1873) to work on /home/airflow/.local/lib/python3.12/site-packages/airflow/example_dags/example_sla_dag.py
[2025-08-19T09:05:19.233+0000] {processor.py:830} INFO - Processing file /home/airflow/.local/lib/python3.12/site-packages/airflow/example_dags/example_sla_dag.py for tasks to queue
[2025-08-19T09:05:19.235+0000] {logging_mixin.py:188} INFO - [2025-08-19T09:05:19.235+0000] {dagbag.py:540} INFO - Filling up the DagBag from /home/airflow/.local/lib/python3.12/site-packages/airflow/example_dags/example_sla_dag.py
[2025-08-19T09:05:19.246+0000] {processor.py:840} INFO - DAG(s) 'example_sla_dag' retrieved from /home/airflow/.local/lib/python3.12/site-packages/airflow/example_dags/example_sla_dag.py
[2025-08-19T09:05:19.271+0000] {logging_mixin.py:188} INFO - [2025-08-19T09:05:19.271+0000] {dag.py:3096} INFO - Sync 1 DAGs
[2025-08-19T09:05:19.299+0000] {logging_mixin.py:188} INFO - [2025-08-19T09:05:19.298+0000] {dag.py:3954} INFO - Setting next_dagrun for example_sla_dag to 2025-08-19 09:02:00+00:00, run_after=2025-08-19 09:04:00+00:00
[2025-08-19T09:05:19.321+0000] {processor.py:183} INFO - Processing /home/airflow/.local/lib/python3.12/site-packages/airflow/example_dags/example_sla_dag.py took 0.097 seconds
[2025-08-19T09:05:49.539+0000] {processor.py:161} INFO - Started process (PID=1929) to work on /home/airflow/.local/lib/python3.12/site-packages/airflow/example_dags/example_sla_dag.py
[2025-08-19T09:05:49.540+0000] {processor.py:830} INFO - Processing file /home/airflow/.local/lib/python3.12/site-packages/airflow/example_dags/example_sla_dag.py for tasks to queue
[2025-08-19T09:05:49.543+0000] {logging_mixin.py:188} INFO - [2025-08-19T09:05:49.543+0000] {dagbag.py:540} INFO - Filling up the DagBag from /home/airflow/.local/lib/python3.12/site-packages/airflow/example_dags/example_sla_dag.py
[2025-08-19T09:05:49.556+0000] {processor.py:840} INFO - DAG(s) 'example_sla_dag' retrieved from /home/airflow/.local/lib/python3.12/site-packages/airflow/example_dags/example_sla_dag.py
[2025-08-19T09:05:49.581+0000] {logging_mixin.py:188} INFO - [2025-08-19T09:05:49.581+0000] {dag.py:3096} INFO - Sync 1 DAGs
[2025-08-19T09:05:49.608+0000] {logging_mixin.py:188} INFO - [2025-08-19T09:05:49.608+0000] {dag.py:3954} INFO - Setting next_dagrun for example_sla_dag to 2025-08-19 09:02:00+00:00, run_after=2025-08-19 09:04:00+00:00
[2025-08-19T09:05:49.627+0000] {processor.py:183} INFO - Processing /home/airflow/.local/lib/python3.12/site-packages/airflow/example_dags/example_sla_dag.py took 0.095 seconds
[2025-08-19T09:06:19.839+0000] {processor.py:161} INFO - Started process (PID=1987) to work on /home/airflow/.local/lib/python3.12/site-packages/airflow/example_dags/example_sla_dag.py
[2025-08-19T09:06:19.841+0000] {processor.py:830} INFO - Processing file /home/airflow/.local/lib/python3.12/site-packages/airflow/example_dags/example_sla_dag.py for tasks to queue
[2025-08-19T09:06:19.843+0000] {logging_mixin.py:188} INFO - [2025-08-19T09:06:19.843+0000] {dagbag.py:540} INFO - Filling up the DagBag from /home/airflow/.local/lib/python3.12/site-packages/airflow/example_dags/example_sla_dag.py
[2025-08-19T09:06:19.854+0000] {processor.py:840} INFO - DAG(s) 'example_sla_dag' retrieved from /home/airflow/.local/lib/python3.12/site-packages/airflow/example_dags/example_sla_dag.py
[2025-08-19T09:06:19.877+0000] {logging_mixin.py:188} INFO - [2025-08-19T09:06:19.877+0000] {dag.py:3096} INFO - Sync 1 DAGs
[2025-08-19T09:06:19.904+0000] {logging_mixin.py:188} INFO - [2025-08-19T09:06:19.904+0000] {dag.py:3954} INFO - Setting next_dagrun for example_sla_dag to 2025-08-19 09:04:00+00:00, run_after=2025-08-19 09:06:00+00:00
[2025-08-19T09:06:19.924+0000] {processor.py:183} INFO - Processing /home/airflow/.local/lib/python3.12/site-packages/airflow/example_dags/example_sla_dag.py took 0.092 seconds
[2025-08-19T09:06:50.253+0000] {processor.py:161} INFO - Started process (PID=2046) to work on /home/airflow/.local/lib/python3.12/site-packages/airflow/example_dags/example_sla_dag.py
[2025-08-19T09:06:50.254+0000] {processor.py:830} INFO - Processing file /home/airflow/.local/lib/python3.12/site-packages/airflow/example_dags/example_sla_dag.py for tasks to queue
[2025-08-19T09:06:50.256+0000] {logging_mixin.py:188} INFO - [2025-08-19T09:06:50.256+0000] {dagbag.py:540} INFO - Filling up the DagBag from /home/airflow/.local/lib/python3.12/site-packages/airflow/example_dags/example_sla_dag.py
[2025-08-19T09:06:50.266+0000] {processor.py:840} INFO - DAG(s) 'example_sla_dag' retrieved from /home/airflow/.local/lib/python3.12/site-packages/airflow/example_dags/example_sla_dag.py
[2025-08-19T09:06:50.290+0000] {logging_mixin.py:188} INFO - [2025-08-19T09:06:50.290+0000] {dag.py:3096} INFO - Sync 1 DAGs
[2025-08-19T09:06:50.317+0000] {logging_mixin.py:188} INFO - [2025-08-19T09:06:50.317+0000] {dag.py:3954} INFO - Setting next_dagrun for example_sla_dag to 2025-08-19 09:04:00+00:00, run_after=2025-08-19 09:06:00+00:00
[2025-08-19T09:06:50.336+0000] {processor.py:183} INFO - Processing /home/airflow/.local/lib/python3.12/site-packages/airflow/example_dags/example_sla_dag.py took 0.090 seconds
[2025-08-19T09:07:20.565+0000] {processor.py:161} INFO - Started process (PID=2104) to work on /home/airflow/.local/lib/python3.12/site-packages/airflow/example_dags/example_sla_dag.py
[2025-08-19T09:07:20.567+0000] {processor.py:830} INFO - Processing file /home/airflow/.local/lib/python3.12/site-packages/airflow/example_dags/example_sla_dag.py for tasks to queue
[2025-08-19T09:07:20.569+0000] {logging_mixin.py:188} INFO - [2025-08-19T09:07:20.568+0000] {dagbag.py:540} INFO - Filling up the DagBag from /home/airflow/.local/lib/python3.12/site-packages/airflow/example_dags/example_sla_dag.py
[2025-08-19T09:07:20.579+0000] {processor.py:840} INFO - DAG(s) 'example_sla_dag' retrieved from /home/airflow/.local/lib/python3.12/site-packages/airflow/example_dags/example_sla_dag.py
[2025-08-19T09:07:20.606+0000] {logging_mixin.py:188} INFO - [2025-08-19T09:07:20.605+0000] {dag.py:3096} INFO - Sync 1 DAGs
[2025-08-19T09:07:20.636+0000] {logging_mixin.py:188} INFO - [2025-08-19T09:07:20.636+0000] {dag.py:3954} INFO - Setting next_dagrun for example_sla_dag to 2025-08-19 09:04:00+00:00, run_after=2025-08-19 09:06:00+00:00
[2025-08-19T09:07:20.656+0000] {processor.py:183} INFO - Processing /home/airflow/.local/lib/python3.12/site-packages/airflow/example_dags/example_sla_dag.py took 0.098 seconds
[2025-08-19T09:07:50.946+0000] {processor.py:161} INFO - Started process (PID=2162) to work on /home/airflow/.local/lib/python3.12/site-packages/airflow/example_dags/example_sla_dag.py
[2025-08-19T09:07:50.947+0000] {processor.py:830} INFO - Processing file /home/airflow/.local/lib/python3.12/site-packages/airflow/example_dags/example_sla_dag.py for tasks to queue
[2025-08-19T09:07:50.949+0000] {logging_mixin.py:188} INFO - [2025-08-19T09:07:50.949+0000] {dagbag.py:540} INFO - Filling up the DagBag from /home/airflow/.local/lib/python3.12/site-packages/airflow/example_dags/example_sla_dag.py
[2025-08-19T09:07:50.960+0000] {processor.py:840} INFO - DAG(s) 'example_sla_dag' retrieved from /home/airflow/.local/lib/python3.12/site-packages/airflow/example_dags/example_sla_dag.py
[2025-08-19T09:07:50.981+0000] {logging_mixin.py:188} INFO - [2025-08-19T09:07:50.981+0000] {dag.py:3096} INFO - Sync 1 DAGs
[2025-08-19T09:07:51.008+0000] {logging_mixin.py:188} INFO - [2025-08-19T09:07:51.008+0000] {dag.py:3954} INFO - Setting next_dagrun for example_sla_dag to 2025-08-19 09:04:00+00:00, run_after=2025-08-19 09:06:00+00:00
[2025-08-19T09:07:51.027+0000] {processor.py:183} INFO - Processing /home/airflow/.local/lib/python3.12/site-packages/airflow/example_dags/example_sla_dag.py took 0.088 seconds
[2025-08-19T09:08:21.183+0000] {processor.py:161} INFO - Started process (PID=2220) to work on /home/airflow/.local/lib/python3.12/site-packages/airflow/example_dags/example_sla_dag.py
[2025-08-19T09:08:21.185+0000] {processor.py:830} INFO - Processing file /home/airflow/.local/lib/python3.12/site-packages/airflow/example_dags/example_sla_dag.py for tasks to queue
[2025-08-19T09:08:21.187+0000] {logging_mixin.py:188} INFO - [2025-08-19T09:08:21.187+0000] {dagbag.py:540} INFO - Filling up the DagBag from /home/airflow/.local/lib/python3.12/site-packages/airflow/example_dags/example_sla_dag.py
[2025-08-19T09:08:21.198+0000] {processor.py:840} INFO - DAG(s) 'example_sla_dag' retrieved from /home/airflow/.local/lib/python3.12/site-packages/airflow/example_dags/example_sla_dag.py
[2025-08-19T09:08:21.222+0000] {logging_mixin.py:188} INFO - [2025-08-19T09:08:21.222+0000] {dag.py:3096} INFO - Sync 1 DAGs
[2025-08-19T09:08:21.249+0000] {logging_mixin.py:188} INFO - [2025-08-19T09:08:21.249+0000] {dag.py:3954} INFO - Setting next_dagrun for example_sla_dag to 2025-08-19 09:06:00+00:00, run_after=2025-08-19 09:08:00+00:00
[2025-08-19T09:08:21.270+0000] {processor.py:183} INFO - Processing /home/airflow/.local/lib/python3.12/site-packages/airflow/example_dags/example_sla_dag.py took 0.095 seconds
[2025-08-19T09:08:51.921+0000] {processor.py:161} INFO - Started process (PID=2278) to work on /home/airflow/.local/lib/python3.12/site-packages/airflow/example_dags/example_sla_dag.py
[2025-08-19T09:08:51.922+0000] {processor.py:830} INFO - Processing file /home/airflow/.local/lib/python3.12/site-packages/airflow/example_dags/example_sla_dag.py for tasks to queue
[2025-08-19T09:08:51.925+0000] {logging_mixin.py:188} INFO - [2025-08-19T09:08:51.924+0000] {dagbag.py:540} INFO - Filling up the DagBag from /home/airflow/.local/lib/python3.12/site-packages/airflow/example_dags/example_sla_dag.py
[2025-08-19T09:08:51.936+0000] {processor.py:840} INFO - DAG(s) 'example_sla_dag' retrieved from /home/airflow/.local/lib/python3.12/site-packages/airflow/example_dags/example_sla_dag.py
[2025-08-19T09:08:51.964+0000] {logging_mixin.py:188} INFO - [2025-08-19T09:08:51.963+0000] {dag.py:3096} INFO - Sync 1 DAGs
[2025-08-19T09:08:51.995+0000] {logging_mixin.py:188} INFO - [2025-08-19T09:08:51.995+0000] {dag.py:3954} INFO - Setting next_dagrun for example_sla_dag to 2025-08-19 09:06:00+00:00, run_after=2025-08-19 09:08:00+00:00
[2025-08-19T09:08:52.018+0000] {processor.py:183} INFO - Processing /home/airflow/.local/lib/python3.12/site-packages/airflow/example_dags/example_sla_dag.py took 0.106 seconds
[2025-08-19T09:09:22.507+0000] {processor.py:161} INFO - Started process (PID=2336) to work on /home/airflow/.local/lib/python3.12/site-packages/airflow/example_dags/example_sla_dag.py
[2025-08-19T09:09:22.508+0000] {processor.py:830} INFO - Processing file /home/airflow/.local/lib/python3.12/site-packages/airflow/example_dags/example_sla_dag.py for tasks to queue
[2025-08-19T09:09:22.510+0000] {logging_mixin.py:188} INFO - [2025-08-19T09:09:22.510+0000] {dagbag.py:540} INFO - Filling up the DagBag from /home/airflow/.local/lib/python3.12/site-packages/airflow/example_dags/example_sla_dag.py
[2025-08-19T09:09:22.520+0000] {processor.py:840} INFO - DAG(s) 'example_sla_dag' retrieved from /home/airflow/.local/lib/python3.12/site-packages/airflow/example_dags/example_sla_dag.py
[2025-08-19T09:09:22.544+0000] {logging_mixin.py:188} INFO - [2025-08-19T09:09:22.544+0000] {dag.py:3096} INFO - Sync 1 DAGs
[2025-08-19T09:09:22.572+0000] {logging_mixin.py:188} INFO - [2025-08-19T09:09:22.572+0000] {dag.py:3954} INFO - Setting next_dagrun for example_sla_dag to 2025-08-19 09:06:00+00:00, run_after=2025-08-19 09:08:00+00:00
[2025-08-19T09:09:22.592+0000] {processor.py:183} INFO - Processing /home/airflow/.local/lib/python3.12/site-packages/airflow/example_dags/example_sla_dag.py took 0.092 seconds
[2025-08-19T09:09:53.094+0000] {processor.py:161} INFO - Started process (PID=2394) to work on /home/airflow/.local/lib/python3.12/site-packages/airflow/example_dags/example_sla_dag.py
[2025-08-19T09:09:53.095+0000] {processor.py:830} INFO - Processing file /home/airflow/.local/lib/python3.12/site-packages/airflow/example_dags/example_sla_dag.py for tasks to queue
[2025-08-19T09:09:53.097+0000] {logging_mixin.py:188} INFO - [2025-08-19T09:09:53.097+0000] {dagbag.py:540} INFO - Filling up the DagBag from /home/airflow/.local/lib/python3.12/site-packages/airflow/example_dags/example_sla_dag.py
[2025-08-19T09:09:53.108+0000] {processor.py:840} INFO - DAG(s) 'example_sla_dag' retrieved from /home/airflow/.local/lib/python3.12/site-packages/airflow/example_dags/example_sla_dag.py
[2025-08-19T09:09:53.134+0000] {logging_mixin.py:188} INFO - [2025-08-19T09:09:53.134+0000] {dag.py:3096} INFO - Sync 1 DAGs
[2025-08-19T09:09:53.164+0000] {logging_mixin.py:188} INFO - [2025-08-19T09:09:53.164+0000] {dag.py:3954} INFO - Setting next_dagrun for example_sla_dag to 2025-08-19 09:06:00+00:00, run_after=2025-08-19 09:08:00+00:00
[2025-08-19T09:09:53.185+0000] {processor.py:183} INFO - Processing /home/airflow/.local/lib/python3.12/site-packages/airflow/example_dags/example_sla_dag.py took 0.098 seconds
[2025-08-19T09:10:23.483+0000] {processor.py:161} INFO - Started process (PID=2452) to work on /home/airflow/.local/lib/python3.12/site-packages/airflow/example_dags/example_sla_dag.py
[2025-08-19T09:10:23.485+0000] {processor.py:830} INFO - Processing file /home/airflow/.local/lib/python3.12/site-packages/airflow/example_dags/example_sla_dag.py for tasks to queue
[2025-08-19T09:10:23.487+0000] {logging_mixin.py:188} INFO - [2025-08-19T09:10:23.487+0000] {dagbag.py:540} INFO - Filling up the DagBag from /home/airflow/.local/lib/python3.12/site-packages/airflow/example_dags/example_sla_dag.py
[2025-08-19T09:10:23.498+0000] {processor.py:840} INFO - DAG(s) 'example_sla_dag' retrieved from /home/airflow/.local/lib/python3.12/site-packages/airflow/example_dags/example_sla_dag.py
[2025-08-19T09:10:23.525+0000] {logging_mixin.py:188} INFO - [2025-08-19T09:10:23.525+0000] {dag.py:3096} INFO - Sync 1 DAGs
[2025-08-19T09:10:23.555+0000] {logging_mixin.py:188} INFO - [2025-08-19T09:10:23.555+0000] {dag.py:3954} INFO - Setting next_dagrun for example_sla_dag to 2025-08-19 09:08:00+00:00, run_after=2025-08-19 09:10:00+00:00
[2025-08-19T09:10:23.577+0000] {processor.py:183} INFO - Processing /home/airflow/.local/lib/python3.12/site-packages/airflow/example_dags/example_sla_dag.py took 0.102 seconds
[2025-08-19T09:10:54.216+0000] {processor.py:161} INFO - Started process (PID=2510) to work on /home/airflow/.local/lib/python3.12/site-packages/airflow/example_dags/example_sla_dag.py
[2025-08-19T09:10:54.217+0000] {processor.py:830} INFO - Processing file /home/airflow/.local/lib/python3.12/site-packages/airflow/example_dags/example_sla_dag.py for tasks to queue
[2025-08-19T09:10:54.220+0000] {logging_mixin.py:188} INFO - [2025-08-19T09:10:54.219+0000] {dagbag.py:540} INFO - Filling up the DagBag from /home/airflow/.local/lib/python3.12/site-packages/airflow/example_dags/example_sla_dag.py
[2025-08-19T09:10:54.231+0000] {processor.py:840} INFO - DAG(s) 'example_sla_dag' retrieved from /home/airflow/.local/lib/python3.12/site-packages/airflow/example_dags/example_sla_dag.py
[2025-08-19T09:10:54.256+0000] {logging_mixin.py:188} INFO - [2025-08-19T09:10:54.256+0000] {dag.py:3096} INFO - Sync 1 DAGs
[2025-08-19T09:10:54.285+0000] {logging_mixin.py:188} INFO - [2025-08-19T09:10:54.284+0000] {dag.py:3954} INFO - Setting next_dagrun for example_sla_dag to 2025-08-19 09:08:00+00:00, run_after=2025-08-19 09:10:00+00:00
[2025-08-19T09:10:54.308+0000] {processor.py:183} INFO - Processing /home/airflow/.local/lib/python3.12/site-packages/airflow/example_dags/example_sla_dag.py took 0.099 seconds
[2025-08-19T09:11:24.727+0000] {processor.py:161} INFO - Started process (PID=2569) to work on /home/airflow/.local/lib/python3.12/site-packages/airflow/example_dags/example_sla_dag.py
[2025-08-19T09:11:24.728+0000] {processor.py:830} INFO - Processing file /home/airflow/.local/lib/python3.12/site-packages/airflow/example_dags/example_sla_dag.py for tasks to queue
[2025-08-19T09:11:24.731+0000] {logging_mixin.py:188} INFO - [2025-08-19T09:11:24.730+0000] {dagbag.py:540} INFO - Filling up the DagBag from /home/airflow/.local/lib/python3.12/site-packages/airflow/example_dags/example_sla_dag.py
[2025-08-19T09:11:24.742+0000] {processor.py:840} INFO - DAG(s) 'example_sla_dag' retrieved from /home/airflow/.local/lib/python3.12/site-packages/airflow/example_dags/example_sla_dag.py
[2025-08-19T09:11:24.774+0000] {logging_mixin.py:188} INFO - [2025-08-19T09:11:24.774+0000] {dag.py:3096} INFO - Sync 1 DAGs
[2025-08-19T09:11:24.810+0000] {logging_mixin.py:188} INFO - [2025-08-19T09:11:24.809+0000] {dag.py:3954} INFO - Setting next_dagrun for example_sla_dag to 2025-08-19 09:08:00+00:00, run_after=2025-08-19 09:10:00+00:00
[2025-08-19T09:11:24.831+0000] {processor.py:183} INFO - Processing /home/airflow/.local/lib/python3.12/site-packages/airflow/example_dags/example_sla_dag.py took 0.113 seconds
