[2025-08-19T08:49:40.514+0000] {processor.py:161} INFO - Started process (PID=71) to work on /home/airflow/.local/lib/python3.12/site-packages/airflow/example_dags/example_task_group_decorator.py
[2025-08-19T08:49:40.515+0000] {processor.py:830} INFO - Processing file /home/airflow/.local/lib/python3.12/site-packages/airflow/example_dags/example_task_group_decorator.py for tasks to queue
[2025-08-19T08:49:40.518+0000] {logging_mixin.py:188} INFO - [2025-08-19T08:49:40.517+0000] {dagbag.py:540} INFO - Filling up the DagBag from /home/airflow/.local/lib/python3.12/site-packages/airflow/example_dags/example_task_group_decorator.py
[2025-08-19T08:49:40.544+0000] {processor.py:840} INFO - DAG(s) 'example_task_group_decorator' retrieved from /home/airflow/.local/lib/python3.12/site-packages/airflow/example_dags/example_task_group_decorator.py
[2025-08-19T08:49:40.704+0000] {logging_mixin.py:188} INFO - [2025-08-19T08:49:40.704+0000] {dag.py:3096} INFO - Sync 1 DAGs
[2025-08-19T08:49:40.734+0000] {logging_mixin.py:188} INFO - [2025-08-19T08:49:40.733+0000] {dag.py:3954} INFO - Setting next_dagrun for example_task_group_decorator to 2025-08-18 00:00:00+00:00, run_after=2025-08-19 00:00:00+00:00
[2025-08-19T08:49:40.759+0000] {processor.py:183} INFO - Processing /home/airflow/.local/lib/python3.12/site-packages/airflow/example_dags/example_task_group_decorator.py took 0.253 seconds
[2025-08-19T08:50:11.397+0000] {processor.py:161} INFO - Started process (PID=129) to work on /home/airflow/.local/lib/python3.12/site-packages/airflow/example_dags/example_task_group_decorator.py
[2025-08-19T08:50:11.399+0000] {processor.py:830} INFO - Processing file /home/airflow/.local/lib/python3.12/site-packages/airflow/example_dags/example_task_group_decorator.py for tasks to queue
[2025-08-19T08:50:11.401+0000] {logging_mixin.py:188} INFO - [2025-08-19T08:50:11.401+0000] {dagbag.py:540} INFO - Filling up the DagBag from /home/airflow/.local/lib/python3.12/site-packages/airflow/example_dags/example_task_group_decorator.py
[2025-08-19T08:50:11.419+0000] {processor.py:840} INFO - DAG(s) 'example_task_group_decorator' retrieved from /home/airflow/.local/lib/python3.12/site-packages/airflow/example_dags/example_task_group_decorator.py
[2025-08-19T08:50:11.452+0000] {logging_mixin.py:188} INFO - [2025-08-19T08:50:11.451+0000] {dag.py:3096} INFO - Sync 1 DAGs
[2025-08-19T08:50:11.479+0000] {logging_mixin.py:188} INFO - [2025-08-19T08:50:11.479+0000] {dag.py:3954} INFO - Setting next_dagrun for example_task_group_decorator to 2025-08-18 00:00:00+00:00, run_after=2025-08-19 00:00:00+00:00
[2025-08-19T08:50:11.501+0000] {processor.py:183} INFO - Processing /home/airflow/.local/lib/python3.12/site-packages/airflow/example_dags/example_task_group_decorator.py took 0.111 seconds
[2025-08-19T08:50:42.280+0000] {processor.py:161} INFO - Started process (PID=187) to work on /home/airflow/.local/lib/python3.12/site-packages/airflow/example_dags/example_task_group_decorator.py
[2025-08-19T08:50:42.281+0000] {processor.py:830} INFO - Processing file /home/airflow/.local/lib/python3.12/site-packages/airflow/example_dags/example_task_group_decorator.py for tasks to queue
[2025-08-19T08:50:42.284+0000] {logging_mixin.py:188} INFO - [2025-08-19T08:50:42.284+0000] {dagbag.py:540} INFO - Filling up the DagBag from /home/airflow/.local/lib/python3.12/site-packages/airflow/example_dags/example_task_group_decorator.py
[2025-08-19T08:50:42.301+0000] {processor.py:840} INFO - DAG(s) 'example_task_group_decorator' retrieved from /home/airflow/.local/lib/python3.12/site-packages/airflow/example_dags/example_task_group_decorator.py
[2025-08-19T08:50:42.317+0000] {logging_mixin.py:188} INFO - [2025-08-19T08:50:42.317+0000] {dag.py:3096} INFO - Sync 1 DAGs
[2025-08-19T08:50:42.344+0000] {logging_mixin.py:188} INFO - [2025-08-19T08:50:42.344+0000] {dag.py:3954} INFO - Setting next_dagrun for example_task_group_decorator to 2025-08-18 00:00:00+00:00, run_after=2025-08-19 00:00:00+00:00
[2025-08-19T08:50:42.365+0000] {processor.py:183} INFO - Processing /home/airflow/.local/lib/python3.12/site-packages/airflow/example_dags/example_task_group_decorator.py took 0.092 seconds
[2025-08-19T08:51:12.775+0000] {processor.py:161} INFO - Started process (PID=245) to work on /home/airflow/.local/lib/python3.12/site-packages/airflow/example_dags/example_task_group_decorator.py
[2025-08-19T08:51:12.777+0000] {processor.py:830} INFO - Processing file /home/airflow/.local/lib/python3.12/site-packages/airflow/example_dags/example_task_group_decorator.py for tasks to queue
[2025-08-19T08:51:12.780+0000] {logging_mixin.py:188} INFO - [2025-08-19T08:51:12.780+0000] {dagbag.py:540} INFO - Filling up the DagBag from /home/airflow/.local/lib/python3.12/site-packages/airflow/example_dags/example_task_group_decorator.py
[2025-08-19T08:51:12.803+0000] {processor.py:840} INFO - DAG(s) 'example_task_group_decorator' retrieved from /home/airflow/.local/lib/python3.12/site-packages/airflow/example_dags/example_task_group_decorator.py
[2025-08-19T08:51:12.949+0000] {logging_mixin.py:188} INFO - [2025-08-19T08:51:12.949+0000] {dag.py:3096} INFO - Sync 1 DAGs
[2025-08-19T08:51:12.972+0000] {logging_mixin.py:188} INFO - [2025-08-19T08:51:12.972+0000] {dag.py:3954} INFO - Setting next_dagrun for example_task_group_decorator to 2025-08-18 00:00:00+00:00, run_after=2025-08-19 00:00:00+00:00
[2025-08-19T08:51:12.995+0000] {processor.py:183} INFO - Processing /home/airflow/.local/lib/python3.12/site-packages/airflow/example_dags/example_task_group_decorator.py took 0.229 seconds
[2025-08-19T08:51:43.154+0000] {processor.py:161} INFO - Started process (PID=304) to work on /home/airflow/.local/lib/python3.12/site-packages/airflow/example_dags/example_task_group_decorator.py
[2025-08-19T08:51:43.156+0000] {processor.py:830} INFO - Processing file /home/airflow/.local/lib/python3.12/site-packages/airflow/example_dags/example_task_group_decorator.py for tasks to queue
[2025-08-19T08:51:43.158+0000] {logging_mixin.py:188} INFO - [2025-08-19T08:51:43.157+0000] {dagbag.py:540} INFO - Filling up the DagBag from /home/airflow/.local/lib/python3.12/site-packages/airflow/example_dags/example_task_group_decorator.py
[2025-08-19T08:51:43.175+0000] {processor.py:840} INFO - DAG(s) 'example_task_group_decorator' retrieved from /home/airflow/.local/lib/python3.12/site-packages/airflow/example_dags/example_task_group_decorator.py
[2025-08-19T08:51:43.207+0000] {logging_mixin.py:188} INFO - [2025-08-19T08:51:43.207+0000] {dag.py:3096} INFO - Sync 1 DAGs
[2025-08-19T08:51:43.231+0000] {logging_mixin.py:188} INFO - [2025-08-19T08:51:43.231+0000] {dag.py:3954} INFO - Setting next_dagrun for example_task_group_decorator to 2025-08-18 00:00:00+00:00, run_after=2025-08-19 00:00:00+00:00
[2025-08-19T08:51:43.251+0000] {processor.py:183} INFO - Processing /home/airflow/.local/lib/python3.12/site-packages/airflow/example_dags/example_task_group_decorator.py took 0.104 seconds
[2025-08-19T08:52:13.459+0000] {processor.py:161} INFO - Started process (PID=362) to work on /home/airflow/.local/lib/python3.12/site-packages/airflow/example_dags/example_task_group_decorator.py
[2025-08-19T08:52:13.460+0000] {processor.py:830} INFO - Processing file /home/airflow/.local/lib/python3.12/site-packages/airflow/example_dags/example_task_group_decorator.py for tasks to queue
[2025-08-19T08:52:13.463+0000] {logging_mixin.py:188} INFO - [2025-08-19T08:52:13.462+0000] {dagbag.py:540} INFO - Filling up the DagBag from /home/airflow/.local/lib/python3.12/site-packages/airflow/example_dags/example_task_group_decorator.py
[2025-08-19T08:52:13.480+0000] {processor.py:840} INFO - DAG(s) 'example_task_group_decorator' retrieved from /home/airflow/.local/lib/python3.12/site-packages/airflow/example_dags/example_task_group_decorator.py
[2025-08-19T08:52:13.518+0000] {logging_mixin.py:188} INFO - [2025-08-19T08:52:13.518+0000] {dag.py:3096} INFO - Sync 1 DAGs
[2025-08-19T08:52:13.546+0000] {logging_mixin.py:188} INFO - [2025-08-19T08:52:13.546+0000] {dag.py:3954} INFO - Setting next_dagrun for example_task_group_decorator to 2025-08-18 00:00:00+00:00, run_after=2025-08-19 00:00:00+00:00
[2025-08-19T08:52:13.570+0000] {processor.py:183} INFO - Processing /home/airflow/.local/lib/python3.12/site-packages/airflow/example_dags/example_task_group_decorator.py took 0.119 seconds
[2025-08-19T08:52:43.802+0000] {processor.py:161} INFO - Started process (PID=420) to work on /home/airflow/.local/lib/python3.12/site-packages/airflow/example_dags/example_task_group_decorator.py
[2025-08-19T08:52:43.804+0000] {processor.py:830} INFO - Processing file /home/airflow/.local/lib/python3.12/site-packages/airflow/example_dags/example_task_group_decorator.py for tasks to queue
[2025-08-19T08:52:43.806+0000] {logging_mixin.py:188} INFO - [2025-08-19T08:52:43.805+0000] {dagbag.py:540} INFO - Filling up the DagBag from /home/airflow/.local/lib/python3.12/site-packages/airflow/example_dags/example_task_group_decorator.py
[2025-08-19T08:52:43.824+0000] {processor.py:840} INFO - DAG(s) 'example_task_group_decorator' retrieved from /home/airflow/.local/lib/python3.12/site-packages/airflow/example_dags/example_task_group_decorator.py
[2025-08-19T08:52:43.854+0000] {logging_mixin.py:188} INFO - [2025-08-19T08:52:43.854+0000] {dag.py:3096} INFO - Sync 1 DAGs
[2025-08-19T08:52:43.878+0000] {logging_mixin.py:188} INFO - [2025-08-19T08:52:43.878+0000] {dag.py:3954} INFO - Setting next_dagrun for example_task_group_decorator to 2025-08-18 00:00:00+00:00, run_after=2025-08-19 00:00:00+00:00
[2025-08-19T08:52:43.897+0000] {processor.py:183} INFO - Processing /home/airflow/.local/lib/python3.12/site-packages/airflow/example_dags/example_task_group_decorator.py took 0.103 seconds
[2025-08-19T08:53:14.015+0000] {processor.py:161} INFO - Started process (PID=479) to work on /home/airflow/.local/lib/python3.12/site-packages/airflow/example_dags/example_task_group_decorator.py
[2025-08-19T08:53:14.016+0000] {processor.py:830} INFO - Processing file /home/airflow/.local/lib/python3.12/site-packages/airflow/example_dags/example_task_group_decorator.py for tasks to queue
[2025-08-19T08:53:14.019+0000] {logging_mixin.py:188} INFO - [2025-08-19T08:53:14.018+0000] {dagbag.py:540} INFO - Filling up the DagBag from /home/airflow/.local/lib/python3.12/site-packages/airflow/example_dags/example_task_group_decorator.py
[2025-08-19T08:53:14.035+0000] {processor.py:840} INFO - DAG(s) 'example_task_group_decorator' retrieved from /home/airflow/.local/lib/python3.12/site-packages/airflow/example_dags/example_task_group_decorator.py
[2025-08-19T08:53:14.066+0000] {logging_mixin.py:188} INFO - [2025-08-19T08:53:14.065+0000] {dag.py:3096} INFO - Sync 1 DAGs
[2025-08-19T08:53:14.089+0000] {logging_mixin.py:188} INFO - [2025-08-19T08:53:14.088+0000] {dag.py:3954} INFO - Setting next_dagrun for example_task_group_decorator to 2025-08-18 00:00:00+00:00, run_after=2025-08-19 00:00:00+00:00
[2025-08-19T08:53:14.109+0000] {processor.py:183} INFO - Processing /home/airflow/.local/lib/python3.12/site-packages/airflow/example_dags/example_task_group_decorator.py took 0.102 seconds
[2025-08-19T08:53:44.224+0000] {processor.py:161} INFO - Started process (PID=538) to work on /home/airflow/.local/lib/python3.12/site-packages/airflow/example_dags/example_task_group_decorator.py
[2025-08-19T08:53:44.226+0000] {processor.py:830} INFO - Processing file /home/airflow/.local/lib/python3.12/site-packages/airflow/example_dags/example_task_group_decorator.py for tasks to queue
[2025-08-19T08:53:44.228+0000] {logging_mixin.py:188} INFO - [2025-08-19T08:53:44.228+0000] {dagbag.py:540} INFO - Filling up the DagBag from /home/airflow/.local/lib/python3.12/site-packages/airflow/example_dags/example_task_group_decorator.py
[2025-08-19T08:53:44.245+0000] {processor.py:840} INFO - DAG(s) 'example_task_group_decorator' retrieved from /home/airflow/.local/lib/python3.12/site-packages/airflow/example_dags/example_task_group_decorator.py
[2025-08-19T08:53:44.277+0000] {logging_mixin.py:188} INFO - [2025-08-19T08:53:44.277+0000] {dag.py:3096} INFO - Sync 1 DAGs
[2025-08-19T08:53:44.309+0000] {logging_mixin.py:188} INFO - [2025-08-19T08:53:44.309+0000] {dag.py:3954} INFO - Setting next_dagrun for example_task_group_decorator to 2025-08-18 00:00:00+00:00, run_after=2025-08-19 00:00:00+00:00
[2025-08-19T08:53:44.328+0000] {processor.py:183} INFO - Processing /home/airflow/.local/lib/python3.12/site-packages/airflow/example_dags/example_task_group_decorator.py took 0.112 seconds
[2025-08-19T08:54:14.545+0000] {processor.py:161} INFO - Started process (PID=602) to work on /home/airflow/.local/lib/python3.12/site-packages/airflow/example_dags/example_task_group_decorator.py
[2025-08-19T08:54:14.547+0000] {processor.py:830} INFO - Processing file /home/airflow/.local/lib/python3.12/site-packages/airflow/example_dags/example_task_group_decorator.py for tasks to queue
[2025-08-19T08:54:14.549+0000] {logging_mixin.py:188} INFO - [2025-08-19T08:54:14.549+0000] {dagbag.py:540} INFO - Filling up the DagBag from /home/airflow/.local/lib/python3.12/site-packages/airflow/example_dags/example_task_group_decorator.py
[2025-08-19T08:54:14.566+0000] {processor.py:840} INFO - DAG(s) 'example_task_group_decorator' retrieved from /home/airflow/.local/lib/python3.12/site-packages/airflow/example_dags/example_task_group_decorator.py
[2025-08-19T08:54:14.596+0000] {logging_mixin.py:188} INFO - [2025-08-19T08:54:14.596+0000] {dag.py:3096} INFO - Sync 1 DAGs
[2025-08-19T08:54:14.619+0000] {logging_mixin.py:188} INFO - [2025-08-19T08:54:14.619+0000] {dag.py:3954} INFO - Setting next_dagrun for example_task_group_decorator to 2025-08-18 00:00:00+00:00, run_after=2025-08-19 00:00:00+00:00
[2025-08-19T08:54:14.639+0000] {processor.py:183} INFO - Processing /home/airflow/.local/lib/python3.12/site-packages/airflow/example_dags/example_task_group_decorator.py took 0.101 seconds
[2025-08-19T08:54:45.054+0000] {processor.py:161} INFO - Started process (PID=660) to work on /home/airflow/.local/lib/python3.12/site-packages/airflow/example_dags/example_task_group_decorator.py
[2025-08-19T08:54:45.055+0000] {processor.py:830} INFO - Processing file /home/airflow/.local/lib/python3.12/site-packages/airflow/example_dags/example_task_group_decorator.py for tasks to queue
[2025-08-19T08:54:45.057+0000] {logging_mixin.py:188} INFO - [2025-08-19T08:54:45.057+0000] {dagbag.py:540} INFO - Filling up the DagBag from /home/airflow/.local/lib/python3.12/site-packages/airflow/example_dags/example_task_group_decorator.py
[2025-08-19T08:54:45.074+0000] {processor.py:840} INFO - DAG(s) 'example_task_group_decorator' retrieved from /home/airflow/.local/lib/python3.12/site-packages/airflow/example_dags/example_task_group_decorator.py
[2025-08-19T08:54:45.103+0000] {logging_mixin.py:188} INFO - [2025-08-19T08:54:45.103+0000] {dag.py:3096} INFO - Sync 1 DAGs
[2025-08-19T08:54:45.127+0000] {logging_mixin.py:188} INFO - [2025-08-19T08:54:45.127+0000] {dag.py:3954} INFO - Setting next_dagrun for example_task_group_decorator to 2025-08-18 00:00:00+00:00, run_after=2025-08-19 00:00:00+00:00
[2025-08-19T08:54:45.145+0000] {processor.py:183} INFO - Processing /home/airflow/.local/lib/python3.12/site-packages/airflow/example_dags/example_task_group_decorator.py took 0.099 seconds
[2025-08-19T08:55:15.583+0000] {processor.py:161} INFO - Started process (PID=718) to work on /home/airflow/.local/lib/python3.12/site-packages/airflow/example_dags/example_task_group_decorator.py
[2025-08-19T08:55:15.584+0000] {processor.py:830} INFO - Processing file /home/airflow/.local/lib/python3.12/site-packages/airflow/example_dags/example_task_group_decorator.py for tasks to queue
[2025-08-19T08:55:15.587+0000] {logging_mixin.py:188} INFO - [2025-08-19T08:55:15.586+0000] {dagbag.py:540} INFO - Filling up the DagBag from /home/airflow/.local/lib/python3.12/site-packages/airflow/example_dags/example_task_group_decorator.py
[2025-08-19T08:55:15.604+0000] {processor.py:840} INFO - DAG(s) 'example_task_group_decorator' retrieved from /home/airflow/.local/lib/python3.12/site-packages/airflow/example_dags/example_task_group_decorator.py
[2025-08-19T08:55:15.634+0000] {logging_mixin.py:188} INFO - [2025-08-19T08:55:15.634+0000] {dag.py:3096} INFO - Sync 1 DAGs
[2025-08-19T08:55:15.657+0000] {logging_mixin.py:188} INFO - [2025-08-19T08:55:15.657+0000] {dag.py:3954} INFO - Setting next_dagrun for example_task_group_decorator to 2025-08-18 00:00:00+00:00, run_after=2025-08-19 00:00:00+00:00
[2025-08-19T08:55:15.823+0000] {processor.py:183} INFO - Processing /home/airflow/.local/lib/python3.12/site-packages/airflow/example_dags/example_task_group_decorator.py took 0.248 seconds
[2025-08-19T08:55:45.976+0000] {processor.py:161} INFO - Started process (PID=776) to work on /home/airflow/.local/lib/python3.12/site-packages/airflow/example_dags/example_task_group_decorator.py
[2025-08-19T08:55:45.978+0000] {processor.py:830} INFO - Processing file /home/airflow/.local/lib/python3.12/site-packages/airflow/example_dags/example_task_group_decorator.py for tasks to queue
[2025-08-19T08:55:45.980+0000] {logging_mixin.py:188} INFO - [2025-08-19T08:55:45.979+0000] {dagbag.py:540} INFO - Filling up the DagBag from /home/airflow/.local/lib/python3.12/site-packages/airflow/example_dags/example_task_group_decorator.py
[2025-08-19T08:55:45.997+0000] {processor.py:840} INFO - DAG(s) 'example_task_group_decorator' retrieved from /home/airflow/.local/lib/python3.12/site-packages/airflow/example_dags/example_task_group_decorator.py
[2025-08-19T08:55:46.027+0000] {logging_mixin.py:188} INFO - [2025-08-19T08:55:46.027+0000] {dag.py:3096} INFO - Sync 1 DAGs
[2025-08-19T08:55:46.051+0000] {logging_mixin.py:188} INFO - [2025-08-19T08:55:46.051+0000] {dag.py:3954} INFO - Setting next_dagrun for example_task_group_decorator to 2025-08-18 00:00:00+00:00, run_after=2025-08-19 00:00:00+00:00
[2025-08-19T08:55:46.208+0000] {processor.py:183} INFO - Processing /home/airflow/.local/lib/python3.12/site-packages/airflow/example_dags/example_task_group_decorator.py took 0.239 seconds
[2025-08-19T08:56:16.324+0000] {processor.py:161} INFO - Started process (PID=834) to work on /home/airflow/.local/lib/python3.12/site-packages/airflow/example_dags/example_task_group_decorator.py
[2025-08-19T08:56:16.325+0000] {processor.py:830} INFO - Processing file /home/airflow/.local/lib/python3.12/site-packages/airflow/example_dags/example_task_group_decorator.py for tasks to queue
[2025-08-19T08:56:16.328+0000] {logging_mixin.py:188} INFO - [2025-08-19T08:56:16.327+0000] {dagbag.py:540} INFO - Filling up the DagBag from /home/airflow/.local/lib/python3.12/site-packages/airflow/example_dags/example_task_group_decorator.py
[2025-08-19T08:56:16.344+0000] {processor.py:840} INFO - DAG(s) 'example_task_group_decorator' retrieved from /home/airflow/.local/lib/python3.12/site-packages/airflow/example_dags/example_task_group_decorator.py
[2025-08-19T08:56:16.375+0000] {logging_mixin.py:188} INFO - [2025-08-19T08:56:16.375+0000] {dag.py:3096} INFO - Sync 1 DAGs
[2025-08-19T08:56:16.399+0000] {logging_mixin.py:188} INFO - [2025-08-19T08:56:16.398+0000] {dag.py:3954} INFO - Setting next_dagrun for example_task_group_decorator to 2025-08-18 00:00:00+00:00, run_after=2025-08-19 00:00:00+00:00
[2025-08-19T08:56:16.568+0000] {processor.py:183} INFO - Processing /home/airflow/.local/lib/python3.12/site-packages/airflow/example_dags/example_task_group_decorator.py took 0.252 seconds
[2025-08-19T08:56:46.688+0000] {processor.py:161} INFO - Started process (PID=892) to work on /home/airflow/.local/lib/python3.12/site-packages/airflow/example_dags/example_task_group_decorator.py
[2025-08-19T08:56:46.690+0000] {processor.py:830} INFO - Processing file /home/airflow/.local/lib/python3.12/site-packages/airflow/example_dags/example_task_group_decorator.py for tasks to queue
[2025-08-19T08:56:46.692+0000] {logging_mixin.py:188} INFO - [2025-08-19T08:56:46.692+0000] {dagbag.py:540} INFO - Filling up the DagBag from /home/airflow/.local/lib/python3.12/site-packages/airflow/example_dags/example_task_group_decorator.py
[2025-08-19T08:56:46.711+0000] {processor.py:840} INFO - DAG(s) 'example_task_group_decorator' retrieved from /home/airflow/.local/lib/python3.12/site-packages/airflow/example_dags/example_task_group_decorator.py
[2025-08-19T08:56:46.742+0000] {logging_mixin.py:188} INFO - [2025-08-19T08:56:46.742+0000] {dag.py:3096} INFO - Sync 1 DAGs
[2025-08-19T08:56:46.768+0000] {logging_mixin.py:188} INFO - [2025-08-19T08:56:46.768+0000] {dag.py:3954} INFO - Setting next_dagrun for example_task_group_decorator to 2025-08-18 00:00:00+00:00, run_after=2025-08-19 00:00:00+00:00
[2025-08-19T08:56:46.931+0000] {processor.py:183} INFO - Processing /home/airflow/.local/lib/python3.12/site-packages/airflow/example_dags/example_task_group_decorator.py took 0.250 seconds
[2025-08-19T08:57:17.003+0000] {processor.py:161} INFO - Started process (PID=951) to work on /home/airflow/.local/lib/python3.12/site-packages/airflow/example_dags/example_task_group_decorator.py
[2025-08-19T08:57:17.004+0000] {processor.py:830} INFO - Processing file /home/airflow/.local/lib/python3.12/site-packages/airflow/example_dags/example_task_group_decorator.py for tasks to queue
[2025-08-19T08:57:17.006+0000] {logging_mixin.py:188} INFO - [2025-08-19T08:57:17.006+0000] {dagbag.py:540} INFO - Filling up the DagBag from /home/airflow/.local/lib/python3.12/site-packages/airflow/example_dags/example_task_group_decorator.py
[2025-08-19T08:57:17.026+0000] {processor.py:840} INFO - DAG(s) 'example_task_group_decorator' retrieved from /home/airflow/.local/lib/python3.12/site-packages/airflow/example_dags/example_task_group_decorator.py
[2025-08-19T08:57:17.057+0000] {logging_mixin.py:188} INFO - [2025-08-19T08:57:17.057+0000] {dag.py:3096} INFO - Sync 1 DAGs
[2025-08-19T08:57:17.082+0000] {logging_mixin.py:188} INFO - [2025-08-19T08:57:17.082+0000] {dag.py:3954} INFO - Setting next_dagrun for example_task_group_decorator to 2025-08-18 00:00:00+00:00, run_after=2025-08-19 00:00:00+00:00
[2025-08-19T08:57:17.250+0000] {processor.py:183} INFO - Processing /home/airflow/.local/lib/python3.12/site-packages/airflow/example_dags/example_task_group_decorator.py took 0.255 seconds
[2025-08-19T08:57:47.818+0000] {processor.py:161} INFO - Started process (PID=1009) to work on /home/airflow/.local/lib/python3.12/site-packages/airflow/example_dags/example_task_group_decorator.py
[2025-08-19T08:57:47.819+0000] {processor.py:830} INFO - Processing file /home/airflow/.local/lib/python3.12/site-packages/airflow/example_dags/example_task_group_decorator.py for tasks to queue
[2025-08-19T08:57:47.821+0000] {logging_mixin.py:188} INFO - [2025-08-19T08:57:47.821+0000] {dagbag.py:540} INFO - Filling up the DagBag from /home/airflow/.local/lib/python3.12/site-packages/airflow/example_dags/example_task_group_decorator.py
[2025-08-19T08:57:47.838+0000] {processor.py:840} INFO - DAG(s) 'example_task_group_decorator' retrieved from /home/airflow/.local/lib/python3.12/site-packages/airflow/example_dags/example_task_group_decorator.py
[2025-08-19T08:57:47.869+0000] {logging_mixin.py:188} INFO - [2025-08-19T08:57:47.869+0000] {dag.py:3096} INFO - Sync 1 DAGs
[2025-08-19T08:57:47.892+0000] {logging_mixin.py:188} INFO - [2025-08-19T08:57:47.892+0000] {dag.py:3954} INFO - Setting next_dagrun for example_task_group_decorator to 2025-08-18 00:00:00+00:00, run_after=2025-08-19 00:00:00+00:00
[2025-08-19T08:57:47.911+0000] {processor.py:183} INFO - Processing /home/airflow/.local/lib/python3.12/site-packages/airflow/example_dags/example_task_group_decorator.py took 0.101 seconds
[2025-08-19T08:58:18.119+0000] {processor.py:161} INFO - Started process (PID=1067) to work on /home/airflow/.local/lib/python3.12/site-packages/airflow/example_dags/example_task_group_decorator.py
[2025-08-19T08:58:18.120+0000] {processor.py:830} INFO - Processing file /home/airflow/.local/lib/python3.12/site-packages/airflow/example_dags/example_task_group_decorator.py for tasks to queue
[2025-08-19T08:58:18.122+0000] {logging_mixin.py:188} INFO - [2025-08-19T08:58:18.122+0000] {dagbag.py:540} INFO - Filling up the DagBag from /home/airflow/.local/lib/python3.12/site-packages/airflow/example_dags/example_task_group_decorator.py
[2025-08-19T08:58:18.140+0000] {processor.py:840} INFO - DAG(s) 'example_task_group_decorator' retrieved from /home/airflow/.local/lib/python3.12/site-packages/airflow/example_dags/example_task_group_decorator.py
[2025-08-19T08:58:18.172+0000] {logging_mixin.py:188} INFO - [2025-08-19T08:58:18.172+0000] {dag.py:3096} INFO - Sync 1 DAGs
[2025-08-19T08:58:18.196+0000] {logging_mixin.py:188} INFO - [2025-08-19T08:58:18.196+0000] {dag.py:3954} INFO - Setting next_dagrun for example_task_group_decorator to 2025-08-18 00:00:00+00:00, run_after=2025-08-19 00:00:00+00:00
[2025-08-19T08:58:18.216+0000] {processor.py:183} INFO - Processing /home/airflow/.local/lib/python3.12/site-packages/airflow/example_dags/example_task_group_decorator.py took 0.106 seconds
[2025-08-19T08:58:48.644+0000] {processor.py:161} INFO - Started process (PID=1125) to work on /home/airflow/.local/lib/python3.12/site-packages/airflow/example_dags/example_task_group_decorator.py
[2025-08-19T08:58:48.645+0000] {processor.py:830} INFO - Processing file /home/airflow/.local/lib/python3.12/site-packages/airflow/example_dags/example_task_group_decorator.py for tasks to queue
[2025-08-19T08:58:48.647+0000] {logging_mixin.py:188} INFO - [2025-08-19T08:58:48.647+0000] {dagbag.py:540} INFO - Filling up the DagBag from /home/airflow/.local/lib/python3.12/site-packages/airflow/example_dags/example_task_group_decorator.py
[2025-08-19T08:58:48.665+0000] {processor.py:840} INFO - DAG(s) 'example_task_group_decorator' retrieved from /home/airflow/.local/lib/python3.12/site-packages/airflow/example_dags/example_task_group_decorator.py
[2025-08-19T08:58:48.695+0000] {logging_mixin.py:188} INFO - [2025-08-19T08:58:48.695+0000] {dag.py:3096} INFO - Sync 1 DAGs
[2025-08-19T08:58:48.718+0000] {logging_mixin.py:188} INFO - [2025-08-19T08:58:48.718+0000] {dag.py:3954} INFO - Setting next_dagrun for example_task_group_decorator to 2025-08-18 00:00:00+00:00, run_after=2025-08-19 00:00:00+00:00
[2025-08-19T08:58:48.737+0000] {processor.py:183} INFO - Processing /home/airflow/.local/lib/python3.12/site-packages/airflow/example_dags/example_task_group_decorator.py took 0.102 seconds
[2025-08-19T08:59:19.026+0000] {processor.py:161} INFO - Started process (PID=1183) to work on /home/airflow/.local/lib/python3.12/site-packages/airflow/example_dags/example_task_group_decorator.py
[2025-08-19T08:59:19.027+0000] {processor.py:830} INFO - Processing file /home/airflow/.local/lib/python3.12/site-packages/airflow/example_dags/example_task_group_decorator.py for tasks to queue
[2025-08-19T08:59:19.030+0000] {logging_mixin.py:188} INFO - [2025-08-19T08:59:19.029+0000] {dagbag.py:540} INFO - Filling up the DagBag from /home/airflow/.local/lib/python3.12/site-packages/airflow/example_dags/example_task_group_decorator.py
[2025-08-19T08:59:19.046+0000] {processor.py:840} INFO - DAG(s) 'example_task_group_decorator' retrieved from /home/airflow/.local/lib/python3.12/site-packages/airflow/example_dags/example_task_group_decorator.py
[2025-08-19T08:59:19.077+0000] {logging_mixin.py:188} INFO - [2025-08-19T08:59:19.076+0000] {dag.py:3096} INFO - Sync 1 DAGs
[2025-08-19T08:59:19.099+0000] {logging_mixin.py:188} INFO - [2025-08-19T08:59:19.099+0000] {dag.py:3954} INFO - Setting next_dagrun for example_task_group_decorator to 2025-08-18 00:00:00+00:00, run_after=2025-08-19 00:00:00+00:00
[2025-08-19T08:59:19.118+0000] {processor.py:183} INFO - Processing /home/airflow/.local/lib/python3.12/site-packages/airflow/example_dags/example_task_group_decorator.py took 0.100 seconds
[2025-08-19T08:59:49.518+0000] {processor.py:161} INFO - Started process (PID=1241) to work on /home/airflow/.local/lib/python3.12/site-packages/airflow/example_dags/example_task_group_decorator.py
[2025-08-19T08:59:49.519+0000] {processor.py:830} INFO - Processing file /home/airflow/.local/lib/python3.12/site-packages/airflow/example_dags/example_task_group_decorator.py for tasks to queue
[2025-08-19T08:59:49.521+0000] {logging_mixin.py:188} INFO - [2025-08-19T08:59:49.521+0000] {dagbag.py:540} INFO - Filling up the DagBag from /home/airflow/.local/lib/python3.12/site-packages/airflow/example_dags/example_task_group_decorator.py
[2025-08-19T08:59:49.539+0000] {processor.py:840} INFO - DAG(s) 'example_task_group_decorator' retrieved from /home/airflow/.local/lib/python3.12/site-packages/airflow/example_dags/example_task_group_decorator.py
[2025-08-19T08:59:49.571+0000] {logging_mixin.py:188} INFO - [2025-08-19T08:59:49.571+0000] {dag.py:3096} INFO - Sync 1 DAGs
[2025-08-19T08:59:49.594+0000] {logging_mixin.py:188} INFO - [2025-08-19T08:59:49.594+0000] {dag.py:3954} INFO - Setting next_dagrun for example_task_group_decorator to 2025-08-18 00:00:00+00:00, run_after=2025-08-19 00:00:00+00:00
[2025-08-19T08:59:49.613+0000] {processor.py:183} INFO - Processing /home/airflow/.local/lib/python3.12/site-packages/airflow/example_dags/example_task_group_decorator.py took 0.103 seconds
[2025-08-19T09:00:19.797+0000] {processor.py:161} INFO - Started process (PID=1299) to work on /home/airflow/.local/lib/python3.12/site-packages/airflow/example_dags/example_task_group_decorator.py
[2025-08-19T09:00:19.799+0000] {processor.py:830} INFO - Processing file /home/airflow/.local/lib/python3.12/site-packages/airflow/example_dags/example_task_group_decorator.py for tasks to queue
[2025-08-19T09:00:19.801+0000] {logging_mixin.py:188} INFO - [2025-08-19T09:00:19.801+0000] {dagbag.py:540} INFO - Filling up the DagBag from /home/airflow/.local/lib/python3.12/site-packages/airflow/example_dags/example_task_group_decorator.py
[2025-08-19T09:00:19.819+0000] {processor.py:840} INFO - DAG(s) 'example_task_group_decorator' retrieved from /home/airflow/.local/lib/python3.12/site-packages/airflow/example_dags/example_task_group_decorator.py
[2025-08-19T09:00:19.850+0000] {logging_mixin.py:188} INFO - [2025-08-19T09:00:19.849+0000] {dag.py:3096} INFO - Sync 1 DAGs
[2025-08-19T09:00:19.873+0000] {logging_mixin.py:188} INFO - [2025-08-19T09:00:19.873+0000] {dag.py:3954} INFO - Setting next_dagrun for example_task_group_decorator to 2025-08-18 00:00:00+00:00, run_after=2025-08-19 00:00:00+00:00
[2025-08-19T09:00:19.893+0000] {processor.py:183} INFO - Processing /home/airflow/.local/lib/python3.12/site-packages/airflow/example_dags/example_task_group_decorator.py took 0.104 seconds
[2025-08-19T09:00:50.188+0000] {processor.py:161} INFO - Started process (PID=1357) to work on /home/airflow/.local/lib/python3.12/site-packages/airflow/example_dags/example_task_group_decorator.py
[2025-08-19T09:00:50.190+0000] {processor.py:830} INFO - Processing file /home/airflow/.local/lib/python3.12/site-packages/airflow/example_dags/example_task_group_decorator.py for tasks to queue
[2025-08-19T09:00:50.192+0000] {logging_mixin.py:188} INFO - [2025-08-19T09:00:50.192+0000] {dagbag.py:540} INFO - Filling up the DagBag from /home/airflow/.local/lib/python3.12/site-packages/airflow/example_dags/example_task_group_decorator.py
[2025-08-19T09:00:50.209+0000] {processor.py:840} INFO - DAG(s) 'example_task_group_decorator' retrieved from /home/airflow/.local/lib/python3.12/site-packages/airflow/example_dags/example_task_group_decorator.py
[2025-08-19T09:00:50.239+0000] {logging_mixin.py:188} INFO - [2025-08-19T09:00:50.239+0000] {dag.py:3096} INFO - Sync 1 DAGs
[2025-08-19T09:00:50.262+0000] {logging_mixin.py:188} INFO - [2025-08-19T09:00:50.262+0000] {dag.py:3954} INFO - Setting next_dagrun for example_task_group_decorator to 2025-08-18 00:00:00+00:00, run_after=2025-08-19 00:00:00+00:00
[2025-08-19T09:00:50.281+0000] {processor.py:183} INFO - Processing /home/airflow/.local/lib/python3.12/site-packages/airflow/example_dags/example_task_group_decorator.py took 0.100 seconds
[2025-08-19T09:01:20.354+0000] {processor.py:161} INFO - Started process (PID=1415) to work on /home/airflow/.local/lib/python3.12/site-packages/airflow/example_dags/example_task_group_decorator.py
[2025-08-19T09:01:20.356+0000] {processor.py:830} INFO - Processing file /home/airflow/.local/lib/python3.12/site-packages/airflow/example_dags/example_task_group_decorator.py for tasks to queue
[2025-08-19T09:01:20.358+0000] {logging_mixin.py:188} INFO - [2025-08-19T09:01:20.358+0000] {dagbag.py:540} INFO - Filling up the DagBag from /home/airflow/.local/lib/python3.12/site-packages/airflow/example_dags/example_task_group_decorator.py
[2025-08-19T09:01:20.375+0000] {processor.py:840} INFO - DAG(s) 'example_task_group_decorator' retrieved from /home/airflow/.local/lib/python3.12/site-packages/airflow/example_dags/example_task_group_decorator.py
[2025-08-19T09:01:20.405+0000] {logging_mixin.py:188} INFO - [2025-08-19T09:01:20.404+0000] {dag.py:3096} INFO - Sync 1 DAGs
[2025-08-19T09:01:20.428+0000] {logging_mixin.py:188} INFO - [2025-08-19T09:01:20.428+0000] {dag.py:3954} INFO - Setting next_dagrun for example_task_group_decorator to 2025-08-18 00:00:00+00:00, run_after=2025-08-19 00:00:00+00:00
[2025-08-19T09:01:20.447+0000] {processor.py:183} INFO - Processing /home/airflow/.local/lib/python3.12/site-packages/airflow/example_dags/example_task_group_decorator.py took 0.100 seconds
[2025-08-19T09:01:50.676+0000] {processor.py:161} INFO - Started process (PID=1473) to work on /home/airflow/.local/lib/python3.12/site-packages/airflow/example_dags/example_task_group_decorator.py
[2025-08-19T09:01:50.678+0000] {processor.py:830} INFO - Processing file /home/airflow/.local/lib/python3.12/site-packages/airflow/example_dags/example_task_group_decorator.py for tasks to queue
[2025-08-19T09:01:50.680+0000] {logging_mixin.py:188} INFO - [2025-08-19T09:01:50.680+0000] {dagbag.py:540} INFO - Filling up the DagBag from /home/airflow/.local/lib/python3.12/site-packages/airflow/example_dags/example_task_group_decorator.py
[2025-08-19T09:01:50.700+0000] {processor.py:840} INFO - DAG(s) 'example_task_group_decorator' retrieved from /home/airflow/.local/lib/python3.12/site-packages/airflow/example_dags/example_task_group_decorator.py
[2025-08-19T09:01:50.736+0000] {logging_mixin.py:188} INFO - [2025-08-19T09:01:50.736+0000] {dag.py:3096} INFO - Sync 1 DAGs
[2025-08-19T09:01:50.766+0000] {logging_mixin.py:188} INFO - [2025-08-19T09:01:50.766+0000] {dag.py:3954} INFO - Setting next_dagrun for example_task_group_decorator to 2025-08-18 00:00:00+00:00, run_after=2025-08-19 00:00:00+00:00
[2025-08-19T09:01:50.788+0000] {processor.py:183} INFO - Processing /home/airflow/.local/lib/python3.12/site-packages/airflow/example_dags/example_task_group_decorator.py took 0.121 seconds
[2025-08-19T09:02:21.158+0000] {processor.py:161} INFO - Started process (PID=1531) to work on /home/airflow/.local/lib/python3.12/site-packages/airflow/example_dags/example_task_group_decorator.py
[2025-08-19T09:02:21.159+0000] {processor.py:830} INFO - Processing file /home/airflow/.local/lib/python3.12/site-packages/airflow/example_dags/example_task_group_decorator.py for tasks to queue
[2025-08-19T09:02:21.161+0000] {logging_mixin.py:188} INFO - [2025-08-19T09:02:21.161+0000] {dagbag.py:540} INFO - Filling up the DagBag from /home/airflow/.local/lib/python3.12/site-packages/airflow/example_dags/example_task_group_decorator.py
[2025-08-19T09:02:21.179+0000] {processor.py:840} INFO - DAG(s) 'example_task_group_decorator' retrieved from /home/airflow/.local/lib/python3.12/site-packages/airflow/example_dags/example_task_group_decorator.py
[2025-08-19T09:02:21.209+0000] {logging_mixin.py:188} INFO - [2025-08-19T09:02:21.209+0000] {dag.py:3096} INFO - Sync 1 DAGs
[2025-08-19T09:02:21.231+0000] {logging_mixin.py:188} INFO - [2025-08-19T09:02:21.231+0000] {dag.py:3954} INFO - Setting next_dagrun for example_task_group_decorator to 2025-08-18 00:00:00+00:00, run_after=2025-08-19 00:00:00+00:00
[2025-08-19T09:02:21.250+0000] {processor.py:183} INFO - Processing /home/airflow/.local/lib/python3.12/site-packages/airflow/example_dags/example_task_group_decorator.py took 0.099 seconds
[2025-08-19T09:02:51.401+0000] {processor.py:161} INFO - Started process (PID=1589) to work on /home/airflow/.local/lib/python3.12/site-packages/airflow/example_dags/example_task_group_decorator.py
[2025-08-19T09:02:51.403+0000] {processor.py:830} INFO - Processing file /home/airflow/.local/lib/python3.12/site-packages/airflow/example_dags/example_task_group_decorator.py for tasks to queue
[2025-08-19T09:02:51.405+0000] {logging_mixin.py:188} INFO - [2025-08-19T09:02:51.404+0000] {dagbag.py:540} INFO - Filling up the DagBag from /home/airflow/.local/lib/python3.12/site-packages/airflow/example_dags/example_task_group_decorator.py
[2025-08-19T09:02:51.423+0000] {processor.py:840} INFO - DAG(s) 'example_task_group_decorator' retrieved from /home/airflow/.local/lib/python3.12/site-packages/airflow/example_dags/example_task_group_decorator.py
[2025-08-19T09:02:51.453+0000] {logging_mixin.py:188} INFO - [2025-08-19T09:02:51.453+0000] {dag.py:3096} INFO - Sync 1 DAGs
[2025-08-19T09:02:51.476+0000] {logging_mixin.py:188} INFO - [2025-08-19T09:02:51.476+0000] {dag.py:3954} INFO - Setting next_dagrun for example_task_group_decorator to 2025-08-18 00:00:00+00:00, run_after=2025-08-19 00:00:00+00:00
[2025-08-19T09:02:51.496+0000] {processor.py:183} INFO - Processing /home/airflow/.local/lib/python3.12/site-packages/airflow/example_dags/example_task_group_decorator.py took 0.103 seconds
[2025-08-19T09:03:21.686+0000] {processor.py:161} INFO - Started process (PID=1647) to work on /home/airflow/.local/lib/python3.12/site-packages/airflow/example_dags/example_task_group_decorator.py
[2025-08-19T09:03:21.687+0000] {processor.py:830} INFO - Processing file /home/airflow/.local/lib/python3.12/site-packages/airflow/example_dags/example_task_group_decorator.py for tasks to queue
[2025-08-19T09:03:21.690+0000] {logging_mixin.py:188} INFO - [2025-08-19T09:03:21.689+0000] {dagbag.py:540} INFO - Filling up the DagBag from /home/airflow/.local/lib/python3.12/site-packages/airflow/example_dags/example_task_group_decorator.py
[2025-08-19T09:03:21.706+0000] {processor.py:840} INFO - DAG(s) 'example_task_group_decorator' retrieved from /home/airflow/.local/lib/python3.12/site-packages/airflow/example_dags/example_task_group_decorator.py
[2025-08-19T09:03:21.737+0000] {logging_mixin.py:188} INFO - [2025-08-19T09:03:21.737+0000] {dag.py:3096} INFO - Sync 1 DAGs
[2025-08-19T09:03:21.762+0000] {logging_mixin.py:188} INFO - [2025-08-19T09:03:21.761+0000] {dag.py:3954} INFO - Setting next_dagrun for example_task_group_decorator to 2025-08-18 00:00:00+00:00, run_after=2025-08-19 00:00:00+00:00
[2025-08-19T09:03:21.780+0000] {processor.py:183} INFO - Processing /home/airflow/.local/lib/python3.12/site-packages/airflow/example_dags/example_task_group_decorator.py took 0.102 seconds
[2025-08-19T09:03:51.886+0000] {processor.py:161} INFO - Started process (PID=1705) to work on /home/airflow/.local/lib/python3.12/site-packages/airflow/example_dags/example_task_group_decorator.py
[2025-08-19T09:03:51.887+0000] {processor.py:830} INFO - Processing file /home/airflow/.local/lib/python3.12/site-packages/airflow/example_dags/example_task_group_decorator.py for tasks to queue
[2025-08-19T09:03:51.890+0000] {logging_mixin.py:188} INFO - [2025-08-19T09:03:51.889+0000] {dagbag.py:540} INFO - Filling up the DagBag from /home/airflow/.local/lib/python3.12/site-packages/airflow/example_dags/example_task_group_decorator.py
[2025-08-19T09:03:51.907+0000] {processor.py:840} INFO - DAG(s) 'example_task_group_decorator' retrieved from /home/airflow/.local/lib/python3.12/site-packages/airflow/example_dags/example_task_group_decorator.py
[2025-08-19T09:03:51.936+0000] {logging_mixin.py:188} INFO - [2025-08-19T09:03:51.936+0000] {dag.py:3096} INFO - Sync 1 DAGs
[2025-08-19T09:03:51.961+0000] {logging_mixin.py:188} INFO - [2025-08-19T09:03:51.960+0000] {dag.py:3954} INFO - Setting next_dagrun for example_task_group_decorator to 2025-08-18 00:00:00+00:00, run_after=2025-08-19 00:00:00+00:00
[2025-08-19T09:03:51.980+0000] {processor.py:183} INFO - Processing /home/airflow/.local/lib/python3.12/site-packages/airflow/example_dags/example_task_group_decorator.py took 0.101 seconds
[2025-08-19T09:04:22.197+0000] {processor.py:161} INFO - Started process (PID=1763) to work on /home/airflow/.local/lib/python3.12/site-packages/airflow/example_dags/example_task_group_decorator.py
[2025-08-19T09:04:22.198+0000] {processor.py:830} INFO - Processing file /home/airflow/.local/lib/python3.12/site-packages/airflow/example_dags/example_task_group_decorator.py for tasks to queue
[2025-08-19T09:04:22.201+0000] {logging_mixin.py:188} INFO - [2025-08-19T09:04:22.201+0000] {dagbag.py:540} INFO - Filling up the DagBag from /home/airflow/.local/lib/python3.12/site-packages/airflow/example_dags/example_task_group_decorator.py
[2025-08-19T09:04:22.220+0000] {processor.py:840} INFO - DAG(s) 'example_task_group_decorator' retrieved from /home/airflow/.local/lib/python3.12/site-packages/airflow/example_dags/example_task_group_decorator.py
[2025-08-19T09:04:22.253+0000] {logging_mixin.py:188} INFO - [2025-08-19T09:04:22.253+0000] {dag.py:3096} INFO - Sync 1 DAGs
[2025-08-19T09:04:22.279+0000] {logging_mixin.py:188} INFO - [2025-08-19T09:04:22.278+0000] {dag.py:3954} INFO - Setting next_dagrun for example_task_group_decorator to 2025-08-18 00:00:00+00:00, run_after=2025-08-19 00:00:00+00:00
[2025-08-19T09:04:22.300+0000] {processor.py:183} INFO - Processing /home/airflow/.local/lib/python3.12/site-packages/airflow/example_dags/example_task_group_decorator.py took 0.112 seconds
[2025-08-19T09:04:52.442+0000] {processor.py:161} INFO - Started process (PID=1822) to work on /home/airflow/.local/lib/python3.12/site-packages/airflow/example_dags/example_task_group_decorator.py
[2025-08-19T09:04:52.444+0000] {processor.py:830} INFO - Processing file /home/airflow/.local/lib/python3.12/site-packages/airflow/example_dags/example_task_group_decorator.py for tasks to queue
[2025-08-19T09:04:52.446+0000] {logging_mixin.py:188} INFO - [2025-08-19T09:04:52.446+0000] {dagbag.py:540} INFO - Filling up the DagBag from /home/airflow/.local/lib/python3.12/site-packages/airflow/example_dags/example_task_group_decorator.py
[2025-08-19T09:04:52.463+0000] {processor.py:840} INFO - DAG(s) 'example_task_group_decorator' retrieved from /home/airflow/.local/lib/python3.12/site-packages/airflow/example_dags/example_task_group_decorator.py
[2025-08-19T09:04:52.494+0000] {logging_mixin.py:188} INFO - [2025-08-19T09:04:52.494+0000] {dag.py:3096} INFO - Sync 1 DAGs
[2025-08-19T09:04:52.518+0000] {logging_mixin.py:188} INFO - [2025-08-19T09:04:52.518+0000] {dag.py:3954} INFO - Setting next_dagrun for example_task_group_decorator to 2025-08-18 00:00:00+00:00, run_after=2025-08-19 00:00:00+00:00
[2025-08-19T09:04:52.537+0000] {processor.py:183} INFO - Processing /home/airflow/.local/lib/python3.12/site-packages/airflow/example_dags/example_task_group_decorator.py took 0.103 seconds
[2025-08-19T09:05:22.673+0000] {processor.py:161} INFO - Started process (PID=1881) to work on /home/airflow/.local/lib/python3.12/site-packages/airflow/example_dags/example_task_group_decorator.py
[2025-08-19T09:05:22.674+0000] {processor.py:830} INFO - Processing file /home/airflow/.local/lib/python3.12/site-packages/airflow/example_dags/example_task_group_decorator.py for tasks to queue
[2025-08-19T09:05:22.677+0000] {logging_mixin.py:188} INFO - [2025-08-19T09:05:22.676+0000] {dagbag.py:540} INFO - Filling up the DagBag from /home/airflow/.local/lib/python3.12/site-packages/airflow/example_dags/example_task_group_decorator.py
[2025-08-19T09:05:22.694+0000] {processor.py:840} INFO - DAG(s) 'example_task_group_decorator' retrieved from /home/airflow/.local/lib/python3.12/site-packages/airflow/example_dags/example_task_group_decorator.py
[2025-08-19T09:05:22.726+0000] {logging_mixin.py:188} INFO - [2025-08-19T09:05:22.726+0000] {dag.py:3096} INFO - Sync 1 DAGs
[2025-08-19T09:05:22.751+0000] {logging_mixin.py:188} INFO - [2025-08-19T09:05:22.751+0000] {dag.py:3954} INFO - Setting next_dagrun for example_task_group_decorator to 2025-08-18 00:00:00+00:00, run_after=2025-08-19 00:00:00+00:00
[2025-08-19T09:05:22.772+0000] {processor.py:183} INFO - Processing /home/airflow/.local/lib/python3.12/site-packages/airflow/example_dags/example_task_group_decorator.py took 0.108 seconds
[2025-08-19T09:05:53.090+0000] {processor.py:161} INFO - Started process (PID=1939) to work on /home/airflow/.local/lib/python3.12/site-packages/airflow/example_dags/example_task_group_decorator.py
[2025-08-19T09:05:53.091+0000] {processor.py:830} INFO - Processing file /home/airflow/.local/lib/python3.12/site-packages/airflow/example_dags/example_task_group_decorator.py for tasks to queue
[2025-08-19T09:05:53.094+0000] {logging_mixin.py:188} INFO - [2025-08-19T09:05:53.093+0000] {dagbag.py:540} INFO - Filling up the DagBag from /home/airflow/.local/lib/python3.12/site-packages/airflow/example_dags/example_task_group_decorator.py
[2025-08-19T09:05:53.111+0000] {processor.py:840} INFO - DAG(s) 'example_task_group_decorator' retrieved from /home/airflow/.local/lib/python3.12/site-packages/airflow/example_dags/example_task_group_decorator.py
[2025-08-19T09:05:53.143+0000] {logging_mixin.py:188} INFO - [2025-08-19T09:05:53.142+0000] {dag.py:3096} INFO - Sync 1 DAGs
[2025-08-19T09:05:53.166+0000] {logging_mixin.py:188} INFO - [2025-08-19T09:05:53.166+0000] {dag.py:3954} INFO - Setting next_dagrun for example_task_group_decorator to 2025-08-18 00:00:00+00:00, run_after=2025-08-19 00:00:00+00:00
[2025-08-19T09:05:53.186+0000] {processor.py:183} INFO - Processing /home/airflow/.local/lib/python3.12/site-packages/airflow/example_dags/example_task_group_decorator.py took 0.104 seconds
[2025-08-19T09:06:23.332+0000] {processor.py:161} INFO - Started process (PID=1997) to work on /home/airflow/.local/lib/python3.12/site-packages/airflow/example_dags/example_task_group_decorator.py
[2025-08-19T09:06:23.334+0000] {processor.py:830} INFO - Processing file /home/airflow/.local/lib/python3.12/site-packages/airflow/example_dags/example_task_group_decorator.py for tasks to queue
[2025-08-19T09:06:23.336+0000] {logging_mixin.py:188} INFO - [2025-08-19T09:06:23.336+0000] {dagbag.py:540} INFO - Filling up the DagBag from /home/airflow/.local/lib/python3.12/site-packages/airflow/example_dags/example_task_group_decorator.py
[2025-08-19T09:06:23.353+0000] {processor.py:840} INFO - DAG(s) 'example_task_group_decorator' retrieved from /home/airflow/.local/lib/python3.12/site-packages/airflow/example_dags/example_task_group_decorator.py
[2025-08-19T09:06:23.384+0000] {logging_mixin.py:188} INFO - [2025-08-19T09:06:23.383+0000] {dag.py:3096} INFO - Sync 1 DAGs
[2025-08-19T09:06:23.407+0000] {logging_mixin.py:188} INFO - [2025-08-19T09:06:23.407+0000] {dag.py:3954} INFO - Setting next_dagrun for example_task_group_decorator to 2025-08-18 00:00:00+00:00, run_after=2025-08-19 00:00:00+00:00
[2025-08-19T09:06:23.425+0000] {processor.py:183} INFO - Processing /home/airflow/.local/lib/python3.12/site-packages/airflow/example_dags/example_task_group_decorator.py took 0.100 seconds
[2025-08-19T09:06:53.725+0000] {processor.py:161} INFO - Started process (PID=2056) to work on /home/airflow/.local/lib/python3.12/site-packages/airflow/example_dags/example_task_group_decorator.py
[2025-08-19T09:06:53.726+0000] {processor.py:830} INFO - Processing file /home/airflow/.local/lib/python3.12/site-packages/airflow/example_dags/example_task_group_decorator.py for tasks to queue
[2025-08-19T09:06:53.728+0000] {logging_mixin.py:188} INFO - [2025-08-19T09:06:53.728+0000] {dagbag.py:540} INFO - Filling up the DagBag from /home/airflow/.local/lib/python3.12/site-packages/airflow/example_dags/example_task_group_decorator.py
[2025-08-19T09:06:53.747+0000] {processor.py:840} INFO - DAG(s) 'example_task_group_decorator' retrieved from /home/airflow/.local/lib/python3.12/site-packages/airflow/example_dags/example_task_group_decorator.py
[2025-08-19T09:06:53.779+0000] {logging_mixin.py:188} INFO - [2025-08-19T09:06:53.778+0000] {dag.py:3096} INFO - Sync 1 DAGs
[2025-08-19T09:06:53.803+0000] {logging_mixin.py:188} INFO - [2025-08-19T09:06:53.803+0000] {dag.py:3954} INFO - Setting next_dagrun for example_task_group_decorator to 2025-08-18 00:00:00+00:00, run_after=2025-08-19 00:00:00+00:00
[2025-08-19T09:06:53.825+0000] {processor.py:183} INFO - Processing /home/airflow/.local/lib/python3.12/site-packages/airflow/example_dags/example_task_group_decorator.py took 0.109 seconds
[2025-08-19T09:07:24.033+0000] {processor.py:161} INFO - Started process (PID=2114) to work on /home/airflow/.local/lib/python3.12/site-packages/airflow/example_dags/example_task_group_decorator.py
[2025-08-19T09:07:24.035+0000] {processor.py:830} INFO - Processing file /home/airflow/.local/lib/python3.12/site-packages/airflow/example_dags/example_task_group_decorator.py for tasks to queue
[2025-08-19T09:07:24.037+0000] {logging_mixin.py:188} INFO - [2025-08-19T09:07:24.037+0000] {dagbag.py:540} INFO - Filling up the DagBag from /home/airflow/.local/lib/python3.12/site-packages/airflow/example_dags/example_task_group_decorator.py
[2025-08-19T09:07:24.055+0000] {processor.py:840} INFO - DAG(s) 'example_task_group_decorator' retrieved from /home/airflow/.local/lib/python3.12/site-packages/airflow/example_dags/example_task_group_decorator.py
[2025-08-19T09:07:24.085+0000] {logging_mixin.py:188} INFO - [2025-08-19T09:07:24.085+0000] {dag.py:3096} INFO - Sync 1 DAGs
[2025-08-19T09:07:24.109+0000] {logging_mixin.py:188} INFO - [2025-08-19T09:07:24.109+0000] {dag.py:3954} INFO - Setting next_dagrun for example_task_group_decorator to 2025-08-18 00:00:00+00:00, run_after=2025-08-19 00:00:00+00:00
[2025-08-19T09:07:24.127+0000] {processor.py:183} INFO - Processing /home/airflow/.local/lib/python3.12/site-packages/airflow/example_dags/example_task_group_decorator.py took 0.102 seconds
[2025-08-19T09:07:54.443+0000] {processor.py:161} INFO - Started process (PID=2172) to work on /home/airflow/.local/lib/python3.12/site-packages/airflow/example_dags/example_task_group_decorator.py
[2025-08-19T09:07:54.444+0000] {processor.py:830} INFO - Processing file /home/airflow/.local/lib/python3.12/site-packages/airflow/example_dags/example_task_group_decorator.py for tasks to queue
[2025-08-19T09:07:54.446+0000] {logging_mixin.py:188} INFO - [2025-08-19T09:07:54.446+0000] {dagbag.py:540} INFO - Filling up the DagBag from /home/airflow/.local/lib/python3.12/site-packages/airflow/example_dags/example_task_group_decorator.py
[2025-08-19T09:07:54.463+0000] {processor.py:840} INFO - DAG(s) 'example_task_group_decorator' retrieved from /home/airflow/.local/lib/python3.12/site-packages/airflow/example_dags/example_task_group_decorator.py
[2025-08-19T09:07:54.495+0000] {logging_mixin.py:188} INFO - [2025-08-19T09:07:54.495+0000] {dag.py:3096} INFO - Sync 1 DAGs
[2025-08-19T09:07:54.520+0000] {logging_mixin.py:188} INFO - [2025-08-19T09:07:54.520+0000] {dag.py:3954} INFO - Setting next_dagrun for example_task_group_decorator to 2025-08-18 00:00:00+00:00, run_after=2025-08-19 00:00:00+00:00
[2025-08-19T09:07:54.540+0000] {processor.py:183} INFO - Processing /home/airflow/.local/lib/python3.12/site-packages/airflow/example_dags/example_task_group_decorator.py took 0.105 seconds
[2025-08-19T09:08:25.058+0000] {processor.py:161} INFO - Started process (PID=2230) to work on /home/airflow/.local/lib/python3.12/site-packages/airflow/example_dags/example_task_group_decorator.py
[2025-08-19T09:08:25.059+0000] {processor.py:830} INFO - Processing file /home/airflow/.local/lib/python3.12/site-packages/airflow/example_dags/example_task_group_decorator.py for tasks to queue
[2025-08-19T09:08:25.062+0000] {logging_mixin.py:188} INFO - [2025-08-19T09:08:25.061+0000] {dagbag.py:540} INFO - Filling up the DagBag from /home/airflow/.local/lib/python3.12/site-packages/airflow/example_dags/example_task_group_decorator.py
[2025-08-19T09:08:25.079+0000] {processor.py:840} INFO - DAG(s) 'example_task_group_decorator' retrieved from /home/airflow/.local/lib/python3.12/site-packages/airflow/example_dags/example_task_group_decorator.py
[2025-08-19T09:08:25.112+0000] {logging_mixin.py:188} INFO - [2025-08-19T09:08:25.112+0000] {dag.py:3096} INFO - Sync 1 DAGs
[2025-08-19T09:08:25.137+0000] {logging_mixin.py:188} INFO - [2025-08-19T09:08:25.137+0000] {dag.py:3954} INFO - Setting next_dagrun for example_task_group_decorator to 2025-08-18 00:00:00+00:00, run_after=2025-08-19 00:00:00+00:00
[2025-08-19T09:08:25.159+0000] {processor.py:183} INFO - Processing /home/airflow/.local/lib/python3.12/site-packages/airflow/example_dags/example_task_group_decorator.py took 0.110 seconds
[2025-08-19T09:08:55.413+0000] {processor.py:161} INFO - Started process (PID=2286) to work on /home/airflow/.local/lib/python3.12/site-packages/airflow/example_dags/example_task_group_decorator.py
[2025-08-19T09:08:55.414+0000] {processor.py:830} INFO - Processing file /home/airflow/.local/lib/python3.12/site-packages/airflow/example_dags/example_task_group_decorator.py for tasks to queue
[2025-08-19T09:08:55.417+0000] {logging_mixin.py:188} INFO - [2025-08-19T09:08:55.416+0000] {dagbag.py:540} INFO - Filling up the DagBag from /home/airflow/.local/lib/python3.12/site-packages/airflow/example_dags/example_task_group_decorator.py
[2025-08-19T09:08:55.434+0000] {processor.py:840} INFO - DAG(s) 'example_task_group_decorator' retrieved from /home/airflow/.local/lib/python3.12/site-packages/airflow/example_dags/example_task_group_decorator.py
[2025-08-19T09:08:55.465+0000] {logging_mixin.py:188} INFO - [2025-08-19T09:08:55.465+0000] {dag.py:3096} INFO - Sync 1 DAGs
[2025-08-19T09:08:55.488+0000] {logging_mixin.py:188} INFO - [2025-08-19T09:08:55.488+0000] {dag.py:3954} INFO - Setting next_dagrun for example_task_group_decorator to 2025-08-18 00:00:00+00:00, run_after=2025-08-19 00:00:00+00:00
[2025-08-19T09:08:55.507+0000] {processor.py:183} INFO - Processing /home/airflow/.local/lib/python3.12/site-packages/airflow/example_dags/example_task_group_decorator.py took 0.102 seconds
[2025-08-19T09:09:25.946+0000] {processor.py:161} INFO - Started process (PID=2344) to work on /home/airflow/.local/lib/python3.12/site-packages/airflow/example_dags/example_task_group_decorator.py
[2025-08-19T09:09:25.947+0000] {processor.py:830} INFO - Processing file /home/airflow/.local/lib/python3.12/site-packages/airflow/example_dags/example_task_group_decorator.py for tasks to queue
[2025-08-19T09:09:25.950+0000] {logging_mixin.py:188} INFO - [2025-08-19T09:09:25.949+0000] {dagbag.py:540} INFO - Filling up the DagBag from /home/airflow/.local/lib/python3.12/site-packages/airflow/example_dags/example_task_group_decorator.py
[2025-08-19T09:09:25.967+0000] {processor.py:840} INFO - DAG(s) 'example_task_group_decorator' retrieved from /home/airflow/.local/lib/python3.12/site-packages/airflow/example_dags/example_task_group_decorator.py
[2025-08-19T09:09:25.997+0000] {logging_mixin.py:188} INFO - [2025-08-19T09:09:25.997+0000] {dag.py:3096} INFO - Sync 1 DAGs
[2025-08-19T09:09:26.021+0000] {logging_mixin.py:188} INFO - [2025-08-19T09:09:26.021+0000] {dag.py:3954} INFO - Setting next_dagrun for example_task_group_decorator to 2025-08-18 00:00:00+00:00, run_after=2025-08-19 00:00:00+00:00
[2025-08-19T09:09:26.039+0000] {processor.py:183} INFO - Processing /home/airflow/.local/lib/python3.12/site-packages/airflow/example_dags/example_task_group_decorator.py took 0.100 seconds
[2025-08-19T09:09:56.559+0000] {processor.py:161} INFO - Started process (PID=2402) to work on /home/airflow/.local/lib/python3.12/site-packages/airflow/example_dags/example_task_group_decorator.py
[2025-08-19T09:09:56.560+0000] {processor.py:830} INFO - Processing file /home/airflow/.local/lib/python3.12/site-packages/airflow/example_dags/example_task_group_decorator.py for tasks to queue
[2025-08-19T09:09:56.562+0000] {logging_mixin.py:188} INFO - [2025-08-19T09:09:56.562+0000] {dagbag.py:540} INFO - Filling up the DagBag from /home/airflow/.local/lib/python3.12/site-packages/airflow/example_dags/example_task_group_decorator.py
[2025-08-19T09:09:56.579+0000] {processor.py:840} INFO - DAG(s) 'example_task_group_decorator' retrieved from /home/airflow/.local/lib/python3.12/site-packages/airflow/example_dags/example_task_group_decorator.py
[2025-08-19T09:09:56.610+0000] {logging_mixin.py:188} INFO - [2025-08-19T09:09:56.610+0000] {dag.py:3096} INFO - Sync 1 DAGs
[2025-08-19T09:09:56.635+0000] {logging_mixin.py:188} INFO - [2025-08-19T09:09:56.635+0000] {dag.py:3954} INFO - Setting next_dagrun for example_task_group_decorator to 2025-08-18 00:00:00+00:00, run_after=2025-08-19 00:00:00+00:00
[2025-08-19T09:09:56.655+0000] {processor.py:183} INFO - Processing /home/airflow/.local/lib/python3.12/site-packages/airflow/example_dags/example_task_group_decorator.py took 0.104 seconds
[2025-08-19T09:10:26.934+0000] {processor.py:161} INFO - Started process (PID=2460) to work on /home/airflow/.local/lib/python3.12/site-packages/airflow/example_dags/example_task_group_decorator.py
[2025-08-19T09:10:26.935+0000] {processor.py:830} INFO - Processing file /home/airflow/.local/lib/python3.12/site-packages/airflow/example_dags/example_task_group_decorator.py for tasks to queue
[2025-08-19T09:10:26.938+0000] {logging_mixin.py:188} INFO - [2025-08-19T09:10:26.937+0000] {dagbag.py:540} INFO - Filling up the DagBag from /home/airflow/.local/lib/python3.12/site-packages/airflow/example_dags/example_task_group_decorator.py
[2025-08-19T09:10:26.955+0000] {processor.py:840} INFO - DAG(s) 'example_task_group_decorator' retrieved from /home/airflow/.local/lib/python3.12/site-packages/airflow/example_dags/example_task_group_decorator.py
[2025-08-19T09:10:26.989+0000] {logging_mixin.py:188} INFO - [2025-08-19T09:10:26.989+0000] {dag.py:3096} INFO - Sync 1 DAGs
[2025-08-19T09:10:27.014+0000] {logging_mixin.py:188} INFO - [2025-08-19T09:10:27.014+0000] {dag.py:3954} INFO - Setting next_dagrun for example_task_group_decorator to 2025-08-18 00:00:00+00:00, run_after=2025-08-19 00:00:00+00:00
[2025-08-19T09:10:27.035+0000] {processor.py:183} INFO - Processing /home/airflow/.local/lib/python3.12/site-packages/airflow/example_dags/example_task_group_decorator.py took 0.109 seconds
[2025-08-19T09:10:57.669+0000] {processor.py:161} INFO - Started process (PID=2518) to work on /home/airflow/.local/lib/python3.12/site-packages/airflow/example_dags/example_task_group_decorator.py
[2025-08-19T09:10:57.670+0000] {processor.py:830} INFO - Processing file /home/airflow/.local/lib/python3.12/site-packages/airflow/example_dags/example_task_group_decorator.py for tasks to queue
[2025-08-19T09:10:57.672+0000] {logging_mixin.py:188} INFO - [2025-08-19T09:10:57.672+0000] {dagbag.py:540} INFO - Filling up the DagBag from /home/airflow/.local/lib/python3.12/site-packages/airflow/example_dags/example_task_group_decorator.py
[2025-08-19T09:10:57.689+0000] {processor.py:840} INFO - DAG(s) 'example_task_group_decorator' retrieved from /home/airflow/.local/lib/python3.12/site-packages/airflow/example_dags/example_task_group_decorator.py
[2025-08-19T09:10:57.721+0000] {logging_mixin.py:188} INFO - [2025-08-19T09:10:57.720+0000] {dag.py:3096} INFO - Sync 1 DAGs
[2025-08-19T09:10:57.745+0000] {logging_mixin.py:188} INFO - [2025-08-19T09:10:57.744+0000] {dag.py:3954} INFO - Setting next_dagrun for example_task_group_decorator to 2025-08-18 00:00:00+00:00, run_after=2025-08-19 00:00:00+00:00
[2025-08-19T09:10:57.766+0000] {processor.py:183} INFO - Processing /home/airflow/.local/lib/python3.12/site-packages/airflow/example_dags/example_task_group_decorator.py took 0.106 seconds
