[2025-08-19T08:49:44.431+0000] {processor.py:161} INFO - Started process (PID=104) to work on /home/airflow/.local/lib/python3.12/site-packages/airflow/example_dags/example_sensors.py
[2025-08-19T08:49:44.432+0000] {processor.py:830} INFO - Processing file /home/airflow/.local/lib/python3.12/site-packages/airflow/example_dags/example_sensors.py for tasks to queue
[2025-08-19T08:49:44.434+0000] {logging_mixin.py:188} INFO - [2025-08-19T08:49:44.434+0000] {dagbag.py:540} INFO - Filling up the DagBag from /home/airflow/.local/lib/python3.12/site-packages/airflow/example_dags/example_sensors.py
[2025-08-19T08:49:44.453+0000] {processor.py:840} INFO - DAG(s) 'example_sensors' retrieved from /home/airflow/.local/lib/python3.12/site-packages/airflow/example_dags/example_sensors.py
[2025-08-19T08:49:44.605+0000] {logging_mixin.py:188} INFO - [2025-08-19T08:49:44.605+0000] {dag.py:3096} INFO - Sync 1 DAGs
[2025-08-19T08:49:44.619+0000] {logging_mixin.py:188} INFO - [2025-08-19T08:49:44.619+0000] {dag.py:3954} INFO - Setting next_dagrun for example_sensors to None, run_after=None
[2025-08-19T08:49:44.644+0000] {processor.py:183} INFO - Processing /home/airflow/.local/lib/python3.12/site-packages/airflow/example_dags/example_sensors.py took 0.221 seconds
[2025-08-19T08:50:15.517+0000] {processor.py:161} INFO - Started process (PID=162) to work on /home/airflow/.local/lib/python3.12/site-packages/airflow/example_dags/example_sensors.py
[2025-08-19T08:50:15.518+0000] {processor.py:830} INFO - Processing file /home/airflow/.local/lib/python3.12/site-packages/airflow/example_dags/example_sensors.py for tasks to queue
[2025-08-19T08:50:15.522+0000] {logging_mixin.py:188} INFO - [2025-08-19T08:50:15.521+0000] {dagbag.py:540} INFO - Filling up the DagBag from /home/airflow/.local/lib/python3.12/site-packages/airflow/example_dags/example_sensors.py
[2025-08-19T08:50:15.538+0000] {processor.py:840} INFO - DAG(s) 'example_sensors' retrieved from /home/airflow/.local/lib/python3.12/site-packages/airflow/example_dags/example_sensors.py
[2025-08-19T08:50:15.556+0000] {logging_mixin.py:188} INFO - [2025-08-19T08:50:15.556+0000] {dag.py:3096} INFO - Sync 1 DAGs
[2025-08-19T08:50:15.574+0000] {logging_mixin.py:188} INFO - [2025-08-19T08:50:15.573+0000] {dag.py:3954} INFO - Setting next_dagrun for example_sensors to None, run_after=None
[2025-08-19T08:50:15.598+0000] {processor.py:183} INFO - Processing /home/airflow/.local/lib/python3.12/site-packages/airflow/example_dags/example_sensors.py took 0.090 seconds
[2025-08-19T08:50:46.655+0000] {processor.py:161} INFO - Started process (PID=220) to work on /home/airflow/.local/lib/python3.12/site-packages/airflow/example_dags/example_sensors.py
[2025-08-19T08:50:46.656+0000] {processor.py:830} INFO - Processing file /home/airflow/.local/lib/python3.12/site-packages/airflow/example_dags/example_sensors.py for tasks to queue
[2025-08-19T08:50:46.659+0000] {logging_mixin.py:188} INFO - [2025-08-19T08:50:46.658+0000] {dagbag.py:540} INFO - Filling up the DagBag from /home/airflow/.local/lib/python3.12/site-packages/airflow/example_dags/example_sensors.py
[2025-08-19T08:50:46.670+0000] {processor.py:840} INFO - DAG(s) 'example_sensors' retrieved from /home/airflow/.local/lib/python3.12/site-packages/airflow/example_dags/example_sensors.py
[2025-08-19T08:50:46.799+0000] {logging_mixin.py:188} INFO - [2025-08-19T08:50:46.799+0000] {dag.py:3096} INFO - Sync 1 DAGs
[2025-08-19T08:50:46.812+0000] {logging_mixin.py:188} INFO - [2025-08-19T08:50:46.812+0000] {dag.py:3954} INFO - Setting next_dagrun for example_sensors to None, run_after=None
[2025-08-19T08:50:46.835+0000] {processor.py:183} INFO - Processing /home/airflow/.local/lib/python3.12/site-packages/airflow/example_dags/example_sensors.py took 0.188 seconds
[2025-08-19T08:51:17.013+0000] {processor.py:161} INFO - Started process (PID=279) to work on /home/airflow/.local/lib/python3.12/site-packages/airflow/example_dags/example_sensors.py
[2025-08-19T08:51:17.014+0000] {processor.py:830} INFO - Processing file /home/airflow/.local/lib/python3.12/site-packages/airflow/example_dags/example_sensors.py for tasks to queue
[2025-08-19T08:51:17.016+0000] {logging_mixin.py:188} INFO - [2025-08-19T08:51:17.016+0000] {dagbag.py:540} INFO - Filling up the DagBag from /home/airflow/.local/lib/python3.12/site-packages/airflow/example_dags/example_sensors.py
[2025-08-19T08:51:17.028+0000] {processor.py:840} INFO - DAG(s) 'example_sensors' retrieved from /home/airflow/.local/lib/python3.12/site-packages/airflow/example_dags/example_sensors.py
[2025-08-19T08:51:17.060+0000] {logging_mixin.py:188} INFO - [2025-08-19T08:51:17.060+0000] {dag.py:3096} INFO - Sync 1 DAGs
[2025-08-19T08:51:17.075+0000] {logging_mixin.py:188} INFO - [2025-08-19T08:51:17.075+0000] {dag.py:3954} INFO - Setting next_dagrun for example_sensors to None, run_after=None
[2025-08-19T08:51:17.099+0000] {processor.py:183} INFO - Processing /home/airflow/.local/lib/python3.12/site-packages/airflow/example_dags/example_sensors.py took 0.094 seconds
[2025-08-19T08:51:47.417+0000] {processor.py:161} INFO - Started process (PID=337) to work on /home/airflow/.local/lib/python3.12/site-packages/airflow/example_dags/example_sensors.py
[2025-08-19T08:51:47.418+0000] {processor.py:830} INFO - Processing file /home/airflow/.local/lib/python3.12/site-packages/airflow/example_dags/example_sensors.py for tasks to queue
[2025-08-19T08:51:47.421+0000] {logging_mixin.py:188} INFO - [2025-08-19T08:51:47.421+0000] {dagbag.py:540} INFO - Filling up the DagBag from /home/airflow/.local/lib/python3.12/site-packages/airflow/example_dags/example_sensors.py
[2025-08-19T08:51:47.433+0000] {processor.py:840} INFO - DAG(s) 'example_sensors' retrieved from /home/airflow/.local/lib/python3.12/site-packages/airflow/example_dags/example_sensors.py
[2025-08-19T08:51:47.464+0000] {logging_mixin.py:188} INFO - [2025-08-19T08:51:47.464+0000] {dag.py:3096} INFO - Sync 1 DAGs
[2025-08-19T08:51:47.478+0000] {logging_mixin.py:188} INFO - [2025-08-19T08:51:47.478+0000] {dag.py:3954} INFO - Setting next_dagrun for example_sensors to None, run_after=None
[2025-08-19T08:51:47.499+0000] {processor.py:183} INFO - Processing /home/airflow/.local/lib/python3.12/site-packages/airflow/example_dags/example_sensors.py took 0.090 seconds
[2025-08-19T08:52:18.595+0000] {processor.py:161} INFO - Started process (PID=395) to work on /home/airflow/.local/lib/python3.12/site-packages/airflow/example_dags/example_sensors.py
[2025-08-19T08:52:18.596+0000] {processor.py:830} INFO - Processing file /home/airflow/.local/lib/python3.12/site-packages/airflow/example_dags/example_sensors.py for tasks to queue
[2025-08-19T08:52:18.598+0000] {logging_mixin.py:188} INFO - [2025-08-19T08:52:18.598+0000] {dagbag.py:540} INFO - Filling up the DagBag from /home/airflow/.local/lib/python3.12/site-packages/airflow/example_dags/example_sensors.py
[2025-08-19T08:52:18.611+0000] {processor.py:840} INFO - DAG(s) 'example_sensors' retrieved from /home/airflow/.local/lib/python3.12/site-packages/airflow/example_dags/example_sensors.py
[2025-08-19T08:52:18.644+0000] {logging_mixin.py:188} INFO - [2025-08-19T08:52:18.644+0000] {dag.py:3096} INFO - Sync 1 DAGs
[2025-08-19T08:52:18.660+0000] {logging_mixin.py:188} INFO - [2025-08-19T08:52:18.660+0000] {dag.py:3954} INFO - Setting next_dagrun for example_sensors to None, run_after=None
[2025-08-19T08:52:18.681+0000] {processor.py:183} INFO - Processing /home/airflow/.local/lib/python3.12/site-packages/airflow/example_dags/example_sensors.py took 0.094 seconds
[2025-08-19T08:52:48.857+0000] {processor.py:161} INFO - Started process (PID=454) to work on /home/airflow/.local/lib/python3.12/site-packages/airflow/example_dags/example_sensors.py
[2025-08-19T08:52:48.858+0000] {processor.py:830} INFO - Processing file /home/airflow/.local/lib/python3.12/site-packages/airflow/example_dags/example_sensors.py for tasks to queue
[2025-08-19T08:52:48.861+0000] {logging_mixin.py:188} INFO - [2025-08-19T08:52:48.860+0000] {dagbag.py:540} INFO - Filling up the DagBag from /home/airflow/.local/lib/python3.12/site-packages/airflow/example_dags/example_sensors.py
[2025-08-19T08:52:48.873+0000] {processor.py:840} INFO - DAG(s) 'example_sensors' retrieved from /home/airflow/.local/lib/python3.12/site-packages/airflow/example_dags/example_sensors.py
[2025-08-19T08:52:48.909+0000] {logging_mixin.py:188} INFO - [2025-08-19T08:52:48.908+0000] {dag.py:3096} INFO - Sync 1 DAGs
[2025-08-19T08:52:48.926+0000] {logging_mixin.py:188} INFO - [2025-08-19T08:52:48.926+0000] {dag.py:3954} INFO - Setting next_dagrun for example_sensors to None, run_after=None
[2025-08-19T08:52:48.950+0000] {processor.py:183} INFO - Processing /home/airflow/.local/lib/python3.12/site-packages/airflow/example_dags/example_sensors.py took 0.102 seconds
[2025-08-19T08:53:19.210+0000] {processor.py:161} INFO - Started process (PID=513) to work on /home/airflow/.local/lib/python3.12/site-packages/airflow/example_dags/example_sensors.py
[2025-08-19T08:53:19.211+0000] {processor.py:830} INFO - Processing file /home/airflow/.local/lib/python3.12/site-packages/airflow/example_dags/example_sensors.py for tasks to queue
[2025-08-19T08:53:19.214+0000] {logging_mixin.py:188} INFO - [2025-08-19T08:53:19.214+0000] {dagbag.py:540} INFO - Filling up the DagBag from /home/airflow/.local/lib/python3.12/site-packages/airflow/example_dags/example_sensors.py
[2025-08-19T08:53:19.225+0000] {processor.py:840} INFO - DAG(s) 'example_sensors' retrieved from /home/airflow/.local/lib/python3.12/site-packages/airflow/example_dags/example_sensors.py
[2025-08-19T08:53:19.257+0000] {logging_mixin.py:188} INFO - [2025-08-19T08:53:19.257+0000] {dag.py:3096} INFO - Sync 1 DAGs
[2025-08-19T08:53:19.272+0000] {logging_mixin.py:188} INFO - [2025-08-19T08:53:19.271+0000] {dag.py:3954} INFO - Setting next_dagrun for example_sensors to None, run_after=None
[2025-08-19T08:53:19.291+0000] {processor.py:183} INFO - Processing /home/airflow/.local/lib/python3.12/site-packages/airflow/example_dags/example_sensors.py took 0.088 seconds
[2025-08-19T08:53:50.082+0000] {processor.py:161} INFO - Started process (PID=571) to work on /home/airflow/.local/lib/python3.12/site-packages/airflow/example_dags/example_sensors.py
[2025-08-19T08:53:50.084+0000] {processor.py:830} INFO - Processing file /home/airflow/.local/lib/python3.12/site-packages/airflow/example_dags/example_sensors.py for tasks to queue
[2025-08-19T08:53:50.086+0000] {logging_mixin.py:188} INFO - [2025-08-19T08:53:50.086+0000] {dagbag.py:540} INFO - Filling up the DagBag from /home/airflow/.local/lib/python3.12/site-packages/airflow/example_dags/example_sensors.py
[2025-08-19T08:53:50.097+0000] {processor.py:840} INFO - DAG(s) 'example_sensors' retrieved from /home/airflow/.local/lib/python3.12/site-packages/airflow/example_dags/example_sensors.py
[2025-08-19T08:53:50.129+0000] {logging_mixin.py:188} INFO - [2025-08-19T08:53:50.129+0000] {dag.py:3096} INFO - Sync 1 DAGs
[2025-08-19T08:53:50.144+0000] {logging_mixin.py:188} INFO - [2025-08-19T08:53:50.144+0000] {dag.py:3954} INFO - Setting next_dagrun for example_sensors to None, run_after=None
[2025-08-19T08:53:50.166+0000] {processor.py:183} INFO - Processing /home/airflow/.local/lib/python3.12/site-packages/airflow/example_dags/example_sensors.py took 0.092 seconds
[2025-08-19T08:54:20.648+0000] {processor.py:161} INFO - Started process (PID=629) to work on /home/airflow/.local/lib/python3.12/site-packages/airflow/example_dags/example_sensors.py
[2025-08-19T08:54:20.650+0000] {processor.py:830} INFO - Processing file /home/airflow/.local/lib/python3.12/site-packages/airflow/example_dags/example_sensors.py for tasks to queue
[2025-08-19T08:54:20.652+0000] {logging_mixin.py:188} INFO - [2025-08-19T08:54:20.652+0000] {dagbag.py:540} INFO - Filling up the DagBag from /home/airflow/.local/lib/python3.12/site-packages/airflow/example_dags/example_sensors.py
[2025-08-19T08:54:20.663+0000] {processor.py:840} INFO - DAG(s) 'example_sensors' retrieved from /home/airflow/.local/lib/python3.12/site-packages/airflow/example_dags/example_sensors.py
[2025-08-19T08:54:20.693+0000] {logging_mixin.py:188} INFO - [2025-08-19T08:54:20.693+0000] {dag.py:3096} INFO - Sync 1 DAGs
[2025-08-19T08:54:20.707+0000] {logging_mixin.py:188} INFO - [2025-08-19T08:54:20.707+0000] {dag.py:3954} INFO - Setting next_dagrun for example_sensors to None, run_after=None
[2025-08-19T08:54:20.727+0000] {processor.py:183} INFO - Processing /home/airflow/.local/lib/python3.12/site-packages/airflow/example_dags/example_sensors.py took 0.086 seconds
[2025-08-19T08:54:50.940+0000] {processor.py:161} INFO - Started process (PID=687) to work on /home/airflow/.local/lib/python3.12/site-packages/airflow/example_dags/example_sensors.py
[2025-08-19T08:54:50.941+0000] {processor.py:830} INFO - Processing file /home/airflow/.local/lib/python3.12/site-packages/airflow/example_dags/example_sensors.py for tasks to queue
[2025-08-19T08:54:50.944+0000] {logging_mixin.py:188} INFO - [2025-08-19T08:54:50.944+0000] {dagbag.py:540} INFO - Filling up the DagBag from /home/airflow/.local/lib/python3.12/site-packages/airflow/example_dags/example_sensors.py
[2025-08-19T08:54:50.955+0000] {processor.py:840} INFO - DAG(s) 'example_sensors' retrieved from /home/airflow/.local/lib/python3.12/site-packages/airflow/example_dags/example_sensors.py
[2025-08-19T08:54:50.985+0000] {logging_mixin.py:188} INFO - [2025-08-19T08:54:50.985+0000] {dag.py:3096} INFO - Sync 1 DAGs
[2025-08-19T08:54:50.999+0000] {logging_mixin.py:188} INFO - [2025-08-19T08:54:50.999+0000] {dag.py:3954} INFO - Setting next_dagrun for example_sensors to None, run_after=None
[2025-08-19T08:54:51.019+0000] {processor.py:183} INFO - Processing /home/airflow/.local/lib/python3.12/site-packages/airflow/example_dags/example_sensors.py took 0.087 seconds
[2025-08-19T08:55:21.649+0000] {processor.py:161} INFO - Started process (PID=745) to work on /home/airflow/.local/lib/python3.12/site-packages/airflow/example_dags/example_sensors.py
[2025-08-19T08:55:21.650+0000] {processor.py:830} INFO - Processing file /home/airflow/.local/lib/python3.12/site-packages/airflow/example_dags/example_sensors.py for tasks to queue
[2025-08-19T08:55:21.653+0000] {logging_mixin.py:188} INFO - [2025-08-19T08:55:21.653+0000] {dagbag.py:540} INFO - Filling up the DagBag from /home/airflow/.local/lib/python3.12/site-packages/airflow/example_dags/example_sensors.py
[2025-08-19T08:55:21.666+0000] {processor.py:840} INFO - DAG(s) 'example_sensors' retrieved from /home/airflow/.local/lib/python3.12/site-packages/airflow/example_dags/example_sensors.py
[2025-08-19T08:55:21.696+0000] {logging_mixin.py:188} INFO - [2025-08-19T08:55:21.696+0000] {dag.py:3096} INFO - Sync 1 DAGs
[2025-08-19T08:55:21.711+0000] {logging_mixin.py:188} INFO - [2025-08-19T08:55:21.711+0000] {dag.py:3954} INFO - Setting next_dagrun for example_sensors to None, run_after=None
[2025-08-19T08:55:21.730+0000] {processor.py:183} INFO - Processing /home/airflow/.local/lib/python3.12/site-packages/airflow/example_dags/example_sensors.py took 0.089 seconds
[2025-08-19T08:55:52.379+0000] {processor.py:161} INFO - Started process (PID=803) to work on /home/airflow/.local/lib/python3.12/site-packages/airflow/example_dags/example_sensors.py
[2025-08-19T08:55:52.381+0000] {processor.py:830} INFO - Processing file /home/airflow/.local/lib/python3.12/site-packages/airflow/example_dags/example_sensors.py for tasks to queue
[2025-08-19T08:55:52.383+0000] {logging_mixin.py:188} INFO - [2025-08-19T08:55:52.383+0000] {dagbag.py:540} INFO - Filling up the DagBag from /home/airflow/.local/lib/python3.12/site-packages/airflow/example_dags/example_sensors.py
[2025-08-19T08:55:52.394+0000] {processor.py:840} INFO - DAG(s) 'example_sensors' retrieved from /home/airflow/.local/lib/python3.12/site-packages/airflow/example_dags/example_sensors.py
[2025-08-19T08:55:52.426+0000] {logging_mixin.py:188} INFO - [2025-08-19T08:55:52.425+0000] {dag.py:3096} INFO - Sync 1 DAGs
[2025-08-19T08:55:52.440+0000] {logging_mixin.py:188} INFO - [2025-08-19T08:55:52.440+0000] {dag.py:3954} INFO - Setting next_dagrun for example_sensors to None, run_after=None
[2025-08-19T08:55:52.459+0000] {processor.py:183} INFO - Processing /home/airflow/.local/lib/python3.12/site-packages/airflow/example_dags/example_sensors.py took 0.087 seconds
[2025-08-19T08:56:22.962+0000] {processor.py:161} INFO - Started process (PID=861) to work on /home/airflow/.local/lib/python3.12/site-packages/airflow/example_dags/example_sensors.py
[2025-08-19T08:56:22.963+0000] {processor.py:830} INFO - Processing file /home/airflow/.local/lib/python3.12/site-packages/airflow/example_dags/example_sensors.py for tasks to queue
[2025-08-19T08:56:22.966+0000] {logging_mixin.py:188} INFO - [2025-08-19T08:56:22.966+0000] {dagbag.py:540} INFO - Filling up the DagBag from /home/airflow/.local/lib/python3.12/site-packages/airflow/example_dags/example_sensors.py
[2025-08-19T08:56:22.977+0000] {processor.py:840} INFO - DAG(s) 'example_sensors' retrieved from /home/airflow/.local/lib/python3.12/site-packages/airflow/example_dags/example_sensors.py
[2025-08-19T08:56:23.008+0000] {logging_mixin.py:188} INFO - [2025-08-19T08:56:23.008+0000] {dag.py:3096} INFO - Sync 1 DAGs
[2025-08-19T08:56:23.022+0000] {logging_mixin.py:188} INFO - [2025-08-19T08:56:23.022+0000] {dag.py:3954} INFO - Setting next_dagrun for example_sensors to None, run_after=None
[2025-08-19T08:56:23.042+0000] {processor.py:183} INFO - Processing /home/airflow/.local/lib/python3.12/site-packages/airflow/example_dags/example_sensors.py took 0.088 seconds
[2025-08-19T08:56:53.630+0000] {processor.py:161} INFO - Started process (PID=919) to work on /home/airflow/.local/lib/python3.12/site-packages/airflow/example_dags/example_sensors.py
[2025-08-19T08:56:53.631+0000] {processor.py:830} INFO - Processing file /home/airflow/.local/lib/python3.12/site-packages/airflow/example_dags/example_sensors.py for tasks to queue
[2025-08-19T08:56:53.633+0000] {logging_mixin.py:188} INFO - [2025-08-19T08:56:53.633+0000] {dagbag.py:540} INFO - Filling up the DagBag from /home/airflow/.local/lib/python3.12/site-packages/airflow/example_dags/example_sensors.py
[2025-08-19T08:56:53.645+0000] {processor.py:840} INFO - DAG(s) 'example_sensors' retrieved from /home/airflow/.local/lib/python3.12/site-packages/airflow/example_dags/example_sensors.py
[2025-08-19T08:56:53.678+0000] {logging_mixin.py:188} INFO - [2025-08-19T08:56:53.677+0000] {dag.py:3096} INFO - Sync 1 DAGs
[2025-08-19T08:56:53.692+0000] {logging_mixin.py:188} INFO - [2025-08-19T08:56:53.692+0000] {dag.py:3954} INFO - Setting next_dagrun for example_sensors to None, run_after=None
[2025-08-19T08:56:53.714+0000] {processor.py:183} INFO - Processing /home/airflow/.local/lib/python3.12/site-packages/airflow/example_dags/example_sensors.py took 0.092 seconds
[2025-08-19T08:57:24.521+0000] {processor.py:161} INFO - Started process (PID=978) to work on /home/airflow/.local/lib/python3.12/site-packages/airflow/example_dags/example_sensors.py
[2025-08-19T08:57:24.522+0000] {processor.py:830} INFO - Processing file /home/airflow/.local/lib/python3.12/site-packages/airflow/example_dags/example_sensors.py for tasks to queue
[2025-08-19T08:57:24.525+0000] {logging_mixin.py:188} INFO - [2025-08-19T08:57:24.524+0000] {dagbag.py:540} INFO - Filling up the DagBag from /home/airflow/.local/lib/python3.12/site-packages/airflow/example_dags/example_sensors.py
[2025-08-19T08:57:24.538+0000] {processor.py:840} INFO - DAG(s) 'example_sensors' retrieved from /home/airflow/.local/lib/python3.12/site-packages/airflow/example_dags/example_sensors.py
[2025-08-19T08:57:24.570+0000] {logging_mixin.py:188} INFO - [2025-08-19T08:57:24.570+0000] {dag.py:3096} INFO - Sync 1 DAGs
[2025-08-19T08:57:24.585+0000] {logging_mixin.py:188} INFO - [2025-08-19T08:57:24.585+0000] {dag.py:3954} INFO - Setting next_dagrun for example_sensors to None, run_after=None
[2025-08-19T08:57:24.606+0000] {processor.py:183} INFO - Processing /home/airflow/.local/lib/python3.12/site-packages/airflow/example_dags/example_sensors.py took 0.094 seconds
[2025-08-19T08:57:55.745+0000] {processor.py:161} INFO - Started process (PID=1036) to work on /home/airflow/.local/lib/python3.12/site-packages/airflow/example_dags/example_sensors.py
[2025-08-19T08:57:55.747+0000] {processor.py:830} INFO - Processing file /home/airflow/.local/lib/python3.12/site-packages/airflow/example_dags/example_sensors.py for tasks to queue
[2025-08-19T08:57:55.750+0000] {logging_mixin.py:188} INFO - [2025-08-19T08:57:55.749+0000] {dagbag.py:540} INFO - Filling up the DagBag from /home/airflow/.local/lib/python3.12/site-packages/airflow/example_dags/example_sensors.py
[2025-08-19T08:57:55.761+0000] {processor.py:840} INFO - DAG(s) 'example_sensors' retrieved from /home/airflow/.local/lib/python3.12/site-packages/airflow/example_dags/example_sensors.py
[2025-08-19T08:57:55.989+0000] {logging_mixin.py:188} INFO - [2025-08-19T08:57:55.989+0000] {dag.py:3096} INFO - Sync 1 DAGs
[2025-08-19T08:57:56.002+0000] {logging_mixin.py:188} INFO - [2025-08-19T08:57:56.001+0000] {dag.py:3954} INFO - Setting next_dagrun for example_sensors to None, run_after=None
[2025-08-19T08:57:56.022+0000] {processor.py:183} INFO - Processing /home/airflow/.local/lib/python3.12/site-packages/airflow/example_dags/example_sensors.py took 0.284 seconds
[2025-08-19T08:58:26.129+0000] {processor.py:161} INFO - Started process (PID=1094) to work on /home/airflow/.local/lib/python3.12/site-packages/airflow/example_dags/example_sensors.py
[2025-08-19T08:58:26.131+0000] {processor.py:830} INFO - Processing file /home/airflow/.local/lib/python3.12/site-packages/airflow/example_dags/example_sensors.py for tasks to queue
[2025-08-19T08:58:26.133+0000] {logging_mixin.py:188} INFO - [2025-08-19T08:58:26.133+0000] {dagbag.py:540} INFO - Filling up the DagBag from /home/airflow/.local/lib/python3.12/site-packages/airflow/example_dags/example_sensors.py
[2025-08-19T08:58:26.148+0000] {processor.py:840} INFO - DAG(s) 'example_sensors' retrieved from /home/airflow/.local/lib/python3.12/site-packages/airflow/example_dags/example_sensors.py
[2025-08-19T08:58:26.180+0000] {logging_mixin.py:188} INFO - [2025-08-19T08:58:26.180+0000] {dag.py:3096} INFO - Sync 1 DAGs
[2025-08-19T08:58:26.194+0000] {logging_mixin.py:188} INFO - [2025-08-19T08:58:26.194+0000] {dag.py:3954} INFO - Setting next_dagrun for example_sensors to None, run_after=None
[2025-08-19T08:58:26.214+0000] {processor.py:183} INFO - Processing /home/airflow/.local/lib/python3.12/site-packages/airflow/example_dags/example_sensors.py took 0.093 seconds
[2025-08-19T08:58:56.516+0000] {processor.py:161} INFO - Started process (PID=1152) to work on /home/airflow/.local/lib/python3.12/site-packages/airflow/example_dags/example_sensors.py
[2025-08-19T08:58:56.517+0000] {processor.py:830} INFO - Processing file /home/airflow/.local/lib/python3.12/site-packages/airflow/example_dags/example_sensors.py for tasks to queue
[2025-08-19T08:58:56.520+0000] {logging_mixin.py:188} INFO - [2025-08-19T08:58:56.519+0000] {dagbag.py:540} INFO - Filling up the DagBag from /home/airflow/.local/lib/python3.12/site-packages/airflow/example_dags/example_sensors.py
[2025-08-19T08:58:56.530+0000] {processor.py:840} INFO - DAG(s) 'example_sensors' retrieved from /home/airflow/.local/lib/python3.12/site-packages/airflow/example_dags/example_sensors.py
[2025-08-19T08:58:56.561+0000] {logging_mixin.py:188} INFO - [2025-08-19T08:58:56.561+0000] {dag.py:3096} INFO - Sync 1 DAGs
[2025-08-19T08:58:56.576+0000] {logging_mixin.py:188} INFO - [2025-08-19T08:58:56.575+0000] {dag.py:3954} INFO - Setting next_dagrun for example_sensors to None, run_after=None
[2025-08-19T08:58:56.594+0000] {processor.py:183} INFO - Processing /home/airflow/.local/lib/python3.12/site-packages/airflow/example_dags/example_sensors.py took 0.086 seconds
[2025-08-19T08:59:26.960+0000] {processor.py:161} INFO - Started process (PID=1210) to work on /home/airflow/.local/lib/python3.12/site-packages/airflow/example_dags/example_sensors.py
[2025-08-19T08:59:26.961+0000] {processor.py:830} INFO - Processing file /home/airflow/.local/lib/python3.12/site-packages/airflow/example_dags/example_sensors.py for tasks to queue
[2025-08-19T08:59:26.964+0000] {logging_mixin.py:188} INFO - [2025-08-19T08:59:26.963+0000] {dagbag.py:540} INFO - Filling up the DagBag from /home/airflow/.local/lib/python3.12/site-packages/airflow/example_dags/example_sensors.py
[2025-08-19T08:59:26.979+0000] {processor.py:840} INFO - DAG(s) 'example_sensors' retrieved from /home/airflow/.local/lib/python3.12/site-packages/airflow/example_dags/example_sensors.py
[2025-08-19T08:59:27.012+0000] {logging_mixin.py:188} INFO - [2025-08-19T08:59:27.012+0000] {dag.py:3096} INFO - Sync 1 DAGs
[2025-08-19T08:59:27.028+0000] {logging_mixin.py:188} INFO - [2025-08-19T08:59:27.028+0000] {dag.py:3954} INFO - Setting next_dagrun for example_sensors to None, run_after=None
[2025-08-19T08:59:27.050+0000] {processor.py:183} INFO - Processing /home/airflow/.local/lib/python3.12/site-packages/airflow/example_dags/example_sensors.py took 0.099 seconds
[2025-08-19T08:59:57.290+0000] {processor.py:161} INFO - Started process (PID=1268) to work on /home/airflow/.local/lib/python3.12/site-packages/airflow/example_dags/example_sensors.py
[2025-08-19T08:59:57.292+0000] {processor.py:830} INFO - Processing file /home/airflow/.local/lib/python3.12/site-packages/airflow/example_dags/example_sensors.py for tasks to queue
[2025-08-19T08:59:57.294+0000] {logging_mixin.py:188} INFO - [2025-08-19T08:59:57.294+0000] {dagbag.py:540} INFO - Filling up the DagBag from /home/airflow/.local/lib/python3.12/site-packages/airflow/example_dags/example_sensors.py
[2025-08-19T08:59:57.305+0000] {processor.py:840} INFO - DAG(s) 'example_sensors' retrieved from /home/airflow/.local/lib/python3.12/site-packages/airflow/example_dags/example_sensors.py
[2025-08-19T08:59:57.335+0000] {logging_mixin.py:188} INFO - [2025-08-19T08:59:57.335+0000] {dag.py:3096} INFO - Sync 1 DAGs
[2025-08-19T08:59:57.351+0000] {logging_mixin.py:188} INFO - [2025-08-19T08:59:57.351+0000] {dag.py:3954} INFO - Setting next_dagrun for example_sensors to None, run_after=None
[2025-08-19T08:59:57.371+0000] {processor.py:183} INFO - Processing /home/airflow/.local/lib/python3.12/site-packages/airflow/example_dags/example_sensors.py took 0.089 seconds
[2025-08-19T09:00:27.634+0000] {processor.py:161} INFO - Started process (PID=1326) to work on /home/airflow/.local/lib/python3.12/site-packages/airflow/example_dags/example_sensors.py
[2025-08-19T09:00:27.635+0000] {processor.py:830} INFO - Processing file /home/airflow/.local/lib/python3.12/site-packages/airflow/example_dags/example_sensors.py for tasks to queue
[2025-08-19T09:00:27.638+0000] {logging_mixin.py:188} INFO - [2025-08-19T09:00:27.637+0000] {dagbag.py:540} INFO - Filling up the DagBag from /home/airflow/.local/lib/python3.12/site-packages/airflow/example_dags/example_sensors.py
[2025-08-19T09:00:27.649+0000] {processor.py:840} INFO - DAG(s) 'example_sensors' retrieved from /home/airflow/.local/lib/python3.12/site-packages/airflow/example_dags/example_sensors.py
[2025-08-19T09:00:27.683+0000] {logging_mixin.py:188} INFO - [2025-08-19T09:00:27.683+0000] {dag.py:3096} INFO - Sync 1 DAGs
[2025-08-19T09:00:27.698+0000] {logging_mixin.py:188} INFO - [2025-08-19T09:00:27.698+0000] {dag.py:3954} INFO - Setting next_dagrun for example_sensors to None, run_after=None
[2025-08-19T09:00:27.721+0000] {processor.py:183} INFO - Processing /home/airflow/.local/lib/python3.12/site-packages/airflow/example_dags/example_sensors.py took 0.096 seconds
[2025-08-19T09:00:57.864+0000] {processor.py:161} INFO - Started process (PID=1384) to work on /home/airflow/.local/lib/python3.12/site-packages/airflow/example_dags/example_sensors.py
[2025-08-19T09:00:57.865+0000] {processor.py:830} INFO - Processing file /home/airflow/.local/lib/python3.12/site-packages/airflow/example_dags/example_sensors.py for tasks to queue
[2025-08-19T09:00:57.868+0000] {logging_mixin.py:188} INFO - [2025-08-19T09:00:57.867+0000] {dagbag.py:540} INFO - Filling up the DagBag from /home/airflow/.local/lib/python3.12/site-packages/airflow/example_dags/example_sensors.py
[2025-08-19T09:00:57.878+0000] {processor.py:840} INFO - DAG(s) 'example_sensors' retrieved from /home/airflow/.local/lib/python3.12/site-packages/airflow/example_dags/example_sensors.py
[2025-08-19T09:00:57.909+0000] {logging_mixin.py:188} INFO - [2025-08-19T09:00:57.909+0000] {dag.py:3096} INFO - Sync 1 DAGs
[2025-08-19T09:00:57.924+0000] {logging_mixin.py:188} INFO - [2025-08-19T09:00:57.924+0000] {dag.py:3954} INFO - Setting next_dagrun for example_sensors to None, run_after=None
[2025-08-19T09:00:57.945+0000] {processor.py:183} INFO - Processing /home/airflow/.local/lib/python3.12/site-packages/airflow/example_dags/example_sensors.py took 0.089 seconds
[2025-08-19T09:01:28.147+0000] {processor.py:161} INFO - Started process (PID=1442) to work on /home/airflow/.local/lib/python3.12/site-packages/airflow/example_dags/example_sensors.py
[2025-08-19T09:01:28.148+0000] {processor.py:830} INFO - Processing file /home/airflow/.local/lib/python3.12/site-packages/airflow/example_dags/example_sensors.py for tasks to queue
[2025-08-19T09:01:28.151+0000] {logging_mixin.py:188} INFO - [2025-08-19T09:01:28.150+0000] {dagbag.py:540} INFO - Filling up the DagBag from /home/airflow/.local/lib/python3.12/site-packages/airflow/example_dags/example_sensors.py
[2025-08-19T09:01:28.163+0000] {processor.py:840} INFO - DAG(s) 'example_sensors' retrieved from /home/airflow/.local/lib/python3.12/site-packages/airflow/example_dags/example_sensors.py
[2025-08-19T09:01:28.193+0000] {logging_mixin.py:188} INFO - [2025-08-19T09:01:28.193+0000] {dag.py:3096} INFO - Sync 1 DAGs
[2025-08-19T09:01:28.207+0000] {logging_mixin.py:188} INFO - [2025-08-19T09:01:28.207+0000] {dag.py:3954} INFO - Setting next_dagrun for example_sensors to None, run_after=None
[2025-08-19T09:01:28.227+0000] {processor.py:183} INFO - Processing /home/airflow/.local/lib/python3.12/site-packages/airflow/example_dags/example_sensors.py took 0.089 seconds
[2025-08-19T09:01:58.577+0000] {processor.py:161} INFO - Started process (PID=1500) to work on /home/airflow/.local/lib/python3.12/site-packages/airflow/example_dags/example_sensors.py
[2025-08-19T09:01:58.578+0000] {processor.py:830} INFO - Processing file /home/airflow/.local/lib/python3.12/site-packages/airflow/example_dags/example_sensors.py for tasks to queue
[2025-08-19T09:01:58.581+0000] {logging_mixin.py:188} INFO - [2025-08-19T09:01:58.580+0000] {dagbag.py:540} INFO - Filling up the DagBag from /home/airflow/.local/lib/python3.12/site-packages/airflow/example_dags/example_sensors.py
[2025-08-19T09:01:58.592+0000] {processor.py:840} INFO - DAG(s) 'example_sensors' retrieved from /home/airflow/.local/lib/python3.12/site-packages/airflow/example_dags/example_sensors.py
[2025-08-19T09:01:58.626+0000] {logging_mixin.py:188} INFO - [2025-08-19T09:01:58.625+0000] {dag.py:3096} INFO - Sync 1 DAGs
[2025-08-19T09:01:58.641+0000] {logging_mixin.py:188} INFO - [2025-08-19T09:01:58.641+0000] {dag.py:3954} INFO - Setting next_dagrun for example_sensors to None, run_after=None
[2025-08-19T09:01:58.661+0000] {processor.py:183} INFO - Processing /home/airflow/.local/lib/python3.12/site-packages/airflow/example_dags/example_sensors.py took 0.096 seconds
[2025-08-19T09:02:28.785+0000] {processor.py:161} INFO - Started process (PID=1558) to work on /home/airflow/.local/lib/python3.12/site-packages/airflow/example_dags/example_sensors.py
[2025-08-19T09:02:28.786+0000] {processor.py:830} INFO - Processing file /home/airflow/.local/lib/python3.12/site-packages/airflow/example_dags/example_sensors.py for tasks to queue
[2025-08-19T09:02:28.789+0000] {logging_mixin.py:188} INFO - [2025-08-19T09:02:28.788+0000] {dagbag.py:540} INFO - Filling up the DagBag from /home/airflow/.local/lib/python3.12/site-packages/airflow/example_dags/example_sensors.py
[2025-08-19T09:02:28.799+0000] {processor.py:840} INFO - DAG(s) 'example_sensors' retrieved from /home/airflow/.local/lib/python3.12/site-packages/airflow/example_dags/example_sensors.py
[2025-08-19T09:02:28.831+0000] {logging_mixin.py:188} INFO - [2025-08-19T09:02:28.830+0000] {dag.py:3096} INFO - Sync 1 DAGs
[2025-08-19T09:02:28.845+0000] {logging_mixin.py:188} INFO - [2025-08-19T09:02:28.844+0000] {dag.py:3954} INFO - Setting next_dagrun for example_sensors to None, run_after=None
[2025-08-19T09:02:28.864+0000] {processor.py:183} INFO - Processing /home/airflow/.local/lib/python3.12/site-packages/airflow/example_dags/example_sensors.py took 0.087 seconds
[2025-08-19T09:02:58.981+0000] {processor.py:161} INFO - Started process (PID=1615) to work on /home/airflow/.local/lib/python3.12/site-packages/airflow/example_dags/example_sensors.py
[2025-08-19T09:02:58.983+0000] {processor.py:830} INFO - Processing file /home/airflow/.local/lib/python3.12/site-packages/airflow/example_dags/example_sensors.py for tasks to queue
[2025-08-19T09:02:58.985+0000] {logging_mixin.py:188} INFO - [2025-08-19T09:02:58.985+0000] {dagbag.py:540} INFO - Filling up the DagBag from /home/airflow/.local/lib/python3.12/site-packages/airflow/example_dags/example_sensors.py
[2025-08-19T09:02:58.997+0000] {processor.py:840} INFO - DAG(s) 'example_sensors' retrieved from /home/airflow/.local/lib/python3.12/site-packages/airflow/example_dags/example_sensors.py
[2025-08-19T09:02:59.028+0000] {logging_mixin.py:188} INFO - [2025-08-19T09:02:59.027+0000] {dag.py:3096} INFO - Sync 1 DAGs
[2025-08-19T09:02:59.042+0000] {logging_mixin.py:188} INFO - [2025-08-19T09:02:59.041+0000] {dag.py:3954} INFO - Setting next_dagrun for example_sensors to None, run_after=None
[2025-08-19T09:02:59.059+0000] {processor.py:183} INFO - Processing /home/airflow/.local/lib/python3.12/site-packages/airflow/example_dags/example_sensors.py took 0.086 seconds
[2025-08-19T09:03:29.312+0000] {processor.py:161} INFO - Started process (PID=1673) to work on /home/airflow/.local/lib/python3.12/site-packages/airflow/example_dags/example_sensors.py
[2025-08-19T09:03:29.314+0000] {processor.py:830} INFO - Processing file /home/airflow/.local/lib/python3.12/site-packages/airflow/example_dags/example_sensors.py for tasks to queue
[2025-08-19T09:03:29.317+0000] {logging_mixin.py:188} INFO - [2025-08-19T09:03:29.316+0000] {dagbag.py:540} INFO - Filling up the DagBag from /home/airflow/.local/lib/python3.12/site-packages/airflow/example_dags/example_sensors.py
[2025-08-19T09:03:29.329+0000] {processor.py:840} INFO - DAG(s) 'example_sensors' retrieved from /home/airflow/.local/lib/python3.12/site-packages/airflow/example_dags/example_sensors.py
[2025-08-19T09:03:29.361+0000] {logging_mixin.py:188} INFO - [2025-08-19T09:03:29.360+0000] {dag.py:3096} INFO - Sync 1 DAGs
[2025-08-19T09:03:29.378+0000] {logging_mixin.py:188} INFO - [2025-08-19T09:03:29.378+0000] {dag.py:3954} INFO - Setting next_dagrun for example_sensors to None, run_after=None
[2025-08-19T09:03:29.399+0000] {processor.py:183} INFO - Processing /home/airflow/.local/lib/python3.12/site-packages/airflow/example_dags/example_sensors.py took 0.094 seconds
[2025-08-19T09:03:59.547+0000] {processor.py:161} INFO - Started process (PID=1731) to work on /home/airflow/.local/lib/python3.12/site-packages/airflow/example_dags/example_sensors.py
[2025-08-19T09:03:59.548+0000] {processor.py:830} INFO - Processing file /home/airflow/.local/lib/python3.12/site-packages/airflow/example_dags/example_sensors.py for tasks to queue
[2025-08-19T09:03:59.550+0000] {logging_mixin.py:188} INFO - [2025-08-19T09:03:59.550+0000] {dagbag.py:540} INFO - Filling up the DagBag from /home/airflow/.local/lib/python3.12/site-packages/airflow/example_dags/example_sensors.py
[2025-08-19T09:03:59.561+0000] {processor.py:840} INFO - DAG(s) 'example_sensors' retrieved from /home/airflow/.local/lib/python3.12/site-packages/airflow/example_dags/example_sensors.py
[2025-08-19T09:03:59.592+0000] {logging_mixin.py:188} INFO - [2025-08-19T09:03:59.592+0000] {dag.py:3096} INFO - Sync 1 DAGs
[2025-08-19T09:03:59.606+0000] {logging_mixin.py:188} INFO - [2025-08-19T09:03:59.606+0000] {dag.py:3954} INFO - Setting next_dagrun for example_sensors to None, run_after=None
[2025-08-19T09:03:59.628+0000] {processor.py:183} INFO - Processing /home/airflow/.local/lib/python3.12/site-packages/airflow/example_dags/example_sensors.py took 0.089 seconds
[2025-08-19T09:04:29.937+0000] {processor.py:161} INFO - Started process (PID=1789) to work on /home/airflow/.local/lib/python3.12/site-packages/airflow/example_dags/example_sensors.py
[2025-08-19T09:04:29.938+0000] {processor.py:830} INFO - Processing file /home/airflow/.local/lib/python3.12/site-packages/airflow/example_dags/example_sensors.py for tasks to queue
[2025-08-19T09:04:29.941+0000] {logging_mixin.py:188} INFO - [2025-08-19T09:04:29.941+0000] {dagbag.py:540} INFO - Filling up the DagBag from /home/airflow/.local/lib/python3.12/site-packages/airflow/example_dags/example_sensors.py
[2025-08-19T09:04:29.953+0000] {processor.py:840} INFO - DAG(s) 'example_sensors' retrieved from /home/airflow/.local/lib/python3.12/site-packages/airflow/example_dags/example_sensors.py
[2025-08-19T09:04:29.985+0000] {logging_mixin.py:188} INFO - [2025-08-19T09:04:29.985+0000] {dag.py:3096} INFO - Sync 1 DAGs
[2025-08-19T09:04:30.000+0000] {logging_mixin.py:188} INFO - [2025-08-19T09:04:30.000+0000] {dag.py:3954} INFO - Setting next_dagrun for example_sensors to None, run_after=None
[2025-08-19T09:04:30.022+0000] {processor.py:183} INFO - Processing /home/airflow/.local/lib/python3.12/site-packages/airflow/example_dags/example_sensors.py took 0.093 seconds
[2025-08-19T09:05:00.175+0000] {processor.py:161} INFO - Started process (PID=1848) to work on /home/airflow/.local/lib/python3.12/site-packages/airflow/example_dags/example_sensors.py
[2025-08-19T09:05:00.177+0000] {processor.py:830} INFO - Processing file /home/airflow/.local/lib/python3.12/site-packages/airflow/example_dags/example_sensors.py for tasks to queue
[2025-08-19T09:05:00.179+0000] {logging_mixin.py:188} INFO - [2025-08-19T09:05:00.179+0000] {dagbag.py:540} INFO - Filling up the DagBag from /home/airflow/.local/lib/python3.12/site-packages/airflow/example_dags/example_sensors.py
[2025-08-19T09:05:00.190+0000] {processor.py:840} INFO - DAG(s) 'example_sensors' retrieved from /home/airflow/.local/lib/python3.12/site-packages/airflow/example_dags/example_sensors.py
[2025-08-19T09:05:00.222+0000] {logging_mixin.py:188} INFO - [2025-08-19T09:05:00.221+0000] {dag.py:3096} INFO - Sync 1 DAGs
[2025-08-19T09:05:00.237+0000] {logging_mixin.py:188} INFO - [2025-08-19T09:05:00.237+0000] {dag.py:3954} INFO - Setting next_dagrun for example_sensors to None, run_after=None
[2025-08-19T09:05:00.259+0000] {processor.py:183} INFO - Processing /home/airflow/.local/lib/python3.12/site-packages/airflow/example_dags/example_sensors.py took 0.092 seconds
[2025-08-19T09:05:30.423+0000] {processor.py:161} INFO - Started process (PID=1907) to work on /home/airflow/.local/lib/python3.12/site-packages/airflow/example_dags/example_sensors.py
[2025-08-19T09:05:30.424+0000] {processor.py:830} INFO - Processing file /home/airflow/.local/lib/python3.12/site-packages/airflow/example_dags/example_sensors.py for tasks to queue
[2025-08-19T09:05:30.427+0000] {logging_mixin.py:188} INFO - [2025-08-19T09:05:30.427+0000] {dagbag.py:540} INFO - Filling up the DagBag from /home/airflow/.local/lib/python3.12/site-packages/airflow/example_dags/example_sensors.py
[2025-08-19T09:05:30.438+0000] {processor.py:840} INFO - DAG(s) 'example_sensors' retrieved from /home/airflow/.local/lib/python3.12/site-packages/airflow/example_dags/example_sensors.py
[2025-08-19T09:05:30.469+0000] {logging_mixin.py:188} INFO - [2025-08-19T09:05:30.468+0000] {dag.py:3096} INFO - Sync 1 DAGs
[2025-08-19T09:05:30.483+0000] {logging_mixin.py:188} INFO - [2025-08-19T09:05:30.483+0000] {dag.py:3954} INFO - Setting next_dagrun for example_sensors to None, run_after=None
[2025-08-19T09:05:30.504+0000] {processor.py:183} INFO - Processing /home/airflow/.local/lib/python3.12/site-packages/airflow/example_dags/example_sensors.py took 0.089 seconds
[2025-08-19T09:06:00.731+0000] {processor.py:161} INFO - Started process (PID=1965) to work on /home/airflow/.local/lib/python3.12/site-packages/airflow/example_dags/example_sensors.py
[2025-08-19T09:06:00.732+0000] {processor.py:830} INFO - Processing file /home/airflow/.local/lib/python3.12/site-packages/airflow/example_dags/example_sensors.py for tasks to queue
[2025-08-19T09:06:00.735+0000] {logging_mixin.py:188} INFO - [2025-08-19T09:06:00.735+0000] {dagbag.py:540} INFO - Filling up the DagBag from /home/airflow/.local/lib/python3.12/site-packages/airflow/example_dags/example_sensors.py
[2025-08-19T09:06:00.746+0000] {processor.py:840} INFO - DAG(s) 'example_sensors' retrieved from /home/airflow/.local/lib/python3.12/site-packages/airflow/example_dags/example_sensors.py
[2025-08-19T09:06:00.778+0000] {logging_mixin.py:188} INFO - [2025-08-19T09:06:00.778+0000] {dag.py:3096} INFO - Sync 1 DAGs
[2025-08-19T09:06:00.793+0000] {logging_mixin.py:188} INFO - [2025-08-19T09:06:00.793+0000] {dag.py:3954} INFO - Setting next_dagrun for example_sensors to None, run_after=None
[2025-08-19T09:06:00.813+0000] {processor.py:183} INFO - Processing /home/airflow/.local/lib/python3.12/site-packages/airflow/example_dags/example_sensors.py took 0.090 seconds
[2025-08-19T09:06:31.100+0000] {processor.py:161} INFO - Started process (PID=2023) to work on /home/airflow/.local/lib/python3.12/site-packages/airflow/example_dags/example_sensors.py
[2025-08-19T09:06:31.101+0000] {processor.py:830} INFO - Processing file /home/airflow/.local/lib/python3.12/site-packages/airflow/example_dags/example_sensors.py for tasks to queue
[2025-08-19T09:06:31.104+0000] {logging_mixin.py:188} INFO - [2025-08-19T09:06:31.103+0000] {dagbag.py:540} INFO - Filling up the DagBag from /home/airflow/.local/lib/python3.12/site-packages/airflow/example_dags/example_sensors.py
[2025-08-19T09:06:31.115+0000] {processor.py:840} INFO - DAG(s) 'example_sensors' retrieved from /home/airflow/.local/lib/python3.12/site-packages/airflow/example_dags/example_sensors.py
[2025-08-19T09:06:31.145+0000] {logging_mixin.py:188} INFO - [2025-08-19T09:06:31.145+0000] {dag.py:3096} INFO - Sync 1 DAGs
[2025-08-19T09:06:31.160+0000] {logging_mixin.py:188} INFO - [2025-08-19T09:06:31.160+0000] {dag.py:3954} INFO - Setting next_dagrun for example_sensors to None, run_after=None
[2025-08-19T09:06:31.180+0000] {processor.py:183} INFO - Processing /home/airflow/.local/lib/python3.12/site-packages/airflow/example_dags/example_sensors.py took 0.088 seconds
[2025-08-19T09:07:01.304+0000] {processor.py:161} INFO - Started process (PID=2082) to work on /home/airflow/.local/lib/python3.12/site-packages/airflow/example_dags/example_sensors.py
[2025-08-19T09:07:01.305+0000] {processor.py:830} INFO - Processing file /home/airflow/.local/lib/python3.12/site-packages/airflow/example_dags/example_sensors.py for tasks to queue
[2025-08-19T09:07:01.308+0000] {logging_mixin.py:188} INFO - [2025-08-19T09:07:01.307+0000] {dagbag.py:540} INFO - Filling up the DagBag from /home/airflow/.local/lib/python3.12/site-packages/airflow/example_dags/example_sensors.py
[2025-08-19T09:07:01.319+0000] {processor.py:840} INFO - DAG(s) 'example_sensors' retrieved from /home/airflow/.local/lib/python3.12/site-packages/airflow/example_dags/example_sensors.py
[2025-08-19T09:07:01.354+0000] {logging_mixin.py:188} INFO - [2025-08-19T09:07:01.354+0000] {dag.py:3096} INFO - Sync 1 DAGs
[2025-08-19T09:07:01.368+0000] {logging_mixin.py:188} INFO - [2025-08-19T09:07:01.368+0000] {dag.py:3954} INFO - Setting next_dagrun for example_sensors to None, run_after=None
[2025-08-19T09:07:01.389+0000] {processor.py:183} INFO - Processing /home/airflow/.local/lib/python3.12/site-packages/airflow/example_dags/example_sensors.py took 0.094 seconds
[2025-08-19T09:07:31.672+0000] {processor.py:161} INFO - Started process (PID=2140) to work on /home/airflow/.local/lib/python3.12/site-packages/airflow/example_dags/example_sensors.py
[2025-08-19T09:07:31.673+0000] {processor.py:830} INFO - Processing file /home/airflow/.local/lib/python3.12/site-packages/airflow/example_dags/example_sensors.py for tasks to queue
[2025-08-19T09:07:31.676+0000] {logging_mixin.py:188} INFO - [2025-08-19T09:07:31.675+0000] {dagbag.py:540} INFO - Filling up the DagBag from /home/airflow/.local/lib/python3.12/site-packages/airflow/example_dags/example_sensors.py
[2025-08-19T09:07:31.687+0000] {processor.py:840} INFO - DAG(s) 'example_sensors' retrieved from /home/airflow/.local/lib/python3.12/site-packages/airflow/example_dags/example_sensors.py
[2025-08-19T09:07:31.717+0000] {logging_mixin.py:188} INFO - [2025-08-19T09:07:31.717+0000] {dag.py:3096} INFO - Sync 1 DAGs
[2025-08-19T09:07:31.732+0000] {logging_mixin.py:188} INFO - [2025-08-19T09:07:31.732+0000] {dag.py:3954} INFO - Setting next_dagrun for example_sensors to None, run_after=None
[2025-08-19T09:07:31.754+0000] {processor.py:183} INFO - Processing /home/airflow/.local/lib/python3.12/site-packages/airflow/example_dags/example_sensors.py took 0.089 seconds
[2025-08-19T09:08:02.009+0000] {processor.py:161} INFO - Started process (PID=2198) to work on /home/airflow/.local/lib/python3.12/site-packages/airflow/example_dags/example_sensors.py
[2025-08-19T09:08:02.011+0000] {processor.py:830} INFO - Processing file /home/airflow/.local/lib/python3.12/site-packages/airflow/example_dags/example_sensors.py for tasks to queue
[2025-08-19T09:08:02.013+0000] {logging_mixin.py:188} INFO - [2025-08-19T09:08:02.013+0000] {dagbag.py:540} INFO - Filling up the DagBag from /home/airflow/.local/lib/python3.12/site-packages/airflow/example_dags/example_sensors.py
[2025-08-19T09:08:02.024+0000] {processor.py:840} INFO - DAG(s) 'example_sensors' retrieved from /home/airflow/.local/lib/python3.12/site-packages/airflow/example_dags/example_sensors.py
[2025-08-19T09:08:02.055+0000] {logging_mixin.py:188} INFO - [2025-08-19T09:08:02.055+0000] {dag.py:3096} INFO - Sync 1 DAGs
[2025-08-19T09:08:02.070+0000] {logging_mixin.py:188} INFO - [2025-08-19T09:08:02.070+0000] {dag.py:3954} INFO - Setting next_dagrun for example_sensors to None, run_after=None
[2025-08-19T09:08:02.090+0000] {processor.py:183} INFO - Processing /home/airflow/.local/lib/python3.12/site-packages/airflow/example_dags/example_sensors.py took 0.089 seconds
[2025-08-19T09:08:32.835+0000] {processor.py:161} INFO - Started process (PID=2256) to work on /home/airflow/.local/lib/python3.12/site-packages/airflow/example_dags/example_sensors.py
[2025-08-19T09:08:32.836+0000] {processor.py:830} INFO - Processing file /home/airflow/.local/lib/python3.12/site-packages/airflow/example_dags/example_sensors.py for tasks to queue
[2025-08-19T09:08:32.839+0000] {logging_mixin.py:188} INFO - [2025-08-19T09:08:32.838+0000] {dagbag.py:540} INFO - Filling up the DagBag from /home/airflow/.local/lib/python3.12/site-packages/airflow/example_dags/example_sensors.py
[2025-08-19T09:08:32.852+0000] {processor.py:840} INFO - DAG(s) 'example_sensors' retrieved from /home/airflow/.local/lib/python3.12/site-packages/airflow/example_dags/example_sensors.py
[2025-08-19T09:08:32.884+0000] {logging_mixin.py:188} INFO - [2025-08-19T09:08:32.884+0000] {dag.py:3096} INFO - Sync 1 DAGs
[2025-08-19T09:08:32.899+0000] {logging_mixin.py:188} INFO - [2025-08-19T09:08:32.899+0000] {dag.py:3954} INFO - Setting next_dagrun for example_sensors to None, run_after=None
[2025-08-19T09:08:32.920+0000] {processor.py:183} INFO - Processing /home/airflow/.local/lib/python3.12/site-packages/airflow/example_dags/example_sensors.py took 0.094 seconds
[2025-08-19T09:09:03.189+0000] {processor.py:161} INFO - Started process (PID=2314) to work on /home/airflow/.local/lib/python3.12/site-packages/airflow/example_dags/example_sensors.py
[2025-08-19T09:09:03.191+0000] {processor.py:830} INFO - Processing file /home/airflow/.local/lib/python3.12/site-packages/airflow/example_dags/example_sensors.py for tasks to queue
[2025-08-19T09:09:03.193+0000] {logging_mixin.py:188} INFO - [2025-08-19T09:09:03.193+0000] {dagbag.py:540} INFO - Filling up the DagBag from /home/airflow/.local/lib/python3.12/site-packages/airflow/example_dags/example_sensors.py
[2025-08-19T09:09:03.205+0000] {processor.py:840} INFO - DAG(s) 'example_sensors' retrieved from /home/airflow/.local/lib/python3.12/site-packages/airflow/example_dags/example_sensors.py
[2025-08-19T09:09:03.235+0000] {logging_mixin.py:188} INFO - [2025-08-19T09:09:03.235+0000] {dag.py:3096} INFO - Sync 1 DAGs
[2025-08-19T09:09:03.249+0000] {logging_mixin.py:188} INFO - [2025-08-19T09:09:03.249+0000] {dag.py:3954} INFO - Setting next_dagrun for example_sensors to None, run_after=None
[2025-08-19T09:09:03.270+0000] {processor.py:183} INFO - Processing /home/airflow/.local/lib/python3.12/site-packages/airflow/example_dags/example_sensors.py took 0.089 seconds
[2025-08-19T09:09:33.744+0000] {processor.py:161} INFO - Started process (PID=2372) to work on /home/airflow/.local/lib/python3.12/site-packages/airflow/example_dags/example_sensors.py
[2025-08-19T09:09:33.747+0000] {processor.py:830} INFO - Processing file /home/airflow/.local/lib/python3.12/site-packages/airflow/example_dags/example_sensors.py for tasks to queue
[2025-08-19T09:09:33.750+0000] {logging_mixin.py:188} INFO - [2025-08-19T09:09:33.750+0000] {dagbag.py:540} INFO - Filling up the DagBag from /home/airflow/.local/lib/python3.12/site-packages/airflow/example_dags/example_sensors.py
[2025-08-19T09:09:33.761+0000] {processor.py:840} INFO - DAG(s) 'example_sensors' retrieved from /home/airflow/.local/lib/python3.12/site-packages/airflow/example_dags/example_sensors.py
[2025-08-19T09:09:33.791+0000] {logging_mixin.py:188} INFO - [2025-08-19T09:09:33.791+0000] {dag.py:3096} INFO - Sync 1 DAGs
[2025-08-19T09:09:33.805+0000] {logging_mixin.py:188} INFO - [2025-08-19T09:09:33.805+0000] {dag.py:3954} INFO - Setting next_dagrun for example_sensors to None, run_after=None
[2025-08-19T09:09:33.825+0000] {processor.py:183} INFO - Processing /home/airflow/.local/lib/python3.12/site-packages/airflow/example_dags/example_sensors.py took 0.088 seconds
[2025-08-19T09:10:04.335+0000] {processor.py:161} INFO - Started process (PID=2430) to work on /home/airflow/.local/lib/python3.12/site-packages/airflow/example_dags/example_sensors.py
[2025-08-19T09:10:04.336+0000] {processor.py:830} INFO - Processing file /home/airflow/.local/lib/python3.12/site-packages/airflow/example_dags/example_sensors.py for tasks to queue
[2025-08-19T09:10:04.339+0000] {logging_mixin.py:188} INFO - [2025-08-19T09:10:04.339+0000] {dagbag.py:540} INFO - Filling up the DagBag from /home/airflow/.local/lib/python3.12/site-packages/airflow/example_dags/example_sensors.py
[2025-08-19T09:10:04.355+0000] {processor.py:840} INFO - DAG(s) 'example_sensors' retrieved from /home/airflow/.local/lib/python3.12/site-packages/airflow/example_dags/example_sensors.py
[2025-08-19T09:10:04.398+0000] {logging_mixin.py:188} INFO - [2025-08-19T09:10:04.397+0000] {dag.py:3096} INFO - Sync 1 DAGs
[2025-08-19T09:10:04.417+0000] {logging_mixin.py:188} INFO - [2025-08-19T09:10:04.416+0000] {dag.py:3954} INFO - Setting next_dagrun for example_sensors to None, run_after=None
[2025-08-19T09:10:04.438+0000] {processor.py:183} INFO - Processing /home/airflow/.local/lib/python3.12/site-packages/airflow/example_dags/example_sensors.py took 0.113 seconds
[2025-08-19T09:10:34.819+0000] {processor.py:161} INFO - Started process (PID=2488) to work on /home/airflow/.local/lib/python3.12/site-packages/airflow/example_dags/example_sensors.py
[2025-08-19T09:10:34.821+0000] {processor.py:830} INFO - Processing file /home/airflow/.local/lib/python3.12/site-packages/airflow/example_dags/example_sensors.py for tasks to queue
[2025-08-19T09:10:34.823+0000] {logging_mixin.py:188} INFO - [2025-08-19T09:10:34.823+0000] {dagbag.py:540} INFO - Filling up the DagBag from /home/airflow/.local/lib/python3.12/site-packages/airflow/example_dags/example_sensors.py
[2025-08-19T09:10:34.834+0000] {processor.py:840} INFO - DAG(s) 'example_sensors' retrieved from /home/airflow/.local/lib/python3.12/site-packages/airflow/example_dags/example_sensors.py
[2025-08-19T09:10:34.867+0000] {logging_mixin.py:188} INFO - [2025-08-19T09:10:34.867+0000] {dag.py:3096} INFO - Sync 1 DAGs
[2025-08-19T09:10:34.882+0000] {logging_mixin.py:188} INFO - [2025-08-19T09:10:34.882+0000] {dag.py:3954} INFO - Setting next_dagrun for example_sensors to None, run_after=None
[2025-08-19T09:10:34.903+0000] {processor.py:183} INFO - Processing /home/airflow/.local/lib/python3.12/site-packages/airflow/example_dags/example_sensors.py took 0.092 seconds
[2025-08-19T09:11:05.681+0000] {processor.py:161} INFO - Started process (PID=2546) to work on /home/airflow/.local/lib/python3.12/site-packages/airflow/example_dags/example_sensors.py
[2025-08-19T09:11:05.683+0000] {processor.py:830} INFO - Processing file /home/airflow/.local/lib/python3.12/site-packages/airflow/example_dags/example_sensors.py for tasks to queue
[2025-08-19T09:11:05.686+0000] {logging_mixin.py:188} INFO - [2025-08-19T09:11:05.685+0000] {dagbag.py:540} INFO - Filling up the DagBag from /home/airflow/.local/lib/python3.12/site-packages/airflow/example_dags/example_sensors.py
[2025-08-19T09:11:05.697+0000] {processor.py:840} INFO - DAG(s) 'example_sensors' retrieved from /home/airflow/.local/lib/python3.12/site-packages/airflow/example_dags/example_sensors.py
[2025-08-19T09:11:05.729+0000] {logging_mixin.py:188} INFO - [2025-08-19T09:11:05.728+0000] {dag.py:3096} INFO - Sync 1 DAGs
[2025-08-19T09:11:05.744+0000] {logging_mixin.py:188} INFO - [2025-08-19T09:11:05.743+0000] {dag.py:3954} INFO - Setting next_dagrun for example_sensors to None, run_after=None
[2025-08-19T09:11:05.765+0000] {processor.py:183} INFO - Processing /home/airflow/.local/lib/python3.12/site-packages/airflow/example_dags/example_sensors.py took 0.092 seconds
