[2025-08-19T08:49:45.375+0000] {processor.py:161} INFO - Started process (PID=110) to work on /home/airflow/.local/lib/python3.12/site-packages/airflow/example_dags/example_task_group.py
[2025-08-19T08:49:45.376+0000] {processor.py:830} INFO - Processing file /home/airflow/.local/lib/python3.12/site-packages/airflow/example_dags/example_task_group.py for tasks to queue
[2025-08-19T08:49:45.379+0000] {logging_mixin.py:188} INFO - [2025-08-19T08:49:45.379+0000] {dagbag.py:540} INFO - Filling up the DagBag from /home/airflow/.local/lib/python3.12/site-packages/airflow/example_dags/example_task_group.py
[2025-08-19T08:49:45.389+0000] {processor.py:840} INFO - DAG(s) 'example_task_group' retrieved from /home/airflow/.local/lib/python3.12/site-packages/airflow/example_dags/example_task_group.py
[2025-08-19T08:49:45.516+0000] {logging_mixin.py:188} INFO - [2025-08-19T08:49:45.516+0000] {dag.py:3096} INFO - Sync 1 DAGs
[2025-08-19T08:49:45.538+0000] {logging_mixin.py:188} INFO - [2025-08-19T08:49:45.537+0000] {dag.py:3954} INFO - Setting next_dagrun for example_task_group to 2025-08-18 00:00:00+00:00, run_after=2025-08-19 00:00:00+00:00
[2025-08-19T08:49:45.562+0000] {processor.py:183} INFO - Processing /home/airflow/.local/lib/python3.12/site-packages/airflow/example_dags/example_task_group.py took 0.194 seconds
[2025-08-19T08:50:16.041+0000] {processor.py:161} INFO - Started process (PID=168) to work on /home/airflow/.local/lib/python3.12/site-packages/airflow/example_dags/example_task_group.py
[2025-08-19T08:50:16.043+0000] {processor.py:830} INFO - Processing file /home/airflow/.local/lib/python3.12/site-packages/airflow/example_dags/example_task_group.py for tasks to queue
[2025-08-19T08:50:16.046+0000] {logging_mixin.py:188} INFO - [2025-08-19T08:50:16.046+0000] {dagbag.py:540} INFO - Filling up the DagBag from /home/airflow/.local/lib/python3.12/site-packages/airflow/example_dags/example_task_group.py
[2025-08-19T08:50:16.056+0000] {processor.py:840} INFO - DAG(s) 'example_task_group' retrieved from /home/airflow/.local/lib/python3.12/site-packages/airflow/example_dags/example_task_group.py
[2025-08-19T08:50:16.084+0000] {logging_mixin.py:188} INFO - [2025-08-19T08:50:16.084+0000] {dag.py:3096} INFO - Sync 1 DAGs
[2025-08-19T08:50:16.111+0000] {logging_mixin.py:188} INFO - [2025-08-19T08:50:16.110+0000] {dag.py:3954} INFO - Setting next_dagrun for example_task_group to 2025-08-18 00:00:00+00:00, run_after=2025-08-19 00:00:00+00:00
[2025-08-19T08:50:16.135+0000] {processor.py:183} INFO - Processing /home/airflow/.local/lib/python3.12/site-packages/airflow/example_dags/example_task_group.py took 0.102 seconds
[2025-08-19T08:50:47.310+0000] {processor.py:161} INFO - Started process (PID=226) to work on /home/airflow/.local/lib/python3.12/site-packages/airflow/example_dags/example_task_group.py
[2025-08-19T08:50:47.312+0000] {processor.py:830} INFO - Processing file /home/airflow/.local/lib/python3.12/site-packages/airflow/example_dags/example_task_group.py for tasks to queue
[2025-08-19T08:50:47.314+0000] {logging_mixin.py:188} INFO - [2025-08-19T08:50:47.314+0000] {dagbag.py:540} INFO - Filling up the DagBag from /home/airflow/.local/lib/python3.12/site-packages/airflow/example_dags/example_task_group.py
[2025-08-19T08:50:47.323+0000] {processor.py:840} INFO - DAG(s) 'example_task_group' retrieved from /home/airflow/.local/lib/python3.12/site-packages/airflow/example_dags/example_task_group.py
[2025-08-19T08:50:47.349+0000] {logging_mixin.py:188} INFO - [2025-08-19T08:50:47.349+0000] {dag.py:3096} INFO - Sync 1 DAGs
[2025-08-19T08:50:47.372+0000] {logging_mixin.py:188} INFO - [2025-08-19T08:50:47.372+0000] {dag.py:3954} INFO - Setting next_dagrun for example_task_group to 2025-08-18 00:00:00+00:00, run_after=2025-08-19 00:00:00+00:00
[2025-08-19T08:50:47.391+0000] {processor.py:183} INFO - Processing /home/airflow/.local/lib/python3.12/site-packages/airflow/example_dags/example_task_group.py took 0.089 seconds
[2025-08-19T08:51:17.498+0000] {processor.py:161} INFO - Started process (PID=285) to work on /home/airflow/.local/lib/python3.12/site-packages/airflow/example_dags/example_task_group.py
[2025-08-19T08:51:17.500+0000] {processor.py:830} INFO - Processing file /home/airflow/.local/lib/python3.12/site-packages/airflow/example_dags/example_task_group.py for tasks to queue
[2025-08-19T08:51:17.502+0000] {logging_mixin.py:188} INFO - [2025-08-19T08:51:17.502+0000] {dagbag.py:540} INFO - Filling up the DagBag from /home/airflow/.local/lib/python3.12/site-packages/airflow/example_dags/example_task_group.py
[2025-08-19T08:51:17.511+0000] {processor.py:840} INFO - DAG(s) 'example_task_group' retrieved from /home/airflow/.local/lib/python3.12/site-packages/airflow/example_dags/example_task_group.py
[2025-08-19T08:51:17.539+0000] {logging_mixin.py:188} INFO - [2025-08-19T08:51:17.539+0000] {dag.py:3096} INFO - Sync 1 DAGs
[2025-08-19T08:51:17.563+0000] {logging_mixin.py:188} INFO - [2025-08-19T08:51:17.563+0000] {dag.py:3954} INFO - Setting next_dagrun for example_task_group to 2025-08-18 00:00:00+00:00, run_after=2025-08-19 00:00:00+00:00
[2025-08-19T08:51:17.584+0000] {processor.py:183} INFO - Processing /home/airflow/.local/lib/python3.12/site-packages/airflow/example_dags/example_task_group.py took 0.093 seconds
[2025-08-19T08:51:47.784+0000] {processor.py:161} INFO - Started process (PID=343) to work on /home/airflow/.local/lib/python3.12/site-packages/airflow/example_dags/example_task_group.py
[2025-08-19T08:51:47.785+0000] {processor.py:830} INFO - Processing file /home/airflow/.local/lib/python3.12/site-packages/airflow/example_dags/example_task_group.py for tasks to queue
[2025-08-19T08:51:47.787+0000] {logging_mixin.py:188} INFO - [2025-08-19T08:51:47.787+0000] {dagbag.py:540} INFO - Filling up the DagBag from /home/airflow/.local/lib/python3.12/site-packages/airflow/example_dags/example_task_group.py
[2025-08-19T08:51:47.796+0000] {processor.py:840} INFO - DAG(s) 'example_task_group' retrieved from /home/airflow/.local/lib/python3.12/site-packages/airflow/example_dags/example_task_group.py
[2025-08-19T08:51:47.823+0000] {logging_mixin.py:188} INFO - [2025-08-19T08:51:47.822+0000] {dag.py:3096} INFO - Sync 1 DAGs
[2025-08-19T08:51:47.847+0000] {logging_mixin.py:188} INFO - [2025-08-19T08:51:47.847+0000] {dag.py:3954} INFO - Setting next_dagrun for example_task_group to 2025-08-18 00:00:00+00:00, run_after=2025-08-19 00:00:00+00:00
[2025-08-19T08:51:47.866+0000] {processor.py:183} INFO - Processing /home/airflow/.local/lib/python3.12/site-packages/airflow/example_dags/example_task_group.py took 0.090 seconds
[2025-08-19T08:52:19.138+0000] {processor.py:161} INFO - Started process (PID=401) to work on /home/airflow/.local/lib/python3.12/site-packages/airflow/example_dags/example_task_group.py
[2025-08-19T08:52:19.140+0000] {processor.py:830} INFO - Processing file /home/airflow/.local/lib/python3.12/site-packages/airflow/example_dags/example_task_group.py for tasks to queue
[2025-08-19T08:52:19.142+0000] {logging_mixin.py:188} INFO - [2025-08-19T08:52:19.142+0000] {dagbag.py:540} INFO - Filling up the DagBag from /home/airflow/.local/lib/python3.12/site-packages/airflow/example_dags/example_task_group.py
[2025-08-19T08:52:19.152+0000] {processor.py:840} INFO - DAG(s) 'example_task_group' retrieved from /home/airflow/.local/lib/python3.12/site-packages/airflow/example_dags/example_task_group.py
[2025-08-19T08:52:19.179+0000] {logging_mixin.py:188} INFO - [2025-08-19T08:52:19.179+0000] {dag.py:3096} INFO - Sync 1 DAGs
[2025-08-19T08:52:19.204+0000] {logging_mixin.py:188} INFO - [2025-08-19T08:52:19.203+0000] {dag.py:3954} INFO - Setting next_dagrun for example_task_group to 2025-08-18 00:00:00+00:00, run_after=2025-08-19 00:00:00+00:00
[2025-08-19T08:52:19.225+0000] {processor.py:183} INFO - Processing /home/airflow/.local/lib/python3.12/site-packages/airflow/example_dags/example_task_group.py took 0.098 seconds
[2025-08-19T08:52:49.271+0000] {processor.py:161} INFO - Started process (PID=460) to work on /home/airflow/.local/lib/python3.12/site-packages/airflow/example_dags/example_task_group.py
[2025-08-19T08:52:49.273+0000] {processor.py:830} INFO - Processing file /home/airflow/.local/lib/python3.12/site-packages/airflow/example_dags/example_task_group.py for tasks to queue
[2025-08-19T08:52:49.275+0000] {logging_mixin.py:188} INFO - [2025-08-19T08:52:49.275+0000] {dagbag.py:540} INFO - Filling up the DagBag from /home/airflow/.local/lib/python3.12/site-packages/airflow/example_dags/example_task_group.py
[2025-08-19T08:52:49.285+0000] {processor.py:840} INFO - DAG(s) 'example_task_group' retrieved from /home/airflow/.local/lib/python3.12/site-packages/airflow/example_dags/example_task_group.py
[2025-08-19T08:52:49.312+0000] {logging_mixin.py:188} INFO - [2025-08-19T08:52:49.312+0000] {dag.py:3096} INFO - Sync 1 DAGs
[2025-08-19T08:52:49.338+0000] {logging_mixin.py:188} INFO - [2025-08-19T08:52:49.337+0000] {dag.py:3954} INFO - Setting next_dagrun for example_task_group to 2025-08-18 00:00:00+00:00, run_after=2025-08-19 00:00:00+00:00
[2025-08-19T08:52:49.360+0000] {processor.py:183} INFO - Processing /home/airflow/.local/lib/python3.12/site-packages/airflow/example_dags/example_task_group.py took 0.096 seconds
[2025-08-19T08:53:19.571+0000] {processor.py:161} INFO - Started process (PID=519) to work on /home/airflow/.local/lib/python3.12/site-packages/airflow/example_dags/example_task_group.py
[2025-08-19T08:53:19.573+0000] {processor.py:830} INFO - Processing file /home/airflow/.local/lib/python3.12/site-packages/airflow/example_dags/example_task_group.py for tasks to queue
[2025-08-19T08:53:19.575+0000] {logging_mixin.py:188} INFO - [2025-08-19T08:53:19.575+0000] {dagbag.py:540} INFO - Filling up the DagBag from /home/airflow/.local/lib/python3.12/site-packages/airflow/example_dags/example_task_group.py
[2025-08-19T08:53:19.586+0000] {processor.py:840} INFO - DAG(s) 'example_task_group' retrieved from /home/airflow/.local/lib/python3.12/site-packages/airflow/example_dags/example_task_group.py
[2025-08-19T08:53:19.615+0000] {logging_mixin.py:188} INFO - [2025-08-19T08:53:19.615+0000] {dag.py:3096} INFO - Sync 1 DAGs
[2025-08-19T08:53:19.641+0000] {logging_mixin.py:188} INFO - [2025-08-19T08:53:19.641+0000] {dag.py:3954} INFO - Setting next_dagrun for example_task_group to 2025-08-18 00:00:00+00:00, run_after=2025-08-19 00:00:00+00:00
[2025-08-19T08:53:19.661+0000] {processor.py:183} INFO - Processing /home/airflow/.local/lib/python3.12/site-packages/airflow/example_dags/example_task_group.py took 0.099 seconds
[2025-08-19T08:53:50.448+0000] {processor.py:161} INFO - Started process (PID=577) to work on /home/airflow/.local/lib/python3.12/site-packages/airflow/example_dags/example_task_group.py
[2025-08-19T08:53:50.450+0000] {processor.py:830} INFO - Processing file /home/airflow/.local/lib/python3.12/site-packages/airflow/example_dags/example_task_group.py for tasks to queue
[2025-08-19T08:53:50.452+0000] {logging_mixin.py:188} INFO - [2025-08-19T08:53:50.452+0000] {dagbag.py:540} INFO - Filling up the DagBag from /home/airflow/.local/lib/python3.12/site-packages/airflow/example_dags/example_task_group.py
[2025-08-19T08:53:50.461+0000] {processor.py:840} INFO - DAG(s) 'example_task_group' retrieved from /home/airflow/.local/lib/python3.12/site-packages/airflow/example_dags/example_task_group.py
[2025-08-19T08:53:50.489+0000] {logging_mixin.py:188} INFO - [2025-08-19T08:53:50.489+0000] {dag.py:3096} INFO - Sync 1 DAGs
[2025-08-19T08:53:50.513+0000] {logging_mixin.py:188} INFO - [2025-08-19T08:53:50.513+0000] {dag.py:3954} INFO - Setting next_dagrun for example_task_group to 2025-08-18 00:00:00+00:00, run_after=2025-08-19 00:00:00+00:00
[2025-08-19T08:53:50.533+0000] {processor.py:183} INFO - Processing /home/airflow/.local/lib/python3.12/site-packages/airflow/example_dags/example_task_group.py took 0.093 seconds
[2025-08-19T08:54:21.008+0000] {processor.py:161} INFO - Started process (PID=635) to work on /home/airflow/.local/lib/python3.12/site-packages/airflow/example_dags/example_task_group.py
[2025-08-19T08:54:21.009+0000] {processor.py:830} INFO - Processing file /home/airflow/.local/lib/python3.12/site-packages/airflow/example_dags/example_task_group.py for tasks to queue
[2025-08-19T08:54:21.011+0000] {logging_mixin.py:188} INFO - [2025-08-19T08:54:21.011+0000] {dagbag.py:540} INFO - Filling up the DagBag from /home/airflow/.local/lib/python3.12/site-packages/airflow/example_dags/example_task_group.py
[2025-08-19T08:54:21.021+0000] {processor.py:840} INFO - DAG(s) 'example_task_group' retrieved from /home/airflow/.local/lib/python3.12/site-packages/airflow/example_dags/example_task_group.py
[2025-08-19T08:54:21.046+0000] {logging_mixin.py:188} INFO - [2025-08-19T08:54:21.046+0000] {dag.py:3096} INFO - Sync 1 DAGs
[2025-08-19T08:54:21.069+0000] {logging_mixin.py:188} INFO - [2025-08-19T08:54:21.069+0000] {dag.py:3954} INFO - Setting next_dagrun for example_task_group to 2025-08-18 00:00:00+00:00, run_after=2025-08-19 00:00:00+00:00
[2025-08-19T08:54:21.088+0000] {processor.py:183} INFO - Processing /home/airflow/.local/lib/python3.12/site-packages/airflow/example_dags/example_task_group.py took 0.088 seconds
[2025-08-19T08:54:51.298+0000] {processor.py:161} INFO - Started process (PID=693) to work on /home/airflow/.local/lib/python3.12/site-packages/airflow/example_dags/example_task_group.py
[2025-08-19T08:54:51.299+0000] {processor.py:830} INFO - Processing file /home/airflow/.local/lib/python3.12/site-packages/airflow/example_dags/example_task_group.py for tasks to queue
[2025-08-19T08:54:51.301+0000] {logging_mixin.py:188} INFO - [2025-08-19T08:54:51.301+0000] {dagbag.py:540} INFO - Filling up the DagBag from /home/airflow/.local/lib/python3.12/site-packages/airflow/example_dags/example_task_group.py
[2025-08-19T08:54:51.311+0000] {processor.py:840} INFO - DAG(s) 'example_task_group' retrieved from /home/airflow/.local/lib/python3.12/site-packages/airflow/example_dags/example_task_group.py
[2025-08-19T08:54:51.341+0000] {logging_mixin.py:188} INFO - [2025-08-19T08:54:51.340+0000] {dag.py:3096} INFO - Sync 1 DAGs
[2025-08-19T08:54:51.369+0000] {logging_mixin.py:188} INFO - [2025-08-19T08:54:51.368+0000] {dag.py:3954} INFO - Setting next_dagrun for example_task_group to 2025-08-18 00:00:00+00:00, run_after=2025-08-19 00:00:00+00:00
[2025-08-19T08:54:51.388+0000] {processor.py:183} INFO - Processing /home/airflow/.local/lib/python3.12/site-packages/airflow/example_dags/example_task_group.py took 0.099 seconds
[2025-08-19T08:55:22.015+0000] {processor.py:161} INFO - Started process (PID=751) to work on /home/airflow/.local/lib/python3.12/site-packages/airflow/example_dags/example_task_group.py
[2025-08-19T08:55:22.017+0000] {processor.py:830} INFO - Processing file /home/airflow/.local/lib/python3.12/site-packages/airflow/example_dags/example_task_group.py for tasks to queue
[2025-08-19T08:55:22.020+0000] {logging_mixin.py:188} INFO - [2025-08-19T08:55:22.020+0000] {dagbag.py:540} INFO - Filling up the DagBag from /home/airflow/.local/lib/python3.12/site-packages/airflow/example_dags/example_task_group.py
[2025-08-19T08:55:22.029+0000] {processor.py:840} INFO - DAG(s) 'example_task_group' retrieved from /home/airflow/.local/lib/python3.12/site-packages/airflow/example_dags/example_task_group.py
[2025-08-19T08:55:22.057+0000] {logging_mixin.py:188} INFO - [2025-08-19T08:55:22.056+0000] {dag.py:3096} INFO - Sync 1 DAGs
[2025-08-19T08:55:22.083+0000] {logging_mixin.py:188} INFO - [2025-08-19T08:55:22.083+0000] {dag.py:3954} INFO - Setting next_dagrun for example_task_group to 2025-08-18 00:00:00+00:00, run_after=2025-08-19 00:00:00+00:00
[2025-08-19T08:55:22.103+0000] {processor.py:183} INFO - Processing /home/airflow/.local/lib/python3.12/site-packages/airflow/example_dags/example_task_group.py took 0.096 seconds
[2025-08-19T08:55:52.742+0000] {processor.py:161} INFO - Started process (PID=809) to work on /home/airflow/.local/lib/python3.12/site-packages/airflow/example_dags/example_task_group.py
[2025-08-19T08:55:52.743+0000] {processor.py:830} INFO - Processing file /home/airflow/.local/lib/python3.12/site-packages/airflow/example_dags/example_task_group.py for tasks to queue
[2025-08-19T08:55:52.745+0000] {logging_mixin.py:188} INFO - [2025-08-19T08:55:52.745+0000] {dagbag.py:540} INFO - Filling up the DagBag from /home/airflow/.local/lib/python3.12/site-packages/airflow/example_dags/example_task_group.py
[2025-08-19T08:55:52.754+0000] {processor.py:840} INFO - DAG(s) 'example_task_group' retrieved from /home/airflow/.local/lib/python3.12/site-packages/airflow/example_dags/example_task_group.py
[2025-08-19T08:55:52.781+0000] {logging_mixin.py:188} INFO - [2025-08-19T08:55:52.780+0000] {dag.py:3096} INFO - Sync 1 DAGs
[2025-08-19T08:55:52.806+0000] {logging_mixin.py:188} INFO - [2025-08-19T08:55:52.806+0000] {dag.py:3954} INFO - Setting next_dagrun for example_task_group to 2025-08-18 00:00:00+00:00, run_after=2025-08-19 00:00:00+00:00
[2025-08-19T08:55:52.826+0000] {processor.py:183} INFO - Processing /home/airflow/.local/lib/python3.12/site-packages/airflow/example_dags/example_task_group.py took 0.092 seconds
[2025-08-19T08:56:23.333+0000] {processor.py:161} INFO - Started process (PID=867) to work on /home/airflow/.local/lib/python3.12/site-packages/airflow/example_dags/example_task_group.py
[2025-08-19T08:56:23.334+0000] {processor.py:830} INFO - Processing file /home/airflow/.local/lib/python3.12/site-packages/airflow/example_dags/example_task_group.py for tasks to queue
[2025-08-19T08:56:23.336+0000] {logging_mixin.py:188} INFO - [2025-08-19T08:56:23.336+0000] {dagbag.py:540} INFO - Filling up the DagBag from /home/airflow/.local/lib/python3.12/site-packages/airflow/example_dags/example_task_group.py
[2025-08-19T08:56:23.345+0000] {processor.py:840} INFO - DAG(s) 'example_task_group' retrieved from /home/airflow/.local/lib/python3.12/site-packages/airflow/example_dags/example_task_group.py
[2025-08-19T08:56:23.373+0000] {logging_mixin.py:188} INFO - [2025-08-19T08:56:23.373+0000] {dag.py:3096} INFO - Sync 1 DAGs
[2025-08-19T08:56:23.400+0000] {logging_mixin.py:188} INFO - [2025-08-19T08:56:23.399+0000] {dag.py:3954} INFO - Setting next_dagrun for example_task_group to 2025-08-18 00:00:00+00:00, run_after=2025-08-19 00:00:00+00:00
[2025-08-19T08:56:23.420+0000] {processor.py:183} INFO - Processing /home/airflow/.local/lib/python3.12/site-packages/airflow/example_dags/example_task_group.py took 0.095 seconds
[2025-08-19T08:56:54.006+0000] {processor.py:161} INFO - Started process (PID=925) to work on /home/airflow/.local/lib/python3.12/site-packages/airflow/example_dags/example_task_group.py
[2025-08-19T08:56:54.008+0000] {processor.py:830} INFO - Processing file /home/airflow/.local/lib/python3.12/site-packages/airflow/example_dags/example_task_group.py for tasks to queue
[2025-08-19T08:56:54.010+0000] {logging_mixin.py:188} INFO - [2025-08-19T08:56:54.010+0000] {dagbag.py:540} INFO - Filling up the DagBag from /home/airflow/.local/lib/python3.12/site-packages/airflow/example_dags/example_task_group.py
[2025-08-19T08:56:54.019+0000] {processor.py:840} INFO - DAG(s) 'example_task_group' retrieved from /home/airflow/.local/lib/python3.12/site-packages/airflow/example_dags/example_task_group.py
[2025-08-19T08:56:54.046+0000] {logging_mixin.py:188} INFO - [2025-08-19T08:56:54.045+0000] {dag.py:3096} INFO - Sync 1 DAGs
[2025-08-19T08:56:54.071+0000] {logging_mixin.py:188} INFO - [2025-08-19T08:56:54.070+0000] {dag.py:3954} INFO - Setting next_dagrun for example_task_group to 2025-08-18 00:00:00+00:00, run_after=2025-08-19 00:00:00+00:00
[2025-08-19T08:56:54.090+0000] {processor.py:183} INFO - Processing /home/airflow/.local/lib/python3.12/site-packages/airflow/example_dags/example_task_group.py took 0.092 seconds
[2025-08-19T08:57:24.890+0000] {processor.py:161} INFO - Started process (PID=984) to work on /home/airflow/.local/lib/python3.12/site-packages/airflow/example_dags/example_task_group.py
[2025-08-19T08:57:24.892+0000] {processor.py:830} INFO - Processing file /home/airflow/.local/lib/python3.12/site-packages/airflow/example_dags/example_task_group.py for tasks to queue
[2025-08-19T08:57:24.894+0000] {logging_mixin.py:188} INFO - [2025-08-19T08:57:24.894+0000] {dagbag.py:540} INFO - Filling up the DagBag from /home/airflow/.local/lib/python3.12/site-packages/airflow/example_dags/example_task_group.py
[2025-08-19T08:57:24.904+0000] {processor.py:840} INFO - DAG(s) 'example_task_group' retrieved from /home/airflow/.local/lib/python3.12/site-packages/airflow/example_dags/example_task_group.py
[2025-08-19T08:57:24.931+0000] {logging_mixin.py:188} INFO - [2025-08-19T08:57:24.931+0000] {dag.py:3096} INFO - Sync 1 DAGs
[2025-08-19T08:57:24.956+0000] {logging_mixin.py:188} INFO - [2025-08-19T08:57:24.955+0000] {dag.py:3954} INFO - Setting next_dagrun for example_task_group to 2025-08-18 00:00:00+00:00, run_after=2025-08-19 00:00:00+00:00
[2025-08-19T08:57:24.976+0000] {processor.py:183} INFO - Processing /home/airflow/.local/lib/python3.12/site-packages/airflow/example_dags/example_task_group.py took 0.093 seconds
[2025-08-19T08:57:56.704+0000] {processor.py:161} INFO - Started process (PID=1042) to work on /home/airflow/.local/lib/python3.12/site-packages/airflow/example_dags/example_task_group.py
[2025-08-19T08:57:56.705+0000] {processor.py:830} INFO - Processing file /home/airflow/.local/lib/python3.12/site-packages/airflow/example_dags/example_task_group.py for tasks to queue
[2025-08-19T08:57:56.707+0000] {logging_mixin.py:188} INFO - [2025-08-19T08:57:56.707+0000] {dagbag.py:540} INFO - Filling up the DagBag from /home/airflow/.local/lib/python3.12/site-packages/airflow/example_dags/example_task_group.py
[2025-08-19T08:57:56.717+0000] {processor.py:840} INFO - DAG(s) 'example_task_group' retrieved from /home/airflow/.local/lib/python3.12/site-packages/airflow/example_dags/example_task_group.py
[2025-08-19T08:57:56.909+0000] {logging_mixin.py:188} INFO - [2025-08-19T08:57:56.908+0000] {dag.py:3096} INFO - Sync 1 DAGs
[2025-08-19T08:57:56.936+0000] {logging_mixin.py:188} INFO - [2025-08-19T08:57:56.936+0000] {dag.py:3954} INFO - Setting next_dagrun for example_task_group to 2025-08-18 00:00:00+00:00, run_after=2025-08-19 00:00:00+00:00
[2025-08-19T08:57:56.959+0000] {processor.py:183} INFO - Processing /home/airflow/.local/lib/python3.12/site-packages/airflow/example_dags/example_task_group.py took 0.263 seconds
[2025-08-19T08:58:27.522+0000] {processor.py:161} INFO - Started process (PID=1100) to work on /home/airflow/.local/lib/python3.12/site-packages/airflow/example_dags/example_task_group.py
[2025-08-19T08:58:27.524+0000] {processor.py:830} INFO - Processing file /home/airflow/.local/lib/python3.12/site-packages/airflow/example_dags/example_task_group.py for tasks to queue
[2025-08-19T08:58:27.526+0000] {logging_mixin.py:188} INFO - [2025-08-19T08:58:27.526+0000] {dagbag.py:540} INFO - Filling up the DagBag from /home/airflow/.local/lib/python3.12/site-packages/airflow/example_dags/example_task_group.py
[2025-08-19T08:58:27.535+0000] {processor.py:840} INFO - DAG(s) 'example_task_group' retrieved from /home/airflow/.local/lib/python3.12/site-packages/airflow/example_dags/example_task_group.py
[2025-08-19T08:58:27.562+0000] {logging_mixin.py:188} INFO - [2025-08-19T08:58:27.562+0000] {dag.py:3096} INFO - Sync 1 DAGs
[2025-08-19T08:58:27.588+0000] {logging_mixin.py:188} INFO - [2025-08-19T08:58:27.588+0000] {dag.py:3954} INFO - Setting next_dagrun for example_task_group to 2025-08-18 00:00:00+00:00, run_after=2025-08-19 00:00:00+00:00
[2025-08-19T08:58:27.611+0000] {processor.py:183} INFO - Processing /home/airflow/.local/lib/python3.12/site-packages/airflow/example_dags/example_task_group.py took 0.097 seconds
[2025-08-19T08:58:57.898+0000] {processor.py:161} INFO - Started process (PID=1158) to work on /home/airflow/.local/lib/python3.12/site-packages/airflow/example_dags/example_task_group.py
[2025-08-19T08:58:57.899+0000] {processor.py:830} INFO - Processing file /home/airflow/.local/lib/python3.12/site-packages/airflow/example_dags/example_task_group.py for tasks to queue
[2025-08-19T08:58:57.901+0000] {logging_mixin.py:188} INFO - [2025-08-19T08:58:57.901+0000] {dagbag.py:540} INFO - Filling up the DagBag from /home/airflow/.local/lib/python3.12/site-packages/airflow/example_dags/example_task_group.py
[2025-08-19T08:58:57.911+0000] {processor.py:840} INFO - DAG(s) 'example_task_group' retrieved from /home/airflow/.local/lib/python3.12/site-packages/airflow/example_dags/example_task_group.py
[2025-08-19T08:58:57.939+0000] {logging_mixin.py:188} INFO - [2025-08-19T08:58:57.939+0000] {dag.py:3096} INFO - Sync 1 DAGs
[2025-08-19T08:58:57.963+0000] {logging_mixin.py:188} INFO - [2025-08-19T08:58:57.963+0000] {dag.py:3954} INFO - Setting next_dagrun for example_task_group to 2025-08-18 00:00:00+00:00, run_after=2025-08-19 00:00:00+00:00
[2025-08-19T08:58:57.982+0000] {processor.py:183} INFO - Processing /home/airflow/.local/lib/python3.12/site-packages/airflow/example_dags/example_task_group.py took 0.092 seconds
[2025-08-19T08:59:28.376+0000] {processor.py:161} INFO - Started process (PID=1216) to work on /home/airflow/.local/lib/python3.12/site-packages/airflow/example_dags/example_task_group.py
[2025-08-19T08:59:28.378+0000] {processor.py:830} INFO - Processing file /home/airflow/.local/lib/python3.12/site-packages/airflow/example_dags/example_task_group.py for tasks to queue
[2025-08-19T08:59:28.380+0000] {logging_mixin.py:188} INFO - [2025-08-19T08:59:28.380+0000] {dagbag.py:540} INFO - Filling up the DagBag from /home/airflow/.local/lib/python3.12/site-packages/airflow/example_dags/example_task_group.py
[2025-08-19T08:59:28.389+0000] {processor.py:840} INFO - DAG(s) 'example_task_group' retrieved from /home/airflow/.local/lib/python3.12/site-packages/airflow/example_dags/example_task_group.py
[2025-08-19T08:59:28.414+0000] {logging_mixin.py:188} INFO - [2025-08-19T08:59:28.414+0000] {dag.py:3096} INFO - Sync 1 DAGs
[2025-08-19T08:59:28.439+0000] {logging_mixin.py:188} INFO - [2025-08-19T08:59:28.439+0000] {dag.py:3954} INFO - Setting next_dagrun for example_task_group to 2025-08-18 00:00:00+00:00, run_after=2025-08-19 00:00:00+00:00
[2025-08-19T08:59:28.459+0000] {processor.py:183} INFO - Processing /home/airflow/.local/lib/python3.12/site-packages/airflow/example_dags/example_task_group.py took 0.091 seconds
[2025-08-19T08:59:58.678+0000] {processor.py:161} INFO - Started process (PID=1274) to work on /home/airflow/.local/lib/python3.12/site-packages/airflow/example_dags/example_task_group.py
[2025-08-19T08:59:58.679+0000] {processor.py:830} INFO - Processing file /home/airflow/.local/lib/python3.12/site-packages/airflow/example_dags/example_task_group.py for tasks to queue
[2025-08-19T08:59:58.681+0000] {logging_mixin.py:188} INFO - [2025-08-19T08:59:58.681+0000] {dagbag.py:540} INFO - Filling up the DagBag from /home/airflow/.local/lib/python3.12/site-packages/airflow/example_dags/example_task_group.py
[2025-08-19T08:59:58.690+0000] {processor.py:840} INFO - DAG(s) 'example_task_group' retrieved from /home/airflow/.local/lib/python3.12/site-packages/airflow/example_dags/example_task_group.py
[2025-08-19T08:59:58.716+0000] {logging_mixin.py:188} INFO - [2025-08-19T08:59:58.716+0000] {dag.py:3096} INFO - Sync 1 DAGs
[2025-08-19T08:59:58.740+0000] {logging_mixin.py:188} INFO - [2025-08-19T08:59:58.740+0000] {dag.py:3954} INFO - Setting next_dagrun for example_task_group to 2025-08-18 00:00:00+00:00, run_after=2025-08-19 00:00:00+00:00
[2025-08-19T08:59:58.760+0000] {processor.py:183} INFO - Processing /home/airflow/.local/lib/python3.12/site-packages/airflow/example_dags/example_task_group.py took 0.090 seconds
[2025-08-19T09:00:29.051+0000] {processor.py:161} INFO - Started process (PID=1332) to work on /home/airflow/.local/lib/python3.12/site-packages/airflow/example_dags/example_task_group.py
[2025-08-19T09:00:29.053+0000] {processor.py:830} INFO - Processing file /home/airflow/.local/lib/python3.12/site-packages/airflow/example_dags/example_task_group.py for tasks to queue
[2025-08-19T09:00:29.055+0000] {logging_mixin.py:188} INFO - [2025-08-19T09:00:29.055+0000] {dagbag.py:540} INFO - Filling up the DagBag from /home/airflow/.local/lib/python3.12/site-packages/airflow/example_dags/example_task_group.py
[2025-08-19T09:00:29.064+0000] {processor.py:840} INFO - DAG(s) 'example_task_group' retrieved from /home/airflow/.local/lib/python3.12/site-packages/airflow/example_dags/example_task_group.py
[2025-08-19T09:00:29.091+0000] {logging_mixin.py:188} INFO - [2025-08-19T09:00:29.091+0000] {dag.py:3096} INFO - Sync 1 DAGs
[2025-08-19T09:00:29.117+0000] {logging_mixin.py:188} INFO - [2025-08-19T09:00:29.117+0000] {dag.py:3954} INFO - Setting next_dagrun for example_task_group to 2025-08-18 00:00:00+00:00, run_after=2025-08-19 00:00:00+00:00
[2025-08-19T09:00:29.137+0000] {processor.py:183} INFO - Processing /home/airflow/.local/lib/python3.12/site-packages/airflow/example_dags/example_task_group.py took 0.093 seconds
[2025-08-19T09:00:59.251+0000] {processor.py:161} INFO - Started process (PID=1390) to work on /home/airflow/.local/lib/python3.12/site-packages/airflow/example_dags/example_task_group.py
[2025-08-19T09:00:59.252+0000] {processor.py:830} INFO - Processing file /home/airflow/.local/lib/python3.12/site-packages/airflow/example_dags/example_task_group.py for tasks to queue
[2025-08-19T09:00:59.254+0000] {logging_mixin.py:188} INFO - [2025-08-19T09:00:59.254+0000] {dagbag.py:540} INFO - Filling up the DagBag from /home/airflow/.local/lib/python3.12/site-packages/airflow/example_dags/example_task_group.py
[2025-08-19T09:00:59.263+0000] {processor.py:840} INFO - DAG(s) 'example_task_group' retrieved from /home/airflow/.local/lib/python3.12/site-packages/airflow/example_dags/example_task_group.py
[2025-08-19T09:00:59.288+0000] {logging_mixin.py:188} INFO - [2025-08-19T09:00:59.287+0000] {dag.py:3096} INFO - Sync 1 DAGs
[2025-08-19T09:00:59.311+0000] {logging_mixin.py:188} INFO - [2025-08-19T09:00:59.311+0000] {dag.py:3954} INFO - Setting next_dagrun for example_task_group to 2025-08-18 00:00:00+00:00, run_after=2025-08-19 00:00:00+00:00
[2025-08-19T09:00:59.334+0000] {processor.py:183} INFO - Processing /home/airflow/.local/lib/python3.12/site-packages/airflow/example_dags/example_task_group.py took 0.090 seconds
[2025-08-19T09:01:29.529+0000] {processor.py:161} INFO - Started process (PID=1448) to work on /home/airflow/.local/lib/python3.12/site-packages/airflow/example_dags/example_task_group.py
[2025-08-19T09:01:29.530+0000] {processor.py:830} INFO - Processing file /home/airflow/.local/lib/python3.12/site-packages/airflow/example_dags/example_task_group.py for tasks to queue
[2025-08-19T09:01:29.532+0000] {logging_mixin.py:188} INFO - [2025-08-19T09:01:29.532+0000] {dagbag.py:540} INFO - Filling up the DagBag from /home/airflow/.local/lib/python3.12/site-packages/airflow/example_dags/example_task_group.py
[2025-08-19T09:01:29.541+0000] {processor.py:840} INFO - DAG(s) 'example_task_group' retrieved from /home/airflow/.local/lib/python3.12/site-packages/airflow/example_dags/example_task_group.py
[2025-08-19T09:01:29.567+0000] {logging_mixin.py:188} INFO - [2025-08-19T09:01:29.567+0000] {dag.py:3096} INFO - Sync 1 DAGs
[2025-08-19T09:01:29.592+0000] {logging_mixin.py:188} INFO - [2025-08-19T09:01:29.592+0000] {dag.py:3954} INFO - Setting next_dagrun for example_task_group to 2025-08-18 00:00:00+00:00, run_after=2025-08-19 00:00:00+00:00
[2025-08-19T09:01:29.612+0000] {processor.py:183} INFO - Processing /home/airflow/.local/lib/python3.12/site-packages/airflow/example_dags/example_task_group.py took 0.091 seconds
[2025-08-19T09:02:00.000+0000] {processor.py:161} INFO - Started process (PID=1506) to work on /home/airflow/.local/lib/python3.12/site-packages/airflow/example_dags/example_task_group.py
[2025-08-19T09:02:00.001+0000] {processor.py:830} INFO - Processing file /home/airflow/.local/lib/python3.12/site-packages/airflow/example_dags/example_task_group.py for tasks to queue
[2025-08-19T09:02:00.004+0000] {logging_mixin.py:188} INFO - [2025-08-19T09:02:00.003+0000] {dagbag.py:540} INFO - Filling up the DagBag from /home/airflow/.local/lib/python3.12/site-packages/airflow/example_dags/example_task_group.py
[2025-08-19T09:02:00.013+0000] {processor.py:840} INFO - DAG(s) 'example_task_group' retrieved from /home/airflow/.local/lib/python3.12/site-packages/airflow/example_dags/example_task_group.py
[2025-08-19T09:02:00.041+0000] {logging_mixin.py:188} INFO - [2025-08-19T09:02:00.041+0000] {dag.py:3096} INFO - Sync 1 DAGs
[2025-08-19T09:02:00.066+0000] {logging_mixin.py:188} INFO - [2025-08-19T09:02:00.065+0000] {dag.py:3954} INFO - Setting next_dagrun for example_task_group to 2025-08-18 00:00:00+00:00, run_after=2025-08-19 00:00:00+00:00
[2025-08-19T09:02:00.086+0000] {processor.py:183} INFO - Processing /home/airflow/.local/lib/python3.12/site-packages/airflow/example_dags/example_task_group.py took 0.094 seconds
[2025-08-19T09:02:30.301+0000] {processor.py:161} INFO - Started process (PID=1564) to work on /home/airflow/.local/lib/python3.12/site-packages/airflow/example_dags/example_task_group.py
[2025-08-19T09:02:30.302+0000] {processor.py:830} INFO - Processing file /home/airflow/.local/lib/python3.12/site-packages/airflow/example_dags/example_task_group.py for tasks to queue
[2025-08-19T09:02:30.305+0000] {logging_mixin.py:188} INFO - [2025-08-19T09:02:30.304+0000] {dagbag.py:540} INFO - Filling up the DagBag from /home/airflow/.local/lib/python3.12/site-packages/airflow/example_dags/example_task_group.py
[2025-08-19T09:02:30.313+0000] {processor.py:840} INFO - DAG(s) 'example_task_group' retrieved from /home/airflow/.local/lib/python3.12/site-packages/airflow/example_dags/example_task_group.py
[2025-08-19T09:02:30.338+0000] {logging_mixin.py:188} INFO - [2025-08-19T09:02:30.338+0000] {dag.py:3096} INFO - Sync 1 DAGs
[2025-08-19T09:02:30.363+0000] {logging_mixin.py:188} INFO - [2025-08-19T09:02:30.363+0000] {dag.py:3954} INFO - Setting next_dagrun for example_task_group to 2025-08-18 00:00:00+00:00, run_after=2025-08-19 00:00:00+00:00
[2025-08-19T09:02:30.382+0000] {processor.py:183} INFO - Processing /home/airflow/.local/lib/python3.12/site-packages/airflow/example_dags/example_task_group.py took 0.088 seconds
[2025-08-19T09:03:00.548+0000] {processor.py:161} INFO - Started process (PID=1622) to work on /home/airflow/.local/lib/python3.12/site-packages/airflow/example_dags/example_task_group.py
[2025-08-19T09:03:00.549+0000] {processor.py:830} INFO - Processing file /home/airflow/.local/lib/python3.12/site-packages/airflow/example_dags/example_task_group.py for tasks to queue
[2025-08-19T09:03:00.551+0000] {logging_mixin.py:188} INFO - [2025-08-19T09:03:00.551+0000] {dagbag.py:540} INFO - Filling up the DagBag from /home/airflow/.local/lib/python3.12/site-packages/airflow/example_dags/example_task_group.py
[2025-08-19T09:03:00.561+0000] {processor.py:840} INFO - DAG(s) 'example_task_group' retrieved from /home/airflow/.local/lib/python3.12/site-packages/airflow/example_dags/example_task_group.py
[2025-08-19T09:03:00.590+0000] {logging_mixin.py:188} INFO - [2025-08-19T09:03:00.590+0000] {dag.py:3096} INFO - Sync 1 DAGs
[2025-08-19T09:03:00.617+0000] {logging_mixin.py:188} INFO - [2025-08-19T09:03:00.616+0000] {dag.py:3954} INFO - Setting next_dagrun for example_task_group to 2025-08-18 00:00:00+00:00, run_after=2025-08-19 00:00:00+00:00
[2025-08-19T09:03:00.642+0000] {processor.py:183} INFO - Processing /home/airflow/.local/lib/python3.12/site-packages/airflow/example_dags/example_task_group.py took 0.103 seconds
[2025-08-19T09:03:30.772+0000] {processor.py:161} INFO - Started process (PID=1680) to work on /home/airflow/.local/lib/python3.12/site-packages/airflow/example_dags/example_task_group.py
[2025-08-19T09:03:30.773+0000] {processor.py:830} INFO - Processing file /home/airflow/.local/lib/python3.12/site-packages/airflow/example_dags/example_task_group.py for tasks to queue
[2025-08-19T09:03:30.776+0000] {logging_mixin.py:188} INFO - [2025-08-19T09:03:30.776+0000] {dagbag.py:540} INFO - Filling up the DagBag from /home/airflow/.local/lib/python3.12/site-packages/airflow/example_dags/example_task_group.py
[2025-08-19T09:03:30.786+0000] {processor.py:840} INFO - DAG(s) 'example_task_group' retrieved from /home/airflow/.local/lib/python3.12/site-packages/airflow/example_dags/example_task_group.py
[2025-08-19T09:03:30.813+0000] {logging_mixin.py:188} INFO - [2025-08-19T09:03:30.813+0000] {dag.py:3096} INFO - Sync 1 DAGs
[2025-08-19T09:03:30.837+0000] {logging_mixin.py:188} INFO - [2025-08-19T09:03:30.837+0000] {dag.py:3954} INFO - Setting next_dagrun for example_task_group to 2025-08-18 00:00:00+00:00, run_after=2025-08-19 00:00:00+00:00
[2025-08-19T09:03:30.857+0000] {processor.py:183} INFO - Processing /home/airflow/.local/lib/python3.12/site-packages/airflow/example_dags/example_task_group.py took 0.094 seconds
[2025-08-19T09:04:01.041+0000] {processor.py:161} INFO - Started process (PID=1738) to work on /home/airflow/.local/lib/python3.12/site-packages/airflow/example_dags/example_task_group.py
[2025-08-19T09:04:01.042+0000] {processor.py:830} INFO - Processing file /home/airflow/.local/lib/python3.12/site-packages/airflow/example_dags/example_task_group.py for tasks to queue
[2025-08-19T09:04:01.044+0000] {logging_mixin.py:188} INFO - [2025-08-19T09:04:01.044+0000] {dagbag.py:540} INFO - Filling up the DagBag from /home/airflow/.local/lib/python3.12/site-packages/airflow/example_dags/example_task_group.py
[2025-08-19T09:04:01.054+0000] {processor.py:840} INFO - DAG(s) 'example_task_group' retrieved from /home/airflow/.local/lib/python3.12/site-packages/airflow/example_dags/example_task_group.py
[2025-08-19T09:04:01.080+0000] {logging_mixin.py:188} INFO - [2025-08-19T09:04:01.080+0000] {dag.py:3096} INFO - Sync 1 DAGs
[2025-08-19T09:04:01.104+0000] {logging_mixin.py:188} INFO - [2025-08-19T09:04:01.104+0000] {dag.py:3954} INFO - Setting next_dagrun for example_task_group to 2025-08-18 00:00:00+00:00, run_after=2025-08-19 00:00:00+00:00
[2025-08-19T09:04:01.125+0000] {processor.py:183} INFO - Processing /home/airflow/.local/lib/python3.12/site-packages/airflow/example_dags/example_task_group.py took 0.092 seconds
[2025-08-19T09:04:31.435+0000] {processor.py:161} INFO - Started process (PID=1796) to work on /home/airflow/.local/lib/python3.12/site-packages/airflow/example_dags/example_task_group.py
[2025-08-19T09:04:31.436+0000] {processor.py:830} INFO - Processing file /home/airflow/.local/lib/python3.12/site-packages/airflow/example_dags/example_task_group.py for tasks to queue
[2025-08-19T09:04:31.438+0000] {logging_mixin.py:188} INFO - [2025-08-19T09:04:31.438+0000] {dagbag.py:540} INFO - Filling up the DagBag from /home/airflow/.local/lib/python3.12/site-packages/airflow/example_dags/example_task_group.py
[2025-08-19T09:04:31.447+0000] {processor.py:840} INFO - DAG(s) 'example_task_group' retrieved from /home/airflow/.local/lib/python3.12/site-packages/airflow/example_dags/example_task_group.py
[2025-08-19T09:04:31.473+0000] {logging_mixin.py:188} INFO - [2025-08-19T09:04:31.473+0000] {dag.py:3096} INFO - Sync 1 DAGs
[2025-08-19T09:04:31.498+0000] {logging_mixin.py:188} INFO - [2025-08-19T09:04:31.497+0000] {dag.py:3954} INFO - Setting next_dagrun for example_task_group to 2025-08-18 00:00:00+00:00, run_after=2025-08-19 00:00:00+00:00
[2025-08-19T09:04:31.516+0000] {processor.py:183} INFO - Processing /home/airflow/.local/lib/python3.12/site-packages/airflow/example_dags/example_task_group.py took 0.090 seconds
[2025-08-19T09:05:01.741+0000] {processor.py:161} INFO - Started process (PID=1855) to work on /home/airflow/.local/lib/python3.12/site-packages/airflow/example_dags/example_task_group.py
[2025-08-19T09:05:01.743+0000] {processor.py:830} INFO - Processing file /home/airflow/.local/lib/python3.12/site-packages/airflow/example_dags/example_task_group.py for tasks to queue
[2025-08-19T09:05:01.745+0000] {logging_mixin.py:188} INFO - [2025-08-19T09:05:01.745+0000] {dagbag.py:540} INFO - Filling up the DagBag from /home/airflow/.local/lib/python3.12/site-packages/airflow/example_dags/example_task_group.py
[2025-08-19T09:05:01.755+0000] {processor.py:840} INFO - DAG(s) 'example_task_group' retrieved from /home/airflow/.local/lib/python3.12/site-packages/airflow/example_dags/example_task_group.py
[2025-08-19T09:05:01.780+0000] {logging_mixin.py:188} INFO - [2025-08-19T09:05:01.780+0000] {dag.py:3096} INFO - Sync 1 DAGs
[2025-08-19T09:05:01.803+0000] {logging_mixin.py:188} INFO - [2025-08-19T09:05:01.803+0000] {dag.py:3954} INFO - Setting next_dagrun for example_task_group to 2025-08-18 00:00:00+00:00, run_after=2025-08-19 00:00:00+00:00
[2025-08-19T09:05:01.822+0000] {processor.py:183} INFO - Processing /home/airflow/.local/lib/python3.12/site-packages/airflow/example_dags/example_task_group.py took 0.089 seconds
[2025-08-19T09:05:31.950+0000] {processor.py:161} INFO - Started process (PID=1914) to work on /home/airflow/.local/lib/python3.12/site-packages/airflow/example_dags/example_task_group.py
[2025-08-19T09:05:31.951+0000] {processor.py:830} INFO - Processing file /home/airflow/.local/lib/python3.12/site-packages/airflow/example_dags/example_task_group.py for tasks to queue
[2025-08-19T09:05:31.953+0000] {logging_mixin.py:188} INFO - [2025-08-19T09:05:31.953+0000] {dagbag.py:540} INFO - Filling up the DagBag from /home/airflow/.local/lib/python3.12/site-packages/airflow/example_dags/example_task_group.py
[2025-08-19T09:05:31.962+0000] {processor.py:840} INFO - DAG(s) 'example_task_group' retrieved from /home/airflow/.local/lib/python3.12/site-packages/airflow/example_dags/example_task_group.py
[2025-08-19T09:05:31.990+0000] {logging_mixin.py:188} INFO - [2025-08-19T09:05:31.989+0000] {dag.py:3096} INFO - Sync 1 DAGs
[2025-08-19T09:05:32.015+0000] {logging_mixin.py:188} INFO - [2025-08-19T09:05:32.014+0000] {dag.py:3954} INFO - Setting next_dagrun for example_task_group to 2025-08-18 00:00:00+00:00, run_after=2025-08-19 00:00:00+00:00
[2025-08-19T09:05:32.035+0000] {processor.py:183} INFO - Processing /home/airflow/.local/lib/python3.12/site-packages/airflow/example_dags/example_task_group.py took 0.093 seconds
[2025-08-19T09:06:02.294+0000] {processor.py:161} INFO - Started process (PID=1972) to work on /home/airflow/.local/lib/python3.12/site-packages/airflow/example_dags/example_task_group.py
[2025-08-19T09:06:02.295+0000] {processor.py:830} INFO - Processing file /home/airflow/.local/lib/python3.12/site-packages/airflow/example_dags/example_task_group.py for tasks to queue
[2025-08-19T09:06:02.298+0000] {logging_mixin.py:188} INFO - [2025-08-19T09:06:02.297+0000] {dagbag.py:540} INFO - Filling up the DagBag from /home/airflow/.local/lib/python3.12/site-packages/airflow/example_dags/example_task_group.py
[2025-08-19T09:06:02.307+0000] {processor.py:840} INFO - DAG(s) 'example_task_group' retrieved from /home/airflow/.local/lib/python3.12/site-packages/airflow/example_dags/example_task_group.py
[2025-08-19T09:06:02.333+0000] {logging_mixin.py:188} INFO - [2025-08-19T09:06:02.333+0000] {dag.py:3096} INFO - Sync 1 DAGs
[2025-08-19T09:06:02.357+0000] {logging_mixin.py:188} INFO - [2025-08-19T09:06:02.357+0000] {dag.py:3954} INFO - Setting next_dagrun for example_task_group to 2025-08-18 00:00:00+00:00, run_after=2025-08-19 00:00:00+00:00
[2025-08-19T09:06:02.377+0000] {processor.py:183} INFO - Processing /home/airflow/.local/lib/python3.12/site-packages/airflow/example_dags/example_task_group.py took 0.091 seconds
[2025-08-19T09:06:32.663+0000] {processor.py:161} INFO - Started process (PID=2030) to work on /home/airflow/.local/lib/python3.12/site-packages/airflow/example_dags/example_task_group.py
[2025-08-19T09:06:32.664+0000] {processor.py:830} INFO - Processing file /home/airflow/.local/lib/python3.12/site-packages/airflow/example_dags/example_task_group.py for tasks to queue
[2025-08-19T09:06:32.667+0000] {logging_mixin.py:188} INFO - [2025-08-19T09:06:32.666+0000] {dagbag.py:540} INFO - Filling up the DagBag from /home/airflow/.local/lib/python3.12/site-packages/airflow/example_dags/example_task_group.py
[2025-08-19T09:06:32.677+0000] {processor.py:840} INFO - DAG(s) 'example_task_group' retrieved from /home/airflow/.local/lib/python3.12/site-packages/airflow/example_dags/example_task_group.py
[2025-08-19T09:06:32.707+0000] {logging_mixin.py:188} INFO - [2025-08-19T09:06:32.706+0000] {dag.py:3096} INFO - Sync 1 DAGs
[2025-08-19T09:06:32.734+0000] {logging_mixin.py:188} INFO - [2025-08-19T09:06:32.734+0000] {dag.py:3954} INFO - Setting next_dagrun for example_task_group to 2025-08-18 00:00:00+00:00, run_after=2025-08-19 00:00:00+00:00
[2025-08-19T09:06:32.757+0000] {processor.py:183} INFO - Processing /home/airflow/.local/lib/python3.12/site-packages/airflow/example_dags/example_task_group.py took 0.102 seconds
[2025-08-19T09:07:02.834+0000] {processor.py:161} INFO - Started process (PID=2088) to work on /home/airflow/.local/lib/python3.12/site-packages/airflow/example_dags/example_task_group.py
[2025-08-19T09:07:02.835+0000] {processor.py:830} INFO - Processing file /home/airflow/.local/lib/python3.12/site-packages/airflow/example_dags/example_task_group.py for tasks to queue
[2025-08-19T09:07:02.838+0000] {logging_mixin.py:188} INFO - [2025-08-19T09:07:02.837+0000] {dagbag.py:540} INFO - Filling up the DagBag from /home/airflow/.local/lib/python3.12/site-packages/airflow/example_dags/example_task_group.py
[2025-08-19T09:07:02.847+0000] {processor.py:840} INFO - DAG(s) 'example_task_group' retrieved from /home/airflow/.local/lib/python3.12/site-packages/airflow/example_dags/example_task_group.py
[2025-08-19T09:07:02.876+0000] {logging_mixin.py:188} INFO - [2025-08-19T09:07:02.875+0000] {dag.py:3096} INFO - Sync 1 DAGs
[2025-08-19T09:07:02.901+0000] {logging_mixin.py:188} INFO - [2025-08-19T09:07:02.901+0000] {dag.py:3954} INFO - Setting next_dagrun for example_task_group to 2025-08-18 00:00:00+00:00, run_after=2025-08-19 00:00:00+00:00
[2025-08-19T09:07:02.924+0000] {processor.py:183} INFO - Processing /home/airflow/.local/lib/python3.12/site-packages/airflow/example_dags/example_task_group.py took 0.098 seconds
[2025-08-19T09:07:33.085+0000] {processor.py:161} INFO - Started process (PID=2146) to work on /home/airflow/.local/lib/python3.12/site-packages/airflow/example_dags/example_task_group.py
[2025-08-19T09:07:33.086+0000] {processor.py:830} INFO - Processing file /home/airflow/.local/lib/python3.12/site-packages/airflow/example_dags/example_task_group.py for tasks to queue
[2025-08-19T09:07:33.089+0000] {logging_mixin.py:188} INFO - [2025-08-19T09:07:33.089+0000] {dagbag.py:540} INFO - Filling up the DagBag from /home/airflow/.local/lib/python3.12/site-packages/airflow/example_dags/example_task_group.py
[2025-08-19T09:07:33.099+0000] {processor.py:840} INFO - DAG(s) 'example_task_group' retrieved from /home/airflow/.local/lib/python3.12/site-packages/airflow/example_dags/example_task_group.py
[2025-08-19T09:07:33.129+0000] {logging_mixin.py:188} INFO - [2025-08-19T09:07:33.128+0000] {dag.py:3096} INFO - Sync 1 DAGs
[2025-08-19T09:07:33.155+0000] {logging_mixin.py:188} INFO - [2025-08-19T09:07:33.154+0000] {dag.py:3954} INFO - Setting next_dagrun for example_task_group to 2025-08-18 00:00:00+00:00, run_after=2025-08-19 00:00:00+00:00
[2025-08-19T09:07:33.179+0000] {processor.py:183} INFO - Processing /home/airflow/.local/lib/python3.12/site-packages/airflow/example_dags/example_task_group.py took 0.102 seconds
[2025-08-19T09:08:03.391+0000] {processor.py:161} INFO - Started process (PID=2204) to work on /home/airflow/.local/lib/python3.12/site-packages/airflow/example_dags/example_task_group.py
[2025-08-19T09:08:03.393+0000] {processor.py:830} INFO - Processing file /home/airflow/.local/lib/python3.12/site-packages/airflow/example_dags/example_task_group.py for tasks to queue
[2025-08-19T09:08:03.395+0000] {logging_mixin.py:188} INFO - [2025-08-19T09:08:03.395+0000] {dagbag.py:540} INFO - Filling up the DagBag from /home/airflow/.local/lib/python3.12/site-packages/airflow/example_dags/example_task_group.py
[2025-08-19T09:08:03.404+0000] {processor.py:840} INFO - DAG(s) 'example_task_group' retrieved from /home/airflow/.local/lib/python3.12/site-packages/airflow/example_dags/example_task_group.py
[2025-08-19T09:08:03.429+0000] {logging_mixin.py:188} INFO - [2025-08-19T09:08:03.429+0000] {dag.py:3096} INFO - Sync 1 DAGs
[2025-08-19T09:08:03.452+0000] {logging_mixin.py:188} INFO - [2025-08-19T09:08:03.452+0000] {dag.py:3954} INFO - Setting next_dagrun for example_task_group to 2025-08-18 00:00:00+00:00, run_after=2025-08-19 00:00:00+00:00
[2025-08-19T09:08:03.472+0000] {processor.py:183} INFO - Processing /home/airflow/.local/lib/python3.12/site-packages/airflow/example_dags/example_task_group.py took 0.088 seconds
[2025-08-19T09:08:34.225+0000] {processor.py:161} INFO - Started process (PID=2262) to work on /home/airflow/.local/lib/python3.12/site-packages/airflow/example_dags/example_task_group.py
[2025-08-19T09:08:34.227+0000] {processor.py:830} INFO - Processing file /home/airflow/.local/lib/python3.12/site-packages/airflow/example_dags/example_task_group.py for tasks to queue
[2025-08-19T09:08:34.230+0000] {logging_mixin.py:188} INFO - [2025-08-19T09:08:34.229+0000] {dagbag.py:540} INFO - Filling up the DagBag from /home/airflow/.local/lib/python3.12/site-packages/airflow/example_dags/example_task_group.py
[2025-08-19T09:08:34.240+0000] {processor.py:840} INFO - DAG(s) 'example_task_group' retrieved from /home/airflow/.local/lib/python3.12/site-packages/airflow/example_dags/example_task_group.py
[2025-08-19T09:08:34.269+0000] {logging_mixin.py:188} INFO - [2025-08-19T09:08:34.269+0000] {dag.py:3096} INFO - Sync 1 DAGs
[2025-08-19T09:08:34.303+0000] {logging_mixin.py:188} INFO - [2025-08-19T09:08:34.303+0000] {dag.py:3954} INFO - Setting next_dagrun for example_task_group to 2025-08-18 00:00:00+00:00, run_after=2025-08-19 00:00:00+00:00
[2025-08-19T09:08:34.331+0000] {processor.py:183} INFO - Processing /home/airflow/.local/lib/python3.12/site-packages/airflow/example_dags/example_task_group.py took 0.115 seconds
[2025-08-19T09:09:04.710+0000] {processor.py:161} INFO - Started process (PID=2320) to work on /home/airflow/.local/lib/python3.12/site-packages/airflow/example_dags/example_task_group.py
[2025-08-19T09:09:04.711+0000] {processor.py:830} INFO - Processing file /home/airflow/.local/lib/python3.12/site-packages/airflow/example_dags/example_task_group.py for tasks to queue
[2025-08-19T09:09:04.713+0000] {logging_mixin.py:188} INFO - [2025-08-19T09:09:04.713+0000] {dagbag.py:540} INFO - Filling up the DagBag from /home/airflow/.local/lib/python3.12/site-packages/airflow/example_dags/example_task_group.py
[2025-08-19T09:09:04.722+0000] {processor.py:840} INFO - DAG(s) 'example_task_group' retrieved from /home/airflow/.local/lib/python3.12/site-packages/airflow/example_dags/example_task_group.py
[2025-08-19T09:09:04.748+0000] {logging_mixin.py:188} INFO - [2025-08-19T09:09:04.748+0000] {dag.py:3096} INFO - Sync 1 DAGs
[2025-08-19T09:09:04.772+0000] {logging_mixin.py:188} INFO - [2025-08-19T09:09:04.772+0000] {dag.py:3954} INFO - Setting next_dagrun for example_task_group to 2025-08-18 00:00:00+00:00, run_after=2025-08-19 00:00:00+00:00
[2025-08-19T09:09:04.792+0000] {processor.py:183} INFO - Processing /home/airflow/.local/lib/python3.12/site-packages/airflow/example_dags/example_task_group.py took 0.090 seconds
[2025-08-19T09:09:35.132+0000] {processor.py:161} INFO - Started process (PID=2378) to work on /home/airflow/.local/lib/python3.12/site-packages/airflow/example_dags/example_task_group.py
[2025-08-19T09:09:35.133+0000] {processor.py:830} INFO - Processing file /home/airflow/.local/lib/python3.12/site-packages/airflow/example_dags/example_task_group.py for tasks to queue
[2025-08-19T09:09:35.136+0000] {logging_mixin.py:188} INFO - [2025-08-19T09:09:35.135+0000] {dagbag.py:540} INFO - Filling up the DagBag from /home/airflow/.local/lib/python3.12/site-packages/airflow/example_dags/example_task_group.py
[2025-08-19T09:09:35.145+0000] {processor.py:840} INFO - DAG(s) 'example_task_group' retrieved from /home/airflow/.local/lib/python3.12/site-packages/airflow/example_dags/example_task_group.py
[2025-08-19T09:09:35.175+0000] {logging_mixin.py:188} INFO - [2025-08-19T09:09:35.175+0000] {dag.py:3096} INFO - Sync 1 DAGs
[2025-08-19T09:09:35.199+0000] {logging_mixin.py:188} INFO - [2025-08-19T09:09:35.198+0000] {dag.py:3954} INFO - Setting next_dagrun for example_task_group to 2025-08-18 00:00:00+00:00, run_after=2025-08-19 00:00:00+00:00
[2025-08-19T09:09:35.219+0000] {processor.py:183} INFO - Processing /home/airflow/.local/lib/python3.12/site-packages/airflow/example_dags/example_task_group.py took 0.095 seconds
[2025-08-19T09:10:05.739+0000] {processor.py:161} INFO - Started process (PID=2436) to work on /home/airflow/.local/lib/python3.12/site-packages/airflow/example_dags/example_task_group.py
[2025-08-19T09:10:05.740+0000] {processor.py:830} INFO - Processing file /home/airflow/.local/lib/python3.12/site-packages/airflow/example_dags/example_task_group.py for tasks to queue
[2025-08-19T09:10:05.742+0000] {logging_mixin.py:188} INFO - [2025-08-19T09:10:05.742+0000] {dagbag.py:540} INFO - Filling up the DagBag from /home/airflow/.local/lib/python3.12/site-packages/airflow/example_dags/example_task_group.py
[2025-08-19T09:10:05.751+0000] {processor.py:840} INFO - DAG(s) 'example_task_group' retrieved from /home/airflow/.local/lib/python3.12/site-packages/airflow/example_dags/example_task_group.py
[2025-08-19T09:10:05.776+0000] {logging_mixin.py:188} INFO - [2025-08-19T09:10:05.776+0000] {dag.py:3096} INFO - Sync 1 DAGs
[2025-08-19T09:10:05.800+0000] {logging_mixin.py:188} INFO - [2025-08-19T09:10:05.799+0000] {dag.py:3954} INFO - Setting next_dagrun for example_task_group to 2025-08-18 00:00:00+00:00, run_after=2025-08-19 00:00:00+00:00
[2025-08-19T09:10:05.819+0000] {processor.py:183} INFO - Processing /home/airflow/.local/lib/python3.12/site-packages/airflow/example_dags/example_task_group.py took 0.087 seconds
[2025-08-19T09:10:36.249+0000] {processor.py:161} INFO - Started process (PID=2494) to work on /home/airflow/.local/lib/python3.12/site-packages/airflow/example_dags/example_task_group.py
[2025-08-19T09:10:36.250+0000] {processor.py:830} INFO - Processing file /home/airflow/.local/lib/python3.12/site-packages/airflow/example_dags/example_task_group.py for tasks to queue
[2025-08-19T09:10:36.253+0000] {logging_mixin.py:188} INFO - [2025-08-19T09:10:36.253+0000] {dagbag.py:540} INFO - Filling up the DagBag from /home/airflow/.local/lib/python3.12/site-packages/airflow/example_dags/example_task_group.py
[2025-08-19T09:10:36.263+0000] {processor.py:840} INFO - DAG(s) 'example_task_group' retrieved from /home/airflow/.local/lib/python3.12/site-packages/airflow/example_dags/example_task_group.py
[2025-08-19T09:10:36.292+0000] {logging_mixin.py:188} INFO - [2025-08-19T09:10:36.291+0000] {dag.py:3096} INFO - Sync 1 DAGs
[2025-08-19T09:10:36.315+0000] {logging_mixin.py:188} INFO - [2025-08-19T09:10:36.315+0000] {dag.py:3954} INFO - Setting next_dagrun for example_task_group to 2025-08-18 00:00:00+00:00, run_after=2025-08-19 00:00:00+00:00
[2025-08-19T09:10:36.338+0000] {processor.py:183} INFO - Processing /home/airflow/.local/lib/python3.12/site-packages/airflow/example_dags/example_task_group.py took 0.098 seconds
[2025-08-19T09:11:07.219+0000] {processor.py:161} INFO - Started process (PID=2553) to work on /home/airflow/.local/lib/python3.12/site-packages/airflow/example_dags/example_task_group.py
[2025-08-19T09:11:07.220+0000] {processor.py:830} INFO - Processing file /home/airflow/.local/lib/python3.12/site-packages/airflow/example_dags/example_task_group.py for tasks to queue
[2025-08-19T09:11:07.222+0000] {logging_mixin.py:188} INFO - [2025-08-19T09:11:07.222+0000] {dagbag.py:540} INFO - Filling up the DagBag from /home/airflow/.local/lib/python3.12/site-packages/airflow/example_dags/example_task_group.py
[2025-08-19T09:11:07.232+0000] {processor.py:840} INFO - DAG(s) 'example_task_group' retrieved from /home/airflow/.local/lib/python3.12/site-packages/airflow/example_dags/example_task_group.py
[2025-08-19T09:11:07.260+0000] {logging_mixin.py:188} INFO - [2025-08-19T09:11:07.259+0000] {dag.py:3096} INFO - Sync 1 DAGs
[2025-08-19T09:11:07.286+0000] {logging_mixin.py:188} INFO - [2025-08-19T09:11:07.286+0000] {dag.py:3954} INFO - Setting next_dagrun for example_task_group to 2025-08-18 00:00:00+00:00, run_after=2025-08-19 00:00:00+00:00
[2025-08-19T09:11:07.309+0000] {processor.py:183} INFO - Processing /home/airflow/.local/lib/python3.12/site-packages/airflow/example_dags/example_task_group.py took 0.098 seconds
