[2025-08-19T08:49:45.618+0000] {processor.py:161} INFO - Started process (PID=111) to work on /home/airflow/.local/lib/python3.12/site-packages/airflow/example_dags/tutorial_dag.py
[2025-08-19T08:49:45.619+0000] {processor.py:830} INFO - Processing file /home/airflow/.local/lib/python3.12/site-packages/airflow/example_dags/tutorial_dag.py for tasks to queue
[2025-08-19T08:49:45.622+0000] {logging_mixin.py:188} INFO - [2025-08-19T08:49:45.621+0000] {dagbag.py:540} INFO - Filling up the DagBag from /home/airflow/.local/lib/python3.12/site-packages/airflow/example_dags/tutorial_dag.py
[2025-08-19T08:49:45.630+0000] {processor.py:840} INFO - DAG(s) 'tutorial_dag' retrieved from /home/airflow/.local/lib/python3.12/site-packages/airflow/example_dags/tutorial_dag.py
[2025-08-19T08:49:45.765+0000] {logging_mixin.py:188} INFO - [2025-08-19T08:49:45.765+0000] {dag.py:3096} INFO - Sync 1 DAGs
[2025-08-19T08:49:45.779+0000] {logging_mixin.py:188} INFO - [2025-08-19T08:49:45.778+0000] {dag.py:3954} INFO - Setting next_dagrun for tutorial_dag to None, run_after=None
[2025-08-19T08:49:45.802+0000] {processor.py:183} INFO - Processing /home/airflow/.local/lib/python3.12/site-packages/airflow/example_dags/tutorial_dag.py took 0.191 seconds
[2025-08-19T08:50:16.189+0000] {processor.py:161} INFO - Started process (PID=169) to work on /home/airflow/.local/lib/python3.12/site-packages/airflow/example_dags/tutorial_dag.py
[2025-08-19T08:50:16.190+0000] {processor.py:830} INFO - Processing file /home/airflow/.local/lib/python3.12/site-packages/airflow/example_dags/tutorial_dag.py for tasks to queue
[2025-08-19T08:50:16.193+0000] {logging_mixin.py:188} INFO - [2025-08-19T08:50:16.193+0000] {dagbag.py:540} INFO - Filling up the DagBag from /home/airflow/.local/lib/python3.12/site-packages/airflow/example_dags/tutorial_dag.py
[2025-08-19T08:50:16.202+0000] {processor.py:840} INFO - DAG(s) 'tutorial_dag' retrieved from /home/airflow/.local/lib/python3.12/site-packages/airflow/example_dags/tutorial_dag.py
[2025-08-19T08:50:16.230+0000] {logging_mixin.py:188} INFO - [2025-08-19T08:50:16.230+0000] {dag.py:3096} INFO - Sync 1 DAGs
[2025-08-19T08:50:16.247+0000] {logging_mixin.py:188} INFO - [2025-08-19T08:50:16.247+0000] {dag.py:3954} INFO - Setting next_dagrun for tutorial_dag to None, run_after=None
[2025-08-19T08:50:16.270+0000] {processor.py:183} INFO - Processing /home/airflow/.local/lib/python3.12/site-packages/airflow/example_dags/tutorial_dag.py took 0.089 seconds
[2025-08-19T08:50:47.440+0000] {processor.py:161} INFO - Started process (PID=227) to work on /home/airflow/.local/lib/python3.12/site-packages/airflow/example_dags/tutorial_dag.py
[2025-08-19T08:50:47.441+0000] {processor.py:830} INFO - Processing file /home/airflow/.local/lib/python3.12/site-packages/airflow/example_dags/tutorial_dag.py for tasks to queue
[2025-08-19T08:50:47.444+0000] {logging_mixin.py:188} INFO - [2025-08-19T08:50:47.443+0000] {dagbag.py:540} INFO - Filling up the DagBag from /home/airflow/.local/lib/python3.12/site-packages/airflow/example_dags/tutorial_dag.py
[2025-08-19T08:50:47.452+0000] {processor.py:840} INFO - DAG(s) 'tutorial_dag' retrieved from /home/airflow/.local/lib/python3.12/site-packages/airflow/example_dags/tutorial_dag.py
[2025-08-19T08:50:47.477+0000] {logging_mixin.py:188} INFO - [2025-08-19T08:50:47.477+0000] {dag.py:3096} INFO - Sync 1 DAGs
[2025-08-19T08:50:47.493+0000] {logging_mixin.py:188} INFO - [2025-08-19T08:50:47.492+0000] {dag.py:3954} INFO - Setting next_dagrun for tutorial_dag to None, run_after=None
[2025-08-19T08:50:47.515+0000] {processor.py:183} INFO - Processing /home/airflow/.local/lib/python3.12/site-packages/airflow/example_dags/tutorial_dag.py took 0.084 seconds
[2025-08-19T08:51:17.633+0000] {processor.py:161} INFO - Started process (PID=286) to work on /home/airflow/.local/lib/python3.12/site-packages/airflow/example_dags/tutorial_dag.py
[2025-08-19T08:51:17.634+0000] {processor.py:830} INFO - Processing file /home/airflow/.local/lib/python3.12/site-packages/airflow/example_dags/tutorial_dag.py for tasks to queue
[2025-08-19T08:51:17.637+0000] {logging_mixin.py:188} INFO - [2025-08-19T08:51:17.636+0000] {dagbag.py:540} INFO - Filling up the DagBag from /home/airflow/.local/lib/python3.12/site-packages/airflow/example_dags/tutorial_dag.py
[2025-08-19T08:51:17.644+0000] {processor.py:840} INFO - DAG(s) 'tutorial_dag' retrieved from /home/airflow/.local/lib/python3.12/site-packages/airflow/example_dags/tutorial_dag.py
[2025-08-19T08:51:17.669+0000] {logging_mixin.py:188} INFO - [2025-08-19T08:51:17.669+0000] {dag.py:3096} INFO - Sync 1 DAGs
[2025-08-19T08:51:17.684+0000] {logging_mixin.py:188} INFO - [2025-08-19T08:51:17.683+0000] {dag.py:3954} INFO - Setting next_dagrun for tutorial_dag to None, run_after=None
[2025-08-19T08:51:17.703+0000] {processor.py:183} INFO - Processing /home/airflow/.local/lib/python3.12/site-packages/airflow/example_dags/tutorial_dag.py took 0.078 seconds
[2025-08-19T08:51:47.857+0000] {processor.py:161} INFO - Started process (PID=344) to work on /home/airflow/.local/lib/python3.12/site-packages/airflow/example_dags/tutorial_dag.py
[2025-08-19T08:51:47.858+0000] {processor.py:830} INFO - Processing file /home/airflow/.local/lib/python3.12/site-packages/airflow/example_dags/tutorial_dag.py for tasks to queue
[2025-08-19T08:51:47.861+0000] {logging_mixin.py:188} INFO - [2025-08-19T08:51:47.860+0000] {dagbag.py:540} INFO - Filling up the DagBag from /home/airflow/.local/lib/python3.12/site-packages/airflow/example_dags/tutorial_dag.py
[2025-08-19T08:51:47.867+0000] {processor.py:840} INFO - DAG(s) 'tutorial_dag' retrieved from /home/airflow/.local/lib/python3.12/site-packages/airflow/example_dags/tutorial_dag.py
[2025-08-19T08:51:47.892+0000] {logging_mixin.py:188} INFO - [2025-08-19T08:51:47.892+0000] {dag.py:3096} INFO - Sync 1 DAGs
[2025-08-19T08:51:47.907+0000] {logging_mixin.py:188} INFO - [2025-08-19T08:51:47.907+0000] {dag.py:3954} INFO - Setting next_dagrun for tutorial_dag to None, run_after=None
[2025-08-19T08:51:47.927+0000] {processor.py:183} INFO - Processing /home/airflow/.local/lib/python3.12/site-packages/airflow/example_dags/tutorial_dag.py took 0.078 seconds
[2025-08-19T08:52:19.276+0000] {processor.py:161} INFO - Started process (PID=402) to work on /home/airflow/.local/lib/python3.12/site-packages/airflow/example_dags/tutorial_dag.py
[2025-08-19T08:52:19.278+0000] {processor.py:830} INFO - Processing file /home/airflow/.local/lib/python3.12/site-packages/airflow/example_dags/tutorial_dag.py for tasks to queue
[2025-08-19T08:52:19.280+0000] {logging_mixin.py:188} INFO - [2025-08-19T08:52:19.280+0000] {dagbag.py:540} INFO - Filling up the DagBag from /home/airflow/.local/lib/python3.12/site-packages/airflow/example_dags/tutorial_dag.py
[2025-08-19T08:52:19.288+0000] {processor.py:840} INFO - DAG(s) 'tutorial_dag' retrieved from /home/airflow/.local/lib/python3.12/site-packages/airflow/example_dags/tutorial_dag.py
[2025-08-19T08:52:19.316+0000] {logging_mixin.py:188} INFO - [2025-08-19T08:52:19.316+0000] {dag.py:3096} INFO - Sync 1 DAGs
[2025-08-19T08:52:19.332+0000] {logging_mixin.py:188} INFO - [2025-08-19T08:52:19.331+0000] {dag.py:3954} INFO - Setting next_dagrun for tutorial_dag to None, run_after=None
[2025-08-19T08:52:19.354+0000] {processor.py:183} INFO - Processing /home/airflow/.local/lib/python3.12/site-packages/airflow/example_dags/tutorial_dag.py took 0.086 seconds
[2025-08-19T08:52:49.416+0000] {processor.py:161} INFO - Started process (PID=461) to work on /home/airflow/.local/lib/python3.12/site-packages/airflow/example_dags/tutorial_dag.py
[2025-08-19T08:52:49.418+0000] {processor.py:830} INFO - Processing file /home/airflow/.local/lib/python3.12/site-packages/airflow/example_dags/tutorial_dag.py for tasks to queue
[2025-08-19T08:52:49.420+0000] {logging_mixin.py:188} INFO - [2025-08-19T08:52:49.420+0000] {dagbag.py:540} INFO - Filling up the DagBag from /home/airflow/.local/lib/python3.12/site-packages/airflow/example_dags/tutorial_dag.py
[2025-08-19T08:52:49.427+0000] {processor.py:840} INFO - DAG(s) 'tutorial_dag' retrieved from /home/airflow/.local/lib/python3.12/site-packages/airflow/example_dags/tutorial_dag.py
[2025-08-19T08:52:49.451+0000] {logging_mixin.py:188} INFO - [2025-08-19T08:52:49.451+0000] {dag.py:3096} INFO - Sync 1 DAGs
[2025-08-19T08:52:49.465+0000] {logging_mixin.py:188} INFO - [2025-08-19T08:52:49.465+0000] {dag.py:3954} INFO - Setting next_dagrun for tutorial_dag to None, run_after=None
[2025-08-19T08:52:49.484+0000] {processor.py:183} INFO - Processing /home/airflow/.local/lib/python3.12/site-packages/airflow/example_dags/tutorial_dag.py took 0.078 seconds
[2025-08-19T08:53:19.634+0000] {processor.py:161} INFO - Started process (PID=520) to work on /home/airflow/.local/lib/python3.12/site-packages/airflow/example_dags/tutorial_dag.py
[2025-08-19T08:53:19.636+0000] {processor.py:830} INFO - Processing file /home/airflow/.local/lib/python3.12/site-packages/airflow/example_dags/tutorial_dag.py for tasks to queue
[2025-08-19T08:53:19.638+0000] {logging_mixin.py:188} INFO - [2025-08-19T08:53:19.638+0000] {dagbag.py:540} INFO - Filling up the DagBag from /home/airflow/.local/lib/python3.12/site-packages/airflow/example_dags/tutorial_dag.py
[2025-08-19T08:53:19.645+0000] {processor.py:840} INFO - DAG(s) 'tutorial_dag' retrieved from /home/airflow/.local/lib/python3.12/site-packages/airflow/example_dags/tutorial_dag.py
[2025-08-19T08:53:19.669+0000] {logging_mixin.py:188} INFO - [2025-08-19T08:53:19.669+0000] {dag.py:3096} INFO - Sync 1 DAGs
[2025-08-19T08:53:19.684+0000] {logging_mixin.py:188} INFO - [2025-08-19T08:53:19.684+0000] {dag.py:3954} INFO - Setting next_dagrun for tutorial_dag to None, run_after=None
[2025-08-19T08:53:19.704+0000] {processor.py:183} INFO - Processing /home/airflow/.local/lib/python3.12/site-packages/airflow/example_dags/tutorial_dag.py took 0.077 seconds
[2025-08-19T08:53:50.534+0000] {processor.py:161} INFO - Started process (PID=578) to work on /home/airflow/.local/lib/python3.12/site-packages/airflow/example_dags/tutorial_dag.py
[2025-08-19T08:53:50.535+0000] {processor.py:830} INFO - Processing file /home/airflow/.local/lib/python3.12/site-packages/airflow/example_dags/tutorial_dag.py for tasks to queue
[2025-08-19T08:53:50.538+0000] {logging_mixin.py:188} INFO - [2025-08-19T08:53:50.537+0000] {dagbag.py:540} INFO - Filling up the DagBag from /home/airflow/.local/lib/python3.12/site-packages/airflow/example_dags/tutorial_dag.py
[2025-08-19T08:53:50.545+0000] {processor.py:840} INFO - DAG(s) 'tutorial_dag' retrieved from /home/airflow/.local/lib/python3.12/site-packages/airflow/example_dags/tutorial_dag.py
[2025-08-19T08:53:50.570+0000] {logging_mixin.py:188} INFO - [2025-08-19T08:53:50.570+0000] {dag.py:3096} INFO - Sync 1 DAGs
[2025-08-19T08:53:50.585+0000] {logging_mixin.py:188} INFO - [2025-08-19T08:53:50.585+0000] {dag.py:3954} INFO - Setting next_dagrun for tutorial_dag to None, run_after=None
[2025-08-19T08:53:50.604+0000] {processor.py:183} INFO - Processing /home/airflow/.local/lib/python3.12/site-packages/airflow/example_dags/tutorial_dag.py took 0.078 seconds
[2025-08-19T08:54:21.045+0000] {processor.py:161} INFO - Started process (PID=636) to work on /home/airflow/.local/lib/python3.12/site-packages/airflow/example_dags/tutorial_dag.py
[2025-08-19T08:54:21.047+0000] {processor.py:830} INFO - Processing file /home/airflow/.local/lib/python3.12/site-packages/airflow/example_dags/tutorial_dag.py for tasks to queue
[2025-08-19T08:54:21.049+0000] {logging_mixin.py:188} INFO - [2025-08-19T08:54:21.049+0000] {dagbag.py:540} INFO - Filling up the DagBag from /home/airflow/.local/lib/python3.12/site-packages/airflow/example_dags/tutorial_dag.py
[2025-08-19T08:54:21.056+0000] {processor.py:840} INFO - DAG(s) 'tutorial_dag' retrieved from /home/airflow/.local/lib/python3.12/site-packages/airflow/example_dags/tutorial_dag.py
[2025-08-19T08:54:21.080+0000] {logging_mixin.py:188} INFO - [2025-08-19T08:54:21.080+0000] {dag.py:3096} INFO - Sync 1 DAGs
[2025-08-19T08:54:21.095+0000] {logging_mixin.py:188} INFO - [2025-08-19T08:54:21.094+0000] {dag.py:3954} INFO - Setting next_dagrun for tutorial_dag to None, run_after=None
[2025-08-19T08:54:21.115+0000] {processor.py:183} INFO - Processing /home/airflow/.local/lib/python3.12/site-packages/airflow/example_dags/tutorial_dag.py took 0.078 seconds
[2025-08-19T08:54:51.372+0000] {processor.py:161} INFO - Started process (PID=694) to work on /home/airflow/.local/lib/python3.12/site-packages/airflow/example_dags/tutorial_dag.py
[2025-08-19T08:54:51.373+0000] {processor.py:830} INFO - Processing file /home/airflow/.local/lib/python3.12/site-packages/airflow/example_dags/tutorial_dag.py for tasks to queue
[2025-08-19T08:54:51.376+0000] {logging_mixin.py:188} INFO - [2025-08-19T08:54:51.375+0000] {dagbag.py:540} INFO - Filling up the DagBag from /home/airflow/.local/lib/python3.12/site-packages/airflow/example_dags/tutorial_dag.py
[2025-08-19T08:54:51.383+0000] {processor.py:840} INFO - DAG(s) 'tutorial_dag' retrieved from /home/airflow/.local/lib/python3.12/site-packages/airflow/example_dags/tutorial_dag.py
[2025-08-19T08:54:51.407+0000] {logging_mixin.py:188} INFO - [2025-08-19T08:54:51.407+0000] {dag.py:3096} INFO - Sync 1 DAGs
[2025-08-19T08:54:51.422+0000] {logging_mixin.py:188} INFO - [2025-08-19T08:54:51.421+0000] {dag.py:3954} INFO - Setting next_dagrun for tutorial_dag to None, run_after=None
[2025-08-19T08:54:51.444+0000] {processor.py:183} INFO - Processing /home/airflow/.local/lib/python3.12/site-packages/airflow/example_dags/tutorial_dag.py took 0.080 seconds
[2025-08-19T08:55:22.081+0000] {processor.py:161} INFO - Started process (PID=752) to work on /home/airflow/.local/lib/python3.12/site-packages/airflow/example_dags/tutorial_dag.py
[2025-08-19T08:55:22.083+0000] {processor.py:830} INFO - Processing file /home/airflow/.local/lib/python3.12/site-packages/airflow/example_dags/tutorial_dag.py for tasks to queue
[2025-08-19T08:55:22.085+0000] {logging_mixin.py:188} INFO - [2025-08-19T08:55:22.085+0000] {dagbag.py:540} INFO - Filling up the DagBag from /home/airflow/.local/lib/python3.12/site-packages/airflow/example_dags/tutorial_dag.py
[2025-08-19T08:55:22.092+0000] {processor.py:840} INFO - DAG(s) 'tutorial_dag' retrieved from /home/airflow/.local/lib/python3.12/site-packages/airflow/example_dags/tutorial_dag.py
[2025-08-19T08:55:22.118+0000] {logging_mixin.py:188} INFO - [2025-08-19T08:55:22.117+0000] {dag.py:3096} INFO - Sync 1 DAGs
[2025-08-19T08:55:22.133+0000] {logging_mixin.py:188} INFO - [2025-08-19T08:55:22.133+0000] {dag.py:3954} INFO - Setting next_dagrun for tutorial_dag to None, run_after=None
[2025-08-19T08:55:22.153+0000] {processor.py:183} INFO - Processing /home/airflow/.local/lib/python3.12/site-packages/airflow/example_dags/tutorial_dag.py took 0.080 seconds
[2025-08-19T08:55:52.825+0000] {processor.py:161} INFO - Started process (PID=810) to work on /home/airflow/.local/lib/python3.12/site-packages/airflow/example_dags/tutorial_dag.py
[2025-08-19T08:55:52.826+0000] {processor.py:830} INFO - Processing file /home/airflow/.local/lib/python3.12/site-packages/airflow/example_dags/tutorial_dag.py for tasks to queue
[2025-08-19T08:55:52.829+0000] {logging_mixin.py:188} INFO - [2025-08-19T08:55:52.828+0000] {dagbag.py:540} INFO - Filling up the DagBag from /home/airflow/.local/lib/python3.12/site-packages/airflow/example_dags/tutorial_dag.py
[2025-08-19T08:55:52.836+0000] {processor.py:840} INFO - DAG(s) 'tutorial_dag' retrieved from /home/airflow/.local/lib/python3.12/site-packages/airflow/example_dags/tutorial_dag.py
[2025-08-19T08:55:52.863+0000] {logging_mixin.py:188} INFO - [2025-08-19T08:55:52.863+0000] {dag.py:3096} INFO - Sync 1 DAGs
[2025-08-19T08:55:52.878+0000] {logging_mixin.py:188} INFO - [2025-08-19T08:55:52.878+0000] {dag.py:3954} INFO - Setting next_dagrun for tutorial_dag to None, run_after=None
[2025-08-19T08:55:52.899+0000] {processor.py:183} INFO - Processing /home/airflow/.local/lib/python3.12/site-packages/airflow/example_dags/tutorial_dag.py took 0.082 seconds
[2025-08-19T08:56:23.411+0000] {processor.py:161} INFO - Started process (PID=868) to work on /home/airflow/.local/lib/python3.12/site-packages/airflow/example_dags/tutorial_dag.py
[2025-08-19T08:56:23.413+0000] {processor.py:830} INFO - Processing file /home/airflow/.local/lib/python3.12/site-packages/airflow/example_dags/tutorial_dag.py for tasks to queue
[2025-08-19T08:56:23.415+0000] {logging_mixin.py:188} INFO - [2025-08-19T08:56:23.415+0000] {dagbag.py:540} INFO - Filling up the DagBag from /home/airflow/.local/lib/python3.12/site-packages/airflow/example_dags/tutorial_dag.py
[2025-08-19T08:56:23.424+0000] {processor.py:840} INFO - DAG(s) 'tutorial_dag' retrieved from /home/airflow/.local/lib/python3.12/site-packages/airflow/example_dags/tutorial_dag.py
[2025-08-19T08:56:23.451+0000] {logging_mixin.py:188} INFO - [2025-08-19T08:56:23.451+0000] {dag.py:3096} INFO - Sync 1 DAGs
[2025-08-19T08:56:23.466+0000] {logging_mixin.py:188} INFO - [2025-08-19T08:56:23.466+0000] {dag.py:3954} INFO - Setting next_dagrun for tutorial_dag to None, run_after=None
[2025-08-19T08:56:23.486+0000] {processor.py:183} INFO - Processing /home/airflow/.local/lib/python3.12/site-packages/airflow/example_dags/tutorial_dag.py took 0.084 seconds
[2025-08-19T08:56:54.082+0000] {processor.py:161} INFO - Started process (PID=926) to work on /home/airflow/.local/lib/python3.12/site-packages/airflow/example_dags/tutorial_dag.py
[2025-08-19T08:56:54.083+0000] {processor.py:830} INFO - Processing file /home/airflow/.local/lib/python3.12/site-packages/airflow/example_dags/tutorial_dag.py for tasks to queue
[2025-08-19T08:56:54.086+0000] {logging_mixin.py:188} INFO - [2025-08-19T08:56:54.085+0000] {dagbag.py:540} INFO - Filling up the DagBag from /home/airflow/.local/lib/python3.12/site-packages/airflow/example_dags/tutorial_dag.py
[2025-08-19T08:56:54.093+0000] {processor.py:840} INFO - DAG(s) 'tutorial_dag' retrieved from /home/airflow/.local/lib/python3.12/site-packages/airflow/example_dags/tutorial_dag.py
[2025-08-19T08:56:54.117+0000] {logging_mixin.py:188} INFO - [2025-08-19T08:56:54.117+0000] {dag.py:3096} INFO - Sync 1 DAGs
[2025-08-19T08:56:54.132+0000] {logging_mixin.py:188} INFO - [2025-08-19T08:56:54.132+0000] {dag.py:3954} INFO - Setting next_dagrun for tutorial_dag to None, run_after=None
[2025-08-19T08:56:54.150+0000] {processor.py:183} INFO - Processing /home/airflow/.local/lib/python3.12/site-packages/airflow/example_dags/tutorial_dag.py took 0.076 seconds
[2025-08-19T08:57:24.961+0000] {processor.py:161} INFO - Started process (PID=985) to work on /home/airflow/.local/lib/python3.12/site-packages/airflow/example_dags/tutorial_dag.py
[2025-08-19T08:57:24.963+0000] {processor.py:830} INFO - Processing file /home/airflow/.local/lib/python3.12/site-packages/airflow/example_dags/tutorial_dag.py for tasks to queue
[2025-08-19T08:57:24.965+0000] {logging_mixin.py:188} INFO - [2025-08-19T08:57:24.965+0000] {dagbag.py:540} INFO - Filling up the DagBag from /home/airflow/.local/lib/python3.12/site-packages/airflow/example_dags/tutorial_dag.py
[2025-08-19T08:57:24.972+0000] {processor.py:840} INFO - DAG(s) 'tutorial_dag' retrieved from /home/airflow/.local/lib/python3.12/site-packages/airflow/example_dags/tutorial_dag.py
[2025-08-19T08:57:24.997+0000] {logging_mixin.py:188} INFO - [2025-08-19T08:57:24.997+0000] {dag.py:3096} INFO - Sync 1 DAGs
[2025-08-19T08:57:25.012+0000] {logging_mixin.py:188} INFO - [2025-08-19T08:57:25.012+0000] {dag.py:3954} INFO - Setting next_dagrun for tutorial_dag to None, run_after=None
[2025-08-19T08:57:25.034+0000] {processor.py:183} INFO - Processing /home/airflow/.local/lib/python3.12/site-packages/airflow/example_dags/tutorial_dag.py took 0.080 seconds
[2025-08-19T08:57:56.778+0000] {processor.py:161} INFO - Started process (PID=1043) to work on /home/airflow/.local/lib/python3.12/site-packages/airflow/example_dags/tutorial_dag.py
[2025-08-19T08:57:56.779+0000] {processor.py:830} INFO - Processing file /home/airflow/.local/lib/python3.12/site-packages/airflow/example_dags/tutorial_dag.py for tasks to queue
[2025-08-19T08:57:56.782+0000] {logging_mixin.py:188} INFO - [2025-08-19T08:57:56.781+0000] {dagbag.py:540} INFO - Filling up the DagBag from /home/airflow/.local/lib/python3.12/site-packages/airflow/example_dags/tutorial_dag.py
[2025-08-19T08:57:56.789+0000] {processor.py:840} INFO - DAG(s) 'tutorial_dag' retrieved from /home/airflow/.local/lib/python3.12/site-packages/airflow/example_dags/tutorial_dag.py
[2025-08-19T08:57:56.980+0000] {logging_mixin.py:188} INFO - [2025-08-19T08:57:56.980+0000] {dag.py:3096} INFO - Sync 1 DAGs
[2025-08-19T08:57:56.993+0000] {logging_mixin.py:188} INFO - [2025-08-19T08:57:56.993+0000] {dag.py:3954} INFO - Setting next_dagrun for tutorial_dag to None, run_after=None
[2025-08-19T08:57:57.012+0000] {processor.py:183} INFO - Processing /home/airflow/.local/lib/python3.12/site-packages/airflow/example_dags/tutorial_dag.py took 0.242 seconds
[2025-08-19T08:58:27.662+0000] {processor.py:161} INFO - Started process (PID=1101) to work on /home/airflow/.local/lib/python3.12/site-packages/airflow/example_dags/tutorial_dag.py
[2025-08-19T08:58:27.663+0000] {processor.py:830} INFO - Processing file /home/airflow/.local/lib/python3.12/site-packages/airflow/example_dags/tutorial_dag.py for tasks to queue
[2025-08-19T08:58:27.665+0000] {logging_mixin.py:188} INFO - [2025-08-19T08:58:27.665+0000] {dagbag.py:540} INFO - Filling up the DagBag from /home/airflow/.local/lib/python3.12/site-packages/airflow/example_dags/tutorial_dag.py
[2025-08-19T08:58:27.673+0000] {processor.py:840} INFO - DAG(s) 'tutorial_dag' retrieved from /home/airflow/.local/lib/python3.12/site-packages/airflow/example_dags/tutorial_dag.py
[2025-08-19T08:58:27.698+0000] {logging_mixin.py:188} INFO - [2025-08-19T08:58:27.698+0000] {dag.py:3096} INFO - Sync 1 DAGs
[2025-08-19T08:58:27.713+0000] {logging_mixin.py:188} INFO - [2025-08-19T08:58:27.713+0000] {dag.py:3954} INFO - Setting next_dagrun for tutorial_dag to None, run_after=None
[2025-08-19T08:58:27.733+0000] {processor.py:183} INFO - Processing /home/airflow/.local/lib/python3.12/site-packages/airflow/example_dags/tutorial_dag.py took 0.080 seconds
[2025-08-19T08:58:58.029+0000] {processor.py:161} INFO - Started process (PID=1159) to work on /home/airflow/.local/lib/python3.12/site-packages/airflow/example_dags/tutorial_dag.py
[2025-08-19T08:58:58.031+0000] {processor.py:830} INFO - Processing file /home/airflow/.local/lib/python3.12/site-packages/airflow/example_dags/tutorial_dag.py for tasks to queue
[2025-08-19T08:58:58.033+0000] {logging_mixin.py:188} INFO - [2025-08-19T08:58:58.033+0000] {dagbag.py:540} INFO - Filling up the DagBag from /home/airflow/.local/lib/python3.12/site-packages/airflow/example_dags/tutorial_dag.py
[2025-08-19T08:58:58.040+0000] {processor.py:840} INFO - DAG(s) 'tutorial_dag' retrieved from /home/airflow/.local/lib/python3.12/site-packages/airflow/example_dags/tutorial_dag.py
[2025-08-19T08:58:58.064+0000] {logging_mixin.py:188} INFO - [2025-08-19T08:58:58.064+0000] {dag.py:3096} INFO - Sync 1 DAGs
[2025-08-19T08:58:58.078+0000] {logging_mixin.py:188} INFO - [2025-08-19T08:58:58.078+0000] {dag.py:3954} INFO - Setting next_dagrun for tutorial_dag to None, run_after=None
[2025-08-19T08:58:58.096+0000] {processor.py:183} INFO - Processing /home/airflow/.local/lib/python3.12/site-packages/airflow/example_dags/tutorial_dag.py took 0.075 seconds
[2025-08-19T08:59:28.511+0000] {processor.py:161} INFO - Started process (PID=1217) to work on /home/airflow/.local/lib/python3.12/site-packages/airflow/example_dags/tutorial_dag.py
[2025-08-19T08:59:28.512+0000] {processor.py:830} INFO - Processing file /home/airflow/.local/lib/python3.12/site-packages/airflow/example_dags/tutorial_dag.py for tasks to queue
[2025-08-19T08:59:28.515+0000] {logging_mixin.py:188} INFO - [2025-08-19T08:59:28.515+0000] {dagbag.py:540} INFO - Filling up the DagBag from /home/airflow/.local/lib/python3.12/site-packages/airflow/example_dags/tutorial_dag.py
[2025-08-19T08:59:28.522+0000] {processor.py:840} INFO - DAG(s) 'tutorial_dag' retrieved from /home/airflow/.local/lib/python3.12/site-packages/airflow/example_dags/tutorial_dag.py
[2025-08-19T08:59:28.548+0000] {logging_mixin.py:188} INFO - [2025-08-19T08:59:28.548+0000] {dag.py:3096} INFO - Sync 1 DAGs
[2025-08-19T08:59:28.563+0000] {logging_mixin.py:188} INFO - [2025-08-19T08:59:28.563+0000] {dag.py:3954} INFO - Setting next_dagrun for tutorial_dag to None, run_after=None
[2025-08-19T08:59:28.584+0000] {processor.py:183} INFO - Processing /home/airflow/.local/lib/python3.12/site-packages/airflow/example_dags/tutorial_dag.py took 0.081 seconds
[2025-08-19T08:59:58.812+0000] {processor.py:161} INFO - Started process (PID=1275) to work on /home/airflow/.local/lib/python3.12/site-packages/airflow/example_dags/tutorial_dag.py
[2025-08-19T08:59:58.814+0000] {processor.py:830} INFO - Processing file /home/airflow/.local/lib/python3.12/site-packages/airflow/example_dags/tutorial_dag.py for tasks to queue
[2025-08-19T08:59:58.817+0000] {logging_mixin.py:188} INFO - [2025-08-19T08:59:58.816+0000] {dagbag.py:540} INFO - Filling up the DagBag from /home/airflow/.local/lib/python3.12/site-packages/airflow/example_dags/tutorial_dag.py
[2025-08-19T08:59:58.825+0000] {processor.py:840} INFO - DAG(s) 'tutorial_dag' retrieved from /home/airflow/.local/lib/python3.12/site-packages/airflow/example_dags/tutorial_dag.py
[2025-08-19T08:59:58.850+0000] {logging_mixin.py:188} INFO - [2025-08-19T08:59:58.849+0000] {dag.py:3096} INFO - Sync 1 DAGs
[2025-08-19T08:59:58.864+0000] {logging_mixin.py:188} INFO - [2025-08-19T08:59:58.864+0000] {dag.py:3954} INFO - Setting next_dagrun for tutorial_dag to None, run_after=None
[2025-08-19T08:59:58.884+0000] {processor.py:183} INFO - Processing /home/airflow/.local/lib/python3.12/site-packages/airflow/example_dags/tutorial_dag.py took 0.081 seconds
[2025-08-19T09:00:29.189+0000] {processor.py:161} INFO - Started process (PID=1333) to work on /home/airflow/.local/lib/python3.12/site-packages/airflow/example_dags/tutorial_dag.py
[2025-08-19T09:00:29.190+0000] {processor.py:830} INFO - Processing file /home/airflow/.local/lib/python3.12/site-packages/airflow/example_dags/tutorial_dag.py for tasks to queue
[2025-08-19T09:00:29.193+0000] {logging_mixin.py:188} INFO - [2025-08-19T09:00:29.192+0000] {dagbag.py:540} INFO - Filling up the DagBag from /home/airflow/.local/lib/python3.12/site-packages/airflow/example_dags/tutorial_dag.py
[2025-08-19T09:00:29.200+0000] {processor.py:840} INFO - DAG(s) 'tutorial_dag' retrieved from /home/airflow/.local/lib/python3.12/site-packages/airflow/example_dags/tutorial_dag.py
[2025-08-19T09:00:29.227+0000] {logging_mixin.py:188} INFO - [2025-08-19T09:00:29.226+0000] {dag.py:3096} INFO - Sync 1 DAGs
[2025-08-19T09:00:29.242+0000] {logging_mixin.py:188} INFO - [2025-08-19T09:00:29.241+0000] {dag.py:3954} INFO - Setting next_dagrun for tutorial_dag to None, run_after=None
[2025-08-19T09:00:29.265+0000] {processor.py:183} INFO - Processing /home/airflow/.local/lib/python3.12/site-packages/airflow/example_dags/tutorial_dag.py took 0.084 seconds
[2025-08-19T09:00:59.384+0000] {processor.py:161} INFO - Started process (PID=1391) to work on /home/airflow/.local/lib/python3.12/site-packages/airflow/example_dags/tutorial_dag.py
[2025-08-19T09:00:59.386+0000] {processor.py:830} INFO - Processing file /home/airflow/.local/lib/python3.12/site-packages/airflow/example_dags/tutorial_dag.py for tasks to queue
[2025-08-19T09:00:59.388+0000] {logging_mixin.py:188} INFO - [2025-08-19T09:00:59.387+0000] {dagbag.py:540} INFO - Filling up the DagBag from /home/airflow/.local/lib/python3.12/site-packages/airflow/example_dags/tutorial_dag.py
[2025-08-19T09:00:59.395+0000] {processor.py:840} INFO - DAG(s) 'tutorial_dag' retrieved from /home/airflow/.local/lib/python3.12/site-packages/airflow/example_dags/tutorial_dag.py
[2025-08-19T09:00:59.419+0000] {logging_mixin.py:188} INFO - [2025-08-19T09:00:59.418+0000] {dag.py:3096} INFO - Sync 1 DAGs
[2025-08-19T09:00:59.435+0000] {logging_mixin.py:188} INFO - [2025-08-19T09:00:59.434+0000] {dag.py:3954} INFO - Setting next_dagrun for tutorial_dag to None, run_after=None
[2025-08-19T09:00:59.457+0000] {processor.py:183} INFO - Processing /home/airflow/.local/lib/python3.12/site-packages/airflow/example_dags/tutorial_dag.py took 0.081 seconds
[2025-08-19T09:01:29.660+0000] {processor.py:161} INFO - Started process (PID=1449) to work on /home/airflow/.local/lib/python3.12/site-packages/airflow/example_dags/tutorial_dag.py
[2025-08-19T09:01:29.662+0000] {processor.py:830} INFO - Processing file /home/airflow/.local/lib/python3.12/site-packages/airflow/example_dags/tutorial_dag.py for tasks to queue
[2025-08-19T09:01:29.664+0000] {logging_mixin.py:188} INFO - [2025-08-19T09:01:29.664+0000] {dagbag.py:540} INFO - Filling up the DagBag from /home/airflow/.local/lib/python3.12/site-packages/airflow/example_dags/tutorial_dag.py
[2025-08-19T09:01:29.671+0000] {processor.py:840} INFO - DAG(s) 'tutorial_dag' retrieved from /home/airflow/.local/lib/python3.12/site-packages/airflow/example_dags/tutorial_dag.py
[2025-08-19T09:01:29.696+0000] {logging_mixin.py:188} INFO - [2025-08-19T09:01:29.696+0000] {dag.py:3096} INFO - Sync 1 DAGs
[2025-08-19T09:01:29.711+0000] {logging_mixin.py:188} INFO - [2025-08-19T09:01:29.711+0000] {dag.py:3954} INFO - Setting next_dagrun for tutorial_dag to None, run_after=None
[2025-08-19T09:01:29.730+0000] {processor.py:183} INFO - Processing /home/airflow/.local/lib/python3.12/site-packages/airflow/example_dags/tutorial_dag.py took 0.077 seconds
[2025-08-19T09:02:00.139+0000] {processor.py:161} INFO - Started process (PID=1507) to work on /home/airflow/.local/lib/python3.12/site-packages/airflow/example_dags/tutorial_dag.py
[2025-08-19T09:02:00.140+0000] {processor.py:830} INFO - Processing file /home/airflow/.local/lib/python3.12/site-packages/airflow/example_dags/tutorial_dag.py for tasks to queue
[2025-08-19T09:02:00.143+0000] {logging_mixin.py:188} INFO - [2025-08-19T09:02:00.142+0000] {dagbag.py:540} INFO - Filling up the DagBag from /home/airflow/.local/lib/python3.12/site-packages/airflow/example_dags/tutorial_dag.py
[2025-08-19T09:02:00.150+0000] {processor.py:840} INFO - DAG(s) 'tutorial_dag' retrieved from /home/airflow/.local/lib/python3.12/site-packages/airflow/example_dags/tutorial_dag.py
[2025-08-19T09:02:00.177+0000] {logging_mixin.py:188} INFO - [2025-08-19T09:02:00.176+0000] {dag.py:3096} INFO - Sync 1 DAGs
[2025-08-19T09:02:00.191+0000] {logging_mixin.py:188} INFO - [2025-08-19T09:02:00.191+0000] {dag.py:3954} INFO - Setting next_dagrun for tutorial_dag to None, run_after=None
[2025-08-19T09:02:00.213+0000] {processor.py:183} INFO - Processing /home/airflow/.local/lib/python3.12/site-packages/airflow/example_dags/tutorial_dag.py took 0.083 seconds
[2025-08-19T09:02:30.431+0000] {processor.py:161} INFO - Started process (PID=1565) to work on /home/airflow/.local/lib/python3.12/site-packages/airflow/example_dags/tutorial_dag.py
[2025-08-19T09:02:30.432+0000] {processor.py:830} INFO - Processing file /home/airflow/.local/lib/python3.12/site-packages/airflow/example_dags/tutorial_dag.py for tasks to queue
[2025-08-19T09:02:30.435+0000] {logging_mixin.py:188} INFO - [2025-08-19T09:02:30.435+0000] {dagbag.py:540} INFO - Filling up the DagBag from /home/airflow/.local/lib/python3.12/site-packages/airflow/example_dags/tutorial_dag.py
[2025-08-19T09:02:30.442+0000] {processor.py:840} INFO - DAG(s) 'tutorial_dag' retrieved from /home/airflow/.local/lib/python3.12/site-packages/airflow/example_dags/tutorial_dag.py
[2025-08-19T09:02:30.466+0000] {logging_mixin.py:188} INFO - [2025-08-19T09:02:30.466+0000] {dag.py:3096} INFO - Sync 1 DAGs
[2025-08-19T09:02:30.480+0000] {logging_mixin.py:188} INFO - [2025-08-19T09:02:30.480+0000] {dag.py:3954} INFO - Setting next_dagrun for tutorial_dag to None, run_after=None
[2025-08-19T09:02:30.499+0000] {processor.py:183} INFO - Processing /home/airflow/.local/lib/python3.12/site-packages/airflow/example_dags/tutorial_dag.py took 0.076 seconds
[2025-08-19T09:03:00.699+0000] {processor.py:161} INFO - Started process (PID=1623) to work on /home/airflow/.local/lib/python3.12/site-packages/airflow/example_dags/tutorial_dag.py
[2025-08-19T09:03:00.701+0000] {processor.py:830} INFO - Processing file /home/airflow/.local/lib/python3.12/site-packages/airflow/example_dags/tutorial_dag.py for tasks to queue
[2025-08-19T09:03:00.704+0000] {logging_mixin.py:188} INFO - [2025-08-19T09:03:00.703+0000] {dagbag.py:540} INFO - Filling up the DagBag from /home/airflow/.local/lib/python3.12/site-packages/airflow/example_dags/tutorial_dag.py
[2025-08-19T09:03:00.713+0000] {processor.py:840} INFO - DAG(s) 'tutorial_dag' retrieved from /home/airflow/.local/lib/python3.12/site-packages/airflow/example_dags/tutorial_dag.py
[2025-08-19T09:03:00.739+0000] {logging_mixin.py:188} INFO - [2025-08-19T09:03:00.738+0000] {dag.py:3096} INFO - Sync 1 DAGs
[2025-08-19T09:03:00.754+0000] {logging_mixin.py:188} INFO - [2025-08-19T09:03:00.754+0000] {dag.py:3954} INFO - Setting next_dagrun for tutorial_dag to None, run_after=None
[2025-08-19T09:03:00.774+0000] {processor.py:183} INFO - Processing /home/airflow/.local/lib/python3.12/site-packages/airflow/example_dags/tutorial_dag.py took 0.084 seconds
[2025-08-19T09:03:30.901+0000] {processor.py:161} INFO - Started process (PID=1681) to work on /home/airflow/.local/lib/python3.12/site-packages/airflow/example_dags/tutorial_dag.py
[2025-08-19T09:03:30.902+0000] {processor.py:830} INFO - Processing file /home/airflow/.local/lib/python3.12/site-packages/airflow/example_dags/tutorial_dag.py for tasks to queue
[2025-08-19T09:03:30.904+0000] {logging_mixin.py:188} INFO - [2025-08-19T09:03:30.904+0000] {dagbag.py:540} INFO - Filling up the DagBag from /home/airflow/.local/lib/python3.12/site-packages/airflow/example_dags/tutorial_dag.py
[2025-08-19T09:03:30.911+0000] {processor.py:840} INFO - DAG(s) 'tutorial_dag' retrieved from /home/airflow/.local/lib/python3.12/site-packages/airflow/example_dags/tutorial_dag.py
[2025-08-19T09:03:30.935+0000] {logging_mixin.py:188} INFO - [2025-08-19T09:03:30.935+0000] {dag.py:3096} INFO - Sync 1 DAGs
[2025-08-19T09:03:30.950+0000] {logging_mixin.py:188} INFO - [2025-08-19T09:03:30.950+0000] {dag.py:3954} INFO - Setting next_dagrun for tutorial_dag to None, run_after=None
[2025-08-19T09:03:30.968+0000] {processor.py:183} INFO - Processing /home/airflow/.local/lib/python3.12/site-packages/airflow/example_dags/tutorial_dag.py took 0.075 seconds
[2025-08-19T09:04:01.126+0000] {processor.py:161} INFO - Started process (PID=1739) to work on /home/airflow/.local/lib/python3.12/site-packages/airflow/example_dags/tutorial_dag.py
[2025-08-19T09:04:01.129+0000] {processor.py:830} INFO - Processing file /home/airflow/.local/lib/python3.12/site-packages/airflow/example_dags/tutorial_dag.py for tasks to queue
[2025-08-19T09:04:01.131+0000] {logging_mixin.py:188} INFO - [2025-08-19T09:04:01.131+0000] {dagbag.py:540} INFO - Filling up the DagBag from /home/airflow/.local/lib/python3.12/site-packages/airflow/example_dags/tutorial_dag.py
[2025-08-19T09:04:01.138+0000] {processor.py:840} INFO - DAG(s) 'tutorial_dag' retrieved from /home/airflow/.local/lib/python3.12/site-packages/airflow/example_dags/tutorial_dag.py
[2025-08-19T09:04:01.163+0000] {logging_mixin.py:188} INFO - [2025-08-19T09:04:01.162+0000] {dag.py:3096} INFO - Sync 1 DAGs
[2025-08-19T09:04:01.177+0000] {logging_mixin.py:188} INFO - [2025-08-19T09:04:01.177+0000] {dag.py:3954} INFO - Setting next_dagrun for tutorial_dag to None, run_after=None
[2025-08-19T09:04:01.196+0000] {processor.py:183} INFO - Processing /home/airflow/.local/lib/python3.12/site-packages/airflow/example_dags/tutorial_dag.py took 0.078 seconds
[2025-08-19T09:04:31.514+0000] {processor.py:161} INFO - Started process (PID=1797) to work on /home/airflow/.local/lib/python3.12/site-packages/airflow/example_dags/tutorial_dag.py
[2025-08-19T09:04:31.515+0000] {processor.py:830} INFO - Processing file /home/airflow/.local/lib/python3.12/site-packages/airflow/example_dags/tutorial_dag.py for tasks to queue
[2025-08-19T09:04:31.517+0000] {logging_mixin.py:188} INFO - [2025-08-19T09:04:31.517+0000] {dagbag.py:540} INFO - Filling up the DagBag from /home/airflow/.local/lib/python3.12/site-packages/airflow/example_dags/tutorial_dag.py
[2025-08-19T09:04:31.525+0000] {processor.py:840} INFO - DAG(s) 'tutorial_dag' retrieved from /home/airflow/.local/lib/python3.12/site-packages/airflow/example_dags/tutorial_dag.py
[2025-08-19T09:04:31.550+0000] {logging_mixin.py:188} INFO - [2025-08-19T09:04:31.549+0000] {dag.py:3096} INFO - Sync 1 DAGs
[2025-08-19T09:04:31.564+0000] {logging_mixin.py:188} INFO - [2025-08-19T09:04:31.564+0000] {dag.py:3954} INFO - Setting next_dagrun for tutorial_dag to None, run_after=None
[2025-08-19T09:04:31.583+0000] {processor.py:183} INFO - Processing /home/airflow/.local/lib/python3.12/site-packages/airflow/example_dags/tutorial_dag.py took 0.077 seconds
[2025-08-19T09:05:01.778+0000] {processor.py:161} INFO - Started process (PID=1856) to work on /home/airflow/.local/lib/python3.12/site-packages/airflow/example_dags/tutorial_dag.py
[2025-08-19T09:05:01.779+0000] {processor.py:830} INFO - Processing file /home/airflow/.local/lib/python3.12/site-packages/airflow/example_dags/tutorial_dag.py for tasks to queue
[2025-08-19T09:05:01.782+0000] {logging_mixin.py:188} INFO - [2025-08-19T09:05:01.781+0000] {dagbag.py:540} INFO - Filling up the DagBag from /home/airflow/.local/lib/python3.12/site-packages/airflow/example_dags/tutorial_dag.py
[2025-08-19T09:05:01.789+0000] {processor.py:840} INFO - DAG(s) 'tutorial_dag' retrieved from /home/airflow/.local/lib/python3.12/site-packages/airflow/example_dags/tutorial_dag.py
[2025-08-19T09:05:01.813+0000] {logging_mixin.py:188} INFO - [2025-08-19T09:05:01.813+0000] {dag.py:3096} INFO - Sync 1 DAGs
[2025-08-19T09:05:01.828+0000] {logging_mixin.py:188} INFO - [2025-08-19T09:05:01.827+0000] {dag.py:3954} INFO - Setting next_dagrun for tutorial_dag to None, run_after=None
[2025-08-19T09:05:01.849+0000] {processor.py:183} INFO - Processing /home/airflow/.local/lib/python3.12/site-packages/airflow/example_dags/tutorial_dag.py took 0.079 seconds
[2025-08-19T09:05:32.077+0000] {processor.py:161} INFO - Started process (PID=1915) to work on /home/airflow/.local/lib/python3.12/site-packages/airflow/example_dags/tutorial_dag.py
[2025-08-19T09:05:32.079+0000] {processor.py:830} INFO - Processing file /home/airflow/.local/lib/python3.12/site-packages/airflow/example_dags/tutorial_dag.py for tasks to queue
[2025-08-19T09:05:32.081+0000] {logging_mixin.py:188} INFO - [2025-08-19T09:05:32.081+0000] {dagbag.py:540} INFO - Filling up the DagBag from /home/airflow/.local/lib/python3.12/site-packages/airflow/example_dags/tutorial_dag.py
[2025-08-19T09:05:32.088+0000] {processor.py:840} INFO - DAG(s) 'tutorial_dag' retrieved from /home/airflow/.local/lib/python3.12/site-packages/airflow/example_dags/tutorial_dag.py
[2025-08-19T09:05:32.113+0000] {logging_mixin.py:188} INFO - [2025-08-19T09:05:32.113+0000] {dag.py:3096} INFO - Sync 1 DAGs
[2025-08-19T09:05:32.129+0000] {logging_mixin.py:188} INFO - [2025-08-19T09:05:32.129+0000] {dag.py:3954} INFO - Setting next_dagrun for tutorial_dag to None, run_after=None
[2025-08-19T09:05:32.149+0000] {processor.py:183} INFO - Processing /home/airflow/.local/lib/python3.12/site-packages/airflow/example_dags/tutorial_dag.py took 0.080 seconds
[2025-08-19T09:06:02.419+0000] {processor.py:161} INFO - Started process (PID=1973) to work on /home/airflow/.local/lib/python3.12/site-packages/airflow/example_dags/tutorial_dag.py
[2025-08-19T09:06:02.420+0000] {processor.py:830} INFO - Processing file /home/airflow/.local/lib/python3.12/site-packages/airflow/example_dags/tutorial_dag.py for tasks to queue
[2025-08-19T09:06:02.422+0000] {logging_mixin.py:188} INFO - [2025-08-19T09:06:02.422+0000] {dagbag.py:540} INFO - Filling up the DagBag from /home/airflow/.local/lib/python3.12/site-packages/airflow/example_dags/tutorial_dag.py
[2025-08-19T09:06:02.429+0000] {processor.py:840} INFO - DAG(s) 'tutorial_dag' retrieved from /home/airflow/.local/lib/python3.12/site-packages/airflow/example_dags/tutorial_dag.py
[2025-08-19T09:06:02.454+0000] {logging_mixin.py:188} INFO - [2025-08-19T09:06:02.454+0000] {dag.py:3096} INFO - Sync 1 DAGs
[2025-08-19T09:06:02.469+0000] {logging_mixin.py:188} INFO - [2025-08-19T09:06:02.469+0000] {dag.py:3954} INFO - Setting next_dagrun for tutorial_dag to None, run_after=None
[2025-08-19T09:06:02.490+0000] {processor.py:183} INFO - Processing /home/airflow/.local/lib/python3.12/site-packages/airflow/example_dags/tutorial_dag.py took 0.079 seconds
[2025-08-19T09:06:32.804+0000] {processor.py:161} INFO - Started process (PID=2031) to work on /home/airflow/.local/lib/python3.12/site-packages/airflow/example_dags/tutorial_dag.py
[2025-08-19T09:06:32.806+0000] {processor.py:830} INFO - Processing file /home/airflow/.local/lib/python3.12/site-packages/airflow/example_dags/tutorial_dag.py for tasks to queue
[2025-08-19T09:06:32.809+0000] {logging_mixin.py:188} INFO - [2025-08-19T09:06:32.808+0000] {dagbag.py:540} INFO - Filling up the DagBag from /home/airflow/.local/lib/python3.12/site-packages/airflow/example_dags/tutorial_dag.py
[2025-08-19T09:06:32.816+0000] {processor.py:840} INFO - DAG(s) 'tutorial_dag' retrieved from /home/airflow/.local/lib/python3.12/site-packages/airflow/example_dags/tutorial_dag.py
[2025-08-19T09:06:32.843+0000] {logging_mixin.py:188} INFO - [2025-08-19T09:06:32.843+0000] {dag.py:3096} INFO - Sync 1 DAGs
[2025-08-19T09:06:32.860+0000] {logging_mixin.py:188} INFO - [2025-08-19T09:06:32.859+0000] {dag.py:3954} INFO - Setting next_dagrun for tutorial_dag to None, run_after=None
[2025-08-19T09:06:32.883+0000] {processor.py:183} INFO - Processing /home/airflow/.local/lib/python3.12/site-packages/airflow/example_dags/tutorial_dag.py took 0.089 seconds
[2025-08-19T09:07:02.978+0000] {processor.py:161} INFO - Started process (PID=2090) to work on /home/airflow/.local/lib/python3.12/site-packages/airflow/example_dags/tutorial_dag.py
[2025-08-19T09:07:02.979+0000] {processor.py:830} INFO - Processing file /home/airflow/.local/lib/python3.12/site-packages/airflow/example_dags/tutorial_dag.py for tasks to queue
[2025-08-19T09:07:02.982+0000] {logging_mixin.py:188} INFO - [2025-08-19T09:07:02.982+0000] {dagbag.py:540} INFO - Filling up the DagBag from /home/airflow/.local/lib/python3.12/site-packages/airflow/example_dags/tutorial_dag.py
[2025-08-19T09:07:02.992+0000] {processor.py:840} INFO - DAG(s) 'tutorial_dag' retrieved from /home/airflow/.local/lib/python3.12/site-packages/airflow/example_dags/tutorial_dag.py
[2025-08-19T09:07:03.030+0000] {logging_mixin.py:188} INFO - [2025-08-19T09:07:03.029+0000] {dag.py:3096} INFO - Sync 1 DAGs
[2025-08-19T09:07:03.049+0000] {logging_mixin.py:188} INFO - [2025-08-19T09:07:03.049+0000] {dag.py:3954} INFO - Setting next_dagrun for tutorial_dag to None, run_after=None
[2025-08-19T09:07:03.076+0000] {processor.py:183} INFO - Processing /home/airflow/.local/lib/python3.12/site-packages/airflow/example_dags/tutorial_dag.py took 0.106 seconds
[2025-08-19T09:07:33.234+0000] {processor.py:161} INFO - Started process (PID=2147) to work on /home/airflow/.local/lib/python3.12/site-packages/airflow/example_dags/tutorial_dag.py
[2025-08-19T09:07:33.236+0000] {processor.py:830} INFO - Processing file /home/airflow/.local/lib/python3.12/site-packages/airflow/example_dags/tutorial_dag.py for tasks to queue
[2025-08-19T09:07:33.238+0000] {logging_mixin.py:188} INFO - [2025-08-19T09:07:33.238+0000] {dagbag.py:540} INFO - Filling up the DagBag from /home/airflow/.local/lib/python3.12/site-packages/airflow/example_dags/tutorial_dag.py
[2025-08-19T09:07:33.246+0000] {processor.py:840} INFO - DAG(s) 'tutorial_dag' retrieved from /home/airflow/.local/lib/python3.12/site-packages/airflow/example_dags/tutorial_dag.py
[2025-08-19T09:07:33.273+0000] {logging_mixin.py:188} INFO - [2025-08-19T09:07:33.272+0000] {dag.py:3096} INFO - Sync 1 DAGs
[2025-08-19T09:07:33.289+0000] {logging_mixin.py:188} INFO - [2025-08-19T09:07:33.289+0000] {dag.py:3954} INFO - Setting next_dagrun for tutorial_dag to None, run_after=None
[2025-08-19T09:07:33.312+0000] {processor.py:183} INFO - Processing /home/airflow/.local/lib/python3.12/site-packages/airflow/example_dags/tutorial_dag.py took 0.086 seconds
[2025-08-19T09:08:03.518+0000] {processor.py:161} INFO - Started process (PID=2205) to work on /home/airflow/.local/lib/python3.12/site-packages/airflow/example_dags/tutorial_dag.py
[2025-08-19T09:08:03.519+0000] {processor.py:830} INFO - Processing file /home/airflow/.local/lib/python3.12/site-packages/airflow/example_dags/tutorial_dag.py for tasks to queue
[2025-08-19T09:08:03.521+0000] {logging_mixin.py:188} INFO - [2025-08-19T09:08:03.521+0000] {dagbag.py:540} INFO - Filling up the DagBag from /home/airflow/.local/lib/python3.12/site-packages/airflow/example_dags/tutorial_dag.py
[2025-08-19T09:08:03.528+0000] {processor.py:840} INFO - DAG(s) 'tutorial_dag' retrieved from /home/airflow/.local/lib/python3.12/site-packages/airflow/example_dags/tutorial_dag.py
[2025-08-19T09:08:03.552+0000] {logging_mixin.py:188} INFO - [2025-08-19T09:08:03.551+0000] {dag.py:3096} INFO - Sync 1 DAGs
[2025-08-19T09:08:03.566+0000] {logging_mixin.py:188} INFO - [2025-08-19T09:08:03.566+0000] {dag.py:3954} INFO - Setting next_dagrun for tutorial_dag to None, run_after=None
[2025-08-19T09:08:03.584+0000] {processor.py:183} INFO - Processing /home/airflow/.local/lib/python3.12/site-packages/airflow/example_dags/tutorial_dag.py took 0.074 seconds
[2025-08-19T09:08:34.255+0000] {processor.py:161} INFO - Started process (PID=2263) to work on /home/airflow/.local/lib/python3.12/site-packages/airflow/example_dags/tutorial_dag.py
[2025-08-19T09:08:34.257+0000] {processor.py:830} INFO - Processing file /home/airflow/.local/lib/python3.12/site-packages/airflow/example_dags/tutorial_dag.py for tasks to queue
[2025-08-19T09:08:34.260+0000] {logging_mixin.py:188} INFO - [2025-08-19T09:08:34.259+0000] {dagbag.py:540} INFO - Filling up the DagBag from /home/airflow/.local/lib/python3.12/site-packages/airflow/example_dags/tutorial_dag.py
[2025-08-19T09:08:34.270+0000] {processor.py:840} INFO - DAG(s) 'tutorial_dag' retrieved from /home/airflow/.local/lib/python3.12/site-packages/airflow/example_dags/tutorial_dag.py
[2025-08-19T09:08:34.304+0000] {logging_mixin.py:188} INFO - [2025-08-19T09:08:34.303+0000] {dag.py:3096} INFO - Sync 1 DAGs
[2025-08-19T09:08:34.325+0000] {logging_mixin.py:188} INFO - [2025-08-19T09:08:34.324+0000] {dag.py:3954} INFO - Setting next_dagrun for tutorial_dag to None, run_after=None
[2025-08-19T09:08:34.353+0000] {processor.py:183} INFO - Processing /home/airflow/.local/lib/python3.12/site-packages/airflow/example_dags/tutorial_dag.py took 0.107 seconds
[2025-08-19T09:09:04.712+0000] {processor.py:161} INFO - Started process (PID=2321) to work on /home/airflow/.local/lib/python3.12/site-packages/airflow/example_dags/tutorial_dag.py
[2025-08-19T09:09:04.713+0000] {processor.py:830} INFO - Processing file /home/airflow/.local/lib/python3.12/site-packages/airflow/example_dags/tutorial_dag.py for tasks to queue
[2025-08-19T09:09:04.715+0000] {logging_mixin.py:188} INFO - [2025-08-19T09:09:04.715+0000] {dagbag.py:540} INFO - Filling up the DagBag from /home/airflow/.local/lib/python3.12/site-packages/airflow/example_dags/tutorial_dag.py
[2025-08-19T09:09:04.722+0000] {processor.py:840} INFO - DAG(s) 'tutorial_dag' retrieved from /home/airflow/.local/lib/python3.12/site-packages/airflow/example_dags/tutorial_dag.py
[2025-08-19T09:09:04.747+0000] {logging_mixin.py:188} INFO - [2025-08-19T09:09:04.746+0000] {dag.py:3096} INFO - Sync 1 DAGs
[2025-08-19T09:09:04.763+0000] {logging_mixin.py:188} INFO - [2025-08-19T09:09:04.763+0000] {dag.py:3954} INFO - Setting next_dagrun for tutorial_dag to None, run_after=None
[2025-08-19T09:09:04.783+0000] {processor.py:183} INFO - Processing /home/airflow/.local/lib/python3.12/site-packages/airflow/example_dags/tutorial_dag.py took 0.079 seconds
[2025-08-19T09:09:35.270+0000] {processor.py:161} INFO - Started process (PID=2379) to work on /home/airflow/.local/lib/python3.12/site-packages/airflow/example_dags/tutorial_dag.py
[2025-08-19T09:09:35.271+0000] {processor.py:830} INFO - Processing file /home/airflow/.local/lib/python3.12/site-packages/airflow/example_dags/tutorial_dag.py for tasks to queue
[2025-08-19T09:09:35.273+0000] {logging_mixin.py:188} INFO - [2025-08-19T09:09:35.273+0000] {dagbag.py:540} INFO - Filling up the DagBag from /home/airflow/.local/lib/python3.12/site-packages/airflow/example_dags/tutorial_dag.py
[2025-08-19T09:09:35.281+0000] {processor.py:840} INFO - DAG(s) 'tutorial_dag' retrieved from /home/airflow/.local/lib/python3.12/site-packages/airflow/example_dags/tutorial_dag.py
[2025-08-19T09:09:35.306+0000] {logging_mixin.py:188} INFO - [2025-08-19T09:09:35.306+0000] {dag.py:3096} INFO - Sync 1 DAGs
[2025-08-19T09:09:35.321+0000] {logging_mixin.py:188} INFO - [2025-08-19T09:09:35.321+0000] {dag.py:3954} INFO - Setting next_dagrun for tutorial_dag to None, run_after=None
[2025-08-19T09:09:35.343+0000] {processor.py:183} INFO - Processing /home/airflow/.local/lib/python3.12/site-packages/airflow/example_dags/tutorial_dag.py took 0.081 seconds
[2025-08-19T09:10:05.866+0000] {processor.py:161} INFO - Started process (PID=2437) to work on /home/airflow/.local/lib/python3.12/site-packages/airflow/example_dags/tutorial_dag.py
[2025-08-19T09:10:05.867+0000] {processor.py:830} INFO - Processing file /home/airflow/.local/lib/python3.12/site-packages/airflow/example_dags/tutorial_dag.py for tasks to queue
[2025-08-19T09:10:05.870+0000] {logging_mixin.py:188} INFO - [2025-08-19T09:10:05.869+0000] {dagbag.py:540} INFO - Filling up the DagBag from /home/airflow/.local/lib/python3.12/site-packages/airflow/example_dags/tutorial_dag.py
[2025-08-19T09:10:05.877+0000] {processor.py:840} INFO - DAG(s) 'tutorial_dag' retrieved from /home/airflow/.local/lib/python3.12/site-packages/airflow/example_dags/tutorial_dag.py
[2025-08-19T09:10:05.901+0000] {logging_mixin.py:188} INFO - [2025-08-19T09:10:05.900+0000] {dag.py:3096} INFO - Sync 1 DAGs
[2025-08-19T09:10:05.915+0000] {logging_mixin.py:188} INFO - [2025-08-19T09:10:05.915+0000] {dag.py:3954} INFO - Setting next_dagrun for tutorial_dag to None, run_after=None
[2025-08-19T09:10:05.933+0000] {processor.py:183} INFO - Processing /home/airflow/.local/lib/python3.12/site-packages/airflow/example_dags/tutorial_dag.py took 0.075 seconds
[2025-08-19T09:10:36.765+0000] {processor.py:161} INFO - Started process (PID=2496) to work on /home/airflow/.local/lib/python3.12/site-packages/airflow/example_dags/tutorial_dag.py
[2025-08-19T09:10:36.766+0000] {processor.py:830} INFO - Processing file /home/airflow/.local/lib/python3.12/site-packages/airflow/example_dags/tutorial_dag.py for tasks to queue
[2025-08-19T09:10:36.769+0000] {logging_mixin.py:188} INFO - [2025-08-19T09:10:36.768+0000] {dagbag.py:540} INFO - Filling up the DagBag from /home/airflow/.local/lib/python3.12/site-packages/airflow/example_dags/tutorial_dag.py
[2025-08-19T09:10:36.777+0000] {processor.py:840} INFO - DAG(s) 'tutorial_dag' retrieved from /home/airflow/.local/lib/python3.12/site-packages/airflow/example_dags/tutorial_dag.py
[2025-08-19T09:10:36.804+0000] {logging_mixin.py:188} INFO - [2025-08-19T09:10:36.804+0000] {dag.py:3096} INFO - Sync 1 DAGs
[2025-08-19T09:10:36.820+0000] {logging_mixin.py:188} INFO - [2025-08-19T09:10:36.820+0000] {dag.py:3954} INFO - Setting next_dagrun for tutorial_dag to None, run_after=None
[2025-08-19T09:10:36.844+0000] {processor.py:183} INFO - Processing /home/airflow/.local/lib/python3.12/site-packages/airflow/example_dags/tutorial_dag.py took 0.088 seconds
[2025-08-19T09:11:07.286+0000] {processor.py:161} INFO - Started process (PID=2554) to work on /home/airflow/.local/lib/python3.12/site-packages/airflow/example_dags/tutorial_dag.py
[2025-08-19T09:11:07.287+0000] {processor.py:830} INFO - Processing file /home/airflow/.local/lib/python3.12/site-packages/airflow/example_dags/tutorial_dag.py for tasks to queue
[2025-08-19T09:11:07.289+0000] {logging_mixin.py:188} INFO - [2025-08-19T09:11:07.289+0000] {dagbag.py:540} INFO - Filling up the DagBag from /home/airflow/.local/lib/python3.12/site-packages/airflow/example_dags/tutorial_dag.py
[2025-08-19T09:11:07.297+0000] {processor.py:840} INFO - DAG(s) 'tutorial_dag' retrieved from /home/airflow/.local/lib/python3.12/site-packages/airflow/example_dags/tutorial_dag.py
[2025-08-19T09:11:07.323+0000] {logging_mixin.py:188} INFO - [2025-08-19T09:11:07.322+0000] {dag.py:3096} INFO - Sync 1 DAGs
[2025-08-19T09:11:07.339+0000] {logging_mixin.py:188} INFO - [2025-08-19T09:11:07.339+0000] {dag.py:3954} INFO - Setting next_dagrun for tutorial_dag to None, run_after=None
[2025-08-19T09:11:07.360+0000] {processor.py:183} INFO - Processing /home/airflow/.local/lib/python3.12/site-packages/airflow/example_dags/tutorial_dag.py took 0.082 seconds
