[2025-08-19T08:49:41.273+0000] {processor.py:161} INFO - Started process (PID=75) to work on /home/airflow/.local/lib/python3.12/site-packages/airflow/example_dags/tutorial.py
[2025-08-19T08:49:41.274+0000] {processor.py:830} INFO - Processing file /home/airflow/.local/lib/python3.12/site-packages/airflow/example_dags/tutorial.py for tasks to queue
[2025-08-19T08:49:41.277+0000] {logging_mixin.py:188} INFO - [2025-08-19T08:49:41.276+0000] {dagbag.py:540} INFO - Filling up the DagBag from /home/airflow/.local/lib/python3.12/site-packages/airflow/example_dags/tutorial.py
[2025-08-19T08:49:41.285+0000] {processor.py:840} INFO - DAG(s) 'tutorial' retrieved from /home/airflow/.local/lib/python3.12/site-packages/airflow/example_dags/tutorial.py
[2025-08-19T08:49:41.427+0000] {logging_mixin.py:188} INFO - [2025-08-19T08:49:41.427+0000] {dag.py:3096} INFO - Sync 1 DAGs
[2025-08-19T08:49:41.451+0000] {logging_mixin.py:188} INFO - [2025-08-19T08:49:41.450+0000] {dag.py:3954} INFO - Setting next_dagrun for tutorial to 2025-08-18 00:00:00+00:00, run_after=2025-08-19 00:00:00+00:00
[2025-08-19T08:49:41.473+0000] {processor.py:183} INFO - Processing /home/airflow/.local/lib/python3.12/site-packages/airflow/example_dags/tutorial.py took 0.209 seconds
[2025-08-19T08:50:11.982+0000] {processor.py:161} INFO - Started process (PID=133) to work on /home/airflow/.local/lib/python3.12/site-packages/airflow/example_dags/tutorial.py
[2025-08-19T08:50:11.983+0000] {processor.py:830} INFO - Processing file /home/airflow/.local/lib/python3.12/site-packages/airflow/example_dags/tutorial.py for tasks to queue
[2025-08-19T08:50:11.986+0000] {logging_mixin.py:188} INFO - [2025-08-19T08:50:11.985+0000] {dagbag.py:540} INFO - Filling up the DagBag from /home/airflow/.local/lib/python3.12/site-packages/airflow/example_dags/tutorial.py
[2025-08-19T08:50:11.994+0000] {processor.py:840} INFO - DAG(s) 'tutorial' retrieved from /home/airflow/.local/lib/python3.12/site-packages/airflow/example_dags/tutorial.py
[2025-08-19T08:50:12.024+0000] {logging_mixin.py:188} INFO - [2025-08-19T08:50:12.023+0000] {dag.py:3096} INFO - Sync 1 DAGs
[2025-08-19T08:50:12.055+0000] {logging_mixin.py:188} INFO - [2025-08-19T08:50:12.054+0000] {dag.py:3954} INFO - Setting next_dagrun for tutorial to 2025-08-18 00:00:00+00:00, run_after=2025-08-19 00:00:00+00:00
[2025-08-19T08:50:12.078+0000] {processor.py:183} INFO - Processing /home/airflow/.local/lib/python3.12/site-packages/airflow/example_dags/tutorial.py took 0.104 seconds
[2025-08-19T08:50:42.423+0000] {processor.py:161} INFO - Started process (PID=190) to work on /home/airflow/.local/lib/python3.12/site-packages/airflow/example_dags/tutorial.py
[2025-08-19T08:50:42.424+0000] {processor.py:830} INFO - Processing file /home/airflow/.local/lib/python3.12/site-packages/airflow/example_dags/tutorial.py for tasks to queue
[2025-08-19T08:50:42.427+0000] {logging_mixin.py:188} INFO - [2025-08-19T08:50:42.426+0000] {dagbag.py:540} INFO - Filling up the DagBag from /home/airflow/.local/lib/python3.12/site-packages/airflow/example_dags/tutorial.py
[2025-08-19T08:50:42.434+0000] {processor.py:840} INFO - DAG(s) 'tutorial' retrieved from /home/airflow/.local/lib/python3.12/site-packages/airflow/example_dags/tutorial.py
[2025-08-19T08:50:42.448+0000] {logging_mixin.py:188} INFO - [2025-08-19T08:50:42.447+0000] {dag.py:3096} INFO - Sync 1 DAGs
[2025-08-19T08:50:42.473+0000] {logging_mixin.py:188} INFO - [2025-08-19T08:50:42.472+0000] {dag.py:3954} INFO - Setting next_dagrun for tutorial to 2025-08-18 00:00:00+00:00, run_after=2025-08-19 00:00:00+00:00
[2025-08-19T08:50:42.492+0000] {processor.py:183} INFO - Processing /home/airflow/.local/lib/python3.12/site-packages/airflow/example_dags/tutorial.py took 0.076 seconds
[2025-08-19T08:51:13.324+0000] {processor.py:161} INFO - Started process (PID=248) to work on /home/airflow/.local/lib/python3.12/site-packages/airflow/example_dags/tutorial.py
[2025-08-19T08:51:13.326+0000] {processor.py:830} INFO - Processing file /home/airflow/.local/lib/python3.12/site-packages/airflow/example_dags/tutorial.py for tasks to queue
[2025-08-19T08:51:13.328+0000] {logging_mixin.py:188} INFO - [2025-08-19T08:51:13.328+0000] {dagbag.py:540} INFO - Filling up the DagBag from /home/airflow/.local/lib/python3.12/site-packages/airflow/example_dags/tutorial.py
[2025-08-19T08:51:13.336+0000] {processor.py:840} INFO - DAG(s) 'tutorial' retrieved from /home/airflow/.local/lib/python3.12/site-packages/airflow/example_dags/tutorial.py
[2025-08-19T08:51:13.525+0000] {logging_mixin.py:188} INFO - [2025-08-19T08:51:13.524+0000] {dag.py:3096} INFO - Sync 1 DAGs
[2025-08-19T08:51:13.555+0000] {logging_mixin.py:188} INFO - [2025-08-19T08:51:13.555+0000] {dag.py:3954} INFO - Setting next_dagrun for tutorial to 2025-08-18 00:00:00+00:00, run_after=2025-08-19 00:00:00+00:00
[2025-08-19T08:51:13.584+0000] {processor.py:183} INFO - Processing /home/airflow/.local/lib/python3.12/site-packages/airflow/example_dags/tutorial.py took 0.267 seconds
[2025-08-19T08:51:44.329+0000] {processor.py:161} INFO - Started process (PID=313) to work on /home/airflow/.local/lib/python3.12/site-packages/airflow/example_dags/tutorial.py
[2025-08-19T08:51:44.330+0000] {processor.py:830} INFO - Processing file /home/airflow/.local/lib/python3.12/site-packages/airflow/example_dags/tutorial.py for tasks to queue
[2025-08-19T08:51:44.333+0000] {logging_mixin.py:188} INFO - [2025-08-19T08:51:44.332+0000] {dagbag.py:540} INFO - Filling up the DagBag from /home/airflow/.local/lib/python3.12/site-packages/airflow/example_dags/tutorial.py
[2025-08-19T08:51:44.340+0000] {processor.py:840} INFO - DAG(s) 'tutorial' retrieved from /home/airflow/.local/lib/python3.12/site-packages/airflow/example_dags/tutorial.py
[2025-08-19T08:51:44.366+0000] {logging_mixin.py:188} INFO - [2025-08-19T08:51:44.365+0000] {dag.py:3096} INFO - Sync 1 DAGs
[2025-08-19T08:51:44.392+0000] {logging_mixin.py:188} INFO - [2025-08-19T08:51:44.391+0000] {dag.py:3954} INFO - Setting next_dagrun for tutorial to 2025-08-18 00:00:00+00:00, run_after=2025-08-19 00:00:00+00:00
[2025-08-19T08:51:44.413+0000] {processor.py:183} INFO - Processing /home/airflow/.local/lib/python3.12/site-packages/airflow/example_dags/tutorial.py took 0.092 seconds
[2025-08-19T08:52:14.633+0000] {processor.py:161} INFO - Started process (PID=371) to work on /home/airflow/.local/lib/python3.12/site-packages/airflow/example_dags/tutorial.py
[2025-08-19T08:52:14.634+0000] {processor.py:830} INFO - Processing file /home/airflow/.local/lib/python3.12/site-packages/airflow/example_dags/tutorial.py for tasks to queue
[2025-08-19T08:52:14.637+0000] {logging_mixin.py:188} INFO - [2025-08-19T08:52:14.636+0000] {dagbag.py:540} INFO - Filling up the DagBag from /home/airflow/.local/lib/python3.12/site-packages/airflow/example_dags/tutorial.py
[2025-08-19T08:52:14.645+0000] {processor.py:840} INFO - DAG(s) 'tutorial' retrieved from /home/airflow/.local/lib/python3.12/site-packages/airflow/example_dags/tutorial.py
[2025-08-19T08:52:14.673+0000] {logging_mixin.py:188} INFO - [2025-08-19T08:52:14.672+0000] {dag.py:3096} INFO - Sync 1 DAGs
[2025-08-19T08:52:14.702+0000] {logging_mixin.py:188} INFO - [2025-08-19T08:52:14.702+0000] {dag.py:3954} INFO - Setting next_dagrun for tutorial to 2025-08-18 00:00:00+00:00, run_after=2025-08-19 00:00:00+00:00
[2025-08-19T08:52:14.727+0000] {processor.py:183} INFO - Processing /home/airflow/.local/lib/python3.12/site-packages/airflow/example_dags/tutorial.py took 0.103 seconds
[2025-08-19T08:52:44.964+0000] {processor.py:161} INFO - Started process (PID=430) to work on /home/airflow/.local/lib/python3.12/site-packages/airflow/example_dags/tutorial.py
[2025-08-19T08:52:44.965+0000] {processor.py:830} INFO - Processing file /home/airflow/.local/lib/python3.12/site-packages/airflow/example_dags/tutorial.py for tasks to queue
[2025-08-19T08:52:44.967+0000] {logging_mixin.py:188} INFO - [2025-08-19T08:52:44.967+0000] {dagbag.py:540} INFO - Filling up the DagBag from /home/airflow/.local/lib/python3.12/site-packages/airflow/example_dags/tutorial.py
[2025-08-19T08:52:44.975+0000] {processor.py:840} INFO - DAG(s) 'tutorial' retrieved from /home/airflow/.local/lib/python3.12/site-packages/airflow/example_dags/tutorial.py
[2025-08-19T08:52:45.002+0000] {logging_mixin.py:188} INFO - [2025-08-19T08:52:45.001+0000] {dag.py:3096} INFO - Sync 1 DAGs
[2025-08-19T08:52:45.027+0000] {logging_mixin.py:188} INFO - [2025-08-19T08:52:45.026+0000] {dag.py:3954} INFO - Setting next_dagrun for tutorial to 2025-08-18 00:00:00+00:00, run_after=2025-08-19 00:00:00+00:00
[2025-08-19T08:52:45.049+0000] {processor.py:183} INFO - Processing /home/airflow/.local/lib/python3.12/site-packages/airflow/example_dags/tutorial.py took 0.093 seconds
[2025-08-19T08:53:15.177+0000] {processor.py:161} INFO - Started process (PID=489) to work on /home/airflow/.local/lib/python3.12/site-packages/airflow/example_dags/tutorial.py
[2025-08-19T08:53:15.178+0000] {processor.py:830} INFO - Processing file /home/airflow/.local/lib/python3.12/site-packages/airflow/example_dags/tutorial.py for tasks to queue
[2025-08-19T08:53:15.181+0000] {logging_mixin.py:188} INFO - [2025-08-19T08:53:15.180+0000] {dagbag.py:540} INFO - Filling up the DagBag from /home/airflow/.local/lib/python3.12/site-packages/airflow/example_dags/tutorial.py
[2025-08-19T08:53:15.188+0000] {processor.py:840} INFO - DAG(s) 'tutorial' retrieved from /home/airflow/.local/lib/python3.12/site-packages/airflow/example_dags/tutorial.py
[2025-08-19T08:53:15.213+0000] {logging_mixin.py:188} INFO - [2025-08-19T08:53:15.213+0000] {dag.py:3096} INFO - Sync 1 DAGs
[2025-08-19T08:53:15.237+0000] {logging_mixin.py:188} INFO - [2025-08-19T08:53:15.237+0000] {dag.py:3954} INFO - Setting next_dagrun for tutorial to 2025-08-18 00:00:00+00:00, run_after=2025-08-19 00:00:00+00:00
[2025-08-19T08:53:15.257+0000] {processor.py:183} INFO - Processing /home/airflow/.local/lib/python3.12/site-packages/airflow/example_dags/tutorial.py took 0.087 seconds
[2025-08-19T08:53:45.382+0000] {processor.py:161} INFO - Started process (PID=547) to work on /home/airflow/.local/lib/python3.12/site-packages/airflow/example_dags/tutorial.py
[2025-08-19T08:53:45.384+0000] {processor.py:830} INFO - Processing file /home/airflow/.local/lib/python3.12/site-packages/airflow/example_dags/tutorial.py for tasks to queue
[2025-08-19T08:53:45.386+0000] {logging_mixin.py:188} INFO - [2025-08-19T08:53:45.386+0000] {dagbag.py:540} INFO - Filling up the DagBag from /home/airflow/.local/lib/python3.12/site-packages/airflow/example_dags/tutorial.py
[2025-08-19T08:53:45.394+0000] {processor.py:840} INFO - DAG(s) 'tutorial' retrieved from /home/airflow/.local/lib/python3.12/site-packages/airflow/example_dags/tutorial.py
[2025-08-19T08:53:45.418+0000] {logging_mixin.py:188} INFO - [2025-08-19T08:53:45.418+0000] {dag.py:3096} INFO - Sync 1 DAGs
[2025-08-19T08:53:45.444+0000] {logging_mixin.py:188} INFO - [2025-08-19T08:53:45.444+0000] {dag.py:3954} INFO - Setting next_dagrun for tutorial to 2025-08-18 00:00:00+00:00, run_after=2025-08-19 00:00:00+00:00
[2025-08-19T08:53:45.465+0000] {processor.py:183} INFO - Processing /home/airflow/.local/lib/python3.12/site-packages/airflow/example_dags/tutorial.py took 0.090 seconds
[2025-08-19T08:54:15.712+0000] {processor.py:161} INFO - Started process (PID=605) to work on /home/airflow/.local/lib/python3.12/site-packages/airflow/example_dags/tutorial.py
[2025-08-19T08:54:15.713+0000] {processor.py:830} INFO - Processing file /home/airflow/.local/lib/python3.12/site-packages/airflow/example_dags/tutorial.py for tasks to queue
[2025-08-19T08:54:15.716+0000] {logging_mixin.py:188} INFO - [2025-08-19T08:54:15.716+0000] {dagbag.py:540} INFO - Filling up the DagBag from /home/airflow/.local/lib/python3.12/site-packages/airflow/example_dags/tutorial.py
[2025-08-19T08:54:15.724+0000] {processor.py:840} INFO - DAG(s) 'tutorial' retrieved from /home/airflow/.local/lib/python3.12/site-packages/airflow/example_dags/tutorial.py
[2025-08-19T08:54:15.749+0000] {logging_mixin.py:188} INFO - [2025-08-19T08:54:15.749+0000] {dag.py:3096} INFO - Sync 1 DAGs
[2025-08-19T08:54:15.774+0000] {logging_mixin.py:188} INFO - [2025-08-19T08:54:15.773+0000] {dag.py:3954} INFO - Setting next_dagrun for tutorial to 2025-08-18 00:00:00+00:00, run_after=2025-08-19 00:00:00+00:00
[2025-08-19T08:54:15.793+0000] {processor.py:183} INFO - Processing /home/airflow/.local/lib/python3.12/site-packages/airflow/example_dags/tutorial.py took 0.089 seconds
[2025-08-19T08:54:46.225+0000] {processor.py:161} INFO - Started process (PID=663) to work on /home/airflow/.local/lib/python3.12/site-packages/airflow/example_dags/tutorial.py
[2025-08-19T08:54:46.226+0000] {processor.py:830} INFO - Processing file /home/airflow/.local/lib/python3.12/site-packages/airflow/example_dags/tutorial.py for tasks to queue
[2025-08-19T08:54:46.229+0000] {logging_mixin.py:188} INFO - [2025-08-19T08:54:46.228+0000] {dagbag.py:540} INFO - Filling up the DagBag from /home/airflow/.local/lib/python3.12/site-packages/airflow/example_dags/tutorial.py
[2025-08-19T08:54:46.237+0000] {processor.py:840} INFO - DAG(s) 'tutorial' retrieved from /home/airflow/.local/lib/python3.12/site-packages/airflow/example_dags/tutorial.py
[2025-08-19T08:54:46.264+0000] {logging_mixin.py:188} INFO - [2025-08-19T08:54:46.264+0000] {dag.py:3096} INFO - Sync 1 DAGs
[2025-08-19T08:54:46.292+0000] {logging_mixin.py:188} INFO - [2025-08-19T08:54:46.292+0000] {dag.py:3954} INFO - Setting next_dagrun for tutorial to 2025-08-18 00:00:00+00:00, run_after=2025-08-19 00:00:00+00:00
[2025-08-19T08:54:46.315+0000] {processor.py:183} INFO - Processing /home/airflow/.local/lib/python3.12/site-packages/airflow/example_dags/tutorial.py took 0.098 seconds
[2025-08-19T08:55:16.793+0000] {processor.py:161} INFO - Started process (PID=721) to work on /home/airflow/.local/lib/python3.12/site-packages/airflow/example_dags/tutorial.py
[2025-08-19T08:55:16.794+0000] {processor.py:830} INFO - Processing file /home/airflow/.local/lib/python3.12/site-packages/airflow/example_dags/tutorial.py for tasks to queue
[2025-08-19T08:55:16.797+0000] {logging_mixin.py:188} INFO - [2025-08-19T08:55:16.796+0000] {dagbag.py:540} INFO - Filling up the DagBag from /home/airflow/.local/lib/python3.12/site-packages/airflow/example_dags/tutorial.py
[2025-08-19T08:55:16.805+0000] {processor.py:840} INFO - DAG(s) 'tutorial' retrieved from /home/airflow/.local/lib/python3.12/site-packages/airflow/example_dags/tutorial.py
[2025-08-19T08:55:16.831+0000] {logging_mixin.py:188} INFO - [2025-08-19T08:55:16.830+0000] {dag.py:3096} INFO - Sync 1 DAGs
[2025-08-19T08:55:16.856+0000] {logging_mixin.py:188} INFO - [2025-08-19T08:55:16.856+0000] {dag.py:3954} INFO - Setting next_dagrun for tutorial to 2025-08-18 00:00:00+00:00, run_after=2025-08-19 00:00:00+00:00
[2025-08-19T08:55:16.878+0000] {processor.py:183} INFO - Processing /home/airflow/.local/lib/python3.12/site-packages/airflow/example_dags/tutorial.py took 0.093 seconds
[2025-08-19T08:55:47.194+0000] {processor.py:161} INFO - Started process (PID=779) to work on /home/airflow/.local/lib/python3.12/site-packages/airflow/example_dags/tutorial.py
[2025-08-19T08:55:47.196+0000] {processor.py:830} INFO - Processing file /home/airflow/.local/lib/python3.12/site-packages/airflow/example_dags/tutorial.py for tasks to queue
[2025-08-19T08:55:47.199+0000] {logging_mixin.py:188} INFO - [2025-08-19T08:55:47.199+0000] {dagbag.py:540} INFO - Filling up the DagBag from /home/airflow/.local/lib/python3.12/site-packages/airflow/example_dags/tutorial.py
[2025-08-19T08:55:47.209+0000] {processor.py:840} INFO - DAG(s) 'tutorial' retrieved from /home/airflow/.local/lib/python3.12/site-packages/airflow/example_dags/tutorial.py
[2025-08-19T08:55:47.237+0000] {logging_mixin.py:188} INFO - [2025-08-19T08:55:47.236+0000] {dag.py:3096} INFO - Sync 1 DAGs
[2025-08-19T08:55:47.263+0000] {logging_mixin.py:188} INFO - [2025-08-19T08:55:47.263+0000] {dag.py:3954} INFO - Setting next_dagrun for tutorial to 2025-08-18 00:00:00+00:00, run_after=2025-08-19 00:00:00+00:00
[2025-08-19T08:55:47.459+0000] {processor.py:183} INFO - Processing /home/airflow/.local/lib/python3.12/site-packages/airflow/example_dags/tutorial.py took 0.274 seconds
[2025-08-19T08:56:17.673+0000] {processor.py:161} INFO - Started process (PID=837) to work on /home/airflow/.local/lib/python3.12/site-packages/airflow/example_dags/tutorial.py
[2025-08-19T08:56:17.675+0000] {processor.py:830} INFO - Processing file /home/airflow/.local/lib/python3.12/site-packages/airflow/example_dags/tutorial.py for tasks to queue
[2025-08-19T08:56:17.677+0000] {logging_mixin.py:188} INFO - [2025-08-19T08:56:17.677+0000] {dagbag.py:540} INFO - Filling up the DagBag from /home/airflow/.local/lib/python3.12/site-packages/airflow/example_dags/tutorial.py
[2025-08-19T08:56:17.685+0000] {processor.py:840} INFO - DAG(s) 'tutorial' retrieved from /home/airflow/.local/lib/python3.12/site-packages/airflow/example_dags/tutorial.py
[2025-08-19T08:56:17.710+0000] {logging_mixin.py:188} INFO - [2025-08-19T08:56:17.710+0000] {dag.py:3096} INFO - Sync 1 DAGs
[2025-08-19T08:56:17.736+0000] {logging_mixin.py:188} INFO - [2025-08-19T08:56:17.736+0000] {dag.py:3954} INFO - Setting next_dagrun for tutorial to 2025-08-18 00:00:00+00:00, run_after=2025-08-19 00:00:00+00:00
[2025-08-19T08:56:17.905+0000] {processor.py:183} INFO - Processing /home/airflow/.local/lib/python3.12/site-packages/airflow/example_dags/tutorial.py took 0.240 seconds
[2025-08-19T08:56:48.062+0000] {processor.py:161} INFO - Started process (PID=895) to work on /home/airflow/.local/lib/python3.12/site-packages/airflow/example_dags/tutorial.py
[2025-08-19T08:56:48.063+0000] {processor.py:830} INFO - Processing file /home/airflow/.local/lib/python3.12/site-packages/airflow/example_dags/tutorial.py for tasks to queue
[2025-08-19T08:56:48.066+0000] {logging_mixin.py:188} INFO - [2025-08-19T08:56:48.065+0000] {dagbag.py:540} INFO - Filling up the DagBag from /home/airflow/.local/lib/python3.12/site-packages/airflow/example_dags/tutorial.py
[2025-08-19T08:56:48.073+0000] {processor.py:840} INFO - DAG(s) 'tutorial' retrieved from /home/airflow/.local/lib/python3.12/site-packages/airflow/example_dags/tutorial.py
[2025-08-19T08:56:48.098+0000] {logging_mixin.py:188} INFO - [2025-08-19T08:56:48.098+0000] {dag.py:3096} INFO - Sync 1 DAGs
[2025-08-19T08:56:48.122+0000] {logging_mixin.py:188} INFO - [2025-08-19T08:56:48.122+0000] {dag.py:3954} INFO - Setting next_dagrun for tutorial to 2025-08-18 00:00:00+00:00, run_after=2025-08-19 00:00:00+00:00
[2025-08-19T08:56:48.287+0000] {processor.py:183} INFO - Processing /home/airflow/.local/lib/python3.12/site-packages/airflow/example_dags/tutorial.py took 0.233 seconds
[2025-08-19T08:57:18.614+0000] {processor.py:161} INFO - Started process (PID=954) to work on /home/airflow/.local/lib/python3.12/site-packages/airflow/example_dags/tutorial.py
[2025-08-19T08:57:18.616+0000] {processor.py:830} INFO - Processing file /home/airflow/.local/lib/python3.12/site-packages/airflow/example_dags/tutorial.py for tasks to queue
[2025-08-19T08:57:18.618+0000] {logging_mixin.py:188} INFO - [2025-08-19T08:57:18.618+0000] {dagbag.py:540} INFO - Filling up the DagBag from /home/airflow/.local/lib/python3.12/site-packages/airflow/example_dags/tutorial.py
[2025-08-19T08:57:18.625+0000] {processor.py:840} INFO - DAG(s) 'tutorial' retrieved from /home/airflow/.local/lib/python3.12/site-packages/airflow/example_dags/tutorial.py
[2025-08-19T08:57:18.650+0000] {logging_mixin.py:188} INFO - [2025-08-19T08:57:18.650+0000] {dag.py:3096} INFO - Sync 1 DAGs
[2025-08-19T08:57:18.675+0000] {logging_mixin.py:188} INFO - [2025-08-19T08:57:18.675+0000] {dag.py:3954} INFO - Setting next_dagrun for tutorial to 2025-08-18 00:00:00+00:00, run_after=2025-08-19 00:00:00+00:00
[2025-08-19T08:57:18.843+0000] {processor.py:183} INFO - Processing /home/airflow/.local/lib/python3.12/site-packages/airflow/example_dags/tutorial.py took 0.236 seconds
[2025-08-19T08:57:48.976+0000] {processor.py:161} INFO - Started process (PID=1012) to work on /home/airflow/.local/lib/python3.12/site-packages/airflow/example_dags/tutorial.py
[2025-08-19T08:57:48.977+0000] {processor.py:830} INFO - Processing file /home/airflow/.local/lib/python3.12/site-packages/airflow/example_dags/tutorial.py for tasks to queue
[2025-08-19T08:57:48.979+0000] {logging_mixin.py:188} INFO - [2025-08-19T08:57:48.979+0000] {dagbag.py:540} INFO - Filling up the DagBag from /home/airflow/.local/lib/python3.12/site-packages/airflow/example_dags/tutorial.py
[2025-08-19T08:57:48.987+0000] {processor.py:840} INFO - DAG(s) 'tutorial' retrieved from /home/airflow/.local/lib/python3.12/site-packages/airflow/example_dags/tutorial.py
[2025-08-19T08:57:49.013+0000] {logging_mixin.py:188} INFO - [2025-08-19T08:57:49.012+0000] {dag.py:3096} INFO - Sync 1 DAGs
[2025-08-19T08:57:49.038+0000] {logging_mixin.py:188} INFO - [2025-08-19T08:57:49.038+0000] {dag.py:3954} INFO - Setting next_dagrun for tutorial to 2025-08-18 00:00:00+00:00, run_after=2025-08-19 00:00:00+00:00
[2025-08-19T08:57:49.059+0000] {processor.py:183} INFO - Processing /home/airflow/.local/lib/python3.12/site-packages/airflow/example_dags/tutorial.py took 0.091 seconds
[2025-08-19T08:58:19.134+0000] {processor.py:161} INFO - Started process (PID=1069) to work on /home/airflow/.local/lib/python3.12/site-packages/airflow/example_dags/tutorial.py
[2025-08-19T08:58:19.135+0000] {processor.py:830} INFO - Processing file /home/airflow/.local/lib/python3.12/site-packages/airflow/example_dags/tutorial.py for tasks to queue
[2025-08-19T08:58:19.138+0000] {logging_mixin.py:188} INFO - [2025-08-19T08:58:19.138+0000] {dagbag.py:540} INFO - Filling up the DagBag from /home/airflow/.local/lib/python3.12/site-packages/airflow/example_dags/tutorial.py
[2025-08-19T08:58:19.146+0000] {processor.py:840} INFO - DAG(s) 'tutorial' retrieved from /home/airflow/.local/lib/python3.12/site-packages/airflow/example_dags/tutorial.py
[2025-08-19T08:58:19.172+0000] {logging_mixin.py:188} INFO - [2025-08-19T08:58:19.172+0000] {dag.py:3096} INFO - Sync 1 DAGs
[2025-08-19T08:58:19.202+0000] {logging_mixin.py:188} INFO - [2025-08-19T08:58:19.201+0000] {dag.py:3954} INFO - Setting next_dagrun for tutorial to 2025-08-18 00:00:00+00:00, run_after=2025-08-19 00:00:00+00:00
[2025-08-19T08:58:19.223+0000] {processor.py:183} INFO - Processing /home/airflow/.local/lib/python3.12/site-packages/airflow/example_dags/tutorial.py took 0.097 seconds
[2025-08-19T08:58:49.800+0000] {processor.py:161} INFO - Started process (PID=1128) to work on /home/airflow/.local/lib/python3.12/site-packages/airflow/example_dags/tutorial.py
[2025-08-19T08:58:49.801+0000] {processor.py:830} INFO - Processing file /home/airflow/.local/lib/python3.12/site-packages/airflow/example_dags/tutorial.py for tasks to queue
[2025-08-19T08:58:49.804+0000] {logging_mixin.py:188} INFO - [2025-08-19T08:58:49.803+0000] {dagbag.py:540} INFO - Filling up the DagBag from /home/airflow/.local/lib/python3.12/site-packages/airflow/example_dags/tutorial.py
[2025-08-19T08:58:49.811+0000] {processor.py:840} INFO - DAG(s) 'tutorial' retrieved from /home/airflow/.local/lib/python3.12/site-packages/airflow/example_dags/tutorial.py
[2025-08-19T08:58:49.837+0000] {logging_mixin.py:188} INFO - [2025-08-19T08:58:49.837+0000] {dag.py:3096} INFO - Sync 1 DAGs
[2025-08-19T08:58:49.863+0000] {logging_mixin.py:188} INFO - [2025-08-19T08:58:49.863+0000] {dag.py:3954} INFO - Setting next_dagrun for tutorial to 2025-08-18 00:00:00+00:00, run_after=2025-08-19 00:00:00+00:00
[2025-08-19T08:58:49.884+0000] {processor.py:183} INFO - Processing /home/airflow/.local/lib/python3.12/site-packages/airflow/example_dags/tutorial.py took 0.092 seconds
[2025-08-19T08:59:20.181+0000] {processor.py:161} INFO - Started process (PID=1186) to work on /home/airflow/.local/lib/python3.12/site-packages/airflow/example_dags/tutorial.py
[2025-08-19T08:59:20.183+0000] {processor.py:830} INFO - Processing file /home/airflow/.local/lib/python3.12/site-packages/airflow/example_dags/tutorial.py for tasks to queue
[2025-08-19T08:59:20.185+0000] {logging_mixin.py:188} INFO - [2025-08-19T08:59:20.185+0000] {dagbag.py:540} INFO - Filling up the DagBag from /home/airflow/.local/lib/python3.12/site-packages/airflow/example_dags/tutorial.py
[2025-08-19T08:59:20.192+0000] {processor.py:840} INFO - DAG(s) 'tutorial' retrieved from /home/airflow/.local/lib/python3.12/site-packages/airflow/example_dags/tutorial.py
[2025-08-19T08:59:20.217+0000] {logging_mixin.py:188} INFO - [2025-08-19T08:59:20.217+0000] {dag.py:3096} INFO - Sync 1 DAGs
[2025-08-19T08:59:20.243+0000] {logging_mixin.py:188} INFO - [2025-08-19T08:59:20.243+0000] {dag.py:3954} INFO - Setting next_dagrun for tutorial to 2025-08-18 00:00:00+00:00, run_after=2025-08-19 00:00:00+00:00
[2025-08-19T08:59:20.264+0000] {processor.py:183} INFO - Processing /home/airflow/.local/lib/python3.12/site-packages/airflow/example_dags/tutorial.py took 0.091 seconds
[2025-08-19T08:59:50.691+0000] {processor.py:161} INFO - Started process (PID=1244) to work on /home/airflow/.local/lib/python3.12/site-packages/airflow/example_dags/tutorial.py
[2025-08-19T08:59:50.692+0000] {processor.py:830} INFO - Processing file /home/airflow/.local/lib/python3.12/site-packages/airflow/example_dags/tutorial.py for tasks to queue
[2025-08-19T08:59:50.695+0000] {logging_mixin.py:188} INFO - [2025-08-19T08:59:50.694+0000] {dagbag.py:540} INFO - Filling up the DagBag from /home/airflow/.local/lib/python3.12/site-packages/airflow/example_dags/tutorial.py
[2025-08-19T08:59:50.703+0000] {processor.py:840} INFO - DAG(s) 'tutorial' retrieved from /home/airflow/.local/lib/python3.12/site-packages/airflow/example_dags/tutorial.py
[2025-08-19T08:59:50.728+0000] {logging_mixin.py:188} INFO - [2025-08-19T08:59:50.727+0000] {dag.py:3096} INFO - Sync 1 DAGs
[2025-08-19T08:59:50.755+0000] {logging_mixin.py:188} INFO - [2025-08-19T08:59:50.755+0000] {dag.py:3954} INFO - Setting next_dagrun for tutorial to 2025-08-18 00:00:00+00:00, run_after=2025-08-19 00:00:00+00:00
[2025-08-19T08:59:50.778+0000] {processor.py:183} INFO - Processing /home/airflow/.local/lib/python3.12/site-packages/airflow/example_dags/tutorial.py took 0.097 seconds
[2025-08-19T09:00:20.956+0000] {processor.py:161} INFO - Started process (PID=1302) to work on /home/airflow/.local/lib/python3.12/site-packages/airflow/example_dags/tutorial.py
[2025-08-19T09:00:20.958+0000] {processor.py:830} INFO - Processing file /home/airflow/.local/lib/python3.12/site-packages/airflow/example_dags/tutorial.py for tasks to queue
[2025-08-19T09:00:20.960+0000] {logging_mixin.py:188} INFO - [2025-08-19T09:00:20.960+0000] {dagbag.py:540} INFO - Filling up the DagBag from /home/airflow/.local/lib/python3.12/site-packages/airflow/example_dags/tutorial.py
[2025-08-19T09:00:20.968+0000] {processor.py:840} INFO - DAG(s) 'tutorial' retrieved from /home/airflow/.local/lib/python3.12/site-packages/airflow/example_dags/tutorial.py
[2025-08-19T09:00:20.993+0000] {logging_mixin.py:188} INFO - [2025-08-19T09:00:20.992+0000] {dag.py:3096} INFO - Sync 1 DAGs
[2025-08-19T09:00:21.017+0000] {logging_mixin.py:188} INFO - [2025-08-19T09:00:21.017+0000] {dag.py:3954} INFO - Setting next_dagrun for tutorial to 2025-08-18 00:00:00+00:00, run_after=2025-08-19 00:00:00+00:00
[2025-08-19T09:00:21.036+0000] {processor.py:183} INFO - Processing /home/airflow/.local/lib/python3.12/site-packages/airflow/example_dags/tutorial.py took 0.087 seconds
[2025-08-19T09:00:51.341+0000] {processor.py:161} INFO - Started process (PID=1360) to work on /home/airflow/.local/lib/python3.12/site-packages/airflow/example_dags/tutorial.py
[2025-08-19T09:00:51.342+0000] {processor.py:830} INFO - Processing file /home/airflow/.local/lib/python3.12/site-packages/airflow/example_dags/tutorial.py for tasks to queue
[2025-08-19T09:00:51.345+0000] {logging_mixin.py:188} INFO - [2025-08-19T09:00:51.344+0000] {dagbag.py:540} INFO - Filling up the DagBag from /home/airflow/.local/lib/python3.12/site-packages/airflow/example_dags/tutorial.py
[2025-08-19T09:00:51.352+0000] {processor.py:840} INFO - DAG(s) 'tutorial' retrieved from /home/airflow/.local/lib/python3.12/site-packages/airflow/example_dags/tutorial.py
[2025-08-19T09:00:51.377+0000] {logging_mixin.py:188} INFO - [2025-08-19T09:00:51.377+0000] {dag.py:3096} INFO - Sync 1 DAGs
[2025-08-19T09:00:51.401+0000] {logging_mixin.py:188} INFO - [2025-08-19T09:00:51.401+0000] {dag.py:3954} INFO - Setting next_dagrun for tutorial to 2025-08-18 00:00:00+00:00, run_after=2025-08-19 00:00:00+00:00
[2025-08-19T09:00:51.421+0000] {processor.py:183} INFO - Processing /home/airflow/.local/lib/python3.12/site-packages/airflow/example_dags/tutorial.py took 0.088 seconds
[2025-08-19T09:01:21.516+0000] {processor.py:161} INFO - Started process (PID=1418) to work on /home/airflow/.local/lib/python3.12/site-packages/airflow/example_dags/tutorial.py
[2025-08-19T09:01:21.517+0000] {processor.py:830} INFO - Processing file /home/airflow/.local/lib/python3.12/site-packages/airflow/example_dags/tutorial.py for tasks to queue
[2025-08-19T09:01:21.520+0000] {logging_mixin.py:188} INFO - [2025-08-19T09:01:21.519+0000] {dagbag.py:540} INFO - Filling up the DagBag from /home/airflow/.local/lib/python3.12/site-packages/airflow/example_dags/tutorial.py
[2025-08-19T09:01:21.527+0000] {processor.py:840} INFO - DAG(s) 'tutorial' retrieved from /home/airflow/.local/lib/python3.12/site-packages/airflow/example_dags/tutorial.py
[2025-08-19T09:01:21.551+0000] {logging_mixin.py:188} INFO - [2025-08-19T09:01:21.551+0000] {dag.py:3096} INFO - Sync 1 DAGs
[2025-08-19T09:01:21.574+0000] {logging_mixin.py:188} INFO - [2025-08-19T09:01:21.574+0000] {dag.py:3954} INFO - Setting next_dagrun for tutorial to 2025-08-18 00:00:00+00:00, run_after=2025-08-19 00:00:00+00:00
[2025-08-19T09:01:21.593+0000] {processor.py:183} INFO - Processing /home/airflow/.local/lib/python3.12/site-packages/airflow/example_dags/tutorial.py took 0.085 seconds
[2025-08-19T09:01:51.836+0000] {processor.py:161} INFO - Started process (PID=1476) to work on /home/airflow/.local/lib/python3.12/site-packages/airflow/example_dags/tutorial.py
[2025-08-19T09:01:51.838+0000] {processor.py:830} INFO - Processing file /home/airflow/.local/lib/python3.12/site-packages/airflow/example_dags/tutorial.py for tasks to queue
[2025-08-19T09:01:51.840+0000] {logging_mixin.py:188} INFO - [2025-08-19T09:01:51.840+0000] {dagbag.py:540} INFO - Filling up the DagBag from /home/airflow/.local/lib/python3.12/site-packages/airflow/example_dags/tutorial.py
[2025-08-19T09:01:51.849+0000] {processor.py:840} INFO - DAG(s) 'tutorial' retrieved from /home/airflow/.local/lib/python3.12/site-packages/airflow/example_dags/tutorial.py
[2025-08-19T09:01:51.875+0000] {logging_mixin.py:188} INFO - [2025-08-19T09:01:51.875+0000] {dag.py:3096} INFO - Sync 1 DAGs
[2025-08-19T09:01:51.902+0000] {logging_mixin.py:188} INFO - [2025-08-19T09:01:51.901+0000] {dag.py:3954} INFO - Setting next_dagrun for tutorial to 2025-08-18 00:00:00+00:00, run_after=2025-08-19 00:00:00+00:00
[2025-08-19T09:01:51.925+0000] {processor.py:183} INFO - Processing /home/airflow/.local/lib/python3.12/site-packages/airflow/example_dags/tutorial.py took 0.097 seconds
[2025-08-19T09:02:22.318+0000] {processor.py:161} INFO - Started process (PID=1534) to work on /home/airflow/.local/lib/python3.12/site-packages/airflow/example_dags/tutorial.py
[2025-08-19T09:02:22.319+0000] {processor.py:830} INFO - Processing file /home/airflow/.local/lib/python3.12/site-packages/airflow/example_dags/tutorial.py for tasks to queue
[2025-08-19T09:02:22.322+0000] {logging_mixin.py:188} INFO - [2025-08-19T09:02:22.321+0000] {dagbag.py:540} INFO - Filling up the DagBag from /home/airflow/.local/lib/python3.12/site-packages/airflow/example_dags/tutorial.py
[2025-08-19T09:02:22.329+0000] {processor.py:840} INFO - DAG(s) 'tutorial' retrieved from /home/airflow/.local/lib/python3.12/site-packages/airflow/example_dags/tutorial.py
[2025-08-19T09:02:22.357+0000] {logging_mixin.py:188} INFO - [2025-08-19T09:02:22.357+0000] {dag.py:3096} INFO - Sync 1 DAGs
[2025-08-19T09:02:22.383+0000] {logging_mixin.py:188} INFO - [2025-08-19T09:02:22.383+0000] {dag.py:3954} INFO - Setting next_dagrun for tutorial to 2025-08-18 00:00:00+00:00, run_after=2025-08-19 00:00:00+00:00
[2025-08-19T09:02:22.404+0000] {processor.py:183} INFO - Processing /home/airflow/.local/lib/python3.12/site-packages/airflow/example_dags/tutorial.py took 0.093 seconds
[2025-08-19T09:02:52.554+0000] {processor.py:161} INFO - Started process (PID=1592) to work on /home/airflow/.local/lib/python3.12/site-packages/airflow/example_dags/tutorial.py
[2025-08-19T09:02:52.555+0000] {processor.py:830} INFO - Processing file /home/airflow/.local/lib/python3.12/site-packages/airflow/example_dags/tutorial.py for tasks to queue
[2025-08-19T09:02:52.558+0000] {logging_mixin.py:188} INFO - [2025-08-19T09:02:52.557+0000] {dagbag.py:540} INFO - Filling up the DagBag from /home/airflow/.local/lib/python3.12/site-packages/airflow/example_dags/tutorial.py
[2025-08-19T09:02:52.565+0000] {processor.py:840} INFO - DAG(s) 'tutorial' retrieved from /home/airflow/.local/lib/python3.12/site-packages/airflow/example_dags/tutorial.py
[2025-08-19T09:02:52.590+0000] {logging_mixin.py:188} INFO - [2025-08-19T09:02:52.590+0000] {dag.py:3096} INFO - Sync 1 DAGs
[2025-08-19T09:02:52.616+0000] {logging_mixin.py:188} INFO - [2025-08-19T09:02:52.615+0000] {dag.py:3954} INFO - Setting next_dagrun for tutorial to 2025-08-18 00:00:00+00:00, run_after=2025-08-19 00:00:00+00:00
[2025-08-19T09:02:52.636+0000] {processor.py:183} INFO - Processing /home/airflow/.local/lib/python3.12/site-packages/airflow/example_dags/tutorial.py took 0.090 seconds
[2025-08-19T09:03:22.848+0000] {processor.py:161} INFO - Started process (PID=1650) to work on /home/airflow/.local/lib/python3.12/site-packages/airflow/example_dags/tutorial.py
[2025-08-19T09:03:22.849+0000] {processor.py:830} INFO - Processing file /home/airflow/.local/lib/python3.12/site-packages/airflow/example_dags/tutorial.py for tasks to queue
[2025-08-19T09:03:22.852+0000] {logging_mixin.py:188} INFO - [2025-08-19T09:03:22.851+0000] {dagbag.py:540} INFO - Filling up the DagBag from /home/airflow/.local/lib/python3.12/site-packages/airflow/example_dags/tutorial.py
[2025-08-19T09:03:22.859+0000] {processor.py:840} INFO - DAG(s) 'tutorial' retrieved from /home/airflow/.local/lib/python3.12/site-packages/airflow/example_dags/tutorial.py
[2025-08-19T09:03:22.884+0000] {logging_mixin.py:188} INFO - [2025-08-19T09:03:22.884+0000] {dag.py:3096} INFO - Sync 1 DAGs
[2025-08-19T09:03:22.909+0000] {logging_mixin.py:188} INFO - [2025-08-19T09:03:22.908+0000] {dag.py:3954} INFO - Setting next_dagrun for tutorial to 2025-08-18 00:00:00+00:00, run_after=2025-08-19 00:00:00+00:00
[2025-08-19T09:03:22.929+0000] {processor.py:183} INFO - Processing /home/airflow/.local/lib/python3.12/site-packages/airflow/example_dags/tutorial.py took 0.089 seconds
[2025-08-19T09:03:53.048+0000] {processor.py:161} INFO - Started process (PID=1708) to work on /home/airflow/.local/lib/python3.12/site-packages/airflow/example_dags/tutorial.py
[2025-08-19T09:03:53.049+0000] {processor.py:830} INFO - Processing file /home/airflow/.local/lib/python3.12/site-packages/airflow/example_dags/tutorial.py for tasks to queue
[2025-08-19T09:03:53.052+0000] {logging_mixin.py:188} INFO - [2025-08-19T09:03:53.051+0000] {dagbag.py:540} INFO - Filling up the DagBag from /home/airflow/.local/lib/python3.12/site-packages/airflow/example_dags/tutorial.py
[2025-08-19T09:03:53.059+0000] {processor.py:840} INFO - DAG(s) 'tutorial' retrieved from /home/airflow/.local/lib/python3.12/site-packages/airflow/example_dags/tutorial.py
[2025-08-19T09:03:53.083+0000] {logging_mixin.py:188} INFO - [2025-08-19T09:03:53.083+0000] {dag.py:3096} INFO - Sync 1 DAGs
[2025-08-19T09:03:53.107+0000] {logging_mixin.py:188} INFO - [2025-08-19T09:03:53.107+0000] {dag.py:3954} INFO - Setting next_dagrun for tutorial to 2025-08-18 00:00:00+00:00, run_after=2025-08-19 00:00:00+00:00
[2025-08-19T09:03:53.127+0000] {processor.py:183} INFO - Processing /home/airflow/.local/lib/python3.12/site-packages/airflow/example_dags/tutorial.py took 0.087 seconds
[2025-08-19T09:04:23.212+0000] {processor.py:161} INFO - Started process (PID=1765) to work on /home/airflow/.local/lib/python3.12/site-packages/airflow/example_dags/tutorial.py
[2025-08-19T09:04:23.213+0000] {processor.py:830} INFO - Processing file /home/airflow/.local/lib/python3.12/site-packages/airflow/example_dags/tutorial.py for tasks to queue
[2025-08-19T09:04:23.216+0000] {logging_mixin.py:188} INFO - [2025-08-19T09:04:23.215+0000] {dagbag.py:540} INFO - Filling up the DagBag from /home/airflow/.local/lib/python3.12/site-packages/airflow/example_dags/tutorial.py
[2025-08-19T09:04:23.226+0000] {processor.py:840} INFO - DAG(s) 'tutorial' retrieved from /home/airflow/.local/lib/python3.12/site-packages/airflow/example_dags/tutorial.py
[2025-08-19T09:04:23.257+0000] {logging_mixin.py:188} INFO - [2025-08-19T09:04:23.257+0000] {dag.py:3096} INFO - Sync 1 DAGs
[2025-08-19T09:04:23.291+0000] {logging_mixin.py:188} INFO - [2025-08-19T09:04:23.291+0000] {dag.py:3954} INFO - Setting next_dagrun for tutorial to 2025-08-18 00:00:00+00:00, run_after=2025-08-19 00:00:00+00:00
[2025-08-19T09:04:23.316+0000] {processor.py:183} INFO - Processing /home/airflow/.local/lib/python3.12/site-packages/airflow/example_dags/tutorial.py took 0.112 seconds
[2025-08-19T09:04:53.459+0000] {processor.py:161} INFO - Started process (PID=1824) to work on /home/airflow/.local/lib/python3.12/site-packages/airflow/example_dags/tutorial.py
[2025-08-19T09:04:53.460+0000] {processor.py:830} INFO - Processing file /home/airflow/.local/lib/python3.12/site-packages/airflow/example_dags/tutorial.py for tasks to queue
[2025-08-19T09:04:53.463+0000] {logging_mixin.py:188} INFO - [2025-08-19T09:04:53.462+0000] {dagbag.py:540} INFO - Filling up the DagBag from /home/airflow/.local/lib/python3.12/site-packages/airflow/example_dags/tutorial.py
[2025-08-19T09:04:53.470+0000] {processor.py:840} INFO - DAG(s) 'tutorial' retrieved from /home/airflow/.local/lib/python3.12/site-packages/airflow/example_dags/tutorial.py
[2025-08-19T09:04:53.494+0000] {logging_mixin.py:188} INFO - [2025-08-19T09:04:53.494+0000] {dag.py:3096} INFO - Sync 1 DAGs
[2025-08-19T09:04:53.518+0000] {logging_mixin.py:188} INFO - [2025-08-19T09:04:53.518+0000] {dag.py:3954} INFO - Setting next_dagrun for tutorial to 2025-08-18 00:00:00+00:00, run_after=2025-08-19 00:00:00+00:00
[2025-08-19T09:04:53.541+0000] {processor.py:183} INFO - Processing /home/airflow/.local/lib/python3.12/site-packages/airflow/example_dags/tutorial.py took 0.089 seconds
[2025-08-19T09:05:23.684+0000] {processor.py:161} INFO - Started process (PID=1883) to work on /home/airflow/.local/lib/python3.12/site-packages/airflow/example_dags/tutorial.py
[2025-08-19T09:05:23.686+0000] {processor.py:830} INFO - Processing file /home/airflow/.local/lib/python3.12/site-packages/airflow/example_dags/tutorial.py for tasks to queue
[2025-08-19T09:05:23.688+0000] {logging_mixin.py:188} INFO - [2025-08-19T09:05:23.688+0000] {dagbag.py:540} INFO - Filling up the DagBag from /home/airflow/.local/lib/python3.12/site-packages/airflow/example_dags/tutorial.py
[2025-08-19T09:05:23.695+0000] {processor.py:840} INFO - DAG(s) 'tutorial' retrieved from /home/airflow/.local/lib/python3.12/site-packages/airflow/example_dags/tutorial.py
[2025-08-19T09:05:23.720+0000] {logging_mixin.py:188} INFO - [2025-08-19T09:05:23.720+0000] {dag.py:3096} INFO - Sync 1 DAGs
[2025-08-19T09:05:23.746+0000] {logging_mixin.py:188} INFO - [2025-08-19T09:05:23.745+0000] {dag.py:3954} INFO - Setting next_dagrun for tutorial to 2025-08-18 00:00:00+00:00, run_after=2025-08-19 00:00:00+00:00
[2025-08-19T09:05:23.766+0000] {processor.py:183} INFO - Processing /home/airflow/.local/lib/python3.12/site-packages/airflow/example_dags/tutorial.py took 0.088 seconds
[2025-08-19T09:05:54.286+0000] {processor.py:161} INFO - Started process (PID=1942) to work on /home/airflow/.local/lib/python3.12/site-packages/airflow/example_dags/tutorial.py
[2025-08-19T09:05:54.287+0000] {processor.py:830} INFO - Processing file /home/airflow/.local/lib/python3.12/site-packages/airflow/example_dags/tutorial.py for tasks to queue
[2025-08-19T09:05:54.289+0000] {logging_mixin.py:188} INFO - [2025-08-19T09:05:54.289+0000] {dagbag.py:540} INFO - Filling up the DagBag from /home/airflow/.local/lib/python3.12/site-packages/airflow/example_dags/tutorial.py
[2025-08-19T09:05:54.297+0000] {processor.py:840} INFO - DAG(s) 'tutorial' retrieved from /home/airflow/.local/lib/python3.12/site-packages/airflow/example_dags/tutorial.py
[2025-08-19T09:05:54.324+0000] {logging_mixin.py:188} INFO - [2025-08-19T09:05:54.324+0000] {dag.py:3096} INFO - Sync 1 DAGs
[2025-08-19T09:05:54.349+0000] {logging_mixin.py:188} INFO - [2025-08-19T09:05:54.349+0000] {dag.py:3954} INFO - Setting next_dagrun for tutorial to 2025-08-18 00:00:00+00:00, run_after=2025-08-19 00:00:00+00:00
[2025-08-19T09:05:54.371+0000] {processor.py:183} INFO - Processing /home/airflow/.local/lib/python3.12/site-packages/airflow/example_dags/tutorial.py took 0.094 seconds
[2025-08-19T09:06:24.534+0000] {processor.py:161} INFO - Started process (PID=2000) to work on /home/airflow/.local/lib/python3.12/site-packages/airflow/example_dags/tutorial.py
[2025-08-19T09:06:24.535+0000] {processor.py:830} INFO - Processing file /home/airflow/.local/lib/python3.12/site-packages/airflow/example_dags/tutorial.py for tasks to queue
[2025-08-19T09:06:24.538+0000] {logging_mixin.py:188} INFO - [2025-08-19T09:06:24.538+0000] {dagbag.py:540} INFO - Filling up the DagBag from /home/airflow/.local/lib/python3.12/site-packages/airflow/example_dags/tutorial.py
[2025-08-19T09:06:24.547+0000] {processor.py:840} INFO - DAG(s) 'tutorial' retrieved from /home/airflow/.local/lib/python3.12/site-packages/airflow/example_dags/tutorial.py
[2025-08-19T09:06:24.575+0000] {logging_mixin.py:188} INFO - [2025-08-19T09:06:24.575+0000] {dag.py:3096} INFO - Sync 1 DAGs
[2025-08-19T09:06:24.603+0000] {logging_mixin.py:188} INFO - [2025-08-19T09:06:24.603+0000] {dag.py:3954} INFO - Setting next_dagrun for tutorial to 2025-08-18 00:00:00+00:00, run_after=2025-08-19 00:00:00+00:00
[2025-08-19T09:06:24.627+0000] {processor.py:183} INFO - Processing /home/airflow/.local/lib/python3.12/site-packages/airflow/example_dags/tutorial.py took 0.102 seconds
[2025-08-19T09:06:54.878+0000] {processor.py:161} INFO - Started process (PID=2059) to work on /home/airflow/.local/lib/python3.12/site-packages/airflow/example_dags/tutorial.py
[2025-08-19T09:06:54.879+0000] {processor.py:830} INFO - Processing file /home/airflow/.local/lib/python3.12/site-packages/airflow/example_dags/tutorial.py for tasks to queue
[2025-08-19T09:06:54.881+0000] {logging_mixin.py:188} INFO - [2025-08-19T09:06:54.881+0000] {dagbag.py:540} INFO - Filling up the DagBag from /home/airflow/.local/lib/python3.12/site-packages/airflow/example_dags/tutorial.py
[2025-08-19T09:06:54.889+0000] {processor.py:840} INFO - DAG(s) 'tutorial' retrieved from /home/airflow/.local/lib/python3.12/site-packages/airflow/example_dags/tutorial.py
[2025-08-19T09:06:54.914+0000] {logging_mixin.py:188} INFO - [2025-08-19T09:06:54.914+0000] {dag.py:3096} INFO - Sync 1 DAGs
[2025-08-19T09:06:54.938+0000] {logging_mixin.py:188} INFO - [2025-08-19T09:06:54.938+0000] {dag.py:3954} INFO - Setting next_dagrun for tutorial to 2025-08-18 00:00:00+00:00, run_after=2025-08-19 00:00:00+00:00
[2025-08-19T09:06:54.958+0000] {processor.py:183} INFO - Processing /home/airflow/.local/lib/python3.12/site-packages/airflow/example_dags/tutorial.py took 0.089 seconds
[2025-08-19T09:07:25.198+0000] {processor.py:161} INFO - Started process (PID=2117) to work on /home/airflow/.local/lib/python3.12/site-packages/airflow/example_dags/tutorial.py
[2025-08-19T09:07:25.199+0000] {processor.py:830} INFO - Processing file /home/airflow/.local/lib/python3.12/site-packages/airflow/example_dags/tutorial.py for tasks to queue
[2025-08-19T09:07:25.202+0000] {logging_mixin.py:188} INFO - [2025-08-19T09:07:25.201+0000] {dagbag.py:540} INFO - Filling up the DagBag from /home/airflow/.local/lib/python3.12/site-packages/airflow/example_dags/tutorial.py
[2025-08-19T09:07:25.210+0000] {processor.py:840} INFO - DAG(s) 'tutorial' retrieved from /home/airflow/.local/lib/python3.12/site-packages/airflow/example_dags/tutorial.py
[2025-08-19T09:07:25.236+0000] {logging_mixin.py:188} INFO - [2025-08-19T09:07:25.236+0000] {dag.py:3096} INFO - Sync 1 DAGs
[2025-08-19T09:07:25.262+0000] {logging_mixin.py:188} INFO - [2025-08-19T09:07:25.262+0000] {dag.py:3954} INFO - Setting next_dagrun for tutorial to 2025-08-18 00:00:00+00:00, run_after=2025-08-19 00:00:00+00:00
[2025-08-19T09:07:25.287+0000] {processor.py:183} INFO - Processing /home/airflow/.local/lib/python3.12/site-packages/airflow/example_dags/tutorial.py took 0.098 seconds
[2025-08-19T09:07:55.607+0000] {processor.py:161} INFO - Started process (PID=2175) to work on /home/airflow/.local/lib/python3.12/site-packages/airflow/example_dags/tutorial.py
[2025-08-19T09:07:55.608+0000] {processor.py:830} INFO - Processing file /home/airflow/.local/lib/python3.12/site-packages/airflow/example_dags/tutorial.py for tasks to queue
[2025-08-19T09:07:55.611+0000] {logging_mixin.py:188} INFO - [2025-08-19T09:07:55.610+0000] {dagbag.py:540} INFO - Filling up the DagBag from /home/airflow/.local/lib/python3.12/site-packages/airflow/example_dags/tutorial.py
[2025-08-19T09:07:55.619+0000] {processor.py:840} INFO - DAG(s) 'tutorial' retrieved from /home/airflow/.local/lib/python3.12/site-packages/airflow/example_dags/tutorial.py
[2025-08-19T09:07:55.643+0000] {logging_mixin.py:188} INFO - [2025-08-19T09:07:55.643+0000] {dag.py:3096} INFO - Sync 1 DAGs
[2025-08-19T09:07:55.669+0000] {logging_mixin.py:188} INFO - [2025-08-19T09:07:55.669+0000] {dag.py:3954} INFO - Setting next_dagrun for tutorial to 2025-08-18 00:00:00+00:00, run_after=2025-08-19 00:00:00+00:00
[2025-08-19T09:07:55.690+0000] {processor.py:183} INFO - Processing /home/airflow/.local/lib/python3.12/site-packages/airflow/example_dags/tutorial.py took 0.090 seconds
[2025-08-19T09:08:26.221+0000] {processor.py:161} INFO - Started process (PID=2233) to work on /home/airflow/.local/lib/python3.12/site-packages/airflow/example_dags/tutorial.py
[2025-08-19T09:08:26.222+0000] {processor.py:830} INFO - Processing file /home/airflow/.local/lib/python3.12/site-packages/airflow/example_dags/tutorial.py for tasks to queue
[2025-08-19T09:08:26.224+0000] {logging_mixin.py:188} INFO - [2025-08-19T09:08:26.224+0000] {dagbag.py:540} INFO - Filling up the DagBag from /home/airflow/.local/lib/python3.12/site-packages/airflow/example_dags/tutorial.py
[2025-08-19T09:08:26.232+0000] {processor.py:840} INFO - DAG(s) 'tutorial' retrieved from /home/airflow/.local/lib/python3.12/site-packages/airflow/example_dags/tutorial.py
[2025-08-19T09:08:26.259+0000] {logging_mixin.py:188} INFO - [2025-08-19T09:08:26.259+0000] {dag.py:3096} INFO - Sync 1 DAGs
[2025-08-19T09:08:26.284+0000] {logging_mixin.py:188} INFO - [2025-08-19T09:08:26.284+0000] {dag.py:3954} INFO - Setting next_dagrun for tutorial to 2025-08-18 00:00:00+00:00, run_after=2025-08-19 00:00:00+00:00
[2025-08-19T09:08:26.311+0000] {processor.py:183} INFO - Processing /home/airflow/.local/lib/python3.12/site-packages/airflow/example_dags/tutorial.py took 0.098 seconds
[2025-08-19T09:08:56.726+0000] {processor.py:161} INFO - Started process (PID=2291) to work on /home/airflow/.local/lib/python3.12/site-packages/airflow/example_dags/tutorial.py
[2025-08-19T09:08:56.728+0000] {processor.py:830} INFO - Processing file /home/airflow/.local/lib/python3.12/site-packages/airflow/example_dags/tutorial.py for tasks to queue
[2025-08-19T09:08:56.730+0000] {logging_mixin.py:188} INFO - [2025-08-19T09:08:56.730+0000] {dagbag.py:540} INFO - Filling up the DagBag from /home/airflow/.local/lib/python3.12/site-packages/airflow/example_dags/tutorial.py
[2025-08-19T09:08:56.740+0000] {processor.py:840} INFO - DAG(s) 'tutorial' retrieved from /home/airflow/.local/lib/python3.12/site-packages/airflow/example_dags/tutorial.py
[2025-08-19T09:08:56.766+0000] {logging_mixin.py:188} INFO - [2025-08-19T09:08:56.766+0000] {dag.py:3096} INFO - Sync 1 DAGs
[2025-08-19T09:08:56.791+0000] {logging_mixin.py:188} INFO - [2025-08-19T09:08:56.791+0000] {dag.py:3954} INFO - Setting next_dagrun for tutorial to 2025-08-18 00:00:00+00:00, run_after=2025-08-19 00:00:00+00:00
[2025-08-19T09:08:56.811+0000] {processor.py:183} INFO - Processing /home/airflow/.local/lib/python3.12/site-packages/airflow/example_dags/tutorial.py took 0.093 seconds
[2025-08-19T09:09:27.244+0000] {processor.py:161} INFO - Started process (PID=2349) to work on /home/airflow/.local/lib/python3.12/site-packages/airflow/example_dags/tutorial.py
[2025-08-19T09:09:27.245+0000] {processor.py:830} INFO - Processing file /home/airflow/.local/lib/python3.12/site-packages/airflow/example_dags/tutorial.py for tasks to queue
[2025-08-19T09:09:27.248+0000] {logging_mixin.py:188} INFO - [2025-08-19T09:09:27.247+0000] {dagbag.py:540} INFO - Filling up the DagBag from /home/airflow/.local/lib/python3.12/site-packages/airflow/example_dags/tutorial.py
[2025-08-19T09:09:27.255+0000] {processor.py:840} INFO - DAG(s) 'tutorial' retrieved from /home/airflow/.local/lib/python3.12/site-packages/airflow/example_dags/tutorial.py
[2025-08-19T09:09:27.281+0000] {logging_mixin.py:188} INFO - [2025-08-19T09:09:27.280+0000] {dag.py:3096} INFO - Sync 1 DAGs
[2025-08-19T09:09:27.305+0000] {logging_mixin.py:188} INFO - [2025-08-19T09:09:27.305+0000] {dag.py:3954} INFO - Setting next_dagrun for tutorial to 2025-08-18 00:00:00+00:00, run_after=2025-08-19 00:00:00+00:00
[2025-08-19T09:09:27.326+0000] {processor.py:183} INFO - Processing /home/airflow/.local/lib/python3.12/site-packages/airflow/example_dags/tutorial.py took 0.091 seconds
[2025-08-19T09:09:57.885+0000] {processor.py:161} INFO - Started process (PID=2407) to work on /home/airflow/.local/lib/python3.12/site-packages/airflow/example_dags/tutorial.py
[2025-08-19T09:09:57.886+0000] {processor.py:830} INFO - Processing file /home/airflow/.local/lib/python3.12/site-packages/airflow/example_dags/tutorial.py for tasks to queue
[2025-08-19T09:09:57.889+0000] {logging_mixin.py:188} INFO - [2025-08-19T09:09:57.888+0000] {dagbag.py:540} INFO - Filling up the DagBag from /home/airflow/.local/lib/python3.12/site-packages/airflow/example_dags/tutorial.py
[2025-08-19T09:09:57.896+0000] {processor.py:840} INFO - DAG(s) 'tutorial' retrieved from /home/airflow/.local/lib/python3.12/site-packages/airflow/example_dags/tutorial.py
[2025-08-19T09:09:57.922+0000] {logging_mixin.py:188} INFO - [2025-08-19T09:09:57.921+0000] {dag.py:3096} INFO - Sync 1 DAGs
[2025-08-19T09:09:57.950+0000] {logging_mixin.py:188} INFO - [2025-08-19T09:09:57.949+0000] {dag.py:3954} INFO - Setting next_dagrun for tutorial to 2025-08-18 00:00:00+00:00, run_after=2025-08-19 00:00:00+00:00
[2025-08-19T09:09:57.972+0000] {processor.py:183} INFO - Processing /home/airflow/.local/lib/python3.12/site-packages/airflow/example_dags/tutorial.py took 0.095 seconds
[2025-08-19T09:10:28.146+0000] {processor.py:161} INFO - Started process (PID=2465) to work on /home/airflow/.local/lib/python3.12/site-packages/airflow/example_dags/tutorial.py
[2025-08-19T09:10:28.147+0000] {processor.py:830} INFO - Processing file /home/airflow/.local/lib/python3.12/site-packages/airflow/example_dags/tutorial.py for tasks to queue
[2025-08-19T09:10:28.150+0000] {logging_mixin.py:188} INFO - [2025-08-19T09:10:28.149+0000] {dagbag.py:540} INFO - Filling up the DagBag from /home/airflow/.local/lib/python3.12/site-packages/airflow/example_dags/tutorial.py
[2025-08-19T09:10:28.158+0000] {processor.py:840} INFO - DAG(s) 'tutorial' retrieved from /home/airflow/.local/lib/python3.12/site-packages/airflow/example_dags/tutorial.py
[2025-08-19T09:10:28.184+0000] {logging_mixin.py:188} INFO - [2025-08-19T09:10:28.183+0000] {dag.py:3096} INFO - Sync 1 DAGs
[2025-08-19T09:10:28.209+0000] {logging_mixin.py:188} INFO - [2025-08-19T09:10:28.209+0000] {dag.py:3954} INFO - Setting next_dagrun for tutorial to 2025-08-18 00:00:00+00:00, run_after=2025-08-19 00:00:00+00:00
[2025-08-19T09:10:28.233+0000] {processor.py:183} INFO - Processing /home/airflow/.local/lib/python3.12/site-packages/airflow/example_dags/tutorial.py took 0.096 seconds
[2025-08-19T09:10:58.833+0000] {processor.py:161} INFO - Started process (PID=2521) to work on /home/airflow/.local/lib/python3.12/site-packages/airflow/example_dags/tutorial.py
[2025-08-19T09:10:58.834+0000] {processor.py:830} INFO - Processing file /home/airflow/.local/lib/python3.12/site-packages/airflow/example_dags/tutorial.py for tasks to queue
[2025-08-19T09:10:58.837+0000] {logging_mixin.py:188} INFO - [2025-08-19T09:10:58.836+0000] {dagbag.py:540} INFO - Filling up the DagBag from /home/airflow/.local/lib/python3.12/site-packages/airflow/example_dags/tutorial.py
[2025-08-19T09:10:58.845+0000] {processor.py:840} INFO - DAG(s) 'tutorial' retrieved from /home/airflow/.local/lib/python3.12/site-packages/airflow/example_dags/tutorial.py
[2025-08-19T09:10:58.871+0000] {logging_mixin.py:188} INFO - [2025-08-19T09:10:58.871+0000] {dag.py:3096} INFO - Sync 1 DAGs
[2025-08-19T09:10:58.896+0000] {logging_mixin.py:188} INFO - [2025-08-19T09:10:58.895+0000] {dag.py:3954} INFO - Setting next_dagrun for tutorial to 2025-08-18 00:00:00+00:00, run_after=2025-08-19 00:00:00+00:00
[2025-08-19T09:10:58.918+0000] {processor.py:183} INFO - Processing /home/airflow/.local/lib/python3.12/site-packages/airflow/example_dags/tutorial.py took 0.093 seconds
