[2025-09-10T08:35:48.278+0000] {local_task_job_runner.py:120} INFO - ::group::Pre task execution logs
[2025-09-10T08:35:48.418+0000] {taskinstance.py:2073} INFO - Dependencies all met for dep_context=non-requeueable deps ti=<TaskInstance: ml_pipeline_dag.run_ml_pipeline manual__2025-09-10T08:35:34.897157+00:00 [queued]>
[2025-09-10T08:35:48.430+0000] {taskinstance.py:2073} INFO - Dependencies all met for dep_context=requeueable deps ti=<TaskInstance: ml_pipeline_dag.run_ml_pipeline manual__2025-09-10T08:35:34.897157+00:00 [queued]>
[2025-09-10T08:35:48.431+0000] {taskinstance.py:2303} INFO - Starting attempt 1 of 1
[2025-09-10T08:35:48.446+0000] {taskinstance.py:2327} INFO - Executing <Task(PythonOperator): run_ml_pipeline> on 2025-09-10 08:35:34.897157+00:00
[2025-09-10T08:35:48.460+0000] {logging_mixin.py:188} WARNING - /home/airflow/.local/lib/python3.12/site-packages/airflow/task/task_runner/standard_task_runner.py:61 DeprecationWarning: This process (pid=169) is multi-threaded, use of fork() may lead to deadlocks in the child.
[2025-09-10T08:35:48.461+0000] {standard_task_runner.py:63} INFO - Started process 187 to run task
[2025-09-10T08:35:48.459+0000] {standard_task_runner.py:90} INFO - Running: ['airflow', 'tasks', 'run', 'ml_pipeline_dag', 'run_ml_pipeline', 'manual__2025-09-10T08:35:34.897157+00:00', '--job-id', '57', '--raw', '--subdir', 'DAGS_FOLDER/pipline.py', '--cfg-path', '/tmp/tmperpl7zny']
[2025-09-10T08:35:48.462+0000] {standard_task_runner.py:91} INFO - Job 57: Subtask run_ml_pipeline
[2025-09-10T08:35:48.518+0000] {logging_mixin.py:188} WARNING - /home/airflow/.local/lib/python3.12/site-packages/airflow/settings.py:195 DeprecationWarning: The sql_alchemy_conn option in [core] has been moved to the sql_alchemy_conn option in [database] - the old setting has been used, but please update your config.
[2025-09-10T08:35:48.662+0000] {task_command.py:426} INFO - Running <TaskInstance: ml_pipeline_dag.run_ml_pipeline manual__2025-09-10T08:35:34.897157+00:00 [running]> on host 626ef77a872d
[2025-09-10T08:35:48.936+0000] {taskinstance.py:2644} INFO - Exporting env vars: AIRFLOW_CTX_DAG_OWNER='airflow' AIRFLOW_CTX_DAG_ID='ml_pipeline_dag' AIRFLOW_CTX_TASK_ID='run_ml_pipeline' AIRFLOW_CTX_EXECUTION_DATE='2025-09-10T08:35:34.897157+00:00' AIRFLOW_CTX_TRY_NUMBER='1' AIRFLOW_CTX_DAG_RUN_ID='manual__2025-09-10T08:35:34.897157+00:00'
[2025-09-10T08:35:48.938+0000] {taskinstance.py:430} INFO - ::endgroup::
[2025-09-10T08:35:48.973+0000] {pipline.py:12} INFO - Starting ML pipeline...
[2025-09-10T08:35:48.973+0000] {pipline.py:15} INFO - Connecting to database...
[2025-09-10T08:35:48.974+0000] {pipline.py:21} INFO - Loading data from database...
[2025-09-10T08:35:49.640+0000] {pipline.py:23} INFO - Loaded 20594 rows from database
[2025-09-10T08:35:49.640+0000] {pipline.py:26} INFO - Loading model and encoder...
[2025-09-10T08:35:57.202+0000] {pipline.py:29} INFO - Model loaded successfully
[2025-09-10T08:35:57.204+0000] {pipline.py:33} INFO - Encoder loaded successfully
[2025-09-10T08:35:57.204+0000] {pipline.py:36} INFO - Transforming data...
[2025-09-10T08:35:57.280+0000] {pipline.py:43} INFO - Making predictions...
[2025-09-10T08:35:57.439+0000] {pipline.py:48} INFO - Inverse transforming categorical columns...
[2025-09-10T08:35:57.453+0000] {pipline.py:55} INFO - Writing results back to database...
[2025-09-10T08:35:59.435+0000] {pipline.py:58} INFO - ✅ ML pipeline finished successfully
[2025-09-10T08:35:59.436+0000] {python.py:237} INFO - Done. Returned value was: True
[2025-09-10T08:35:59.437+0000] {taskinstance.py:441} INFO - ::group::Post task execution logs
[2025-09-10T08:35:59.533+0000] {taskinstance.py:1205} INFO - Marking task as SUCCESS. dag_id=ml_pipeline_dag, task_id=run_ml_pipeline, execution_date=20250910T083534, start_date=20250910T083548, end_date=20250910T083559
[2025-09-10T08:35:59.646+0000] {local_task_job_runner.py:240} INFO - Task exited with return code 0
[2025-09-10T08:35:59.697+0000] {taskinstance.py:3482} INFO - 0 downstream tasks scheduled from follow-on schedule check
[2025-09-10T08:35:59.699+0000] {local_task_job_runner.py:222} INFO - ::endgroup::
